Create log file
2012-11-01 00:01:00ZArray_Photo Program Start
1450 log finish

2012-11-01 00:01:03ZArray_Photo Program End

Create log file
2012-11-01 00:03:00ZArray_test_repeat Program Start
2012-11-01 00:03:00ZArray_test_repeat Program End

Create log file
2012-11-01 00:10:00Z T0T1 InnoView Add User Program Start
2012-11-01 00:10:00Z T0T1 InnoView Add User Program END 

Create log file
2012-11-01 00:20:14Z VPNLOG_PARSER Program Start
2012-11-01 00:20:14Z VPNLOG_PARSER Program END 

Create log file
2012-11-01 00:30:00Z T0/T1 RealTimeDept Program Start
2012-11-01 00:30:00Z T0/T1 RealTimeDept Program END 

Create log file
2012-11-01 00:41:39Z oee_empaidxsummdaily_purge Program Start
2012-11-01 00:41:39Z oee_empaidxsummdaily_purge Program END 

Create log file
2012-11-01 00:42:25Z oee_empaidxsummhourly_purge Program Start
2012-11-01 00:42:25Z oee_empaidxsummhourly_purge Program END 

Create log file
2012-11-01 00:46:42Z oee_empastcount_purge Program Start
2012-11-01 00:46:42Z oee_empastcount_purge Program END 

Create log file
2012-11-01 00:50:00Z OEE_IS_Hourly_Check_alarm  Program Start
2012-11-01 00:50:00Z OEE_IS_Hourly_Check_alarm  Program END 

Create log file
2012-11-01 00:50:01Z ALCS_Hourly_Check_alarm  Program Start
2012-11-01 00:50:01Z ALCS_Hourly_Check_alarm  Program END 

Create log file
2012-11-01 00:50:08Z SERVER_SELF_CHECK   Program Start
2012-11-01 00:50:08Z SERVER_SELF_CHECK   Program END 

Create log file
2012-11-01 01:01:00ZArray_Photo Program Start
1450 log finish

2012-11-01 01:01:03ZArray_Photo Program End

Create log file
2012-11-01 01:03:00ZArray_test_repeat Program Start
2012-11-01 01:03:00ZArray_test_repeat Program End

Create log file
2012-11-01 01:30:05ZARY_HOLD_LOT Program Start
There are lots exceed process time for 24hrs, please check

There are lots exceed process time for 24hrs, please check

There are lots exceed process time for 24hrs, please check

There are lots exceed process time for 24hrs, please check

There are lots exceed process time for 24hrs, please check

There are lots exceed process time for 24hrs, please check

There are lots exceed process time for 24hrs, please check

There are lots exceed process time for 24hrs, please check

There are lots exceed process time for 24hrs, please check

There are lots exceed process time for 24hrs, please check

There are lots exceed process time for 24hrs, please check

There are lots exceed process time for 24hrs, please check

There are lots exceed process time for 24hrs, please check

There are lots exceed process time for 24hrs, please check

There are lots exceed process time for 24hrs, please check

There are lots exceed process time for 24hrs, please check

2012-11-01 01:30:28ZARY_HOLD_LOT Program End

Create log file
2012-11-01 01:41:18Z oee_empaidxsummdaily_purge Program Start
2012-11-01 01:41:18Z oee_empaidxsummdaily_purge Program END 

Create log file
2012-11-01 01:42:17Z oee_empaidxsummhourly_purge Program Start
2012-11-01 01:42:17Z oee_empaidxsummhourly_purge Program END 

Create log file
2012-11-01 01:44:28Z oee_empastcount_purge Program Start
2012-11-01 01:44:28Z oee_empastcount_purge Program END 

Create log file
2012-11-01 01:50:00Z OEE_IS_Hourly_Check_alarm  Program Start
2012-11-01 01:50:00Z OEE_IS_Hourly_Check_alarm  Program END 

Create log file
2012-11-01 01:50:01Z ALCS_Hourly_Check_alarm  Program Start
2012-11-01 01:50:01Z ALCS_Hourly_Check_alarm  Program END 

Create log file
2012-11-01 01:50:01Z SERVER_SELF_CHECK   Program Start
2012-11-01 01:50:01Z SERVER_SELF_CHECK   Program END 

Create log file
2012-11-01 02:01:00ZArray_Photo Program Start
1450 log finish

2012-11-01 02:01:02ZArray_Photo Program End

Create log file
2012-11-01 02:03:00ZArray_test_repeat Program Start
2012-11-01 02:03:00ZArray_test_repeat Program End

Create log file
2012-11-01 02:41:23Z oee_empaidxsummdaily_purge Program Start
2012-11-01 02:41:23Z oee_empaidxsummdaily_purge Program END 

Create log file
2012-11-01 02:42:19Z oee_empaidxsummhourly_purge Program Start
2012-11-01 02:42:19Z oee_empaidxsummhourly_purge Program END 

Create log file
2012-11-01 02:44:30Z oee_empastcount_purge Program Start
2012-11-01 02:44:30Z oee_empastcount_purge Program END 

Create log file
2012-11-01 02:50:00Z OEE_IS_Hourly_Check_alarm  Program Start
2012-11-01 02:50:00Z OEE_IS_Hourly_Check_alarm  Program END 

Create log file
2012-11-01 02:50:01Z ALCS_Hourly_Check_alarm  Program Start
2012-11-01 02:50:01Z ALCS_Hourly_Check_alarm  Program END 

Create log file
2012-11-01 02:50:02Z SERVER_SELF_CHECK   Program Start
2012-11-01 02:50:02Z SERVER_SELF_CHECK   Program END 

Create log file
2012-11-01 03:01:00ZArray_Photo Program Start
1450 log finish

2012-11-01 03:01:04ZArray_Photo Program End

Create log file
2012-11-01 03:03:00ZArray_test_repeat Program Start
2012-11-01 03:03:00ZArray_test_repeat Program End

Create log file
2012-11-01 03:41:22Z oee_empaidxsummdaily_purge Program Start
2012-11-01 03:41:22Z oee_empaidxsummdaily_purge Program END 

Create log file
2012-11-01 03:42:09Z oee_empaidxsummhourly_purge Program Start
2012-11-01 03:42:09Z oee_empaidxsummhourly_purge Program END 

Create log file
2012-11-01 03:44:23Z oee_empastcount_purge Program Start
2012-11-01 03:44:23Z oee_empastcount_purge Program END 

Create log file
2012-11-01 03:50:00Z OEE_IS_Hourly_Check_alarm  Program Start
2012-11-01 03:50:00Z OEE_IS_Hourly_Check_alarm  Program END 

Create log file
2012-11-01 03:50:00Z ALCS_Hourly_Check_alarm  Program Start
2012-11-01 03:50:00Z ALCS_Hourly_Check_alarm  Program END 

Create log file
2012-11-01 03:50:01Z SERVER_SELF_CHECK   Program Start
2012-11-01 03:50:01Z SERVER_SELF_CHECK   Program END 

Create log file
2012-11-01 04:01:00ZArray_Photo Program Start
1350 log finish

1450 log finish

2012-11-01 04:01:04ZArray_Photo Program End

Create log file
2012-11-01 04:03:00ZArray_test_repeat Program Start
2012-11-01 04:03:01ZArray_test_repeat Program End

Create log file
2012-11-01 04:41:18Z oee_empaidxsummdaily_purge Program Start
2012-11-01 04:41:18Z oee_empaidxsummdaily_purge Program END 

Create log file
2012-11-01 04:42:26Z oee_empaidxsummhourly_purge Program Start
2012-11-01 04:42:26Z oee_empaidxsummhourly_purge Program END 

Create log file
2012-11-01 04:44:35Z oee_empastcount_purge Program Start
2012-11-01 04:44:35Z oee_empastcount_purge Program END 

Create log file
2012-11-01 04:50:00Z OEE_IS_Hourly_Check_alarm  Program Start
2012-11-01 04:50:00Z OEE_IS_Hourly_Check_alarm  Program END 

Create log file
2012-11-01 04:50:00Z ALCS_Hourly_Check_alarm  Program Start
2012-11-01 04:50:00Z ALCS_Hourly_Check_alarm  Program END 

Create log file
2012-11-01 04:50:01Z SERVER_SELF_CHECK   Program Start
2012-11-01 04:50:01Z SERVER_SELF_CHECK   Program END 

Create log file
2012-11-01 05:01:00ZArray_Photo Program Start
2012-11-01 05:01:02ZArray_Photo Program End

Create log file
2012-11-01 05:03:00ZArray_test_repeat Program Start
2012-11-01 05:03:00ZArray_test_repeat Program End

Create log file
2012-11-01 05:30:04ZARY_HOLD_LOT Program Start
There are lots exceed process time for 24hrs, please check

There are lots exceed process time for 24hrs, please check

There are lots exceed process time for 24hrs, please check

There are lots exceed process time for 24hrs, please check

There are lots exceed process time for 24hrs, please check

There are lots exceed process time for 24hrs, please check

There are lots exceed process time for 24hrs, please check

There are lots exceed process time for 24hrs, please check

There are lots exceed process time for 24hrs, please check

There are lots exceed process time for 24hrs, please check

There are lots exceed process time for 24hrs, please check

There are lots exceed process time for 24hrs, please check

There are lots exceed process time for 24hrs, please check

There are lots exceed process time for 24hrs, please check

There are lots exceed process time for 24hrs, please check

There are lots exceed process time for 24hrs, please check

There are lots exceed process time for 24hrs, please check

2012-11-01 05:30:23ZARY_HOLD_LOT Program End

Create log file
2012-11-01 05:41:16Z oee_empaidxsummdaily_purge Program Start
2012-11-01 05:41:16Z oee_empaidxsummdaily_purge Program END 

Create log file
2012-11-01 05:42:07Z oee_empaidxsummhourly_purge Program Start
2012-11-01 05:42:07Z oee_empaidxsummhourly_purge Program END 

Create log file
2012-11-01 05:44:24Z oee_empastcount_purge Program Start
2012-11-01 05:44:24Z oee_empastcount_purge Program END 

Create log file
2012-11-01 05:50:00Z OEE_IS_Hourly_Check_alarm  Program Start
2012-11-01 05:50:00Z OEE_IS_Hourly_Check_alarm  Program END 

Create log file
2012-11-01 05:50:01Z ALCS_Hourly_Check_alarm  Program Start
2012-11-01 05:50:01Z ALCS_Hourly_Check_alarm  Program END 

Create log file
2012-11-01 05:50:01Z SERVER_SELF_CHECK   Program Start
2012-11-01 05:50:01Z SERVER_SELF_CHECK   Program END 

Create log file
2012-11-01 06:01:00ZArray_Photo Program Start
1450 log finish

2012-11-01 06:01:03ZArray_Photo Program End

Create log file
2012-11-01 06:03:00ZArray_test_repeat Program Start
2012-11-01 06:03:01ZArray_test_repeat Program End

Create log file
2012-11-01 06:41:16Z oee_empaidxsummdaily_purge Program Start
2012-11-01 06:41:16Z oee_empaidxsummdaily_purge Program END 

Create log file
2012-11-01 06:42:08Z oee_empaidxsummhourly_purge Program Start
2012-11-01 06:42:08Z oee_empaidxsummhourly_purge Program END 

Create log file
2012-11-01 06:44:24Z oee_empastcount_purge Program Start
2012-11-01 06:44:24Z oee_empastcount_purge Program END 

Create log file
2012-11-01 06:50:42Z ODS_Recover_Lot 157 Lots Program Start
2012-11-01 06:50:42Z ODS_Recover_Lot 157 Lots Program END 

Create log file
2012-11-01 06:51:03Z OEE_IS_Hourly_Check_alarm  Program Start
2012-11-01 06:51:03Z OEE_IS_Hourly_Check_alarm  Program END 

Create log file
2012-11-01 06:51:06Z PDS_Hourly_Check_Alarm log finish Program Start
2012-11-01 06:51:06Z PDS_Hourly_Check_Alarm log finish Program END 

Create log file
2012-11-01 06:51:07Z PDS_Hourly_Check_Alarm log finish Program Start
2012-11-01 06:51:07Z PDS_Hourly_Check_Alarm log finish Program END 

Create log file
2012-11-01 06:51:07Z ALCS_Hourly_Check_alarm  Program Start
2012-11-01 06:51:07Z ALCS_Hourly_Check_alarm  Program END 

Create log file
2012-11-01 06:51:07Z SERVER_SELF_CHECK   Program Start
2012-11-01 06:51:07Z SERVER_SELF_CHECK   Program END 

Create log file
2012-11-01 07:01:00ZArray_Photo Program Start
2012-11-01 07:01:02ZArray_Photo Program End

Create log file
2012-11-01 07:03:00ZArray_test_repeat Program Start
2012-11-01 07:03:00ZArray_test_repeat Program End

Create log file
2012-11-01 07:31:11Z OEELH_fixed_data_Daily Program Start
2012-11-01 07:31:11Z OEELH_fixed_data_Daily Program END 

Create log file
2012-11-01 07:41:16Z oee_empaidxsummdaily_purge Program Start
2012-11-01 07:41:16Z oee_empaidxsummdaily_purge Program END 

Create log file
2012-11-01 07:42:08Z oee_empaidxsummhourly_purge Program Start
2012-11-01 07:42:08Z oee_empaidxsummhourly_purge Program END 

Create log file
2012-11-01 07:44:20Z oee_empastcount_purge Program Start
2012-11-01 07:44:20Z oee_empastcount_purge Program END 

Create log file
2012-11-01 07:50:07Z OEE_IS_Hourly_Check_alarm  Program Start
2012-11-01 07:50:07Z OEE_IS_Hourly_Check_alarm  Program END 

Create log file
2012-11-01 07:50:08Z ALCS_Hourly_Check_alarm  Program Start
2012-11-01 07:50:08Z ALCS_Hourly_Check_alarm  Program END 

Create log file
2012-11-01 07:50:10Z SERVER_SELF_CHECK   Program Start
2012-11-01 07:50:10Z SERVER_SELF_CHECK   Program END 

Create log file
2012-11-01 08:00:00Z Check_Onduty_Time From Onduty_dotnet2  Program Start
2012-11-01 08:00:00Z Check_Onduty_Time From Onduty_dotnet2  Program END 

Create log file
2012-11-01 08:01:00ZArray_Photo Program Start
1450 log finish

2012-11-01 08:01:03ZArray_Photo Program End

Create log file
2012-11-01 08:03:00ZArray_test_repeat Program Start
2012-11-01 08:03:00ZArray_test_repeat Program End

Create log file
2012-11-01 08:30:00ZHoliday_inout_SMS Program Start
2012-11-01 08:30:00ZHoliday_Inout_SMS Program End

Create log file
2012-11-01 08:32:00ZOEE_EQP_SMS Program Start
2012-11-01 08:32:38ZOEE_EQP_SMS Program End

Create log file
2012-11-01 08:41:06Z oee_empaidxsummdaily_purge Program Start
2012-11-01 08:41:06Z oee_empaidxsummdaily_purge Program END 

Create log file
2012-11-01 08:42:07Z oee_empaidxsummhourly_purge Program Start
2012-11-01 08:42:07Z oee_empaidxsummhourly_purge Program END 

Create log file
2012-11-01 08:44:23Z oee_empastcount_purge Program Start
2012-11-01 08:44:23Z oee_empastcount_purge Program END 

Create log file
2012-11-01 08:45:00ZHoliday_inout_SMS_For_C2 Program Start
2012-11-01 08:45:08ZHoliday_Inout_SMS_For_C2 Program End

Create log file
2012-11-01 08:50:00Z OEE_IS_Hourly_Check_alarm  Program Start
2012-11-01 08:50:00Z OEE_IS_Hourly_Check_alarm  Program END 

Create log file
2012-11-01 08:50:00Z ALCS_Hourly_Check_alarm  Program Start
2012-11-01 08:50:00Z ALCS_Hourly_Check_alarm  Program END 

Create log file
2012-11-01 08:50:02Z SERVER_SELF_CHECK   Program Start
2012-11-01 08:50:02Z SERVER_SELF_CHECK   Program END 

Create log file
2012-11-01 09:01:01ZArray_Photo Program Start
2012-11-01 09:01:04ZArray_Photo Program End

Create log file
2012-11-01 09:03:00ZArray_test_repeat Program Start
2012-11-01 09:03:00ZArray_test_repeat Program End

Create log file
2012-11-01 09:30:04ZARY_HOLD_LOT Program Start
There are lots exceed process time for 24hrs, please check

There are lots exceed process time for 24hrs, please check

There are lots exceed process time for 24hrs, please check

There are lots exceed process time for 24hrs, please check

There are lots exceed process time for 24hrs, please check

There are lots exceed process time for 24hrs, please check

There are lots exceed process time for 24hrs, please check

There are lots exceed process time for 24hrs, please check

There are lots exceed process time for 24hrs, please check

There are lots exceed process time for 24hrs, please check

There are lots exceed process time for 24hrs, please check

There are lots exceed process time for 24hrs, please check

There are lots exceed process time for 24hrs, please check

There are lots exceed process time for 24hrs, please check

There are lots exceed process time for 24hrs, please check

There are lots exceed process time for 24hrs, please check

There are lots exceed process time for 24hrs, please check

There are lots exceed process time for 24hrs, please check

There are lots exceed process time for 24hrs, please check

2012-11-01 09:30:23ZARY_HOLD_LOT Program End

Create log file
2012-11-01 09:41:21Z oee_empaidxsummdaily_purge Program Start
2012-11-01 09:41:21Z oee_empaidxsummdaily_purge Program END 

Create log file
2012-11-01 09:42:10Z oee_empaidxsummhourly_purge Program Start
2012-11-01 09:42:10Z oee_empaidxsummhourly_purge Program END 

Create log file
2012-11-01 09:44:27Z oee_empastcount_purge Program Start
2012-11-01 09:44:27Z oee_empastcount_purge Program END 

Create log file
2012-11-01 09:50:00Z OEE_IS_Hourly_Check_alarm  Program Start
2012-11-01 09:50:00Z OEE_IS_Hourly_Check_alarm  Program END 

Create log file
2012-11-01 09:50:00Z ALCS_Hourly_Check_alarm  Program Start
2012-11-01 09:50:00Z ALCS_Hourly_Check_alarm  Program END 

Create log file
2012-11-01 09:50:01Z SERVER_SELF_CHECK   Program Start
2012-11-01 09:50:01Z SERVER_SELF_CHECK   Program END 

Create log file
2012-11-01 10:01:00ZArray_Photo Program Start
2012-11-01 10:01:03ZArray_Photo Program End

Create log file
2012-11-01 10:03:00ZArray_test_repeat Program Start
2012-11-01 10:03:00ZArray_test_repeat Program End

Create log file
2012-11-01 10:41:05Z oee_empaidxsummdaily_purge Program Start
2012-11-01 10:41:05Z oee_empaidxsummdaily_purge Program END 

Create log file
2012-11-01 10:42:09Z oee_empaidxsummhourly_purge Program Start
2012-11-01 10:42:09Z oee_empaidxsummhourly_purge Program END 

Create log file
2012-11-01 10:44:29Z oee_empastcount_purge Program Start
2012-11-01 10:44:29Z oee_empastcount_purge Program END 

Create log file
2012-11-01 10:50:00Z OEE_IS_Hourly_Check_alarm  Program Start
2012-11-01 10:50:00Z OEE_IS_Hourly_Check_alarm  Program END 

Create log file
2012-11-01 10:50:00Z ALCS_Hourly_Check_alarm  Program Start
2012-11-01 10:50:00Z ALCS_Hourly_Check_alarm  Program END 

Create log file
2012-11-01 10:50:01Z SERVER_SELF_CHECK   Program Start
2012-11-01 10:50:01Z SERVER_SELF_CHECK   Program END 

Create log file
2012-11-01 11:01:00ZArray_Photo Program Start
2012-11-01 11:01:04ZArray_Photo Program End

Create log file
2012-11-01 11:03:00ZArray_test_repeat Program Start
2012-11-01 11:03:01ZArray_test_repeat Program End

Create log file
2012-11-01 11:40:00Z T1OEE Purge Program Start
2012-11-01 11:40:00Z T1OEE Purge Program END 

Create log file
2012-11-01 11:41:12Z oee_empaidxsummdaily_purge Program Start
2012-11-01 11:41:12Z oee_empaidxsummdaily_purge Program END 

Create log file
2012-11-01 11:42:02Z oee_empaidxsummhourly_purge Program Start
2012-11-01 11:42:02Z oee_empaidxsummhourly_purge Program END 

Create log file
2012-11-01 11:44:32Z oee_empastcount_purge Program Start
2012-11-01 11:44:32Z oee_empastcount_purge Program END 

Create log file
2012-11-01 11:50:00Z OEE_IS_Hourly_Check_alarm  Program Start
2012-11-01 11:50:00Z OEE_IS_Hourly_Check_alarm  Program END 

Create log file
2012-11-01 11:50:03Z ALCS_Hourly_Check_alarm  Program Start
2012-11-01 11:50:03Z ALCS_Hourly_Check_alarm  Program END 

Create log file
2012-11-01 11:50:03Z SERVER_SELF_CHECK   Program Start
2012-11-01 11:50:03Z SERVER_SELF_CHECK   Program END 

Create log file
2012-11-01 12:01:00ZArray_Photo Program Start
2012-11-01 12:01:03ZArray_Photo Program End

Create log file
2012-11-01 12:03:00ZArray_test_repeat Program Start
2012-11-01 12:03:00ZArray_test_repeat Program End

Create log file
2012-11-01 12:41:14Z oee_empaidxsummdaily_purge Program Start
2012-11-01 12:41:14Z oee_empaidxsummdaily_purge Program END 

Create log file
2012-11-01 12:42:20Z oee_empaidxsummhourly_purge Program Start
2012-11-01 12:42:20Z oee_empaidxsummhourly_purge Program END 

Create log file
2012-11-01 12:44:32Z oee_empastcount_purge Program Start
2012-11-01 12:44:32Z oee_empastcount_purge Program END 

Create log file
2012-11-01 12:50:00Z OEE_IS_Hourly_Check_alarm  Program Start
2012-11-01 12:50:00Z OEE_IS_Hourly_Check_alarm  Program END 

Create log file
2012-11-01 12:50:01Z ALCS_Hourly_Check_alarm  Program Start
2012-11-01 12:50:01Z ALCS_Hourly_Check_alarm  Program END 

Create log file
2012-11-01 12:50:02Z SERVER_SELF_CHECK   Program Start
2012-11-01 12:50:02Z SERVER_SELF_CHECK   Program END 

Create log file
2012-11-01 13:01:00ZArray_Photo Program Start
2012-11-01 13:01:02ZArray_Photo Program End

Create log file
2012-11-01 13:03:00ZArray_test_repeat Program Start
2012-11-01 13:03:00ZArray_test_repeat Program End

Create log file
2012-11-01 13:30:00ZARY_HOLD_LOT Program Start
There are lots exceed process time for 24hrs, please check

There are lots exceed process time for 24hrs, please check

There are lots exceed process time for 24hrs, please check

There are lots exceed process time for 24hrs, please check

There are lots exceed process time for 48hrs, please check

There are lots exceed process time for 24hrs, please check

There are lots exceed process time for 24hrs, please check

There are lots exceed process time for 24hrs, please check

There are lots exceed process time for 48hrs, please check

There are lots exceed process time for 24hrs, please check

There are lots exceed process time for 24hrs, please check

There are lots exceed process time for 48hrs, please check

There are lots exceed process time for 24hrs, please check

There are lots exceed process time for 24hrs, please check

There are lots exceed process time for 48hrs, please check

There are lots exceed process time for 24hrs, please check

There are lots exceed process time for 24hrs, please check

There are lots exceed process time for 48hrs, please check

There are lots exceed process time for 24hrs, please check

There are lots exceed process time for 24hrs, please check

There are lots exceed process time for 48hrs, please check

There are lots exceed process time for 24hrs, please check

There are lots exceed process time for 24hrs, please check

There are lots exceed process time for 48hrs, please check

There are lots exceed process time for 24hrs, please check

There are lots exceed process time for 24hrs, please check

There are lots exceed process time for 48hrs, please check

There are lots exceed process time for 24hrs, please check

There are lots exceed process time for 24hrs, please check

There are lots exceed process time for 48hrs, please check

There are lots exceed process time for 24hrs, please check

There are lots exceed process time for 24hrs, please check

There are lots exceed process time for 24hrs, please check

There are lots exceed process time for 24hrs, please check

There are lots exceed process time for 24hrs, please check

There are lots exceed process time for 48hrs, please check

There are lots exceed process time for 24hrs, please check

There are lots exceed process time for 24hrs, please check

There are lots exceed process time for 24hrs, please check

There are lots exceed process time for 24hrs, please check

There are lots exceed process time for 48hrs, please check

There are lots exceed process time for 24hrs, please check

2012-11-01 13:30:40ZARY_HOLD_LOT Program End

Create log file
2012-11-01 13:41:31Z oee_empaidxsummdaily_purge Program Start
2012-11-01 13:41:31Z oee_empaidxsummdaily_purge Program END 

Create log file
2012-11-01 13:41:53Z oee_empaidxsummhourly_purge Program Start
2012-11-01 13:41:53Z oee_empaidxsummhourly_purge Program END 

Create log file
2012-11-01 13:44:42Z oee_empastcount_purge Program Start
2012-11-01 13:44:42Z oee_empastcount_purge Program END 

Create log file
2012-11-01 13:50:00Z OEE_IS_Hourly_Check_alarm  Program Start
2012-11-01 13:50:00Z OEE_IS_Hourly_Check_alarm  Program END 

Create log file
2012-11-01 13:50:01Z ALCS_Hourly_Check_alarm  Program Start
2012-11-01 13:50:01Z ALCS_Hourly_Check_alarm  Program END 

Create log file
2012-11-01 13:50:02Z SERVER_SELF_CHECK   Program Start
2012-11-01 13:50:02Z SERVER_SELF_CHECK   Program END 

Create log file
2012-11-01 14:01:00ZArray_Photo Program Start
1150 log finish

2012-11-01 14:01:04ZArray_Photo Program End

Create log file
2012-11-01 14:03:00ZArray_test_repeat Program Start
2012-11-01 14:03:00ZArray_test_repeat Program End

Create log file
2012-11-01 14:41:16Z oee_empaidxsummdaily_purge Program Start
2012-11-01 14:41:16Z oee_empaidxsummdaily_purge Program END 

Create log file
2012-11-01 14:41:42Z oee_empaidxsummhourly_purge Program Start
2012-11-01 14:41:42Z oee_empaidxsummhourly_purge Program END 

Create log file
2012-11-01 14:44:23Z oee_empastcount_purge Program Start
2012-11-01 14:44:23Z oee_empastcount_purge Program END 

Create log file
2012-11-01 14:50:00Z OEE_IS_Hourly_Check_alarm  Program Start
2012-11-01 14:50:00Z OEE_IS_Hourly_Check_alarm  Program END 

Create log file
2012-11-01 14:50:05Z ALCS_Hourly_Check_alarm  Program Start
2012-11-01 14:50:05Z ALCS_Hourly_Check_alarm  Program END 

Create log file
2012-11-01 14:50:06Z SERVER_SELF_CHECK   Program Start
2012-11-01 14:50:06Z SERVER_SELF_CHECK   Program END 

Create log file
2012-11-01 15:01:00ZArray_Photo Program Start
1150 log finish

2012-11-01 15:01:04ZArray_Photo Program End

Create log file
2012-11-01 15:03:00ZArray_test_repeat Program Start
2012-11-01 15:03:00ZArray_test_repeat Program End

Create log file
2012-11-01 15:41:20Z oee_empaidxsummdaily_purge Program Start
2012-11-01 15:41:20Z oee_empaidxsummdaily_purge Program END 

Create log file
2012-11-01 15:41:43Z oee_empaidxsummhourly_purge Program Start
2012-11-01 15:41:43Z oee_empaidxsummhourly_purge Program END 

Create log file
2012-11-01 15:44:28Z oee_empastcount_purge Program Start
2012-11-01 15:44:28Z oee_empastcount_purge Program END 

Create log file
2012-11-01 15:50:00Z OEE_IS_Hourly_Check_alarm  Program Start
2012-11-01 15:50:00Z OEE_IS_Hourly_Check_alarm  Program END 

Create log file
2012-11-01 15:50:01Z ALCS_Hourly_Check_alarm  Program Start
2012-11-01 15:50:01Z ALCS_Hourly_Check_alarm  Program END 

Create log file
2012-11-01 15:50:02Z SERVER_SELF_CHECK   Program Start
2012-11-01 15:50:02Z SERVER_SELF_CHECK   Program END 

Create log file
2012-11-01 16:01:00ZArray_Photo Program Start
2012-11-01 16:01:03ZArray_Photo Program End

Create log file
2012-11-01 16:03:00ZArray_test_repeat Program Start
2012-11-01 16:03:00ZArray_test_repeat Program End

Create log file
2012-11-01 16:41:15Z oee_empaidxsummdaily_purge Program Start
2012-11-01 16:41:15Z oee_empaidxsummdaily_purge Program END 

Create log file
2012-11-01 16:41:39Z oee_empaidxsummhourly_purge Program Start
2012-11-01 16:41:39Z oee_empaidxsummhourly_purge Program END 

Create log file
2012-11-01 16:44:21Z oee_empastcount_purge Program Start
2012-11-01 16:44:21Z oee_empastcount_purge Program END 

Create log file
2012-11-01 16:50:00Z OEE_IS_Hourly_Check_alarm  Program Start
2012-11-01 16:50:00Z OEE_IS_Hourly_Check_alarm  Program END 

Create log file
2012-11-01 16:50:00Z PDS_Hourly_Check_Alarm log finish Program Start
2012-11-01 16:50:00Z PDS_Hourly_Check_Alarm log finish Program END 

Create log file
2012-11-01 16:50:01Z ALCS_Hourly_Check_alarm  Program Start
2012-11-01 16:50:01Z ALCS_Hourly_Check_alarm  Program END 

Create log file
2012-11-01 16:50:01Z SERVER_SELF_CHECK   Program Start
2012-11-01 16:50:01Z SERVER_SELF_CHECK   Program END 

Create log file
2012-11-01 17:01:00ZArray_Photo Program Start
1150 log finish

2012-11-01 17:01:03ZArray_Photo Program End

Create log file
2012-11-01 17:03:00ZArray_test_repeat Program Start
2012-11-01 17:03:00ZArray_test_repeat Program End

Create log file
2012-11-01 17:30:00ZARY_HOLD_LOT Program Start
There are lots exceed process time for 24hrs, please check

There are lots exceed process time for 24hrs, please check

There are lots exceed process time for 24hrs, please check

There are lots exceed process time for 24hrs, please check

There are lots exceed process time for 24hrs, please check

There are lots exceed process time for 24hrs, please check

There are lots exceed process time for 24hrs, please check

There are lots exceed process time for 24hrs, please check

There are lots exceed process time for 24hrs, please check

There are lots exceed process time for 24hrs, please check

There are lots exceed process time for 24hrs, please check

There are lots exceed process time for 24hrs, please check

There are lots exceed process time for 24hrs, please check

There are lots exceed process time for 24hrs, please check

There are lots exceed process time for 24hrs, please check

There are lots exceed process time for 24hrs, please check

2012-11-01 17:30:15ZARY_HOLD_LOT Program End

Create log file
2012-11-01 17:41:17Z oee_empaidxsummdaily_purge Program Start
2012-11-01 17:41:17Z oee_empaidxsummdaily_purge Program END 

Create log file
2012-11-01 17:41:40Z oee_empaidxsummhourly_purge Program Start
2012-11-01 17:41:40Z oee_empaidxsummhourly_purge Program END 

Create log file
2012-11-01 17:44:20Z oee_empastcount_purge Program Start
2012-11-01 17:44:20Z oee_empastcount_purge Program END 

Create log file
2012-11-01 17:50:00Z OEE_IS_Hourly_Check_alarm  Program Start
2012-11-01 17:50:00Z OEE_IS_Hourly_Check_alarm  Program END 

Create log file
2012-11-01 17:50:01Z PDS_Hourly_Check_Alarm log finish Program Start
2012-11-01 17:50:01Z PDS_Hourly_Check_Alarm log finish Program END 

Create log file
2012-11-01 17:50:01Z ALCS_Hourly_Check_alarm  Program Start
2012-11-01 17:50:01Z ALCS_Hourly_Check_alarm  Program END 

Create log file
2012-11-01 17:50:02Z SERVER_SELF_CHECK   Program Start
2012-11-01 17:50:02Z SERVER_SELF_CHECK   Program END 

Create log file
2012-11-01 18:01:00ZArray_Photo Program Start
1150 log finish

2012-11-01 18:01:03ZArray_Photo Program End

Create log file
2012-11-01 18:03:00ZArray_test_repeat Program Start
2012-11-01 18:03:00ZArray_test_repeat Program End

Create log file
2012-11-01 18:41:17Z oee_empaidxsummdaily_purge Program Start
2012-11-01 18:41:17Z oee_empaidxsummdaily_purge Program END 

Create log file
2012-11-01 18:41:45Z oee_empaidxsummhourly_purge Program Start
2012-11-01 18:41:45Z oee_empaidxsummhourly_purge Program END 

Create log file
2012-11-01 18:44:27Z oee_empastcount_purge Program Start
2012-11-01 18:44:27Z oee_empastcount_purge Program END 

Create log file
2012-11-01 18:50:00Z OEE_IS_Hourly_Check_alarm  Program Start
2012-11-01 18:50:00Z OEE_IS_Hourly_Check_alarm  Program END 

Create log file
2012-11-01 18:50:01Z ALCS_Hourly_Check_alarm  Program Start
2012-11-01 18:50:01Z ALCS_Hourly_Check_alarm  Program END 

Create log file
2012-11-01 18:50:01Z SERVER_SELF_CHECK   Program Start
2012-11-01 18:50:01Z SERVER_SELF_CHECK   Program END 

Create log file
2012-11-01 19:01:00ZArray_Photo Program Start
1150 log finish

2012-11-01 19:01:03ZArray_Photo Program End

Create log file
2012-11-01 19:03:00ZArray_test_repeat Program Start
2012-11-01 19:03:00ZArray_test_repeat Program End

Create log file
2012-11-01 19:41:17Z oee_empaidxsummdaily_purge Program Start
2012-11-01 19:41:17Z oee_empaidxsummdaily_purge Program END 

Create log file
2012-11-01 19:41:42Z oee_empaidxsummhourly_purge Program Start
2012-11-01 19:41:42Z oee_empaidxsummhourly_purge Program END 

Create log file
2012-11-01 19:44:22Z oee_empastcount_purge Program Start
2012-11-01 19:44:22Z oee_empastcount_purge Program END 

Create log file
2012-11-01 19:50:00Z OEE_IS_Hourly_Check_alarm  Program Start
2012-11-01 19:50:00Z OEE_IS_Hourly_Check_alarm  Program END 

Create log file
2012-11-01 19:50:03Z ALCS_Hourly_Check_alarm  Program Start
2012-11-01 19:50:03Z ALCS_Hourly_Check_alarm  Program END 

Create log file
2012-11-01 19:50:05Z SERVER_SELF_CHECK   Program Start
2012-11-01 19:50:05Z SERVER_SELF_CHECK   Program END 

Create log file
2012-11-01 20:01:00ZArray_Photo Program Start
2012-11-01 20:01:03ZArray_Photo Program End

Create log file
2012-11-01 20:03:00ZArray_test_repeat Program Start
2012-11-01 20:03:00ZArray_test_repeat Program End

Create log file
2012-11-01 20:41:24Z oee_empaidxsummdaily_purge Program Start
2012-11-01 20:41:24Z oee_empaidxsummdaily_purge Program END 

Create log file
2012-11-01 20:41:49Z oee_empaidxsummhourly_purge Program Start
2012-11-01 20:41:49Z oee_empaidxsummhourly_purge Program END 

Create log file
2012-11-01 20:44:27Z oee_empastcount_purge Program Start
2012-11-01 20:44:27Z oee_empastcount_purge Program END 

Create log file
2012-11-01 20:50:00Z OEE_IS_Hourly_Check_alarm  Program Start
2012-11-01 20:50:00Z OEE_IS_Hourly_Check_alarm  Program END 

Create log file
2012-11-01 20:50:01Z ALCS_Hourly_Check_alarm  Program Start
2012-11-01 20:50:01Z ALCS_Hourly_Check_alarm  Program END 

Create log file
2012-11-01 20:50:03Z SERVER_SELF_CHECK   Program Start
2012-11-01 20:50:03Z SERVER_SELF_CHECK   Program END 

Create log file
2012-11-01 21:01:00ZArray_Photo Program Start
2012-11-01 21:01:03ZArray_Photo Program End

Create log file
2012-11-01 21:03:00ZArray_test_repeat Program Start
2012-11-01 21:03:00ZArray_test_repeat Program End

Create log file
2012-11-01 21:30:03ZARY_HOLD_LOT Program Start
There are lots exceed process time for 24hrs, please check

There are lots exceed process time for 24hrs, please check

There are lots exceed process time for 24hrs, please check

There are lots exceed process time for 24hrs, please check

There are lots exceed process time for 24hrs, please check

There are lots exceed process time for 24hrs, please check

There are lots exceed process time for 24hrs, please check

There are lots exceed process time for 24hrs, please check

There are lots exceed process time for 24hrs, please check

There are lots exceed process time for 24hrs, please check

There are lots exceed process time for 24hrs, please check

There are lots exceed process time for 24hrs, please check

There are lots exceed process time for 24hrs, please check

There are lots exceed process time for 24hrs, please check

There are lots exceed process time for 24hrs, please check

There are lots exceed process time for 24hrs, please check

2012-11-01 21:30:23ZARY_HOLD_LOT Program End

Create log file
2012-11-01 21:41:18Z oee_empaidxsummdaily_purge Program Start
2012-11-01 21:41:18Z oee_empaidxsummdaily_purge Program END 

Create log file
2012-11-01 21:41:43Z oee_empaidxsummhourly_purge Program Start
2012-11-01 21:41:43Z oee_empaidxsummhourly_purge Program END 

Create log file
2012-11-01 21:44:25Z oee_empastcount_purge Program Start
2012-11-01 21:44:25Z oee_empastcount_purge Program END 

Create log file
2012-11-01 21:50:00Z OEE_IS_Hourly_Check_alarm  Program Start
2012-11-01 21:50:00Z OEE_IS_Hourly_Check_alarm  Program END 

Create log file
2012-11-01 21:50:01Z ALCS_Hourly_Check_alarm  Program Start
2012-11-01 21:50:01Z ALCS_Hourly_Check_alarm  Program END 

Create log file
2012-11-01 21:50:03Z SERVER_SELF_CHECK   Program Start
2012-11-01 21:50:03Z SERVER_SELF_CHECK   Program END 

Create log file
2012-11-01 22:00:00ZSERVER_SMS_TEST Program Start
SMS log finish

2012-11-01 22:00:00ZSERVER_SMS_TEST Program End

Create log file
2012-11-01 22:01:00ZArray_Photo Program Start
2012-11-01 22:01:03ZArray_Photo Program End

Create log file
2012-11-01 22:03:00ZArray_test_repeat Program Start
2012-11-01 22:03:00ZArray_test_repeat Program End

Create log file
2012-11-01 22:41:24Z oee_empaidxsummdaily_purge Program Start
2012-11-01 22:41:24Z oee_empaidxsummdaily_purge Program END 

Create log file
2012-11-01 22:41:53Z oee_empaidxsummhourly_purge Program Start
2012-11-01 22:41:53Z oee_empaidxsummhourly_purge Program END 

Create log file
2012-11-01 22:44:33Z oee_empastcount_purge Program Start
2012-11-01 22:44:33Z oee_empastcount_purge Program END 

Create log file
2012-11-01 22:50:00Z OEE_IS_Hourly_Check_alarm  Program Start
2012-11-01 22:50:00Z OEE_IS_Hourly_Check_alarm  Program END 

Create log file
2012-11-01 22:50:00Z PDS_Hourly_Check_Alarm log finish Program Start
2012-11-01 22:50:00Z PDS_Hourly_Check_Alarm log finish Program END 

Create log file
2012-11-01 22:50:01Z ALCS_Hourly_Check_alarm  Program Start
2012-11-01 22:50:01Z ALCS_Hourly_Check_alarm  Program END 

Create log file
2012-11-01 22:50:01Z SERVER_SELF_CHECK   Program Start
2012-11-01 22:50:01Z SERVER_SELF_CHECK   Program END 

Create log file
2012-11-01 23:01:00ZArray_Photo Program Start
2012-11-01 23:01:03ZArray_Photo Program End

Create log file
2012-11-01 23:03:00ZArray_test_repeat Program Start
2012-11-01 23:03:03ZArray_test_repeat Program End

Create log file
2012-11-01 23:41:18Z oee_empaidxsummdaily_purge Program Start
2012-11-01 23:41:18Z oee_empaidxsummdaily_purge Program END 

Create log file
2012-11-01 23:41:44Z oee_empaidxsummhourly_purge Program Start
2012-11-01 23:41:44Z oee_empaidxsummhourly_purge Program END 

Create log file
2012-11-01 23:44:32Z oee_empastcount_purge Program Start
2012-11-01 23:44:32Z oee_empastcount_purge Program END 

Create log file
2012-11-01 23:50:00Z OEE_IS_Hourly_Check_alarm  Program Start
2012-11-01 23:50:00Z OEE_IS_Hourly_Check_alarm  Program END 

Create log file
2012-11-01 23:50:00Z ALCS_Hourly_Check_alarm  Program Start
2012-11-01 23:50:00Z ALCS_Hourly_Check_alarm  Program END 

Create log file
2012-11-01 23:50:01Z SERVER_SELF_CHECK   Program Start
2012-11-01 23:50:01Z SERVER_SELF_CHECK   Program END 

