Create log file
2012-10-22 00:01:00ZArray_Photo Program Start
2012-10-22 00:01:02ZArray_Photo Program End

Create log file
2012-10-22 00:03:00ZArray_test_repeat Program Start
2012-10-22 00:03:00ZArray_test_repeat Program End

Create log file
2012-10-22 00:10:00Z T0T1 InnoView Add User Program Start
2012-10-22 00:10:00Z T0T1 InnoView Add User Program END 

Create log file
2012-10-22 00:20:13Z VPNLOG_PARSER Program Start
2012-10-22 00:20:13Z VPNLOG_PARSER Program END 

Create log file
2012-10-22 00:30:00Z T0/T1 RealTimeDept Program Start
2012-10-22 00:30:00Z T0/T1 RealTimeDept Program END 

Create log file
2012-10-22 00:41:31Z oee_empaidxsummdaily_purge Program Start
2012-10-22 00:41:31Z oee_empaidxsummdaily_purge Program END 

Create log file
2012-10-22 00:42:38Z oee_empaidxsummhourly_purge Program Start
2012-10-22 00:42:38Z oee_empaidxsummhourly_purge Program END 

Create log file
2012-10-22 00:46:46Z oee_empastcount_purge Program Start
2012-10-22 00:46:46Z oee_empastcount_purge Program END 

Create log file
2012-10-22 00:50:00Z OEE_IS_Hourly_Check_alarm  Program Start
2012-10-22 00:50:00Z OEE_IS_Hourly_Check_alarm  Program END 

Create log file
2012-10-22 00:50:00Z ALCS_Hourly_Check_alarm  Program Start
2012-10-22 00:50:00Z ALCS_Hourly_Check_alarm  Program END 

Create log file
2012-10-22 00:50:03Z SERVER_SELF_CHECK   Program Start
2012-10-22 00:50:03Z SERVER_SELF_CHECK   Program END 

Create log file
2012-10-22 01:01:00ZArray_Photo Program Start
1650 log finish

2012-10-22 01:01:02ZArray_Photo Program End

Create log file
2012-10-22 01:03:00ZArray_test_repeat Program Start
2012-10-22 01:03:01ZArray_test_repeat Program End

Create log file
2012-10-22 01:30:00ZARY_HOLD_LOT Program Start
There are lots exceed process time for 24hrs, please check

There are lots exceed process time for 24hrs, please check

There are lots exceed process time for 24hrs, please check

There are lots exceed process time for 24hrs, please check

There are lots exceed process time for 24hrs, please check

There are lots exceed process time for 24hrs, please check

There are lots exceed process time for 24hrs, please check

There are lots exceed process time for 24hrs, please check

There are lots exceed process time for 24hrs, please check

There are lots exceed process time for 24hrs, please check

There are lots exceed process time for 24hrs, please check

There are lots exceed process time for 24hrs, please check

There are lots exceed process time for 24hrs, please check

There are lots exceed process time for 24hrs, please check

There are lots exceed process time for 24hrs, please check

There are lots exceed process time for 24hrs, please check

2012-10-22 01:30:17ZARY_HOLD_LOT Program End

Create log file
2012-10-22 01:41:16Z oee_empaidxsummdaily_purge Program Start
2012-10-22 01:41:16Z oee_empaidxsummdaily_purge Program END 

Create log file
2012-10-22 01:42:10Z oee_empaidxsummhourly_purge Program Start
2012-10-22 01:42:10Z oee_empaidxsummhourly_purge Program END 

Create log file
2012-10-22 01:44:33Z oee_empastcount_purge Program Start
2012-10-22 01:44:33Z oee_empastcount_purge Program END 

Create log file
2012-10-22 01:50:00Z OEE_IS_Hourly_Check_alarm  Program Start
2012-10-22 01:50:00Z OEE_IS_Hourly_Check_alarm  Program END 

Create log file
2012-10-22 01:50:02Z ALCS_Hourly_Check_alarm  Program Start
2012-10-22 01:50:02Z ALCS_Hourly_Check_alarm  Program END 

Create log file
2012-10-22 01:50:02Z SERVER_SELF_CHECK   Program Start
2012-10-22 01:50:02Z SERVER_SELF_CHECK   Program END 

Create log file
2012-10-22 02:01:00ZArray_Photo Program Start
2012-10-22 02:01:03ZArray_Photo Program End

Create log file
2012-10-22 02:03:00ZArray_test_repeat Program Start
2012-10-22 02:03:00ZArray_test_repeat Program End

Create log file
2012-10-22 02:41:14Z oee_empaidxsummdaily_purge Program Start
2012-10-22 02:41:14Z oee_empaidxsummdaily_purge Program END 

Create log file
2012-10-22 02:42:06Z oee_empaidxsummhourly_purge Program Start
2012-10-22 02:42:06Z oee_empaidxsummhourly_purge Program END 

Create log file
2012-10-22 02:44:28Z oee_empastcount_purge Program Start
2012-10-22 02:44:28Z oee_empastcount_purge Program END 

Create log file
2012-10-22 02:50:00Z OEE_IS_Hourly_Check_alarm  Program Start
2012-10-22 02:50:00Z OEE_IS_Hourly_Check_alarm  Program END 

Create log file
2012-10-22 02:50:00Z ALCS_Hourly_Check_alarm  Program Start
2012-10-22 02:50:00Z ALCS_Hourly_Check_alarm  Program END 

Create log file
2012-10-22 02:50:01Z SERVER_SELF_CHECK   Program Start
2012-10-22 02:50:01Z SERVER_SELF_CHECK   Program END 

Create log file
2012-10-22 03:01:00ZArray_Photo Program Start
1250 log finish

2012-10-22 03:01:03ZArray_Photo Program End

Create log file
2012-10-22 03:03:00ZArray_test_repeat Program Start
2012-10-22 03:03:00ZArray_test_repeat Program End

Create log file
2012-10-22 03:41:19Z oee_empaidxsummdaily_purge Program Start
2012-10-22 03:41:19Z oee_empaidxsummdaily_purge Program END 

Create log file
2012-10-22 03:42:22Z oee_empaidxsummhourly_purge Program Start
2012-10-22 03:42:22Z oee_empaidxsummhourly_purge Program END 

Create log file
2012-10-22 03:44:38Z oee_empastcount_purge Program Start
2012-10-22 03:44:38Z oee_empastcount_purge Program END 

Create log file
2012-10-22 03:50:00Z OEE_IS_Hourly_Check_alarm  Program Start
2012-10-22 03:50:00Z OEE_IS_Hourly_Check_alarm  Program END 

Create log file
2012-10-22 03:50:01Z ALCS_Hourly_Check_alarm  Program Start
2012-10-22 03:50:01Z ALCS_Hourly_Check_alarm  Program END 

Create log file
2012-10-22 03:50:02Z SERVER_SELF_CHECK   Program Start
2012-10-22 03:50:02Z SERVER_SELF_CHECK   Program END 

Create log file
2012-10-22 04:01:00ZArray_Photo Program Start
2012-10-22 04:01:02ZArray_Photo Program End

Create log file
2012-10-22 04:03:00ZArray_test_repeat Program Start
2012-10-22 04:03:00ZArray_test_repeat Program End

Create log file
2012-10-22 04:41:18Z oee_empaidxsummdaily_purge Program Start
2012-10-22 04:41:18Z oee_empaidxsummdaily_purge Program END 

Create log file
2012-10-22 04:42:21Z oee_empaidxsummhourly_purge Program Start
2012-10-22 04:42:21Z oee_empaidxsummhourly_purge Program END 

Create log file
2012-10-22 04:44:31Z oee_empastcount_purge Program Start
2012-10-22 04:44:31Z oee_empastcount_purge Program END 

Create log file
2012-10-22 04:50:00Z OEE_IS_Hourly_Check_alarm  Program Start
2012-10-22 04:50:00Z OEE_IS_Hourly_Check_alarm  Program END 

Create log file
2012-10-22 04:50:00Z ALCS_Hourly_Check_alarm  Program Start
2012-10-22 04:50:00Z ALCS_Hourly_Check_alarm  Program END 

Create log file
2012-10-22 04:50:01Z SERVER_SELF_CHECK   Program Start
2012-10-22 04:50:01Z SERVER_SELF_CHECK   Program END 

Create log file
2012-10-22 05:01:00ZArray_Photo Program Start
1350 log finish

1650 log finish

2012-10-22 05:01:03ZArray_Photo Program End

Create log file
2012-10-22 05:03:00ZArray_test_repeat Program Start
2012-10-22 05:03:00ZArray_test_repeat Program End

Create log file
2012-10-22 05:30:00ZARY_HOLD_LOT Program Start
There are lots exceed process time for 24hrs, please check

There are lots exceed process time for 24hrs, please check

There are lots exceed process time for 24hrs, please check

There are lots exceed process time for 24hrs, please check

There are lots exceed process time for 24hrs, please check

There are lots exceed process time for 24hrs, please check

There are lots exceed process time for 24hrs, please check

There are lots exceed process time for 24hrs, please check

There are lots exceed process time for 24hrs, please check

There are lots exceed process time for 24hrs, please check

There are lots exceed process time for 24hrs, please check

There are lots exceed process time for 24hrs, please check

There are lots exceed process time for 24hrs, please check

There are lots exceed process time for 24hrs, please check

There are lots exceed process time for 24hrs, please check

There are lots exceed process time for 24hrs, please check

2012-10-22 05:30:15ZARY_HOLD_LOT Program End

Create log file
2012-10-22 05:41:13Z oee_empaidxsummdaily_purge Program Start
2012-10-22 05:41:13Z oee_empaidxsummdaily_purge Program END 

Create log file
2012-10-22 05:42:03Z oee_empaidxsummhourly_purge Program Start
2012-10-22 05:42:03Z oee_empaidxsummhourly_purge Program END 

Create log file
2012-10-22 05:44:27Z oee_empastcount_purge Program Start
2012-10-22 05:44:27Z oee_empastcount_purge Program END 

Create log file
2012-10-22 05:50:00Z OEE_IS_Hourly_Check_alarm  Program Start
2012-10-22 05:50:00Z OEE_IS_Hourly_Check_alarm  Program END 

Create log file
2012-10-22 05:50:00Z ALCS_Hourly_Check_alarm  Program Start
2012-10-22 05:50:00Z ALCS_Hourly_Check_alarm  Program END 

Create log file
2012-10-22 05:50:01Z SERVER_SELF_CHECK   Program Start
2012-10-22 05:50:01Z SERVER_SELF_CHECK   Program END 

Create log file
2012-10-22 06:01:00ZArray_Photo Program Start
1350 log finish

2012-10-22 06:01:03ZArray_Photo Program End

Create log file
2012-10-22 06:03:00ZArray_test_repeat Program Start
2012-10-22 06:03:00ZArray_test_repeat Program End

Create log file
2012-10-22 06:41:16Z oee_empaidxsummdaily_purge Program Start
2012-10-22 06:41:16Z oee_empaidxsummdaily_purge Program END 

Create log file
2012-10-22 06:42:18Z oee_empaidxsummhourly_purge Program Start
2012-10-22 06:42:18Z oee_empaidxsummhourly_purge Program END 

Create log file
2012-10-22 06:44:29Z oee_empastcount_purge Program Start
2012-10-22 06:44:29Z oee_empastcount_purge Program END 

Create log file
2012-10-22 06:50:44Z ODS_Recover_Lot 151 Lots Program Start
2012-10-22 06:50:44Z ODS_Recover_Lot 151 Lots Program END 

Create log file
2012-10-22 06:51:01Z OEE_IS_Hourly_Check_alarm  Program Start
2012-10-22 06:51:01Z OEE_IS_Hourly_Check_alarm  Program END 

Create log file
2012-10-22 06:51:02Z ALCS_Hourly_Check_alarm  Program Start
2012-10-22 06:51:02Z ALCS_Hourly_Check_alarm  Program END 

Create log file
2012-10-22 06:51:02Z SERVER_SELF_CHECK   Program Start
2012-10-22 06:51:02Z SERVER_SELF_CHECK   Program END 

Create log file
2012-10-22 07:01:00ZArray_Photo Program Start
1350 log finish

2012-10-22 07:01:03ZArray_Photo Program End

Create log file
2012-10-22 07:03:00ZArray_test_repeat Program Start
2012-10-22 07:03:00ZArray_test_repeat Program End

Create log file
2012-10-22 07:41:21Z oee_empaidxsummdaily_purge Program Start
2012-10-22 07:41:21Z oee_empaidxsummdaily_purge Program END 

Create log file
2012-10-22 07:42:12Z oee_empaidxsummhourly_purge Program Start
2012-10-22 07:42:12Z oee_empaidxsummhourly_purge Program END 

Create log file
2012-10-22 07:44:27Z oee_empastcount_purge Program Start
2012-10-22 07:44:27Z oee_empastcount_purge Program END 

Create log file
2012-10-22 07:50:07Z OEE_IS_Hourly_Check_alarm  Program Start
2012-10-22 07:50:07Z OEE_IS_Hourly_Check_alarm  Program END 

Create log file
2012-10-22 07:50:07Z ALCS_Hourly_Check_alarm  Program Start
2012-10-22 07:50:07Z ALCS_Hourly_Check_alarm  Program END 

Create log file
2012-10-22 07:50:10Z SERVER_SELF_CHECK   Program Start
2012-10-22 07:50:10Z SERVER_SELF_CHECK   Program END 

Create log file
2012-10-22 08:00:00Z Check_Onduty_Time From Onduty_dotnet2  Program Start
2012-10-22 08:00:00Z Check_Onduty_Time From Onduty_dotnet2  Program END 

Create log file
2012-10-22 08:01:00ZArray_Photo Program Start
1650 log finish

2012-10-22 08:01:03ZArray_Photo Program End

Create log file
2012-10-22 08:03:00ZArray_test_repeat Program Start
2012-10-22 08:03:00ZArray_test_repeat Program End

Create log file
2012-10-22 08:30:00ZHoliday_inout_SMS Program Start
2012-10-22 08:30:00ZHoliday_Inout_SMS Program End

Create log file
2012-10-22 08:32:00ZOEE_EQP_SMS Program Start
2012-10-22 08:33:04ZOEE_EQP_SMS Program End

Create log file
2012-10-22 08:41:05Z oee_empaidxsummdaily_purge Program Start
2012-10-22 08:41:05Z oee_empaidxsummdaily_purge Program END 

Create log file
2012-10-22 08:42:14Z oee_empaidxsummhourly_purge Program Start
2012-10-22 08:42:14Z oee_empaidxsummhourly_purge Program END 

Create log file
2012-10-22 08:44:29Z oee_empastcount_purge Program Start
2012-10-22 08:44:29Z oee_empastcount_purge Program END 

Create log file
2012-10-22 08:45:00ZHoliday_inout_SMS_For_C2 Program Start
2012-10-22 08:45:08ZHoliday_Inout_SMS_For_C2 Program End

Create log file
2012-10-22 08:50:00Z OEE_IS_Hourly_Check_alarm  Program Start
2012-10-22 08:50:00Z OEE_IS_Hourly_Check_alarm  Program END 

Create log file
2012-10-22 08:50:04Z ALCS_Hourly_Check_alarm  Program Start
2012-10-22 08:50:04Z ALCS_Hourly_Check_alarm  Program END 

Create log file
2012-10-22 08:50:04Z SERVER_SELF_CHECK   Program Start
2012-10-22 08:50:04Z SERVER_SELF_CHECK   Program END 

Create log file
2012-10-22 09:01:01ZArray_Photo Program Start
1650 log finish

2012-10-22 09:01:03ZArray_Photo Program End

Create log file
2012-10-22 09:03:00ZArray_test_repeat Program Start
2012-10-22 09:03:00ZArray_test_repeat Program End

Create log file
2012-10-22 09:30:00ZARY_HOLD_LOT Program Start
There are lots exceed process time for 24hrs, please check

There are lots exceed process time for 24hrs, please check

There are lots exceed process time for 24hrs, please check

There are lots exceed process time for 24hrs, please check

There are lots exceed process time for 24hrs, please check

There are lots exceed process time for 24hrs, please check

There are lots exceed process time for 24hrs, please check

There are lots exceed process time for 24hrs, please check

There are lots exceed process time for 24hrs, please check

There are lots exceed process time for 24hrs, please check

There are lots exceed process time for 24hrs, please check

There are lots exceed process time for 24hrs, please check

There are lots exceed process time for 24hrs, please check

There are lots exceed process time for 24hrs, please check

There are lots exceed process time for 24hrs, please check

There are lots exceed process time for 24hrs, please check

2012-10-22 09:30:38ZARY_HOLD_LOT Program End

Create log file
2012-10-22 09:41:17Z oee_empaidxsummdaily_purge Program Start
2012-10-22 09:41:17Z oee_empaidxsummdaily_purge Program END 

Create log file
2012-10-22 09:42:23Z oee_empaidxsummhourly_purge Program Start
2012-10-22 09:42:23Z oee_empaidxsummhourly_purge Program END 

Create log file
2012-10-22 09:44:43Z oee_empastcount_purge Program Start
2012-10-22 09:44:43Z oee_empastcount_purge Program END 

Create log file
2012-10-22 09:50:00Z OEE_IS_Hourly_Check_alarm  Program Start
2012-10-22 09:50:00Z OEE_IS_Hourly_Check_alarm  Program END 

Create log file
2012-10-22 09:50:00Z ALCS_Hourly_Check_alarm  Program Start
2012-10-22 09:50:00Z ALCS_Hourly_Check_alarm  Program END 

Create log file
2012-10-22 09:50:01Z SERVER_SELF_CHECK   Program Start
2012-10-22 09:50:01Z SERVER_SELF_CHECK   Program END 

Create log file
2012-10-22 10:01:00ZArray_Photo Program Start
1650 log finish

2012-10-22 10:01:03ZArray_Photo Program End

Create log file
2012-10-22 10:03:00ZArray_test_repeat Program Start
2012-10-22 10:03:00ZArray_test_repeat Program End

Create log file
2012-10-22 10:41:21Z oee_empaidxsummdaily_purge Program Start
2012-10-22 10:41:21Z oee_empaidxsummdaily_purge Program END 

Create log file
2012-10-22 10:42:22Z oee_empaidxsummhourly_purge Program Start
2012-10-22 10:42:22Z oee_empaidxsummhourly_purge Program END 

Create log file
2012-10-22 10:44:35Z oee_empastcount_purge Program Start
2012-10-22 10:44:35Z oee_empastcount_purge Program END 

Create log file
2012-10-22 10:50:00Z OEE_IS_Hourly_Check_alarm  Program Start
2012-10-22 10:50:00Z OEE_IS_Hourly_Check_alarm  Program END 

Create log file
2012-10-22 10:50:00Z ALCS_Hourly_Check_alarm  Program Start
2012-10-22 10:50:00Z ALCS_Hourly_Check_alarm  Program END 

Create log file
2012-10-22 10:50:01Z SERVER_SELF_CHECK   Program Start
2012-10-22 10:50:01Z SERVER_SELF_CHECK   Program END 

Create log file
2012-10-22 11:01:00ZArray_Photo Program Start
1650 log finish

2012-10-22 11:01:03ZArray_Photo Program End

Create log file
2012-10-22 11:03:00ZArray_test_repeat Program Start
2012-10-22 11:03:00ZArray_test_repeat Program End

Create log file
2012-10-22 11:40:00Z T1OEE Purge Program Start
2012-10-22 11:40:00Z T1OEE Purge Program END 

Create log file
2012-10-22 11:41:14Z oee_empaidxsummdaily_purge Program Start
2012-10-22 11:41:14Z oee_empaidxsummdaily_purge Program END 

Create log file
2012-10-22 11:42:03Z oee_empaidxsummhourly_purge Program Start
2012-10-22 11:42:03Z oee_empaidxsummhourly_purge Program END 

Create log file
2012-10-22 11:44:34Z oee_empastcount_purge Program Start
2012-10-22 11:44:34Z oee_empastcount_purge Program END 

Create log file
2012-10-22 11:50:00Z OEE_IS_Hourly_Check_alarm  Program Start
2012-10-22 11:50:00Z OEE_IS_Hourly_Check_alarm  Program END 

Create log file
2012-10-22 11:50:02Z ALCS_Hourly_Check_alarm  Program Start
2012-10-22 11:50:02Z ALCS_Hourly_Check_alarm  Program END 

Create log file
2012-10-22 11:50:03Z SERVER_SELF_CHECK   Program Start
2012-10-22 11:50:03Z SERVER_SELF_CHECK   Program END 

Create log file
2012-10-22 12:01:00ZArray_Photo Program Start
1650 log finish

2012-10-22 12:01:04ZArray_Photo Program End

Create log file
2012-10-22 12:03:00ZArray_test_repeat Program Start
2012-10-22 12:03:00ZArray_test_repeat Program End

Create log file
2012-10-22 12:41:18Z oee_empaidxsummdaily_purge Program Start
2012-10-22 12:41:18Z oee_empaidxsummdaily_purge Program END 

Create log file
2012-10-22 12:42:09Z oee_empaidxsummhourly_purge Program Start
2012-10-22 12:42:09Z oee_empaidxsummhourly_purge Program END 

Create log file
2012-10-22 12:44:32Z oee_empastcount_purge Program Start
2012-10-22 12:44:32Z oee_empastcount_purge Program END 

Create log file
2012-10-22 12:50:00Z OEE_IS_Hourly_Check_alarm  Program Start
2012-10-22 12:50:00Z OEE_IS_Hourly_Check_alarm  Program END 

Create log file
2012-10-22 12:50:00Z ALCS_Hourly_Check_alarm  Program Start
2012-10-22 12:50:00Z ALCS_Hourly_Check_alarm  Program END 

Create log file
2012-10-22 12:50:01Z SERVER_SELF_CHECK   Program Start
2012-10-22 12:50:01Z SERVER_SELF_CHECK   Program END 

Create log file
2012-10-22 13:01:00ZArray_Photo Program Start
1150 log finish

1650 log finish

2012-10-22 13:01:03ZArray_Photo Program End

Create log file
2012-10-22 13:03:00ZArray_test_repeat Program Start
2012-10-22 13:03:00ZArray_test_repeat Program End

Create log file
2012-10-22 13:30:00ZARY_HOLD_LOT Program Start
There are lots exceed process time for 24hrs, please check

There are lots exceed process time for 24hrs, please check

There are lots exceed process time for 48hrs, please check

There are lots exceed process time for 24hrs, please check

There are lots exceed process time for 24hrs, please check

There are lots exceed process time for 48hrs, please check

There are lots exceed process time for 24hrs, please check

There are lots exceed process time for 24hrs, please check

There are lots exceed process time for 48hrs, please check

There are lots exceed process time for 24hrs, please check

There are lots exceed process time for 24hrs, please check

There are lots exceed process time for 48hrs, please check

There are lots exceed process time for 24hrs, please check

There are lots exceed process time for 24hrs, please check

There are lots exceed process time for 48hrs, please check

There are lots exceed process time for 24hrs, please check

There are lots exceed process time for 24hrs, please check

There are lots exceed process time for 48hrs, please check

There are lots exceed process time for 24hrs, please check

There are lots exceed process time for 24hrs, please check

There are lots exceed process time for 48hrs, please check

There are lots exceed process time for 24hrs, please check

There are lots exceed process time for 24hrs, please check

There are lots exceed process time for 48hrs, please check

There are lots exceed process time for 24hrs, please check

There are lots exceed process time for 24hrs, please check

There are lots exceed process time for 48hrs, please check

There are lots exceed process time for 24hrs, please check

There are lots exceed process time for 24hrs, please check

There are lots exceed process time for 48hrs, please check

There are lots exceed process time for 24hrs, please check

There are lots exceed process time for 24hrs, please check

There are lots exceed process time for 48hrs, please check

There are lots exceed process time for 24hrs, please check

There are lots exceed process time for 24hrs, please check

There are lots exceed process time for 48hrs, please check

There are lots exceed process time for 24hrs, please check

There are lots exceed process time for 24hrs, please check

There are lots exceed process time for 48hrs, please check

There are lots exceed process time for 24hrs, please check

There are lots exceed process time for 24hrs, please check

There are lots exceed process time for 48hrs, please check

There are lots exceed process time for 24hrs, please check

There are lots exceed process time for 24hrs, please check

There are lots exceed process time for 48hrs, please check

2012-10-22 13:30:23ZARY_HOLD_LOT Program End

Create log file
2012-10-22 13:41:17Z oee_empaidxsummdaily_purge Program Start
2012-10-22 13:41:17Z oee_empaidxsummdaily_purge Program END 

Create log file
2012-10-22 13:41:42Z oee_empaidxsummhourly_purge Program Start
2012-10-22 13:41:42Z oee_empaidxsummhourly_purge Program END 

Create log file
2012-10-22 13:44:24Z oee_empastcount_purge Program Start
2012-10-22 13:44:24Z oee_empastcount_purge Program END 

Create log file
2012-10-22 13:50:00Z OEE_IS_Hourly_Check_alarm  Program Start
2012-10-22 13:50:00Z OEE_IS_Hourly_Check_alarm  Program END 

Create log file
2012-10-22 13:50:00Z ALCS_Hourly_Check_alarm  Program Start
2012-10-22 13:50:00Z ALCS_Hourly_Check_alarm  Program END 

Create log file
2012-10-22 13:50:01Z SERVER_SELF_CHECK   Program Start
2012-10-22 13:50:01Z SERVER_SELF_CHECK   Program END 

Create log file
2012-10-22 14:01:00ZArray_Photo Program Start
1150 log finish

1650 log finish

2012-10-22 14:01:03ZArray_Photo Program End

Create log file
2012-10-22 14:03:00ZArray_test_repeat Program Start
2012-10-22 14:03:00ZArray_test_repeat Program End

Create log file
2012-10-22 14:44:21Z oee_empaidxsummdaily_purge Program Start
2012-10-22 14:44:21Z oee_empaidxsummdaily_purge Program END 

Create log file
2012-10-22 14:45:05Z oee_empaidxsummhourly_purge Program Start
2012-10-22 14:45:05Z oee_empaidxsummhourly_purge Program END 

Create log file
2012-10-22 14:47:44Z oee_empastcount_purge Program Start
2012-10-22 14:47:44Z oee_empastcount_purge Program END 

Create log file
2012-10-22 14:50:00Z OEE_IS_Hourly_Check_alarm  Program Start
2012-10-22 14:50:00Z OEE_IS_Hourly_Check_alarm  Program END 

Create log file
2012-10-22 14:50:01Z ALCS_Hourly_Check_alarm  Program Start
2012-10-22 14:50:01Z ALCS_Hourly_Check_alarm  Program END 

Create log file
2012-10-22 14:50:02Z SERVER_SELF_CHECK   Program Start
2012-10-22 14:50:02Z SERVER_SELF_CHECK   Program END 

Create log file
2012-10-22 15:01:00ZArray_Photo Program Start
1150 log finish

1650 log finish

2012-10-22 15:01:03ZArray_Photo Program End

Create log file
2012-10-22 15:03:00ZArray_test_repeat Program Start
2012-10-22 15:03:00ZArray_test_repeat Program End

Create log file
2012-10-22 15:41:16Z oee_empaidxsummdaily_purge Program Start
2012-10-22 15:41:16Z oee_empaidxsummdaily_purge Program END 

Create log file
2012-10-22 15:41:48Z oee_empaidxsummhourly_purge Program Start
2012-10-22 15:41:48Z oee_empaidxsummhourly_purge Program END 

Create log file
2012-10-22 15:44:32Z oee_empastcount_purge Program Start
2012-10-22 15:44:32Z oee_empastcount_purge Program END 

Create log file
2012-10-22 15:50:00Z OEE_IS_Hourly_Check_alarm  Program Start
2012-10-22 15:50:00Z OEE_IS_Hourly_Check_alarm  Program END 

Create log file
2012-10-22 15:50:02Z ALCS_Hourly_Check_alarm  Program Start
2012-10-22 15:50:02Z ALCS_Hourly_Check_alarm  Program END 

Create log file
2012-10-22 15:50:03Z SERVER_SELF_CHECK   Program Start
2012-10-22 15:50:03Z SERVER_SELF_CHECK   Program END 

Create log file
2012-10-22 16:01:00ZArray_Photo Program Start
1150 log finish

2012-10-22 16:01:02ZArray_Photo Program End

Create log file
2012-10-22 16:03:00ZArray_test_repeat Program Start
2012-10-22 16:03:00ZArray_test_repeat Program End

Create log file
2012-10-22 16:41:05Z oee_empaidxsummdaily_purge Program Start
2012-10-22 16:41:05Z oee_empaidxsummdaily_purge Program END 

Create log file
2012-10-22 16:41:36Z oee_empaidxsummhourly_purge Program Start
2012-10-22 16:41:36Z oee_empaidxsummhourly_purge Program END 

Create log file
2012-10-22 16:44:24Z oee_empastcount_purge Program Start
2012-10-22 16:44:24Z oee_empastcount_purge Program END 

Create log file
2012-10-22 16:50:00Z OEE_IS_Hourly_Check_alarm  Program Start
2012-10-22 16:50:00Z OEE_IS_Hourly_Check_alarm  Program END 

Create log file
2012-10-22 16:50:00Z ALCS_Hourly_Check_alarm  Program Start
2012-10-22 16:50:00Z ALCS_Hourly_Check_alarm  Program END 

Create log file
2012-10-22 16:50:01Z SERVER_SELF_CHECK   Program Start
2012-10-22 16:50:01Z SERVER_SELF_CHECK   Program END 

Create log file
2012-10-22 17:01:00ZArray_Photo Program Start
1150 log finish

2012-10-22 17:01:03ZArray_Photo Program End

Create log file
2012-10-22 17:03:00ZArray_test_repeat Program Start
2012-10-22 17:03:00ZArray_test_repeat Program End

Create log file
2012-10-22 17:30:00ZARY_HOLD_LOT Program Start
There are lots exceed process time for 24hrs, please check

There are lots exceed process time for 24hrs, please check

There are lots exceed process time for 24hrs, please check

There are lots exceed process time for 24hrs, please check

There are lots exceed process time for 24hrs, please check

There are lots exceed process time for 24hrs, please check

There are lots exceed process time for 24hrs, please check

There are lots exceed process time for 24hrs, please check

There are lots exceed process time for 24hrs, please check

There are lots exceed process time for 24hrs, please check

There are lots exceed process time for 24hrs, please check

There are lots exceed process time for 24hrs, please check

There are lots exceed process time for 24hrs, please check

There are lots exceed process time for 24hrs, please check

There are lots exceed process time for 24hrs, please check

There are lots exceed process time for 24hrs, please check

2012-10-22 17:30:14ZARY_HOLD_LOT Program End

Create log file
2012-10-22 17:41:24Z oee_empaidxsummdaily_purge Program Start
2012-10-22 17:41:24Z oee_empaidxsummdaily_purge Program END 

Create log file
2012-10-22 17:41:45Z oee_empaidxsummhourly_purge Program Start
2012-10-22 17:41:45Z oee_empaidxsummhourly_purge Program END 

Create log file
2012-10-22 17:44:26Z oee_empastcount_purge Program Start
2012-10-22 17:44:26Z oee_empastcount_purge Program END 

Create log file
2012-10-22 17:50:00Z OEE_IS_Hourly_Check_alarm  Program Start
2012-10-22 17:50:00Z OEE_IS_Hourly_Check_alarm  Program END 

Create log file
2012-10-22 17:50:00Z ALCS_Hourly_Check_alarm  Program Start
2012-10-22 17:50:00Z ALCS_Hourly_Check_alarm  Program END 

Create log file
2012-10-22 17:50:01Z SERVER_SELF_CHECK   Program Start
2012-10-22 17:50:01Z SERVER_SELF_CHECK   Program END 

Create log file
2012-10-22 18:01:00ZArray_Photo Program Start
1150 log finish

2012-10-22 18:01:02ZArray_Photo Program End

Create log file
2012-10-22 18:03:00ZArray_test_repeat Program Start
2012-10-22 18:03:00ZArray_test_repeat Program End

Create log file
2012-10-22 18:41:45Z oee_empaidxsummdaily_purge Program Start
2012-10-22 18:41:45Z oee_empaidxsummdaily_purge Program END 

Create log file
2012-10-22 18:42:08Z oee_empaidxsummhourly_purge Program Start
2012-10-22 18:42:08Z oee_empaidxsummhourly_purge Program END 

Create log file
2012-10-22 18:44:50Z oee_empastcount_purge Program Start
2012-10-22 18:44:50Z oee_empastcount_purge Program END 

Create log file
2012-10-22 18:50:00Z OEE_IS_Hourly_Check_alarm  Program Start
2012-10-22 18:50:00Z OEE_IS_Hourly_Check_alarm  Program END 

Create log file
2012-10-22 18:50:00Z ALCS_Hourly_Check_alarm  Program Start
2012-10-22 18:50:00Z ALCS_Hourly_Check_alarm  Program END 

Create log file
2012-10-22 18:50:01Z SERVER_SELF_CHECK   Program Start
2012-10-22 18:50:01Z SERVER_SELF_CHECK   Program END 

Create log file
2012-10-22 19:01:00ZArray_Photo Program Start
1150 log finish

2012-10-22 19:01:02ZArray_Photo Program End

Create log file
2012-10-22 19:03:00ZArray_test_repeat Program Start
2012-10-22 19:03:00ZArray_test_repeat Program End

Create log file
2012-10-22 19:41:17Z oee_empaidxsummdaily_purge Program Start
2012-10-22 19:41:17Z oee_empaidxsummdaily_purge Program END 

Create log file
2012-10-22 19:41:42Z oee_empaidxsummhourly_purge Program Start
2012-10-22 19:41:42Z oee_empaidxsummhourly_purge Program END 

Create log file
2012-10-22 19:44:28Z oee_empastcount_purge Program Start
2012-10-22 19:44:28Z oee_empastcount_purge Program END 

Create log file
2012-10-22 19:50:00Z OEE_IS_Hourly_Check_alarm  Program Start
2012-10-22 19:50:00Z OEE_IS_Hourly_Check_alarm  Program END 

Create log file
2012-10-22 19:50:00Z ALCS_Hourly_Check_alarm  Program Start
2012-10-22 19:50:00Z ALCS_Hourly_Check_alarm  Program END 

Create log file
2012-10-22 19:50:04Z SERVER_SELF_CHECK   Program Start
2012-10-22 19:50:04Z SERVER_SELF_CHECK   Program END 

Create log file
2012-10-22 20:01:00ZArray_Photo Program Start
1150 log finish

2012-10-22 20:01:02ZArray_Photo Program End

Create log file
2012-10-22 20:03:00ZArray_test_repeat Program Start
2012-10-22 20:03:00ZArray_test_repeat Program End

Create log file
2012-10-22 20:41:15Z oee_empaidxsummdaily_purge Program Start
2012-10-22 20:41:15Z oee_empaidxsummdaily_purge Program END 

Create log file
2012-10-22 20:41:41Z oee_empaidxsummhourly_purge Program Start
2012-10-22 20:41:41Z oee_empaidxsummhourly_purge Program END 

Create log file
2012-10-22 20:44:24Z oee_empastcount_purge Program Start
2012-10-22 20:44:24Z oee_empastcount_purge Program END 

Create log file
2012-10-22 20:50:00Z OEE_IS_Hourly_Check_alarm  Program Start
2012-10-22 20:50:00Z OEE_IS_Hourly_Check_alarm  Program END 

Create log file
2012-10-22 20:50:00Z ALCS_Hourly_Check_alarm  Program Start
2012-10-22 20:50:00Z ALCS_Hourly_Check_alarm  Program END 

Create log file
2012-10-22 20:50:01Z SERVER_SELF_CHECK   Program Start
2012-10-22 20:50:01Z SERVER_SELF_CHECK   Program END 

Create log file
2012-10-22 21:01:00ZArray_Photo Program Start
1150 log finish

1250 log finish

2012-10-22 21:01:03ZArray_Photo Program End

Create log file
2012-10-22 21:30:01ZARY_HOLD_LOT Program Start
There are lots exceed process time for 24hrs, please check

There are lots exceed process time for 24hrs, please check

There are lots exceed process time for 24hrs, please check

There are lots exceed process time for 24hrs, please check

There are lots exceed process time for 24hrs, please check

There are lots exceed process time for 24hrs, please check

There are lots exceed process time for 24hrs, please check

There are lots exceed process time for 24hrs, please check

There are lots exceed process time for 24hrs, please check

There are lots exceed process time for 24hrs, please check

There are lots exceed process time for 24hrs, please check

There are lots exceed process time for 24hrs, please check

There are lots exceed process time for 24hrs, please check

There are lots exceed process time for 24hrs, please check

There are lots exceed process time for 24hrs, please check

There are lots exceed process time for 24hrs, please check

2012-10-22 21:30:18ZARY_HOLD_LOT Program End

Create log file
2012-10-22 21:41:20Z oee_empaidxsummdaily_purge Program Start
2012-10-22 21:41:20Z oee_empaidxsummdaily_purge Program END 

Create log file
2012-10-22 21:41:40Z oee_empaidxsummhourly_purge Program Start
2012-10-22 21:41:40Z oee_empaidxsummhourly_purge Program END 

Create log file
2012-10-22 21:44:29Z oee_empastcount_purge Program Start
2012-10-22 21:44:29Z oee_empastcount_purge Program END 

Create log file
2012-10-22 21:50:00Z OEE_IS_Hourly_Check_alarm  Program Start
2012-10-22 21:50:00Z OEE_IS_Hourly_Check_alarm  Program END 

Create log file
2012-10-22 21:50:04Z ALCS_Hourly_Check_alarm  Program Start
2012-10-22 21:50:04Z ALCS_Hourly_Check_alarm  Program END 

Create log file
2012-10-22 21:50:04Z SERVER_SELF_CHECK   Program Start
2012-10-22 21:50:04Z SERVER_SELF_CHECK   Program END 

Create log file
2012-10-22 22:00:00ZSERVER_SMS_TEST Program Start
SMS log finish

2012-10-22 22:00:00ZSERVER_SMS_TEST Program End

Create log file
2012-10-22 22:01:00ZArray_Photo Program Start
1150 log finish

2012-10-22 22:01:02ZArray_Photo Program End

Create log file
2012-10-22 22:03:00ZArray_test_repeat Program Start
2012-10-22 22:03:00ZArray_test_repeat Program End

Create log file
2012-10-22 22:41:18Z oee_empaidxsummdaily_purge Program Start
2012-10-22 22:41:18Z oee_empaidxsummdaily_purge Program END 

Create log file
2012-10-22 22:41:43Z oee_empaidxsummhourly_purge Program Start
2012-10-22 22:41:43Z oee_empaidxsummhourly_purge Program END 

Create log file
2012-10-22 22:44:29Z oee_empastcount_purge Program Start
2012-10-22 22:44:29Z oee_empastcount_purge Program END 

Create log file
2012-10-22 22:50:00Z OEE_IS_Hourly_Check_alarm  Program Start
2012-10-22 22:50:00Z OEE_IS_Hourly_Check_alarm  Program END 

Create log file
2012-10-22 22:50:00Z ALCS_Hourly_Check_alarm  Program Start
2012-10-22 22:50:00Z ALCS_Hourly_Check_alarm  Program END 

Create log file
2012-10-22 22:50:01Z SERVER_SELF_CHECK   Program Start
2012-10-22 22:50:01Z SERVER_SELF_CHECK   Program END 

Create log file
2012-10-22 23:01:00ZArray_Photo Program Start
2012-10-22 23:01:02ZArray_Photo Program End

Create log file
2012-10-22 23:03:00ZArray_test_repeat Program Start
2012-10-22 23:03:00ZArray_test_repeat Program End

Create log file
2012-10-22 23:41:16Z oee_empaidxsummdaily_purge Program Start
2012-10-22 23:41:16Z oee_empaidxsummdaily_purge Program END 

Create log file
2012-10-22 23:41:42Z oee_empaidxsummhourly_purge Program Start
2012-10-22 23:41:42Z oee_empaidxsummhourly_purge Program END 

Create log file
2012-10-22 23:44:32Z oee_empastcount_purge Program Start
2012-10-22 23:44:32Z oee_empastcount_purge Program END 

Create log file
2012-10-22 23:50:00Z OEE_IS_Hourly_Check_alarm  Program Start
2012-10-22 23:50:00Z OEE_IS_Hourly_Check_alarm  Program END 

Create log file
2012-10-22 23:50:01Z ALCS_Hourly_Check_alarm  Program Start
2012-10-22 23:50:01Z ALCS_Hourly_Check_alarm  Program END 

Create log file
2012-10-22 23:50:02Z SERVER_SELF_CHECK   Program Start
2012-10-22 23:50:02Z SERVER_SELF_CHECK   Program END 

