Create log file
2012-10-11 00:01:00ZArray_Photo Program Start
2012-10-11 00:01:02ZArray_Photo Program End

Create log file
2012-10-11 00:03:00ZArray_test_repeat Program Start
2012-10-11 00:03:01ZArray_test_repeat Program End

Create log file
2012-10-11 00:10:00Z T0T1 InnoView Add User Program Start
2012-10-11 00:10:00Z T0T1 InnoView Add User Program END 

Create log file
2012-10-11 00:20:14Z VPNLOG_PARSER Program Start
2012-10-11 00:20:14Z VPNLOG_PARSER Program END 

Create log file
2012-10-11 00:30:00Z T0/T1 RealTimeDept Program Start
2012-10-11 00:30:00Z T0/T1 RealTimeDept Program END 

Create log file
2012-10-11 00:41:38Z oee_empaidxsummdaily_purge Program Start
2012-10-11 00:41:38Z oee_empaidxsummdaily_purge Program END 

Create log file
2012-10-11 00:42:41Z oee_empaidxsummhourly_purge Program Start
2012-10-11 00:42:41Z oee_empaidxsummhourly_purge Program END 

Create log file
2012-10-11 00:46:39Z oee_empastcount_purge Program Start
2012-10-11 00:46:39Z oee_empastcount_purge Program END 

Create log file
2012-10-11 00:50:00Z OEE_IS_Hourly_Check_alarm  Program Start
2012-10-11 00:50:00Z OEE_IS_Hourly_Check_alarm  Program END 

Create log file
2012-10-11 00:50:01Z ALCS_Hourly_Check_alarm  Program Start
2012-10-11 00:50:01Z ALCS_Hourly_Check_alarm  Program END 

Create log file
2012-10-11 00:50:04Z SERVER_SELF_CHECK   Program Start
2012-10-11 00:50:04Z SERVER_SELF_CHECK   Program END 

Create log file
2012-10-11 01:01:00ZArray_Photo Program Start
2012-10-11 01:01:04ZArray_Photo Program End

Create log file
2012-10-11 01:03:00ZArray_test_repeat Program Start
2012-10-11 01:03:01ZArray_test_repeat Program End

Create log file
2012-10-11 01:30:03ZARY_HOLD_LOT Program Start
There are lots exceed process time for 24hrs, please check

There are lots exceed process time for 24hrs, please check

There are lots exceed process time for 24hrs, please check

There are lots exceed process time for 24hrs, please check

There are lots exceed process time for 24hrs, please check

There are lots exceed process time for 24hrs, please check

There are lots exceed process time for 24hrs, please check

There are lots exceed process time for 24hrs, please check

There are lots exceed process time for 24hrs, please check

There are lots exceed process time for 24hrs, please check

There are lots exceed process time for 24hrs, please check

There are lots exceed process time for 24hrs, please check

There are lots exceed process time for 24hrs, please check

There are lots exceed process time for 24hrs, please check

There are lots exceed process time for 24hrs, please check

There are lots exceed process time for 24hrs, please check

2012-10-11 01:30:28ZARY_HOLD_LOT Program End

Create log file
2012-10-11 01:41:18Z oee_empaidxsummdaily_purge Program Start
2012-10-11 01:41:18Z oee_empaidxsummdaily_purge Program END 

Create log file
2012-10-11 01:42:11Z oee_empaidxsummhourly_purge Program Start
2012-10-11 01:42:11Z oee_empaidxsummhourly_purge Program END 

Create log file
2012-10-11 01:44:28Z oee_empastcount_purge Program Start
2012-10-11 01:44:28Z oee_empastcount_purge Program END 

Create log file
2012-10-11 01:50:00Z OEE_IS_Hourly_Check_alarm  Program Start
2012-10-11 01:50:00Z OEE_IS_Hourly_Check_alarm  Program END 

Create log file
2012-10-11 01:50:00Z ALCS_Hourly_Check_alarm  Program Start
2012-10-11 01:50:00Z ALCS_Hourly_Check_alarm  Program END 

Create log file
2012-10-11 01:50:01Z SERVER_SELF_CHECK   Program Start
2012-10-11 01:50:01Z SERVER_SELF_CHECK   Program END 

Create log file
2012-10-11 02:01:00ZArray_Photo Program Start
2012-10-11 02:01:02ZArray_Photo Program End

Create log file
2012-10-11 02:03:00ZArray_test_repeat Program Start
2012-10-11 02:03:00ZArray_test_repeat Program End

Create log file
2012-10-11 02:41:25Z oee_empaidxsummdaily_purge Program Start
2012-10-11 02:41:25Z oee_empaidxsummdaily_purge Program END 

Create log file
2012-10-11 02:42:21Z oee_empaidxsummhourly_purge Program Start
2012-10-11 02:42:21Z oee_empaidxsummhourly_purge Program END 

Create log file
2012-10-11 02:44:31Z oee_empastcount_purge Program Start
2012-10-11 02:44:31Z oee_empastcount_purge Program END 

Create log file
2012-10-11 02:50:00Z OEE_IS_Hourly_Check_alarm  Program Start
2012-10-11 02:50:00Z OEE_IS_Hourly_Check_alarm  Program END 

Create log file
2012-10-11 02:50:03Z ALCS_Hourly_Check_alarm  Program Start
2012-10-11 02:50:03Z ALCS_Hourly_Check_alarm  Program END 

Create log file
2012-10-11 02:50:04Z SERVER_SELF_CHECK   Program Start
2012-10-11 02:50:04Z SERVER_SELF_CHECK   Program END 

Create log file
2012-10-11 03:01:00ZArray_Photo Program Start
2012-10-11 03:01:02ZArray_Photo Program End

Create log file
2012-10-11 03:03:00ZArray_test_repeat Program Start
2012-10-11 03:03:00ZArray_test_repeat Program End

Create log file
2012-10-11 03:41:24Z oee_empaidxsummdaily_purge Program Start
2012-10-11 03:41:24Z oee_empaidxsummdaily_purge Program END 

Create log file
2012-10-11 03:42:20Z oee_empaidxsummhourly_purge Program Start
2012-10-11 03:42:20Z oee_empaidxsummhourly_purge Program END 

Create log file
2012-10-11 03:44:28Z oee_empastcount_purge Program Start
2012-10-11 03:44:28Z oee_empastcount_purge Program END 

Create log file
2012-10-11 03:50:00Z OEE_IS_Hourly_Check_alarm  Program Start
2012-10-11 03:50:00Z OEE_IS_Hourly_Check_alarm  Program END 

Create log file
2012-10-11 03:50:02Z ALCS_Hourly_Check_alarm  Program Start
2012-10-11 03:50:02Z ALCS_Hourly_Check_alarm  Program END 

Create log file
2012-10-11 03:50:03Z SERVER_SELF_CHECK   Program Start
2012-10-11 03:50:03Z SERVER_SELF_CHECK   Program END 

Create log file
2012-10-11 04:01:00ZArray_Photo Program Start
2012-10-11 04:01:03ZArray_Photo Program End

Create log file
2012-10-11 04:03:00ZArray_test_repeat Program Start
2012-10-11 04:03:00ZArray_test_repeat Program End

Create log file
2012-10-11 04:41:24Z oee_empaidxsummdaily_purge Program Start
2012-10-11 04:41:24Z oee_empaidxsummdaily_purge Program END 

Create log file
2012-10-11 04:42:29Z oee_empaidxsummhourly_purge Program Start
2012-10-11 04:42:29Z oee_empaidxsummhourly_purge Program END 

Create log file
2012-10-11 04:44:27Z oee_empastcount_purge Program Start
2012-10-11 04:44:27Z oee_empastcount_purge Program END 

Create log file
2012-10-11 04:50:00Z OEE_IS_Hourly_Check_alarm  Program Start
2012-10-11 04:50:00Z OEE_IS_Hourly_Check_alarm  Program END 

Create log file
2012-10-11 04:50:01Z ALCS_Hourly_Check_alarm  Program Start
2012-10-11 04:50:01Z ALCS_Hourly_Check_alarm  Program END 

Create log file
2012-10-11 04:50:01Z SERVER_SELF_CHECK   Program Start
2012-10-11 04:50:01Z SERVER_SELF_CHECK   Program END 

Create log file
2012-10-11 05:01:00ZArray_Photo Program Start
2012-10-11 05:01:03ZArray_Photo Program End

Create log file
2012-10-11 05:03:00ZArray_test_repeat Program Start
2012-10-11 05:03:00ZArray_test_repeat Program End

Create log file
2012-10-11 05:30:08ZARY_HOLD_LOT Program Start
There are lots exceed process time for 24hrs, please check

There are lots exceed process time for 24hrs, please check

There are lots exceed process time for 24hrs, please check

There are lots exceed process time for 24hrs, please check

There are lots exceed process time for 24hrs, please check

There are lots exceed process time for 24hrs, please check

There are lots exceed process time for 24hrs, please check

There are lots exceed process time for 24hrs, please check

There are lots exceed process time for 24hrs, please check

There are lots exceed process time for 24hrs, please check

There are lots exceed process time for 24hrs, please check

There are lots exceed process time for 24hrs, please check

There are lots exceed process time for 24hrs, please check

2012-10-11 05:30:25ZARY_HOLD_LOT Program End

Create log file
2012-10-11 05:41:17Z oee_empaidxsummdaily_purge Program Start
2012-10-11 05:41:17Z oee_empaidxsummdaily_purge Program END 

Create log file
2012-10-11 05:42:08Z oee_empaidxsummhourly_purge Program Start
2012-10-11 05:42:08Z oee_empaidxsummhourly_purge Program END 

Create log file
2012-10-11 05:44:20Z oee_empastcount_purge Program Start
2012-10-11 05:44:20Z oee_empastcount_purge Program END 

Create log file
2012-10-11 05:50:00Z OEE_IS_Hourly_Check_alarm  Program Start
2012-10-11 05:50:00Z OEE_IS_Hourly_Check_alarm  Program END 

Create log file
2012-10-11 05:50:00Z ALCS_Hourly_Check_alarm  Program Start
2012-10-11 05:50:00Z ALCS_Hourly_Check_alarm  Program END 

Create log file
2012-10-11 05:50:01Z SERVER_SELF_CHECK   Program Start
2012-10-11 05:50:01Z SERVER_SELF_CHECK   Program END 

Create log file
2012-10-11 06:01:00ZArray_Photo Program Start
2012-10-11 06:01:02ZArray_Photo Program End

Create log file
2012-10-11 06:03:00ZArray_test_repeat Program Start
2012-10-11 06:03:00ZArray_test_repeat Program End

Create log file
2012-10-11 06:41:18Z oee_empaidxsummdaily_purge Program Start
2012-10-11 06:41:18Z oee_empaidxsummdaily_purge Program END 

Create log file
2012-10-11 06:42:25Z oee_empaidxsummhourly_purge Program Start
2012-10-11 06:42:25Z oee_empaidxsummhourly_purge Program END 

Create log file
2012-10-11 06:44:28Z oee_empastcount_purge Program Start
2012-10-11 06:44:28Z oee_empastcount_purge Program END 

Create log file
2012-10-11 06:50:53Z ODS_Recover_Lot 142 Lots Program Start
2012-10-11 06:50:53Z ODS_Recover_Lot 142 Lots Program END 

Create log file
2012-10-11 06:51:06Z OEE_IS_Hourly_Check_alarm  Program Start
2012-10-11 06:51:06Z OEE_IS_Hourly_Check_alarm  Program END 

Create log file
2012-10-11 06:51:07Z ALCS_Hourly_Check_alarm  Program Start
2012-10-11 06:51:07Z ALCS_Hourly_Check_alarm  Program END 

Create log file
2012-10-11 06:51:08Z SERVER_SELF_CHECK   Program Start
2012-10-11 06:51:08Z SERVER_SELF_CHECK   Program END 

Create log file
2012-10-11 07:01:00ZArray_Photo Program Start
2012-10-11 07:01:03ZArray_Photo Program End

Create log file
2012-10-11 07:03:00ZArray_test_repeat Program Start
2012-10-11 07:03:00ZArray_test_repeat Program End

Create log file
2012-10-11 07:41:19Z oee_empaidxsummdaily_purge Program Start
2012-10-11 07:41:19Z oee_empaidxsummdaily_purge Program END 

Create log file
2012-10-11 07:42:22Z oee_empaidxsummhourly_purge Program Start
2012-10-11 07:42:22Z oee_empaidxsummhourly_purge Program END 

Create log file
2012-10-11 07:44:23Z oee_empastcount_purge Program Start
2012-10-11 07:44:23Z oee_empastcount_purge Program END 

Create log file
2012-10-11 07:50:08Z OEE_IS_Hourly_Check_alarm  Program Start
2012-10-11 07:50:08Z OEE_IS_Hourly_Check_alarm  Program END 

Create log file
2012-10-11 07:50:09Z ALCS_Hourly_Check_alarm  Program Start
2012-10-11 07:50:09Z ALCS_Hourly_Check_alarm  Program END 

Create log file
2012-10-11 07:50:13Z SERVER_SELF_CHECK   Program Start
2012-10-11 07:50:13Z SERVER_SELF_CHECK   Program END 

Create log file
2012-10-11 08:00:01Z Check_Onduty_Time From Onduty_dotnet2  Program Start
2012-10-11 08:00:01Z Check_Onduty_Time From Onduty_dotnet2  Program END 

Create log file
2012-10-11 08:01:00ZArray_Photo Program Start
2012-10-11 08:01:03ZArray_Photo Program End

Create log file
2012-10-11 08:03:00ZArray_test_repeat Program Start
2012-10-11 08:03:00ZArray_test_repeat Program End

Create log file
2012-10-11 08:30:00ZHoliday_inout_SMS Program Start
2012-10-11 08:30:00ZHoliday_Inout_SMS Program End

Create log file
2012-10-11 08:32:00ZOEE_EQP_SMS Program Start
2012-10-11 08:32:39ZOEE_EQP_SMS Program End

Create log file
2012-10-11 08:41:20Z oee_empaidxsummdaily_purge Program Start
2012-10-11 08:41:20Z oee_empaidxsummdaily_purge Program END 

Create log file
2012-10-11 08:42:29Z oee_empaidxsummhourly_purge Program Start
2012-10-11 08:42:29Z oee_empaidxsummhourly_purge Program END 

Create log file
2012-10-11 08:44:29Z oee_empastcount_purge Program Start
2012-10-11 08:44:29Z oee_empastcount_purge Program END 

Create log file
2012-10-11 08:45:00ZHoliday_inout_SMS_For_C2 Program Start
2012-10-11 08:45:06ZHoliday_Inout_SMS_For_C2 Program End

Create log file
2012-10-11 08:50:00Z OEE_IS_Hourly_Check_alarm  Program Start
2012-10-11 08:50:00Z OEE_IS_Hourly_Check_alarm  Program END 

Create log file
2012-10-11 08:50:02Z ALCS_Hourly_Check_alarm  Program Start
2012-10-11 08:50:02Z ALCS_Hourly_Check_alarm  Program END 

Create log file
2012-10-11 08:50:03Z SERVER_SELF_CHECK   Program Start
2012-10-11 08:50:03Z SERVER_SELF_CHECK   Program END 

Create log file
2012-10-11 09:01:02ZArray_Photo Program Start
2012-10-11 09:01:05ZArray_Photo Program End

Create log file
2012-10-11 09:03:00ZArray_test_repeat Program Start
2012-10-11 09:03:00ZArray_test_repeat Program End

Create log file
2012-10-11 09:30:00ZARY_HOLD_LOT Program Start
There are lots exceed process time for 24hrs, please check

There are lots exceed process time for 24hrs, please check

There are lots exceed process time for 24hrs, please check

There are lots exceed process time for 24hrs, please check

There are lots exceed process time for 24hrs, please check

There are lots exceed process time for 24hrs, please check

There are lots exceed process time for 24hrs, please check

There are lots exceed process time for 24hrs, please check

There are lots exceed process time for 24hrs, please check

There are lots exceed process time for 24hrs, please check

There are lots exceed process time for 24hrs, please check

There are lots exceed process time for 24hrs, please check

There are lots exceed process time for 24hrs, please check

There are lots exceed process time for 24hrs, please check

There are lots exceed process time for 24hrs, please check

There are lots exceed process time for 24hrs, please check

There are lots exceed process time for 24hrs, please check

2012-10-11 09:30:29ZARY_HOLD_LOT Program End

Create log file
2012-10-11 09:41:18Z oee_empaidxsummdaily_purge Program Start
2012-10-11 09:41:18Z oee_empaidxsummdaily_purge Program END 

Create log file
2012-10-11 09:42:15Z oee_empaidxsummhourly_purge Program Start
2012-10-11 09:42:15Z oee_empaidxsummhourly_purge Program END 

Create log file
2012-10-11 09:44:28Z oee_empastcount_purge Program Start
2012-10-11 09:44:28Z oee_empastcount_purge Program END 

Create log file
2012-10-11 09:50:00Z OEE_IS_Hourly_Check_alarm  Program Start
2012-10-11 09:50:00Z OEE_IS_Hourly_Check_alarm  Program END 

Create log file
2012-10-11 09:50:01Z ALCS_Hourly_Check_alarm  Program Start
2012-10-11 09:50:01Z ALCS_Hourly_Check_alarm  Program END 

Create log file
2012-10-11 09:50:01Z SERVER_SELF_CHECK   Program Start
2012-10-11 09:50:01Z SERVER_SELF_CHECK   Program END 

Create log file
2012-10-11 10:01:00ZArray_Photo Program Start
2012-10-11 10:01:05ZArray_Photo Program End

Create log file
2012-10-11 10:03:00ZArray_test_repeat Program Start
2012-10-11 10:03:00ZArray_test_repeat Program End

Create log file
2012-10-11 10:41:07Z oee_empaidxsummdaily_purge Program Start
2012-10-11 10:41:07Z oee_empaidxsummdaily_purge Program END 

Create log file
2012-10-11 10:42:08Z oee_empaidxsummhourly_purge Program Start
2012-10-11 10:42:08Z oee_empaidxsummhourly_purge Program END 

Create log file
2012-10-11 10:44:23Z oee_empastcount_purge Program Start
2012-10-11 10:44:23Z oee_empastcount_purge Program END 

Create log file
2012-10-11 10:50:00Z OEE_IS_Hourly_Check_alarm  Program Start
2012-10-11 10:50:00Z OEE_IS_Hourly_Check_alarm  Program END 

Create log file
2012-10-11 10:50:00Z ALCS_Hourly_Check_alarm  Program Start
2012-10-11 10:50:00Z ALCS_Hourly_Check_alarm  Program END 

Create log file
2012-10-11 10:50:01Z SERVER_SELF_CHECK   Program Start
2012-10-11 10:50:01Z SERVER_SELF_CHECK   Program END 

Create log file
2012-10-11 11:01:00ZArray_Photo Program Start
2012-10-11 11:01:03ZArray_Photo Program End

Create log file
2012-10-11 11:03:00ZArray_test_repeat Program Start
2012-10-11 11:03:00ZArray_test_repeat Program End

Create log file
2012-10-11 11:40:00Z T1OEE Purge Program Start
2012-10-11 11:40:00Z T1OEE Purge Program END 

Create log file
2012-10-11 11:50:00Z OEE_IS_Hourly_Check_alarm  Program Start
2012-10-11 11:50:00Z OEE_IS_Hourly_Check_alarm  Program END 

Create log file
2012-10-11 11:50:01Z ALCS_Hourly_Check_alarm  Program Start
2012-10-11 11:50:01Z ALCS_Hourly_Check_alarm  Program END 

Create log file
2012-10-11 11:50:01Z SERVER_SELF_CHECK   Program Start
2012-10-11 11:50:01Z SERVER_SELF_CHECK   Program END 

Create log file
2012-10-11 12:01:00ZArray_Photo Program Start
2012-10-11 12:01:03ZArray_Photo Program End

Create log file
2012-10-11 12:03:00ZArray_test_repeat Program Start
2012-10-11 12:03:00ZArray_test_repeat Program End

Create log file
2012-10-11 12:09:20Z oee_empaidxsummdaily_purge Program Start
2012-10-11 12:09:20Z oee_empaidxsummdaily_purge Program END 

Create log file
2012-10-11 12:10:36Z oee_empaidxsummhourly_purge Program Start
2012-10-11 12:10:36Z oee_empaidxsummhourly_purge Program END 

Create log file
2012-10-11 12:12:52Z oee_empastcount_purge Program Start
2012-10-11 12:12:52Z oee_empastcount_purge Program END 

Create log file
2012-10-11 12:41:15Z oee_empaidxsummdaily_purge Program Start
2012-10-11 12:41:15Z oee_empaidxsummdaily_purge Program END 

Create log file
2012-10-11 12:41:50Z oee_empaidxsummhourly_purge Program Start
2012-10-11 12:41:50Z oee_empaidxsummhourly_purge Program END 

Create log file
2012-10-11 12:44:27Z oee_empastcount_purge Program Start
2012-10-11 12:44:27Z oee_empastcount_purge Program END 

Create log file
2012-10-11 12:50:00Z OEE_IS_Hourly_Check_alarm  Program Start
2012-10-11 12:50:00Z OEE_IS_Hourly_Check_alarm  Program END 

Create log file
2012-10-11 12:50:01Z ALCS_Hourly_Check_alarm  Program Start
2012-10-11 12:50:01Z ALCS_Hourly_Check_alarm  Program END 

Create log file
2012-10-11 12:50:02Z SERVER_SELF_CHECK   Program Start
2012-10-11 12:50:02Z SERVER_SELF_CHECK   Program END 

Create log file
2012-10-11 13:01:00ZArray_Photo Program Start
1250 log finish

2012-10-11 13:01:03ZArray_Photo Program End

Create log file
2012-10-11 13:03:00ZArray_test_repeat Program Start
2012-10-11 13:03:00ZArray_test_repeat Program End

Create log file
2012-10-11 13:30:00ZARY_HOLD_LOT Program Start
There are lots exceed process time for 24hrs, please check

There are lots exceed process time for 24hrs, please check

There are lots exceed process time for 48hrs, please check

There are lots exceed process time for 24hrs, please check

There are lots exceed process time for 24hrs, please check

There are lots exceed process time for 48hrs, please check

There are lots exceed process time for 24hrs, please check

There are lots exceed process time for 24hrs, please check

There are lots exceed process time for 48hrs, please check

There are lots exceed process time for 24hrs, please check

There are lots exceed process time for 24hrs, please check

There are lots exceed process time for 48hrs, please check

There are lots exceed process time for 24hrs, please check

There are lots exceed process time for 24hrs, please check

There are lots exceed process time for 48hrs, please check

There are lots exceed process time for 24hrs, please check

There are lots exceed process time for 24hrs, please check

There are lots exceed process time for 48hrs, please check

There are lots exceed process time for 24hrs, please check

There are lots exceed process time for 24hrs, please check

There are lots exceed process time for 48hrs, please check

There are lots exceed process time for 24hrs, please check

There are lots exceed process time for 24hrs, please check

There are lots exceed process time for 24hrs, please check

There are lots exceed process time for 24hrs, please check

There are lots exceed process time for 24hrs, please check

There are lots exceed process time for 24hrs, please check

There are lots exceed process time for 24hrs, please check

There are lots exceed process time for 24hrs, please check

There are lots exceed process time for 48hrs, please check

There are lots exceed process time for 24hrs, please check

There are lots exceed process time for 24hrs, please check

There are lots exceed process time for 24hrs, please check

There are lots exceed process time for 24hrs, please check

There are lots exceed process time for 24hrs, please check

There are lots exceed process time for 24hrs, please check

2012-10-11 13:30:21ZARY_HOLD_LOT Program End

Create log file
2012-10-11 13:47:45Z oee_empaidxsummdaily_purge Program Start
2012-10-11 13:47:45Z oee_empaidxsummdaily_purge Program END 

Create log file
2012-10-11 13:48:13Z oee_empaidxsummhourly_purge Program Start
2012-10-11 13:48:13Z oee_empaidxsummhourly_purge Program END 

Create log file
2012-10-11 13:50:00Z OEE_IS_Hourly_Check_alarm  Program Start
2012-10-11 13:50:00Z OEE_IS_Hourly_Check_alarm  Program END 

Create log file
2012-10-11 13:50:00Z ALCS_Hourly_Check_alarm  Program Start
2012-10-11 13:50:00Z ALCS_Hourly_Check_alarm  Program END 

Create log file
2012-10-11 13:50:01Z SERVER_SELF_CHECK   Program Start
2012-10-11 13:50:01Z SERVER_SELF_CHECK   Program END 

Create log file
2012-10-11 13:50:55Z oee_empastcount_purge Program Start
2012-10-11 13:50:55Z oee_empastcount_purge Program END 

Create log file
2012-10-11 14:01:00ZArray_Photo Program Start
1250 log finish

2012-10-11 14:01:03ZArray_Photo Program End

Create log file
2012-10-11 14:03:00ZArray_test_repeat Program Start
2012-10-11 14:03:00ZArray_test_repeat Program End

Create log file
2012-10-11 14:41:47Z oee_empaidxsummdaily_purge Program Start
2012-10-11 14:41:47Z oee_empaidxsummdaily_purge Program END 

Create log file
2012-10-11 14:42:12Z oee_empaidxsummhourly_purge Program Start
2012-10-11 14:42:12Z oee_empaidxsummhourly_purge Program END 

Create log file
2012-10-11 14:44:50Z oee_empastcount_purge Program Start
2012-10-11 14:44:50Z oee_empastcount_purge Program END 

Create log file
2012-10-11 14:50:00Z OEE_IS_Hourly_Check_alarm  Program Start
2012-10-11 14:50:00Z OEE_IS_Hourly_Check_alarm  Program END 

Create log file
2012-10-11 14:50:02Z ALCS_Hourly_Check_alarm  Program Start
2012-10-11 14:50:02Z ALCS_Hourly_Check_alarm  Program END 

Create log file
2012-10-11 14:50:02Z SERVER_SELF_CHECK   Program Start
2012-10-11 14:50:02Z SERVER_SELF_CHECK   Program END 

Create log file
2012-10-11 15:01:00ZArray_Photo Program Start
1250 log finish

2012-10-11 15:01:03ZArray_Photo Program End

Create log file
2012-10-11 15:03:00ZArray_test_repeat Program Start
2012-10-11 15:03:00ZArray_test_repeat Program End

Create log file
2012-10-11 15:41:08Z oee_empaidxsummdaily_purge Program Start
2012-10-11 15:41:08Z oee_empaidxsummdaily_purge Program END 

Create log file
2012-10-11 15:41:37Z oee_empaidxsummhourly_purge Program Start
2012-10-11 15:41:37Z oee_empaidxsummhourly_purge Program END 

Create log file
2012-10-11 15:44:20Z oee_empastcount_purge Program Start
2012-10-11 15:44:20Z oee_empastcount_purge Program END 

Create log file
2012-10-11 15:50:00Z OEE_IS_Hourly_Check_alarm  Program Start
2012-10-11 15:50:00Z OEE_IS_Hourly_Check_alarm  Program END 

Create log file
2012-10-11 15:50:00Z ALCS_Hourly_Check_alarm  Program Start
2012-10-11 15:50:00Z ALCS_Hourly_Check_alarm  Program END 

Create log file
2012-10-11 15:50:01Z SERVER_SELF_CHECK   Program Start
2012-10-11 15:50:01Z SERVER_SELF_CHECK   Program END 

Create log file
2012-10-11 16:01:00ZArray_Photo Program Start
1250 log finish

2012-10-11 16:01:04ZArray_Photo Program End

Create log file
2012-10-11 16:03:00ZArray_test_repeat Program Start
2012-10-11 16:03:00ZArray_test_repeat Program End

Create log file
2012-10-11 16:41:18Z oee_empaidxsummdaily_purge Program Start
2012-10-11 16:41:18Z oee_empaidxsummdaily_purge Program END 

Create log file
2012-10-11 16:41:41Z oee_empaidxsummhourly_purge Program Start
2012-10-11 16:41:41Z oee_empaidxsummhourly_purge Program END 

Create log file
2012-10-11 16:44:25Z oee_empastcount_purge Program Start
2012-10-11 16:44:25Z oee_empastcount_purge Program END 

Create log file
2012-10-11 16:50:00Z OEE_IS_Hourly_Check_alarm  Program Start
2012-10-11 16:50:00Z OEE_IS_Hourly_Check_alarm  Program END 

Create log file
2012-10-11 16:50:01Z ALCS_Hourly_Check_alarm  Program Start
2012-10-11 16:50:01Z ALCS_Hourly_Check_alarm  Program END 

Create log file
2012-10-11 16:50:02Z SERVER_SELF_CHECK   Program Start
2012-10-11 16:50:02Z SERVER_SELF_CHECK   Program END 

Create log file
2012-10-11 17:01:00ZArray_Photo Program Start
2012-10-11 17:01:03ZArray_Photo Program End

Create log file
2012-10-11 17:03:00ZArray_test_repeat Program Start
2012-10-11 17:03:00ZArray_test_repeat Program End

Create log file
2012-10-11 17:30:00ZARY_HOLD_LOT Program Start
There are lots exceed process time for 24hrs, please check

There are lots exceed process time for 24hrs, please check

There are lots exceed process time for 24hrs, please check

There are lots exceed process time for 24hrs, please check

There are lots exceed process time for 24hrs, please check

There are lots exceed process time for 24hrs, please check

There are lots exceed process time for 24hrs, please check

There are lots exceed process time for 24hrs, please check

There are lots exceed process time for 24hrs, please check

There are lots exceed process time for 24hrs, please check

There are lots exceed process time for 24hrs, please check

There are lots exceed process time for 24hrs, please check

There are lots exceed process time for 24hrs, please check

There are lots exceed process time for 24hrs, please check

There are lots exceed process time for 24hrs, please check

There are lots exceed process time for 24hrs, please check

There are lots exceed process time for 24hrs, please check

2012-10-11 17:30:19ZARY_HOLD_LOT Program End

Create log file
2012-10-11 17:41:13Z oee_empaidxsummdaily_purge Program Start
2012-10-11 17:41:13Z oee_empaidxsummdaily_purge Program END 

Create log file
2012-10-11 17:41:37Z oee_empaidxsummhourly_purge Program Start
2012-10-11 17:41:37Z oee_empaidxsummhourly_purge Program END 

Create log file
2012-10-11 17:44:15Z oee_empastcount_purge Program Start
2012-10-11 17:44:15Z oee_empastcount_purge Program END 

Create log file
2012-10-11 17:50:00Z OEE_IS_Hourly_Check_alarm  Program Start
2012-10-11 17:50:00Z OEE_IS_Hourly_Check_alarm  Program END 

Create log file
2012-10-11 17:50:00Z ALCS_Hourly_Check_alarm  Program Start
2012-10-11 17:50:00Z ALCS_Hourly_Check_alarm  Program END 

Create log file
2012-10-11 17:50:01Z SERVER_SELF_CHECK   Program Start
2012-10-11 17:50:01Z SERVER_SELF_CHECK   Program END 

Create log file
2012-10-11 18:01:00ZArray_Photo Program Start
2012-10-11 18:01:02ZArray_Photo Program End

Create log file
2012-10-11 18:03:00ZArray_test_repeat Program Start
2012-10-11 18:03:01ZArray_test_repeat Program End

Create log file
2012-10-11 18:41:15Z oee_empaidxsummdaily_purge Program Start
2012-10-11 18:41:15Z oee_empaidxsummdaily_purge Program END 

Create log file
2012-10-11 18:41:37Z oee_empaidxsummhourly_purge Program Start
2012-10-11 18:41:37Z oee_empaidxsummhourly_purge Program END 

Create log file
2012-10-11 18:44:18Z oee_empastcount_purge Program Start
2012-10-11 18:44:18Z oee_empastcount_purge Program END 

Create log file
2012-10-11 18:50:00Z OEE_IS_Hourly_Check_alarm  Program Start
2012-10-11 18:50:00Z OEE_IS_Hourly_Check_alarm  Program END 

Create log file
2012-10-11 18:50:00Z ALCS_Hourly_Check_alarm  Program Start
2012-10-11 18:50:00Z ALCS_Hourly_Check_alarm  Program END 

Create log file
2012-10-11 18:50:01Z SERVER_SELF_CHECK   Program Start
2012-10-11 18:50:01Z SERVER_SELF_CHECK   Program END 

Create log file
2012-10-11 19:01:00ZArray_Photo Program Start
2012-10-11 19:01:02ZArray_Photo Program End

Create log file
2012-10-11 19:03:00ZArray_test_repeat Program Start
2012-10-11 19:03:00ZArray_test_repeat Program End

Create log file
2012-10-11 19:41:15Z oee_empaidxsummdaily_purge Program Start
2012-10-11 19:41:15Z oee_empaidxsummdaily_purge Program END 

Create log file
2012-10-11 19:41:38Z oee_empaidxsummhourly_purge Program Start
2012-10-11 19:41:38Z oee_empaidxsummhourly_purge Program END 

Create log file
2012-10-11 19:44:17Z oee_empastcount_purge Program Start
2012-10-11 19:44:17Z oee_empastcount_purge Program END 

Create log file
2012-10-11 19:50:00Z OEE_IS_Hourly_Check_alarm  Program Start
2012-10-11 19:50:00Z OEE_IS_Hourly_Check_alarm  Program END 

Create log file
2012-10-11 19:50:00Z ALCS_Hourly_Check_alarm  Program Start
2012-10-11 19:50:00Z ALCS_Hourly_Check_alarm  Program END 

Create log file
2012-10-11 19:50:04Z SERVER_SELF_CHECK   Program Start
2012-10-11 19:50:04Z SERVER_SELF_CHECK   Program END 

Create log file
2012-10-11 20:01:00ZArray_Photo Program Start
2012-10-11 20:01:02ZArray_Photo Program End

Create log file
2012-10-11 20:03:00ZArray_test_repeat Program Start
2012-10-11 20:03:00ZArray_test_repeat Program End

Create log file
2012-10-11 20:41:17Z oee_empaidxsummdaily_purge Program Start
2012-10-11 20:41:17Z oee_empaidxsummdaily_purge Program END 

Create log file
2012-10-11 20:41:39Z oee_empaidxsummhourly_purge Program Start
2012-10-11 20:41:39Z oee_empaidxsummhourly_purge Program END 

Create log file
2012-10-11 20:44:17Z oee_empastcount_purge Program Start
2012-10-11 20:44:17Z oee_empastcount_purge Program END 

Create log file
2012-10-11 20:50:00Z OEE_IS_Hourly_Check_alarm  Program Start
2012-10-11 20:50:00Z OEE_IS_Hourly_Check_alarm  Program END 

Create log file
2012-10-11 20:50:00Z ALCS_Hourly_Check_alarm  Program Start
2012-10-11 20:50:00Z ALCS_Hourly_Check_alarm  Program END 

Create log file
2012-10-11 20:50:01Z SERVER_SELF_CHECK   Program Start
2012-10-11 20:50:01Z SERVER_SELF_CHECK   Program END 

Create log file
2012-10-11 21:01:00ZArray_Photo Program Start
1250 log finish

2012-10-11 21:01:03ZArray_Photo Program End

Create log file
2012-10-11 21:03:00ZArray_test_repeat Program Start
2012-10-11 21:03:00ZArray_test_repeat Program End

Create log file
2012-10-11 21:30:00ZARY_HOLD_LOT Program Start
There are lots exceed process time for 24hrs, please check

There are lots exceed process time for 24hrs, please check

There are lots exceed process time for 24hrs, please check

There are lots exceed process time for 24hrs, please check

There are lots exceed process time for 24hrs, please check

There are lots exceed process time for 24hrs, please check

There are lots exceed process time for 24hrs, please check

There are lots exceed process time for 24hrs, please check

There are lots exceed process time for 24hrs, please check

There are lots exceed process time for 24hrs, please check

There are lots exceed process time for 24hrs, please check

There are lots exceed process time for 24hrs, please check

There are lots exceed process time for 24hrs, please check

There are lots exceed process time for 24hrs, please check

There are lots exceed process time for 24hrs, please check

There are lots exceed process time for 24hrs, please check

2012-10-11 21:30:12ZARY_HOLD_LOT Program End

Create log file
2012-10-11 21:41:12Z oee_empaidxsummdaily_purge Program Start
2012-10-11 21:41:12Z oee_empaidxsummdaily_purge Program END 

Create log file
2012-10-11 21:41:36Z oee_empaidxsummhourly_purge Program Start
2012-10-11 21:41:36Z oee_empaidxsummhourly_purge Program END 

Create log file
2012-10-11 21:44:14Z oee_empastcount_purge Program Start
2012-10-11 21:44:14Z oee_empastcount_purge Program END 

Create log file
2012-10-11 21:50:00Z OEE_IS_Hourly_Check_alarm  Program Start
2012-10-11 21:50:00Z OEE_IS_Hourly_Check_alarm  Program END 

Create log file
2012-10-11 21:50:00Z ALCS_Hourly_Check_alarm  Program Start
2012-10-11 21:50:00Z ALCS_Hourly_Check_alarm  Program END 

Create log file
2012-10-11 21:50:01Z SERVER_SELF_CHECK   Program Start
2012-10-11 21:50:01Z SERVER_SELF_CHECK   Program END 

Create log file
2012-10-11 22:00:00ZSERVER_SMS_TEST Program Start
SMS log finish

2012-10-11 22:00:00ZSERVER_SMS_TEST Program End

Create log file
2012-10-11 22:01:00ZArray_Photo Program Start
1250 log finish

2012-10-11 22:01:03ZArray_Photo Program End

Create log file
2012-10-11 22:03:00ZArray_test_repeat Program Start
2012-10-11 22:03:00ZArray_test_repeat Program End

Create log file
2012-10-11 22:41:22Z oee_empaidxsummdaily_purge Program Start
2012-10-11 22:41:22Z oee_empaidxsummdaily_purge Program END 

Create log file
2012-10-11 22:41:41Z oee_empaidxsummhourly_purge Program Start
2012-10-11 22:41:41Z oee_empaidxsummhourly_purge Program END 

Create log file
2012-10-11 22:44:24Z oee_empastcount_purge Program Start
2012-10-11 22:44:24Z oee_empastcount_purge Program END 

Create log file
2012-10-11 22:50:00Z OEE_IS_Hourly_Check_alarm  Program Start
2012-10-11 22:50:00Z OEE_IS_Hourly_Check_alarm  Program END 

Create log file
2012-10-11 22:50:00Z ALCS_Hourly_Check_alarm  Program Start
2012-10-11 22:50:00Z ALCS_Hourly_Check_alarm  Program END 

Create log file
2012-10-11 22:50:01Z SERVER_SELF_CHECK   Program Start
2012-10-11 22:50:01Z SERVER_SELF_CHECK   Program END 

Create log file
2012-10-11 23:01:00ZArray_Photo Program Start
1250 log finish

2012-10-11 23:01:03ZArray_Photo Program End

Create log file
2012-10-11 23:03:00ZArray_test_repeat Program Start
2012-10-11 23:03:00ZArray_test_repeat Program End

Create log file
2012-10-11 23:41:15Z oee_empaidxsummdaily_purge Program Start
2012-10-11 23:41:15Z oee_empaidxsummdaily_purge Program END 

Create log file
2012-10-11 23:41:38Z oee_empaidxsummhourly_purge Program Start
2012-10-11 23:41:38Z oee_empaidxsummhourly_purge Program END 

Create log file
2012-10-11 23:44:20Z oee_empastcount_purge Program Start
2012-10-11 23:44:20Z oee_empastcount_purge Program END 

Create log file
2012-10-11 23:50:00Z OEE_IS_Hourly_Check_alarm  Program Start
2012-10-11 23:50:00Z OEE_IS_Hourly_Check_alarm  Program END 

Create log file
2012-10-11 23:50:00Z ALCS_Hourly_Check_alarm  Program Start
2012-10-11 23:50:00Z ALCS_Hourly_Check_alarm  Program END 

Create log file
2012-10-11 23:50:01Z SERVER_SELF_CHECK   Program Start
2012-10-11 23:50:01Z SERVER_SELF_CHECK   Program END 

