Create log file
2012-10-16 00:01:00ZArray_Photo Program Start
2012-10-16 00:01:03ZArray_Photo Program End

Create log file
2012-10-16 00:03:00ZArray_test_repeat Program Start
2012-10-16 00:03:00ZArray_test_repeat Program End

Create log file
2012-10-16 00:10:00Z T0T1 InnoView Add User Program Start
2012-10-16 00:10:00Z T0T1 InnoView Add User Program END 

Create log file
2012-10-16 00:20:13Z VPNLOG_PARSER Program Start
2012-10-16 00:20:13Z VPNLOG_PARSER Program END 

Create log file
2012-10-16 00:30:00Z T0/T1 RealTimeDept Program Start
2012-10-16 00:30:00Z T0/T1 RealTimeDept Program END 

Create log file
2012-10-16 00:41:31Z oee_empaidxsummdaily_purge Program Start
2012-10-16 00:41:31Z oee_empaidxsummdaily_purge Program END 

Create log file
2012-10-16 00:42:32Z oee_empaidxsummhourly_purge Program Start
2012-10-16 00:42:32Z oee_empaidxsummhourly_purge Program END 

Create log file
2012-10-16 00:46:31Z oee_empastcount_purge Program Start
2012-10-16 00:46:31Z oee_empastcount_purge Program END 

Create log file
2012-10-16 00:50:00Z OEE_IS_Hourly_Check_alarm  Program Start
2012-10-16 00:50:00Z OEE_IS_Hourly_Check_alarm  Program END 

Create log file
2012-10-16 00:50:00Z ALCS_Hourly_Check_alarm  Program Start
2012-10-16 00:50:00Z ALCS_Hourly_Check_alarm  Program END 

Create log file
2012-10-16 00:50:03Z SERVER_SELF_CHECK   Program Start
2012-10-16 00:50:03Z SERVER_SELF_CHECK   Program END 

Create log file
2012-10-16 01:01:00ZArray_Photo Program Start
1250 log finish

2012-10-16 01:01:03ZArray_Photo Program End

Create log file
2012-10-16 01:03:00ZArray_test_repeat Program Start
2012-10-16 01:03:00ZArray_test_repeat Program End

Create log file
2012-10-16 01:30:00ZARY_HOLD_LOT Program Start
There are lots exceed process time for 24hrs, please check

There are lots exceed process time for 24hrs, please check

There are lots exceed process time for 24hrs, please check

There are lots exceed process time for 24hrs, please check

There are lots exceed process time for 24hrs, please check

There are lots exceed process time for 24hrs, please check

There are lots exceed process time for 24hrs, please check

There are lots exceed process time for 24hrs, please check

There are lots exceed process time for 24hrs, please check

There are lots exceed process time for 24hrs, please check

There are lots exceed process time for 24hrs, please check

There are lots exceed process time for 24hrs, please check

There are lots exceed process time for 24hrs, please check

There are lots exceed process time for 24hrs, please check

There are lots exceed process time for 24hrs, please check

There are lots exceed process time for 24hrs, please check

2012-10-16 01:30:22ZARY_HOLD_LOT Program End

Create log file
2012-10-16 01:41:16Z oee_empaidxsummdaily_purge Program Start
2012-10-16 01:41:16Z oee_empaidxsummdaily_purge Program END 

Create log file
2012-10-16 01:42:10Z oee_empaidxsummhourly_purge Program Start
2012-10-16 01:42:10Z oee_empaidxsummhourly_purge Program END 

Create log file
2012-10-16 01:44:27Z oee_empastcount_purge Program Start
2012-10-16 01:44:27Z oee_empastcount_purge Program END 

Create log file
2012-10-16 01:50:00Z OEE_IS_Hourly_Check_alarm  Program Start
2012-10-16 01:50:00Z OEE_IS_Hourly_Check_alarm  Program END 

Create log file
2012-10-16 01:50:01Z ALCS_Hourly_Check_alarm  Program Start
2012-10-16 01:50:01Z ALCS_Hourly_Check_alarm  Program END 

Create log file
2012-10-16 01:50:05Z SERVER_SELF_CHECK   Program Start
2012-10-16 01:50:05Z SERVER_SELF_CHECK   Program END 

Create log file
2012-10-16 02:01:00ZArray_Photo Program Start
1150 log finish

1250 log finish

2012-10-16 02:01:03ZArray_Photo Program End

Create log file
2012-10-16 02:03:00ZArray_test_repeat Program Start
2012-10-16 02:03:01ZArray_test_repeat Program End

Create log file
2012-10-16 02:41:16Z oee_empaidxsummdaily_purge Program Start
2012-10-16 02:41:16Z oee_empaidxsummdaily_purge Program END 

Create log file
2012-10-16 02:42:04Z oee_empaidxsummhourly_purge Program Start
2012-10-16 02:42:04Z oee_empaidxsummhourly_purge Program END 

Create log file
2012-10-16 02:44:23Z oee_empastcount_purge Program Start
2012-10-16 02:44:23Z oee_empastcount_purge Program END 

Create log file
2012-10-16 02:50:00Z OEE_IS_Hourly_Check_alarm  Program Start
2012-10-16 02:50:00Z OEE_IS_Hourly_Check_alarm  Program END 

Create log file
2012-10-16 02:50:00Z ALCS_Hourly_Check_alarm  Program Start
2012-10-16 02:50:00Z ALCS_Hourly_Check_alarm  Program END 

Create log file
2012-10-16 02:50:01Z SERVER_SELF_CHECK   Program Start
2012-10-16 02:50:01Z SERVER_SELF_CHECK   Program END 

Create log file
2012-10-16 03:01:00ZArray_Photo Program Start
1250 log finish

2012-10-16 03:01:03ZArray_Photo Program End

Create log file
2012-10-16 03:03:00ZArray_test_repeat Program Start
2012-10-16 03:03:00ZArray_test_repeat Program End

Create log file
2012-10-16 03:41:17Z oee_empaidxsummdaily_purge Program Start
2012-10-16 03:41:17Z oee_empaidxsummdaily_purge Program END 

Create log file
2012-10-16 03:42:07Z oee_empaidxsummhourly_purge Program Start
2012-10-16 03:42:07Z oee_empaidxsummhourly_purge Program END 

Create log file
2012-10-16 03:44:25Z oee_empastcount_purge Program Start
2012-10-16 03:44:25Z oee_empastcount_purge Program END 

Create log file
2012-10-16 03:50:00Z OEE_IS_Hourly_Check_alarm  Program Start
2012-10-16 03:50:00Z OEE_IS_Hourly_Check_alarm  Program END 

Create log file
2012-10-16 03:50:00Z ALCS_Hourly_Check_alarm  Program Start
2012-10-16 03:50:00Z ALCS_Hourly_Check_alarm  Program END 

Create log file
2012-10-16 03:50:01Z SERVER_SELF_CHECK   Program Start
2012-10-16 03:50:01Z SERVER_SELF_CHECK   Program END 

Create log file
2012-10-16 04:01:00ZArray_Photo Program Start
1150 log finish

1250 log finish

2012-10-16 04:01:03ZArray_Photo Program End

Create log file
2012-10-16 04:03:00ZArray_test_repeat Program Start
2012-10-16 04:03:00ZArray_test_repeat Program End

Create log file
2012-10-16 04:41:16Z oee_empaidxsummdaily_purge Program Start
2012-10-16 04:41:16Z oee_empaidxsummdaily_purge Program END 

Create log file
2012-10-16 04:42:08Z oee_empaidxsummhourly_purge Program Start
2012-10-16 04:42:08Z oee_empaidxsummhourly_purge Program END 

Create log file
2012-10-16 04:44:26Z oee_empastcount_purge Program Start
2012-10-16 04:44:26Z oee_empastcount_purge Program END 

Create log file
2012-10-16 04:50:00Z OEE_IS_Hourly_Check_alarm  Program Start
2012-10-16 04:50:00Z OEE_IS_Hourly_Check_alarm  Program END 

Create log file
2012-10-16 04:50:00Z ALCS_Hourly_Check_alarm  Program Start
2012-10-16 04:50:00Z ALCS_Hourly_Check_alarm  Program END 

Create log file
2012-10-16 04:50:01Z SERVER_SELF_CHECK   Program Start
2012-10-16 04:50:01Z SERVER_SELF_CHECK   Program END 

Create log file
2012-10-16 05:01:00ZArray_Photo Program Start
1150 log finish

1250 log finish

2012-10-16 05:01:03ZArray_Photo Program End

Create log file
2012-10-16 05:03:00ZArray_test_repeat Program Start
2012-10-16 05:03:02ZArray_test_repeat Program End

Create log file
2012-10-16 05:30:00ZARY_HOLD_LOT Program Start
There are lots exceed process time for 24hrs, please check

There are lots exceed process time for 24hrs, please check

There are lots exceed process time for 24hrs, please check

There are lots exceed process time for 24hrs, please check

There are lots exceed process time for 24hrs, please check

There are lots exceed process time for 24hrs, please check

There are lots exceed process time for 24hrs, please check

There are lots exceed process time for 24hrs, please check

There are lots exceed process time for 24hrs, please check

There are lots exceed process time for 24hrs, please check

There are lots exceed process time for 24hrs, please check

There are lots exceed process time for 24hrs, please check

There are lots exceed process time for 24hrs, please check

There are lots exceed process time for 24hrs, please check

There are lots exceed process time for 24hrs, please check

2012-10-16 05:30:13ZARY_HOLD_LOT Program End

Create log file
2012-10-16 05:41:17Z oee_empaidxsummdaily_purge Program Start
2012-10-16 05:41:17Z oee_empaidxsummdaily_purge Program END 

Create log file
2012-10-16 05:42:06Z oee_empaidxsummhourly_purge Program Start
2012-10-16 05:42:06Z oee_empaidxsummhourly_purge Program END 

Create log file
2012-10-16 05:44:26Z oee_empastcount_purge Program Start
2012-10-16 05:44:26Z oee_empastcount_purge Program END 

Create log file
2012-10-16 05:50:00Z OEE_IS_Hourly_Check_alarm  Program Start
2012-10-16 05:50:00Z OEE_IS_Hourly_Check_alarm  Program END 

Create log file
2012-10-16 05:50:00Z ALCS_Hourly_Check_alarm  Program Start
2012-10-16 05:50:00Z ALCS_Hourly_Check_alarm  Program END 

Create log file
2012-10-16 05:50:01Z SERVER_SELF_CHECK   Program Start
2012-10-16 05:50:01Z SERVER_SELF_CHECK   Program END 

Create log file
2012-10-16 06:01:00ZArray_Photo Program Start
1150 log finish

2012-10-16 06:01:03ZArray_Photo Program End

Create log file
2012-10-16 06:03:00ZArray_test_repeat Program Start
2012-10-16 06:03:00ZArray_test_repeat Program End

Create log file
2012-10-16 06:41:16Z oee_empaidxsummdaily_purge Program Start
2012-10-16 06:41:16Z oee_empaidxsummdaily_purge Program END 

Create log file
2012-10-16 06:42:23Z oee_empaidxsummhourly_purge Program Start
2012-10-16 06:42:23Z oee_empaidxsummhourly_purge Program END 

Create log file
2012-10-16 06:44:32Z oee_empastcount_purge Program Start
2012-10-16 06:44:32Z oee_empastcount_purge Program END 

Create log file
2012-10-16 06:50:00Z OEE_IS_Hourly_Check_alarm  Program Start
2012-10-16 06:50:00Z OEE_IS_Hourly_Check_alarm  Program END 

Create log file
2012-10-16 06:50:00Z ALCS_Hourly_Check_alarm  Program Start
2012-10-16 06:50:00Z ALCS_Hourly_Check_alarm  Program END 

Create log file
2012-10-16 06:50:01Z SERVER_SELF_CHECK   Program Start
2012-10-16 06:50:01Z SERVER_SELF_CHECK   Program END 

Create log file
2012-10-16 06:50:58Z ODS_Recover_Lot 147 Lots Program Start
2012-10-16 06:50:58Z ODS_Recover_Lot 147 Lots Program END 

Create log file
2012-10-16 07:01:00ZArray_Photo Program Start
1150 log finish

2012-10-16 07:01:03ZArray_Photo Program End

Create log file
2012-10-16 07:03:00ZArray_test_repeat Program Start
2012-10-16 07:03:01ZArray_test_repeat Program End

Create log file
2012-10-16 07:31:52Z OEELH_fixed_data_Daily Program Start
2012-10-16 07:31:52Z OEELH_fixed_data_Daily Program END 

Create log file
2012-10-16 07:41:13Z oee_empaidxsummdaily_purge Program Start
2012-10-16 07:41:13Z oee_empaidxsummdaily_purge Program END 

Create log file
2012-10-16 07:42:04Z oee_empaidxsummhourly_purge Program Start
2012-10-16 07:42:04Z oee_empaidxsummhourly_purge Program END 

Create log file
2012-10-16 07:44:20Z oee_empastcount_purge Program Start
2012-10-16 07:44:20Z oee_empastcount_purge Program END 

Create log file
2012-10-16 07:50:15Z OEE_IS_Hourly_Check_alarm  Program Start
2012-10-16 07:50:15Z OEE_IS_Hourly_Check_alarm  Program END 

Create log file
2012-10-16 07:50:16Z PDS_Hourly_Check_Alarm log finish Program Start
2012-10-16 07:50:16Z PDS_Hourly_Check_Alarm log finish Program END 

Create log file
2012-10-16 07:50:16Z ALCS_Hourly_Check_alarm  Program Start
2012-10-16 07:50:16Z ALCS_Hourly_Check_alarm  Program END 

Create log file
2012-10-16 07:50:22Z SERVER_SELF_CHECK   Program Start
2012-10-16 07:50:22Z SERVER_SELF_CHECK   Program END 

Create log file
2012-10-16 08:00:00Z Check_Onduty_Time From Onduty_dotnet2  Program Start
2012-10-16 08:00:00Z Check_Onduty_Time From Onduty_dotnet2  Program END 

Create log file
2012-10-16 08:01:00ZArray_Photo Program Start
1150 log finish

2012-10-16 08:01:13ZArray_Photo Program End

Create log file
2012-10-16 08:03:00ZArray_test_repeat Program Start
2012-10-16 08:03:00ZArray_test_repeat Program End

Create log file
2012-10-16 08:30:00ZHoliday_inout_SMS Program Start
2012-10-16 08:30:00ZHoliday_Inout_SMS Program End

Create log file
2012-10-16 08:32:00ZOEE_EQP_SMS Program Start
2012-10-16 08:32:41ZOEE_EQP_SMS Program End

Create log file
2012-10-16 08:41:03Z oee_empaidxsummdaily_purge Program Start
2012-10-16 08:41:03Z oee_empaidxsummdaily_purge Program END 

Create log file
2012-10-16 08:42:08Z oee_empaidxsummhourly_purge Program Start
2012-10-16 08:42:08Z oee_empaidxsummhourly_purge Program END 

Create log file
2012-10-16 08:44:28Z oee_empastcount_purge Program Start
2012-10-16 08:44:28Z oee_empastcount_purge Program END 

Create log file
2012-10-16 08:45:00ZHoliday_inout_SMS_For_C2 Program Start
2012-10-16 08:45:07ZHoliday_Inout_SMS_For_C2 Program End

Create log file
2012-10-16 08:50:00Z OEE_IS_Hourly_Check_alarm  Program Start
2012-10-16 08:50:00Z OEE_IS_Hourly_Check_alarm  Program END 

Create log file
2012-10-16 08:50:00Z ALCS_Hourly_Check_alarm  Program Start
2012-10-16 08:50:00Z ALCS_Hourly_Check_alarm  Program END 

Create log file
2012-10-16 08:50:01Z SERVER_SELF_CHECK   Program Start
2012-10-16 08:50:01Z SERVER_SELF_CHECK   Program END 

Create log file
2012-10-16 09:01:01ZArray_Photo Program Start
1150 log finish

2012-10-16 09:01:06ZArray_Photo Program End

Create log file
2012-10-16 09:03:00ZArray_test_repeat Program Start
2012-10-16 09:03:01ZArray_test_repeat Program End

Create log file
2012-10-16 09:30:00ZARY_HOLD_LOT Program Start
There are lots exceed process time for 24hrs, please check

There are lots exceed process time for 24hrs, please check

There are lots exceed process time for 24hrs, please check

There are lots exceed process time for 24hrs, please check

There are lots exceed process time for 24hrs, please check

There are lots exceed process time for 24hrs, please check

There are lots exceed process time for 24hrs, please check

There are lots exceed process time for 24hrs, please check

There are lots exceed process time for 24hrs, please check

There are lots exceed process time for 24hrs, please check

There are lots exceed process time for 24hrs, please check

There are lots exceed process time for 24hrs, please check

There are lots exceed process time for 24hrs, please check

There are lots exceed process time for 24hrs, please check

There are lots exceed process time for 24hrs, please check

There are lots exceed process time for 24hrs, please check

2012-10-16 09:30:28ZARY_HOLD_LOT Program End

Create log file
2012-10-16 09:41:16Z oee_empaidxsummdaily_purge Program Start
2012-10-16 09:41:16Z oee_empaidxsummdaily_purge Program END 

Create log file
2012-10-16 09:42:08Z oee_empaidxsummhourly_purge Program Start
2012-10-16 09:42:08Z oee_empaidxsummhourly_purge Program END 

Create log file
2012-10-16 09:44:27Z oee_empastcount_purge Program Start
2012-10-16 09:44:27Z oee_empastcount_purge Program END 

Create log file
2012-10-16 09:50:00Z OEE_IS_Hourly_Check_alarm  Program Start
2012-10-16 09:50:00Z OEE_IS_Hourly_Check_alarm  Program END 

Create log file
2012-10-16 09:50:00Z ALCS_Hourly_Check_alarm  Program Start
2012-10-16 09:50:00Z ALCS_Hourly_Check_alarm  Program END 

Create log file
2012-10-16 09:50:01Z SERVER_SELF_CHECK   Program Start
2012-10-16 09:50:01Z SERVER_SELF_CHECK   Program END 

Create log file
2012-10-16 10:01:00ZArray_Photo Program Start
1150 log finish

2012-10-16 10:01:03ZArray_Photo Program End

Create log file
2012-10-16 10:03:00ZArray_test_repeat Program Start
2012-10-16 10:03:00ZArray_test_repeat Program End

Create log file
2012-10-16 10:41:04Z oee_empaidxsummdaily_purge Program Start
2012-10-16 10:41:04Z oee_empaidxsummdaily_purge Program END 

Create log file
2012-10-16 10:42:00Z oee_empaidxsummhourly_purge Program Start
2012-10-16 10:42:00Z oee_empaidxsummhourly_purge Program END 

Create log file
2012-10-16 10:44:23Z oee_empastcount_purge Program Start
2012-10-16 10:44:23Z oee_empastcount_purge Program END 

Create log file
2012-10-16 10:50:00Z OEE_IS_Hourly_Check_alarm  Program Start
2012-10-16 10:50:00Z OEE_IS_Hourly_Check_alarm  Program END 

Create log file
2012-10-16 10:50:00Z ALCS_Hourly_Check_alarm  Program Start
2012-10-16 10:50:00Z ALCS_Hourly_Check_alarm  Program END 

Create log file
2012-10-16 10:50:01Z SERVER_SELF_CHECK   Program Start
2012-10-16 10:50:01Z SERVER_SELF_CHECK   Program END 

Create log file
2012-10-16 11:01:00ZArray_Photo Program Start
1150 log finish

2012-10-16 11:01:03ZArray_Photo Program End

Create log file
2012-10-16 11:03:00ZArray_test_repeat Program Start
2012-10-16 11:03:00ZArray_test_repeat Program End

Create log file
2012-10-16 11:40:00Z T1OEE Purge Program Start
2012-10-16 11:40:00Z T1OEE Purge Program END 

Create log file
2012-10-16 11:41:17Z oee_empaidxsummdaily_purge Program Start
2012-10-16 11:41:17Z oee_empaidxsummdaily_purge Program END 

Create log file
2012-10-16 11:42:07Z oee_empaidxsummhourly_purge Program Start
2012-10-16 11:42:07Z oee_empaidxsummhourly_purge Program END 

Create log file
2012-10-16 11:44:32Z oee_empastcount_purge Program Start
2012-10-16 11:44:32Z oee_empastcount_purge Program END 

Create log file
2012-10-16 11:50:00Z OEE_IS_Hourly_Check_alarm  Program Start
2012-10-16 11:50:00Z OEE_IS_Hourly_Check_alarm  Program END 

Create log file
2012-10-16 11:50:00Z ALCS_Hourly_Check_alarm  Program Start
2012-10-16 11:50:00Z ALCS_Hourly_Check_alarm  Program END 

Create log file
2012-10-16 11:50:01Z SERVER_SELF_CHECK   Program Start
2012-10-16 11:50:01Z SERVER_SELF_CHECK   Program END 

Create log file
2012-10-16 12:01:00ZArray_Photo Program Start
1150 log finish

1250 log finish

2012-10-16 12:01:03ZArray_Photo Program End

Create log file
2012-10-16 12:03:00ZArray_test_repeat Program Start
2012-10-16 12:03:00ZArray_test_repeat Program End

Create log file
2012-10-16 12:41:13Z oee_empaidxsummdaily_purge Program Start
2012-10-16 12:41:13Z oee_empaidxsummdaily_purge Program END 

Create log file
2012-10-16 12:42:01Z oee_empaidxsummhourly_purge Program Start
2012-10-16 12:42:01Z oee_empaidxsummhourly_purge Program END 

Create log file
2012-10-16 12:44:29Z oee_empastcount_purge Program Start
2012-10-16 12:44:29Z oee_empastcount_purge Program END 

Create log file
2012-10-16 12:50:00Z OEE_IS_Hourly_Check_alarm  Program Start
2012-10-16 12:50:00Z OEE_IS_Hourly_Check_alarm  Program END 

Create log file
2012-10-16 12:50:00Z ALCS_Hourly_Check_alarm  Program Start
2012-10-16 12:50:00Z ALCS_Hourly_Check_alarm  Program END 

Create log file
2012-10-16 12:50:01Z SERVER_SELF_CHECK   Program Start
2012-10-16 12:50:01Z SERVER_SELF_CHECK   Program END 

Create log file
2012-10-16 13:01:00ZArray_Photo Program Start
2012-10-16 13:01:02ZArray_Photo Program End

Create log file
2012-10-16 13:03:00ZArray_test_repeat Program Start
2012-10-16 13:03:00ZArray_test_repeat Program End

Create log file
2012-10-16 13:30:00ZARY_HOLD_LOT Program Start
There are lots exceed process time for 24hrs, please check

There are lots exceed process time for 24hrs, please check

There are lots exceed process time for 48hrs, please check

There are lots exceed process time for 24hrs, please check

There are lots exceed process time for 24hrs, please check

There are lots exceed process time for 24hrs, please check

There are lots exceed process time for 24hrs, please check

There are lots exceed process time for 24hrs, please check

There are lots exceed process time for 48hrs, please check

There are lots exceed process time for 24hrs, please check

There are lots exceed process time for 24hrs, please check

There are lots exceed process time for 48hrs, please check

There are lots exceed process time for 24hrs, please check

There are lots exceed process time for 24hrs, please check

There are lots exceed process time for 48hrs, please check

There are lots exceed process time for 24hrs, please check

There are lots exceed process time for 24hrs, please check

There are lots exceed process time for 48hrs, please check

There are lots exceed process time for 24hrs, please check

There are lots exceed process time for 24hrs, please check

There are lots exceed process time for 48hrs, please check

There are lots exceed process time for 24hrs, please check

There are lots exceed process time for 24hrs, please check

There are lots exceed process time for 48hrs, please check

There are lots exceed process time for 24hrs, please check

There are lots exceed process time for 24hrs, please check

There are lots exceed process time for 48hrs, please check

There are lots exceed process time for 24hrs, please check

There are lots exceed process time for 24hrs, please check

There are lots exceed process time for 48hrs, please check

There are lots exceed process time for 24hrs, please check

There are lots exceed process time for 24hrs, please check

There are lots exceed process time for 48hrs, please check

There are lots exceed process time for 24hrs, please check

There are lots exceed process time for 24hrs, please check

There are lots exceed process time for 48hrs, please check

There are lots exceed process time for 24hrs, please check

There are lots exceed process time for 24hrs, please check

There are lots exceed process time for 48hrs, please check

There are lots exceed process time for 24hrs, please check

There are lots exceed process time for 24hrs, please check

There are lots exceed process time for 48hrs, please check

There are lots exceed process time for 24hrs, please check

There are lots exceed process time for 24hrs, please check

There are lots exceed process time for 48hrs, please check

There are lots exceed process time for 24hrs, please check

2012-10-16 13:30:21ZARY_HOLD_LOT Program End

Create log file
2012-10-16 13:41:14Z oee_empaidxsummdaily_purge Program Start
2012-10-16 13:41:14Z oee_empaidxsummdaily_purge Program END 

Create log file
2012-10-16 13:41:39Z oee_empaidxsummhourly_purge Program Start
2012-10-16 13:41:39Z oee_empaidxsummhourly_purge Program END 

Create log file
2012-10-16 13:44:20Z oee_empastcount_purge Program Start
2012-10-16 13:44:20Z oee_empastcount_purge Program END 

Create log file
2012-10-16 13:50:00Z OEE_IS_Hourly_Check_alarm  Program Start
2012-10-16 13:50:00Z OEE_IS_Hourly_Check_alarm  Program END 

Create log file
2012-10-16 13:50:00Z ALCS_Hourly_Check_alarm  Program Start
2012-10-16 13:50:00Z ALCS_Hourly_Check_alarm  Program END 

Create log file
2012-10-16 13:50:01Z SERVER_SELF_CHECK   Program Start
2012-10-16 13:50:01Z SERVER_SELF_CHECK   Program END 

Create log file
2012-10-16 14:01:00ZArray_Photo Program Start
1350 log finish

2012-10-16 14:01:03ZArray_Photo Program End

Create log file
2012-10-16 14:03:00ZArray_test_repeat Program Start
2012-10-16 14:03:00ZArray_test_repeat Program End

Create log file
2012-10-16 14:41:12Z oee_empaidxsummdaily_purge Program Start
2012-10-16 14:41:12Z oee_empaidxsummdaily_purge Program END 

Create log file
2012-10-16 14:41:36Z oee_empaidxsummhourly_purge Program Start
2012-10-16 14:41:36Z oee_empaidxsummhourly_purge Program END 

Create log file
2012-10-16 14:44:19Z oee_empastcount_purge Program Start
2012-10-16 14:44:19Z oee_empastcount_purge Program END 

Create log file
2012-10-16 14:50:00Z OEE_IS_Hourly_Check_alarm  Program Start
2012-10-16 14:50:00Z OEE_IS_Hourly_Check_alarm  Program END 

Create log file
2012-10-16 14:50:00Z ALCS_Hourly_Check_alarm  Program Start
2012-10-16 14:50:00Z ALCS_Hourly_Check_alarm  Program END 

Create log file
2012-10-16 14:50:01Z SERVER_SELF_CHECK   Program Start
2012-10-16 14:50:01Z SERVER_SELF_CHECK   Program END 

Create log file
2012-10-16 15:01:00ZArray_Photo Program Start
1250 log finish

2012-10-16 15:01:03ZArray_Photo Program End

Create log file
2012-10-16 15:03:00ZArray_test_repeat Program Start
2012-10-16 15:03:00ZArray_test_repeat Program End

Create log file
2012-10-16 15:41:13Z oee_empaidxsummdaily_purge Program Start
2012-10-16 15:41:13Z oee_empaidxsummdaily_purge Program END 

Create log file
2012-10-16 15:41:38Z oee_empaidxsummhourly_purge Program Start
2012-10-16 15:41:38Z oee_empaidxsummhourly_purge Program END 

Create log file
2012-10-16 15:44:20Z oee_empastcount_purge Program Start
2012-10-16 15:44:20Z oee_empastcount_purge Program END 

Create log file
2012-10-16 15:50:00Z OEE_IS_Hourly_Check_alarm  Program Start
2012-10-16 15:50:00Z OEE_IS_Hourly_Check_alarm  Program END 

Create log file
2012-10-16 15:50:05Z ALCS_Hourly_Check_alarm  Program Start
2012-10-16 15:50:05Z ALCS_Hourly_Check_alarm  Program END 

Create log file
2012-10-16 15:50:06Z SERVER_SELF_CHECK   Program Start
2012-10-16 15:50:06Z SERVER_SELF_CHECK   Program END 

Create log file
2012-10-16 16:01:00ZArray_Photo Program Start
1250 log finish

2012-10-16 16:01:03ZArray_Photo Program End

Create log file
2012-10-16 16:03:00ZArray_test_repeat Program Start
2012-10-16 16:03:00ZArray_test_repeat Program End

Create log file
2012-10-16 16:41:04Z oee_empaidxsummdaily_purge Program Start
2012-10-16 16:41:04Z oee_empaidxsummdaily_purge Program END 

Create log file
2012-10-16 16:41:33Z oee_empaidxsummhourly_purge Program Start
2012-10-16 16:41:33Z oee_empaidxsummhourly_purge Program END 

Create log file
2012-10-16 16:44:17Z oee_empastcount_purge Program Start
2012-10-16 16:44:17Z oee_empastcount_purge Program END 

Create log file
2012-10-16 16:50:00Z OEE_IS_Hourly_Check_alarm  Program Start
2012-10-16 16:50:00Z OEE_IS_Hourly_Check_alarm  Program END 

Create log file
2012-10-16 16:50:00Z ALCS_Hourly_Check_alarm  Program Start
2012-10-16 16:50:00Z ALCS_Hourly_Check_alarm  Program END 

Create log file
2012-10-16 16:50:01Z SERVER_SELF_CHECK   Program Start
2012-10-16 16:50:01Z SERVER_SELF_CHECK   Program END 

Create log file
2012-10-16 17:01:00ZArray_Photo Program Start
2012-10-16 17:01:03ZArray_Photo Program End

Create log file
2012-10-16 17:03:00ZArray_test_repeat Program Start
2012-10-16 17:03:00ZArray_test_repeat Program End

Create log file
2012-10-16 17:30:00ZARY_HOLD_LOT Program Start
There are lots exceed process time for 24hrs, please check

There are lots exceed process time for 24hrs, please check

There are lots exceed process time for 24hrs, please check

There are lots exceed process time for 24hrs, please check

There are lots exceed process time for 24hrs, please check

There are lots exceed process time for 24hrs, please check

There are lots exceed process time for 24hrs, please check

There are lots exceed process time for 24hrs, please check

There are lots exceed process time for 24hrs, please check

There are lots exceed process time for 24hrs, please check

There are lots exceed process time for 24hrs, please check

There are lots exceed process time for 24hrs, please check

There are lots exceed process time for 24hrs, please check

There are lots exceed process time for 24hrs, please check

There are lots exceed process time for 24hrs, please check

There are lots exceed process time for 24hrs, please check

2012-10-16 17:30:21ZARY_HOLD_LOT Program End

Create log file
2012-10-16 17:41:08Z oee_empaidxsummdaily_purge Program Start
2012-10-16 17:41:08Z oee_empaidxsummdaily_purge Program END 

Create log file
2012-10-16 17:41:35Z oee_empaidxsummhourly_purge Program Start
2012-10-16 17:41:35Z oee_empaidxsummhourly_purge Program END 

Create log file
2012-10-16 17:44:29Z oee_empastcount_purge Program Start
2012-10-16 17:44:29Z oee_empastcount_purge Program END 

Create log file
2012-10-16 17:50:00Z OEE_IS_Hourly_Check_alarm  Program Start
2012-10-16 17:50:00Z OEE_IS_Hourly_Check_alarm  Program END 

Create log file
2012-10-16 17:50:01Z ALCS_Hourly_Check_alarm  Program Start
2012-10-16 17:50:01Z ALCS_Hourly_Check_alarm  Program END 

Create log file
2012-10-16 17:50:02Z SERVER_SELF_CHECK   Program Start
2012-10-16 17:50:02Z SERVER_SELF_CHECK   Program END 

Create log file
2012-10-16 18:01:00ZArray_Photo Program Start
2012-10-16 18:01:03ZArray_Photo Program End

Create log file
2012-10-16 18:03:00ZArray_test_repeat Program Start
2012-10-16 18:03:00ZArray_test_repeat Program End

Create log file
2012-10-16 18:41:04Z oee_empaidxsummdaily_purge Program Start
2012-10-16 18:41:04Z oee_empaidxsummdaily_purge Program END 

Create log file
2012-10-16 18:41:34Z oee_empaidxsummhourly_purge Program Start
2012-10-16 18:41:34Z oee_empaidxsummhourly_purge Program END 

Create log file
2012-10-16 18:44:20Z oee_empastcount_purge Program Start
2012-10-16 18:44:20Z oee_empastcount_purge Program END 

Create log file
2012-10-16 18:50:00Z OEE_IS_Hourly_Check_alarm  Program Start
2012-10-16 18:50:00Z OEE_IS_Hourly_Check_alarm  Program END 

Create log file
2012-10-16 18:50:00Z ALCS_Hourly_Check_alarm  Program Start
2012-10-16 18:50:00Z ALCS_Hourly_Check_alarm  Program END 

Create log file
2012-10-16 18:50:01Z SERVER_SELF_CHECK   Program Start
2012-10-16 18:50:01Z SERVER_SELF_CHECK   Program END 

Create log file
2012-10-16 19:01:00ZArray_Photo Program Start
2012-10-16 19:01:03ZArray_Photo Program End

Create log file
2012-10-16 19:03:00ZArray_test_repeat Program Start
2012-10-16 19:03:00ZArray_test_repeat Program End

Create log file
2012-10-16 19:41:18Z oee_empaidxsummdaily_purge Program Start
2012-10-16 19:41:18Z oee_empaidxsummdaily_purge Program END 

Create log file
2012-10-16 19:41:38Z oee_empaidxsummhourly_purge Program Start
2012-10-16 19:41:38Z oee_empaidxsummhourly_purge Program END 

Create log file
2012-10-16 19:44:20Z oee_empastcount_purge Program Start
2012-10-16 19:44:20Z oee_empastcount_purge Program END 

Create log file
2012-10-16 19:50:00Z OEE_IS_Hourly_Check_alarm  Program Start
2012-10-16 19:50:00Z OEE_IS_Hourly_Check_alarm  Program END 

Create log file
2012-10-16 19:50:00Z ALCS_Hourly_Check_alarm  Program Start
2012-10-16 19:50:00Z ALCS_Hourly_Check_alarm  Program END 

Create log file
2012-10-16 19:50:01Z SERVER_SELF_CHECK   Program Start
2012-10-16 19:50:01Z SERVER_SELF_CHECK   Program END 

Create log file
2012-10-16 20:01:00ZArray_Photo Program Start
2012-10-16 20:01:03ZArray_Photo Program End

Create log file
2012-10-16 20:03:00ZArray_test_repeat Program Start
2012-10-16 20:03:01ZArray_test_repeat Program End

Create log file
2012-10-16 20:41:14Z oee_empaidxsummdaily_purge Program Start
2012-10-16 20:41:14Z oee_empaidxsummdaily_purge Program END 

Create log file
2012-10-16 20:41:43Z oee_empaidxsummhourly_purge Program Start
2012-10-16 20:41:43Z oee_empaidxsummhourly_purge Program END 

Create log file
2012-10-16 20:44:23Z oee_empastcount_purge Program Start
2012-10-16 20:44:23Z oee_empastcount_purge Program END 

Create log file
2012-10-16 20:50:00Z OEE_IS_Hourly_Check_alarm  Program Start
2012-10-16 20:50:00Z OEE_IS_Hourly_Check_alarm  Program END 

Create log file
2012-10-16 20:50:07Z ALCS_Hourly_Check_alarm  Program Start
2012-10-16 20:50:07Z ALCS_Hourly_Check_alarm  Program END 

Create log file
2012-10-16 20:50:08Z SERVER_SELF_CHECK   Program Start
2012-10-16 20:50:08Z SERVER_SELF_CHECK   Program END 

Create log file
2012-10-16 21:01:00ZArray_Photo Program Start
2012-10-16 21:01:02ZArray_Photo Program End

Create log file
2012-10-16 21:03:00ZArray_test_repeat Program Start
2012-10-16 21:03:01ZArray_test_repeat Program End

Create log file
2012-10-16 21:30:00ZARY_HOLD_LOT Program Start
There are lots exceed process time for 24hrs, please check

There are lots exceed process time for 24hrs, please check

There are lots exceed process time for 24hrs, please check

There are lots exceed process time for 24hrs, please check

There are lots exceed process time for 24hrs, please check

There are lots exceed process time for 24hrs, please check

There are lots exceed process time for 24hrs, please check

There are lots exceed process time for 24hrs, please check

There are lots exceed process time for 24hrs, please check

There are lots exceed process time for 24hrs, please check

There are lots exceed process time for 24hrs, please check

There are lots exceed process time for 24hrs, please check

There are lots exceed process time for 24hrs, please check

There are lots exceed process time for 24hrs, please check

There are lots exceed process time for 24hrs, please check

2012-10-16 21:30:18ZARY_HOLD_LOT Program End

Create log file
2012-10-16 21:41:12Z oee_empaidxsummdaily_purge Program Start
2012-10-16 21:41:12Z oee_empaidxsummdaily_purge Program END 

Create log file
2012-10-16 21:41:38Z oee_empaidxsummhourly_purge Program Start
2012-10-16 21:41:38Z oee_empaidxsummhourly_purge Program END 

Create log file
2012-10-16 21:44:23Z oee_empastcount_purge Program Start
2012-10-16 21:44:23Z oee_empastcount_purge Program END 

Create log file
2012-10-16 21:50:00Z OEE_IS_Hourly_Check_alarm  Program Start
2012-10-16 21:50:00Z OEE_IS_Hourly_Check_alarm  Program END 

Create log file
2012-10-16 21:50:00Z ALCS_Hourly_Check_alarm  Program Start
2012-10-16 21:50:00Z ALCS_Hourly_Check_alarm  Program END 

Create log file
2012-10-16 21:50:01Z SERVER_SELF_CHECK   Program Start
2012-10-16 21:50:01Z SERVER_SELF_CHECK   Program END 

Create log file
2012-10-16 22:00:00ZSERVER_SMS_TEST Program Start
SMS log finish

2012-10-16 22:00:00ZSERVER_SMS_TEST Program End

Create log file
2012-10-16 22:01:00ZArray_Photo Program Start
2012-10-16 22:01:02ZArray_Photo Program End

Create log file
2012-10-16 22:03:00ZArray_test_repeat Program Start
2012-10-16 22:03:01ZArray_test_repeat Program End

Create log file
2012-10-16 22:41:19Z oee_empaidxsummdaily_purge Program Start
2012-10-16 22:41:19Z oee_empaidxsummdaily_purge Program END 

Create log file
2012-10-16 22:41:39Z oee_empaidxsummhourly_purge Program Start
2012-10-16 22:41:39Z oee_empaidxsummhourly_purge Program END 

Create log file
2012-10-16 22:44:24Z oee_empastcount_purge Program Start
2012-10-16 22:44:24Z oee_empastcount_purge Program END 

Create log file
2012-10-16 22:50:00Z OEE_IS_Hourly_Check_alarm  Program Start
2012-10-16 22:50:00Z OEE_IS_Hourly_Check_alarm  Program END 

Create log file
2012-10-16 22:50:00Z ALCS_Hourly_Check_alarm  Program Start
2012-10-16 22:50:00Z ALCS_Hourly_Check_alarm  Program END 

Create log file
2012-10-16 22:50:01Z SERVER_SELF_CHECK   Program Start
2012-10-16 22:50:01Z SERVER_SELF_CHECK   Program END 

Create log file
2012-10-16 23:01:00ZArray_Photo Program Start
2012-10-16 23:01:02ZArray_Photo Program End

Create log file
2012-10-16 23:03:00ZArray_test_repeat Program Start
2012-10-16 23:03:01ZArray_test_repeat Program End

Create log file
2012-10-16 23:41:13Z oee_empaidxsummdaily_purge Program Start
2012-10-16 23:41:13Z oee_empaidxsummdaily_purge Program END 

Create log file
2012-10-16 23:41:38Z oee_empaidxsummhourly_purge Program Start
2012-10-16 23:41:38Z oee_empaidxsummhourly_purge Program END 

Create log file
2012-10-16 23:44:28Z oee_empastcount_purge Program Start
2012-10-16 23:44:28Z oee_empastcount_purge Program END 

Create log file
2012-10-16 23:50:00Z OEE_IS_Hourly_Check_alarm  Program Start
2012-10-16 23:50:00Z OEE_IS_Hourly_Check_alarm  Program END 

Create log file
2012-10-16 23:50:00Z ALCS_Hourly_Check_alarm  Program Start
2012-10-16 23:50:00Z ALCS_Hourly_Check_alarm  Program END 

Create log file
2012-10-16 23:50:01Z SERVER_SELF_CHECK   Program Start
2012-10-16 23:50:01Z SERVER_SELF_CHECK   Program END 

