Create log file
2012-10-10 00:01:00ZArray_Photo Program Start
1250 log finish

1450 log finish

2012-10-10 00:01:03ZArray_Photo Program End

Create log file
2012-10-10 00:03:00ZArray_test_repeat Program Start
2012-10-10 00:03:00ZArray_test_repeat Program End

Create log file
2012-10-10 00:10:00Z T0T1 InnoView Add User Program Start
2012-10-10 00:10:00Z T0T1 InnoView Add User Program END 

Create log file
2012-10-10 00:20:13Z VPNLOG_PARSER Program Start
2012-10-10 00:20:13Z VPNLOG_PARSER Program END 

Create log file
2012-10-10 00:30:00Z T0/T1 RealTimeDept Program Start
2012-10-10 00:30:00Z T0/T1 RealTimeDept Program END 

Create log file
2012-10-10 00:41:48Z oee_empaidxsummdaily_purge Program Start
2012-10-10 00:41:48Z oee_empaidxsummdaily_purge Program END 

Create log file
2012-10-10 00:42:31Z oee_empaidxsummhourly_purge Program Start
2012-10-10 00:42:31Z oee_empaidxsummhourly_purge Program END 

Create log file
2012-10-10 00:46:26Z oee_empastcount_purge Program Start
2012-10-10 00:46:26Z oee_empastcount_purge Program END 

Create log file
2012-10-10 00:50:00Z OEE_IS_Hourly_Check_alarm  Program Start
2012-10-10 00:50:00Z OEE_IS_Hourly_Check_alarm  Program END 

Create log file
2012-10-10 00:50:08Z ALCS_Hourly_Check_alarm  Program Start
2012-10-10 00:50:08Z ALCS_Hourly_Check_alarm  Program END 

Create log file
2012-10-10 00:50:12Z SERVER_SELF_CHECK   Program Start
2012-10-10 00:50:12Z SERVER_SELF_CHECK   Program END 

Create log file
2012-10-10 01:01:00ZArray_Photo Program Start
2012-10-10 01:01:04ZArray_Photo Program End

Create log file
2012-10-10 01:03:00ZArray_test_repeat Program Start
2012-10-10 01:03:02ZArray_test_repeat Program End

Create log file
2012-10-10 01:30:05ZARY_HOLD_LOT Program Start
There are lots exceed process time for 24hrs, please check

There are lots exceed process time for 24hrs, please check

There are lots exceed process time for 24hrs, please check

There are lots exceed process time for 24hrs, please check

There are lots exceed process time for 24hrs, please check

There are lots exceed process time for 24hrs, please check

There are lots exceed process time for 24hrs, please check

There are lots exceed process time for 24hrs, please check

2012-10-10 01:30:27ZARY_HOLD_LOT Program End

Create log file
2012-10-10 01:41:17Z oee_empaidxsummdaily_purge Program Start
2012-10-10 01:41:17Z oee_empaidxsummdaily_purge Program END 

Create log file
2012-10-10 01:42:06Z oee_empaidxsummhourly_purge Program Start
2012-10-10 01:42:06Z oee_empaidxsummhourly_purge Program END 

Create log file
2012-10-10 01:44:22Z oee_empastcount_purge Program Start
2012-10-10 01:44:22Z oee_empastcount_purge Program END 

Create log file
2012-10-10 01:50:00Z OEE_IS_Hourly_Check_alarm  Program Start
2012-10-10 01:50:00Z OEE_IS_Hourly_Check_alarm  Program END 

Create log file
2012-10-10 01:50:05Z ALCS_Hourly_Check_alarm  Program Start
2012-10-10 01:50:05Z ALCS_Hourly_Check_alarm  Program END 

Create log file
2012-10-10 01:50:05Z SERVER_SELF_CHECK   Program Start
2012-10-10 01:50:05Z SERVER_SELF_CHECK   Program END 

Create log file
2012-10-10 02:01:00ZArray_Photo Program Start
2012-10-10 02:01:03ZArray_Photo Program End

Create log file
2012-10-10 02:03:00ZArray_test_repeat Program Start
2012-10-10 02:03:01ZArray_test_repeat Program End

Create log file
2012-10-10 02:41:19Z oee_empaidxsummdaily_purge Program Start
2012-10-10 02:41:19Z oee_empaidxsummdaily_purge Program END 

Create log file
2012-10-10 02:42:08Z oee_empaidxsummhourly_purge Program Start
2012-10-10 02:42:08Z oee_empaidxsummhourly_purge Program END 

Create log file
2012-10-10 02:44:23Z oee_empastcount_purge Program Start
2012-10-10 02:44:23Z oee_empastcount_purge Program END 

Create log file
2012-10-10 02:50:00Z OEE_IS_Hourly_Check_alarm  Program Start
2012-10-10 02:50:00Z OEE_IS_Hourly_Check_alarm  Program END 

Create log file
2012-10-10 02:50:00Z ALCS_Hourly_Check_alarm  Program Start
2012-10-10 02:50:00Z ALCS_Hourly_Check_alarm  Program END 

Create log file
2012-10-10 02:50:01Z SERVER_SELF_CHECK   Program Start
2012-10-10 02:50:01Z SERVER_SELF_CHECK   Program END 

Create log file
2012-10-10 03:01:00ZArray_Photo Program Start
2012-10-10 03:01:03ZArray_Photo Program End

Create log file
2012-10-10 03:03:00ZArray_test_repeat Program Start
2012-10-10 03:03:01ZArray_test_repeat Program End

Create log file
2012-10-10 03:41:21Z oee_empaidxsummdaily_purge Program Start
2012-10-10 03:41:21Z oee_empaidxsummdaily_purge Program END 

Create log file
2012-10-10 03:42:23Z oee_empaidxsummhourly_purge Program Start
2012-10-10 03:42:23Z oee_empaidxsummhourly_purge Program END 

Create log file
2012-10-10 03:44:30Z oee_empastcount_purge Program Start
2012-10-10 03:44:30Z oee_empastcount_purge Program END 

Create log file
2012-10-10 03:50:00Z OEE_IS_Hourly_Check_alarm  Program Start
2012-10-10 03:50:00Z OEE_IS_Hourly_Check_alarm  Program END 

Create log file
2012-10-10 03:50:01Z ALCS_Hourly_Check_alarm  Program Start
2012-10-10 03:50:01Z ALCS_Hourly_Check_alarm  Program END 

Create log file
2012-10-10 03:50:01Z SERVER_SELF_CHECK   Program Start
2012-10-10 03:50:01Z SERVER_SELF_CHECK   Program END 

Create log file
2012-10-10 04:01:00ZArray_Photo Program Start
2012-10-10 04:01:03ZArray_Photo Program End

Create log file
2012-10-10 04:03:00ZArray_test_repeat Program Start
2012-10-10 04:03:00ZArray_test_repeat Program End

Create log file
2012-10-10 04:41:07Z oee_empaidxsummdaily_purge Program Start
2012-10-10 04:41:07Z oee_empaidxsummdaily_purge Program END 

Create log file
2012-10-10 04:42:04Z oee_empaidxsummhourly_purge Program Start
2012-10-10 04:42:04Z oee_empaidxsummhourly_purge Program END 

Create log file
2012-10-10 04:44:22Z oee_empastcount_purge Program Start
2012-10-10 04:44:22Z oee_empastcount_purge Program END 

Create log file
2012-10-10 04:50:00Z OEE_IS_Hourly_Check_alarm  Program Start
2012-10-10 04:50:00Z OEE_IS_Hourly_Check_alarm  Program END 

Create log file
2012-10-10 04:50:00Z ALCS_Hourly_Check_alarm  Program Start
2012-10-10 04:50:00Z ALCS_Hourly_Check_alarm  Program END 

Create log file
2012-10-10 04:50:01Z SERVER_SELF_CHECK   Program Start
2012-10-10 04:50:01Z SERVER_SELF_CHECK   Program END 

Create log file
2012-10-10 05:01:00ZArray_Photo Program Start
1150 log finish

2012-10-10 05:01:03ZArray_Photo Program End

Create log file
2012-10-10 05:03:00ZArray_test_repeat Program Start
2012-10-10 05:03:02ZArray_test_repeat Program End

Create log file
2012-10-10 05:30:07ZARY_HOLD_LOT Program Start
There are lots exceed process time for 24hrs, please check

There are lots exceed process time for 24hrs, please check

There are lots exceed process time for 24hrs, please check

There are lots exceed process time for 24hrs, please check

There are lots exceed process time for 24hrs, please check

There are lots exceed process time for 24hrs, please check

There are lots exceed process time for 24hrs, please check

There are lots exceed process time for 24hrs, please check

There are lots exceed process time for 24hrs, please check

There are lots exceed process time for 24hrs, please check

There are lots exceed process time for 24hrs, please check

There are lots exceed process time for 24hrs, please check

There are lots exceed process time for 24hrs, please check

There are lots exceed process time for 24hrs, please check

There are lots exceed process time for 24hrs, please check

There are lots exceed process time for 24hrs, please check

There are lots exceed process time for 24hrs, please check

2012-10-10 05:30:24ZARY_HOLD_LOT Program End

Create log file
2012-10-10 05:41:25Z oee_empaidxsummdaily_purge Program Start
2012-10-10 05:41:25Z oee_empaidxsummdaily_purge Program END 

Create log file
2012-10-10 05:42:10Z oee_empaidxsummhourly_purge Program Start
2012-10-10 05:42:10Z oee_empaidxsummhourly_purge Program END 

Create log file
2012-10-10 05:44:27Z oee_empastcount_purge Program Start
2012-10-10 05:44:27Z oee_empastcount_purge Program END 

Create log file
2012-10-10 05:50:00Z OEE_IS_Hourly_Check_alarm  Program Start
2012-10-10 05:50:00Z OEE_IS_Hourly_Check_alarm  Program END 

Create log file
2012-10-10 05:50:05Z ALCS_Hourly_Check_alarm  Program Start
2012-10-10 05:50:05Z ALCS_Hourly_Check_alarm  Program END 

Create log file
2012-10-10 05:50:05Z SERVER_SELF_CHECK   Program Start
2012-10-10 05:50:05Z SERVER_SELF_CHECK   Program END 

Create log file
2012-10-10 06:01:00ZArray_Photo Program Start
1150 log finish

1450 log finish

2012-10-10 06:01:03ZArray_Photo Program End

Create log file
2012-10-10 06:03:00ZArray_test_repeat Program Start
2012-10-10 06:03:00ZArray_test_repeat Program End

Create log file
2012-10-10 06:41:27Z oee_empaidxsummdaily_purge Program Start
2012-10-10 06:41:27Z oee_empaidxsummdaily_purge Program END 

Create log file
2012-10-10 06:42:27Z oee_empaidxsummhourly_purge Program Start
2012-10-10 06:42:27Z oee_empaidxsummhourly_purge Program END 

Create log file
2012-10-10 06:44:32Z oee_empastcount_purge Program Start
2012-10-10 06:44:32Z oee_empastcount_purge Program END 

Create log file
2012-10-10 06:50:00Z OEE_IS_Hourly_Check_alarm  Program Start
2012-10-10 06:50:00Z OEE_IS_Hourly_Check_alarm  Program END 

Create log file
2012-10-10 06:50:40Z ODS_Recover_Lot 143 Lots Program Start
2012-10-10 06:50:40Z ODS_Recover_Lot 143 Lots Program END 

Create log file
2012-10-10 06:51:11Z ALCS_Hourly_Check_alarm  Program Start
2012-10-10 06:51:11Z ALCS_Hourly_Check_alarm  Program END 

Create log file
2012-10-10 06:51:12Z SERVER_SELF_CHECK   Program Start
2012-10-10 06:51:12Z SERVER_SELF_CHECK   Program END 

Create log file
2012-10-10 07:01:00ZArray_Photo Program Start
1150 log finish

1450 log finish

2012-10-10 07:01:03ZArray_Photo Program End

Create log file
2012-10-10 07:03:00ZArray_test_repeat Program Start
2012-10-10 07:03:00ZArray_test_repeat Program End

Create log file
2012-10-10 07:31:54Z OEELH_fixed_data_Daily Program Start
2012-10-10 07:31:54Z OEELH_fixed_data_Daily Program END 

Create log file
2012-10-10 07:41:19Z oee_empaidxsummdaily_purge Program Start
2012-10-10 07:41:19Z oee_empaidxsummdaily_purge Program END 

Create log file
2012-10-10 07:42:07Z oee_empaidxsummhourly_purge Program Start
2012-10-10 07:42:07Z oee_empaidxsummhourly_purge Program END 

Create log file
2012-10-10 07:44:20Z oee_empastcount_purge Program Start
2012-10-10 07:44:20Z oee_empastcount_purge Program END 

Create log file
2012-10-10 07:50:09Z OEE_IS_Hourly_Check_alarm  Program Start
2012-10-10 07:50:09Z OEE_IS_Hourly_Check_alarm  Program END 

Create log file
2012-10-10 07:50:10Z PDS_Hourly_Check_Alarm log finish Program Start
2012-10-10 07:50:10Z PDS_Hourly_Check_Alarm log finish Program END 

Create log file
2012-10-10 07:50:10Z ALCS_Hourly_Check_alarm  Program Start
2012-10-10 07:50:10Z ALCS_Hourly_Check_alarm  Program END 

Create log file
2012-10-10 07:50:14Z SERVER_SELF_CHECK   Program Start
2012-10-10 07:50:14Z SERVER_SELF_CHECK   Program END 

Create log file
2012-10-10 08:00:00Z Check_Onduty_Time From Onduty_dotnet2  Program Start
2012-10-10 08:00:00Z Check_Onduty_Time From Onduty_dotnet2  Program END 

Create log file
2012-10-10 08:01:00ZArray_Photo Program Start
1150 log finish

1450 log finish

2012-10-10 08:01:04ZArray_Photo Program End

Create log file
2012-10-10 08:03:00ZArray_test_repeat Program Start
2012-10-10 08:03:00ZArray_test_repeat Program End

Create log file
2012-10-10 08:30:00ZHoliday_inout_SMS Program Start
SMS log finish

2012-10-10 08:30:00ZHoliday_Inout_SMS Program End

Create log file
2012-10-10 08:32:00ZOEE_EQP_SMS Program Start
Holiday_OEE_EQP_T0A_SMS log finish

Holiday_OEE_EQP_T1A_SMS log finish

Holiday_OEE_EQP_T1C_SMS log finish

Holiday_OEE_EQP_T1F_SMS log finish

2012-10-10 08:32:46ZOEE_EQP_SMS Program End

Create log file
2012-10-10 08:41:06Z oee_empaidxsummdaily_purge Program Start
2012-10-10 08:41:06Z oee_empaidxsummdaily_purge Program END 

Create log file
2012-10-10 08:42:03Z oee_empaidxsummhourly_purge Program Start
2012-10-10 08:42:03Z oee_empaidxsummhourly_purge Program END 

Create log file
2012-10-10 08:44:21Z oee_empastcount_purge Program Start
2012-10-10 08:44:21Z oee_empastcount_purge Program END 

Create log file
2012-10-10 08:45:00ZHoliday_inout_SMS_For_C2 Program Start
SMS_C2 log finish

2012-10-10 08:45:07ZHoliday_Inout_SMS_For_C2 Program End

Create log file
2012-10-10 08:50:00Z OEE_IS_Hourly_Check_alarm  Program Start
2012-10-10 08:50:00Z OEE_IS_Hourly_Check_alarm  Program END 

Create log file
2012-10-10 08:50:00Z PDS_Hourly_Check_Alarm log finish Program Start
2012-10-10 08:50:00Z PDS_Hourly_Check_Alarm log finish Program END 

Create log file
2012-10-10 08:50:00Z ALCS_Hourly_Check_alarm  Program Start
2012-10-10 08:50:00Z ALCS_Hourly_Check_alarm  Program END 

Create log file
2012-10-10 08:50:01Z SERVER_SELF_CHECK   Program Start
2012-10-10 08:50:01Z SERVER_SELF_CHECK   Program END 

Create log file
2012-10-10 09:01:04ZArray_Photo Program Start
1150 log finish

1450 log finish

2012-10-10 09:01:08ZArray_Photo Program End

Create log file
2012-10-10 09:03:00ZArray_test_repeat Program Start
2012-10-10 09:03:00ZArray_test_repeat Program End

Create log file
2012-10-10 09:30:00ZARY_HOLD_LOT Program Start
There are lots exceed process time for 24hrs, please check

There are lots exceed process time for 24hrs, please check

There are lots exceed process time for 24hrs, please check

There are lots exceed process time for 24hrs, please check

There are lots exceed process time for 24hrs, please check

There are lots exceed process time for 24hrs, please check

There are lots exceed process time for 24hrs, please check

There are lots exceed process time for 24hrs, please check

There are lots exceed process time for 24hrs, please check

There are lots exceed process time for 24hrs, please check

There are lots exceed process time for 24hrs, please check

There are lots exceed process time for 24hrs, please check

There are lots exceed process time for 24hrs, please check

There are lots exceed process time for 24hrs, please check

2012-10-10 09:30:23ZARY_HOLD_LOT Program End

Create log file
2012-10-10 09:41:18Z oee_empaidxsummdaily_purge Program Start
2012-10-10 09:41:18Z oee_empaidxsummdaily_purge Program END 

Create log file
2012-10-10 09:42:13Z oee_empaidxsummhourly_purge Program Start
2012-10-10 09:42:13Z oee_empaidxsummhourly_purge Program END 

Create log file
2012-10-10 09:44:27Z oee_empastcount_purge Program Start
2012-10-10 09:44:27Z oee_empastcount_purge Program END 

Create log file
2012-10-10 09:50:00Z OEE_IS_Hourly_Check_alarm  Program Start
2012-10-10 09:50:00Z OEE_IS_Hourly_Check_alarm  Program END 

Create log file
2012-10-10 09:50:01Z ALCS_Hourly_Check_alarm  Program Start
2012-10-10 09:50:01Z ALCS_Hourly_Check_alarm  Program END 

Create log file
2012-10-10 09:50:01Z SERVER_SELF_CHECK   Program Start
2012-10-10 09:50:01Z SERVER_SELF_CHECK   Program END 

Create log file
2012-10-10 10:01:00ZArray_Photo Program Start
2012-10-10 10:01:02ZArray_Photo Program End

Create log file
2012-10-10 10:03:00ZArray_test_repeat Program Start
2012-10-10 10:03:01ZArray_test_repeat Program End

Create log file
2012-10-10 10:41:18Z oee_empaidxsummdaily_purge Program Start
2012-10-10 10:41:18Z oee_empaidxsummdaily_purge Program END 

Create log file
2012-10-10 10:42:15Z oee_empaidxsummhourly_purge Program Start
2012-10-10 10:42:15Z oee_empaidxsummhourly_purge Program END 

Create log file
2012-10-10 10:44:32Z oee_empastcount_purge Program Start
2012-10-10 10:44:32Z oee_empastcount_purge Program END 

Create log file
2012-10-10 10:50:00Z OEE_IS_Hourly_Check_alarm  Program Start
2012-10-10 10:50:00Z OEE_IS_Hourly_Check_alarm  Program END 

Create log file
2012-10-10 10:50:01Z ALCS_Hourly_Check_alarm  Program Start
2012-10-10 10:50:01Z ALCS_Hourly_Check_alarm  Program END 

Create log file
2012-10-10 10:50:03Z SERVER_SELF_CHECK   Program Start
2012-10-10 10:50:03Z SERVER_SELF_CHECK   Program END 

Create log file
2012-10-10 11:01:00ZArray_Photo Program Start
2012-10-10 11:01:03ZArray_Photo Program End

Create log file
2012-10-10 11:03:00ZArray_test_repeat Program Start
2012-10-10 11:03:01ZArray_test_repeat Program End

Create log file
2012-10-10 11:40:00Z T1OEE Purge Program Start
2012-10-10 11:40:00Z T1OEE Purge Program END 

Create log file
2012-10-10 11:41:17Z oee_empaidxsummdaily_purge Program Start
2012-10-10 11:41:17Z oee_empaidxsummdaily_purge Program END 

Create log file
2012-10-10 11:42:08Z oee_empaidxsummhourly_purge Program Start
2012-10-10 11:42:08Z oee_empaidxsummhourly_purge Program END 

Create log file
2012-10-10 11:44:30Z oee_empastcount_purge Program Start
2012-10-10 11:44:30Z oee_empastcount_purge Program END 

Create log file
2012-10-10 11:50:00Z OEE_IS_Hourly_Check_alarm  Program Start
2012-10-10 11:50:00Z OEE_IS_Hourly_Check_alarm  Program END 

Create log file
2012-10-10 11:50:00Z ALCS_Hourly_Check_alarm  Program Start
2012-10-10 11:50:00Z ALCS_Hourly_Check_alarm  Program END 

Create log file
2012-10-10 11:50:01Z SERVER_SELF_CHECK   Program Start
2012-10-10 11:50:01Z SERVER_SELF_CHECK   Program END 

Create log file
2012-10-10 12:01:00ZArray_Photo Program Start
2012-10-10 12:01:03ZArray_Photo Program End

Create log file
2012-10-10 12:03:00ZArray_test_repeat Program Start
2012-10-10 12:03:01ZArray_test_repeat Program End

Create log file
2012-10-10 12:41:22Z oee_empaidxsummdaily_purge Program Start
2012-10-10 12:41:22Z oee_empaidxsummdaily_purge Program END 

Create log file
2012-10-10 12:42:14Z oee_empaidxsummhourly_purge Program Start
2012-10-10 12:42:14Z oee_empaidxsummhourly_purge Program END 

Create log file
2012-10-10 12:44:31Z oee_empastcount_purge Program Start
2012-10-10 12:44:31Z oee_empastcount_purge Program END 

Create log file
2012-10-10 12:50:00Z OEE_IS_Hourly_Check_alarm  Program Start
2012-10-10 12:50:00Z OEE_IS_Hourly_Check_alarm  Program END 

Create log file
2012-10-10 12:50:00Z ALCS_Hourly_Check_alarm  Program Start
2012-10-10 12:50:00Z ALCS_Hourly_Check_alarm  Program END 

Create log file
2012-10-10 12:50:01Z SERVER_SELF_CHECK   Program Start
2012-10-10 12:50:01Z SERVER_SELF_CHECK   Program END 

Create log file
2012-10-10 13:01:00ZArray_Photo Program Start
2012-10-10 13:01:03ZArray_Photo Program End

Create log file
2012-10-10 13:03:00ZArray_test_repeat Program Start
2012-10-10 13:03:01ZArray_test_repeat Program End

Create log file
2012-10-10 13:30:02ZARY_HOLD_LOT Program Start
There are lots exceed process time for 24hrs, please check

There are lots exceed process time for 24hrs, please check

There are lots exceed process time for 48hrs, please check

There are lots exceed process time for 24hrs, please check

There are lots exceed process time for 24hrs, please check

There are lots exceed process time for 24hrs, please check

There are lots exceed process time for 48hrs, please check

There are lots exceed process time for 24hrs, please check

There are lots exceed process time for 24hrs, please check

There are lots exceed process time for 48hrs, please check

There are lots exceed process time for 24hrs, please check

There are lots exceed process time for 24hrs, please check

There are lots exceed process time for 48hrs, please check

There are lots exceed process time for 24hrs, please check

There are lots exceed process time for 24hrs, please check

There are lots exceed process time for 48hrs, please check

There are lots exceed process time for 24hrs, please check

There are lots exceed process time for 24hrs, please check

There are lots exceed process time for 48hrs, please check

There are lots exceed process time for 24hrs, please check

There are lots exceed process time for 24hrs, please check

There are lots exceed process time for 48hrs, please check

There are lots exceed process time for 24hrs, please check

There are lots exceed process time for 24hrs, please check

There are lots exceed process time for 24hrs, please check

There are lots exceed process time for 24hrs, please check

There are lots exceed process time for 24hrs, please check

There are lots exceed process time for 48hrs, please check

There are lots exceed process time for 24hrs, please check

There are lots exceed process time for 24hrs, please check

2012-10-10 13:30:21ZARY_HOLD_LOT Program End

Create log file
2012-10-10 13:41:15Z oee_empaidxsummdaily_purge Program Start
2012-10-10 13:41:15Z oee_empaidxsummdaily_purge Program END 

Create log file
2012-10-10 13:41:40Z oee_empaidxsummhourly_purge Program Start
2012-10-10 13:41:40Z oee_empaidxsummhourly_purge Program END 

Create log file
2012-10-10 13:44:20Z oee_empastcount_purge Program Start
2012-10-10 13:44:20Z oee_empastcount_purge Program END 

Create log file
2012-10-10 13:50:00Z OEE_IS_Hourly_Check_alarm  Program Start
2012-10-10 13:50:00Z OEE_IS_Hourly_Check_alarm  Program END 

Create log file
2012-10-10 13:50:09Z ALCS_Hourly_Check_alarm  Program Start
2012-10-10 13:50:09Z ALCS_Hourly_Check_alarm  Program END 

Create log file
2012-10-10 13:50:10Z SERVER_SELF_CHECK   Program Start
2012-10-10 13:50:10Z SERVER_SELF_CHECK   Program END 

Create log file
2012-10-10 14:01:00ZArray_Photo Program Start
1450 log finish

2012-10-10 14:01:03ZArray_Photo Program End

Create log file
2012-10-10 14:03:00ZArray_test_repeat Program Start
2012-10-10 14:03:00ZArray_test_repeat Program End

Create log file
2012-10-10 14:41:26Z oee_empaidxsummdaily_purge Program Start
2012-10-10 14:41:26Z oee_empaidxsummdaily_purge Program END 

Create log file
2012-10-10 14:41:50Z oee_empaidxsummhourly_purge Program Start
2012-10-10 14:41:50Z oee_empaidxsummhourly_purge Program END 

Create log file
2012-10-10 14:44:32Z oee_empastcount_purge Program Start
2012-10-10 14:44:32Z oee_empastcount_purge Program END 

Create log file
2012-10-10 14:50:00Z OEE_IS_Hourly_Check_alarm  Program Start
2012-10-10 14:50:00Z OEE_IS_Hourly_Check_alarm  Program END 

Create log file
2012-10-10 14:50:01Z ALCS_Hourly_Check_alarm  Program Start
2012-10-10 14:50:01Z ALCS_Hourly_Check_alarm  Program END 

Create log file
2012-10-10 14:50:02Z SERVER_SELF_CHECK   Program Start
2012-10-10 14:50:02Z SERVER_SELF_CHECK   Program END 

Create log file
2012-10-10 15:01:00ZArray_Photo Program Start
2012-10-10 15:01:03ZArray_Photo Program End

Create log file
2012-10-10 15:03:00ZArray_test_repeat Program Start
2012-10-10 15:03:00ZArray_test_repeat Program End

Create log file
2012-10-10 15:41:18Z oee_empaidxsummdaily_purge Program Start
2012-10-10 15:41:18Z oee_empaidxsummdaily_purge Program END 

Create log file
2012-10-10 15:41:49Z oee_empaidxsummhourly_purge Program Start
2012-10-10 15:41:49Z oee_empaidxsummhourly_purge Program END 

Create log file
2012-10-10 15:44:23Z oee_empastcount_purge Program Start
2012-10-10 15:44:23Z oee_empastcount_purge Program END 

Create log file
2012-10-10 15:50:00Z OEE_IS_Hourly_Check_alarm  Program Start
2012-10-10 15:50:00Z OEE_IS_Hourly_Check_alarm  Program END 

Create log file
2012-10-10 15:50:05Z ALCS_Hourly_Check_alarm  Program Start
2012-10-10 15:50:05Z ALCS_Hourly_Check_alarm  Program END 

Create log file
2012-10-10 15:50:06Z SERVER_SELF_CHECK   Program Start
2012-10-10 15:50:06Z SERVER_SELF_CHECK   Program END 

Create log file
2012-10-10 16:01:00ZArray_Photo Program Start
2012-10-10 16:01:03ZArray_Photo Program End

Create log file
2012-10-10 16:03:00ZArray_test_repeat Program Start
2012-10-10 16:03:00ZArray_test_repeat Program End

Create log file
2012-10-10 16:41:16Z oee_empaidxsummdaily_purge Program Start
2012-10-10 16:41:16Z oee_empaidxsummdaily_purge Program END 

Create log file
2012-10-10 16:41:44Z oee_empaidxsummhourly_purge Program Start
2012-10-10 16:41:44Z oee_empaidxsummhourly_purge Program END 

Create log file
2012-10-10 16:44:19Z oee_empastcount_purge Program Start
2012-10-10 16:44:19Z oee_empastcount_purge Program END 

Create log file
2012-10-10 16:50:00Z OEE_IS_Hourly_Check_alarm  Program Start
2012-10-10 16:50:00Z OEE_IS_Hourly_Check_alarm  Program END 

Create log file
2012-10-10 16:50:00Z ALCS_Hourly_Check_alarm  Program Start
2012-10-10 16:50:00Z ALCS_Hourly_Check_alarm  Program END 

Create log file
2012-10-10 16:50:01Z SERVER_SELF_CHECK   Program Start
2012-10-10 16:50:01Z SERVER_SELF_CHECK   Program END 

Create log file
2012-10-10 17:01:00ZArray_Photo Program Start
2012-10-10 17:01:03ZArray_Photo Program End

Create log file
2012-10-10 17:03:00ZArray_test_repeat Program Start
2012-10-10 17:03:00ZArray_test_repeat Program End

Create log file
2012-10-10 17:30:00ZARY_HOLD_LOT Program Start
There are lots exceed process time for 24hrs, please check

There are lots exceed process time for 24hrs, please check

There are lots exceed process time for 24hrs, please check

There are lots exceed process time for 24hrs, please check

There are lots exceed process time for 24hrs, please check

There are lots exceed process time for 24hrs, please check

There are lots exceed process time for 24hrs, please check

There are lots exceed process time for 24hrs, please check

There are lots exceed process time for 24hrs, please check

There are lots exceed process time for 24hrs, please check

There are lots exceed process time for 24hrs, please check

There are lots exceed process time for 24hrs, please check

There are lots exceed process time for 24hrs, please check

2012-10-10 17:30:12ZARY_HOLD_LOT Program End

Create log file
2012-10-10 17:41:18Z oee_empaidxsummdaily_purge Program Start
2012-10-10 17:41:18Z oee_empaidxsummdaily_purge Program END 

Create log file
2012-10-10 17:41:43Z oee_empaidxsummhourly_purge Program Start
2012-10-10 17:41:43Z oee_empaidxsummhourly_purge Program END 

Create log file
2012-10-10 17:44:21Z oee_empastcount_purge Program Start
2012-10-10 17:44:21Z oee_empastcount_purge Program END 

Create log file
2012-10-10 17:50:00Z OEE_IS_Hourly_Check_alarm  Program Start
2012-10-10 17:50:00Z OEE_IS_Hourly_Check_alarm  Program END 

Create log file
2012-10-10 17:50:01Z ALCS_Hourly_Check_alarm  Program Start
2012-10-10 17:50:01Z ALCS_Hourly_Check_alarm  Program END 

Create log file
2012-10-10 17:50:01Z SERVER_SELF_CHECK   Program Start
2012-10-10 17:50:01Z SERVER_SELF_CHECK   Program END 

Create log file
2012-10-10 18:01:00ZArray_Photo Program Start
1650 log finish

2012-10-10 18:01:04ZArray_Photo Program End

Create log file
2012-10-10 18:03:00ZArray_test_repeat Program Start
2012-10-10 18:03:00ZArray_test_repeat Program End

Create log file
2012-10-10 18:41:16Z oee_empaidxsummdaily_purge Program Start
2012-10-10 18:41:16Z oee_empaidxsummdaily_purge Program END 

Create log file
2012-10-10 18:41:41Z oee_empaidxsummhourly_purge Program Start
2012-10-10 18:41:41Z oee_empaidxsummhourly_purge Program END 

Create log file
2012-10-10 18:44:24Z oee_empastcount_purge Program Start
2012-10-10 18:44:24Z oee_empastcount_purge Program END 

Create log file
2012-10-10 18:50:00Z OEE_IS_Hourly_Check_alarm  Program Start
2012-10-10 18:50:00Z OEE_IS_Hourly_Check_alarm  Program END 

Create log file
2012-10-10 18:50:02Z ALCS_Hourly_Check_alarm  Program Start
2012-10-10 18:50:02Z ALCS_Hourly_Check_alarm  Program END 

Create log file
2012-10-10 18:50:03Z SERVER_SELF_CHECK   Program Start
2012-10-10 18:50:03Z SERVER_SELF_CHECK   Program END 

Create log file
2012-10-10 19:01:00ZArray_Photo Program Start
1650 log finish

2012-10-10 19:01:03ZArray_Photo Program End

Create log file
2012-10-10 19:03:00ZArray_test_repeat Program Start
2012-10-10 19:03:00ZArray_test_repeat Program End

Create log file
2012-10-10 19:41:20Z oee_empaidxsummdaily_purge Program Start
2012-10-10 19:41:20Z oee_empaidxsummdaily_purge Program END 

Create log file
2012-10-10 19:41:46Z oee_empaidxsummhourly_purge Program Start
2012-10-10 19:41:46Z oee_empaidxsummhourly_purge Program END 

Create log file
2012-10-10 19:44:23Z oee_empastcount_purge Program Start
2012-10-10 19:44:23Z oee_empastcount_purge Program END 

Create log file
2012-10-10 19:50:00Z OEE_IS_Hourly_Check_alarm  Program Start
2012-10-10 19:50:00Z OEE_IS_Hourly_Check_alarm  Program END 

Create log file
2012-10-10 19:50:01Z PDS_Hourly_Check_Alarm log finish Program Start
2012-10-10 19:50:01Z PDS_Hourly_Check_Alarm log finish Program END 

Create log file
2012-10-10 19:50:01Z ALCS_Hourly_Check_alarm  Program Start
2012-10-10 19:50:01Z ALCS_Hourly_Check_alarm  Program END 

Create log file
2012-10-10 19:50:02Z SERVER_SELF_CHECK   Program Start
2012-10-10 19:50:02Z SERVER_SELF_CHECK   Program END 

Create log file
2012-10-10 20:01:00ZArray_Photo Program Start
2012-10-10 20:01:03ZArray_Photo Program End

Create log file
2012-10-10 20:03:00ZArray_test_repeat Program Start
2012-10-10 20:03:00ZArray_test_repeat Program End

Create log file
2012-10-10 20:41:21Z oee_empaidxsummdaily_purge Program Start
2012-10-10 20:41:21Z oee_empaidxsummdaily_purge Program END 

Create log file
2012-10-10 20:41:47Z oee_empaidxsummhourly_purge Program Start
2012-10-10 20:41:47Z oee_empaidxsummhourly_purge Program END 

Create log file
2012-10-10 20:44:23Z oee_empastcount_purge Program Start
2012-10-10 20:44:23Z oee_empastcount_purge Program END 

Create log file
2012-10-10 20:50:00Z OEE_IS_Hourly_Check_alarm  Program Start
2012-10-10 20:50:00Z OEE_IS_Hourly_Check_alarm  Program END 

Create log file
2012-10-10 20:50:01Z PDS_Hourly_Check_Alarm log finish Program Start
2012-10-10 20:50:01Z PDS_Hourly_Check_Alarm log finish Program END 

Create log file
2012-10-10 20:50:01Z PDS_Hourly_Check_Alarm log finish Program Start
2012-10-10 20:50:01Z PDS_Hourly_Check_Alarm log finish Program END 

Create log file
2012-10-10 20:50:01Z ALCS_Hourly_Check_alarm  Program Start
2012-10-10 20:50:01Z ALCS_Hourly_Check_alarm  Program END 

Create log file
2012-10-10 20:50:02Z SERVER_SELF_CHECK   Program Start
2012-10-10 20:50:02Z SERVER_SELF_CHECK   Program END 

Create log file
2012-10-10 21:01:00ZArray_Photo Program Start
2012-10-10 21:01:02ZArray_Photo Program End

Create log file
2012-10-10 21:03:00ZArray_test_repeat Program Start
2012-10-10 21:03:03ZArray_test_repeat Program End

Create log file
2012-10-10 21:30:01ZARY_HOLD_LOT Program Start
There are lots exceed process time for 24hrs, please check

There are lots exceed process time for 24hrs, please check

There are lots exceed process time for 24hrs, please check

There are lots exceed process time for 24hrs, please check

There are lots exceed process time for 24hrs, please check

There are lots exceed process time for 24hrs, please check

There are lots exceed process time for 24hrs, please check

There are lots exceed process time for 24hrs, please check

There are lots exceed process time for 24hrs, please check

There are lots exceed process time for 24hrs, please check

There are lots exceed process time for 24hrs, please check

There are lots exceed process time for 24hrs, please check

There are lots exceed process time for 24hrs, please check

2012-10-10 21:30:15ZARY_HOLD_LOT Program End

Create log file
2012-10-10 21:41:17Z oee_empaidxsummdaily_purge Program Start
2012-10-10 21:41:17Z oee_empaidxsummdaily_purge Program END 

Create log file
2012-10-10 21:41:41Z oee_empaidxsummhourly_purge Program Start
2012-10-10 21:41:41Z oee_empaidxsummhourly_purge Program END 

Create log file
2012-10-10 21:44:20Z oee_empastcount_purge Program Start
2012-10-10 21:44:20Z oee_empastcount_purge Program END 

Create log file
2012-10-10 21:50:00Z OEE_IS_Hourly_Check_alarm  Program Start
2012-10-10 21:50:00Z OEE_IS_Hourly_Check_alarm  Program END 

Create log file
2012-10-10 21:50:01Z PDS_Hourly_Check_Alarm log finish Program Start
2012-10-10 21:50:01Z PDS_Hourly_Check_Alarm log finish Program END 

Create log file
2012-10-10 21:50:01Z PDS_Hourly_Check_Alarm log finish Program Start
2012-10-10 21:50:01Z PDS_Hourly_Check_Alarm log finish Program END 

Create log file
2012-10-10 21:50:01Z ALCS_Hourly_Check_alarm  Program Start
2012-10-10 21:50:01Z ALCS_Hourly_Check_alarm  Program END 

Create log file
2012-10-10 21:50:02Z SERVER_SELF_CHECK   Program Start
2012-10-10 21:50:02Z SERVER_SELF_CHECK   Program END 

Create log file
2012-10-10 22:00:00ZSERVER_SMS_TEST Program Start
SMS log finish

2012-10-10 22:00:00ZSERVER_SMS_TEST Program End

Create log file
2012-10-10 22:01:00ZArray_Photo Program Start
2012-10-10 22:01:04ZArray_Photo Program End

Create log file
2012-10-10 22:03:00ZArray_test_repeat Program Start
2012-10-10 22:03:00ZArray_test_repeat Program End

Create log file
2012-10-10 22:41:30Z oee_empaidxsummdaily_purge Program Start
2012-10-10 22:41:30Z oee_empaidxsummdaily_purge Program END 

Create log file
2012-10-10 22:42:01Z oee_empaidxsummhourly_purge Program Start
2012-10-10 22:42:01Z oee_empaidxsummhourly_purge Program END 

Create log file
2012-10-10 22:44:40Z oee_empastcount_purge Program Start
2012-10-10 22:44:40Z oee_empastcount_purge Program END 

Create log file
2012-10-10 22:50:00Z OEE_IS_Hourly_Check_alarm  Program Start
2012-10-10 22:50:00Z OEE_IS_Hourly_Check_alarm  Program END 

Create log file
2012-10-10 22:50:01Z PDS_Hourly_Check_Alarm log finish Program Start
2012-10-10 22:50:01Z PDS_Hourly_Check_Alarm log finish Program END 

Create log file
2012-10-10 22:50:01Z PDS_Hourly_Check_Alarm log finish Program Start
2012-10-10 22:50:01Z PDS_Hourly_Check_Alarm log finish Program END 

Create log file
2012-10-10 22:50:01Z ALCS_Hourly_Check_alarm  Program Start
2012-10-10 22:50:01Z ALCS_Hourly_Check_alarm  Program END 

Create log file
2012-10-10 22:50:02Z SERVER_SELF_CHECK   Program Start
2012-10-10 22:50:02Z SERVER_SELF_CHECK   Program END 

Create log file
2012-10-10 23:01:00ZArray_Photo Program Start
2012-10-10 23:01:03ZArray_Photo Program End

Create log file
2012-10-10 23:03:00ZArray_test_repeat Program Start
2012-10-10 23:03:00ZArray_test_repeat Program End

Create log file
2012-10-10 23:41:21Z oee_empaidxsummdaily_purge Program Start
2012-10-10 23:41:21Z oee_empaidxsummdaily_purge Program END 

Create log file
2012-10-10 23:41:47Z oee_empaidxsummhourly_purge Program Start
2012-10-10 23:41:47Z oee_empaidxsummhourly_purge Program END 

Create log file
2012-10-10 23:44:31Z oee_empastcount_purge Program Start
2012-10-10 23:44:31Z oee_empastcount_purge Program END 

Create log file
2012-10-10 23:50:00Z OEE_IS_Hourly_Check_alarm  Program Start
2012-10-10 23:50:00Z OEE_IS_Hourly_Check_alarm  Program END 

Create log file
2012-10-10 23:50:02Z ALCS_Hourly_Check_alarm  Program Start
2012-10-10 23:50:02Z ALCS_Hourly_Check_alarm  Program END 

Create log file
2012-10-10 23:50:03Z SERVER_SELF_CHECK   Program Start
2012-10-10 23:50:03Z SERVER_SELF_CHECK   Program END 

