Create log file
2012-11-04 00:01:00ZArray_Photo Program Start
1250 log finish

2012-11-04 00:01:03ZArray_Photo Program End

Create log file
2012-11-04 00:03:01ZArray_test_repeat Program Start
2012-11-04 00:03:01ZArray_test_repeat Program End

Create log file
2012-11-04 00:10:00Z T0T1 InnoView Add User Program Start
2012-11-04 00:10:00Z T0T1 InnoView Add User Program END 

Create log file
2012-11-04 00:20:14Z VPNLOG_PARSER Program Start
2012-11-04 00:20:14Z VPNLOG_PARSER Program END 

Create log file
2012-11-04 00:30:00Z T0/T1 RealTimeDept Program Start
2012-11-04 00:30:00Z T0/T1 RealTimeDept Program END 

Create log file
2012-11-04 00:41:40Z oee_empaidxsummdaily_purge Program Start
2012-11-04 00:41:40Z oee_empaidxsummdaily_purge Program END 

Create log file
2012-11-04 00:42:23Z oee_empaidxsummhourly_purge Program Start
2012-11-04 00:42:23Z oee_empaidxsummhourly_purge Program END 

Create log file
2012-11-04 00:46:29Z oee_empastcount_purge Program Start
2012-11-04 00:46:29Z oee_empastcount_purge Program END 

Create log file
2012-11-04 00:50:00Z OEE_IS_Hourly_Check_alarm  Program Start
2012-11-04 00:50:00Z OEE_IS_Hourly_Check_alarm  Program END 

Create log file
2012-11-04 00:50:01Z ALCS_Hourly_Check_alarm  Program Start
2012-11-04 00:50:01Z ALCS_Hourly_Check_alarm  Program END 

Create log file
2012-11-04 00:50:05Z SERVER_SELF_CHECK   Program Start
2012-11-04 00:50:05Z SERVER_SELF_CHECK   Program END 

Create log file
2012-11-04 01:01:01ZArray_Photo Program Start
1350 log finish

1450 log finish

2012-11-04 01:01:05ZArray_Photo Program End

Create log file
2012-11-04 01:03:00ZArray_test_repeat Program Start
2012-11-04 01:03:00ZArray_test_repeat Program End

Create log file
2012-11-04 01:30:06ZARY_HOLD_LOT Program Start
There are lots exceed process time for 24hrs, please check

There are lots exceed process time for 24hrs, please check

There are lots exceed process time for 24hrs, please check

There are lots exceed process time for 24hrs, please check

There are lots exceed process time for 24hrs, please check

There are lots exceed process time for 24hrs, please check

There are lots exceed process time for 24hrs, please check

There are lots exceed process time for 24hrs, please check

There are lots exceed process time for 24hrs, please check

There are lots exceed process time for 24hrs, please check

There are lots exceed process time for 24hrs, please check

There are lots exceed process time for 24hrs, please check

There are lots exceed process time for 24hrs, please check

There are lots exceed process time for 24hrs, please check

2012-11-04 01:30:34ZARY_HOLD_LOT Program End

Create log file
2012-11-04 01:41:18Z oee_empaidxsummdaily_purge Program Start
2012-11-04 01:41:18Z oee_empaidxsummdaily_purge Program END 

Create log file
2012-11-04 01:42:21Z oee_empaidxsummhourly_purge Program Start
2012-11-04 01:42:21Z oee_empaidxsummhourly_purge Program END 

Create log file
2012-11-04 01:44:23Z oee_empastcount_purge Program Start
2012-11-04 01:44:23Z oee_empastcount_purge Program END 

Create log file
2012-11-04 01:50:00Z OEE_IS_Hourly_Check_alarm  Program Start
2012-11-04 01:50:00Z OEE_IS_Hourly_Check_alarm  Program END 

Create log file
2012-11-04 01:50:01Z ALCS_Hourly_Check_alarm  Program Start
2012-11-04 01:50:01Z ALCS_Hourly_Check_alarm  Program END 

Create log file
2012-11-04 01:50:01Z SERVER_SELF_CHECK   Program Start
2012-11-04 01:50:01Z SERVER_SELF_CHECK   Program END 

Create log file
2012-11-04 02:01:00ZArray_Photo Program Start
1250 log finish

1350 log finish

1450 log finish

2012-11-04 02:01:04ZArray_Photo Program End

Create log file
2012-11-04 02:03:00ZArray_test_repeat Program Start
2012-11-04 02:03:01ZArray_test_repeat Program End

Create log file
2012-11-04 02:41:11Z oee_empaidxsummdaily_purge Program Start
2012-11-04 02:41:11Z oee_empaidxsummdaily_purge Program END 

Create log file
2012-11-04 02:42:07Z oee_empaidxsummhourly_purge Program Start
2012-11-04 02:42:07Z oee_empaidxsummhourly_purge Program END 

Create log file
2012-11-04 02:44:21Z oee_empastcount_purge Program Start
2012-11-04 02:44:21Z oee_empastcount_purge Program END 

Create log file
2012-11-04 02:50:00Z OEE_IS_Hourly_Check_alarm  Program Start
2012-11-04 02:50:00Z OEE_IS_Hourly_Check_alarm  Program END 

Create log file
2012-11-04 02:50:01Z ALCS_Hourly_Check_alarm  Program Start
2012-11-04 02:50:01Z ALCS_Hourly_Check_alarm  Program END 

Create log file
2012-11-04 02:50:02Z SERVER_SELF_CHECK   Program Start
2012-11-04 02:50:02Z SERVER_SELF_CHECK   Program END 

Create log file
2012-11-04 03:01:00ZArray_Photo Program Start
1350 log finish

1450 log finish

2012-11-04 03:01:04ZArray_Photo Program End

Create log file
2012-11-04 03:03:00ZArray_test_repeat Program Start
2012-11-04 03:03:00ZArray_test_repeat Program End

Create log file
2012-11-04 03:41:21Z oee_empaidxsummdaily_purge Program Start
2012-11-04 03:41:21Z oee_empaidxsummdaily_purge Program END 

Create log file
2012-11-04 03:42:25Z oee_empaidxsummhourly_purge Program Start
2012-11-04 03:42:25Z oee_empaidxsummhourly_purge Program END 

Create log file
2012-11-04 03:44:34Z oee_empastcount_purge Program Start
2012-11-04 03:44:34Z oee_empastcount_purge Program END 

Create log file
2012-11-04 03:50:00Z OEE_IS_Hourly_Check_alarm  Program Start
2012-11-04 03:50:00Z OEE_IS_Hourly_Check_alarm  Program END 

Create log file
2012-11-04 03:50:03Z ALCS_Hourly_Check_alarm  Program Start
2012-11-04 03:50:03Z ALCS_Hourly_Check_alarm  Program END 

Create log file
2012-11-04 03:50:04Z SERVER_SELF_CHECK   Program Start
2012-11-04 03:50:04Z SERVER_SELF_CHECK   Program END 

Create log file
2012-11-04 04:01:00ZArray_Photo Program Start
1450 log finish

2012-11-04 04:01:04ZArray_Photo Program End

Create log file
2012-11-04 04:03:01ZArray_test_repeat Program Start
2012-11-04 04:03:02ZArray_test_repeat Program End

Create log file
2012-11-04 04:41:23Z oee_empaidxsummdaily_purge Program Start
2012-11-04 04:41:23Z oee_empaidxsummdaily_purge Program END 

Create log file
2012-11-04 04:42:19Z oee_empaidxsummhourly_purge Program Start
2012-11-04 04:42:19Z oee_empaidxsummhourly_purge Program END 

Create log file
2012-11-04 04:44:26Z oee_empastcount_purge Program Start
2012-11-04 04:44:26Z oee_empastcount_purge Program END 

Create log file
2012-11-04 04:50:00Z OEE_IS_Hourly_Check_alarm  Program Start
2012-11-04 04:50:00Z OEE_IS_Hourly_Check_alarm  Program END 

Create log file
2012-11-04 04:50:00Z ALCS_Hourly_Check_alarm  Program Start
2012-11-04 04:50:00Z ALCS_Hourly_Check_alarm  Program END 

Create log file
2012-11-04 04:50:01Z SERVER_SELF_CHECK   Program Start
2012-11-04 04:50:01Z SERVER_SELF_CHECK   Program END 

Create log file
2012-11-04 05:01:00ZArray_Photo Program Start
1450 log finish

2012-11-04 05:01:03ZArray_Photo Program End

Create log file
2012-11-04 05:03:00ZArray_test_repeat Program Start
2012-11-04 05:03:01ZArray_test_repeat Program End

Create log file
2012-11-04 05:30:05ZARY_HOLD_LOT Program Start
There are lots exceed process time for 24hrs, please check

There are lots exceed process time for 24hrs, please check

There are lots exceed process time for 24hrs, please check

There are lots exceed process time for 24hrs, please check

There are lots exceed process time for 24hrs, please check

There are lots exceed process time for 24hrs, please check

There are lots exceed process time for 24hrs, please check

There are lots exceed process time for 24hrs, please check

There are lots exceed process time for 24hrs, please check

There are lots exceed process time for 24hrs, please check

There are lots exceed process time for 24hrs, please check

There are lots exceed process time for 24hrs, please check

There are lots exceed process time for 24hrs, please check

There are lots exceed process time for 24hrs, please check

There are lots exceed process time for 24hrs, please check

There are lots exceed process time for 24hrs, please check

2012-11-04 05:30:56ZARY_HOLD_LOT Program End

Create log file
2012-11-04 05:41:14Z oee_empaidxsummdaily_purge Program Start
2012-11-04 05:41:14Z oee_empaidxsummdaily_purge Program END 

Create log file
2012-11-04 05:42:09Z oee_empaidxsummhourly_purge Program Start
2012-11-04 05:42:09Z oee_empaidxsummhourly_purge Program END 

Create log file
2012-11-04 05:44:28Z oee_empastcount_purge Program Start
2012-11-04 05:44:28Z oee_empastcount_purge Program END 

Create log file
2012-11-04 05:50:00Z OEE_IS_Hourly_Check_alarm  Program Start
2012-11-04 05:50:00Z OEE_IS_Hourly_Check_alarm  Program END 

Create log file
2012-11-04 05:50:01Z ALCS_Hourly_Check_alarm  Program Start
2012-11-04 05:50:01Z ALCS_Hourly_Check_alarm  Program END 

Create log file
2012-11-04 05:50:02Z SERVER_SELF_CHECK   Program Start
2012-11-04 05:50:02Z SERVER_SELF_CHECK   Program END 

Create log file
2012-11-04 06:01:00ZArray_Photo Program Start
1250 log finish

1450 log finish

2012-11-04 06:01:03ZArray_Photo Program End

Create log file
2012-11-04 06:03:00ZArray_test_repeat Program Start
2012-11-04 06:03:01ZArray_test_repeat Program End

Create log file
2012-11-04 06:41:25Z oee_empaidxsummdaily_purge Program Start
2012-11-04 06:41:25Z oee_empaidxsummdaily_purge Program END 

Create log file
2012-11-04 06:42:25Z oee_empaidxsummhourly_purge Program Start
2012-11-04 06:42:25Z oee_empaidxsummhourly_purge Program END 

Create log file
2012-11-04 06:44:28Z oee_empastcount_purge Program Start
2012-11-04 06:44:28Z oee_empastcount_purge Program END 

Create log file
2012-11-04 06:51:00Z ODS_Recover_Lot 158 Lots Program Start
2012-11-04 06:51:00Z ODS_Recover_Lot 158 Lots Program END 

Create log file
2012-11-04 06:51:05Z OEE_IS_Hourly_Check_alarm  Program Start
2012-11-04 06:51:05Z OEE_IS_Hourly_Check_alarm  Program END 

Create log file
2012-11-04 06:51:06Z ALCS_Hourly_Check_alarm  Program Start
2012-11-04 06:51:06Z ALCS_Hourly_Check_alarm  Program END 

Create log file
2012-11-04 06:51:06Z SERVER_SELF_CHECK   Program Start
2012-11-04 06:51:06Z SERVER_SELF_CHECK   Program END 

Create log file
2012-11-04 07:01:00ZArray_Photo Program Start
1450 log finish

2012-11-04 07:01:04ZArray_Photo Program End

Create log file
2012-11-04 07:03:00ZArray_test_repeat Program Start
2012-11-04 07:03:00ZArray_test_repeat Program End

Create log file
2012-11-04 07:31:11Z OEELH_fixed_data_Daily Program Start
2012-11-04 07:31:11Z OEELH_fixed_data_Daily Program END 

Create log file
2012-11-04 07:41:16Z oee_empaidxsummdaily_purge Program Start
2012-11-04 07:41:16Z oee_empaidxsummdaily_purge Program END 

Create log file
2012-11-04 07:42:18Z oee_empaidxsummhourly_purge Program Start
2012-11-04 07:42:18Z oee_empaidxsummhourly_purge Program END 

Create log file
2012-11-04 07:44:23Z oee_empastcount_purge Program Start
2012-11-04 07:44:23Z oee_empastcount_purge Program END 

Create log file
2012-11-04 07:50:00Z OEE_IS_Hourly_Check_alarm  Program Start
2012-11-04 07:50:00Z OEE_IS_Hourly_Check_alarm  Program END 

Create log file
2012-11-04 07:50:08Z ALCS_Hourly_Check_alarm  Program Start
2012-11-04 07:50:08Z ALCS_Hourly_Check_alarm  Program END 

Create log file
2012-11-04 07:50:11Z SERVER_SELF_CHECK   Program Start
2012-11-04 07:50:11Z SERVER_SELF_CHECK   Program END 

Create log file
2012-11-04 08:00:01Z Check_Onduty_Time From Onduty_dotnet2  Program Start
2012-11-04 08:00:01Z Check_Onduty_Time From Onduty_dotnet2  Program END 

Create log file
2012-11-04 08:01:00ZArray_Photo Program Start
1350 log finish

1450 log finish

2012-11-04 08:01:03ZArray_Photo Program End

Create log file
2012-11-04 08:03:00ZArray_test_repeat Program Start
2012-11-04 08:03:01ZArray_test_repeat Program End

Create log file
2012-11-04 08:30:00ZHoliday_inout_SMS Program Start
SMS log finish

2012-11-04 08:30:00ZHoliday_Inout_SMS Program End

Create log file
2012-11-04 08:32:00ZOEE_EQP_SMS Program Start
Holiday_OEE_EQP_T0A_SMS log finish

Holiday_OEE_EQP_T1A_SMS log finish

Holiday_OEE_EQP_T1C_SMS log finish

Holiday_OEE_EQP_T1F_SMS log finish

2012-11-04 08:32:52ZOEE_EQP_SMS Program End

Create log file
2012-11-04 08:41:04Z oee_empaidxsummdaily_purge Program Start
2012-11-04 08:41:04Z oee_empaidxsummdaily_purge Program END 

Create log file
2012-11-04 08:41:59Z oee_empaidxsummhourly_purge Program Start
2012-11-04 08:41:59Z oee_empaidxsummhourly_purge Program END 

Create log file
2012-11-04 08:44:20Z oee_empastcount_purge Program Start
2012-11-04 08:44:20Z oee_empastcount_purge Program END 

Create log file
2012-11-04 08:45:00ZHoliday_inout_SMS_For_C2 Program Start
SMS_C2 log finish

2012-11-04 08:45:08ZHoliday_Inout_SMS_For_C2 Program End

Create log file
2012-11-04 08:50:00Z OEE_IS_Hourly_Check_alarm  Program Start
2012-11-04 08:50:00Z OEE_IS_Hourly_Check_alarm  Program END 

Create log file
2012-11-04 08:50:01Z ALCS_Hourly_Check_alarm  Program Start
2012-11-04 08:50:01Z ALCS_Hourly_Check_alarm  Program END 

Create log file
2012-11-04 08:50:01Z SERVER_SELF_CHECK   Program Start
2012-11-04 08:50:01Z SERVER_SELF_CHECK   Program END 

Create log file
2012-11-04 09:01:03ZArray_Photo Program Start
2012-11-04 09:01:08ZArray_Photo Program End

Create log file
2012-11-04 09:03:01ZArray_test_repeat Program Start
2012-11-04 09:03:01ZArray_test_repeat Program End

Create log file
2012-11-04 09:30:00ZARY_HOLD_LOT Program Start
There are lots exceed process time for 24hrs, please check

There are lots exceed process time for 24hrs, please check

There are lots exceed process time for 24hrs, please check

There are lots exceed process time for 24hrs, please check

There are lots exceed process time for 24hrs, please check

There are lots exceed process time for 24hrs, please check

There are lots exceed process time for 24hrs, please check

There are lots exceed process time for 24hrs, please check

There are lots exceed process time for 24hrs, please check

There are lots exceed process time for 24hrs, please check

There are lots exceed process time for 24hrs, please check

There are lots exceed process time for 24hrs, please check

There are lots exceed process time for 24hrs, please check

There are lots exceed process time for 24hrs, please check

There are lots exceed process time for 24hrs, please check

There are lots exceed process time for 24hrs, please check

There are lots exceed process time for 24hrs, please check

2012-11-04 09:30:30ZARY_HOLD_LOT Program End

Create log file
2012-11-04 09:41:15Z oee_empaidxsummdaily_purge Program Start
2012-11-04 09:41:15Z oee_empaidxsummdaily_purge Program END 

Create log file
2012-11-04 09:42:04Z oee_empaidxsummhourly_purge Program Start
2012-11-04 09:42:04Z oee_empaidxsummhourly_purge Program END 

Create log file
2012-11-04 09:44:24Z oee_empastcount_purge Program Start
2012-11-04 09:44:24Z oee_empastcount_purge Program END 

Create log file
2012-11-04 09:50:00Z OEE_IS_Hourly_Check_alarm  Program Start
2012-11-04 09:50:00Z OEE_IS_Hourly_Check_alarm  Program END 

Create log file
2012-11-04 09:50:01Z ALCS_Hourly_Check_alarm  Program Start
2012-11-04 09:50:01Z ALCS_Hourly_Check_alarm  Program END 

Create log file
2012-11-04 09:50:02Z SERVER_SELF_CHECK   Program Start
2012-11-04 09:50:02Z SERVER_SELF_CHECK   Program END 

Create log file
2012-11-04 10:01:00ZArray_Photo Program Start
1250 log finish

2012-11-04 10:01:04ZArray_Photo Program End

Create log file
2012-11-04 10:03:00ZArray_test_repeat Program Start
2012-11-04 10:03:00ZArray_test_repeat Program End

Create log file
2012-11-04 10:41:16Z oee_empaidxsummdaily_purge Program Start
2012-11-04 10:41:16Z oee_empaidxsummdaily_purge Program END 

Create log file
2012-11-04 10:42:17Z oee_empaidxsummhourly_purge Program Start
2012-11-04 10:42:17Z oee_empaidxsummhourly_purge Program END 

Create log file
2012-11-04 10:44:30Z oee_empastcount_purge Program Start
2012-11-04 10:44:30Z oee_empastcount_purge Program END 

Create log file
2012-11-04 10:50:00Z OEE_IS_Hourly_Check_alarm  Program Start
2012-11-04 10:50:00Z OEE_IS_Hourly_Check_alarm  Program END 

Create log file
2012-11-04 10:50:00Z ALCS_Hourly_Check_alarm  Program Start
2012-11-04 10:50:00Z ALCS_Hourly_Check_alarm  Program END 

Create log file
2012-11-04 10:50:01Z SERVER_SELF_CHECK   Program Start
2012-11-04 10:50:01Z SERVER_SELF_CHECK   Program END 

Create log file
2012-11-04 11:01:00ZArray_Photo Program Start
1150 log finish

2012-11-04 11:01:04ZArray_Photo Program End

Create log file
2012-11-04 11:03:01ZArray_test_repeat Program Start
2012-11-04 11:03:01ZArray_test_repeat Program End

Create log file
2012-11-04 11:40:02Z T1OEE Purge Program Start
2012-11-04 11:40:02Z T1OEE Purge Program END 

Create log file
2012-11-04 11:40:04Z EMPAGLASSHISTORY_drop_partition Program Start
2012-11-04 11:40:04Z EMPAGLASSHISTORY_drop_partition Program END 

Create log file
2012-11-04 11:40:06Z EMPAEVENTHISTORY_drop_partition Program Start
2012-11-04 11:40:06Z EMPAEVENTHISTORY_drop_partition Program END 

Create log file
2012-11-04 11:40:07Z EMPAALARMHISTORY_drop_partition Program Start
2012-11-04 11:40:07Z EMPAALARMHISTORY_drop_partition Program END 

Create log file
2012-11-04 11:40:08Z USR_PORTHISTORY_drop_partition Program Start
2012-11-04 11:40:08Z USR_PORTHISTORY_drop_partition Program END 

Create log file
2012-11-04 11:40:09Z EMPAGLASSHISTORY_add_partition Program Start
2012-11-04 11:40:09Z EMPAGLASSHISTORY_add_partition Program END 

Create log file
2012-11-04 11:40:09Z EMPAEVENTHISTORY_add_partition Program Start
2012-11-04 11:40:09Z EMPAEVENTHISTORY_add_partition Program END 

Create log file
2012-11-04 11:40:09Z EMPAALARMHISTORY_add_partition Program Start
2012-11-04 11:40:09Z EMPAALARMHISTORY_add_partition Program END 

Create log file
2012-11-04 11:40:10Z USR_PORTHISTORY_add_partition Program Start
2012-11-04 11:40:10Z USR_PORTHISTORY_add_partition Program END 

Create log file
2012-11-04 11:41:17Z oee_empaidxsummdaily_purge Program Start
2012-11-04 11:41:17Z oee_empaidxsummdaily_purge Program END 

Create log file
2012-11-04 11:42:05Z oee_empaidxsummhourly_purge Program Start
2012-11-04 11:42:05Z oee_empaidxsummhourly_purge Program END 

Create log file
2012-11-04 11:44:24Z oee_empastcount_purge Program Start
2012-11-04 11:44:24Z oee_empastcount_purge Program END 

Create log file
2012-11-04 11:50:00Z OEE_IS_Hourly_Check_alarm  Program Start
2012-11-04 11:50:00Z OEE_IS_Hourly_Check_alarm  Program END 

Create log file
2012-11-04 11:50:00Z ALCS_Hourly_Check_alarm  Program Start
2012-11-04 11:50:00Z ALCS_Hourly_Check_alarm  Program END 

Create log file
2012-11-04 11:50:01Z SERVER_SELF_CHECK   Program Start
2012-11-04 11:50:01Z SERVER_SELF_CHECK   Program END 

Create log file
2012-11-04 12:01:00ZArray_Photo Program Start
2012-11-04 12:01:03ZArray_Photo Program End

Create log file
2012-11-04 12:03:00ZArray_test_repeat Program Start
2012-11-04 12:03:01ZArray_test_repeat Program End

Create log file
2012-11-04 12:41:20Z oee_empaidxsummdaily_purge Program Start
2012-11-04 12:41:20Z oee_empaidxsummdaily_purge Program END 

Create log file
2012-11-04 12:42:36Z oee_empaidxsummhourly_purge Program Start
2012-11-04 12:42:36Z oee_empaidxsummhourly_purge Program END 

Create log file
2012-11-04 12:47:11Z oee_empastcount_purge Program Start
2012-11-04 12:47:11Z oee_empastcount_purge Program END 

Create log file
2012-11-04 12:50:00Z OEE_IS_Hourly_Check_alarm  Program Start
2012-11-04 12:50:00Z OEE_IS_Hourly_Check_alarm  Program END 

Create log file
2012-11-04 12:50:01Z ALCS_Hourly_Check_alarm  Program Start
2012-11-04 12:50:01Z ALCS_Hourly_Check_alarm  Program END 

Create log file
2012-11-04 12:50:02Z SERVER_SELF_CHECK   Program Start
2012-11-04 12:50:02Z SERVER_SELF_CHECK   Program END 

Create log file
2012-11-04 13:01:01ZArray_Photo Program Start
2012-11-04 13:01:04ZArray_Photo Program End

Create log file
2012-11-04 13:03:00ZArray_test_repeat Program Start
2012-11-04 13:03:00ZArray_test_repeat Program End

Create log file
2012-11-04 13:30:00ZARY_HOLD_LOT Program Start
There are lots exceed process time for 24hrs, please check

There are lots exceed process time for 24hrs, please check

There are lots exceed process time for 48hrs, please check

There are lots exceed process time for 24hrs, please check

There are lots exceed process time for 24hrs, please check

There are lots exceed process time for 24hrs, please check

There are lots exceed process time for 24hrs, please check

There are lots exceed process time for 48hrs, please check

There are lots exceed process time for 24hrs, please check

There are lots exceed process time for 24hrs, please check

There are lots exceed process time for 48hrs, please check

There are lots exceed process time for 24hrs, please check

There are lots exceed process time for 24hrs, please check

There are lots exceed process time for 48hrs, please check

There are lots exceed process time for 24hrs, please check

There are lots exceed process time for 24hrs, please check

There are lots exceed process time for 48hrs, please check

There are lots exceed process time for 24hrs, please check

There are lots exceed process time for 24hrs, please check

There are lots exceed process time for 48hrs, please check

There are lots exceed process time for 24hrs, please check

There are lots exceed process time for 24hrs, please check

There are lots exceed process time for 48hrs, please check

There are lots exceed process time for 24hrs, please check

There are lots exceed process time for 24hrs, please check

There are lots exceed process time for 48hrs, please check

There are lots exceed process time for 24hrs, please check

There are lots exceed process time for 24hrs, please check

There are lots exceed process time for 48hrs, please check

There are lots exceed process time for 24hrs, please check

There are lots exceed process time for 24hrs, please check

There are lots exceed process time for 48hrs, please check

There are lots exceed process time for 24hrs, please check

There are lots exceed process time for 24hrs, please check

There are lots exceed process time for 24hrs, please check

There are lots exceed process time for 48hrs, please check

There are lots exceed process time for 24hrs, please check

There are lots exceed process time for 24hrs, please check

There are lots exceed process time for 24hrs, please check

There are lots exceed process time for 48hrs, please check

There are lots exceed process time for 24hrs, please check

There are lots exceed process time for 24hrs, please check

There are lots exceed process time for 48hrs, please check

2012-11-04 13:30:37ZARY_HOLD_LOT Program End

Create log file
2012-11-04 13:41:14Z oee_empaidxsummdaily_purge Program Start
2012-11-04 13:41:14Z oee_empaidxsummdaily_purge Program END 

Create log file
2012-11-04 13:41:38Z oee_empaidxsummhourly_purge Program Start
2012-11-04 13:41:38Z oee_empaidxsummhourly_purge Program END 

Create log file
2012-11-04 13:44:23Z oee_empastcount_purge Program Start
2012-11-04 13:44:23Z oee_empastcount_purge Program END 

Create log file
2012-11-04 13:50:00Z OEE_IS_Hourly_Check_alarm  Program Start
2012-11-04 13:50:00Z OEE_IS_Hourly_Check_alarm  Program END 

Create log file
2012-11-04 13:50:03Z ALCS_Hourly_Check_alarm  Program Start
2012-11-04 13:50:03Z ALCS_Hourly_Check_alarm  Program END 

Create log file
2012-11-04 13:50:04Z SERVER_SELF_CHECK   Program Start
2012-11-04 13:50:04Z SERVER_SELF_CHECK   Program END 

Create log file
2012-11-04 14:01:00ZArray_Photo Program Start
2012-11-04 14:01:04ZArray_Photo Program End

Create log file
2012-11-04 14:03:00ZArray_test_repeat Program Start
2012-11-04 14:03:00ZArray_test_repeat Program End

Create log file
2012-11-04 14:41:18Z oee_empaidxsummdaily_purge Program Start
2012-11-04 14:41:18Z oee_empaidxsummdaily_purge Program END 

Create log file
2012-11-04 14:41:42Z oee_empaidxsummhourly_purge Program Start
2012-11-04 14:41:42Z oee_empaidxsummhourly_purge Program END 

Create log file
2012-11-04 14:44:25Z oee_empastcount_purge Program Start
2012-11-04 14:44:25Z oee_empastcount_purge Program END 

Create log file
2012-11-04 14:50:00Z OEE_IS_Hourly_Check_alarm  Program Start
2012-11-04 14:50:00Z OEE_IS_Hourly_Check_alarm  Program END 

Create log file
2012-11-04 14:50:01Z ALCS_Hourly_Check_alarm  Program Start
2012-11-04 14:50:01Z ALCS_Hourly_Check_alarm  Program END 

Create log file
2012-11-04 14:50:02Z SERVER_SELF_CHECK   Program Start
2012-11-04 14:50:02Z SERVER_SELF_CHECK   Program END 

Create log file
2012-11-04 15:01:01ZArray_Photo Program Start
2012-11-04 15:01:06ZArray_Photo Program End

Create log file
2012-11-04 15:03:00ZArray_test_repeat Program Start
2012-11-04 15:03:00ZArray_test_repeat Program End

Create log file
2012-11-04 15:41:22Z oee_empaidxsummdaily_purge Program Start
2012-11-04 15:41:22Z oee_empaidxsummdaily_purge Program END 

Create log file
2012-11-04 15:41:53Z oee_empaidxsummhourly_purge Program Start
2012-11-04 15:41:53Z oee_empaidxsummhourly_purge Program END 

Create log file
2012-11-04 15:44:34Z oee_empastcount_purge Program Start
2012-11-04 15:44:34Z oee_empastcount_purge Program END 

Create log file
2012-11-04 15:50:00Z OEE_IS_Hourly_Check_alarm  Program Start
2012-11-04 15:50:00Z OEE_IS_Hourly_Check_alarm  Program END 

Create log file
2012-11-04 15:50:01Z ALCS_Hourly_Check_alarm  Program Start
2012-11-04 15:50:01Z ALCS_Hourly_Check_alarm  Program END 

Create log file
2012-11-04 15:50:02Z SERVER_SELF_CHECK   Program Start
2012-11-04 15:50:02Z SERVER_SELF_CHECK   Program END 

Create log file
2012-11-04 16:01:00ZArray_Photo Program Start
1350 log finish

2012-11-04 16:01:04ZArray_Photo Program End

Create log file
2012-11-04 16:03:00ZArray_test_repeat Program Start
2012-11-04 16:03:00ZArray_test_repeat Program End

Create log file
2012-11-04 16:41:18Z oee_empaidxsummdaily_purge Program Start
2012-11-04 16:41:18Z oee_empaidxsummdaily_purge Program END 

Create log file
2012-11-04 16:41:43Z oee_empaidxsummhourly_purge Program Start
2012-11-04 16:41:43Z oee_empaidxsummhourly_purge Program END 

Create log file
2012-11-04 16:44:29Z oee_empastcount_purge Program Start
2012-11-04 16:44:29Z oee_empastcount_purge Program END 

Create log file
2012-11-04 16:50:00Z OEE_IS_Hourly_Check_alarm  Program Start
2012-11-04 16:50:00Z OEE_IS_Hourly_Check_alarm  Program END 

Create log file
2012-11-04 16:50:01Z ALCS_Hourly_Check_alarm  Program Start
2012-11-04 16:50:01Z ALCS_Hourly_Check_alarm  Program END 

Create log file
2012-11-04 16:50:02Z SERVER_SELF_CHECK   Program Start
2012-11-04 16:50:02Z SERVER_SELF_CHECK   Program END 

Create log file
2012-11-04 17:01:01ZArray_Photo Program Start
2012-11-04 17:01:04ZArray_Photo Program End

Create log file
2012-11-04 17:03:00ZArray_test_repeat Program Start
2012-11-04 17:03:00ZArray_test_repeat Program End

Create log file
2012-11-04 17:30:01ZARY_HOLD_LOT Program Start
There are lots exceed process time for 24hrs, please check

There are lots exceed process time for 24hrs, please check

There are lots exceed process time for 24hrs, please check

There are lots exceed process time for 24hrs, please check

There are lots exceed process time for 24hrs, please check

There are lots exceed process time for 24hrs, please check

There are lots exceed process time for 24hrs, please check

There are lots exceed process time for 24hrs, please check

There are lots exceed process time for 24hrs, please check

There are lots exceed process time for 24hrs, please check

There are lots exceed process time for 24hrs, please check

There are lots exceed process time for 24hrs, please check

There are lots exceed process time for 24hrs, please check

There are lots exceed process time for 24hrs, please check

There are lots exceed process time for 24hrs, please check

There are lots exceed process time for 24hrs, please check

There are lots exceed process time for 24hrs, please check

There are lots exceed process time for 24hrs, please check

2012-11-04 17:30:42ZARY_HOLD_LOT Program End

Create log file
2012-11-04 17:41:14Z oee_empaidxsummdaily_purge Program Start
2012-11-04 17:41:14Z oee_empaidxsummdaily_purge Program END 

Create log file
2012-11-04 17:41:41Z oee_empaidxsummhourly_purge Program Start
2012-11-04 17:41:41Z oee_empaidxsummhourly_purge Program END 

Create log file
2012-11-04 17:44:25Z oee_empastcount_purge Program Start
2012-11-04 17:44:25Z oee_empastcount_purge Program END 

Create log file
2012-11-04 17:50:00Z OEE_IS_Hourly_Check_alarm  Program Start
2012-11-04 17:50:00Z OEE_IS_Hourly_Check_alarm  Program END 

Create log file
2012-11-04 17:50:00Z ALCS_Hourly_Check_alarm  Program Start
2012-11-04 17:50:00Z ALCS_Hourly_Check_alarm  Program END 

Create log file
2012-11-04 17:50:01Z SERVER_SELF_CHECK   Program Start
2012-11-04 17:50:01Z SERVER_SELF_CHECK   Program END 

Create log file
2012-11-04 18:01:00ZArray_Photo Program Start
2012-11-04 18:01:04ZArray_Photo Program End

Create log file
2012-11-04 18:03:00ZArray_test_repeat Program Start
2012-11-04 18:03:00ZArray_test_repeat Program End

Create log file
2012-11-04 18:41:20Z oee_empaidxsummdaily_purge Program Start
2012-11-04 18:41:20Z oee_empaidxsummdaily_purge Program END 

Create log file
2012-11-04 18:41:43Z oee_empaidxsummhourly_purge Program Start
2012-11-04 18:41:43Z oee_empaidxsummhourly_purge Program END 

Create log file
2012-11-04 18:44:23Z oee_empastcount_purge Program Start
2012-11-04 18:44:23Z oee_empastcount_purge Program END 

Create log file
2012-11-04 18:50:00Z OEE_IS_Hourly_Check_alarm  Program Start
2012-11-04 18:50:00Z OEE_IS_Hourly_Check_alarm  Program END 

Create log file
2012-11-04 18:50:00Z ALCS_Hourly_Check_alarm  Program Start
2012-11-04 18:50:00Z ALCS_Hourly_Check_alarm  Program END 

Create log file
2012-11-04 18:50:02Z SERVER_SELF_CHECK   Program Start
2012-11-04 18:50:02Z SERVER_SELF_CHECK   Program END 

Create log file
2012-11-04 19:01:01ZArray_Photo Program Start
2012-11-04 19:01:05ZArray_Photo Program End

Create log file
2012-11-04 19:03:00ZArray_test_repeat Program Start
2012-11-04 19:03:00ZArray_test_repeat Program End

Create log file
2012-11-04 19:41:19Z oee_empaidxsummdaily_purge Program Start
2012-11-04 19:41:19Z oee_empaidxsummdaily_purge Program END 

Create log file
2012-11-04 19:41:53Z oee_empaidxsummhourly_purge Program Start
2012-11-04 19:41:53Z oee_empaidxsummhourly_purge Program END 

Create log file
2012-11-04 19:45:03Z oee_empastcount_purge Program Start
2012-11-04 19:45:03Z oee_empastcount_purge Program END 

Create log file
2012-11-04 19:50:00Z OEE_IS_Hourly_Check_alarm  Program Start
2012-11-04 19:50:00Z OEE_IS_Hourly_Check_alarm  Program END 

Create log file
2012-11-04 19:50:00Z ALCS_Hourly_Check_alarm  Program Start
2012-11-04 19:50:00Z ALCS_Hourly_Check_alarm  Program END 

Create log file
2012-11-04 19:50:03Z SERVER_SELF_CHECK   Program Start
2012-11-04 19:50:03Z SERVER_SELF_CHECK   Program END 

Create log file
2012-11-04 20:01:00ZArray_Photo Program Start
1350 log finish

2012-11-04 20:01:03ZArray_Photo Program End

Create log file
2012-11-04 20:03:01ZArray_test_repeat Program Start
2012-11-04 20:03:01ZArray_test_repeat Program End

Create log file
2012-11-04 20:41:14Z oee_empaidxsummdaily_purge Program Start
2012-11-04 20:41:14Z oee_empaidxsummdaily_purge Program END 

Create log file
2012-11-04 20:41:42Z oee_empaidxsummhourly_purge Program Start
2012-11-04 20:41:42Z oee_empaidxsummhourly_purge Program END 

Create log file
2012-11-04 20:44:26Z oee_empastcount_purge Program Start
2012-11-04 20:44:26Z oee_empastcount_purge Program END 

Create log file
2012-11-04 20:50:00Z OEE_IS_Hourly_Check_alarm  Program Start
2012-11-04 20:50:00Z OEE_IS_Hourly_Check_alarm  Program END 

Create log file
2012-11-04 20:50:00Z ALCS_Hourly_Check_alarm  Program Start
2012-11-04 20:50:00Z ALCS_Hourly_Check_alarm  Program END 

Create log file
2012-11-04 20:50:01Z SERVER_SELF_CHECK   Program Start
2012-11-04 20:50:01Z SERVER_SELF_CHECK   Program END 

Create log file
2012-11-04 21:01:00ZArray_Photo Program Start
1250 log finish

2012-11-04 21:01:03ZArray_Photo Program End

Create log file
2012-11-04 21:03:00ZArray_test_repeat Program Start
2012-11-04 21:03:00ZArray_test_repeat Program End

Create log file
2012-11-04 21:30:03ZARY_HOLD_LOT Program Start
There are lots exceed process time for 24hrs, please check

There are lots exceed process time for 24hrs, please check

There are lots exceed process time for 24hrs, please check

There are lots exceed process time for 24hrs, please check

There are lots exceed process time for 24hrs, please check

There are lots exceed process time for 24hrs, please check

There are lots exceed process time for 24hrs, please check

There are lots exceed process time for 24hrs, please check

There are lots exceed process time for 24hrs, please check

There are lots exceed process time for 24hrs, please check

There are lots exceed process time for 24hrs, please check

There are lots exceed process time for 24hrs, please check

There are lots exceed process time for 24hrs, please check

There are lots exceed process time for 24hrs, please check

There are lots exceed process time for 24hrs, please check

There are lots exceed process time for 24hrs, please check

There are lots exceed process time for 24hrs, please check

2012-11-04 21:30:36ZARY_HOLD_LOT Program End

Create log file
2012-11-04 21:41:32Z oee_empaidxsummdaily_purge Program Start
2012-11-04 21:41:32Z oee_empaidxsummdaily_purge Program END 

Create log file
2012-11-04 21:43:10Z oee_empaidxsummhourly_purge Program Start
2012-11-04 21:43:10Z oee_empaidxsummhourly_purge Program END 

Create log file
2012-11-04 21:46:52Z oee_empastcount_purge Program Start
2012-11-04 21:46:52Z oee_empastcount_purge Program END 

Create log file
2012-11-04 21:50:00Z OEE_IS_Hourly_Check_alarm  Program Start
2012-11-04 21:50:00Z OEE_IS_Hourly_Check_alarm  Program END 

Create log file
2012-11-04 21:50:01Z PDS_Hourly_Check_Alarm log finish Program Start
2012-11-04 21:50:01Z PDS_Hourly_Check_Alarm log finish Program END 

Create log file
2012-11-04 21:50:01Z ALCS_Hourly_Check_alarm  Program Start
2012-11-04 21:50:01Z ALCS_Hourly_Check_alarm  Program END 

Create log file
2012-11-04 21:50:02Z SERVER_SELF_CHECK   Program Start
2012-11-04 21:50:02Z SERVER_SELF_CHECK   Program END 

Create log file
2012-11-04 22:00:01ZSERVER_SMS_TEST Program Start
SMS log finish

2012-11-04 22:00:01ZSERVER_SMS_TEST Program End

Create log file
2012-11-04 22:01:00ZArray_Photo Program Start
1350 log finish

2012-11-04 22:01:03ZArray_Photo Program End

Create log file
2012-11-04 22:03:00ZArray_test_repeat Program Start
2012-11-04 22:03:00ZArray_test_repeat Program End

Create log file
2012-11-04 22:41:21Z oee_empaidxsummdaily_purge Program Start
2012-11-04 22:41:21Z oee_empaidxsummdaily_purge Program END 

Create log file
2012-11-04 22:41:44Z oee_empaidxsummhourly_purge Program Start
2012-11-04 22:41:44Z oee_empaidxsummhourly_purge Program END 

Create log file
2012-11-04 22:44:25Z oee_empastcount_purge Program Start
2012-11-04 22:44:25Z oee_empastcount_purge Program END 

Create log file
2012-11-04 22:50:00Z OEE_IS_Hourly_Check_alarm  Program Start
2012-11-04 22:50:00Z OEE_IS_Hourly_Check_alarm  Program END 

Create log file
2012-11-04 22:50:00Z PDS_Hourly_Check_Alarm log finish Program Start
2012-11-04 22:50:00Z PDS_Hourly_Check_Alarm log finish Program END 

Create log file
2012-11-04 22:50:00Z ALCS_Hourly_Check_alarm  Program Start
2012-11-04 22:50:00Z ALCS_Hourly_Check_alarm  Program END 

Create log file
2012-11-04 22:50:01Z SERVER_SELF_CHECK   Program Start
2012-11-04 22:50:01Z SERVER_SELF_CHECK   Program END 

Create log file
2012-11-04 23:01:00ZArray_Photo Program Start
1350 log finish

2012-11-04 23:01:03ZArray_Photo Program End

Create log file
2012-11-04 23:03:00ZArray_test_repeat Program Start
2012-11-04 23:03:00ZArray_test_repeat Program End

Create log file
2012-11-04 23:41:19Z oee_empaidxsummdaily_purge Program Start
2012-11-04 23:41:19Z oee_empaidxsummdaily_purge Program END 

Create log file
2012-11-04 23:41:44Z oee_empaidxsummhourly_purge Program Start
2012-11-04 23:41:44Z oee_empaidxsummhourly_purge Program END 

Create log file
2012-11-04 23:44:30Z oee_empastcount_purge Program Start
2012-11-04 23:44:30Z oee_empastcount_purge Program END 

Create log file
2012-11-04 23:50:00Z OEE_IS_Hourly_Check_alarm  Program Start
2012-11-04 23:50:00Z OEE_IS_Hourly_Check_alarm  Program END 

Create log file
2012-11-04 23:50:03Z ALCS_Hourly_Check_alarm  Program Start
2012-11-04 23:50:03Z ALCS_Hourly_Check_alarm  Program END 

Create log file
2012-11-04 23:50:04Z SERVER_SELF_CHECK   Program Start
2012-11-04 23:50:04Z SERVER_SELF_CHECK   Program END 

