Create log file
2012-11-03 00:01:00ZArray_Photo Program Start
2012-11-03 00:01:04ZArray_Photo Program End

Create log file
2012-11-03 00:03:01ZArray_test_repeat Program Start
2012-11-03 00:03:01ZArray_test_repeat Program End

Create log file
2012-11-03 00:10:00Z T0T1 InnoView Add User Program Start
2012-11-03 00:10:00Z T0T1 InnoView Add User Program END 

Create log file
2012-11-03 00:20:15Z VPNLOG_PARSER Program Start
2012-11-03 00:20:15Z VPNLOG_PARSER Program END 

Create log file
2012-11-03 00:30:00Z T0/T1 RealTimeDept Program Start
2012-11-03 00:30:00Z T0/T1 RealTimeDept Program END 

Create log file
2012-11-03 00:41:42Z oee_empaidxsummdaily_purge Program Start
2012-11-03 00:41:42Z oee_empaidxsummdaily_purge Program END 

Create log file
2012-11-03 00:42:37Z oee_empaidxsummhourly_purge Program Start
2012-11-03 00:42:37Z oee_empaidxsummhourly_purge Program END 

Create log file
2012-11-03 00:46:38Z oee_empastcount_purge Program Start
2012-11-03 00:46:38Z oee_empastcount_purge Program END 

Create log file
2012-11-03 00:50:00Z OEE_IS_Hourly_Check_alarm  Program Start
2012-11-03 00:50:00Z OEE_IS_Hourly_Check_alarm  Program END 

Create log file
2012-11-03 00:50:01Z ALCS_Hourly_Check_alarm  Program Start
2012-11-03 00:50:01Z ALCS_Hourly_Check_alarm  Program END 

Create log file
2012-11-03 00:50:04Z SERVER_SELF_CHECK   Program Start
2012-11-03 00:50:04Z SERVER_SELF_CHECK   Program END 

Create log file
2012-11-03 01:01:00ZArray_Photo Program Start
1350 log finish

2012-11-03 01:01:04ZArray_Photo Program End

Create log file
2012-11-03 01:03:00ZArray_test_repeat Program Start
2012-11-03 01:03:01ZArray_test_repeat Program End

Create log file
2012-11-03 01:30:05ZARY_HOLD_LOT Program Start
There are lots exceed process time for 24hrs, please check

There are lots exceed process time for 24hrs, please check

There are lots exceed process time for 24hrs, please check

There are lots exceed process time for 24hrs, please check

There are lots exceed process time for 24hrs, please check

There are lots exceed process time for 24hrs, please check

There are lots exceed process time for 24hrs, please check

There are lots exceed process time for 24hrs, please check

There are lots exceed process time for 24hrs, please check

There are lots exceed process time for 24hrs, please check

There are lots exceed process time for 24hrs, please check

There are lots exceed process time for 24hrs, please check

There are lots exceed process time for 24hrs, please check

There are lots exceed process time for 24hrs, please check

There are lots exceed process time for 24hrs, please check

There are lots exceed process time for 24hrs, please check

2012-11-03 01:30:38ZARY_HOLD_LOT Program End

Create log file
2012-11-03 01:41:19Z oee_empaidxsummdaily_purge Program Start
2012-11-03 01:41:19Z oee_empaidxsummdaily_purge Program END 

Create log file
2012-11-03 01:42:09Z oee_empaidxsummhourly_purge Program Start
2012-11-03 01:42:09Z oee_empaidxsummhourly_purge Program END 

Create log file
2012-11-03 01:44:23Z oee_empastcount_purge Program Start
2012-11-03 01:44:23Z oee_empastcount_purge Program END 

Create log file
2012-11-03 01:50:00Z OEE_IS_Hourly_Check_alarm  Program Start
2012-11-03 01:50:00Z OEE_IS_Hourly_Check_alarm  Program END 

Create log file
2012-11-03 01:50:01Z ALCS_Hourly_Check_alarm  Program Start
2012-11-03 01:50:01Z ALCS_Hourly_Check_alarm  Program END 

Create log file
2012-11-03 01:50:01Z SERVER_SELF_CHECK   Program Start
2012-11-03 01:50:01Z SERVER_SELF_CHECK   Program END 

Create log file
2012-11-03 02:01:00ZArray_Photo Program Start
1350 log finish

2012-11-03 02:01:05ZArray_Photo Program End

Create log file
2012-11-03 02:03:00ZArray_test_repeat Program Start
2012-11-03 02:03:00ZArray_test_repeat Program End

Create log file
2012-11-03 02:41:24Z oee_empaidxsummdaily_purge Program Start
2012-11-03 02:41:24Z oee_empaidxsummdaily_purge Program END 

Create log file
2012-11-03 02:42:18Z oee_empaidxsummhourly_purge Program Start
2012-11-03 02:42:18Z oee_empaidxsummhourly_purge Program END 

Create log file
2012-11-03 02:44:31Z oee_empastcount_purge Program Start
2012-11-03 02:44:31Z oee_empastcount_purge Program END 

Create log file
2012-11-03 02:50:00Z OEE_IS_Hourly_Check_alarm  Program Start
2012-11-03 02:50:00Z OEE_IS_Hourly_Check_alarm  Program END 

Create log file
2012-11-03 02:50:01Z ALCS_Hourly_Check_alarm  Program Start
2012-11-03 02:50:01Z ALCS_Hourly_Check_alarm  Program END 

Create log file
2012-11-03 02:50:01Z SERVER_SELF_CHECK   Program Start
2012-11-03 02:50:01Z SERVER_SELF_CHECK   Program END 

Create log file
2012-11-03 03:01:00ZArray_Photo Program Start
1350 log finish

2012-11-03 03:01:03ZArray_Photo Program End

Create log file
2012-11-03 03:03:00ZArray_test_repeat Program Start
2012-11-03 03:03:00ZArray_test_repeat Program End

Create log file
2012-11-03 03:41:28Z oee_empaidxsummdaily_purge Program Start
2012-11-03 03:41:28Z oee_empaidxsummdaily_purge Program END 

Create log file
2012-11-03 03:42:19Z oee_empaidxsummhourly_purge Program Start
2012-11-03 03:42:19Z oee_empaidxsummhourly_purge Program END 

Create log file
2012-11-03 03:44:34Z oee_empastcount_purge Program Start
2012-11-03 03:44:34Z oee_empastcount_purge Program END 

Create log file
2012-11-03 03:50:00Z OEE_IS_Hourly_Check_alarm  Program Start
2012-11-03 03:50:00Z OEE_IS_Hourly_Check_alarm  Program END 

Create log file
2012-11-03 03:50:01Z ALCS_Hourly_Check_alarm  Program Start
2012-11-03 03:50:01Z ALCS_Hourly_Check_alarm  Program END 

Create log file
2012-11-03 03:50:02Z SERVER_SELF_CHECK   Program Start
2012-11-03 03:50:02Z SERVER_SELF_CHECK   Program END 

Create log file
2012-11-03 04:01:00ZArray_Photo Program Start
1350 log finish

2012-11-03 04:01:04ZArray_Photo Program End

Create log file
2012-11-03 04:03:00ZArray_test_repeat Program Start
2012-11-03 04:03:00ZArray_test_repeat Program End

Create log file
2012-11-03 04:41:23Z oee_empaidxsummdaily_purge Program Start
2012-11-03 04:41:23Z oee_empaidxsummdaily_purge Program END 

Create log file
2012-11-03 04:42:25Z oee_empaidxsummhourly_purge Program Start
2012-11-03 04:42:25Z oee_empaidxsummhourly_purge Program END 

Create log file
2012-11-03 04:44:32Z oee_empastcount_purge Program Start
2012-11-03 04:44:32Z oee_empastcount_purge Program END 

Create log file
2012-11-03 04:50:00Z OEE_IS_Hourly_Check_alarm  Program Start
2012-11-03 04:50:00Z OEE_IS_Hourly_Check_alarm  Program END 

Create log file
2012-11-03 04:50:03Z ALCS_Hourly_Check_alarm  Program Start
2012-11-03 04:50:03Z ALCS_Hourly_Check_alarm  Program END 

Create log file
2012-11-03 04:50:04Z SERVER_SELF_CHECK   Program Start
2012-11-03 04:50:04Z SERVER_SELF_CHECK   Program END 

Create log file
2012-11-03 05:01:00ZArray_Photo Program Start
1450 log finish

2012-11-03 05:01:03ZArray_Photo Program End

Create log file
2012-11-03 05:03:00ZArray_test_repeat Program Start
2012-11-03 05:03:01ZArray_test_repeat Program End

Create log file
2012-11-03 05:30:01ZARY_HOLD_LOT Program Start
There are lots exceed process time for 24hrs, please check

There are lots exceed process time for 24hrs, please check

There are lots exceed process time for 24hrs, please check

There are lots exceed process time for 24hrs, please check

There are lots exceed process time for 24hrs, please check

There are lots exceed process time for 24hrs, please check

There are lots exceed process time for 24hrs, please check

There are lots exceed process time for 24hrs, please check

There are lots exceed process time for 24hrs, please check

There are lots exceed process time for 24hrs, please check

There are lots exceed process time for 24hrs, please check

There are lots exceed process time for 24hrs, please check

There are lots exceed process time for 24hrs, please check

There are lots exceed process time for 24hrs, please check

There are lots exceed process time for 24hrs, please check

There are lots exceed process time for 24hrs, please check

2012-11-03 05:30:34ZARY_HOLD_LOT Program End

Create log file
2012-11-03 05:41:19Z oee_empaidxsummdaily_purge Program Start
2012-11-03 05:41:19Z oee_empaidxsummdaily_purge Program END 

Create log file
2012-11-03 05:42:17Z oee_empaidxsummhourly_purge Program Start
2012-11-03 05:42:17Z oee_empaidxsummhourly_purge Program END 

Create log file
2012-11-03 05:44:25Z oee_empastcount_purge Program Start
2012-11-03 05:44:25Z oee_empastcount_purge Program END 

Create log file
2012-11-03 05:50:00Z OEE_IS_Hourly_Check_alarm  Program Start
2012-11-03 05:50:00Z OEE_IS_Hourly_Check_alarm  Program END 

Create log file
2012-11-03 05:50:01Z ALCS_Hourly_Check_alarm  Program Start
2012-11-03 05:50:01Z ALCS_Hourly_Check_alarm  Program END 

Create log file
2012-11-03 05:50:02Z SERVER_SELF_CHECK   Program Start
2012-11-03 05:50:02Z SERVER_SELF_CHECK   Program END 

Create log file
2012-11-03 06:01:00ZArray_Photo Program Start
1350 log finish

1450 log finish

2012-11-03 06:01:04ZArray_Photo Program End

Create log file
2012-11-03 06:03:00ZArray_test_repeat Program Start
2012-11-03 06:03:00ZArray_test_repeat Program End

Create log file
2012-11-03 06:41:26Z oee_empaidxsummdaily_purge Program Start
2012-11-03 06:41:26Z oee_empaidxsummdaily_purge Program END 

Create log file
2012-11-03 06:42:25Z oee_empaidxsummhourly_purge Program Start
2012-11-03 06:42:25Z oee_empaidxsummhourly_purge Program END 

Create log file
2012-11-03 06:44:38Z oee_empastcount_purge Program Start
2012-11-03 06:44:38Z oee_empastcount_purge Program END 

Create log file
2012-11-03 06:51:04Z ODS_Recover_Lot 159 Lots Program Start
2012-11-03 06:51:04Z ODS_Recover_Lot 159 Lots Program END 

Create log file
2012-11-03 06:51:08Z OEE_IS_Hourly_Check_alarm  Program Start
2012-11-03 06:51:08Z OEE_IS_Hourly_Check_alarm  Program END 

Create log file
2012-11-03 06:51:08Z ALCS_Hourly_Check_alarm  Program Start
2012-11-03 06:51:08Z ALCS_Hourly_Check_alarm  Program END 

Create log file
2012-11-03 06:51:09Z SERVER_SELF_CHECK   Program Start
2012-11-03 06:51:09Z SERVER_SELF_CHECK   Program END 

Create log file
2012-11-03 07:01:00ZArray_Photo Program Start
1350 log finish

2012-11-03 07:01:03ZArray_Photo Program End

Create log file
2012-11-03 07:03:00ZArray_test_repeat Program Start
2012-11-03 07:03:00ZArray_test_repeat Program End

Create log file
2012-11-03 07:31:11Z OEELH_fixed_data_Daily Program Start
2012-11-03 07:31:11Z OEELH_fixed_data_Daily Program END 

Create log file
2012-11-03 07:41:17Z oee_empaidxsummdaily_purge Program Start
2012-11-03 07:41:17Z oee_empaidxsummdaily_purge Program END 

Create log file
2012-11-03 07:42:16Z oee_empaidxsummhourly_purge Program Start
2012-11-03 07:42:16Z oee_empaidxsummhourly_purge Program END 

Create log file
2012-11-03 07:44:24Z oee_empastcount_purge Program Start
2012-11-03 07:44:24Z oee_empastcount_purge Program END 

Create log file
2012-11-03 07:50:12Z OEE_IS_Hourly_Check_alarm  Program Start
2012-11-03 07:50:12Z OEE_IS_Hourly_Check_alarm  Program END 

Create log file
2012-11-03 07:50:13Z ALCS_Hourly_Check_alarm  Program Start
2012-11-03 07:50:13Z ALCS_Hourly_Check_alarm  Program END 

Create log file
2012-11-03 07:50:17Z SERVER_SELF_CHECK   Program Start
2012-11-03 07:50:17Z SERVER_SELF_CHECK   Program END 

Create log file
2012-11-03 08:00:00Z Check_Onduty_Time From Onduty_dotnet2  Program Start
2012-11-03 08:00:00Z Check_Onduty_Time From Onduty_dotnet2  Program END 

Create log file
2012-11-03 08:01:00ZArray_Photo Program Start
1650 log finish

2012-11-03 08:01:04ZArray_Photo Program End

Create log file
2012-11-03 08:03:00ZArray_test_repeat Program Start
2012-11-03 08:03:00ZArray_test_repeat Program End

Create log file
2012-11-03 08:30:03ZHoliday_inout_SMS Program Start
SMS log finish

2012-11-03 08:30:05ZHoliday_Inout_SMS Program End

Create log file
2012-11-03 08:32:00ZOEE_EQP_SMS Program Start
Holiday_OEE_EQP_T0A_SMS log finish

Holiday_OEE_EQP_T1A_SMS log finish

Holiday_OEE_EQP_T1C_SMS log finish

Holiday_OEE_EQP_T1F_SMS log finish

2012-11-03 08:32:45ZOEE_EQP_SMS Program End

Create log file
2012-11-03 08:41:07Z oee_empaidxsummdaily_purge Program Start
2012-11-03 08:41:07Z oee_empaidxsummdaily_purge Program END 

Create log file
2012-11-03 08:42:06Z oee_empaidxsummhourly_purge Program Start
2012-11-03 08:42:06Z oee_empaidxsummhourly_purge Program END 

Create log file
2012-11-03 08:44:24Z oee_empastcount_purge Program Start
2012-11-03 08:44:24Z oee_empastcount_purge Program END 

Create log file
2012-11-03 08:45:00ZHoliday_inout_SMS_For_C2 Program Start
SMS_C2 log finish

2012-11-03 08:45:09ZHoliday_Inout_SMS_For_C2 Program End

Create log file
2012-11-03 08:50:00Z OEE_IS_Hourly_Check_alarm  Program Start
2012-11-03 08:50:00Z OEE_IS_Hourly_Check_alarm  Program END 

Create log file
2012-11-03 08:50:01Z ALCS_Hourly_Check_alarm  Program Start
2012-11-03 08:50:01Z ALCS_Hourly_Check_alarm  Program END 

Create log file
2012-11-03 08:50:01Z SERVER_SELF_CHECK   Program Start
2012-11-03 08:50:01Z SERVER_SELF_CHECK   Program END 

Create log file
2012-11-03 09:01:03ZArray_Photo Program Start
1650 log finish

2012-11-03 09:01:08ZArray_Photo Program End

Create log file
2012-11-03 09:03:00ZArray_test_repeat Program Start
2012-11-03 09:03:00ZArray_test_repeat Program End

Create log file
2012-11-03 09:30:00ZARY_HOLD_LOT Program Start
There are lots exceed process time for 24hrs, please check

There are lots exceed process time for 24hrs, please check

There are lots exceed process time for 24hrs, please check

There are lots exceed process time for 24hrs, please check

There are lots exceed process time for 24hrs, please check

There are lots exceed process time for 24hrs, please check

There are lots exceed process time for 24hrs, please check

There are lots exceed process time for 24hrs, please check

There are lots exceed process time for 24hrs, please check

There are lots exceed process time for 24hrs, please check

There are lots exceed process time for 24hrs, please check

There are lots exceed process time for 24hrs, please check

There are lots exceed process time for 24hrs, please check

There are lots exceed process time for 24hrs, please check

There are lots exceed process time for 24hrs, please check

There are lots exceed process time for 24hrs, please check

There are lots exceed process time for 24hrs, please check

2012-11-03 09:30:47ZARY_HOLD_LOT Program End

Create log file
2012-11-03 09:41:21Z oee_empaidxsummdaily_purge Program Start
2012-11-03 09:41:21Z oee_empaidxsummdaily_purge Program END 

Create log file
2012-11-03 09:42:13Z oee_empaidxsummhourly_purge Program Start
2012-11-03 09:42:13Z oee_empaidxsummhourly_purge Program END 

Create log file
2012-11-03 09:44:36Z oee_empastcount_purge Program Start
2012-11-03 09:44:36Z oee_empastcount_purge Program END 

Create log file
2012-11-03 09:50:00Z OEE_IS_Hourly_Check_alarm  Program Start
2012-11-03 09:50:00Z OEE_IS_Hourly_Check_alarm  Program END 

Create log file
2012-11-03 09:50:00Z ALCS_Hourly_Check_alarm  Program Start
2012-11-03 09:50:00Z ALCS_Hourly_Check_alarm  Program END 

Create log file
2012-11-03 09:50:01Z SERVER_SELF_CHECK   Program Start
2012-11-03 09:50:01Z SERVER_SELF_CHECK   Program END 

Create log file
2012-11-03 10:01:00ZArray_Photo Program Start
2012-11-03 10:01:04ZArray_Photo Program End

Create log file
2012-11-03 10:03:00ZArray_test_repeat Program Start
2012-11-03 10:03:01ZArray_test_repeat Program End

Create log file
2012-11-03 10:41:28Z oee_empaidxsummdaily_purge Program Start
2012-11-03 10:41:28Z oee_empaidxsummdaily_purge Program END 

Create log file
2012-11-03 10:42:29Z oee_empaidxsummhourly_purge Program Start
2012-11-03 10:42:29Z oee_empaidxsummhourly_purge Program END 

Create log file
2012-11-03 10:44:38Z oee_empastcount_purge Program Start
2012-11-03 10:44:38Z oee_empastcount_purge Program END 

Create log file
2012-11-03 10:50:00Z OEE_IS_Hourly_Check_alarm  Program Start
2012-11-03 10:50:00Z OEE_IS_Hourly_Check_alarm  Program END 

Create log file
2012-11-03 10:50:01Z ALCS_Hourly_Check_alarm  Program Start
2012-11-03 10:50:01Z ALCS_Hourly_Check_alarm  Program END 

Create log file
2012-11-03 10:50:02Z SERVER_SELF_CHECK   Program Start
2012-11-03 10:50:02Z SERVER_SELF_CHECK   Program END 

Create log file
2012-11-03 11:01:00ZArray_Photo Program Start
2012-11-03 11:01:04ZArray_Photo Program End

Create log file
2012-11-03 11:03:00ZArray_test_repeat Program Start
2012-11-03 11:03:00ZArray_test_repeat Program End

Create log file
2012-11-03 11:40:00Z T1OEE Purge Program Start
2012-11-03 11:40:00Z T1OEE Purge Program END 

Create log file
2012-11-03 11:41:19Z oee_empaidxsummdaily_purge Program Start
2012-11-03 11:41:19Z oee_empaidxsummdaily_purge Program END 

Create log file
2012-11-03 11:42:09Z oee_empaidxsummhourly_purge Program Start
2012-11-03 11:42:09Z oee_empaidxsummhourly_purge Program END 

Create log file
2012-11-03 11:44:42Z oee_empastcount_purge Program Start
2012-11-03 11:44:42Z oee_empastcount_purge Program END 

Create log file
2012-11-03 11:50:00Z OEE_IS_Hourly_Check_alarm  Program Start
2012-11-03 11:50:00Z OEE_IS_Hourly_Check_alarm  Program END 

Create log file
2012-11-03 11:50:01Z ALCS_Hourly_Check_alarm  Program Start
2012-11-03 11:50:01Z ALCS_Hourly_Check_alarm  Program END 

Create log file
2012-11-03 11:50:01Z SERVER_SELF_CHECK   Program Start
2012-11-03 11:50:01Z SERVER_SELF_CHECK   Program END 

Create log file
2012-11-03 12:01:00ZArray_Photo Program Start
1650 log finish

2012-11-03 12:01:04ZArray_Photo Program End

Create log file
2012-11-03 12:03:00ZArray_test_repeat Program Start
2012-11-03 12:03:00ZArray_test_repeat Program End

Create log file
2012-11-03 12:41:21Z oee_empaidxsummdaily_purge Program Start
2012-11-03 12:41:21Z oee_empaidxsummdaily_purge Program END 

Create log file
2012-11-03 12:42:15Z oee_empaidxsummhourly_purge Program Start
2012-11-03 12:42:15Z oee_empaidxsummhourly_purge Program END 

Create log file
2012-11-03 12:44:32Z oee_empastcount_purge Program Start
2012-11-03 12:44:32Z oee_empastcount_purge Program END 

Create log file
2012-11-03 12:50:00Z OEE_IS_Hourly_Check_alarm  Program Start
2012-11-03 12:50:00Z OEE_IS_Hourly_Check_alarm  Program END 

Create log file
2012-11-03 12:50:00Z ALCS_Hourly_Check_alarm  Program Start
2012-11-03 12:50:00Z ALCS_Hourly_Check_alarm  Program END 

Create log file
2012-11-03 12:50:01Z SERVER_SELF_CHECK   Program Start
2012-11-03 12:50:01Z SERVER_SELF_CHECK   Program END 

Create log file
2012-11-03 13:01:00ZArray_Photo Program Start
2012-11-03 13:01:02ZArray_Photo Program End

Create log file
2012-11-03 13:03:00ZArray_test_repeat Program Start
2012-11-03 13:03:00ZArray_test_repeat Program End

Create log file
2012-11-03 13:30:02ZARY_HOLD_LOT Program Start
There are lots exceed process time for 24hrs, please check

There are lots exceed process time for 24hrs, please check

There are lots exceed process time for 48hrs, please check

There are lots exceed process time for 24hrs, please check

There are lots exceed process time for 24hrs, please check

There are lots exceed process time for 24hrs, please check

There are lots exceed process time for 24hrs, please check

There are lots exceed process time for 48hrs, please check

There are lots exceed process time for 24hrs, please check

There are lots exceed process time for 24hrs, please check

There are lots exceed process time for 48hrs, please check

There are lots exceed process time for 24hrs, please check

There are lots exceed process time for 24hrs, please check

There are lots exceed process time for 48hrs, please check

There are lots exceed process time for 24hrs, please check

There are lots exceed process time for 24hrs, please check

There are lots exceed process time for 48hrs, please check

There are lots exceed process time for 24hrs, please check

There are lots exceed process time for 24hrs, please check

There are lots exceed process time for 48hrs, please check

There are lots exceed process time for 24hrs, please check

There are lots exceed process time for 24hrs, please check

There are lots exceed process time for 48hrs, please check

There are lots exceed process time for 24hrs, please check

There are lots exceed process time for 24hrs, please check

There are lots exceed process time for 48hrs, please check

There are lots exceed process time for 24hrs, please check

There are lots exceed process time for 24hrs, please check

There are lots exceed process time for 48hrs, please check

There are lots exceed process time for 24hrs, please check

There are lots exceed process time for 24hrs, please check

There are lots exceed process time for 48hrs, please check

There are lots exceed process time for 24hrs, please check

There are lots exceed process time for 24hrs, please check

There are lots exceed process time for 24hrs, please check

There are lots exceed process time for 24hrs, please check

There are lots exceed process time for 48hrs, please check

There are lots exceed process time for 24hrs, please check

There are lots exceed process time for 24hrs, please check

There are lots exceed process time for 24hrs, please check

There are lots exceed process time for 24hrs, please check

There are lots exceed process time for 48hrs, please check

There are lots exceed process time for 24hrs, please check

There are lots exceed process time for 24hrs, please check

2012-11-03 13:30:48ZARY_HOLD_LOT Program End

Create log file
2012-11-03 13:41:19Z oee_empaidxsummdaily_purge Program Start
2012-11-03 13:41:19Z oee_empaidxsummdaily_purge Program END 

Create log file
2012-11-03 13:41:52Z oee_empaidxsummhourly_purge Program Start
2012-11-03 13:41:52Z oee_empaidxsummhourly_purge Program END 

Create log file
2012-11-03 13:44:26Z oee_empastcount_purge Program Start
2012-11-03 13:44:26Z oee_empastcount_purge Program END 

Create log file
2012-11-03 13:50:00Z OEE_IS_Hourly_Check_alarm  Program Start
2012-11-03 13:50:00Z OEE_IS_Hourly_Check_alarm  Program END 

Create log file
2012-11-03 13:50:01Z ALCS_Hourly_Check_alarm  Program Start
2012-11-03 13:50:01Z ALCS_Hourly_Check_alarm  Program END 

Create log file
2012-11-03 13:50:01Z SERVER_SELF_CHECK   Program Start
2012-11-03 13:50:01Z SERVER_SELF_CHECK   Program END 

Create log file
2012-11-03 14:01:00ZArray_Photo Program Start
1350 log finish

2012-11-03 14:01:04ZArray_Photo Program End

Create log file
2012-11-03 14:03:00ZArray_test_repeat Program Start
2012-11-03 14:03:01ZArray_test_repeat Program End

Create log file
2012-11-03 14:41:24Z oee_empaidxsummdaily_purge Program Start
2012-11-03 14:41:24Z oee_empaidxsummdaily_purge Program END 

Create log file
2012-11-03 14:41:47Z oee_empaidxsummhourly_purge Program Start
2012-11-03 14:41:47Z oee_empaidxsummhourly_purge Program END 

Create log file
2012-11-03 14:44:28Z oee_empastcount_purge Program Start
2012-11-03 14:44:28Z oee_empastcount_purge Program END 

Create log file
2012-11-03 14:50:00Z OEE_IS_Hourly_Check_alarm  Program Start
2012-11-03 14:50:00Z OEE_IS_Hourly_Check_alarm  Program END 

Create log file
2012-11-03 14:50:02Z ALCS_Hourly_Check_alarm  Program Start
2012-11-03 14:50:02Z ALCS_Hourly_Check_alarm  Program END 

Create log file
2012-11-03 14:50:02Z SERVER_SELF_CHECK   Program Start
2012-11-03 14:50:02Z SERVER_SELF_CHECK   Program END 

Create log file
2012-11-03 15:01:00ZArray_Photo Program Start
1350 log finish

2012-11-03 15:01:03ZArray_Photo Program End

Create log file
2012-11-03 15:03:00ZArray_test_repeat Program Start
2012-11-03 15:03:00ZArray_test_repeat Program End

Create log file
2012-11-03 15:41:22Z oee_empaidxsummdaily_purge Program Start
2012-11-03 15:41:22Z oee_empaidxsummdaily_purge Program END 

Create log file
2012-11-03 15:41:43Z oee_empaidxsummhourly_purge Program Start
2012-11-03 15:41:43Z oee_empaidxsummhourly_purge Program END 

Create log file
2012-11-03 15:44:24Z oee_empastcount_purge Program Start
2012-11-03 15:44:24Z oee_empastcount_purge Program END 

Create log file
2012-11-03 15:50:00Z OEE_IS_Hourly_Check_alarm  Program Start
2012-11-03 15:50:00Z OEE_IS_Hourly_Check_alarm  Program END 

Create log file
2012-11-03 15:50:01Z ALCS_Hourly_Check_alarm  Program Start
2012-11-03 15:50:01Z ALCS_Hourly_Check_alarm  Program END 

Create log file
2012-11-03 15:50:02Z SERVER_SELF_CHECK   Program Start
2012-11-03 15:50:02Z SERVER_SELF_CHECK   Program END 

Create log file
2012-11-03 16:01:00ZArray_Photo Program Start
1350 log finish

2012-11-03 16:01:03ZArray_Photo Program End

Create log file
2012-11-03 16:03:00ZArray_test_repeat Program Start
2012-11-03 16:03:00ZArray_test_repeat Program End

Create log file
2012-11-03 16:41:19Z oee_empaidxsummdaily_purge Program Start
2012-11-03 16:41:19Z oee_empaidxsummdaily_purge Program END 

Create log file
2012-11-03 16:41:44Z oee_empaidxsummhourly_purge Program Start
2012-11-03 16:41:44Z oee_empaidxsummhourly_purge Program END 

Create log file
2012-11-03 16:44:27Z oee_empastcount_purge Program Start
2012-11-03 16:44:27Z oee_empastcount_purge Program END 

Create log file
2012-11-03 16:50:00Z OEE_IS_Hourly_Check_alarm  Program Start
2012-11-03 16:50:00Z OEE_IS_Hourly_Check_alarm  Program END 

Create log file
2012-11-03 16:50:00Z ALCS_Hourly_Check_alarm  Program Start
2012-11-03 16:50:00Z ALCS_Hourly_Check_alarm  Program END 

Create log file
2012-11-03 16:50:01Z SERVER_SELF_CHECK   Program Start
2012-11-03 16:50:01Z SERVER_SELF_CHECK   Program END 

Create log file
2012-11-03 17:01:00ZArray_Photo Program Start
2012-11-03 17:01:03ZArray_Photo Program End

Create log file
2012-11-03 17:03:00ZArray_test_repeat Program Start
2012-11-03 17:03:01ZArray_test_repeat Program End

Create log file
2012-11-03 17:30:03ZARY_HOLD_LOT Program Start
There are lots exceed process time for 24hrs, please check

There are lots exceed process time for 24hrs, please check

There are lots exceed process time for 24hrs, please check

There are lots exceed process time for 24hrs, please check

There are lots exceed process time for 24hrs, please check

There are lots exceed process time for 24hrs, please check

There are lots exceed process time for 24hrs, please check

There are lots exceed process time for 24hrs, please check

There are lots exceed process time for 24hrs, please check

There are lots exceed process time for 24hrs, please check

There are lots exceed process time for 24hrs, please check

There are lots exceed process time for 24hrs, please check

There are lots exceed process time for 24hrs, please check

There are lots exceed process time for 24hrs, please check

There are lots exceed process time for 24hrs, please check

2012-11-03 17:30:48ZARY_HOLD_LOT Program End

Create log file
2012-11-03 17:41:18Z oee_empaidxsummdaily_purge Program Start
2012-11-03 17:41:18Z oee_empaidxsummdaily_purge Program END 

Create log file
2012-11-03 17:41:44Z oee_empaidxsummhourly_purge Program Start
2012-11-03 17:41:44Z oee_empaidxsummhourly_purge Program END 

Create log file
2012-11-03 17:44:21Z oee_empastcount_purge Program Start
2012-11-03 17:44:21Z oee_empastcount_purge Program END 

Create log file
2012-11-03 17:50:00Z OEE_IS_Hourly_Check_alarm  Program Start
2012-11-03 17:50:00Z OEE_IS_Hourly_Check_alarm  Program END 

Create log file
2012-11-03 17:50:02Z ALCS_Hourly_Check_alarm  Program Start
2012-11-03 17:50:02Z ALCS_Hourly_Check_alarm  Program END 

Create log file
2012-11-03 17:50:03Z SERVER_SELF_CHECK   Program Start
2012-11-03 17:50:03Z SERVER_SELF_CHECK   Program END 

Create log file
2012-11-03 18:01:00ZArray_Photo Program Start
1350 log finish

1450 log finish

2012-11-03 18:01:05ZArray_Photo Program End

Create log file
2012-11-03 18:03:00ZArray_test_repeat Program Start
2012-11-03 18:03:00ZArray_test_repeat Program End

Create log file
2012-11-03 18:41:22Z oee_empaidxsummdaily_purge Program Start
2012-11-03 18:41:22Z oee_empaidxsummdaily_purge Program END 

Create log file
2012-11-03 18:41:45Z oee_empaidxsummhourly_purge Program Start
2012-11-03 18:41:45Z oee_empaidxsummhourly_purge Program END 

Create log file
2012-11-03 18:44:28Z oee_empastcount_purge Program Start
2012-11-03 18:44:28Z oee_empastcount_purge Program END 

Create log file
2012-11-03 18:50:00Z OEE_IS_Hourly_Check_alarm  Program Start
2012-11-03 18:50:00Z OEE_IS_Hourly_Check_alarm  Program END 

Create log file
2012-11-03 18:50:01Z ALCS_Hourly_Check_alarm  Program Start
2012-11-03 18:50:01Z ALCS_Hourly_Check_alarm  Program END 

Create log file
2012-11-03 18:50:03Z SERVER_SELF_CHECK   Program Start
2012-11-03 18:50:03Z SERVER_SELF_CHECK   Program END 

Create log file
2012-11-03 19:01:00ZArray_Photo Program Start
1350 log finish

1450 log finish

2012-11-03 19:01:04ZArray_Photo Program End

Create log file
2012-11-03 19:03:00ZArray_test_repeat Program Start
2012-11-03 19:03:00ZArray_test_repeat Program End

Create log file
2012-11-03 19:41:14Z oee_empaidxsummdaily_purge Program Start
2012-11-03 19:41:14Z oee_empaidxsummdaily_purge Program END 

Create log file
2012-11-03 19:41:42Z oee_empaidxsummhourly_purge Program Start
2012-11-03 19:41:42Z oee_empaidxsummhourly_purge Program END 

Create log file
2012-11-03 19:44:23Z oee_empastcount_purge Program Start
2012-11-03 19:44:23Z oee_empastcount_purge Program END 

Create log file
2012-11-03 19:50:00Z OEE_IS_Hourly_Check_alarm  Program Start
2012-11-03 19:50:00Z OEE_IS_Hourly_Check_alarm  Program END 

Create log file
2012-11-03 19:50:00Z PDS_Hourly_Check_Alarm log finish Program Start
2012-11-03 19:50:00Z PDS_Hourly_Check_Alarm log finish Program END 

Create log file
2012-11-03 19:50:01Z ALCS_Hourly_Check_alarm  Program Start
2012-11-03 19:50:01Z ALCS_Hourly_Check_alarm  Program END 

Create log file
2012-11-03 19:50:04Z SERVER_SELF_CHECK   Program Start
2012-11-03 19:50:04Z SERVER_SELF_CHECK   Program END 

Create log file
2012-11-03 20:01:00ZArray_Photo Program Start
1350 log finish

1450 log finish

2012-11-03 20:01:03ZArray_Photo Program End

Create log file
2012-11-03 20:03:00ZArray_test_repeat Program Start
2012-11-03 20:03:00ZArray_test_repeat Program End

Create log file
2012-11-03 20:41:19Z oee_empaidxsummdaily_purge Program Start
2012-11-03 20:41:19Z oee_empaidxsummdaily_purge Program END 

Create log file
2012-11-03 20:41:48Z oee_empaidxsummhourly_purge Program Start
2012-11-03 20:41:48Z oee_empaidxsummhourly_purge Program END 

Create log file
2012-11-03 20:44:26Z oee_empastcount_purge Program Start
2012-11-03 20:44:26Z oee_empastcount_purge Program END 

Create log file
2012-11-03 20:50:00Z OEE_IS_Hourly_Check_alarm  Program Start
2012-11-03 20:50:00Z OEE_IS_Hourly_Check_alarm  Program END 

Create log file
2012-11-03 20:50:00Z ALCS_Hourly_Check_alarm  Program Start
2012-11-03 20:50:00Z ALCS_Hourly_Check_alarm  Program END 

Create log file
2012-11-03 20:50:02Z SERVER_SELF_CHECK   Program Start
2012-11-03 20:50:02Z SERVER_SELF_CHECK   Program END 

Create log file
2012-11-03 21:01:00ZArray_Photo Program Start
1350 log finish

1450 log finish

2012-11-03 21:01:04ZArray_Photo Program End

Create log file
2012-11-03 21:03:00ZArray_test_repeat Program Start
2012-11-03 21:03:01ZArray_test_repeat Program End

Create log file
2012-11-03 21:30:04ZARY_HOLD_LOT Program Start
There are lots exceed process time for 24hrs, please check

There are lots exceed process time for 24hrs, please check

There are lots exceed process time for 24hrs, please check

There are lots exceed process time for 24hrs, please check

There are lots exceed process time for 24hrs, please check

There are lots exceed process time for 24hrs, please check

There are lots exceed process time for 24hrs, please check

There are lots exceed process time for 24hrs, please check

There are lots exceed process time for 24hrs, please check

There are lots exceed process time for 24hrs, please check

There are lots exceed process time for 24hrs, please check

There are lots exceed process time for 24hrs, please check

There are lots exceed process time for 24hrs, please check

There are lots exceed process time for 24hrs, please check

There are lots exceed process time for 24hrs, please check

There are lots exceed process time for 24hrs, please check

There are lots exceed process time for 24hrs, please check

2012-11-03 21:30:43ZARY_HOLD_LOT Program End

Create log file
2012-11-03 21:41:14Z oee_empaidxsummdaily_purge Program Start
2012-11-03 21:41:14Z oee_empaidxsummdaily_purge Program END 

Create log file
2012-11-03 21:41:38Z oee_empaidxsummhourly_purge Program Start
2012-11-03 21:41:38Z oee_empaidxsummhourly_purge Program END 

Create log file
2012-11-03 21:44:18Z oee_empastcount_purge Program Start
2012-11-03 21:44:18Z oee_empastcount_purge Program END 

Create log file
2012-11-03 21:50:00Z OEE_IS_Hourly_Check_alarm  Program Start
2012-11-03 21:50:00Z OEE_IS_Hourly_Check_alarm  Program END 

Create log file
2012-11-03 21:50:01Z PDS_Hourly_Check_Alarm log finish Program Start
2012-11-03 21:50:01Z PDS_Hourly_Check_Alarm log finish Program END 

Create log file
2012-11-03 21:50:01Z ALCS_Hourly_Check_alarm  Program Start
2012-11-03 21:50:01Z ALCS_Hourly_Check_alarm  Program END 

Create log file
2012-11-03 21:50:03Z SERVER_SELF_CHECK   Program Start
2012-11-03 21:50:03Z SERVER_SELF_CHECK   Program END 

Create log file
2012-11-03 22:00:00ZSERVER_SMS_TEST Program Start
SMS log finish

2012-11-03 22:00:00ZSERVER_SMS_TEST Program End

Create log file
2012-11-03 22:01:00ZArray_Photo Program Start
1250 log finish

1450 log finish

2012-11-03 22:01:03ZArray_Photo Program End

Create log file
2012-11-03 22:03:00ZArray_test_repeat Program Start
2012-11-03 22:03:00ZArray_test_repeat Program End

Create log file
2012-11-03 22:41:25Z oee_empaidxsummdaily_purge Program Start
2012-11-03 22:41:25Z oee_empaidxsummdaily_purge Program END 

Create log file
2012-11-03 22:41:48Z oee_empaidxsummhourly_purge Program Start
2012-11-03 22:41:48Z oee_empaidxsummhourly_purge Program END 

Create log file
2012-11-03 22:44:32Z oee_empastcount_purge Program Start
2012-11-03 22:44:32Z oee_empastcount_purge Program END 

Create log file
2012-11-03 22:50:00Z OEE_IS_Hourly_Check_alarm  Program Start
2012-11-03 22:50:00Z OEE_IS_Hourly_Check_alarm  Program END 

Create log file
2012-11-03 22:50:02Z PDS_Hourly_Check_Alarm log finish Program Start
2012-11-03 22:50:02Z PDS_Hourly_Check_Alarm log finish Program END 

Create log file
2012-11-03 22:50:02Z ALCS_Hourly_Check_alarm  Program Start
2012-11-03 22:50:02Z ALCS_Hourly_Check_alarm  Program END 

Create log file
2012-11-03 22:50:03Z SERVER_SELF_CHECK   Program Start
2012-11-03 22:50:03Z SERVER_SELF_CHECK   Program END 

Create log file
2012-11-03 23:01:00ZArray_Photo Program Start
1250 log finish

2012-11-03 23:01:03ZArray_Photo Program End

Create log file
2012-11-03 23:03:00ZArray_test_repeat Program Start
2012-11-03 23:03:00ZArray_test_repeat Program End

Create log file
2012-11-03 23:41:18Z oee_empaidxsummdaily_purge Program Start
2012-11-03 23:41:18Z oee_empaidxsummdaily_purge Program END 

Create log file
2012-11-03 23:41:58Z oee_empaidxsummhourly_purge Program Start
2012-11-03 23:41:58Z oee_empaidxsummhourly_purge Program END 

Create log file
2012-11-03 23:44:42Z oee_empastcount_purge Program Start
2012-11-03 23:44:42Z oee_empastcount_purge Program END 

Create log file
2012-11-03 23:50:00Z OEE_IS_Hourly_Check_alarm  Program Start
2012-11-03 23:50:00Z OEE_IS_Hourly_Check_alarm  Program END 

Create log file
2012-11-03 23:50:00Z ALCS_Hourly_Check_alarm  Program Start
2012-11-03 23:50:00Z ALCS_Hourly_Check_alarm  Program END 

Create log file
2012-11-03 23:50:01Z SERVER_SELF_CHECK   Program Start
2012-11-03 23:50:01Z SERVER_SELF_CHECK   Program END 

