Create log file
2012-10-17 00:01:00ZArray_Photo Program Start
2012-10-17 00:01:02ZArray_Photo Program End

Create log file
2012-10-17 00:03:01ZArray_test_repeat Program Start
2012-10-17 00:03:02ZArray_test_repeat Program End

Create log file
2012-10-17 00:10:00Z T0T1 InnoView Add User Program Start
2012-10-17 00:10:00Z T0T1 InnoView Add User Program END 

Create log file
2012-10-17 00:20:13Z VPNLOG_PARSER Program Start
2012-10-17 00:20:13Z VPNLOG_PARSER Program END 

Create log file
2012-10-17 00:30:00Z T0/T1 RealTimeDept Program Start
2012-10-17 00:30:00Z T0/T1 RealTimeDept Program END 

Create log file
2012-10-17 00:41:34Z oee_empaidxsummdaily_purge Program Start
2012-10-17 00:41:34Z oee_empaidxsummdaily_purge Program END 

Create log file
2012-10-17 00:42:37Z oee_empaidxsummhourly_purge Program Start
2012-10-17 00:42:37Z oee_empaidxsummhourly_purge Program END 

Create log file
2012-10-17 00:46:35Z oee_empastcount_purge Program Start
2012-10-17 00:46:35Z oee_empastcount_purge Program END 

Create log file
2012-10-17 00:50:00Z OEE_IS_Hourly_Check_alarm  Program Start
2012-10-17 00:50:00Z OEE_IS_Hourly_Check_alarm  Program END 

Create log file
2012-10-17 00:50:00Z ALCS_Hourly_Check_alarm  Program Start
2012-10-17 00:50:00Z ALCS_Hourly_Check_alarm  Program END 

Create log file
2012-10-17 00:50:07Z SERVER_SELF_CHECK   Program Start
2012-10-17 00:50:07Z SERVER_SELF_CHECK   Program END 

Create log file
2012-10-17 01:01:00ZArray_Photo Program Start
1250 log finish

2012-10-17 01:01:05ZArray_Photo Program End

Create log file
2012-10-17 01:03:01ZArray_test_repeat Program Start
2012-10-17 01:03:02ZArray_test_repeat Program End

Create log file
2012-10-17 01:30:00ZARY_HOLD_LOT Program Start
There are lots exceed process time for 24hrs, please check

There are lots exceed process time for 24hrs, please check

There are lots exceed process time for 24hrs, please check

There are lots exceed process time for 24hrs, please check

There are lots exceed process time for 24hrs, please check

There are lots exceed process time for 24hrs, please check

There are lots exceed process time for 24hrs, please check

There are lots exceed process time for 24hrs, please check

There are lots exceed process time for 24hrs, please check

There are lots exceed process time for 24hrs, please check

There are lots exceed process time for 24hrs, please check

There are lots exceed process time for 24hrs, please check

There are lots exceed process time for 24hrs, please check

There are lots exceed process time for 24hrs, please check

There are lots exceed process time for 24hrs, please check

There are lots exceed process time for 24hrs, please check

There are lots exceed process time for 24hrs, please check

2012-10-17 01:30:29ZARY_HOLD_LOT Program End

Create log file
2012-10-17 01:41:14Z oee_empaidxsummdaily_purge Program Start
2012-10-17 01:41:14Z oee_empaidxsummdaily_purge Program END 

Create log file
2012-10-17 01:42:03Z oee_empaidxsummhourly_purge Program Start
2012-10-17 01:42:03Z oee_empaidxsummhourly_purge Program END 

Create log file
2012-10-17 01:44:19Z oee_empastcount_purge Program Start
2012-10-17 01:44:19Z oee_empastcount_purge Program END 

Create log file
2012-10-17 01:50:00Z OEE_IS_Hourly_Check_alarm  Program Start
2012-10-17 01:50:00Z OEE_IS_Hourly_Check_alarm  Program END 

Create log file
2012-10-17 01:50:02Z ALCS_Hourly_Check_alarm  Program Start
2012-10-17 01:50:02Z ALCS_Hourly_Check_alarm  Program END 

Create log file
2012-10-17 01:50:03Z SERVER_SELF_CHECK   Program Start
2012-10-17 01:50:03Z SERVER_SELF_CHECK   Program END 

Create log file
2012-10-17 02:01:00ZArray_Photo Program Start
1250 log finish

2012-10-17 02:01:02ZArray_Photo Program End

Create log file
2012-10-17 02:03:00ZArray_test_repeat Program Start
2012-10-17 02:03:02ZArray_test_repeat Program End

Create log file
2012-10-17 02:41:14Z oee_empaidxsummdaily_purge Program Start
2012-10-17 02:41:14Z oee_empaidxsummdaily_purge Program END 

Create log file
2012-10-17 02:42:03Z oee_empaidxsummhourly_purge Program Start
2012-10-17 02:42:03Z oee_empaidxsummhourly_purge Program END 

Create log file
2012-10-17 02:44:22Z oee_empastcount_purge Program Start
2012-10-17 02:44:22Z oee_empastcount_purge Program END 

Create log file
2012-10-17 02:50:00Z OEE_IS_Hourly_Check_alarm  Program Start
2012-10-17 02:50:00Z OEE_IS_Hourly_Check_alarm  Program END 

Create log file
2012-10-17 02:50:00Z ALCS_Hourly_Check_alarm  Program Start
2012-10-17 02:50:00Z ALCS_Hourly_Check_alarm  Program END 

Create log file
2012-10-17 02:50:01Z SERVER_SELF_CHECK   Program Start
2012-10-17 02:50:01Z SERVER_SELF_CHECK   Program END 

Create log file
2012-10-17 03:01:00ZArray_Photo Program Start
1350 log finish

2012-10-17 03:01:03ZArray_Photo Program End

Create log file
2012-10-17 03:03:00ZArray_test_repeat Program Start
2012-10-17 03:03:02ZArray_test_repeat Program End

Create log file
2012-10-17 03:41:15Z oee_empaidxsummdaily_purge Program Start
2012-10-17 03:41:15Z oee_empaidxsummdaily_purge Program END 

Create log file
2012-10-17 03:42:07Z oee_empaidxsummhourly_purge Program Start
2012-10-17 03:42:07Z oee_empaidxsummhourly_purge Program END 

Create log file
2012-10-17 03:44:22Z oee_empastcount_purge Program Start
2012-10-17 03:44:22Z oee_empastcount_purge Program END 

Create log file
2012-10-17 03:50:00Z OEE_IS_Hourly_Check_alarm  Program Start
2012-10-17 03:50:00Z OEE_IS_Hourly_Check_alarm  Program END 

Create log file
2012-10-17 03:50:00Z ALCS_Hourly_Check_alarm  Program Start
2012-10-17 03:50:00Z ALCS_Hourly_Check_alarm  Program END 

Create log file
2012-10-17 03:50:01Z SERVER_SELF_CHECK   Program Start
2012-10-17 03:50:01Z SERVER_SELF_CHECK   Program END 

Create log file
2012-10-17 04:01:00ZArray_Photo Program Start
1350 log finish

2012-10-17 04:01:03ZArray_Photo Program End

Create log file
2012-10-17 04:03:00ZArray_test_repeat Program Start
2012-10-17 04:03:00ZArray_test_repeat Program End

Create log file
2012-10-17 04:41:15Z oee_empaidxsummdaily_purge Program Start
2012-10-17 04:41:15Z oee_empaidxsummdaily_purge Program END 

Create log file
2012-10-17 04:42:14Z oee_empaidxsummhourly_purge Program Start
2012-10-17 04:42:14Z oee_empaidxsummhourly_purge Program END 

Create log file
2012-10-17 04:44:26Z oee_empastcount_purge Program Start
2012-10-17 04:44:26Z oee_empastcount_purge Program END 

Create log file
2012-10-17 04:50:00Z OEE_IS_Hourly_Check_alarm  Program Start
2012-10-17 04:50:00Z OEE_IS_Hourly_Check_alarm  Program END 

Create log file
2012-10-17 04:50:00Z ALCS_Hourly_Check_alarm  Program Start
2012-10-17 04:50:00Z ALCS_Hourly_Check_alarm  Program END 

Create log file
2012-10-17 04:50:01Z SERVER_SELF_CHECK   Program Start
2012-10-17 04:50:01Z SERVER_SELF_CHECK   Program END 

Create log file
2012-10-17 05:01:00ZArray_Photo Program Start
1350 log finish

2012-10-17 05:01:03ZArray_Photo Program End

Create log file
2012-10-17 05:03:00ZArray_test_repeat Program Start
2012-10-17 05:03:02ZArray_test_repeat Program End

Create log file
2012-10-17 05:30:00ZARY_HOLD_LOT Program Start
There are lots exceed process time for 24hrs, please check

There are lots exceed process time for 24hrs, please check

There are lots exceed process time for 24hrs, please check

There are lots exceed process time for 24hrs, please check

There are lots exceed process time for 24hrs, please check

There are lots exceed process time for 24hrs, please check

There are lots exceed process time for 24hrs, please check

There are lots exceed process time for 24hrs, please check

There are lots exceed process time for 24hrs, please check

There are lots exceed process time for 24hrs, please check

There are lots exceed process time for 24hrs, please check

There are lots exceed process time for 24hrs, please check

There are lots exceed process time for 24hrs, please check

There are lots exceed process time for 24hrs, please check

There are lots exceed process time for 24hrs, please check

There are lots exceed process time for 24hrs, please check

There are lots exceed process time for 24hrs, please check

2012-10-17 05:30:16ZARY_HOLD_LOT Program End

Create log file
2012-10-17 05:41:14Z oee_empaidxsummdaily_purge Program Start
2012-10-17 05:41:14Z oee_empaidxsummdaily_purge Program END 

Create log file
2012-10-17 05:42:22Z oee_empaidxsummhourly_purge Program Start
2012-10-17 05:42:22Z oee_empaidxsummhourly_purge Program END 

Create log file
2012-10-17 05:44:29Z oee_empastcount_purge Program Start
2012-10-17 05:44:29Z oee_empastcount_purge Program END 

Create log file
2012-10-17 05:50:00Z OEE_IS_Hourly_Check_alarm  Program Start
2012-10-17 05:50:00Z OEE_IS_Hourly_Check_alarm  Program END 

Create log file
2012-10-17 05:50:00Z ALCS_Hourly_Check_alarm  Program Start
2012-10-17 05:50:00Z ALCS_Hourly_Check_alarm  Program END 

Create log file
2012-10-17 05:50:01Z SERVER_SELF_CHECK   Program Start
2012-10-17 05:50:01Z SERVER_SELF_CHECK   Program END 

Create log file
2012-10-17 06:01:00ZArray_Photo Program Start
1450 log finish

2012-10-17 06:01:03ZArray_Photo Program End

Create log file
2012-10-17 06:03:00ZArray_test_repeat Program Start
2012-10-17 06:03:01ZArray_test_repeat Program End

Create log file
2012-10-17 06:41:14Z oee_empaidxsummdaily_purge Program Start
2012-10-17 06:41:14Z oee_empaidxsummdaily_purge Program END 

Create log file
2012-10-17 06:42:14Z oee_empaidxsummhourly_purge Program Start
2012-10-17 06:42:14Z oee_empaidxsummhourly_purge Program END 

Create log file
2012-10-17 06:44:26Z oee_empastcount_purge Program Start
2012-10-17 06:44:26Z oee_empastcount_purge Program END 

Create log file
2012-10-17 06:50:54Z ODS_Recover_Lot 147 Lots Program Start
2012-10-17 06:50:54Z ODS_Recover_Lot 147 Lots Program END 

Create log file
2012-10-17 06:51:01Z OEE_IS_Hourly_Check_alarm  Program Start
2012-10-17 06:51:01Z OEE_IS_Hourly_Check_alarm  Program END 

Create log file
2012-10-17 06:51:01Z ALCS_Hourly_Check_alarm  Program Start
2012-10-17 06:51:01Z ALCS_Hourly_Check_alarm  Program END 

Create log file
2012-10-17 06:51:02Z SERVER_SELF_CHECK   Program Start
2012-10-17 06:51:02Z SERVER_SELF_CHECK   Program END 

Create log file
2012-10-17 07:01:00ZArray_Photo Program Start
1450 log finish

2012-10-17 07:01:03ZArray_Photo Program End

Create log file
2012-10-17 07:03:00ZArray_test_repeat Program Start
2012-10-17 07:03:00ZArray_test_repeat Program End

Create log file
2012-10-17 07:31:53Z OEELH_fixed_data_Daily Program Start
2012-10-17 07:31:53Z OEELH_fixed_data_Daily Program END 

Create log file
2012-10-17 07:41:15Z oee_empaidxsummdaily_purge Program Start
2012-10-17 07:41:15Z oee_empaidxsummdaily_purge Program END 

Create log file
2012-10-17 07:42:14Z oee_empaidxsummhourly_purge Program Start
2012-10-17 07:42:14Z oee_empaidxsummhourly_purge Program END 

Create log file
2012-10-17 07:44:30Z oee_empastcount_purge Program Start
2012-10-17 07:44:30Z oee_empastcount_purge Program END 

Create log file
2012-10-17 07:50:08Z OEE_IS_Hourly_Check_alarm  Program Start
2012-10-17 07:50:08Z OEE_IS_Hourly_Check_alarm  Program END 

Create log file
2012-10-17 07:50:08Z ALCS_Hourly_Check_alarm  Program Start
2012-10-17 07:50:08Z ALCS_Hourly_Check_alarm  Program END 

Create log file
2012-10-17 07:50:12Z SERVER_SELF_CHECK   Program Start
2012-10-17 07:50:12Z SERVER_SELF_CHECK   Program END 

Create log file
2012-10-17 08:00:00Z Check_Onduty_Time From Onduty_dotnet2  Program Start
2012-10-17 08:00:00Z Check_Onduty_Time From Onduty_dotnet2  Program END 

Create log file
2012-10-17 08:01:00ZArray_Photo Program Start
2012-10-17 08:01:02ZArray_Photo Program End

Create log file
2012-10-17 08:03:00ZArray_test_repeat Program Start
2012-10-17 08:03:00ZArray_test_repeat Program End

Create log file
2012-10-17 08:30:00ZHoliday_inout_SMS Program Start
2012-10-17 08:30:00ZHoliday_Inout_SMS Program End

Create log file
2012-10-17 08:32:00ZOEE_EQP_SMS Program Start
2012-10-17 08:32:40ZOEE_EQP_SMS Program End

Create log file
2012-10-17 08:41:17Z oee_empaidxsummdaily_purge Program Start
2012-10-17 08:41:17Z oee_empaidxsummdaily_purge Program END 

Create log file
2012-10-17 08:42:17Z oee_empaidxsummhourly_purge Program Start
2012-10-17 08:42:17Z oee_empaidxsummhourly_purge Program END 

Create log file
2012-10-17 08:44:36Z oee_empastcount_purge Program Start
2012-10-17 08:44:36Z oee_empastcount_purge Program END 

Create log file
2012-10-17 08:45:00ZHoliday_inout_SMS_For_C2 Program Start
2012-10-17 08:45:08ZHoliday_Inout_SMS_For_C2 Program End

Create log file
2012-10-17 08:50:00Z OEE_IS_Hourly_Check_alarm  Program Start
2012-10-17 08:50:00Z OEE_IS_Hourly_Check_alarm  Program END 

Create log file
2012-10-17 08:50:00Z ALCS_Hourly_Check_alarm  Program Start
2012-10-17 08:50:00Z ALCS_Hourly_Check_alarm  Program END 

Create log file
2012-10-17 08:50:01Z SERVER_SELF_CHECK   Program Start
2012-10-17 08:50:01Z SERVER_SELF_CHECK   Program END 

Create log file
2012-10-17 09:01:01ZArray_Photo Program Start
2012-10-17 09:01:03ZArray_Photo Program End

Create log file
2012-10-17 09:03:00ZArray_test_repeat Program Start
2012-10-17 09:03:00ZArray_test_repeat Program End

Create log file
2012-10-17 09:30:00ZARY_HOLD_LOT Program Start
There are lots exceed process time for 24hrs, please check

There are lots exceed process time for 24hrs, please check

There are lots exceed process time for 24hrs, please check

There are lots exceed process time for 24hrs, please check

There are lots exceed process time for 24hrs, please check

There are lots exceed process time for 24hrs, please check

There are lots exceed process time for 24hrs, please check

There are lots exceed process time for 24hrs, please check

There are lots exceed process time for 24hrs, please check

There are lots exceed process time for 24hrs, please check

There are lots exceed process time for 24hrs, please check

There are lots exceed process time for 24hrs, please check

There are lots exceed process time for 24hrs, please check

There are lots exceed process time for 24hrs, please check

There are lots exceed process time for 24hrs, please check

There are lots exceed process time for 24hrs, please check

There are lots exceed process time for 24hrs, please check

2012-10-17 09:30:27ZARY_HOLD_LOT Program End

Create log file
2012-10-17 09:41:16Z oee_empaidxsummdaily_purge Program Start
2012-10-17 09:41:16Z oee_empaidxsummdaily_purge Program END 

Create log file
2012-10-17 09:42:14Z oee_empaidxsummhourly_purge Program Start
2012-10-17 09:42:14Z oee_empaidxsummhourly_purge Program END 

Create log file
2012-10-17 09:44:42Z oee_empastcount_purge Program Start
2012-10-17 09:44:42Z oee_empastcount_purge Program END 

Create log file
2012-10-17 09:50:00Z OEE_IS_Hourly_Check_alarm  Program Start
2012-10-17 09:50:00Z OEE_IS_Hourly_Check_alarm  Program END 

Create log file
2012-10-17 09:50:00Z ALCS_Hourly_Check_alarm  Program Start
2012-10-17 09:50:00Z ALCS_Hourly_Check_alarm  Program END 

Create log file
2012-10-17 09:50:01Z SERVER_SELF_CHECK   Program Start
2012-10-17 09:50:01Z SERVER_SELF_CHECK   Program END 

Create log file
2012-10-17 10:01:00ZArray_Photo Program Start
1350 log finish

2012-10-17 10:01:03ZArray_Photo Program End

Create log file
2012-10-17 10:03:00ZArray_test_repeat Program Start
2012-10-17 10:03:00ZArray_test_repeat Program End

Create log file
2012-10-17 10:43:13Z oee_empaidxsummdaily_purge Program Start
2012-10-17 10:43:13Z oee_empaidxsummdaily_purge Program END 

Create log file
2012-10-17 10:44:14Z oee_empaidxsummhourly_purge Program Start
2012-10-17 10:44:14Z oee_empaidxsummhourly_purge Program END 

Create log file
2012-10-17 10:46:38Z oee_empastcount_purge Program Start
2012-10-17 10:46:38Z oee_empastcount_purge Program END 

Create log file
2012-10-17 10:50:00Z OEE_IS_Hourly_Check_alarm  Program Start
2012-10-17 10:50:00Z OEE_IS_Hourly_Check_alarm  Program END 

Create log file
2012-10-17 10:50:00Z ALCS_Hourly_Check_alarm  Program Start
2012-10-17 10:50:00Z ALCS_Hourly_Check_alarm  Program END 

Create log file
2012-10-17 10:50:01Z SERVER_SELF_CHECK   Program Start
2012-10-17 10:50:01Z SERVER_SELF_CHECK   Program END 

Create log file
2012-10-17 11:01:01ZArray_Photo Program Start
1350 log finish

2012-10-17 11:01:04ZArray_Photo Program End

Create log file
2012-10-17 11:03:00ZArray_test_repeat Program Start
2012-10-17 11:03:00ZArray_test_repeat Program End

Create log file
2012-10-17 11:40:00Z T1OEE Purge Program Start
2012-10-17 11:40:00Z T1OEE Purge Program END 

Create log file
2012-10-17 11:42:02Z oee_empaidxsummdaily_purge Program Start
2012-10-17 11:42:02Z oee_empaidxsummdaily_purge Program END 

Create log file
2012-10-17 11:42:53Z oee_empaidxsummhourly_purge Program Start
2012-10-17 11:42:53Z oee_empaidxsummhourly_purge Program END 

Create log file
2012-10-17 11:45:26Z oee_empastcount_purge Program Start
2012-10-17 11:45:26Z oee_empastcount_purge Program END 

Create log file
2012-10-17 11:50:00Z OEE_IS_Hourly_Check_alarm  Program Start
2012-10-17 11:50:00Z OEE_IS_Hourly_Check_alarm  Program END 

Create log file
2012-10-17 11:50:00Z ALCS_Hourly_Check_alarm  Program Start
2012-10-17 11:50:00Z ALCS_Hourly_Check_alarm  Program END 

Create log file
2012-10-17 11:50:01Z SERVER_SELF_CHECK   Program Start
2012-10-17 11:50:01Z SERVER_SELF_CHECK   Program END 

Create log file
2012-10-17 12:01:00ZArray_Photo Program Start
2012-10-17 12:01:02ZArray_Photo Program End

Create log file
2012-10-17 12:03:00ZArray_test_repeat Program Start
2012-10-17 12:03:00ZArray_test_repeat Program End

Create log file
2012-10-17 12:41:17Z oee_empaidxsummdaily_purge Program Start
2012-10-17 12:41:17Z oee_empaidxsummdaily_purge Program END 

Create log file
2012-10-17 12:42:11Z oee_empaidxsummhourly_purge Program Start
2012-10-17 12:42:11Z oee_empaidxsummhourly_purge Program END 

Create log file
2012-10-17 12:44:28Z oee_empastcount_purge Program Start
2012-10-17 12:44:28Z oee_empastcount_purge Program END 

Create log file
2012-10-17 12:50:00Z OEE_IS_Hourly_Check_alarm  Program Start
2012-10-17 12:50:00Z OEE_IS_Hourly_Check_alarm  Program END 

Create log file
2012-10-17 12:50:08Z ALCS_Hourly_Check_alarm  Program Start
2012-10-17 12:50:08Z ALCS_Hourly_Check_alarm  Program END 

Create log file
2012-10-17 12:50:08Z SERVER_SELF_CHECK   Program Start
2012-10-17 12:50:08Z SERVER_SELF_CHECK   Program END 

Create log file
2012-10-17 13:01:00ZArray_Photo Program Start
2012-10-17 13:01:03ZArray_Photo Program End

Create log file
2012-10-17 13:03:00ZArray_test_repeat Program Start
2012-10-17 13:03:03ZArray_test_repeat Program End

Create log file
2012-10-17 13:30:00ZARY_HOLD_LOT Program Start
There are lots exceed process time for 24hrs, please check

There are lots exceed process time for 24hrs, please check

There are lots exceed process time for 24hrs, please check

There are lots exceed process time for 24hrs, please check

There are lots exceed process time for 24hrs, please check

There are lots exceed process time for 24hrs, please check

There are lots exceed process time for 24hrs, please check

There are lots exceed process time for 48hrs, please check

There are lots exceed process time for 24hrs, please check

There are lots exceed process time for 24hrs, please check

There are lots exceed process time for 48hrs, please check

There are lots exceed process time for 24hrs, please check

There are lots exceed process time for 24hrs, please check

There are lots exceed process time for 48hrs, please check

There are lots exceed process time for 24hrs, please check

There are lots exceed process time for 24hrs, please check

There are lots exceed process time for 48hrs, please check

There are lots exceed process time for 24hrs, please check

There are lots exceed process time for 24hrs, please check

There are lots exceed process time for 48hrs, please check

There are lots exceed process time for 24hrs, please check

There are lots exceed process time for 24hrs, please check

There are lots exceed process time for 48hrs, please check

There are lots exceed process time for 24hrs, please check

There are lots exceed process time for 24hrs, please check

There are lots exceed process time for 48hrs, please check

There are lots exceed process time for 24hrs, please check

There are lots exceed process time for 24hrs, please check

There are lots exceed process time for 48hrs, please check

There are lots exceed process time for 24hrs, please check

There are lots exceed process time for 24hrs, please check

There are lots exceed process time for 48hrs, please check

There are lots exceed process time for 24hrs, please check

There are lots exceed process time for 24hrs, please check

There are lots exceed process time for 48hrs, please check

There are lots exceed process time for 24hrs, please check

There are lots exceed process time for 24hrs, please check

There are lots exceed process time for 48hrs, please check

There are lots exceed process time for 24hrs, please check

There are lots exceed process time for 24hrs, please check

There are lots exceed process time for 48hrs, please check

There are lots exceed process time for 24hrs, please check

There are lots exceed process time for 24hrs, please check

There are lots exceed process time for 48hrs, please check

There are lots exceed process time for 24hrs, please check

There are lots exceed process time for 24hrs, please check

2012-10-17 13:30:27ZARY_HOLD_LOT Program End

Create log file
2012-10-17 13:41:15Z oee_empaidxsummdaily_purge Program Start
2012-10-17 13:41:15Z oee_empaidxsummdaily_purge Program END 

Create log file
2012-10-17 13:41:39Z oee_empaidxsummhourly_purge Program Start
2012-10-17 13:41:39Z oee_empaidxsummhourly_purge Program END 

Create log file
2012-10-17 13:44:22Z oee_empastcount_purge Program Start
2012-10-17 13:44:22Z oee_empastcount_purge Program END 

Create log file
2012-10-17 13:50:00Z OEE_IS_Hourly_Check_alarm  Program Start
2012-10-17 13:50:00Z OEE_IS_Hourly_Check_alarm  Program END 

Create log file
2012-10-17 13:50:00Z ALCS_Hourly_Check_alarm  Program Start
2012-10-17 13:50:00Z ALCS_Hourly_Check_alarm  Program END 

Create log file
2012-10-17 13:50:01Z SERVER_SELF_CHECK   Program Start
2012-10-17 13:50:01Z SERVER_SELF_CHECK   Program END 

Create log file
2012-10-17 14:01:00ZArray_Photo Program Start
2012-10-17 14:01:02ZArray_Photo Program End

Create log file
2012-10-17 14:03:00ZArray_test_repeat Program Start
2012-10-17 14:03:00ZArray_test_repeat Program End

Create log file
2012-10-17 14:41:15Z oee_empaidxsummdaily_purge Program Start
2012-10-17 14:41:15Z oee_empaidxsummdaily_purge Program END 

Create log file
2012-10-17 14:41:40Z oee_empaidxsummhourly_purge Program Start
2012-10-17 14:41:40Z oee_empaidxsummhourly_purge Program END 

Create log file
2012-10-17 14:44:23Z oee_empastcount_purge Program Start
2012-10-17 14:44:23Z oee_empastcount_purge Program END 

Create log file
2012-10-17 14:50:00Z OEE_IS_Hourly_Check_alarm  Program Start
2012-10-17 14:50:00Z OEE_IS_Hourly_Check_alarm  Program END 

Create log file
2012-10-17 14:50:00Z ALCS_Hourly_Check_alarm  Program Start
2012-10-17 14:50:00Z ALCS_Hourly_Check_alarm  Program END 

Create log file
2012-10-17 14:50:01Z SERVER_SELF_CHECK   Program Start
2012-10-17 14:50:01Z SERVER_SELF_CHECK   Program END 

Create log file
2012-10-17 15:01:00ZArray_Photo Program Start
1250 log finish

2012-10-17 15:01:03ZArray_Photo Program End

Create log file
2012-10-17 15:03:00ZArray_test_repeat Program Start
2012-10-17 15:03:00ZArray_test_repeat Program End

Create log file
2012-10-17 15:41:15Z oee_empaidxsummdaily_purge Program Start
2012-10-17 15:41:15Z oee_empaidxsummdaily_purge Program END 

Create log file
2012-10-17 15:41:39Z oee_empaidxsummhourly_purge Program Start
2012-10-17 15:41:39Z oee_empaidxsummhourly_purge Program END 

Create log file
2012-10-17 15:44:27Z oee_empastcount_purge Program Start
2012-10-17 15:44:27Z oee_empastcount_purge Program END 

Create log file
2012-10-17 15:50:00Z OEE_IS_Hourly_Check_alarm  Program Start
2012-10-17 15:50:00Z OEE_IS_Hourly_Check_alarm  Program END 

Create log file
2012-10-17 15:50:02Z ALCS_Hourly_Check_alarm  Program Start
2012-10-17 15:50:02Z ALCS_Hourly_Check_alarm  Program END 

Create log file
2012-10-17 15:50:02Z SERVER_SELF_CHECK   Program Start
2012-10-17 15:50:02Z SERVER_SELF_CHECK   Program END 

Create log file
2012-10-17 16:01:00ZArray_Photo Program Start
1350 log finish

2012-10-17 16:01:03ZArray_Photo Program End

Create log file
2012-10-17 16:03:00ZArray_test_repeat Program Start
2012-10-17 16:03:00ZArray_test_repeat Program End

Create log file
2012-10-17 16:41:14Z oee_empaidxsummdaily_purge Program Start
2012-10-17 16:41:14Z oee_empaidxsummdaily_purge Program END 

Create log file
2012-10-17 16:41:41Z oee_empaidxsummhourly_purge Program Start
2012-10-17 16:41:41Z oee_empaidxsummhourly_purge Program END 

Create log file
2012-10-17 16:44:31Z oee_empastcount_purge Program Start
2012-10-17 16:44:31Z oee_empastcount_purge Program END 

Create log file
2012-10-17 16:50:00Z OEE_IS_Hourly_Check_alarm  Program Start
2012-10-17 16:50:00Z OEE_IS_Hourly_Check_alarm  Program END 

Create log file
2012-10-17 16:50:00Z ALCS_Hourly_Check_alarm  Program Start
2012-10-17 16:50:00Z ALCS_Hourly_Check_alarm  Program END 

Create log file
2012-10-17 16:50:01Z SERVER_SELF_CHECK   Program Start
2012-10-17 16:50:01Z SERVER_SELF_CHECK   Program END 

Create log file
2012-10-17 17:01:00ZArray_Photo Program Start
1350 log finish

2012-10-17 17:01:06ZArray_Photo Program End

Create log file
2012-10-17 17:03:00ZArray_test_repeat Program Start
2012-10-17 17:03:00ZArray_test_repeat Program End

Create log file
2012-10-17 17:30:00ZARY_HOLD_LOT Program Start
There are lots exceed process time for 24hrs, please check

There are lots exceed process time for 24hrs, please check

There are lots exceed process time for 24hrs, please check

There are lots exceed process time for 24hrs, please check

There are lots exceed process time for 24hrs, please check

There are lots exceed process time for 24hrs, please check

There are lots exceed process time for 24hrs, please check

There are lots exceed process time for 24hrs, please check

There are lots exceed process time for 24hrs, please check

There are lots exceed process time for 24hrs, please check

There are lots exceed process time for 24hrs, please check

There are lots exceed process time for 24hrs, please check

There are lots exceed process time for 24hrs, please check

There are lots exceed process time for 24hrs, please check

There are lots exceed process time for 24hrs, please check

There are lots exceed process time for 24hrs, please check

There are lots exceed process time for 24hrs, please check

2012-10-17 17:30:12ZARY_HOLD_LOT Program End

Create log file
2012-10-17 17:41:15Z oee_empaidxsummdaily_purge Program Start
2012-10-17 17:41:15Z oee_empaidxsummdaily_purge Program END 

Create log file
2012-10-17 17:41:43Z oee_empaidxsummhourly_purge Program Start
2012-10-17 17:41:43Z oee_empaidxsummhourly_purge Program END 

Create log file
2012-10-17 17:44:23Z oee_empastcount_purge Program Start
2012-10-17 17:44:23Z oee_empastcount_purge Program END 

Create log file
2012-10-17 17:50:00Z OEE_IS_Hourly_Check_alarm  Program Start
2012-10-17 17:50:00Z OEE_IS_Hourly_Check_alarm  Program END 

Create log file
2012-10-17 17:50:00Z ALCS_Hourly_Check_alarm  Program Start
2012-10-17 17:50:00Z ALCS_Hourly_Check_alarm  Program END 

Create log file
2012-10-17 17:50:01Z SERVER_SELF_CHECK   Program Start
2012-10-17 17:50:01Z SERVER_SELF_CHECK   Program END 

Create log file
2012-10-17 18:01:00ZArray_Photo Program Start
1350 log finish

2012-10-17 18:01:02ZArray_Photo Program End

Create log file
2012-10-17 18:03:00ZArray_test_repeat Program Start
2012-10-17 18:03:00ZArray_test_repeat Program End

Create log file
2012-10-17 18:41:16Z oee_empaidxsummdaily_purge Program Start
2012-10-17 18:41:16Z oee_empaidxsummdaily_purge Program END 

Create log file
2012-10-17 18:41:39Z oee_empaidxsummhourly_purge Program Start
2012-10-17 18:41:39Z oee_empaidxsummhourly_purge Program END 

Create log file
2012-10-17 18:44:19Z oee_empastcount_purge Program Start
2012-10-17 18:44:19Z oee_empastcount_purge Program END 

Create log file
2012-10-17 18:50:00Z OEE_IS_Hourly_Check_alarm  Program Start
2012-10-17 18:50:00Z OEE_IS_Hourly_Check_alarm  Program END 

Create log file
2012-10-17 18:50:02Z ALCS_Hourly_Check_alarm  Program Start
2012-10-17 18:50:02Z ALCS_Hourly_Check_alarm  Program END 

Create log file
2012-10-17 18:50:03Z SERVER_SELF_CHECK   Program Start
2012-10-17 18:50:03Z SERVER_SELF_CHECK   Program END 

Create log file
2012-10-17 19:01:00ZArray_Photo Program Start
2012-10-17 19:01:04ZArray_Photo Program End

Create log file
2012-10-17 19:03:00ZArray_test_repeat Program Start
2012-10-17 19:03:01ZArray_test_repeat Program End

Create log file
2012-10-17 19:41:16Z oee_empaidxsummdaily_purge Program Start
2012-10-17 19:41:16Z oee_empaidxsummdaily_purge Program END 

Create log file
2012-10-17 19:41:39Z oee_empaidxsummhourly_purge Program Start
2012-10-17 19:41:39Z oee_empaidxsummhourly_purge Program END 

Create log file
2012-10-17 19:44:23Z oee_empastcount_purge Program Start
2012-10-17 19:44:23Z oee_empastcount_purge Program END 

Create log file
2012-10-17 19:50:00Z OEE_IS_Hourly_Check_alarm  Program Start
2012-10-17 19:50:00Z OEE_IS_Hourly_Check_alarm  Program END 

Create log file
2012-10-17 19:50:00Z ALCS_Hourly_Check_alarm  Program Start
2012-10-17 19:50:00Z ALCS_Hourly_Check_alarm  Program END 

Create log file
2012-10-17 19:50:03Z SERVER_SELF_CHECK   Program Start
2012-10-17 19:50:03Z SERVER_SELF_CHECK   Program END 

Create log file
2012-10-17 20:01:00ZArray_Photo Program Start
2012-10-17 20:01:02ZArray_Photo Program End

Create log file
2012-10-17 20:03:00ZArray_test_repeat Program Start
2012-10-17 20:03:00ZArray_test_repeat Program End

Create log file
2012-10-17 20:41:17Z oee_empaidxsummdaily_purge Program Start
2012-10-17 20:41:17Z oee_empaidxsummdaily_purge Program END 

Create log file
2012-10-17 20:41:38Z oee_empaidxsummhourly_purge Program Start
2012-10-17 20:41:38Z oee_empaidxsummhourly_purge Program END 

Create log file
2012-10-17 20:44:19Z oee_empastcount_purge Program Start
2012-10-17 20:44:19Z oee_empastcount_purge Program END 

Create log file
2012-10-17 20:50:00Z OEE_IS_Hourly_Check_alarm  Program Start
2012-10-17 20:50:00Z OEE_IS_Hourly_Check_alarm  Program END 

Create log file
2012-10-17 20:50:00Z ALCS_Hourly_Check_alarm  Program Start
2012-10-17 20:50:00Z ALCS_Hourly_Check_alarm  Program END 

Create log file
2012-10-17 20:50:02Z SERVER_SELF_CHECK   Program Start
2012-10-17 20:50:02Z SERVER_SELF_CHECK   Program END 

Create log file
2012-10-17 21:01:00ZArray_Photo Program Start
2012-10-17 21:01:02ZArray_Photo Program End

Create log file
2012-10-17 21:03:00ZArray_test_repeat Program Start
2012-10-17 21:03:01ZArray_test_repeat Program End

Create log file
2012-10-17 21:30:00ZARY_HOLD_LOT Program Start
There are lots exceed process time for 24hrs, please check

There are lots exceed process time for 24hrs, please check

There are lots exceed process time for 24hrs, please check

There are lots exceed process time for 24hrs, please check

There are lots exceed process time for 24hrs, please check

There are lots exceed process time for 24hrs, please check

There are lots exceed process time for 24hrs, please check

There are lots exceed process time for 24hrs, please check

There are lots exceed process time for 24hrs, please check

There are lots exceed process time for 24hrs, please check

There are lots exceed process time for 24hrs, please check

There are lots exceed process time for 24hrs, please check

There are lots exceed process time for 24hrs, please check

There are lots exceed process time for 24hrs, please check

There are lots exceed process time for 24hrs, please check

There are lots exceed process time for 24hrs, please check

2012-10-17 21:30:14ZARY_HOLD_LOT Program End

Create log file
2012-10-17 21:41:19Z oee_empaidxsummdaily_purge Program Start
2012-10-17 21:41:19Z oee_empaidxsummdaily_purge Program END 

Create log file
2012-10-17 21:41:41Z oee_empaidxsummhourly_purge Program Start
2012-10-17 21:41:41Z oee_empaidxsummhourly_purge Program END 

Create log file
2012-10-17 21:44:24Z oee_empastcount_purge Program Start
2012-10-17 21:44:24Z oee_empastcount_purge Program END 

Create log file
2012-10-17 21:50:00Z OEE_IS_Hourly_Check_alarm  Program Start
2012-10-17 21:50:00Z OEE_IS_Hourly_Check_alarm  Program END 

Create log file
2012-10-17 21:50:00Z ALCS_Hourly_Check_alarm  Program Start
2012-10-17 21:50:00Z ALCS_Hourly_Check_alarm  Program END 

Create log file
2012-10-17 21:50:01Z SERVER_SELF_CHECK   Program Start
2012-10-17 21:50:01Z SERVER_SELF_CHECK   Program END 

Create log file
2012-10-17 22:00:00ZSERVER_SMS_TEST Program Start
SMS log finish

2012-10-17 22:00:00ZSERVER_SMS_TEST Program End

Create log file
2012-10-17 22:01:00ZArray_Photo Program Start
2012-10-17 22:01:02ZArray_Photo Program End

Create log file
2012-10-17 22:03:00ZArray_test_repeat Program Start
2012-10-17 22:03:00ZArray_test_repeat Program End

Create log file
2012-10-17 22:41:18Z oee_empaidxsummdaily_purge Program Start
2012-10-17 22:41:18Z oee_empaidxsummdaily_purge Program END 

Create log file
2012-10-17 22:41:41Z oee_empaidxsummhourly_purge Program Start
2012-10-17 22:41:41Z oee_empaidxsummhourly_purge Program END 

Create log file
2012-10-17 22:44:24Z oee_empastcount_purge Program Start
2012-10-17 22:44:24Z oee_empastcount_purge Program END 

Create log file
2012-10-17 22:50:00Z OEE_IS_Hourly_Check_alarm  Program Start
2012-10-17 22:50:00Z OEE_IS_Hourly_Check_alarm  Program END 

Create log file
2012-10-17 22:50:00Z ALCS_Hourly_Check_alarm  Program Start
2012-10-17 22:50:00Z ALCS_Hourly_Check_alarm  Program END 

Create log file
2012-10-17 22:50:01Z SERVER_SELF_CHECK   Program Start
2012-10-17 22:50:01Z SERVER_SELF_CHECK   Program END 

Create log file
2012-10-17 23:01:00ZArray_Photo Program Start
1450 log finish

2012-10-17 23:01:02ZArray_Photo Program End

Create log file
2012-10-17 23:03:00ZArray_test_repeat Program Start
2012-10-17 23:03:00ZArray_test_repeat Program End

Create log file
2012-10-17 23:41:15Z oee_empaidxsummdaily_purge Program Start
2012-10-17 23:41:15Z oee_empaidxsummdaily_purge Program END 

Create log file
2012-10-17 23:41:48Z oee_empaidxsummhourly_purge Program Start
2012-10-17 23:41:48Z oee_empaidxsummhourly_purge Program END 

Create log file
2012-10-17 23:44:34Z oee_empastcount_purge Program Start
2012-10-17 23:44:34Z oee_empastcount_purge Program END 

Create log file
2012-10-17 23:50:00Z OEE_IS_Hourly_Check_alarm  Program Start
2012-10-17 23:50:00Z OEE_IS_Hourly_Check_alarm  Program END 

Create log file
2012-10-17 23:50:05Z ALCS_Hourly_Check_alarm  Program Start
2012-10-17 23:50:05Z ALCS_Hourly_Check_alarm  Program END 

Create log file
2012-10-17 23:50:06Z SERVER_SELF_CHECK   Program Start
2012-10-17 23:50:06Z SERVER_SELF_CHECK   Program END 

