Create log file
2012-11-07 00:01:01ZArray_Photo Program Start
1250 log finish

1350 log finish

1450 log finish

2012-11-07 00:01:04ZArray_Photo Program End

Create log file
2012-11-07 00:03:02ZArray_test_repeat Program Start
2012-11-07 00:03:03ZArray_test_repeat Program End

Create log file
2012-11-07 00:10:00Z T0T1 InnoView Add User Program Start
2012-11-07 00:10:00Z T0T1 InnoView Add User Program END 

Create log file
2012-11-07 00:20:14Z VPNLOG_PARSER Program Start
2012-11-07 00:20:14Z VPNLOG_PARSER Program END 

Create log file
2012-11-07 00:30:00Z T0/T1 RealTimeDept Program Start
2012-11-07 00:30:00Z T0/T1 RealTimeDept Program END 

Create log file
2012-11-07 00:41:43Z oee_empaidxsummdaily_purge Program Start
2012-11-07 00:41:43Z oee_empaidxsummdaily_purge Program END 

Create log file
2012-11-07 00:42:41Z oee_empaidxsummhourly_purge Program Start
2012-11-07 00:42:41Z oee_empaidxsummhourly_purge Program END 

Create log file
2012-11-07 00:46:47Z oee_empastcount_purge Program Start
2012-11-07 00:46:47Z oee_empastcount_purge Program END 

Create log file
2012-11-07 00:50:00Z OEE_IS_Hourly_Check_alarm  Program Start
2012-11-07 00:50:00Z OEE_IS_Hourly_Check_alarm  Program END 

Create log file
2012-11-07 00:50:01Z ALCS_Hourly_Check_alarm  Program Start
2012-11-07 00:50:01Z ALCS_Hourly_Check_alarm  Program END 

Create log file
2012-11-07 00:50:03Z SERVER_SELF_CHECK   Program Start
2012-11-07 00:50:03Z SERVER_SELF_CHECK   Program END 

Create log file
2012-11-07 01:01:00ZArray_Photo Program Start
1350 log finish

1450 log finish

2012-11-07 01:01:05ZArray_Photo Program End

Create log file
2012-11-07 01:03:00ZArray_test_repeat Program Start
2012-11-07 01:03:00ZArray_test_repeat Program End

Create log file
2012-11-07 01:30:00ZARY_HOLD_LOT Program Start
There are lots exceed process time for 24hrs, please check

There are lots exceed process time for 24hrs, please check

There are lots exceed process time for 24hrs, please check

There are lots exceed process time for 24hrs, please check

There are lots exceed process time for 24hrs, please check

There are lots exceed process time for 24hrs, please check

There are lots exceed process time for 24hrs, please check

There are lots exceed process time for 24hrs, please check

There are lots exceed process time for 24hrs, please check

There are lots exceed process time for 24hrs, please check

There are lots exceed process time for 24hrs, please check

There are lots exceed process time for 24hrs, please check

There are lots exceed process time for 24hrs, please check

There are lots exceed process time for 24hrs, please check

2012-11-07 01:30:47ZARY_HOLD_LOT Program End

Create log file
2012-11-07 01:41:19Z oee_empaidxsummdaily_purge Program Start
2012-11-07 01:41:19Z oee_empaidxsummdaily_purge Program END 

Create log file
2012-11-07 01:42:16Z oee_empaidxsummhourly_purge Program Start
2012-11-07 01:42:16Z oee_empaidxsummhourly_purge Program END 

Create log file
2012-11-07 01:44:28Z oee_empastcount_purge Program Start
2012-11-07 01:44:28Z oee_empastcount_purge Program END 

Create log file
2012-11-07 01:50:00Z OEE_IS_Hourly_Check_alarm  Program Start
2012-11-07 01:50:00Z OEE_IS_Hourly_Check_alarm  Program END 

Create log file
2012-11-07 01:50:00Z ALCS_Hourly_Check_alarm  Program Start
2012-11-07 01:50:00Z ALCS_Hourly_Check_alarm  Program END 

Create log file
2012-11-07 01:50:01Z SERVER_SELF_CHECK   Program Start
2012-11-07 01:50:01Z SERVER_SELF_CHECK   Program END 

Create log file
2012-11-07 02:01:00ZArray_Photo Program Start
1350 log finish

1450 log finish

2012-11-07 02:01:03ZArray_Photo Program End

Create log file
2012-11-07 02:03:01ZArray_test_repeat Program Start
2012-11-07 02:03:02ZArray_test_repeat Program End

Create log file
2012-11-07 02:41:18Z oee_empaidxsummdaily_purge Program Start
2012-11-07 02:41:18Z oee_empaidxsummdaily_purge Program END 

Create log file
2012-11-07 02:42:11Z oee_empaidxsummhourly_purge Program Start
2012-11-07 02:42:11Z oee_empaidxsummhourly_purge Program END 

Create log file
2012-11-07 02:44:29Z oee_empastcount_purge Program Start
2012-11-07 02:44:29Z oee_empastcount_purge Program END 

Create log file
2012-11-07 02:50:00Z OEE_IS_Hourly_Check_alarm  Program Start
2012-11-07 02:50:00Z OEE_IS_Hourly_Check_alarm  Program END 

Create log file
2012-11-07 02:50:00Z ALCS_Hourly_Check_alarm  Program Start
2012-11-07 02:50:00Z ALCS_Hourly_Check_alarm  Program END 

Create log file
2012-11-07 02:50:01Z SERVER_SELF_CHECK   Program Start
2012-11-07 02:50:01Z SERVER_SELF_CHECK   Program END 

Create log file
2012-11-07 03:01:00ZArray_Photo Program Start
1350 log finish

1450 log finish

1650 log finish

2012-11-07 03:01:05ZArray_Photo Program End

Create log file
2012-11-07 03:03:00ZArray_test_repeat Program Start
2012-11-07 03:03:01ZArray_test_repeat Program End

Create log file
2012-11-07 03:41:20Z oee_empaidxsummdaily_purge Program Start
2012-11-07 03:41:20Z oee_empaidxsummdaily_purge Program END 

Create log file
2012-11-07 03:42:07Z oee_empaidxsummhourly_purge Program Start
2012-11-07 03:42:07Z oee_empaidxsummhourly_purge Program END 

Create log file
2012-11-07 03:44:28Z oee_empastcount_purge Program Start
2012-11-07 03:44:28Z oee_empastcount_purge Program END 

Create log file
2012-11-07 03:50:00Z OEE_IS_Hourly_Check_alarm  Program Start
2012-11-07 03:50:00Z OEE_IS_Hourly_Check_alarm  Program END 

Create log file
2012-11-07 03:50:01Z ALCS_Hourly_Check_alarm  Program Start
2012-11-07 03:50:01Z ALCS_Hourly_Check_alarm  Program END 

Create log file
2012-11-07 03:50:01Z SERVER_SELF_CHECK   Program Start
2012-11-07 03:50:01Z SERVER_SELF_CHECK   Program END 

Create log file
2012-11-07 04:01:00ZArray_Photo Program Start
1350 log finish

1450 log finish

1650 log finish

2012-11-07 04:01:04ZArray_Photo Program End

Create log file
2012-11-07 04:03:00ZArray_test_repeat Program Start
2012-11-07 04:03:01ZArray_test_repeat Program End

Create log file
2012-11-07 04:41:16Z oee_empaidxsummdaily_purge Program Start
2012-11-07 04:41:16Z oee_empaidxsummdaily_purge Program END 

Create log file
2012-11-07 04:42:10Z oee_empaidxsummhourly_purge Program Start
2012-11-07 04:42:10Z oee_empaidxsummhourly_purge Program END 

Create log file
2012-11-07 04:44:27Z oee_empastcount_purge Program Start
2012-11-07 04:44:27Z oee_empastcount_purge Program END 

Create log file
2012-11-07 04:50:00Z OEE_IS_Hourly_Check_alarm  Program Start
2012-11-07 04:50:00Z OEE_IS_Hourly_Check_alarm  Program END 

Create log file
2012-11-07 04:50:03Z ALCS_Hourly_Check_alarm  Program Start
2012-11-07 04:50:03Z ALCS_Hourly_Check_alarm  Program END 

Create log file
2012-11-07 04:50:04Z SERVER_SELF_CHECK   Program Start
2012-11-07 04:50:04Z SERVER_SELF_CHECK   Program END 

Create log file
2012-11-07 05:01:01ZArray_Photo Program Start
1350 log finish

1450 log finish

2012-11-07 05:01:05ZArray_Photo Program End

Create log file
2012-11-07 05:03:00ZArray_test_repeat Program Start
2012-11-07 05:03:00ZArray_test_repeat Program End

Create log file
2012-11-07 05:30:00ZARY_HOLD_LOT Program Start
There are lots exceed process time for 24hrs, please check

There are lots exceed process time for 24hrs, please check

There are lots exceed process time for 24hrs, please check

There are lots exceed process time for 24hrs, please check

There are lots exceed process time for 24hrs, please check

There are lots exceed process time for 24hrs, please check

There are lots exceed process time for 24hrs, please check

There are lots exceed process time for 24hrs, please check

There are lots exceed process time for 24hrs, please check

There are lots exceed process time for 24hrs, please check

There are lots exceed process time for 24hrs, please check

There are lots exceed process time for 24hrs, please check

There are lots exceed process time for 24hrs, please check

There are lots exceed process time for 24hrs, please check

There are lots exceed process time for 24hrs, please check

There are lots exceed process time for 24hrs, please check

There are lots exceed process time for 24hrs, please check

There are lots exceed process time for 24hrs, please check

2012-11-07 05:30:31ZARY_HOLD_LOT Program End

Create log file
2012-11-07 05:41:19Z oee_empaidxsummdaily_purge Program Start
2012-11-07 05:41:19Z oee_empaidxsummdaily_purge Program END 

Create log file
2012-11-07 05:42:16Z oee_empaidxsummhourly_purge Program Start
2012-11-07 05:42:16Z oee_empaidxsummhourly_purge Program END 

Create log file
2012-11-07 05:44:26Z oee_empastcount_purge Program Start
2012-11-07 05:44:26Z oee_empastcount_purge Program END 

Create log file
2012-11-07 05:50:00Z OEE_IS_Hourly_Check_alarm  Program Start
2012-11-07 05:50:00Z OEE_IS_Hourly_Check_alarm  Program END 

Create log file
2012-11-07 05:50:01Z ALCS_Hourly_Check_alarm  Program Start
2012-11-07 05:50:01Z ALCS_Hourly_Check_alarm  Program END 

Create log file
2012-11-07 05:50:02Z SERVER_SELF_CHECK   Program Start
2012-11-07 05:50:02Z SERVER_SELF_CHECK   Program END 

Create log file
2012-11-07 06:01:00ZArray_Photo Program Start
1350 log finish

1450 log finish

1650 log finish

2012-11-07 06:01:03ZArray_Photo Program End

Create log file
2012-11-07 06:03:00ZArray_test_repeat Program Start
2012-11-07 06:03:01ZArray_test_repeat Program End

Create log file
2012-11-07 06:41:20Z oee_empaidxsummdaily_purge Program Start
2012-11-07 06:41:20Z oee_empaidxsummdaily_purge Program END 

Create log file
2012-11-07 06:42:06Z oee_empaidxsummhourly_purge Program Start
2012-11-07 06:42:06Z oee_empaidxsummhourly_purge Program END 

Create log file
2012-11-07 06:44:24Z oee_empastcount_purge Program Start
2012-11-07 06:44:24Z oee_empastcount_purge Program END 

Create log file
2012-11-07 06:51:03Z OEE_IS_Hourly_Check_alarm  Program Start
2012-11-07 06:51:03Z OEE_IS_Hourly_Check_alarm  Program END 

Create log file
2012-11-07 06:51:07Z ODS_Recover_Lot 162 Lots Program Start
2012-11-07 06:51:07Z ODS_Recover_Lot 162 Lots Program END 

Create log file
2012-11-07 06:51:10Z ALCS_Hourly_Check_alarm  Program Start
2012-11-07 06:51:10Z ALCS_Hourly_Check_alarm  Program END 

Create log file
2012-11-07 06:51:10Z SERVER_SELF_CHECK   Program Start
2012-11-07 06:51:10Z SERVER_SELF_CHECK   Program END 

Create log file
2012-11-07 07:01:00ZArray_Photo Program Start
1350 log finish

1450 log finish

1650 log finish

2012-11-07 07:01:04ZArray_Photo Program End

Create log file
2012-11-07 07:03:00ZArray_test_repeat Program Start
2012-11-07 07:03:01ZArray_test_repeat Program End

Create log file
2012-11-07 07:41:19Z oee_empaidxsummdaily_purge Program Start
2012-11-07 07:41:19Z oee_empaidxsummdaily_purge Program END 

Create log file
2012-11-07 07:42:20Z oee_empaidxsummhourly_purge Program Start
2012-11-07 07:42:20Z oee_empaidxsummhourly_purge Program END 

Create log file
2012-11-07 07:44:32Z oee_empastcount_purge Program Start
2012-11-07 07:44:32Z oee_empastcount_purge Program END 

Create log file
2012-11-07 07:50:09Z OEE_IS_Hourly_Check_alarm  Program Start
2012-11-07 07:50:09Z OEE_IS_Hourly_Check_alarm  Program END 

Create log file
2012-11-07 07:50:10Z ALCS_Hourly_Check_alarm  Program Start
2012-11-07 07:50:10Z ALCS_Hourly_Check_alarm  Program END 

Create log file
2012-11-07 07:50:14Z SERVER_SELF_CHECK   Program Start
2012-11-07 07:50:14Z SERVER_SELF_CHECK   Program END 

Create log file
2012-11-07 08:00:09Z Check_Onduty_Time From Onduty_dotnet2  Program Start
2012-11-07 08:00:09Z Check_Onduty_Time From Onduty_dotnet2  Program END 

Create log file
2012-11-07 08:01:00ZArray_Photo Program Start
1350 log finish

1450 log finish

2012-11-07 08:01:03ZArray_Photo Program End

Create log file
2012-11-07 08:03:00ZArray_test_repeat Program Start
2012-11-07 08:03:00ZArray_test_repeat Program End

Create log file
2012-11-07 08:30:00ZHoliday_inout_SMS Program Start
2012-11-07 08:30:01ZHoliday_Inout_SMS Program End

Create log file
2012-11-07 08:32:00ZOEE_EQP_SMS Program Start
2012-11-07 08:32:43ZOEE_EQP_SMS Program End

Create log file
2012-11-07 08:41:06Z oee_empaidxsummdaily_purge Program Start
2012-11-07 08:41:06Z oee_empaidxsummdaily_purge Program END 

Create log file
2012-11-07 08:42:01Z oee_empaidxsummhourly_purge Program Start
2012-11-07 08:42:01Z oee_empaidxsummhourly_purge Program END 

Create log file
2012-11-07 08:44:25Z oee_empastcount_purge Program Start
2012-11-07 08:44:25Z oee_empastcount_purge Program END 

Create log file
2012-11-07 08:45:00ZHoliday_inout_SMS_For_C2 Program Start
2012-11-07 08:45:16ZHoliday_Inout_SMS_For_C2 Program End

Create log file
2012-11-07 08:50:00Z OEE_IS_Hourly_Check_alarm  Program Start
2012-11-07 08:50:00Z OEE_IS_Hourly_Check_alarm  Program END 

Create log file
2012-11-07 08:50:01Z ALCS_Hourly_Check_alarm  Program Start
2012-11-07 08:50:01Z ALCS_Hourly_Check_alarm  Program END 

Create log file
2012-11-07 08:50:02Z SERVER_SELF_CHECK   Program Start
2012-11-07 08:50:02Z SERVER_SELF_CHECK   Program END 

Create log file
2012-11-07 09:01:05ZArray_Photo Program Start
2012-11-07 09:01:09ZArray_Photo Program End

Create log file
2012-11-07 09:03:00ZArray_test_repeat Program Start
2012-11-07 09:03:00ZArray_test_repeat Program End

Create log file
2012-11-07 09:30:00ZARY_HOLD_LOT Program Start
There are lots exceed process time for 24hrs, please check

There are lots exceed process time for 24hrs, please check

There are lots exceed process time for 24hrs, please check

There are lots exceed process time for 24hrs, please check

There are lots exceed process time for 24hrs, please check

There are lots exceed process time for 24hrs, please check

There are lots exceed process time for 24hrs, please check

There are lots exceed process time for 24hrs, please check

There are lots exceed process time for 24hrs, please check

There are lots exceed process time for 24hrs, please check

There are lots exceed process time for 24hrs, please check

There are lots exceed process time for 24hrs, please check

There are lots exceed process time for 24hrs, please check

There are lots exceed process time for 24hrs, please check

2012-11-07 09:30:45ZARY_HOLD_LOT Program End

Create log file
2012-11-07 09:41:07Z oee_empaidxsummdaily_purge Program Start
2012-11-07 09:41:07Z oee_empaidxsummdaily_purge Program END 

Create log file
2012-11-07 09:42:07Z oee_empaidxsummhourly_purge Program Start
2012-11-07 09:42:07Z oee_empaidxsummhourly_purge Program END 

Create log file
2012-11-07 09:44:31Z oee_empastcount_purge Program Start
2012-11-07 09:44:31Z oee_empastcount_purge Program END 

Create log file
2012-11-07 09:50:00Z OEE_IS_Hourly_Check_alarm  Program Start
2012-11-07 09:50:00Z OEE_IS_Hourly_Check_alarm  Program END 

Create log file
2012-11-07 09:50:00Z ALCS_Hourly_Check_alarm  Program Start
2012-11-07 09:50:00Z ALCS_Hourly_Check_alarm  Program END 

Create log file
2012-11-07 09:50:01Z SERVER_SELF_CHECK   Program Start
2012-11-07 09:50:01Z SERVER_SELF_CHECK   Program END 

Create log file
2012-11-07 10:01:00ZArray_Photo Program Start
1150 log finish

1450 log finish

2012-11-07 10:01:05ZArray_Photo Program End

Create log file
2012-11-07 10:03:00ZArray_test_repeat Program Start
2012-11-07 10:03:00ZArray_test_repeat Program End

Create log file
2012-11-07 10:41:21Z oee_empaidxsummdaily_purge Program Start
2012-11-07 10:41:21Z oee_empaidxsummdaily_purge Program END 

Create log file
2012-11-07 10:42:15Z oee_empaidxsummhourly_purge Program Start
2012-11-07 10:42:15Z oee_empaidxsummhourly_purge Program END 

Create log file
2012-11-07 10:44:43Z oee_empastcount_purge Program Start
2012-11-07 10:44:43Z oee_empastcount_purge Program END 

Create log file
2012-11-07 10:50:00Z OEE_IS_Hourly_Check_alarm  Program Start
2012-11-07 10:50:00Z OEE_IS_Hourly_Check_alarm  Program END 

Create log file
2012-11-07 10:50:00Z ALCS_Hourly_Check_alarm  Program Start
2012-11-07 10:50:00Z ALCS_Hourly_Check_alarm  Program END 

Create log file
2012-11-07 10:50:01Z SERVER_SELF_CHECK   Program Start
2012-11-07 10:50:01Z SERVER_SELF_CHECK   Program END 

Create log file
2012-11-07 11:01:00ZArray_Photo Program Start
1150 log finish

1350 log finish

2012-11-07 11:01:04ZArray_Photo Program End

Create log file
2012-11-07 11:03:00ZArray_test_repeat Program Start
2012-11-07 11:03:00ZArray_test_repeat Program End

Create log file
2012-11-07 11:40:00Z T1OEE Purge Program Start
2012-11-07 11:40:00Z T1OEE Purge Program END 

Create log file
2012-11-07 11:41:19Z oee_empaidxsummdaily_purge Program Start
2012-11-07 11:41:19Z oee_empaidxsummdaily_purge Program END 

Create log file
2012-11-07 11:43:19Z oee_empaidxsummhourly_purge Program Start
2012-11-07 11:43:19Z oee_empaidxsummhourly_purge Program END 

Create log file
2012-11-07 11:48:12Z oee_empastcount_purge Program Start
2012-11-07 11:48:12Z oee_empastcount_purge Program END 

Create log file
2012-11-07 11:50:00Z OEE_IS_Hourly_Check_alarm  Program Start
2012-11-07 11:50:00Z OEE_IS_Hourly_Check_alarm  Program END 

Create log file
2012-11-07 11:50:01Z ALCS_Hourly_Check_alarm  Program Start
2012-11-07 11:50:01Z ALCS_Hourly_Check_alarm  Program END 

Create log file
2012-11-07 11:50:02Z SERVER_SELF_CHECK   Program Start
2012-11-07 11:50:02Z SERVER_SELF_CHECK   Program END 

Create log file
2012-11-07 11:50:03Z SERVER_SELF_CHECK Program Start
SMS log finish

2012-11-07 11:50:03Z SERVER_SELF_CHECK Program End

Create log file
2012-11-07 12:01:00ZArray_Photo Program Start
1350 log finish

2012-11-07 12:01:03ZArray_Photo Program End

Create log file
2012-11-07 12:03:00ZArray_test_repeat Program Start
2012-11-07 12:03:00ZArray_test_repeat Program End

Create log file
2012-11-07 12:41:19Z oee_empaidxsummdaily_purge Program Start
2012-11-07 12:41:19Z oee_empaidxsummdaily_purge Program END 

Create log file
2012-11-07 12:42:28Z oee_empaidxsummhourly_purge Program Start
2012-11-07 12:42:28Z oee_empaidxsummhourly_purge Program END 

Create log file
2012-11-07 12:44:47Z oee_empastcount_purge Program Start
2012-11-07 12:44:47Z oee_empastcount_purge Program END 

Create log file
2012-11-07 12:50:00Z OEE_IS_Hourly_Check_alarm  Program Start
2012-11-07 12:50:00Z OEE_IS_Hourly_Check_alarm  Program END 

Create log file
2012-11-07 12:50:00Z ALCS_Hourly_Check_alarm  Program Start
2012-11-07 12:50:00Z ALCS_Hourly_Check_alarm  Program END 

Create log file
2012-11-07 12:50:01Z SERVER_SELF_CHECK   Program Start
2012-11-07 12:50:01Z SERVER_SELF_CHECK   Program END 

Create log file
2012-11-07 13:01:00ZArray_Photo Program Start
1150 log finish

1350 log finish

2012-11-07 13:01:05ZArray_Photo Program End

Create log file
2012-11-07 13:03:00ZArray_test_repeat Program Start
2012-11-07 13:03:00ZArray_test_repeat Program End

Create log file
2012-11-07 13:30:00ZARY_HOLD_LOT Program Start
There are lots exceed process time for 24hrs, please check

There are lots exceed process time for 24hrs, please check

There are lots exceed process time for 48hrs, please check

There are lots exceed process time for 24hrs, please check

There are lots exceed process time for 24hrs, please check

There are lots exceed process time for 48hrs, please check

There are lots exceed process time for 24hrs, please check

There are lots exceed process time for 24hrs, please check

There are lots exceed process time for 24hrs, please check

There are lots exceed process time for 48hrs, please check

There are lots exceed process time for 24hrs, please check

There are lots exceed process time for 24hrs, please check

There are lots exceed process time for 48hrs, please check

There are lots exceed process time for 24hrs, please check

There are lots exceed process time for 24hrs, please check

There are lots exceed process time for 48hrs, please check

There are lots exceed process time for 24hrs, please check

There are lots exceed process time for 24hrs, please check

There are lots exceed process time for 48hrs, please check

There are lots exceed process time for 24hrs, please check

There are lots exceed process time for 24hrs, please check

There are lots exceed process time for 48hrs, please check

There are lots exceed process time for 24hrs, please check

There are lots exceed process time for 24hrs, please check

There are lots exceed process time for 48hrs, please check

There are lots exceed process time for 24hrs, please check

There are lots exceed process time for 24hrs, please check

There are lots exceed process time for 48hrs, please check

There are lots exceed process time for 24hrs, please check

There are lots exceed process time for 24hrs, please check

There are lots exceed process time for 48hrs, please check

There are lots exceed process time for 24hrs, please check

There are lots exceed process time for 24hrs, please check

There are lots exceed process time for 48hrs, please check

There are lots exceed process time for 24hrs, please check

There are lots exceed process time for 24hrs, please check

There are lots exceed process time for 48hrs, please check

There are lots exceed process time for 24hrs, please check

There are lots exceed process time for 24hrs, please check

There are lots exceed process time for 48hrs, please check

2012-11-07 13:30:39ZARY_HOLD_LOT Program End

Create log file
2012-11-07 13:41:22Z oee_empaidxsummdaily_purge Program Start
2012-11-07 13:41:22Z oee_empaidxsummdaily_purge Program END 

Create log file
2012-11-07 13:41:52Z oee_empaidxsummhourly_purge Program Start
2012-11-07 13:41:52Z oee_empaidxsummhourly_purge Program END 

Create log file
2012-11-07 13:44:41Z oee_empastcount_purge Program Start
2012-11-07 13:44:41Z oee_empastcount_purge Program END 

Create log file
2012-11-07 13:50:00Z OEE_IS_Hourly_Check_alarm  Program Start
2012-11-07 13:50:00Z OEE_IS_Hourly_Check_alarm  Program END 

Create log file
2012-11-07 13:50:00Z ALCS_Hourly_Check_alarm  Program Start
2012-11-07 13:50:00Z ALCS_Hourly_Check_alarm  Program END 

Create log file
2012-11-07 13:50:01Z SERVER_SELF_CHECK   Program Start
2012-11-07 13:50:01Z SERVER_SELF_CHECK   Program END 

Create log file
2012-11-07 14:01:00ZArray_Photo Program Start
1150 log finish

1350 log finish

2012-11-07 14:01:04ZArray_Photo Program End

Create log file
2012-11-07 14:03:00ZArray_test_repeat Program Start
2012-11-07 14:03:00ZArray_test_repeat Program End

Create log file
2012-11-07 14:41:19Z oee_empaidxsummdaily_purge Program Start
2012-11-07 14:41:19Z oee_empaidxsummdaily_purge Program END 

Create log file
2012-11-07 14:41:47Z oee_empaidxsummhourly_purge Program Start
2012-11-07 14:41:47Z oee_empaidxsummhourly_purge Program END 

Create log file
2012-11-07 14:44:43Z oee_empastcount_purge Program Start
2012-11-07 14:44:43Z oee_empastcount_purge Program END 

Create log file
2012-11-07 14:50:00Z OEE_IS_Hourly_Check_alarm  Program Start
2012-11-07 14:50:00Z OEE_IS_Hourly_Check_alarm  Program END 

Create log file
2012-11-07 14:50:00Z ALCS_Hourly_Check_alarm  Program Start
2012-11-07 14:50:00Z ALCS_Hourly_Check_alarm  Program END 

Create log file
2012-11-07 14:50:01Z SERVER_SELF_CHECK   Program Start
2012-11-07 14:50:01Z SERVER_SELF_CHECK   Program END 

Create log file
2012-11-07 15:01:00ZArray_Photo Program Start
1150 log finish

2012-11-07 15:01:03ZArray_Photo Program End

Create log file
2012-11-07 15:03:00ZArray_test_repeat Program Start
2012-11-07 15:03:00ZArray_test_repeat Program End

Create log file
2012-11-07 15:41:11Z oee_empaidxsummdaily_purge Program Start
2012-11-07 15:41:11Z oee_empaidxsummdaily_purge Program END 

Create log file
2012-11-07 15:41:46Z oee_empaidxsummhourly_purge Program Start
2012-11-07 15:41:46Z oee_empaidxsummhourly_purge Program END 

Create log file
2012-11-07 15:44:47Z oee_empastcount_purge Program Start
2012-11-07 15:44:47Z oee_empastcount_purge Program END 

Create log file
2012-11-07 15:50:00Z OEE_IS_Hourly_Check_alarm  Program Start
2012-11-07 15:50:00Z OEE_IS_Hourly_Check_alarm  Program END 

Create log file
2012-11-07 15:50:00Z ALCS_Hourly_Check_alarm  Program Start
2012-11-07 15:50:00Z ALCS_Hourly_Check_alarm  Program END 

Create log file
2012-11-07 15:50:01Z SERVER_SELF_CHECK   Program Start
2012-11-07 15:50:01Z SERVER_SELF_CHECK   Program END 

Create log file
2012-11-07 16:01:00ZArray_Photo Program Start
1150 log finish

1350 log finish

1450 log finish

2012-11-07 16:01:04ZArray_Photo Program End

Create log file
2012-11-07 16:03:00ZArray_test_repeat Program Start
2012-11-07 16:03:00ZArray_test_repeat Program End

Create log file
2012-11-07 16:41:26Z oee_empaidxsummdaily_purge Program Start
2012-11-07 16:41:26Z oee_empaidxsummdaily_purge Program END 

Create log file
2012-11-07 16:41:44Z oee_empaidxsummhourly_purge Program Start
2012-11-07 16:41:44Z oee_empaidxsummhourly_purge Program END 

Create log file
2012-11-07 16:44:31Z oee_empastcount_purge Program Start
2012-11-07 16:44:31Z oee_empastcount_purge Program END 

Create log file
2012-11-07 16:50:00Z OEE_IS_Hourly_Check_alarm  Program Start
2012-11-07 16:50:00Z OEE_IS_Hourly_Check_alarm  Program END 

Create log file
2012-11-07 16:50:00Z ALCS_Hourly_Check_alarm  Program Start
2012-11-07 16:50:00Z ALCS_Hourly_Check_alarm  Program END 

Create log file
2012-11-07 16:50:01Z SERVER_SELF_CHECK   Program Start
2012-11-07 16:50:01Z SERVER_SELF_CHECK   Program END 

Create log file
2012-11-07 17:01:00ZArray_Photo Program Start
1150 log finish

1450 log finish

2012-11-07 17:01:03ZArray_Photo Program End

Create log file
2012-11-07 17:03:00ZArray_test_repeat Program Start
2012-11-07 17:03:00ZArray_test_repeat Program End

Create log file
2012-11-07 17:30:00ZARY_HOLD_LOT Program Start
There are lots exceed process time for 24hrs, please check

There are lots exceed process time for 24hrs, please check

There are lots exceed process time for 24hrs, please check

There are lots exceed process time for 24hrs, please check

There are lots exceed process time for 24hrs, please check

There are lots exceed process time for 24hrs, please check

There are lots exceed process time for 24hrs, please check

There are lots exceed process time for 24hrs, please check

There are lots exceed process time for 24hrs, please check

There are lots exceed process time for 24hrs, please check

There are lots exceed process time for 24hrs, please check

There are lots exceed process time for 24hrs, please check

There are lots exceed process time for 24hrs, please check

There are lots exceed process time for 24hrs, please check

There are lots exceed process time for 24hrs, please check

2012-11-07 17:30:29ZARY_HOLD_LOT Program End

Create log file
2012-11-07 17:41:16Z oee_empaidxsummdaily_purge Program Start
2012-11-07 17:41:16Z oee_empaidxsummdaily_purge Program END 

Create log file
2012-11-07 17:41:43Z oee_empaidxsummhourly_purge Program Start
2012-11-07 17:41:43Z oee_empaidxsummhourly_purge Program END 

Create log file
2012-11-07 17:44:28Z oee_empastcount_purge Program Start
2012-11-07 17:44:28Z oee_empastcount_purge Program END 

Create log file
2012-11-07 17:50:00Z OEE_IS_Hourly_Check_alarm  Program Start
2012-11-07 17:50:00Z OEE_IS_Hourly_Check_alarm  Program END 

Create log file
2012-11-07 17:50:00Z ALCS_Hourly_Check_alarm  Program Start
2012-11-07 17:50:00Z ALCS_Hourly_Check_alarm  Program END 

Create log file
2012-11-07 17:50:01Z SERVER_SELF_CHECK   Program Start
2012-11-07 17:50:01Z SERVER_SELF_CHECK   Program END 

Create log file
2012-11-07 18:01:00ZArray_Photo Program Start
1150 log finish

1450 log finish

2012-11-07 18:01:03ZArray_Photo Program End

Create log file
2012-11-07 18:03:00ZArray_test_repeat Program Start
2012-11-07 18:03:00ZArray_test_repeat Program End

Create log file
2012-11-07 18:41:19Z oee_empaidxsummdaily_purge Program Start
2012-11-07 18:41:19Z oee_empaidxsummdaily_purge Program END 

Create log file
2012-11-07 18:41:46Z oee_empaidxsummhourly_purge Program Start
2012-11-07 18:41:46Z oee_empaidxsummhourly_purge Program END 

Create log file
2012-11-07 18:44:28Z oee_empastcount_purge Program Start
2012-11-07 18:44:28Z oee_empastcount_purge Program END 

Create log file
2012-11-07 18:50:00Z OEE_IS_Hourly_Check_alarm  Program Start
2012-11-07 18:50:00Z OEE_IS_Hourly_Check_alarm  Program END 

Create log file
2012-11-07 18:50:00Z ALCS_Hourly_Check_alarm  Program Start
2012-11-07 18:50:00Z ALCS_Hourly_Check_alarm  Program END 

Create log file
2012-11-07 18:50:01Z SERVER_SELF_CHECK   Program Start
2012-11-07 18:50:01Z SERVER_SELF_CHECK   Program END 

Create log file
2012-11-07 19:01:00ZArray_Photo Program Start
1150 log finish

2012-11-07 19:01:03ZArray_Photo Program End

Create log file
2012-11-07 19:03:00ZArray_test_repeat Program Start
2012-11-07 19:03:00ZArray_test_repeat Program End

Create log file
2012-11-07 19:41:17Z oee_empaidxsummdaily_purge Program Start
2012-11-07 19:41:17Z oee_empaidxsummdaily_purge Program END 

Create log file
2012-11-07 19:41:40Z oee_empaidxsummhourly_purge Program Start
2012-11-07 19:41:40Z oee_empaidxsummhourly_purge Program END 

Create log file
2012-11-07 19:44:25Z oee_empastcount_purge Program Start
2012-11-07 19:44:25Z oee_empastcount_purge Program END 

Create log file
2012-11-07 19:50:00Z OEE_IS_Hourly_Check_alarm  Program Start
2012-11-07 19:50:00Z OEE_IS_Hourly_Check_alarm  Program END 

Create log file
2012-11-07 19:50:00Z ALCS_Hourly_Check_alarm  Program Start
2012-11-07 19:50:00Z ALCS_Hourly_Check_alarm  Program END 

Create log file
2012-11-07 19:50:04Z SERVER_SELF_CHECK   Program Start
2012-11-07 19:50:04Z SERVER_SELF_CHECK   Program END 

Create log file
2012-11-07 20:01:00ZArray_Photo Program Start
1350 log finish

1650 log finish

2012-11-07 20:01:03ZArray_Photo Program End

Create log file
2012-11-07 20:03:00ZArray_test_repeat Program Start
2012-11-07 20:03:00ZArray_test_repeat Program End

Create log file
2012-11-07 20:41:18Z oee_empaidxsummdaily_purge Program Start
2012-11-07 20:41:18Z oee_empaidxsummdaily_purge Program END 

Create log file
2012-11-07 20:41:47Z oee_empaidxsummhourly_purge Program Start
2012-11-07 20:41:47Z oee_empaidxsummhourly_purge Program END 

Create log file
2012-11-07 20:44:27Z oee_empastcount_purge Program Start
2012-11-07 20:44:27Z oee_empastcount_purge Program END 

Create log file
2012-11-07 20:50:00Z OEE_IS_Hourly_Check_alarm  Program Start
2012-11-07 20:50:00Z OEE_IS_Hourly_Check_alarm  Program END 

Create log file
2012-11-07 20:50:02Z ALCS_Hourly_Check_alarm  Program Start
2012-11-07 20:50:02Z ALCS_Hourly_Check_alarm  Program END 

Create log file
2012-11-07 20:50:03Z SERVER_SELF_CHECK   Program Start
2012-11-07 20:50:03Z SERVER_SELF_CHECK   Program END 

Create log file
2012-11-07 21:01:00ZArray_Photo Program Start
1650 log finish

2012-11-07 21:01:03ZArray_Photo Program End

Create log file
2012-11-07 21:03:00ZArray_test_repeat Program Start
2012-11-07 21:03:00ZArray_test_repeat Program End

Create log file
2012-11-07 21:30:00ZARY_HOLD_LOT Program Start
There are lots exceed process time for 24hrs, please check

There are lots exceed process time for 24hrs, please check

There are lots exceed process time for 24hrs, please check

There are lots exceed process time for 24hrs, please check

There are lots exceed process time for 24hrs, please check

There are lots exceed process time for 24hrs, please check

There are lots exceed process time for 24hrs, please check

There are lots exceed process time for 24hrs, please check

There are lots exceed process time for 24hrs, please check

There are lots exceed process time for 24hrs, please check

There are lots exceed process time for 24hrs, please check

There are lots exceed process time for 24hrs, please check

There are lots exceed process time for 24hrs, please check

There are lots exceed process time for 24hrs, please check

2012-11-07 21:30:32ZARY_HOLD_LOT Program End

Create log file
2012-11-07 21:41:17Z oee_empaidxsummdaily_purge Program Start
2012-11-07 21:41:17Z oee_empaidxsummdaily_purge Program END 

Create log file
2012-11-07 21:41:43Z oee_empaidxsummhourly_purge Program Start
2012-11-07 21:41:43Z oee_empaidxsummhourly_purge Program END 

Create log file
2012-11-07 21:44:25Z oee_empastcount_purge Program Start
2012-11-07 21:44:25Z oee_empastcount_purge Program END 

Create log file
2012-11-07 21:50:00Z OEE_IS_Hourly_Check_alarm  Program Start
2012-11-07 21:50:00Z OEE_IS_Hourly_Check_alarm  Program END 

Create log file
2012-11-07 21:50:00Z ALCS_Hourly_Check_alarm  Program Start
2012-11-07 21:50:00Z ALCS_Hourly_Check_alarm  Program END 

Create log file
2012-11-07 21:50:01Z SERVER_SELF_CHECK   Program Start
2012-11-07 21:50:01Z SERVER_SELF_CHECK   Program END 

Create log file
2012-11-07 22:00:00ZSERVER_SMS_TEST Program Start
SMS log finish

2012-11-07 22:00:00ZSERVER_SMS_TEST Program End

Create log file
2012-11-07 22:01:00ZArray_Photo Program Start
1650 log finish

2012-11-07 22:01:05ZArray_Photo Program End

Create log file
2012-11-07 22:03:00ZArray_test_repeat Program Start
2012-11-07 22:03:00ZArray_test_repeat Program End

Create log file
2012-11-07 22:41:23Z oee_empaidxsummdaily_purge Program Start
2012-11-07 22:41:23Z oee_empaidxsummdaily_purge Program END 

Create log file
2012-11-07 22:41:44Z oee_empaidxsummhourly_purge Program Start
2012-11-07 22:41:44Z oee_empaidxsummhourly_purge Program END 

Create log file
2012-11-07 22:44:30Z oee_empastcount_purge Program Start
2012-11-07 22:44:30Z oee_empastcount_purge Program END 

Create log file
2012-11-07 22:50:00Z OEE_IS_Hourly_Check_alarm  Program Start
2012-11-07 22:50:00Z OEE_IS_Hourly_Check_alarm  Program END 

Create log file
2012-11-07 22:50:01Z PDS_Hourly_Check_Alarm log finish Program Start
2012-11-07 22:50:01Z PDS_Hourly_Check_Alarm log finish Program END 

Create log file
2012-11-07 22:50:01Z ALCS_Hourly_Check_alarm  Program Start
2012-11-07 22:50:01Z ALCS_Hourly_Check_alarm  Program END 

Create log file
2012-11-07 22:50:01Z SERVER_SELF_CHECK   Program Start
2012-11-07 22:50:01Z SERVER_SELF_CHECK   Program END 

Create log file
2012-11-07 23:01:00ZArray_Photo Program Start
1650 log finish

2012-11-07 23:01:03ZArray_Photo Program End

Create log file
2012-11-07 23:03:00ZArray_test_repeat Program Start
2012-11-07 23:03:00ZArray_test_repeat Program End

Create log file
2012-11-07 23:41:19Z oee_empaidxsummdaily_purge Program Start
2012-11-07 23:41:19Z oee_empaidxsummdaily_purge Program END 

Create log file
2012-11-07 23:41:42Z oee_empaidxsummhourly_purge Program Start
2012-11-07 23:41:42Z oee_empaidxsummhourly_purge Program END 

Create log file
2012-11-07 23:44:41Z oee_empastcount_purge Program Start
2012-11-07 23:44:41Z oee_empastcount_purge Program END 

Create log file
2012-11-07 23:50:00Z OEE_IS_Hourly_Check_alarm  Program Start
2012-11-07 23:50:00Z OEE_IS_Hourly_Check_alarm  Program END 

Create log file
2012-11-07 23:50:01Z ALCS_Hourly_Check_alarm  Program Start
2012-11-07 23:50:01Z ALCS_Hourly_Check_alarm  Program END 

Create log file
2012-11-07 23:50:01Z SERVER_SELF_CHECK   Program Start
2012-11-07 23:50:01Z SERVER_SELF_CHECK   Program END 

Create log file
2012-11-07 23:50:02Z SERVER_SELF_CHECK Program Start
SMS log finish

2012-11-07 23:50:02Z SERVER_SELF_CHECK Program End

