Create log file
2012-10-12 00:01:00ZArray_Photo Program Start
1250 log finish

2012-10-12 00:01:03ZArray_Photo Program End

Create log file
2012-10-12 00:03:00ZArray_test_repeat Program Start
2012-10-12 00:03:00ZArray_test_repeat Program End

Create log file
2012-10-12 00:10:00Z T0T1 InnoView Add User Program Start
2012-10-12 00:10:00Z T0T1 InnoView Add User Program END 

Create log file
2012-10-12 00:20:13Z VPNLOG_PARSER Program Start
2012-10-12 00:20:13Z VPNLOG_PARSER Program END 

Create log file
2012-10-12 00:30:00Z T0/T1 RealTimeDept Program Start
2012-10-12 00:30:00Z T0/T1 RealTimeDept Program END 

Create log file
2012-10-12 00:41:42Z oee_empaidxsummdaily_purge Program Start
2012-10-12 00:41:42Z oee_empaidxsummdaily_purge Program END 

Create log file
2012-10-12 00:42:26Z oee_empaidxsummhourly_purge Program Start
2012-10-12 00:42:26Z oee_empaidxsummhourly_purge Program END 

Create log file
2012-10-12 00:46:22Z oee_empastcount_purge Program Start
2012-10-12 00:46:22Z oee_empastcount_purge Program END 

Create log file
2012-10-12 00:50:00Z OEE_IS_Hourly_Check_alarm  Program Start
2012-10-12 00:50:00Z OEE_IS_Hourly_Check_alarm  Program END 

Create log file
2012-10-12 00:50:00Z ALCS_Hourly_Check_alarm  Program Start
2012-10-12 00:50:00Z ALCS_Hourly_Check_alarm  Program END 

Create log file
2012-10-12 00:50:03Z SERVER_SELF_CHECK   Program Start
2012-10-12 00:50:03Z SERVER_SELF_CHECK   Program END 

Create log file
2012-10-12 01:01:00ZArray_Photo Program Start
1250 log finish

1450 log finish

2012-10-12 01:01:04ZArray_Photo Program End

Create log file
2012-10-12 01:03:00ZArray_test_repeat Program Start
2012-10-12 01:03:02ZArray_test_repeat Program End

Create log file
2012-10-12 01:30:00ZARY_HOLD_LOT Program Start
There are lots exceed process time for 24hrs, please check

There are lots exceed process time for 24hrs, please check

There are lots exceed process time for 24hrs, please check

There are lots exceed process time for 24hrs, please check

There are lots exceed process time for 24hrs, please check

There are lots exceed process time for 24hrs, please check

There are lots exceed process time for 24hrs, please check

There are lots exceed process time for 24hrs, please check

There are lots exceed process time for 24hrs, please check

There are lots exceed process time for 24hrs, please check

There are lots exceed process time for 24hrs, please check

There are lots exceed process time for 24hrs, please check

There are lots exceed process time for 24hrs, please check

There are lots exceed process time for 24hrs, please check

There are lots exceed process time for 24hrs, please check

There are lots exceed process time for 24hrs, please check

There are lots exceed process time for 24hrs, please check

2012-10-12 01:30:24ZARY_HOLD_LOT Program End

Create log file
2012-10-12 01:41:16Z oee_empaidxsummdaily_purge Program Start
2012-10-12 01:41:16Z oee_empaidxsummdaily_purge Program END 

Create log file
2012-10-12 01:42:15Z oee_empaidxsummhourly_purge Program Start
2012-10-12 01:42:15Z oee_empaidxsummhourly_purge Program END 

Create log file
2012-10-12 01:44:23Z oee_empastcount_purge Program Start
2012-10-12 01:44:23Z oee_empastcount_purge Program END 

Create log file
2012-10-12 01:50:00Z OEE_IS_Hourly_Check_alarm  Program Start
2012-10-12 01:50:00Z OEE_IS_Hourly_Check_alarm  Program END 

Create log file
2012-10-12 01:50:00Z ALCS_Hourly_Check_alarm  Program Start
2012-10-12 01:50:00Z ALCS_Hourly_Check_alarm  Program END 

Create log file
2012-10-12 01:50:04Z SERVER_SELF_CHECK   Program Start
2012-10-12 01:50:04Z SERVER_SELF_CHECK   Program END 

Create log file
2012-10-12 02:01:00ZArray_Photo Program Start
1450 log finish

2012-10-12 02:01:03ZArray_Photo Program End

Create log file
2012-10-12 02:03:00ZArray_test_repeat Program Start
2012-10-12 02:03:00ZArray_test_repeat Program End

Create log file
2012-10-12 02:41:15Z oee_empaidxsummdaily_purge Program Start
2012-10-12 02:41:15Z oee_empaidxsummdaily_purge Program END 

Create log file
2012-10-12 02:42:11Z oee_empaidxsummhourly_purge Program Start
2012-10-12 02:42:11Z oee_empaidxsummhourly_purge Program END 

Create log file
2012-10-12 02:44:23Z oee_empastcount_purge Program Start
2012-10-12 02:44:23Z oee_empastcount_purge Program END 

Create log file
2012-10-12 02:50:00Z OEE_IS_Hourly_Check_alarm  Program Start
2012-10-12 02:50:00Z OEE_IS_Hourly_Check_alarm  Program END 

Create log file
2012-10-12 02:50:00Z ALCS_Hourly_Check_alarm  Program Start
2012-10-12 02:50:00Z ALCS_Hourly_Check_alarm  Program END 

Create log file
2012-10-12 02:50:01Z SERVER_SELF_CHECK   Program Start
2012-10-12 02:50:01Z SERVER_SELF_CHECK   Program END 

Create log file
2012-10-12 03:01:00ZArray_Photo Program Start
1250 log finish

2012-10-12 03:01:02ZArray_Photo Program End

Create log file
2012-10-12 03:03:00ZArray_test_repeat Program Start
2012-10-12 03:03:01ZArray_test_repeat Program End

Create log file
2012-10-12 03:41:14Z oee_empaidxsummdaily_purge Program Start
2012-10-12 03:41:14Z oee_empaidxsummdaily_purge Program END 

Create log file
2012-10-12 03:42:11Z oee_empaidxsummhourly_purge Program Start
2012-10-12 03:42:11Z oee_empaidxsummhourly_purge Program END 

Create log file
2012-10-12 03:44:17Z oee_empastcount_purge Program Start
2012-10-12 03:44:17Z oee_empastcount_purge Program END 

Create log file
2012-10-12 03:50:00Z OEE_IS_Hourly_Check_alarm  Program Start
2012-10-12 03:50:00Z OEE_IS_Hourly_Check_alarm  Program END 

Create log file
2012-10-12 03:50:00Z ALCS_Hourly_Check_alarm  Program Start
2012-10-12 03:50:00Z ALCS_Hourly_Check_alarm  Program END 

Create log file
2012-10-12 03:50:01Z SERVER_SELF_CHECK   Program Start
2012-10-12 03:50:01Z SERVER_SELF_CHECK   Program END 

Create log file
2012-10-12 04:01:00ZArray_Photo Program Start
2012-10-12 04:01:02ZArray_Photo Program End

Create log file
2012-10-12 04:03:00ZArray_test_repeat Program Start
2012-10-12 04:03:00ZArray_test_repeat Program End

Create log file
2012-10-12 04:41:20Z oee_empaidxsummdaily_purge Program Start
2012-10-12 04:41:20Z oee_empaidxsummdaily_purge Program END 

Create log file
2012-10-12 04:42:17Z oee_empaidxsummhourly_purge Program Start
2012-10-12 04:42:17Z oee_empaidxsummhourly_purge Program END 

Create log file
2012-10-12 04:44:23Z oee_empastcount_purge Program Start
2012-10-12 04:44:23Z oee_empastcount_purge Program END 

Create log file
2012-10-12 04:50:00Z OEE_IS_Hourly_Check_alarm  Program Start
2012-10-12 04:50:00Z OEE_IS_Hourly_Check_alarm  Program END 

Create log file
2012-10-12 04:50:00Z ALCS_Hourly_Check_alarm  Program Start
2012-10-12 04:50:00Z ALCS_Hourly_Check_alarm  Program END 

Create log file
2012-10-12 04:50:01Z SERVER_SELF_CHECK   Program Start
2012-10-12 04:50:01Z SERVER_SELF_CHECK   Program END 

Create log file
2012-10-12 05:01:00ZArray_Photo Program Start
2012-10-12 05:01:03ZArray_Photo Program End

Create log file
2012-10-12 05:03:00ZArray_test_repeat Program Start
2012-10-12 05:03:01ZArray_test_repeat Program End

Create log file
2012-10-12 05:30:00ZARY_HOLD_LOT Program Start
There are lots exceed process time for 24hrs, please check

There are lots exceed process time for 24hrs, please check

There are lots exceed process time for 24hrs, please check

There are lots exceed process time for 24hrs, please check

There are lots exceed process time for 24hrs, please check

There are lots exceed process time for 24hrs, please check

There are lots exceed process time for 24hrs, please check

There are lots exceed process time for 24hrs, please check

There are lots exceed process time for 24hrs, please check

There are lots exceed process time for 24hrs, please check

There are lots exceed process time for 24hrs, please check

There are lots exceed process time for 24hrs, please check

There are lots exceed process time for 24hrs, please check

There are lots exceed process time for 24hrs, please check

There are lots exceed process time for 24hrs, please check

There are lots exceed process time for 24hrs, please check

There are lots exceed process time for 24hrs, please check

2012-10-12 05:30:13ZARY_HOLD_LOT Program End

Create log file
2012-10-12 05:41:24Z oee_empaidxsummdaily_purge Program Start
2012-10-12 05:41:24Z oee_empaidxsummdaily_purge Program END 

Create log file
2012-10-12 05:42:16Z oee_empaidxsummhourly_purge Program Start
2012-10-12 05:42:16Z oee_empaidxsummhourly_purge Program END 

Create log file
2012-10-12 05:44:19Z oee_empastcount_purge Program Start
2012-10-12 05:44:19Z oee_empastcount_purge Program END 

Create log file
2012-10-12 05:50:00Z OEE_IS_Hourly_Check_alarm  Program Start
2012-10-12 05:50:00Z OEE_IS_Hourly_Check_alarm  Program END 

Create log file
2012-10-12 05:50:00Z ALCS_Hourly_Check_alarm  Program Start
2012-10-12 05:50:00Z ALCS_Hourly_Check_alarm  Program END 

Create log file
2012-10-12 05:50:01Z SERVER_SELF_CHECK   Program Start
2012-10-12 05:50:01Z SERVER_SELF_CHECK   Program END 

Create log file
2012-10-12 06:01:00ZArray_Photo Program Start
2012-10-12 06:01:02ZArray_Photo Program End

Create log file
2012-10-12 06:03:00ZArray_test_repeat Program Start
2012-10-12 06:03:00ZArray_test_repeat Program End

Create log file
2012-10-12 06:41:17Z oee_empaidxsummdaily_purge Program Start
2012-10-12 06:41:17Z oee_empaidxsummdaily_purge Program END 

Create log file
2012-10-12 06:42:09Z oee_empaidxsummhourly_purge Program Start
2012-10-12 06:42:09Z oee_empaidxsummhourly_purge Program END 

Create log file
2012-10-12 06:44:15Z oee_empastcount_purge Program Start
2012-10-12 06:44:15Z oee_empastcount_purge Program END 

Create log file
2012-10-12 06:50:00Z OEE_IS_Hourly_Check_alarm  Program Start
2012-10-12 06:50:00Z OEE_IS_Hourly_Check_alarm  Program END 

Create log file
2012-10-12 06:50:39Z ODS_Recover_Lot 142 Lots Program Start
2012-10-12 06:50:39Z ODS_Recover_Lot 142 Lots Program END 

Create log file
2012-10-12 06:51:00Z ALCS_Hourly_Check_alarm  Program Start
2012-10-12 06:51:00Z ALCS_Hourly_Check_alarm  Program END 

Create log file
2012-10-12 06:51:01Z SERVER_SELF_CHECK   Program Start
2012-10-12 06:51:01Z SERVER_SELF_CHECK   Program END 

Create log file
2012-10-12 07:01:00ZArray_Photo Program Start
2012-10-12 07:01:03ZArray_Photo Program End

Create log file
2012-10-12 07:03:00ZArray_test_repeat Program Start
2012-10-12 07:03:00ZArray_test_repeat Program End

Create log file
2012-10-12 07:32:05Z OEELH_fixed_data_Daily Program Start
2012-10-12 07:32:05Z OEELH_fixed_data_Daily Program END 

Create log file
2012-10-12 07:41:23Z oee_empaidxsummdaily_purge Program Start
2012-10-12 07:41:23Z oee_empaidxsummdaily_purge Program END 

Create log file
2012-10-12 07:42:25Z oee_empaidxsummhourly_purge Program Start
2012-10-12 07:42:25Z oee_empaidxsummhourly_purge Program END 

Create log file
2012-10-12 07:44:28Z oee_empastcount_purge Program Start
2012-10-12 07:44:28Z oee_empastcount_purge Program END 

Create log file
2012-10-12 07:50:11Z OEE_IS_Hourly_Check_alarm  Program Start
2012-10-12 07:50:11Z OEE_IS_Hourly_Check_alarm  Program END 

Create log file
2012-10-12 07:50:11Z ALCS_Hourly_Check_alarm  Program Start
2012-10-12 07:50:11Z ALCS_Hourly_Check_alarm  Program END 

Create log file
2012-10-12 07:50:15Z SERVER_SELF_CHECK   Program Start
2012-10-12 07:50:15Z SERVER_SELF_CHECK   Program END 

Create log file
2012-10-12 08:00:00Z Check_Onduty_Time From Onduty_dotnet2  Program Start
2012-10-12 08:00:00Z Check_Onduty_Time From Onduty_dotnet2  Program END 

Create log file
2012-10-12 08:01:00ZArray_Photo Program Start
2012-10-12 08:01:06ZArray_Photo Program End

Create log file
2012-10-12 08:03:00ZArray_test_repeat Program Start
2012-10-12 08:03:00ZArray_test_repeat Program End

Create log file
2012-10-12 08:30:00ZHoliday_inout_SMS Program Start
2012-10-12 08:30:00ZHoliday_Inout_SMS Program End

Create log file
2012-10-12 08:32:01ZOEE_EQP_SMS Program Start
2012-10-12 08:32:47ZOEE_EQP_SMS Program End

Create log file
2012-10-12 08:41:04Z oee_empaidxsummdaily_purge Program Start
2012-10-12 08:41:04Z oee_empaidxsummdaily_purge Program END 

Create log file
2012-10-12 08:42:15Z oee_empaidxsummhourly_purge Program Start
2012-10-12 08:42:15Z oee_empaidxsummhourly_purge Program END 

Create log file
2012-10-12 08:44:21Z oee_empastcount_purge Program Start
2012-10-12 08:44:21Z oee_empastcount_purge Program END 

Create log file
2012-10-12 08:45:00ZHoliday_inout_SMS_For_C2 Program Start
2012-10-12 08:45:07ZHoliday_Inout_SMS_For_C2 Program End

Create log file
2012-10-12 08:50:00Z OEE_IS_Hourly_Check_alarm  Program Start
2012-10-12 08:50:00Z OEE_IS_Hourly_Check_alarm  Program END 

Create log file
2012-10-12 08:50:04Z ALCS_Hourly_Check_alarm  Program Start
2012-10-12 08:50:04Z ALCS_Hourly_Check_alarm  Program END 

Create log file
2012-10-12 08:50:04Z SERVER_SELF_CHECK   Program Start
2012-10-12 08:50:04Z SERVER_SELF_CHECK   Program END 

Create log file
2012-10-12 09:01:03ZArray_Photo Program Start
2012-10-12 09:01:06ZArray_Photo Program End

Create log file
2012-10-12 09:03:00ZArray_test_repeat Program Start
2012-10-12 09:03:00ZArray_test_repeat Program End

Create log file
2012-10-12 09:30:01ZARY_HOLD_LOT Program Start
There are lots exceed process time for 24hrs, please check

There are lots exceed process time for 24hrs, please check

There are lots exceed process time for 24hrs, please check

There are lots exceed process time for 24hrs, please check

There are lots exceed process time for 24hrs, please check

There are lots exceed process time for 24hrs, please check

There are lots exceed process time for 24hrs, please check

There are lots exceed process time for 24hrs, please check

There are lots exceed process time for 24hrs, please check

There are lots exceed process time for 24hrs, please check

There are lots exceed process time for 24hrs, please check

There are lots exceed process time for 24hrs, please check

There are lots exceed process time for 24hrs, please check

There are lots exceed process time for 24hrs, please check

There are lots exceed process time for 24hrs, please check

There are lots exceed process time for 24hrs, please check

There are lots exceed process time for 24hrs, please check

There are lots exceed process time for 24hrs, please check

2012-10-12 09:30:24ZARY_HOLD_LOT Program End

Create log file
2012-10-12 09:41:17Z oee_empaidxsummdaily_purge Program Start
2012-10-12 09:41:17Z oee_empaidxsummdaily_purge Program END 

Create log file
2012-10-12 09:42:20Z oee_empaidxsummhourly_purge Program Start
2012-10-12 09:42:20Z oee_empaidxsummhourly_purge Program END 

Create log file
2012-10-12 09:44:27Z oee_empastcount_purge Program Start
2012-10-12 09:44:27Z oee_empastcount_purge Program END 

Create log file
2012-10-12 09:50:00Z OEE_IS_Hourly_Check_alarm  Program Start
2012-10-12 09:50:00Z OEE_IS_Hourly_Check_alarm  Program END 

Create log file
2012-10-12 09:50:00Z ALCS_Hourly_Check_alarm  Program Start
2012-10-12 09:50:00Z ALCS_Hourly_Check_alarm  Program END 

Create log file
2012-10-12 09:50:02Z SERVER_SELF_CHECK   Program Start
2012-10-12 09:50:02Z SERVER_SELF_CHECK   Program END 

Create log file
2012-10-12 10:01:00ZArray_Photo Program Start
2012-10-12 10:01:02ZArray_Photo Program End

Create log file
2012-10-12 10:03:00ZArray_test_repeat Program Start
2012-10-12 10:03:00ZArray_test_repeat Program End

Create log file
2012-10-12 10:41:11Z oee_empaidxsummdaily_purge Program Start
2012-10-12 10:41:11Z oee_empaidxsummdaily_purge Program END 

Create log file
2012-10-12 10:42:10Z oee_empaidxsummhourly_purge Program Start
2012-10-12 10:42:10Z oee_empaidxsummhourly_purge Program END 

Create log file
2012-10-12 10:44:20Z oee_empastcount_purge Program Start
2012-10-12 10:44:20Z oee_empastcount_purge Program END 

Create log file
2012-10-12 10:50:00Z OEE_IS_Hourly_Check_alarm  Program Start
2012-10-12 10:50:00Z OEE_IS_Hourly_Check_alarm  Program END 

Create log file
2012-10-12 10:50:01Z ALCS_Hourly_Check_alarm  Program Start
2012-10-12 10:50:01Z ALCS_Hourly_Check_alarm  Program END 

Create log file
2012-10-12 10:50:03Z SERVER_SELF_CHECK   Program Start
2012-10-12 10:50:03Z SERVER_SELF_CHECK   Program END 

Create log file
2012-10-12 11:01:00ZArray_Photo Program Start
2012-10-12 11:01:02ZArray_Photo Program End

Create log file
2012-10-12 11:03:00ZArray_test_repeat Program Start
2012-10-12 11:03:00ZArray_test_repeat Program End

Create log file
2012-10-12 11:40:00Z T1OEE Purge Program Start
2012-10-12 11:40:00Z T1OEE Purge Program END 

Create log file
2012-10-12 11:41:24Z oee_empaidxsummdaily_purge Program Start
2012-10-12 11:41:24Z oee_empaidxsummdaily_purge Program END 

Create log file
2012-10-12 11:42:16Z oee_empaidxsummhourly_purge Program Start
2012-10-12 11:42:16Z oee_empaidxsummhourly_purge Program END 

Create log file
2012-10-12 11:44:36Z oee_empastcount_purge Program Start
2012-10-12 11:44:36Z oee_empastcount_purge Program END 

Create log file
2012-10-12 11:50:00Z OEE_IS_Hourly_Check_alarm  Program Start
2012-10-12 11:50:00Z OEE_IS_Hourly_Check_alarm  Program END 

Create log file
2012-10-12 11:50:00Z ALCS_Hourly_Check_alarm  Program Start
2012-10-12 11:50:00Z ALCS_Hourly_Check_alarm  Program END 

Create log file
2012-10-12 11:50:01Z SERVER_SELF_CHECK   Program Start
2012-10-12 11:50:01Z SERVER_SELF_CHECK   Program END 

Create log file
2012-10-12 12:01:00ZArray_Photo Program Start
2012-10-12 12:01:02ZArray_Photo Program End

Create log file
2012-10-12 12:03:00ZArray_test_repeat Program Start
2012-10-12 12:03:00ZArray_test_repeat Program End

Create log file
2012-10-12 12:41:17Z oee_empaidxsummdaily_purge Program Start
2012-10-12 12:41:17Z oee_empaidxsummdaily_purge Program END 

Create log file
2012-10-12 12:42:13Z oee_empaidxsummhourly_purge Program Start
2012-10-12 12:42:13Z oee_empaidxsummhourly_purge Program END 

Create log file
2012-10-12 12:44:28Z oee_empastcount_purge Program Start
2012-10-12 12:44:28Z oee_empastcount_purge Program END 

Create log file
2012-10-12 12:50:00Z OEE_IS_Hourly_Check_alarm  Program Start
2012-10-12 12:50:00Z OEE_IS_Hourly_Check_alarm  Program END 

Create log file
2012-10-12 12:50:00Z ALCS_Hourly_Check_alarm  Program Start
2012-10-12 12:50:00Z ALCS_Hourly_Check_alarm  Program END 

Create log file
2012-10-12 12:50:01Z SERVER_SELF_CHECK   Program Start
2012-10-12 12:50:01Z SERVER_SELF_CHECK   Program END 

Create log file
2012-10-12 13:01:00ZArray_Photo Program Start
2012-10-12 13:01:02ZArray_Photo Program End

Create log file
2012-10-12 13:03:00ZArray_test_repeat Program Start
2012-10-12 13:03:00ZArray_test_repeat Program End

Create log file
2012-10-12 13:30:00ZARY_HOLD_LOT Program Start
There are lots exceed process time for 24hrs, please check

There are lots exceed process time for 24hrs, please check

There are lots exceed process time for 48hrs, please check

There are lots exceed process time for 24hrs, please check

There are lots exceed process time for 24hrs, please check

There are lots exceed process time for 24hrs, please check

There are lots exceed process time for 48hrs, please check

There are lots exceed process time for 24hrs, please check

There are lots exceed process time for 24hrs, please check

There are lots exceed process time for 48hrs, please check

There are lots exceed process time for 24hrs, please check

There are lots exceed process time for 24hrs, please check

There are lots exceed process time for 48hrs, please check

There are lots exceed process time for 24hrs, please check

There are lots exceed process time for 24hrs, please check

There are lots exceed process time for 48hrs, please check

There are lots exceed process time for 24hrs, please check

There are lots exceed process time for 24hrs, please check

There are lots exceed process time for 48hrs, please check

There are lots exceed process time for 24hrs, please check

There are lots exceed process time for 24hrs, please check

There are lots exceed process time for 48hrs, please check

There are lots exceed process time for 24hrs, please check

There are lots exceed process time for 24hrs, please check

There are lots exceed process time for 48hrs, please check

There are lots exceed process time for 24hrs, please check

There are lots exceed process time for 24hrs, please check

There are lots exceed process time for 48hrs, please check

There are lots exceed process time for 24hrs, please check

There are lots exceed process time for 24hrs, please check

There are lots exceed process time for 48hrs, please check

There are lots exceed process time for 24hrs, please check

There are lots exceed process time for 24hrs, please check

There are lots exceed process time for 48hrs, please check

There are lots exceed process time for 24hrs, please check

There are lots exceed process time for 24hrs, please check

There are lots exceed process time for 24hrs, please check

There are lots exceed process time for 24hrs, please check

There are lots exceed process time for 48hrs, please check

There are lots exceed process time for 24hrs, please check

There are lots exceed process time for 24hrs, please check

There are lots exceed process time for 24hrs, please check

There are lots exceed process time for 24hrs, please check

There are lots exceed process time for 48hrs, please check

2012-10-12 13:30:19ZARY_HOLD_LOT Program End

Create log file
2012-10-12 13:41:15Z oee_empaidxsummdaily_purge Program Start
2012-10-12 13:41:15Z oee_empaidxsummdaily_purge Program END 

Create log file
2012-10-12 13:41:42Z oee_empaidxsummhourly_purge Program Start
2012-10-12 13:41:42Z oee_empaidxsummhourly_purge Program END 

Create log file
2012-10-12 13:44:22Z oee_empastcount_purge Program Start
2012-10-12 13:44:22Z oee_empastcount_purge Program END 

Create log file
2012-10-12 13:50:00Z OEE_IS_Hourly_Check_alarm  Program Start
2012-10-12 13:50:00Z OEE_IS_Hourly_Check_alarm  Program END 

Create log file
2012-10-12 13:50:01Z ALCS_Hourly_Check_alarm  Program Start
2012-10-12 13:50:01Z ALCS_Hourly_Check_alarm  Program END 

Create log file
2012-10-12 13:50:01Z SERVER_SELF_CHECK   Program Start
2012-10-12 13:50:01Z SERVER_SELF_CHECK   Program END 

Create log file
2012-10-12 14:01:00ZArray_Photo Program Start
2012-10-12 14:01:02ZArray_Photo Program End

Create log file
2012-10-12 14:03:00ZArray_test_repeat Program Start
2012-10-12 14:03:00ZArray_test_repeat Program End

Create log file
2012-10-12 14:41:15Z oee_empaidxsummdaily_purge Program Start
2012-10-12 14:41:15Z oee_empaidxsummdaily_purge Program END 

Create log file
2012-10-12 14:41:39Z oee_empaidxsummhourly_purge Program Start
2012-10-12 14:41:39Z oee_empaidxsummhourly_purge Program END 

Create log file
2012-10-12 14:44:16Z oee_empastcount_purge Program Start
2012-10-12 14:44:16Z oee_empastcount_purge Program END 

Create log file
2012-10-12 14:50:00Z OEE_IS_Hourly_Check_alarm  Program Start
2012-10-12 14:50:00Z OEE_IS_Hourly_Check_alarm  Program END 

Create log file
2012-10-12 14:50:00Z ALCS_Hourly_Check_alarm  Program Start
2012-10-12 14:50:00Z ALCS_Hourly_Check_alarm  Program END 

Create log file
2012-10-12 14:50:01Z SERVER_SELF_CHECK   Program Start
2012-10-12 14:50:01Z SERVER_SELF_CHECK   Program END 

Create log file
2012-10-12 15:01:01ZArray_Photo Program Start
2012-10-12 15:01:04ZArray_Photo Program End

Create log file
2012-10-12 15:03:00ZArray_test_repeat Program Start
2012-10-12 15:03:00ZArray_test_repeat Program End

Create log file
2012-10-12 15:41:16Z oee_empaidxsummdaily_purge Program Start
2012-10-12 15:41:16Z oee_empaidxsummdaily_purge Program END 

Create log file
2012-10-12 15:41:41Z oee_empaidxsummhourly_purge Program Start
2012-10-12 15:41:41Z oee_empaidxsummhourly_purge Program END 

Create log file
2012-10-12 15:44:20Z oee_empastcount_purge Program Start
2012-10-12 15:44:20Z oee_empastcount_purge Program END 

Create log file
2012-10-12 15:50:00Z OEE_IS_Hourly_Check_alarm  Program Start
2012-10-12 15:50:00Z OEE_IS_Hourly_Check_alarm  Program END 

Create log file
2012-10-12 15:50:00Z ALCS_Hourly_Check_alarm  Program Start
2012-10-12 15:50:00Z ALCS_Hourly_Check_alarm  Program END 

Create log file
2012-10-12 15:50:01Z SERVER_SELF_CHECK   Program Start
2012-10-12 15:50:01Z SERVER_SELF_CHECK   Program END 

Create log file
2012-10-12 16:01:00ZArray_Photo Program Start
2012-10-12 16:01:02ZArray_Photo Program End

Create log file
2012-10-12 16:03:00ZArray_test_repeat Program Start
2012-10-12 16:03:00ZArray_test_repeat Program End

Create log file
2012-10-12 16:41:04Z oee_empaidxsummdaily_purge Program Start
2012-10-12 16:41:04Z oee_empaidxsummdaily_purge Program END 

Create log file
2012-10-12 16:41:34Z oee_empaidxsummhourly_purge Program Start
2012-10-12 16:41:34Z oee_empaidxsummhourly_purge Program END 

Create log file
2012-10-12 16:44:18Z oee_empastcount_purge Program Start
2012-10-12 16:44:18Z oee_empastcount_purge Program END 

Create log file
2012-10-12 16:50:00Z OEE_IS_Hourly_Check_alarm  Program Start
2012-10-12 16:50:00Z OEE_IS_Hourly_Check_alarm  Program END 

Create log file
2012-10-12 16:50:00Z ALCS_Hourly_Check_alarm  Program Start
2012-10-12 16:50:00Z ALCS_Hourly_Check_alarm  Program END 

Create log file
2012-10-12 16:50:01Z SERVER_SELF_CHECK   Program Start
2012-10-12 16:50:01Z SERVER_SELF_CHECK   Program END 

Create log file
2012-10-12 17:01:00ZArray_Photo Program Start
2012-10-12 17:01:03ZArray_Photo Program End

Create log file
2012-10-12 17:03:00ZArray_test_repeat Program Start
2012-10-12 17:03:00ZArray_test_repeat Program End

Create log file
2012-10-12 17:30:00ZARY_HOLD_LOT Program Start
There are lots exceed process time for 24hrs, please check

There are lots exceed process time for 24hrs, please check

There are lots exceed process time for 24hrs, please check

There are lots exceed process time for 24hrs, please check

There are lots exceed process time for 24hrs, please check

There are lots exceed process time for 24hrs, please check

There are lots exceed process time for 24hrs, please check

There are lots exceed process time for 24hrs, please check

There are lots exceed process time for 24hrs, please check

There are lots exceed process time for 24hrs, please check

There are lots exceed process time for 24hrs, please check

There are lots exceed process time for 24hrs, please check

There are lots exceed process time for 24hrs, please check

There are lots exceed process time for 24hrs, please check

There are lots exceed process time for 24hrs, please check

There are lots exceed process time for 24hrs, please check

2012-10-12 17:30:20ZARY_HOLD_LOT Program End

Create log file
2012-10-12 17:41:18Z oee_empaidxsummdaily_purge Program Start
2012-10-12 17:41:18Z oee_empaidxsummdaily_purge Program END 

Create log file
2012-10-12 17:41:39Z oee_empaidxsummhourly_purge Program Start
2012-10-12 17:41:39Z oee_empaidxsummhourly_purge Program END 

Create log file
2012-10-12 17:44:18Z oee_empastcount_purge Program Start
2012-10-12 17:44:18Z oee_empastcount_purge Program END 

Create log file
2012-10-12 17:50:00Z OEE_IS_Hourly_Check_alarm  Program Start
2012-10-12 17:50:00Z OEE_IS_Hourly_Check_alarm  Program END 

Create log file
2012-10-12 17:50:00Z ALCS_Hourly_Check_alarm  Program Start
2012-10-12 17:50:00Z ALCS_Hourly_Check_alarm  Program END 

Create log file
2012-10-12 17:50:01Z SERVER_SELF_CHECK   Program Start
2012-10-12 17:50:01Z SERVER_SELF_CHECK   Program END 

Create log file
2012-10-12 18:01:00ZArray_Photo Program Start
2012-10-12 18:01:03ZArray_Photo Program End

Create log file
2012-10-12 18:03:00ZArray_test_repeat Program Start
2012-10-12 18:03:00ZArray_test_repeat Program End

Create log file
2012-10-12 18:41:17Z oee_empaidxsummdaily_purge Program Start
2012-10-12 18:41:17Z oee_empaidxsummdaily_purge Program END 

Create log file
2012-10-12 18:41:44Z oee_empaidxsummhourly_purge Program Start
2012-10-12 18:41:44Z oee_empaidxsummhourly_purge Program END 

Create log file
2012-10-12 18:44:21Z oee_empastcount_purge Program Start
2012-10-12 18:44:21Z oee_empastcount_purge Program END 

Create log file
2012-10-12 18:50:00Z OEE_IS_Hourly_Check_alarm  Program Start
2012-10-12 18:50:00Z OEE_IS_Hourly_Check_alarm  Program END 

Create log file
2012-10-12 18:50:01Z ALCS_Hourly_Check_alarm  Program Start
2012-10-12 18:50:01Z ALCS_Hourly_Check_alarm  Program END 

Create log file
2012-10-12 18:50:02Z SERVER_SELF_CHECK   Program Start
2012-10-12 18:50:02Z SERVER_SELF_CHECK   Program END 

Create log file
2012-10-12 19:01:00ZArray_Photo Program Start
2012-10-12 19:01:03ZArray_Photo Program End

Create log file
2012-10-12 19:03:00ZArray_test_repeat Program Start
2012-10-12 19:03:01ZArray_test_repeat Program End

Create log file
2012-10-12 19:41:18Z oee_empaidxsummdaily_purge Program Start
2012-10-12 19:41:18Z oee_empaidxsummdaily_purge Program END 

Create log file
2012-10-12 19:41:40Z oee_empaidxsummhourly_purge Program Start
2012-10-12 19:41:40Z oee_empaidxsummhourly_purge Program END 

Create log file
2012-10-12 19:44:26Z oee_empastcount_purge Program Start
2012-10-12 19:44:26Z oee_empastcount_purge Program END 

Create log file
2012-10-12 19:50:00Z OEE_IS_Hourly_Check_alarm  Program Start
2012-10-12 19:50:00Z OEE_IS_Hourly_Check_alarm  Program END 

Create log file
2012-10-12 19:50:00Z ALCS_Hourly_Check_alarm  Program Start
2012-10-12 19:50:00Z ALCS_Hourly_Check_alarm  Program END 

Create log file
2012-10-12 19:50:02Z SERVER_SELF_CHECK   Program Start
2012-10-12 19:50:02Z SERVER_SELF_CHECK   Program END 

Create log file
2012-10-12 20:01:00ZArray_Photo Program Start
1250 log finish

2012-10-12 20:01:03ZArray_Photo Program End

Create log file
2012-10-12 20:03:00ZArray_test_repeat Program Start
2012-10-12 20:03:00ZArray_test_repeat Program End

Create log file
2012-10-12 20:41:19Z oee_empaidxsummdaily_purge Program Start
2012-10-12 20:41:19Z oee_empaidxsummdaily_purge Program END 

Create log file
2012-10-12 20:41:42Z oee_empaidxsummhourly_purge Program Start
2012-10-12 20:41:42Z oee_empaidxsummhourly_purge Program END 

Create log file
2012-10-12 20:44:21Z oee_empastcount_purge Program Start
2012-10-12 20:44:21Z oee_empastcount_purge Program END 

Create log file
2012-10-12 20:50:00Z OEE_IS_Hourly_Check_alarm  Program Start
2012-10-12 20:50:00Z OEE_IS_Hourly_Check_alarm  Program END 

Create log file
2012-10-12 20:50:03Z ALCS_Hourly_Check_alarm  Program Start
2012-10-12 20:50:03Z ALCS_Hourly_Check_alarm  Program END 

Create log file
2012-10-12 20:50:04Z SERVER_SELF_CHECK   Program Start
2012-10-12 20:50:04Z SERVER_SELF_CHECK   Program END 

Create log file
2012-10-12 21:01:00ZArray_Photo Program Start
1250 log finish

2012-10-12 21:01:03ZArray_Photo Program End

Create log file
2012-10-12 21:03:00ZArray_test_repeat Program Start
2012-10-12 21:03:00ZArray_test_repeat Program End

Create log file
2012-10-12 21:30:00ZARY_HOLD_LOT Program Start
There are lots exceed process time for 24hrs, please check

There are lots exceed process time for 24hrs, please check

There are lots exceed process time for 24hrs, please check

There are lots exceed process time for 24hrs, please check

There are lots exceed process time for 24hrs, please check

There are lots exceed process time for 24hrs, please check

There are lots exceed process time for 24hrs, please check

There are lots exceed process time for 24hrs, please check

There are lots exceed process time for 24hrs, please check

There are lots exceed process time for 24hrs, please check

There are lots exceed process time for 24hrs, please check

There are lots exceed process time for 24hrs, please check

There are lots exceed process time for 24hrs, please check

There are lots exceed process time for 24hrs, please check

2012-10-12 21:30:16ZARY_HOLD_LOT Program End

Create log file
2012-10-12 21:41:17Z oee_empaidxsummdaily_purge Program Start
2012-10-12 21:41:17Z oee_empaidxsummdaily_purge Program END 

Create log file
2012-10-12 21:41:40Z oee_empaidxsummhourly_purge Program Start
2012-10-12 21:41:40Z oee_empaidxsummhourly_purge Program END 

Create log file
2012-10-12 21:44:18Z oee_empastcount_purge Program Start
2012-10-12 21:44:18Z oee_empastcount_purge Program END 

Create log file
2012-10-12 21:50:00Z OEE_IS_Hourly_Check_alarm  Program Start
2012-10-12 21:50:00Z OEE_IS_Hourly_Check_alarm  Program END 

Create log file
2012-10-12 21:50:00Z ALCS_Hourly_Check_alarm  Program Start
2012-10-12 21:50:00Z ALCS_Hourly_Check_alarm  Program END 

Create log file
2012-10-12 21:50:01Z SERVER_SELF_CHECK   Program Start
2012-10-12 21:50:01Z SERVER_SELF_CHECK   Program END 

Create log file
2012-10-12 22:00:00ZSERVER_SMS_TEST Program Start
SMS log finish

2012-10-12 22:00:00ZSERVER_SMS_TEST Program End

Create log file
2012-10-12 22:01:00ZArray_Photo Program Start
1250 log finish

2012-10-12 22:01:03ZArray_Photo Program End

Create log file
2012-10-12 22:03:00ZArray_test_repeat Program Start
2012-10-12 22:03:00ZArray_test_repeat Program End

Create log file
2012-10-12 22:41:21Z oee_empaidxsummdaily_purge Program Start
2012-10-12 22:41:21Z oee_empaidxsummdaily_purge Program END 

Create log file
2012-10-12 22:41:57Z oee_empaidxsummhourly_purge Program Start
2012-10-12 22:41:57Z oee_empaidxsummhourly_purge Program END 

Create log file
2012-10-12 22:44:27Z oee_empastcount_purge Program Start
2012-10-12 22:44:27Z oee_empastcount_purge Program END 

Create log file
2012-10-12 22:50:00Z OEE_IS_Hourly_Check_alarm  Program Start
2012-10-12 22:50:00Z OEE_IS_Hourly_Check_alarm  Program END 

Create log file
2012-10-12 22:50:00Z ALCS_Hourly_Check_alarm  Program Start
2012-10-12 22:50:00Z ALCS_Hourly_Check_alarm  Program END 

Create log file
2012-10-12 22:50:01Z SERVER_SELF_CHECK   Program Start
2012-10-12 22:50:01Z SERVER_SELF_CHECK   Program END 

Create log file
2012-10-12 23:01:00ZArray_Photo Program Start
2012-10-12 23:01:03ZArray_Photo Program End

Create log file
2012-10-12 23:03:00ZArray_test_repeat Program Start
2012-10-12 23:03:00ZArray_test_repeat Program End

Create log file
2012-10-12 23:41:17Z oee_empaidxsummdaily_purge Program Start
2012-10-12 23:41:17Z oee_empaidxsummdaily_purge Program END 

Create log file
2012-10-12 23:41:41Z oee_empaidxsummhourly_purge Program Start
2012-10-12 23:41:41Z oee_empaidxsummhourly_purge Program END 

Create log file
2012-10-12 23:44:26Z oee_empastcount_purge Program Start
2012-10-12 23:44:26Z oee_empastcount_purge Program END 

Create log file
2012-10-12 23:50:00Z OEE_IS_Hourly_Check_alarm  Program Start
2012-10-12 23:50:00Z OEE_IS_Hourly_Check_alarm  Program END 

Create log file
2012-10-12 23:50:00Z ALCS_Hourly_Check_alarm  Program Start
2012-10-12 23:50:00Z ALCS_Hourly_Check_alarm  Program END 

Create log file
2012-10-12 23:50:01Z SERVER_SELF_CHECK   Program Start
2012-10-12 23:50:01Z SERVER_SELF_CHECK   Program END 

