Create log file
2012-10-25 00:01:00ZArray_Photo Program Start
1250 log finish

1350 log finish

2012-10-25 00:01:03ZArray_Photo Program End

Create log file
2012-10-25 00:03:00ZArray_test_repeat Program Start
2012-10-25 00:03:01ZArray_test_repeat Program End

Create log file
2012-10-25 00:10:01Z T0T1 InnoView Add User Program Start
2012-10-25 00:10:01Z T0T1 InnoView Add User Program END 

Create log file
2012-10-25 00:20:14Z VPNLOG_PARSER Program Start
2012-10-25 00:20:14Z VPNLOG_PARSER Program END 

Create log file
2012-10-25 00:30:00Z T0/T1 RealTimeDept Program Start
2012-10-25 00:30:00Z T0/T1 RealTimeDept Program END 

Create log file
2012-10-25 00:41:31Z oee_empaidxsummdaily_purge Program Start
2012-10-25 00:41:31Z oee_empaidxsummdaily_purge Program END 

Create log file
2012-10-25 00:42:44Z oee_empaidxsummhourly_purge Program Start
2012-10-25 00:42:44Z oee_empaidxsummhourly_purge Program END 

Create log file
2012-10-25 00:46:45Z oee_empastcount_purge Program Start
2012-10-25 00:46:45Z oee_empastcount_purge Program END 

Create log file
2012-10-25 00:50:00Z OEE_IS_Hourly_Check_alarm  Program Start
2012-10-25 00:50:00Z OEE_IS_Hourly_Check_alarm  Program END 

Create log file
2012-10-25 00:50:00Z ALCS_Hourly_Check_alarm  Program Start
2012-10-25 00:50:00Z ALCS_Hourly_Check_alarm  Program END 

Create log file
2012-10-25 00:50:04Z SERVER_SELF_CHECK   Program Start
2012-10-25 00:50:04Z SERVER_SELF_CHECK   Program END 

Create log file
2012-10-25 01:01:00ZArray_Photo Program Start
1250 log finish

1350 log finish

2012-10-25 01:01:03ZArray_Photo Program End

Create log file
2012-10-25 01:03:00ZArray_test_repeat Program Start
2012-10-25 01:03:00ZArray_test_repeat Program End

Create log file
2012-10-25 01:30:06ZARY_HOLD_LOT Program Start
There are lots exceed process time for 24hrs, please check

There are lots exceed process time for 24hrs, please check

There are lots exceed process time for 24hrs, please check

There are lots exceed process time for 24hrs, please check

There are lots exceed process time for 24hrs, please check

There are lots exceed process time for 24hrs, please check

There are lots exceed process time for 24hrs, please check

There are lots exceed process time for 24hrs, please check

There are lots exceed process time for 24hrs, please check

There are lots exceed process time for 24hrs, please check

There are lots exceed process time for 24hrs, please check

There are lots exceed process time for 24hrs, please check

There are lots exceed process time for 24hrs, please check

There are lots exceed process time for 24hrs, please check

There are lots exceed process time for 24hrs, please check

There are lots exceed process time for 24hrs, please check

2012-10-25 01:30:26ZARY_HOLD_LOT Program End

Create log file
2012-10-25 01:41:18Z oee_empaidxsummdaily_purge Program Start
2012-10-25 01:41:18Z oee_empaidxsummdaily_purge Program END 

Create log file
2012-10-25 01:42:19Z oee_empaidxsummhourly_purge Program Start
2012-10-25 01:42:19Z oee_empaidxsummhourly_purge Program END 

Create log file
2012-10-25 01:44:30Z oee_empastcount_purge Program Start
2012-10-25 01:44:30Z oee_empastcount_purge Program END 

Create log file
2012-10-25 01:50:00Z OEE_IS_Hourly_Check_alarm  Program Start
2012-10-25 01:50:00Z OEE_IS_Hourly_Check_alarm  Program END 

Create log file
2012-10-25 01:50:00Z ALCS_Hourly_Check_alarm  Program Start
2012-10-25 01:50:00Z ALCS_Hourly_Check_alarm  Program END 

Create log file
2012-10-25 01:50:01Z SERVER_SELF_CHECK   Program Start
2012-10-25 01:50:01Z SERVER_SELF_CHECK   Program END 

Create log file
2012-10-25 02:01:00ZArray_Photo Program Start
1350 log finish

2012-10-25 02:01:02ZArray_Photo Program End

Create log file
2012-10-25 02:03:00ZArray_test_repeat Program Start
2012-10-25 02:03:00ZArray_test_repeat Program End

Create log file
2012-10-25 02:41:20Z oee_empaidxsummdaily_purge Program Start
2012-10-25 02:41:20Z oee_empaidxsummdaily_purge Program END 

Create log file
2012-10-25 02:42:17Z oee_empaidxsummhourly_purge Program Start
2012-10-25 02:42:17Z oee_empaidxsummhourly_purge Program END 

Create log file
2012-10-25 02:44:34Z oee_empastcount_purge Program Start
2012-10-25 02:44:34Z oee_empastcount_purge Program END 

Create log file
2012-10-25 02:50:00Z OEE_IS_Hourly_Check_alarm  Program Start
2012-10-25 02:50:00Z OEE_IS_Hourly_Check_alarm  Program END 

Create log file
2012-10-25 02:50:01Z ALCS_Hourly_Check_alarm  Program Start
2012-10-25 02:50:01Z ALCS_Hourly_Check_alarm  Program END 

Create log file
2012-10-25 02:50:02Z SERVER_SELF_CHECK   Program Start
2012-10-25 02:50:02Z SERVER_SELF_CHECK   Program END 

Create log file
2012-10-25 03:01:00ZArray_Photo Program Start
1150 log finish

1250 log finish

2012-10-25 03:01:03ZArray_Photo Program End

Create log file
2012-10-25 03:03:00ZArray_test_repeat Program Start
2012-10-25 03:03:00ZArray_test_repeat Program End

Create log file
2012-10-25 03:41:24Z oee_empaidxsummdaily_purge Program Start
2012-10-25 03:41:24Z oee_empaidxsummdaily_purge Program END 

Create log file
2012-10-25 03:42:18Z oee_empaidxsummhourly_purge Program Start
2012-10-25 03:42:18Z oee_empaidxsummhourly_purge Program END 

Create log file
2012-10-25 03:44:34Z oee_empastcount_purge Program Start
2012-10-25 03:44:34Z oee_empastcount_purge Program END 

Create log file
2012-10-25 03:50:00Z OEE_IS_Hourly_Check_alarm  Program Start
2012-10-25 03:50:00Z OEE_IS_Hourly_Check_alarm  Program END 

Create log file
2012-10-25 03:50:01Z ALCS_Hourly_Check_alarm  Program Start
2012-10-25 03:50:01Z ALCS_Hourly_Check_alarm  Program END 

Create log file
2012-10-25 03:50:02Z SERVER_SELF_CHECK   Program Start
2012-10-25 03:50:02Z SERVER_SELF_CHECK   Program END 

Create log file
2012-10-25 04:01:00ZArray_Photo Program Start
2012-10-25 04:01:03ZArray_Photo Program End

Create log file
2012-10-25 04:03:00ZArray_test_repeat Program Start
2012-10-25 04:03:00ZArray_test_repeat Program End

Create log file
2012-10-25 04:41:19Z oee_empaidxsummdaily_purge Program Start
2012-10-25 04:41:19Z oee_empaidxsummdaily_purge Program END 

Create log file
2012-10-25 04:42:25Z oee_empaidxsummhourly_purge Program Start
2012-10-25 04:42:25Z oee_empaidxsummhourly_purge Program END 

Create log file
2012-10-25 04:44:39Z oee_empastcount_purge Program Start
2012-10-25 04:44:39Z oee_empastcount_purge Program END 

Create log file
2012-10-25 04:50:00Z OEE_IS_Hourly_Check_alarm  Program Start
2012-10-25 04:50:00Z OEE_IS_Hourly_Check_alarm  Program END 

Create log file
2012-10-25 04:50:02Z ALCS_Hourly_Check_alarm  Program Start
2012-10-25 04:50:02Z ALCS_Hourly_Check_alarm  Program END 

Create log file
2012-10-25 04:50:03Z SERVER_SELF_CHECK   Program Start
2012-10-25 04:50:03Z SERVER_SELF_CHECK   Program END 

Create log file
2012-10-25 05:01:00ZArray_Photo Program Start
1350 log finish

2012-10-25 05:01:02ZArray_Photo Program End

Create log file
2012-10-25 05:03:00ZArray_test_repeat Program Start
2012-10-25 05:03:01ZArray_test_repeat Program End

Create log file
2012-10-25 05:30:04ZARY_HOLD_LOT Program Start
There are lots exceed process time for 24hrs, please check

There are lots exceed process time for 24hrs, please check

There are lots exceed process time for 24hrs, please check

There are lots exceed process time for 24hrs, please check

There are lots exceed process time for 24hrs, please check

There are lots exceed process time for 24hrs, please check

There are lots exceed process time for 24hrs, please check

There are lots exceed process time for 24hrs, please check

There are lots exceed process time for 24hrs, please check

There are lots exceed process time for 24hrs, please check

There are lots exceed process time for 24hrs, please check

There are lots exceed process time for 24hrs, please check

There are lots exceed process time for 24hrs, please check

There are lots exceed process time for 24hrs, please check

There are lots exceed process time for 24hrs, please check

2012-10-25 05:30:21ZARY_HOLD_LOT Program End

Create log file
2012-10-25 05:41:17Z oee_empaidxsummdaily_purge Program Start
2012-10-25 05:41:17Z oee_empaidxsummdaily_purge Program END 

Create log file
2012-10-25 05:42:13Z oee_empaidxsummhourly_purge Program Start
2012-10-25 05:42:13Z oee_empaidxsummhourly_purge Program END 

Create log file
2012-10-25 05:44:33Z oee_empastcount_purge Program Start
2012-10-25 05:44:33Z oee_empastcount_purge Program END 

Create log file
2012-10-25 05:50:00Z OEE_IS_Hourly_Check_alarm  Program Start
2012-10-25 05:50:00Z OEE_IS_Hourly_Check_alarm  Program END 

Create log file
2012-10-25 05:50:02Z ALCS_Hourly_Check_alarm  Program Start
2012-10-25 05:50:02Z ALCS_Hourly_Check_alarm  Program END 

Create log file
2012-10-25 05:50:03Z SERVER_SELF_CHECK   Program Start
2012-10-25 05:50:03Z SERVER_SELF_CHECK   Program END 

Create log file
2012-10-25 06:01:00ZArray_Photo Program Start
2012-10-25 06:01:02ZArray_Photo Program End

Create log file
2012-10-25 06:03:00ZArray_test_repeat Program Start
2012-10-25 06:03:01ZArray_test_repeat Program End

Create log file
2012-10-25 06:41:21Z oee_empaidxsummdaily_purge Program Start
2012-10-25 06:41:21Z oee_empaidxsummdaily_purge Program END 

Create log file
2012-10-25 06:42:26Z oee_empaidxsummhourly_purge Program Start
2012-10-25 06:42:26Z oee_empaidxsummhourly_purge Program END 

Create log file
2012-10-25 06:44:38Z oee_empastcount_purge Program Start
2012-10-25 06:44:38Z oee_empastcount_purge Program END 

Create log file
2012-10-25 06:50:00Z OEE_IS_Hourly_Check_alarm  Program Start
2012-10-25 06:50:00Z OEE_IS_Hourly_Check_alarm  Program END 

Create log file
2012-10-25 06:50:55Z ODS_Recover_Lot 155 Lots Program Start
2012-10-25 06:50:55Z ODS_Recover_Lot 155 Lots Program END 

Create log file
2012-10-25 06:51:08Z ALCS_Hourly_Check_alarm  Program Start
2012-10-25 06:51:08Z ALCS_Hourly_Check_alarm  Program END 

Create log file
2012-10-25 06:51:08Z SERVER_SELF_CHECK   Program Start
2012-10-25 06:51:08Z SERVER_SELF_CHECK   Program END 

Create log file
2012-10-25 07:01:00ZArray_Photo Program Start
1150 log finish

1450 log finish

2012-10-25 07:01:03ZArray_Photo Program End

Create log file
2012-10-25 07:03:00ZArray_test_repeat Program Start
2012-10-25 07:03:01ZArray_test_repeat Program End

Create log file
2012-10-25 07:31:52Z OEELH_fixed_data_Daily Program Start
2012-10-25 07:31:52Z OEELH_fixed_data_Daily Program END 

Create log file
2012-10-25 07:41:20Z oee_empaidxsummdaily_purge Program Start
2012-10-25 07:41:20Z oee_empaidxsummdaily_purge Program END 

Create log file
2012-10-25 07:42:21Z oee_empaidxsummhourly_purge Program Start
2012-10-25 07:42:21Z oee_empaidxsummhourly_purge Program END 

Create log file
2012-10-25 07:44:34Z oee_empastcount_purge Program Start
2012-10-25 07:44:34Z oee_empastcount_purge Program END 

Create log file
2012-10-25 07:50:15Z OEE_IS_Hourly_Check_alarm  Program Start
2012-10-25 07:50:15Z OEE_IS_Hourly_Check_alarm  Program END 

Create log file
2012-10-25 07:50:17Z ALCS_Hourly_Check_alarm  Program Start
2012-10-25 07:50:17Z ALCS_Hourly_Check_alarm  Program END 

Create log file
2012-10-25 07:50:21Z SERVER_SELF_CHECK   Program Start
2012-10-25 07:50:21Z SERVER_SELF_CHECK   Program END 

Create log file
2012-10-25 08:00:00Z Check_Onduty_Time From Onduty_dotnet2  Program Start
2012-10-25 08:00:00Z Check_Onduty_Time From Onduty_dotnet2  Program END 

Create log file
2012-10-25 08:01:00ZArray_Photo Program Start
1150 log finish

1350 log finish

2012-10-25 08:01:03ZArray_Photo Program End

Create log file
2012-10-25 08:03:00ZArray_test_repeat Program Start
2012-10-25 08:03:00ZArray_test_repeat Program End

Create log file
2012-10-25 08:30:00ZHoliday_inout_SMS Program Start
2012-10-25 08:30:00ZHoliday_Inout_SMS Program End

Create log file
2012-10-25 08:32:00ZOEE_EQP_SMS Program Start
2012-10-25 08:32:39ZOEE_EQP_SMS Program End

Create log file
2012-10-25 08:41:21Z oee_empaidxsummdaily_purge Program Start
2012-10-25 08:41:21Z oee_empaidxsummdaily_purge Program END 

Create log file
2012-10-25 08:42:23Z oee_empaidxsummhourly_purge Program Start
2012-10-25 08:42:23Z oee_empaidxsummhourly_purge Program END 

Create log file
2012-10-25 08:44:35Z oee_empastcount_purge Program Start
2012-10-25 08:44:35Z oee_empastcount_purge Program END 

Create log file
2012-10-25 08:45:00ZHoliday_inout_SMS_For_C2 Program Start
2012-10-25 08:45:08ZHoliday_Inout_SMS_For_C2 Program End

Create log file
2012-10-25 08:50:00Z OEE_IS_Hourly_Check_alarm  Program Start
2012-10-25 08:50:00Z OEE_IS_Hourly_Check_alarm  Program END 

Create log file
2012-10-25 08:50:01Z ALCS_Hourly_Check_alarm  Program Start
2012-10-25 08:50:01Z ALCS_Hourly_Check_alarm  Program END 

Create log file
2012-10-25 08:50:01Z SERVER_SELF_CHECK   Program Start
2012-10-25 08:50:01Z SERVER_SELF_CHECK   Program END 

Create log file
2012-10-25 09:01:03ZArray_Photo Program Start
1350 log finish

2012-10-25 09:01:07ZArray_Photo Program End

Create log file
2012-10-25 09:03:00ZArray_test_repeat Program Start
2012-10-25 09:03:00ZArray_test_repeat Program End

Create log file
2012-10-25 09:30:00ZARY_HOLD_LOT Program Start
There are lots exceed process time for 24hrs, please check

There are lots exceed process time for 24hrs, please check

There are lots exceed process time for 24hrs, please check

There are lots exceed process time for 24hrs, please check

There are lots exceed process time for 24hrs, please check

There are lots exceed process time for 24hrs, please check

There are lots exceed process time for 24hrs, please check

There are lots exceed process time for 24hrs, please check

There are lots exceed process time for 24hrs, please check

There are lots exceed process time for 24hrs, please check

There are lots exceed process time for 24hrs, please check

There are lots exceed process time for 24hrs, please check

There are lots exceed process time for 24hrs, please check

There are lots exceed process time for 24hrs, please check

There are lots exceed process time for 24hrs, please check

There are lots exceed process time for 24hrs, please check

There are lots exceed process time for 24hrs, please check

2012-10-25 09:30:18ZARY_HOLD_LOT Program End

Create log file
2012-10-25 09:41:18Z oee_empaidxsummdaily_purge Program Start
2012-10-25 09:41:18Z oee_empaidxsummdaily_purge Program END 

Create log file
2012-10-25 09:42:19Z oee_empaidxsummhourly_purge Program Start
2012-10-25 09:42:19Z oee_empaidxsummhourly_purge Program END 

Create log file
2012-10-25 09:44:39Z oee_empastcount_purge Program Start
2012-10-25 09:44:39Z oee_empastcount_purge Program END 

Create log file
2012-10-25 09:50:00Z OEE_IS_Hourly_Check_alarm  Program Start
2012-10-25 09:50:00Z OEE_IS_Hourly_Check_alarm  Program END 

Create log file
2012-10-25 09:50:01Z ALCS_Hourly_Check_alarm  Program Start
2012-10-25 09:50:01Z ALCS_Hourly_Check_alarm  Program END 

Create log file
2012-10-25 09:50:02Z SERVER_SELF_CHECK   Program Start
2012-10-25 09:50:02Z SERVER_SELF_CHECK   Program END 

Create log file
2012-10-25 10:01:00ZArray_Photo Program Start
1350 log finish

2012-10-25 10:01:02ZArray_Photo Program End

Create log file
2012-10-25 10:03:00ZArray_test_repeat Program Start
2012-10-25 10:03:00ZArray_test_repeat Program End

Create log file
2012-10-25 10:50:00Z OEE_IS_Hourly_Check_alarm  Program Start
2012-10-25 10:50:00Z OEE_IS_Hourly_Check_alarm  Program END 

Create log file
2012-10-25 10:50:00Z ALCS_Hourly_Check_alarm  Program Start
2012-10-25 10:50:00Z ALCS_Hourly_Check_alarm  Program END 

Create log file
2012-10-25 10:50:01Z SERVER_SELF_CHECK   Program Start
2012-10-25 10:50:01Z SERVER_SELF_CHECK   Program END 

Create log file
2012-10-25 10:51:45Z oee_empaidxsummdaily_purge Program Start
2012-10-25 10:51:45Z oee_empaidxsummdaily_purge Program END 

Create log file
2012-10-25 10:52:51Z oee_empaidxsummhourly_purge Program Start
2012-10-25 10:52:51Z oee_empaidxsummhourly_purge Program END 

Create log file
2012-10-25 10:55:14Z oee_empastcount_purge Program Start
2012-10-25 10:55:14Z oee_empastcount_purge Program END 

Create log file
2012-10-25 11:01:00ZArray_Photo Program Start
1150 log finish

1350 log finish

1450 log finish

2012-10-25 11:01:03ZArray_Photo Program End

Create log file
2012-10-25 11:03:00ZArray_test_repeat Program Start
2012-10-25 11:03:00ZArray_test_repeat Program End

Create log file
2012-10-25 11:40:00Z T1OEE Purge Program Start
2012-10-25 11:40:00Z T1OEE Purge Program END 

Create log file
2012-10-25 11:41:57Z oee_empaidxsummdaily_purge Program Start
2012-10-25 11:41:57Z oee_empaidxsummdaily_purge Program END 

Create log file
2012-10-25 11:42:52Z oee_empaidxsummhourly_purge Program Start
2012-10-25 11:42:52Z oee_empaidxsummhourly_purge Program END 

Create log file
2012-10-25 11:45:18Z oee_empastcount_purge Program Start
2012-10-25 11:45:18Z oee_empastcount_purge Program END 

Create log file
2012-10-25 11:50:00Z OEE_IS_Hourly_Check_alarm  Program Start
2012-10-25 11:50:00Z OEE_IS_Hourly_Check_alarm  Program END 

Create log file
2012-10-25 11:50:00Z ALCS_Hourly_Check_alarm  Program Start
2012-10-25 11:50:00Z ALCS_Hourly_Check_alarm  Program END 

Create log file
2012-10-25 11:50:01Z SERVER_SELF_CHECK   Program Start
2012-10-25 11:50:01Z SERVER_SELF_CHECK   Program END 

Create log file
2012-10-25 12:01:00ZArray_Photo Program Start
1150 log finish

1350 log finish

1450 log finish

2012-10-25 12:01:03ZArray_Photo Program End

Create log file
2012-10-25 12:03:00ZArray_test_repeat Program Start
2012-10-25 12:03:00ZArray_test_repeat Program End

Create log file
2012-10-25 12:41:23Z oee_empaidxsummdaily_purge Program Start
2012-10-25 12:41:23Z oee_empaidxsummdaily_purge Program END 

Create log file
2012-10-25 12:42:25Z oee_empaidxsummhourly_purge Program Start
2012-10-25 12:42:25Z oee_empaidxsummhourly_purge Program END 

Create log file
2012-10-25 12:44:39Z oee_empastcount_purge Program Start
2012-10-25 12:44:39Z oee_empastcount_purge Program END 

Create log file
2012-10-25 12:50:00Z OEE_IS_Hourly_Check_alarm  Program Start
2012-10-25 12:50:00Z OEE_IS_Hourly_Check_alarm  Program END 

Create log file
2012-10-25 12:50:02Z ALCS_Hourly_Check_alarm  Program Start
2012-10-25 12:50:02Z ALCS_Hourly_Check_alarm  Program END 

Create log file
2012-10-25 12:50:03Z SERVER_SELF_CHECK   Program Start
2012-10-25 12:50:03Z SERVER_SELF_CHECK   Program END 

Create log file
2012-10-25 13:01:00ZArray_Photo Program Start
1150 log finish

1450 log finish

2012-10-25 13:01:03ZArray_Photo Program End

Create log file
2012-10-25 13:03:00ZArray_test_repeat Program Start
2012-10-25 13:03:01ZArray_test_repeat Program End

Create log file
2012-10-25 13:30:02ZARY_HOLD_LOT Program Start
There are lots exceed process time for 24hrs, please check

There are lots exceed process time for 24hrs, please check

There are lots exceed process time for 24hrs, please check

There are lots exceed process time for 24hrs, please check

There are lots exceed process time for 48hrs, please check

There are lots exceed process time for 24hrs, please check

There are lots exceed process time for 24hrs, please check

There are lots exceed process time for 24hrs, please check

There are lots exceed process time for 48hrs, please check

There are lots exceed process time for 24hrs, please check

There are lots exceed process time for 24hrs, please check

There are lots exceed process time for 48hrs, please check

There are lots exceed process time for 24hrs, please check

There are lots exceed process time for 24hrs, please check

There are lots exceed process time for 48hrs, please check

There are lots exceed process time for 24hrs, please check

There are lots exceed process time for 24hrs, please check

There are lots exceed process time for 24hrs, please check

There are lots exceed process time for 48hrs, please check

There are lots exceed process time for 24hrs, please check

There are lots exceed process time for 24hrs, please check

There are lots exceed process time for 48hrs, please check

There are lots exceed process time for 24hrs, please check

There are lots exceed process time for 24hrs, please check

There are lots exceed process time for 48hrs, please check

There are lots exceed process time for 24hrs, please check

There are lots exceed process time for 24hrs, please check

There are lots exceed process time for 24hrs, please check

There are lots exceed process time for 24hrs, please check

There are lots exceed process time for 24hrs, please check

There are lots exceed process time for 24hrs, please check

There are lots exceed process time for 24hrs, please check

There are lots exceed process time for 24hrs, please check

There are lots exceed process time for 48hrs, please check

There are lots exceed process time for 24hrs, please check

There are lots exceed process time for 24hrs, please check

There are lots exceed process time for 24hrs, please check

There are lots exceed process time for 24hrs, please check

There are lots exceed process time for 24hrs, please check

2012-10-25 13:30:21ZARY_HOLD_LOT Program End

Create log file
2012-10-25 13:41:13Z oee_empaidxsummdaily_purge Program Start
2012-10-25 13:41:13Z oee_empaidxsummdaily_purge Program END 

Create log file
2012-10-25 13:41:37Z oee_empaidxsummhourly_purge Program Start
2012-10-25 13:41:37Z oee_empaidxsummhourly_purge Program END 

Create log file
2012-10-25 13:44:21Z oee_empastcount_purge Program Start
2012-10-25 13:44:21Z oee_empastcount_purge Program END 

Create log file
2012-10-25 13:50:00Z OEE_IS_Hourly_Check_alarm  Program Start
2012-10-25 13:50:00Z OEE_IS_Hourly_Check_alarm  Program END 

Create log file
2012-10-25 13:50:01Z ALCS_Hourly_Check_alarm  Program Start
2012-10-25 13:50:01Z ALCS_Hourly_Check_alarm  Program END 

Create log file
2012-10-25 13:50:01Z SERVER_SELF_CHECK   Program Start
2012-10-25 13:50:01Z SERVER_SELF_CHECK   Program END 

Create log file
2012-10-25 14:01:00ZArray_Photo Program Start
1150 log finish

1450 log finish

2012-10-25 14:01:03ZArray_Photo Program End

Create log file
2012-10-25 14:03:00ZArray_test_repeat Program Start
2012-10-25 14:03:00ZArray_test_repeat Program End

Create log file
2012-10-25 14:41:14Z oee_empaidxsummdaily_purge Program Start
2012-10-25 14:41:14Z oee_empaidxsummdaily_purge Program END 

Create log file
2012-10-25 14:41:38Z oee_empaidxsummhourly_purge Program Start
2012-10-25 14:41:38Z oee_empaidxsummhourly_purge Program END 

Create log file
2012-10-25 14:44:21Z oee_empastcount_purge Program Start
2012-10-25 14:44:21Z oee_empastcount_purge Program END 

Create log file
2012-10-25 14:50:00Z OEE_IS_Hourly_Check_alarm  Program Start
2012-10-25 14:50:00Z OEE_IS_Hourly_Check_alarm  Program END 

Create log file
2012-10-25 14:50:00Z ALCS_Hourly_Check_alarm  Program Start
2012-10-25 14:50:00Z ALCS_Hourly_Check_alarm  Program END 

Create log file
2012-10-25 14:50:01Z SERVER_SELF_CHECK   Program Start
2012-10-25 14:50:01Z SERVER_SELF_CHECK   Program END 

Create log file
2012-10-25 15:01:00ZArray_Photo Program Start
1150 log finish

1450 log finish

2012-10-25 15:01:04ZArray_Photo Program End

Create log file
2012-10-25 15:03:00ZArray_test_repeat Program Start
2012-10-25 15:03:00ZArray_test_repeat Program End

Create log file
2012-10-25 15:41:17Z oee_empaidxsummdaily_purge Program Start
2012-10-25 15:41:17Z oee_empaidxsummdaily_purge Program END 

Create log file
2012-10-25 15:41:44Z oee_empaidxsummhourly_purge Program Start
2012-10-25 15:41:44Z oee_empaidxsummhourly_purge Program END 

Create log file
2012-10-25 15:44:28Z oee_empastcount_purge Program Start
2012-10-25 15:44:28Z oee_empastcount_purge Program END 

Create log file
2012-10-25 15:50:00Z OEE_IS_Hourly_Check_alarm  Program Start
2012-10-25 15:50:00Z OEE_IS_Hourly_Check_alarm  Program END 

Create log file
2012-10-25 15:50:01Z ALCS_Hourly_Check_alarm  Program Start
2012-10-25 15:50:01Z ALCS_Hourly_Check_alarm  Program END 

Create log file
2012-10-25 15:50:02Z SERVER_SELF_CHECK   Program Start
2012-10-25 15:50:02Z SERVER_SELF_CHECK   Program END 

Create log file
2012-10-25 16:01:00ZArray_Photo Program Start
1450 log finish

2012-10-25 16:01:05ZArray_Photo Program End

Create log file
2012-10-25 16:03:00ZArray_test_repeat Program Start
2012-10-25 16:03:00ZArray_test_repeat Program End

Create log file
2012-10-25 16:41:22Z oee_empaidxsummdaily_purge Program Start
2012-10-25 16:41:22Z oee_empaidxsummdaily_purge Program END 

Create log file
2012-10-25 16:41:46Z oee_empaidxsummhourly_purge Program Start
2012-10-25 16:41:46Z oee_empaidxsummhourly_purge Program END 

Create log file
2012-10-25 16:44:34Z oee_empastcount_purge Program Start
2012-10-25 16:44:34Z oee_empastcount_purge Program END 

Create log file
2012-10-25 16:50:00Z OEE_IS_Hourly_Check_alarm  Program Start
2012-10-25 16:50:00Z OEE_IS_Hourly_Check_alarm  Program END 

Create log file
2012-10-25 16:50:01Z ALCS_Hourly_Check_alarm  Program Start
2012-10-25 16:50:01Z ALCS_Hourly_Check_alarm  Program END 

Create log file
2012-10-25 16:50:02Z SERVER_SELF_CHECK   Program Start
2012-10-25 16:50:02Z SERVER_SELF_CHECK   Program END 

Create log file
2012-10-25 17:01:00ZArray_Photo Program Start
2012-10-25 17:01:03ZArray_Photo Program End

Create log file
2012-10-25 17:03:00ZArray_test_repeat Program Start
2012-10-25 17:03:00ZArray_test_repeat Program End

Create log file
2012-10-25 17:30:00ZARY_HOLD_LOT Program Start
There are lots exceed process time for 24hrs, please check

There are lots exceed process time for 24hrs, please check

There are lots exceed process time for 24hrs, please check

There are lots exceed process time for 24hrs, please check

There are lots exceed process time for 24hrs, please check

There are lots exceed process time for 24hrs, please check

There are lots exceed process time for 24hrs, please check

There are lots exceed process time for 24hrs, please check

There are lots exceed process time for 24hrs, please check

There are lots exceed process time for 24hrs, please check

There are lots exceed process time for 24hrs, please check

There are lots exceed process time for 24hrs, please check

There are lots exceed process time for 24hrs, please check

There are lots exceed process time for 24hrs, please check

There are lots exceed process time for 24hrs, please check

There are lots exceed process time for 24hrs, please check

There are lots exceed process time for 24hrs, please check

2012-10-25 17:30:15ZARY_HOLD_LOT Program End

Create log file
2012-10-25 17:41:14Z oee_empaidxsummdaily_purge Program Start
2012-10-25 17:41:14Z oee_empaidxsummdaily_purge Program END 

Create log file
2012-10-25 17:41:38Z oee_empaidxsummhourly_purge Program Start
2012-10-25 17:41:38Z oee_empaidxsummhourly_purge Program END 

Create log file
2012-10-25 17:44:21Z oee_empastcount_purge Program Start
2012-10-25 17:44:21Z oee_empastcount_purge Program END 

Create log file
2012-10-25 17:50:00Z OEE_IS_Hourly_Check_alarm  Program Start
2012-10-25 17:50:00Z OEE_IS_Hourly_Check_alarm  Program END 

Create log file
2012-10-25 17:50:01Z ALCS_Hourly_Check_alarm  Program Start
2012-10-25 17:50:01Z ALCS_Hourly_Check_alarm  Program END 

Create log file
2012-10-25 17:50:02Z SERVER_SELF_CHECK   Program Start
2012-10-25 17:50:02Z SERVER_SELF_CHECK   Program END 

Create log file
2012-10-25 18:01:00ZArray_Photo Program Start
1350 log finish

2012-10-25 18:01:03ZArray_Photo Program End

Create log file
2012-10-25 18:03:00ZArray_test_repeat Program Start
2012-10-25 18:03:00ZArray_test_repeat Program End

Create log file
2012-10-25 18:41:13Z oee_empaidxsummdaily_purge Program Start
2012-10-25 18:41:13Z oee_empaidxsummdaily_purge Program END 

Create log file
2012-10-25 18:41:37Z oee_empaidxsummhourly_purge Program Start
2012-10-25 18:41:37Z oee_empaidxsummhourly_purge Program END 

Create log file
2012-10-25 18:44:22Z oee_empastcount_purge Program Start
2012-10-25 18:44:22Z oee_empastcount_purge Program END 

Create log file
2012-10-25 18:50:00Z OEE_IS_Hourly_Check_alarm  Program Start
2012-10-25 18:50:00Z OEE_IS_Hourly_Check_alarm  Program END 

Create log file
2012-10-25 18:50:01Z ALCS_Hourly_Check_alarm  Program Start
2012-10-25 18:50:01Z ALCS_Hourly_Check_alarm  Program END 

Create log file
2012-10-25 18:50:02Z SERVER_SELF_CHECK   Program Start
2012-10-25 18:50:02Z SERVER_SELF_CHECK   Program END 

Create log file
2012-10-25 19:01:00ZArray_Photo Program Start
1150 log finish

1350 log finish

2012-10-25 19:01:03ZArray_Photo Program End

Create log file
2012-10-25 19:03:00ZArray_test_repeat Program Start
2012-10-25 19:03:00ZArray_test_repeat Program End

Create log file
2012-10-25 19:41:16Z oee_empaidxsummdaily_purge Program Start
2012-10-25 19:41:16Z oee_empaidxsummdaily_purge Program END 

Create log file
2012-10-25 19:41:42Z oee_empaidxsummhourly_purge Program Start
2012-10-25 19:41:42Z oee_empaidxsummhourly_purge Program END 

Create log file
2012-10-25 19:44:28Z oee_empastcount_purge Program Start
2012-10-25 19:44:28Z oee_empastcount_purge Program END 

Create log file
2012-10-25 19:50:00Z OEE_IS_Hourly_Check_alarm  Program Start
2012-10-25 19:50:00Z OEE_IS_Hourly_Check_alarm  Program END 

Create log file
2012-10-25 19:50:00Z ALCS_Hourly_Check_alarm  Program Start
2012-10-25 19:50:00Z ALCS_Hourly_Check_alarm  Program END 

Create log file
2012-10-25 19:50:02Z SERVER_SELF_CHECK   Program Start
2012-10-25 19:50:02Z SERVER_SELF_CHECK   Program END 

Create log file
2012-10-25 20:01:00ZArray_Photo Program Start
1150 log finish

1350 log finish

2012-10-25 20:01:03ZArray_Photo Program End

Create log file
2012-10-25 20:03:00ZArray_test_repeat Program Start
2012-10-25 20:03:00ZArray_test_repeat Program End

Create log file
2012-10-25 20:41:22Z oee_empaidxsummdaily_purge Program Start
2012-10-25 20:41:22Z oee_empaidxsummdaily_purge Program END 

Create log file
2012-10-25 20:41:43Z oee_empaidxsummhourly_purge Program Start
2012-10-25 20:41:43Z oee_empaidxsummhourly_purge Program END 

Create log file
2012-10-25 20:44:28Z oee_empastcount_purge Program Start
2012-10-25 20:44:28Z oee_empastcount_purge Program END 

Create log file
2012-10-25 20:50:00Z OEE_IS_Hourly_Check_alarm  Program Start
2012-10-25 20:50:00Z OEE_IS_Hourly_Check_alarm  Program END 

Create log file
2012-10-25 20:50:03Z ALCS_Hourly_Check_alarm  Program Start
2012-10-25 20:50:03Z ALCS_Hourly_Check_alarm  Program END 

Create log file
2012-10-25 20:50:04Z SERVER_SELF_CHECK   Program Start
2012-10-25 20:50:04Z SERVER_SELF_CHECK   Program END 

Create log file
2012-10-25 21:01:00ZArray_Photo Program Start
1350 log finish

2012-10-25 21:01:03ZArray_Photo Program End

Create log file
2012-10-25 21:03:00ZArray_test_repeat Program Start
2012-10-25 21:03:00ZArray_test_repeat Program End

Create log file
2012-10-25 21:30:04ZARY_HOLD_LOT Program Start
There are lots exceed process time for 24hrs, please check

There are lots exceed process time for 24hrs, please check

There are lots exceed process time for 24hrs, please check

There are lots exceed process time for 24hrs, please check

There are lots exceed process time for 24hrs, please check

There are lots exceed process time for 24hrs, please check

There are lots exceed process time for 24hrs, please check

There are lots exceed process time for 24hrs, please check

There are lots exceed process time for 24hrs, please check

There are lots exceed process time for 24hrs, please check

There are lots exceed process time for 24hrs, please check

There are lots exceed process time for 24hrs, please check

There are lots exceed process time for 24hrs, please check

There are lots exceed process time for 24hrs, please check

There are lots exceed process time for 24hrs, please check

There are lots exceed process time for 24hrs, please check

There are lots exceed process time for 24hrs, please check

2012-10-25 21:30:24ZARY_HOLD_LOT Program End

Create log file
2012-10-25 21:41:13Z oee_empaidxsummdaily_purge Program Start
2012-10-25 21:41:13Z oee_empaidxsummdaily_purge Program END 

Create log file
2012-10-25 21:41:38Z oee_empaidxsummhourly_purge Program Start
2012-10-25 21:41:38Z oee_empaidxsummhourly_purge Program END 

Create log file
2012-10-25 21:44:25Z oee_empastcount_purge Program Start
2012-10-25 21:44:25Z oee_empastcount_purge Program END 

Create log file
2012-10-25 21:50:00Z OEE_IS_Hourly_Check_alarm  Program Start
2012-10-25 21:50:00Z OEE_IS_Hourly_Check_alarm  Program END 

Create log file
2012-10-25 21:50:01Z ALCS_Hourly_Check_alarm  Program Start
2012-10-25 21:50:01Z ALCS_Hourly_Check_alarm  Program END 

Create log file
2012-10-25 21:50:02Z SERVER_SELF_CHECK   Program Start
2012-10-25 21:50:02Z SERVER_SELF_CHECK   Program END 

Create log file
2012-10-25 22:00:00ZSERVER_SMS_TEST Program Start
SMS log finish

2012-10-25 22:00:00ZSERVER_SMS_TEST Program End

Create log file
2012-10-25 22:01:00ZArray_Photo Program Start
2012-10-25 22:01:02ZArray_Photo Program End

Create log file
2012-10-25 22:03:00ZArray_test_repeat Program Start
2012-10-25 22:03:00ZArray_test_repeat Program End

Create log file
2012-10-25 22:41:22Z oee_empaidxsummdaily_purge Program Start
2012-10-25 22:41:22Z oee_empaidxsummdaily_purge Program END 

Create log file
2012-10-25 22:41:48Z oee_empaidxsummhourly_purge Program Start
2012-10-25 22:41:48Z oee_empaidxsummhourly_purge Program END 

Create log file
2012-10-25 22:44:34Z oee_empastcount_purge Program Start
2012-10-25 22:44:34Z oee_empastcount_purge Program END 

Create log file
2012-10-25 22:50:00Z OEE_IS_Hourly_Check_alarm  Program Start
2012-10-25 22:50:00Z OEE_IS_Hourly_Check_alarm  Program END 

Create log file
2012-10-25 22:50:05Z ALCS_Hourly_Check_alarm  Program Start
2012-10-25 22:50:05Z ALCS_Hourly_Check_alarm  Program END 

Create log file
2012-10-25 22:50:06Z SERVER_SELF_CHECK   Program Start
2012-10-25 22:50:06Z SERVER_SELF_CHECK   Program END 

Create log file
2012-10-25 23:01:00ZArray_Photo Program Start
1150 log finish

1350 log finish

2012-10-25 23:01:03ZArray_Photo Program End

Create log file
2012-10-25 23:03:00ZArray_test_repeat Program Start
2012-10-25 23:03:01ZArray_test_repeat Program End

Create log file
2012-10-25 23:41:26Z oee_empaidxsummdaily_purge Program Start
2012-10-25 23:41:26Z oee_empaidxsummdaily_purge Program END 

Create log file
2012-10-25 23:41:56Z oee_empaidxsummhourly_purge Program Start
2012-10-25 23:41:56Z oee_empaidxsummhourly_purge Program END 

Create log file
2012-10-25 23:44:50Z oee_empastcount_purge Program Start
2012-10-25 23:44:50Z oee_empastcount_purge Program END 

Create log file
2012-10-25 23:50:00Z OEE_IS_Hourly_Check_alarm  Program Start
2012-10-25 23:50:00Z OEE_IS_Hourly_Check_alarm  Program END 

Create log file
2012-10-25 23:50:01Z ALCS_Hourly_Check_alarm  Program Start
2012-10-25 23:50:01Z ALCS_Hourly_Check_alarm  Program END 

Create log file
2012-10-25 23:50:02Z SERVER_SELF_CHECK   Program Start
2012-10-25 23:50:02Z SERVER_SELF_CHECK   Program END 

