Create log file
2012-10-21 00:01:00ZArray_Photo Program Start
2012-10-21 00:01:02ZArray_Photo Program End

Create log file
2012-10-21 00:03:01ZArray_test_repeat Program Start
2012-10-21 00:03:02ZArray_test_repeat Program End

Create log file
2012-10-21 00:10:00Z T0T1 InnoView Add User Program Start
2012-10-21 00:10:00Z T0T1 InnoView Add User Program END 

Create log file
2012-10-21 00:20:14Z VPNLOG_PARSER Program Start
2012-10-21 00:20:14Z VPNLOG_PARSER Program END 

Create log file
2012-10-21 00:30:00Z T0/T1 RealTimeDept Program Start
2012-10-21 00:30:00Z T0/T1 RealTimeDept Program END 

Create log file
2012-10-21 00:41:29Z oee_empaidxsummdaily_purge Program Start
2012-10-21 00:41:29Z oee_empaidxsummdaily_purge Program END 

Create log file
2012-10-21 00:42:53Z oee_empaidxsummhourly_purge Program Start
2012-10-21 00:42:53Z oee_empaidxsummhourly_purge Program END 

Create log file
2012-10-21 00:46:50Z oee_empastcount_purge Program Start
2012-10-21 00:46:50Z oee_empastcount_purge Program END 

Create log file
2012-10-21 00:50:00Z OEE_IS_Hourly_Check_alarm  Program Start
2012-10-21 00:50:00Z OEE_IS_Hourly_Check_alarm  Program END 

Create log file
2012-10-21 00:50:00Z ALCS_Hourly_Check_alarm  Program Start
2012-10-21 00:50:00Z ALCS_Hourly_Check_alarm  Program END 

Create log file
2012-10-21 00:50:03Z SERVER_SELF_CHECK   Program Start
2012-10-21 00:50:03Z SERVER_SELF_CHECK   Program END 

Create log file
2012-10-21 01:01:00ZArray_Photo Program Start
2012-10-21 01:01:02ZArray_Photo Program End

Create log file
2012-10-21 01:03:00ZArray_test_repeat Program Start
2012-10-21 01:03:01ZArray_test_repeat Program End

Create log file
2012-10-21 01:30:00ZARY_HOLD_LOT Program Start
There are lots exceed process time for 24hrs, please check

There are lots exceed process time for 24hrs, please check

There are lots exceed process time for 24hrs, please check

There are lots exceed process time for 24hrs, please check

There are lots exceed process time for 24hrs, please check

There are lots exceed process time for 24hrs, please check

There are lots exceed process time for 24hrs, please check

There are lots exceed process time for 24hrs, please check

There are lots exceed process time for 24hrs, please check

There are lots exceed process time for 24hrs, please check

There are lots exceed process time for 24hrs, please check

There are lots exceed process time for 24hrs, please check

There are lots exceed process time for 24hrs, please check

There are lots exceed process time for 24hrs, please check

There are lots exceed process time for 24hrs, please check

There are lots exceed process time for 24hrs, please check

2012-10-21 01:30:12ZARY_HOLD_LOT Program End

Create log file
2012-10-21 01:41:15Z oee_empaidxsummdaily_purge Program Start
2012-10-21 01:41:15Z oee_empaidxsummdaily_purge Program END 

Create log file
2012-10-21 01:42:23Z oee_empaidxsummhourly_purge Program Start
2012-10-21 01:42:23Z oee_empaidxsummhourly_purge Program END 

Create log file
2012-10-21 01:44:30Z oee_empastcount_purge Program Start
2012-10-21 01:44:30Z oee_empastcount_purge Program END 

Create log file
2012-10-21 01:50:00Z OEE_IS_Hourly_Check_alarm  Program Start
2012-10-21 01:50:00Z OEE_IS_Hourly_Check_alarm  Program END 

Create log file
2012-10-21 01:50:00Z ALCS_Hourly_Check_alarm  Program Start
2012-10-21 01:50:00Z ALCS_Hourly_Check_alarm  Program END 

Create log file
2012-10-21 01:50:01Z SERVER_SELF_CHECK   Program Start
2012-10-21 01:50:01Z SERVER_SELF_CHECK   Program END 

Create log file
2012-10-21 02:01:00ZArray_Photo Program Start
2012-10-21 02:01:02ZArray_Photo Program End

Create log file
2012-10-21 02:03:00ZArray_test_repeat Program Start
2012-10-21 02:03:00ZArray_test_repeat Program End

Create log file
2012-10-21 02:41:12Z oee_empaidxsummdaily_purge Program Start
2012-10-21 02:41:12Z oee_empaidxsummdaily_purge Program END 

Create log file
2012-10-21 02:42:06Z oee_empaidxsummhourly_purge Program Start
2012-10-21 02:42:06Z oee_empaidxsummhourly_purge Program END 

Create log file
2012-10-21 02:44:22Z oee_empastcount_purge Program Start
2012-10-21 02:44:22Z oee_empastcount_purge Program END 

Create log file
2012-10-21 02:50:00Z OEE_IS_Hourly_Check_alarm  Program Start
2012-10-21 02:50:00Z OEE_IS_Hourly_Check_alarm  Program END 

Create log file
2012-10-21 02:50:02Z ALCS_Hourly_Check_alarm  Program Start
2012-10-21 02:50:02Z ALCS_Hourly_Check_alarm  Program END 

Create log file
2012-10-21 02:50:03Z SERVER_SELF_CHECK   Program Start
2012-10-21 02:50:03Z SERVER_SELF_CHECK   Program END 

Create log file
2012-10-21 03:01:00ZArray_Photo Program Start
2012-10-21 03:01:02ZArray_Photo Program End

Create log file
2012-10-21 03:03:00ZArray_test_repeat Program Start
2012-10-21 03:03:00ZArray_test_repeat Program End

Create log file
2012-10-21 03:41:13Z oee_empaidxsummdaily_purge Program Start
2012-10-21 03:41:13Z oee_empaidxsummdaily_purge Program END 

Create log file
2012-10-21 03:42:07Z oee_empaidxsummhourly_purge Program Start
2012-10-21 03:42:07Z oee_empaidxsummhourly_purge Program END 

Create log file
2012-10-21 03:44:26Z oee_empastcount_purge Program Start
2012-10-21 03:44:26Z oee_empastcount_purge Program END 

Create log file
2012-10-21 03:50:00Z OEE_IS_Hourly_Check_alarm  Program Start
2012-10-21 03:50:00Z OEE_IS_Hourly_Check_alarm  Program END 

Create log file
2012-10-21 03:50:00Z ALCS_Hourly_Check_alarm  Program Start
2012-10-21 03:50:00Z ALCS_Hourly_Check_alarm  Program END 

Create log file
2012-10-21 03:50:01Z SERVER_SELF_CHECK   Program Start
2012-10-21 03:50:01Z SERVER_SELF_CHECK   Program END 

Create log file
2012-10-21 04:01:00ZArray_Photo Program Start
2012-10-21 04:01:02ZArray_Photo Program End

Create log file
2012-10-21 04:03:00ZArray_test_repeat Program Start
2012-10-21 04:03:00ZArray_test_repeat Program End

Create log file
2012-10-21 04:41:12Z oee_empaidxsummdaily_purge Program Start
2012-10-21 04:41:12Z oee_empaidxsummdaily_purge Program END 

Create log file
2012-10-21 04:42:05Z oee_empaidxsummhourly_purge Program Start
2012-10-21 04:42:05Z oee_empaidxsummhourly_purge Program END 

Create log file
2012-10-21 04:44:23Z oee_empastcount_purge Program Start
2012-10-21 04:44:23Z oee_empastcount_purge Program END 

Create log file
2012-10-21 04:50:00Z OEE_IS_Hourly_Check_alarm  Program Start
2012-10-21 04:50:00Z OEE_IS_Hourly_Check_alarm  Program END 

Create log file
2012-10-21 04:50:00Z ALCS_Hourly_Check_alarm  Program Start
2012-10-21 04:50:00Z ALCS_Hourly_Check_alarm  Program END 

Create log file
2012-10-21 04:50:01Z SERVER_SELF_CHECK   Program Start
2012-10-21 04:50:01Z SERVER_SELF_CHECK   Program END 

Create log file
2012-10-21 05:01:00ZArray_Photo Program Start
1250 log finish

2012-10-21 05:01:02ZArray_Photo Program End

Create log file
2012-10-21 05:03:00ZArray_test_repeat Program Start
2012-10-21 05:03:00ZArray_test_repeat Program End

Create log file
2012-10-21 05:30:00ZARY_HOLD_LOT Program Start
There are lots exceed process time for 24hrs, please check

There are lots exceed process time for 24hrs, please check

There are lots exceed process time for 24hrs, please check

There are lots exceed process time for 24hrs, please check

There are lots exceed process time for 24hrs, please check

There are lots exceed process time for 24hrs, please check

There are lots exceed process time for 24hrs, please check

There are lots exceed process time for 24hrs, please check

There are lots exceed process time for 24hrs, please check

There are lots exceed process time for 24hrs, please check

There are lots exceed process time for 24hrs, please check

There are lots exceed process time for 24hrs, please check

There are lots exceed process time for 24hrs, please check

There are lots exceed process time for 24hrs, please check

There are lots exceed process time for 24hrs, please check

There are lots exceed process time for 24hrs, please check

There are lots exceed process time for 24hrs, please check

There are lots exceed process time for 24hrs, please check

2012-10-21 05:30:13ZARY_HOLD_LOT Program End

Create log file
2012-10-21 05:41:14Z oee_empaidxsummdaily_purge Program Start
2012-10-21 05:41:14Z oee_empaidxsummdaily_purge Program END 

Create log file
2012-10-21 05:42:13Z oee_empaidxsummhourly_purge Program Start
2012-10-21 05:42:13Z oee_empaidxsummhourly_purge Program END 

Create log file
2012-10-21 05:44:23Z oee_empastcount_purge Program Start
2012-10-21 05:44:23Z oee_empastcount_purge Program END 

Create log file
2012-10-21 05:50:00Z OEE_IS_Hourly_Check_alarm  Program Start
2012-10-21 05:50:00Z OEE_IS_Hourly_Check_alarm  Program END 

Create log file
2012-10-21 05:50:00Z ALCS_Hourly_Check_alarm  Program Start
2012-10-21 05:50:00Z ALCS_Hourly_Check_alarm  Program END 

Create log file
2012-10-21 05:50:01Z SERVER_SELF_CHECK   Program Start
2012-10-21 05:50:01Z SERVER_SELF_CHECK   Program END 

Create log file
2012-10-21 06:01:00ZArray_Photo Program Start
2012-10-21 06:01:02ZArray_Photo Program End

Create log file
2012-10-21 06:03:00ZArray_test_repeat Program Start
2012-10-21 06:03:00ZArray_test_repeat Program End

Create log file
2012-10-21 06:41:18Z oee_empaidxsummdaily_purge Program Start
2012-10-21 06:41:18Z oee_empaidxsummdaily_purge Program END 

Create log file
2012-10-21 06:42:25Z oee_empaidxsummhourly_purge Program Start
2012-10-21 06:42:25Z oee_empaidxsummhourly_purge Program END 

Create log file
2012-10-21 06:44:28Z oee_empastcount_purge Program Start
2012-10-21 06:44:28Z oee_empastcount_purge Program END 

Create log file
2012-10-21 06:50:55Z ODS_Recover_Lot 150 Lots Program Start
2012-10-21 06:50:55Z ODS_Recover_Lot 150 Lots Program END 

Create log file
2012-10-21 06:51:01Z OEE_IS_Hourly_Check_alarm  Program Start
2012-10-21 06:51:01Z OEE_IS_Hourly_Check_alarm  Program END 

Create log file
2012-10-21 06:51:01Z ALCS_Hourly_Check_alarm  Program Start
2012-10-21 06:51:01Z ALCS_Hourly_Check_alarm  Program END 

Create log file
2012-10-21 06:51:02Z SERVER_SELF_CHECK   Program Start
2012-10-21 06:51:02Z SERVER_SELF_CHECK   Program END 

Create log file
2012-10-21 07:01:00ZArray_Photo Program Start
1250 log finish

2012-10-21 07:01:03ZArray_Photo Program End

Create log file
2012-10-21 07:03:00ZArray_test_repeat Program Start
2012-10-21 07:03:00ZArray_test_repeat Program End

Create log file
2012-10-21 07:31:48Z OEELH_fixed_data_Daily Program Start
2012-10-21 07:31:48Z OEELH_fixed_data_Daily Program END 

Create log file
2012-10-21 07:41:16Z oee_empaidxsummdaily_purge Program Start
2012-10-21 07:41:16Z oee_empaidxsummdaily_purge Program END 

Create log file
2012-10-21 07:42:15Z oee_empaidxsummhourly_purge Program Start
2012-10-21 07:42:15Z oee_empaidxsummhourly_purge Program END 

Create log file
2012-10-21 07:44:26Z oee_empastcount_purge Program Start
2012-10-21 07:44:26Z oee_empastcount_purge Program END 

Create log file
2012-10-21 07:50:06Z OEE_IS_Hourly_Check_alarm  Program Start
2012-10-21 07:50:06Z OEE_IS_Hourly_Check_alarm  Program END 

Create log file
2012-10-21 07:50:10Z ALCS_Hourly_Check_alarm  Program Start
2012-10-21 07:50:10Z ALCS_Hourly_Check_alarm  Program END 

Create log file
2012-10-21 07:50:13Z SERVER_SELF_CHECK   Program Start
2012-10-21 07:50:13Z SERVER_SELF_CHECK   Program END 

Create log file
2012-10-21 08:00:00Z Check_Onduty_Time From Onduty_dotnet2  Program Start
2012-10-21 08:00:00Z Check_Onduty_Time From Onduty_dotnet2  Program END 

Create log file
2012-10-21 08:01:00ZArray_Photo Program Start
1250 log finish

2012-10-21 08:01:03ZArray_Photo Program End

Create log file
2012-10-21 08:03:00ZArray_test_repeat Program Start
2012-10-21 08:03:00ZArray_test_repeat Program End

Create log file
2012-10-21 08:30:00ZHoliday_inout_SMS Program Start
SMS log finish

2012-10-21 08:30:00ZHoliday_Inout_SMS Program End

Create log file
2012-10-21 08:32:00ZOEE_EQP_SMS Program Start
Holiday_OEE_EQP_T0A_SMS log finish

Holiday_OEE_EQP_T1A_SMS log finish

Holiday_OEE_EQP_T1C_SMS log finish

Holiday_OEE_EQP_T1F_SMS log finish

2012-10-21 08:32:44ZOEE_EQP_SMS Program End

Create log file
2012-10-21 08:41:18Z oee_empaidxsummdaily_purge Program Start
2012-10-21 08:41:18Z oee_empaidxsummdaily_purge Program END 

Create log file
2012-10-21 08:42:22Z oee_empaidxsummhourly_purge Program Start
2012-10-21 08:42:22Z oee_empaidxsummhourly_purge Program END 

Create log file
2012-10-21 08:44:31Z oee_empastcount_purge Program Start
2012-10-21 08:44:31Z oee_empastcount_purge Program END 

Create log file
2012-10-21 08:45:00ZHoliday_inout_SMS_For_C2 Program Start
SMS_C2 log finish

2012-10-21 08:45:07ZHoliday_Inout_SMS_For_C2 Program End

Create log file
2012-10-21 08:50:00Z OEE_IS_Hourly_Check_alarm  Program Start
2012-10-21 08:50:00Z OEE_IS_Hourly_Check_alarm  Program END 

Create log file
2012-10-21 08:50:00Z ALCS_Hourly_Check_alarm  Program Start
2012-10-21 08:50:00Z ALCS_Hourly_Check_alarm  Program END 

Create log file
2012-10-21 08:50:01Z SERVER_SELF_CHECK   Program Start
2012-10-21 08:50:01Z SERVER_SELF_CHECK   Program END 

Create log file
2012-10-21 09:01:01ZArray_Photo Program Start
2012-10-21 09:01:03ZArray_Photo Program End

Create log file
2012-10-21 09:03:00ZArray_test_repeat Program Start
2012-10-21 09:03:00ZArray_test_repeat Program End

Create log file
2012-10-21 09:30:00ZARY_HOLD_LOT Program Start
There are lots exceed process time for 24hrs, please check

There are lots exceed process time for 24hrs, please check

There are lots exceed process time for 24hrs, please check

There are lots exceed process time for 24hrs, please check

There are lots exceed process time for 24hrs, please check

There are lots exceed process time for 24hrs, please check

There are lots exceed process time for 24hrs, please check

There are lots exceed process time for 24hrs, please check

There are lots exceed process time for 24hrs, please check

There are lots exceed process time for 24hrs, please check

There are lots exceed process time for 24hrs, please check

There are lots exceed process time for 24hrs, please check

There are lots exceed process time for 24hrs, please check

There are lots exceed process time for 24hrs, please check

There are lots exceed process time for 24hrs, please check

There are lots exceed process time for 24hrs, please check

2012-10-21 09:30:16ZARY_HOLD_LOT Program End

Create log file
2012-10-21 09:41:15Z oee_empaidxsummdaily_purge Program Start
2012-10-21 09:41:15Z oee_empaidxsummdaily_purge Program END 

Create log file
2012-10-21 09:42:17Z oee_empaidxsummhourly_purge Program Start
2012-10-21 09:42:17Z oee_empaidxsummhourly_purge Program END 

Create log file
2012-10-21 09:44:38Z oee_empastcount_purge Program Start
2012-10-21 09:44:38Z oee_empastcount_purge Program END 

Create log file
2012-10-21 09:50:00Z OEE_IS_Hourly_Check_alarm  Program Start
2012-10-21 09:50:00Z OEE_IS_Hourly_Check_alarm  Program END 

Create log file
2012-10-21 09:50:00Z ALCS_Hourly_Check_alarm  Program Start
2012-10-21 09:50:00Z ALCS_Hourly_Check_alarm  Program END 

Create log file
2012-10-21 09:50:01Z SERVER_SELF_CHECK   Program Start
2012-10-21 09:50:01Z SERVER_SELF_CHECK   Program END 

Create log file
2012-10-21 10:01:00ZArray_Photo Program Start
1150 log finish

1250 log finish

2012-10-21 10:01:03ZArray_Photo Program End

Create log file
2012-10-21 10:03:00ZArray_test_repeat Program Start
2012-10-21 10:03:00ZArray_test_repeat Program End

Create log file
2012-10-21 10:41:14Z oee_empaidxsummdaily_purge Program Start
2012-10-21 10:41:14Z oee_empaidxsummdaily_purge Program END 

Create log file
2012-10-21 10:42:07Z oee_empaidxsummhourly_purge Program Start
2012-10-21 10:42:07Z oee_empaidxsummhourly_purge Program END 

Create log file
2012-10-21 10:44:26Z oee_empastcount_purge Program Start
2012-10-21 10:44:26Z oee_empastcount_purge Program END 

Create log file
2012-10-21 10:50:00Z OEE_IS_Hourly_Check_alarm  Program Start
2012-10-21 10:50:00Z OEE_IS_Hourly_Check_alarm  Program END 

Create log file
2012-10-21 10:50:00Z ALCS_Hourly_Check_alarm  Program Start
2012-10-21 10:50:00Z ALCS_Hourly_Check_alarm  Program END 

Create log file
2012-10-21 10:50:02Z SERVER_SELF_CHECK   Program Start
2012-10-21 10:50:02Z SERVER_SELF_CHECK   Program END 

Create log file
2012-10-21 11:01:00ZArray_Photo Program Start
1150 log finish

2012-10-21 11:01:02ZArray_Photo Program End

Create log file
2012-10-21 11:03:00ZArray_test_repeat Program Start
2012-10-21 11:03:00ZArray_test_repeat Program End

Create log file
2012-10-21 11:40:00Z T1OEE Purge Program Start
2012-10-21 11:40:00Z T1OEE Purge Program END 

Create log file
2012-10-21 11:41:14Z oee_empaidxsummdaily_purge Program Start
2012-10-21 11:41:14Z oee_empaidxsummdaily_purge Program END 

Create log file
2012-10-21 11:42:11Z oee_empaidxsummhourly_purge Program Start
2012-10-21 11:42:11Z oee_empaidxsummhourly_purge Program END 

Create log file
2012-10-21 11:44:39Z oee_empastcount_purge Program Start
2012-10-21 11:44:39Z oee_empastcount_purge Program END 

Create log file
2012-10-21 11:50:00Z OEE_IS_Hourly_Check_alarm  Program Start
2012-10-21 11:50:00Z OEE_IS_Hourly_Check_alarm  Program END 

Create log file
2012-10-21 11:50:00Z ALCS_Hourly_Check_alarm  Program Start
2012-10-21 11:50:00Z ALCS_Hourly_Check_alarm  Program END 

Create log file
2012-10-21 11:50:01Z SERVER_SELF_CHECK   Program Start
2012-10-21 11:50:01Z SERVER_SELF_CHECK   Program END 

Create log file
2012-10-21 12:01:00ZArray_Photo Program Start
1150 log finish

2012-10-21 12:01:03ZArray_Photo Program End

Create log file
2012-10-21 12:03:00ZArray_test_repeat Program Start
2012-10-21 12:03:00ZArray_test_repeat Program End

Create log file
2012-10-21 12:41:22Z oee_empaidxsummdaily_purge Program Start
2012-10-21 12:41:22Z oee_empaidxsummdaily_purge Program END 

Create log file
2012-10-21 12:43:16Z oee_empaidxsummhourly_purge Program Start
2012-10-21 12:43:16Z oee_empaidxsummhourly_purge Program END 

Create log file
2012-10-21 12:47:01Z oee_empastcount_purge Program Start
2012-10-21 12:47:01Z oee_empastcount_purge Program END 

Create log file
2012-10-21 12:50:00Z OEE_IS_Hourly_Check_alarm  Program Start
2012-10-21 12:50:00Z OEE_IS_Hourly_Check_alarm  Program END 

Create log file
2012-10-21 12:50:01Z ALCS_Hourly_Check_alarm  Program Start
2012-10-21 12:50:01Z ALCS_Hourly_Check_alarm  Program END 

Create log file
2012-10-21 12:50:02Z SERVER_SELF_CHECK   Program Start
2012-10-21 12:50:02Z SERVER_SELF_CHECK   Program END 

Create log file
2012-10-21 13:01:00ZArray_Photo Program Start
1150 log finish

2012-10-21 13:01:02ZArray_Photo Program End

Create log file
2012-10-21 13:03:00ZArray_test_repeat Program Start
2012-10-21 13:03:00ZArray_test_repeat Program End

Create log file
2012-10-21 13:30:00ZARY_HOLD_LOT Program Start
There are lots exceed process time for 24hrs, please check

There are lots exceed process time for 24hrs, please check

There are lots exceed process time for 48hrs, please check

There are lots exceed process time for 24hrs, please check

There are lots exceed process time for 24hrs, please check

There are lots exceed process time for 24hrs, please check

There are lots exceed process time for 24hrs, please check

There are lots exceed process time for 48hrs, please check

There are lots exceed process time for 24hrs, please check

There are lots exceed process time for 24hrs, please check

There are lots exceed process time for 48hrs, please check

There are lots exceed process time for 24hrs, please check

There are lots exceed process time for 24hrs, please check

There are lots exceed process time for 48hrs, please check

There are lots exceed process time for 24hrs, please check

There are lots exceed process time for 24hrs, please check

There are lots exceed process time for 48hrs, please check

There are lots exceed process time for 24hrs, please check

There are lots exceed process time for 24hrs, please check

There are lots exceed process time for 48hrs, please check

There are lots exceed process time for 24hrs, please check

There are lots exceed process time for 24hrs, please check

There are lots exceed process time for 48hrs, please check

There are lots exceed process time for 24hrs, please check

There are lots exceed process time for 24hrs, please check

There are lots exceed process time for 48hrs, please check

There are lots exceed process time for 24hrs, please check

There are lots exceed process time for 24hrs, please check

There are lots exceed process time for 48hrs, please check

There are lots exceed process time for 24hrs, please check

There are lots exceed process time for 24hrs, please check

There are lots exceed process time for 48hrs, please check

There are lots exceed process time for 24hrs, please check

There are lots exceed process time for 24hrs, please check

There are lots exceed process time for 48hrs, please check

There are lots exceed process time for 24hrs, please check

There are lots exceed process time for 24hrs, please check

There are lots exceed process time for 48hrs, please check

There are lots exceed process time for 24hrs, please check

There are lots exceed process time for 24hrs, please check

There are lots exceed process time for 48hrs, please check

There are lots exceed process time for 24hrs, please check

There are lots exceed process time for 24hrs, please check

There are lots exceed process time for 48hrs, please check

There are lots exceed process time for 24hrs, please check

There are lots exceed process time for 24hrs, please check

2012-10-21 13:30:20ZARY_HOLD_LOT Program End

Create log file
2012-10-21 13:41:17Z oee_empaidxsummdaily_purge Program Start
2012-10-21 13:41:17Z oee_empaidxsummdaily_purge Program END 

Create log file
2012-10-21 13:42:00Z oee_empaidxsummhourly_purge Program Start
2012-10-21 13:42:00Z oee_empaidxsummhourly_purge Program END 

Create log file
2012-10-21 13:46:16Z oee_empastcount_purge Program Start
2012-10-21 13:46:16Z oee_empastcount_purge Program END 

Create log file
2012-10-21 13:50:00Z OEE_IS_Hourly_Check_alarm  Program Start
2012-10-21 13:50:00Z OEE_IS_Hourly_Check_alarm  Program END 

Create log file
2012-10-21 13:50:04Z ALCS_Hourly_Check_alarm  Program Start
2012-10-21 13:50:04Z ALCS_Hourly_Check_alarm  Program END 

Create log file
2012-10-21 13:50:04Z SERVER_SELF_CHECK   Program Start
2012-10-21 13:50:04Z SERVER_SELF_CHECK   Program END 

Create log file
2012-10-21 14:01:00ZArray_Photo Program Start
1150 log finish

2012-10-21 14:01:02ZArray_Photo Program End

Create log file
2012-10-21 14:03:00ZArray_test_repeat Program Start
2012-10-21 14:03:01ZArray_test_repeat Program End

Create log file
2012-10-21 14:41:14Z oee_empaidxsummdaily_purge Program Start
2012-10-21 14:41:14Z oee_empaidxsummdaily_purge Program END 

Create log file
2012-10-21 14:41:39Z oee_empaidxsummhourly_purge Program Start
2012-10-21 14:41:39Z oee_empaidxsummhourly_purge Program END 

Create log file
2012-10-21 14:44:25Z oee_empastcount_purge Program Start
2012-10-21 14:44:25Z oee_empastcount_purge Program END 

Create log file
2012-10-21 14:50:00Z OEE_IS_Hourly_Check_alarm  Program Start
2012-10-21 14:50:00Z OEE_IS_Hourly_Check_alarm  Program END 

Create log file
2012-10-21 14:50:00Z ALCS_Hourly_Check_alarm  Program Start
2012-10-21 14:50:00Z ALCS_Hourly_Check_alarm  Program END 

Create log file
2012-10-21 14:50:01Z SERVER_SELF_CHECK   Program Start
2012-10-21 14:50:01Z SERVER_SELF_CHECK   Program END 

Create log file
2012-10-21 15:01:00ZArray_Photo Program Start
1150 log finish

2012-10-21 15:01:03ZArray_Photo Program End

Create log file
2012-10-21 15:03:00ZArray_test_repeat Program Start
2012-10-21 15:03:00ZArray_test_repeat Program End

Create log file
2012-10-21 15:41:19Z oee_empaidxsummdaily_purge Program Start
2012-10-21 15:41:19Z oee_empaidxsummdaily_purge Program END 

Create log file
2012-10-21 15:41:40Z oee_empaidxsummhourly_purge Program Start
2012-10-21 15:41:40Z oee_empaidxsummhourly_purge Program END 

Create log file
2012-10-21 15:44:28Z oee_empastcount_purge Program Start
2012-10-21 15:44:28Z oee_empastcount_purge Program END 

Create log file
2012-10-21 15:50:00Z OEE_IS_Hourly_Check_alarm  Program Start
2012-10-21 15:50:00Z OEE_IS_Hourly_Check_alarm  Program END 

Create log file
2012-10-21 15:50:00Z ALCS_Hourly_Check_alarm  Program Start
2012-10-21 15:50:00Z ALCS_Hourly_Check_alarm  Program END 

Create log file
2012-10-21 15:50:01Z SERVER_SELF_CHECK   Program Start
2012-10-21 15:50:01Z SERVER_SELF_CHECK   Program END 

Create log file
2012-10-21 16:01:00ZArray_Photo Program Start
1150 log finish

2012-10-21 16:01:03ZArray_Photo Program End

Create log file
2012-10-21 16:03:00ZArray_test_repeat Program Start
2012-10-21 16:03:00ZArray_test_repeat Program End

Create log file
2012-10-21 16:41:13Z oee_empaidxsummdaily_purge Program Start
2012-10-21 16:41:13Z oee_empaidxsummdaily_purge Program END 

Create log file
2012-10-21 16:41:44Z oee_empaidxsummhourly_purge Program Start
2012-10-21 16:41:44Z oee_empaidxsummhourly_purge Program END 

Create log file
2012-10-21 16:44:29Z oee_empastcount_purge Program Start
2012-10-21 16:44:29Z oee_empastcount_purge Program END 

Create log file
2012-10-21 16:50:00Z OEE_IS_Hourly_Check_alarm  Program Start
2012-10-21 16:50:00Z OEE_IS_Hourly_Check_alarm  Program END 

Create log file
2012-10-21 16:50:00Z ALCS_Hourly_Check_alarm  Program Start
2012-10-21 16:50:00Z ALCS_Hourly_Check_alarm  Program END 

Create log file
2012-10-21 16:50:01Z SERVER_SELF_CHECK   Program Start
2012-10-21 16:50:01Z SERVER_SELF_CHECK   Program END 

Create log file
2012-10-21 17:01:00ZArray_Photo Program Start
1150 log finish

2012-10-21 17:01:03ZArray_Photo Program End

Create log file
2012-10-21 17:03:00ZArray_test_repeat Program Start
2012-10-21 17:03:00ZArray_test_repeat Program End

Create log file
2012-10-21 17:30:00ZARY_HOLD_LOT Program Start
There are lots exceed process time for 24hrs, please check

There are lots exceed process time for 24hrs, please check

There are lots exceed process time for 24hrs, please check

There are lots exceed process time for 24hrs, please check

There are lots exceed process time for 24hrs, please check

There are lots exceed process time for 24hrs, please check

There are lots exceed process time for 24hrs, please check

There are lots exceed process time for 24hrs, please check

There are lots exceed process time for 24hrs, please check

There are lots exceed process time for 24hrs, please check

There are lots exceed process time for 24hrs, please check

There are lots exceed process time for 24hrs, please check

There are lots exceed process time for 24hrs, please check

There are lots exceed process time for 24hrs, please check

There are lots exceed process time for 24hrs, please check

There are lots exceed process time for 24hrs, please check

2012-10-21 17:30:12ZARY_HOLD_LOT Program End

Create log file
2012-10-21 17:41:15Z oee_empaidxsummdaily_purge Program Start
2012-10-21 17:41:15Z oee_empaidxsummdaily_purge Program END 

Create log file
2012-10-21 17:41:40Z oee_empaidxsummhourly_purge Program Start
2012-10-21 17:41:40Z oee_empaidxsummhourly_purge Program END 

Create log file
2012-10-21 17:44:25Z oee_empastcount_purge Program Start
2012-10-21 17:44:25Z oee_empastcount_purge Program END 

Create log file
2012-10-21 17:50:00Z OEE_IS_Hourly_Check_alarm  Program Start
2012-10-21 17:50:00Z OEE_IS_Hourly_Check_alarm  Program END 

Create log file
2012-10-21 17:50:00Z ALCS_Hourly_Check_alarm  Program Start
2012-10-21 17:50:00Z ALCS_Hourly_Check_alarm  Program END 

Create log file
2012-10-21 17:50:01Z SERVER_SELF_CHECK   Program Start
2012-10-21 17:50:01Z SERVER_SELF_CHECK   Program END 

Create log file
2012-10-21 18:01:00ZArray_Photo Program Start
1150 log finish

1350 log finish

2012-10-21 18:01:03ZArray_Photo Program End

Create log file
2012-10-21 18:03:00ZArray_test_repeat Program Start
2012-10-21 18:03:00ZArray_test_repeat Program End

Create log file
2012-10-21 18:41:15Z oee_empaidxsummdaily_purge Program Start
2012-10-21 18:41:15Z oee_empaidxsummdaily_purge Program END 

Create log file
2012-10-21 18:41:41Z oee_empaidxsummhourly_purge Program Start
2012-10-21 18:41:41Z oee_empaidxsummhourly_purge Program END 

Create log file
2012-10-21 18:44:25Z oee_empastcount_purge Program Start
2012-10-21 18:44:25Z oee_empastcount_purge Program END 

Create log file
2012-10-21 18:50:00Z OEE_IS_Hourly_Check_alarm  Program Start
2012-10-21 18:50:00Z OEE_IS_Hourly_Check_alarm  Program END 

Create log file
2012-10-21 18:50:00Z ALCS_Hourly_Check_alarm  Program Start
2012-10-21 18:50:00Z ALCS_Hourly_Check_alarm  Program END 

Create log file
2012-10-21 18:50:01Z SERVER_SELF_CHECK   Program Start
2012-10-21 18:50:01Z SERVER_SELF_CHECK   Program END 

Create log file
2012-10-21 19:01:00ZArray_Photo Program Start
1150 log finish

2012-10-21 19:01:03ZArray_Photo Program End

Create log file
2012-10-21 19:03:00ZArray_test_repeat Program Start
2012-10-21 19:03:00ZArray_test_repeat Program End

Create log file
2012-10-21 19:41:15Z oee_empaidxsummdaily_purge Program Start
2012-10-21 19:41:15Z oee_empaidxsummdaily_purge Program END 

Create log file
2012-10-21 19:41:46Z oee_empaidxsummhourly_purge Program Start
2012-10-21 19:41:46Z oee_empaidxsummhourly_purge Program END 

Create log file
2012-10-21 19:44:51Z oee_empastcount_purge Program Start
2012-10-21 19:44:51Z oee_empastcount_purge Program END 

Create log file
2012-10-21 19:50:00Z OEE_IS_Hourly_Check_alarm  Program Start
2012-10-21 19:50:00Z OEE_IS_Hourly_Check_alarm  Program END 

Create log file
2012-10-21 19:50:00Z ALCS_Hourly_Check_alarm  Program Start
2012-10-21 19:50:00Z ALCS_Hourly_Check_alarm  Program END 

Create log file
2012-10-21 19:50:03Z SERVER_SELF_CHECK   Program Start
2012-10-21 19:50:03Z SERVER_SELF_CHECK   Program END 

Create log file
2012-10-21 20:01:00ZArray_Photo Program Start
2012-10-21 20:01:02ZArray_Photo Program End

Create log file
2012-10-21 20:03:00ZArray_test_repeat Program Start
2012-10-21 20:03:00ZArray_test_repeat Program End

Create log file
2012-10-21 20:41:17Z oee_empaidxsummdaily_purge Program Start
2012-10-21 20:41:17Z oee_empaidxsummdaily_purge Program END 

Create log file
2012-10-21 20:41:42Z oee_empaidxsummhourly_purge Program Start
2012-10-21 20:41:42Z oee_empaidxsummhourly_purge Program END 

Create log file
2012-10-21 20:44:39Z oee_empastcount_purge Program Start
2012-10-21 20:44:39Z oee_empastcount_purge Program END 

Create log file
2012-10-21 20:50:00Z OEE_IS_Hourly_Check_alarm  Program Start
2012-10-21 20:50:00Z OEE_IS_Hourly_Check_alarm  Program END 

Create log file
2012-10-21 20:50:00Z ALCS_Hourly_Check_alarm  Program Start
2012-10-21 20:50:00Z ALCS_Hourly_Check_alarm  Program END 

Create log file
2012-10-21 20:50:01Z SERVER_SELF_CHECK   Program Start
2012-10-21 20:50:01Z SERVER_SELF_CHECK   Program END 

Create log file
2012-10-21 21:01:00ZArray_Photo Program Start
2012-10-21 21:01:02ZArray_Photo Program End

Create log file
2012-10-21 21:03:00ZArray_test_repeat Program Start
2012-10-21 21:03:00ZArray_test_repeat Program End

Create log file
2012-10-21 21:30:00ZARY_HOLD_LOT Program Start
There are lots exceed process time for 24hrs, please check

There are lots exceed process time for 24hrs, please check

There are lots exceed process time for 24hrs, please check

There are lots exceed process time for 24hrs, please check

There are lots exceed process time for 24hrs, please check

There are lots exceed process time for 24hrs, please check

There are lots exceed process time for 24hrs, please check

There are lots exceed process time for 24hrs, please check

There are lots exceed process time for 24hrs, please check

There are lots exceed process time for 24hrs, please check

There are lots exceed process time for 24hrs, please check

There are lots exceed process time for 24hrs, please check

There are lots exceed process time for 24hrs, please check

There are lots exceed process time for 24hrs, please check

There are lots exceed process time for 24hrs, please check

There are lots exceed process time for 24hrs, please check

2012-10-21 21:30:13ZARY_HOLD_LOT Program End

Create log file
2012-10-21 21:41:14Z oee_empaidxsummdaily_purge Program Start
2012-10-21 21:41:14Z oee_empaidxsummdaily_purge Program END 

Create log file
2012-10-21 21:41:42Z oee_empaidxsummhourly_purge Program Start
2012-10-21 21:41:42Z oee_empaidxsummhourly_purge Program END 

Create log file
2012-10-21 21:44:41Z oee_empastcount_purge Program Start
2012-10-21 21:44:41Z oee_empastcount_purge Program END 

Create log file
2012-10-21 21:50:00Z OEE_IS_Hourly_Check_alarm  Program Start
2012-10-21 21:50:00Z OEE_IS_Hourly_Check_alarm  Program END 

Create log file
2012-10-21 21:50:00Z ALCS_Hourly_Check_alarm  Program Start
2012-10-21 21:50:00Z ALCS_Hourly_Check_alarm  Program END 

Create log file
2012-10-21 21:50:01Z SERVER_SELF_CHECK   Program Start
2012-10-21 21:50:01Z SERVER_SELF_CHECK   Program END 

Create log file
2012-10-21 22:00:00ZSERVER_SMS_TEST Program Start
SMS log finish

2012-10-21 22:00:00ZSERVER_SMS_TEST Program End

Create log file
2012-10-21 22:01:00ZArray_Photo Program Start
1150 log finish

2012-10-21 22:01:02ZArray_Photo Program End

Create log file
2012-10-21 22:03:00ZArray_test_repeat Program Start
2012-10-21 22:03:00ZArray_test_repeat Program End

Create log file
2012-10-21 22:41:24Z oee_empaidxsummdaily_purge Program Start
2012-10-21 22:41:24Z oee_empaidxsummdaily_purge Program END 

Create log file
2012-10-21 22:41:56Z oee_empaidxsummhourly_purge Program Start
2012-10-21 22:41:56Z oee_empaidxsummhourly_purge Program END 

Create log file
2012-10-21 22:44:56Z oee_empastcount_purge Program Start
2012-10-21 22:44:56Z oee_empastcount_purge Program END 

Create log file
2012-10-21 22:50:00Z OEE_IS_Hourly_Check_alarm  Program Start
2012-10-21 22:50:00Z OEE_IS_Hourly_Check_alarm  Program END 

Create log file
2012-10-21 22:50:00Z ALCS_Hourly_Check_alarm  Program Start
2012-10-21 22:50:00Z ALCS_Hourly_Check_alarm  Program END 

Create log file
2012-10-21 22:50:01Z SERVER_SELF_CHECK   Program Start
2012-10-21 22:50:01Z SERVER_SELF_CHECK   Program END 

Create log file
2012-10-21 23:01:00ZArray_Photo Program Start
2012-10-21 23:01:02ZArray_Photo Program End

Create log file
2012-10-21 23:03:00ZArray_test_repeat Program Start
2012-10-21 23:03:00ZArray_test_repeat Program End

Create log file
2012-10-21 23:41:18Z oee_empaidxsummdaily_purge Program Start
2012-10-21 23:41:18Z oee_empaidxsummdaily_purge Program END 

Create log file
2012-10-21 23:42:53Z oee_empaidxsummhourly_purge Program Start
2012-10-21 23:42:53Z oee_empaidxsummhourly_purge Program END 

Create log file
2012-10-21 23:46:33Z oee_empastcount_purge Program Start
2012-10-21 23:46:33Z oee_empastcount_purge Program END 

Create log file
2012-10-21 23:50:00Z OEE_IS_Hourly_Check_alarm  Program Start
2012-10-21 23:50:00Z OEE_IS_Hourly_Check_alarm  Program END 

Create log file
2012-10-21 23:50:01Z ALCS_Hourly_Check_alarm  Program Start
2012-10-21 23:50:01Z ALCS_Hourly_Check_alarm  Program END 

Create log file
2012-10-21 23:50:01Z SERVER_SELF_CHECK   Program Start
2012-10-21 23:50:01Z SERVER_SELF_CHECK   Program END 

