Create log file
2012-10-26 00:01:00ZArray_Photo Program Start
1150 log finish

1350 log finish

2012-10-26 00:01:03ZArray_Photo Program End

Create log file
2012-10-26 00:03:00ZArray_test_repeat Program Start
2012-10-26 00:03:00ZArray_test_repeat Program End

Create log file
2012-10-26 00:10:00Z T0T1 InnoView Add User Program Start
2012-10-26 00:10:00Z T0T1 InnoView Add User Program END 

Create log file
2012-10-26 00:20:14Z VPNLOG_PARSER Program Start
2012-10-26 00:20:14Z VPNLOG_PARSER Program END 

Create log file
2012-10-26 00:30:00Z T0/T1 RealTimeDept Program Start
2012-10-26 00:30:00Z T0/T1 RealTimeDept Program END 

Create log file
2012-10-26 00:41:31Z oee_empaidxsummdaily_purge Program Start
2012-10-26 00:41:31Z oee_empaidxsummdaily_purge Program END 

Create log file
2012-10-26 00:42:31Z oee_empaidxsummhourly_purge Program Start
2012-10-26 00:42:31Z oee_empaidxsummhourly_purge Program END 

Create log file
2012-10-26 00:46:43Z oee_empastcount_purge Program Start
2012-10-26 00:46:43Z oee_empastcount_purge Program END 

Create log file
2012-10-26 00:50:00Z OEE_IS_Hourly_Check_alarm  Program Start
2012-10-26 00:50:00Z OEE_IS_Hourly_Check_alarm  Program END 

Create log file
2012-10-26 00:50:01Z ALCS_Hourly_Check_alarm  Program Start
2012-10-26 00:50:01Z ALCS_Hourly_Check_alarm  Program END 

Create log file
2012-10-26 00:50:04Z SERVER_SELF_CHECK   Program Start
2012-10-26 00:50:04Z SERVER_SELF_CHECK   Program END 

Create log file
2012-10-26 01:01:00ZArray_Photo Program Start
1150 log finish

1350 log finish

2012-10-26 01:01:02ZArray_Photo Program End

Create log file
2012-10-26 01:03:01ZArray_test_repeat Program Start
2012-10-26 01:03:02ZArray_test_repeat Program End

Create log file
2012-10-26 01:30:05ZARY_HOLD_LOT Program Start
There are lots exceed process time for 24hrs, please check

There are lots exceed process time for 24hrs, please check

There are lots exceed process time for 24hrs, please check

There are lots exceed process time for 24hrs, please check

There are lots exceed process time for 24hrs, please check

There are lots exceed process time for 24hrs, please check

There are lots exceed process time for 24hrs, please check

There are lots exceed process time for 24hrs, please check

There are lots exceed process time for 24hrs, please check

There are lots exceed process time for 24hrs, please check

There are lots exceed process time for 24hrs, please check

There are lots exceed process time for 24hrs, please check

There are lots exceed process time for 24hrs, please check

There are lots exceed process time for 24hrs, please check

There are lots exceed process time for 24hrs, please check

There are lots exceed process time for 24hrs, please check

There are lots exceed process time for 24hrs, please check

2012-10-26 01:30:24ZARY_HOLD_LOT Program End

Create log file
2012-10-26 01:41:13Z oee_empaidxsummdaily_purge Program Start
2012-10-26 01:41:13Z oee_empaidxsummdaily_purge Program END 

Create log file
2012-10-26 01:42:16Z oee_empaidxsummhourly_purge Program Start
2012-10-26 01:42:16Z oee_empaidxsummhourly_purge Program END 

Create log file
2012-10-26 01:44:27Z oee_empastcount_purge Program Start
2012-10-26 01:44:27Z oee_empastcount_purge Program END 

Create log file
2012-10-26 01:50:00Z OEE_IS_Hourly_Check_alarm  Program Start
2012-10-26 01:50:00Z OEE_IS_Hourly_Check_alarm  Program END 

Create log file
2012-10-26 01:50:00Z ALCS_Hourly_Check_alarm  Program Start
2012-10-26 01:50:00Z ALCS_Hourly_Check_alarm  Program END 

Create log file
2012-10-26 01:50:01Z SERVER_SELF_CHECK   Program Start
2012-10-26 01:50:01Z SERVER_SELF_CHECK   Program END 

Create log file
2012-10-26 02:01:00ZArray_Photo Program Start
1150 log finish

2012-10-26 02:01:03ZArray_Photo Program End

Create log file
2012-10-26 02:03:00ZArray_test_repeat Program Start
2012-10-26 02:03:00ZArray_test_repeat Program End

Create log file
2012-10-26 02:41:19Z oee_empaidxsummdaily_purge Program Start
2012-10-26 02:41:19Z oee_empaidxsummdaily_purge Program END 

Create log file
2012-10-26 02:42:11Z oee_empaidxsummhourly_purge Program Start
2012-10-26 02:42:11Z oee_empaidxsummhourly_purge Program END 

Create log file
2012-10-26 02:44:31Z oee_empastcount_purge Program Start
2012-10-26 02:44:31Z oee_empastcount_purge Program END 

Create log file
2012-10-26 02:50:00Z OEE_IS_Hourly_Check_alarm  Program Start
2012-10-26 02:50:00Z OEE_IS_Hourly_Check_alarm  Program END 

Create log file
2012-10-26 02:50:01Z ALCS_Hourly_Check_alarm  Program Start
2012-10-26 02:50:01Z ALCS_Hourly_Check_alarm  Program END 

Create log file
2012-10-26 02:50:01Z SERVER_SELF_CHECK   Program Start
2012-10-26 02:50:01Z SERVER_SELF_CHECK   Program END 

Create log file
2012-10-26 03:01:00ZArray_Photo Program Start
1150 log finish

2012-10-26 03:01:02ZArray_Photo Program End

Create log file
2012-10-26 03:03:00ZArray_test_repeat Program Start
2012-10-26 03:03:01ZArray_test_repeat Program End

Create log file
2012-10-26 03:41:19Z oee_empaidxsummdaily_purge Program Start
2012-10-26 03:41:19Z oee_empaidxsummdaily_purge Program END 

Create log file
2012-10-26 03:42:12Z oee_empaidxsummhourly_purge Program Start
2012-10-26 03:42:12Z oee_empaidxsummhourly_purge Program END 

Create log file
2012-10-26 03:44:27Z oee_empastcount_purge Program Start
2012-10-26 03:44:27Z oee_empastcount_purge Program END 

Create log file
2012-10-26 03:50:00Z OEE_IS_Hourly_Check_alarm  Program Start
2012-10-26 03:50:00Z OEE_IS_Hourly_Check_alarm  Program END 

Create log file
2012-10-26 03:50:04Z ALCS_Hourly_Check_alarm  Program Start
2012-10-26 03:50:04Z ALCS_Hourly_Check_alarm  Program END 

Create log file
2012-10-26 03:50:05Z SERVER_SELF_CHECK   Program Start
2012-10-26 03:50:05Z SERVER_SELF_CHECK   Program END 

Create log file
2012-10-26 04:01:00ZArray_Photo Program Start
1150 log finish

1450 log finish

2012-10-26 04:01:03ZArray_Photo Program End

Create log file
2012-10-26 04:03:00ZArray_test_repeat Program Start
2012-10-26 04:03:00ZArray_test_repeat Program End

Create log file
2012-10-26 04:41:22Z oee_empaidxsummdaily_purge Program Start
2012-10-26 04:41:22Z oee_empaidxsummdaily_purge Program END 

Create log file
2012-10-26 04:42:11Z oee_empaidxsummhourly_purge Program Start
2012-10-26 04:42:11Z oee_empaidxsummhourly_purge Program END 

Create log file
2012-10-26 04:44:26Z oee_empastcount_purge Program Start
2012-10-26 04:44:26Z oee_empastcount_purge Program END 

Create log file
2012-10-26 04:50:00Z OEE_IS_Hourly_Check_alarm  Program Start
2012-10-26 04:50:00Z OEE_IS_Hourly_Check_alarm  Program END 

Create log file
2012-10-26 04:50:02Z ALCS_Hourly_Check_alarm  Program Start
2012-10-26 04:50:02Z ALCS_Hourly_Check_alarm  Program END 

Create log file
2012-10-26 04:50:03Z SERVER_SELF_CHECK   Program Start
2012-10-26 04:50:03Z SERVER_SELF_CHECK   Program END 

Create log file
2012-10-26 05:01:00ZArray_Photo Program Start
2012-10-26 05:01:03ZArray_Photo Program End

Create log file
2012-10-26 05:03:00ZArray_test_repeat Program Start
2012-10-26 05:03:00ZArray_test_repeat Program End

Create log file
2012-10-26 05:30:01ZARY_HOLD_LOT Program Start
There are lots exceed process time for 24hrs, please check

There are lots exceed process time for 24hrs, please check

There are lots exceed process time for 24hrs, please check

There are lots exceed process time for 24hrs, please check

There are lots exceed process time for 24hrs, please check

There are lots exceed process time for 24hrs, please check

There are lots exceed process time for 24hrs, please check

There are lots exceed process time for 24hrs, please check

There are lots exceed process time for 24hrs, please check

There are lots exceed process time for 24hrs, please check

There are lots exceed process time for 24hrs, please check

There are lots exceed process time for 24hrs, please check

There are lots exceed process time for 24hrs, please check

There are lots exceed process time for 24hrs, please check

There are lots exceed process time for 24hrs, please check

There are lots exceed process time for 24hrs, please check

There are lots exceed process time for 24hrs, please check

2012-10-26 05:30:17ZARY_HOLD_LOT Program End

Create log file
2012-10-26 05:41:13Z oee_empaidxsummdaily_purge Program Start
2012-10-26 05:41:14Z oee_empaidxsummdaily_purge Program END 

Create log file
2012-10-26 05:42:10Z oee_empaidxsummhourly_purge Program Start
2012-10-26 05:42:10Z oee_empaidxsummhourly_purge Program END 

Create log file
2012-10-26 05:44:30Z oee_empastcount_purge Program Start
2012-10-26 05:44:30Z oee_empastcount_purge Program END 

Create log file
2012-10-26 05:50:00Z OEE_IS_Hourly_Check_alarm  Program Start
2012-10-26 05:50:00Z OEE_IS_Hourly_Check_alarm  Program END 

Create log file
2012-10-26 05:50:00Z ALCS_Hourly_Check_alarm  Program Start
2012-10-26 05:50:00Z ALCS_Hourly_Check_alarm  Program END 

Create log file
2012-10-26 05:50:01Z SERVER_SELF_CHECK   Program Start
2012-10-26 05:50:01Z SERVER_SELF_CHECK   Program END 

Create log file
2012-10-26 06:01:00ZArray_Photo Program Start
1450 log finish

2012-10-26 06:01:03ZArray_Photo Program End

Create log file
2012-10-26 06:03:00ZArray_test_repeat Program Start
2012-10-26 06:03:00ZArray_test_repeat Program End

Create log file
2012-10-26 06:41:18Z oee_empaidxsummdaily_purge Program Start
2012-10-26 06:41:18Z oee_empaidxsummdaily_purge Program END 

Create log file
2012-10-26 06:42:15Z oee_empaidxsummhourly_purge Program Start
2012-10-26 06:42:15Z oee_empaidxsummhourly_purge Program END 

Create log file
2012-10-26 06:44:33Z oee_empastcount_purge Program Start
2012-10-26 06:44:33Z oee_empastcount_purge Program END 

Create log file
2012-10-26 06:50:44Z ODS_Recover_Lot 156 Lots Program Start
2012-10-26 06:50:44Z ODS_Recover_Lot 156 Lots Program END 

Create log file
2012-10-26 06:51:05Z OEE_IS_Hourly_Check_alarm  Program Start
2012-10-26 06:51:05Z OEE_IS_Hourly_Check_alarm  Program END 

Create log file
2012-10-26 06:51:06Z ALCS_Hourly_Check_alarm  Program Start
2012-10-26 06:51:06Z ALCS_Hourly_Check_alarm  Program END 

Create log file
2012-10-26 06:51:06Z SERVER_SELF_CHECK   Program Start
2012-10-26 06:51:06Z SERVER_SELF_CHECK   Program END 

Create log file
2012-10-26 07:01:00ZArray_Photo Program Start
1150 log finish

1450 log finish

2012-10-26 07:01:03ZArray_Photo Program End

Create log file
2012-10-26 07:03:00ZArray_test_repeat Program Start
2012-10-26 07:03:00ZArray_test_repeat Program End

Create log file
2012-10-26 07:41:19Z oee_empaidxsummdaily_purge Program Start
2012-10-26 07:41:19Z oee_empaidxsummdaily_purge Program END 

Create log file
2012-10-26 07:42:12Z oee_empaidxsummhourly_purge Program Start
2012-10-26 07:42:12Z oee_empaidxsummhourly_purge Program END 

Create log file
2012-10-26 07:44:29Z oee_empastcount_purge Program Start
2012-10-26 07:44:29Z oee_empastcount_purge Program END 

Create log file
2012-10-26 07:50:03Z OEE_IS_Hourly_Check_alarm  Program Start
2012-10-26 07:50:03Z OEE_IS_Hourly_Check_alarm  Program END 

Create log file
2012-10-26 07:50:03Z ALCS_Hourly_Check_alarm  Program Start
2012-10-26 07:50:03Z ALCS_Hourly_Check_alarm  Program END 

Create log file
2012-10-26 07:50:04Z SERVER_SELF_CHECK   Program Start
2012-10-26 07:50:04Z SERVER_SELF_CHECK   Program END 

Create log file
2012-10-26 08:00:00Z Check_Onduty_Time From Onduty_dotnet2  Program Start
2012-10-26 08:00:00Z Check_Onduty_Time From Onduty_dotnet2  Program END 

Create log file
2012-10-26 08:01:00ZArray_Photo Program Start
1150 log finish

1450 log finish

2012-10-26 08:01:03ZArray_Photo Program End

Create log file
2012-10-26 08:03:00ZArray_test_repeat Program Start
2012-10-26 08:03:01ZArray_test_repeat Program End

Create log file
2012-10-26 08:30:00ZHoliday_inout_SMS Program Start
2012-10-26 08:30:00ZHoliday_Inout_SMS Program End

Create log file
2012-10-26 08:32:00ZOEE_EQP_SMS Program Start
2012-10-26 08:32:42ZOEE_EQP_SMS Program End

Create log file
2012-10-26 08:41:08Z oee_empaidxsummdaily_purge Program Start
2012-10-26 08:41:08Z oee_empaidxsummdaily_purge Program END 

Create log file
2012-10-26 08:42:02Z oee_empaidxsummhourly_purge Program Start
2012-10-26 08:42:02Z oee_empaidxsummhourly_purge Program END 

Create log file
2012-10-26 08:44:21Z oee_empastcount_purge Program Start
2012-10-26 08:44:21Z oee_empastcount_purge Program END 

Create log file
2012-10-26 08:45:00ZHoliday_inout_SMS_For_C2 Program Start
2012-10-26 08:45:12ZHoliday_Inout_SMS_For_C2 Program End

Create log file
2012-10-26 08:50:00Z OEE_IS_Hourly_Check_alarm  Program Start
2012-10-26 08:50:00Z OEE_IS_Hourly_Check_alarm  Program END 

Create log file
2012-10-26 08:50:01Z ALCS_Hourly_Check_alarm  Program Start
2012-10-26 08:50:01Z ALCS_Hourly_Check_alarm  Program END 

Create log file
2012-10-26 08:50:02Z SERVER_SELF_CHECK   Program Start
2012-10-26 08:50:02Z SERVER_SELF_CHECK   Program END 

Create log file
2012-10-26 09:01:03ZArray_Photo Program Start
1150 log finish

1450 log finish

2012-10-26 09:01:08ZArray_Photo Program End

Create log file
2012-10-26 09:03:00ZArray_test_repeat Program Start
2012-10-26 09:03:01ZArray_test_repeat Program End

Create log file
2012-10-26 09:30:01ZARY_HOLD_LOT Program Start
There are lots exceed process time for 24hrs, please check

There are lots exceed process time for 24hrs, please check

There are lots exceed process time for 24hrs, please check

There are lots exceed process time for 24hrs, please check

There are lots exceed process time for 24hrs, please check

There are lots exceed process time for 24hrs, please check

There are lots exceed process time for 24hrs, please check

There are lots exceed process time for 24hrs, please check

There are lots exceed process time for 24hrs, please check

There are lots exceed process time for 24hrs, please check

There are lots exceed process time for 24hrs, please check

There are lots exceed process time for 24hrs, please check

There are lots exceed process time for 24hrs, please check

There are lots exceed process time for 24hrs, please check

There are lots exceed process time for 24hrs, please check

There are lots exceed process time for 24hrs, please check

There are lots exceed process time for 24hrs, please check

2012-10-26 09:30:48ZARY_HOLD_LOT Program End

Create log file
2012-10-26 09:41:15Z oee_empaidxsummdaily_purge Program Start
2012-10-26 09:41:15Z oee_empaidxsummdaily_purge Program END 

Create log file
2012-10-26 09:42:20Z oee_empaidxsummhourly_purge Program Start
2012-10-26 09:42:20Z oee_empaidxsummhourly_purge Program END 

Create log file
2012-10-26 09:44:43Z oee_empastcount_purge Program Start
2012-10-26 09:44:43Z oee_empastcount_purge Program END 

Create log file
2012-10-26 09:50:00Z OEE_IS_Hourly_Check_alarm  Program Start
2012-10-26 09:50:00Z OEE_IS_Hourly_Check_alarm  Program END 

Create log file
2012-10-26 09:50:00Z ALCS_Hourly_Check_alarm  Program Start
2012-10-26 09:50:00Z ALCS_Hourly_Check_alarm  Program END 

Create log file
2012-10-26 09:50:01Z SERVER_SELF_CHECK   Program Start
2012-10-26 09:50:01Z SERVER_SELF_CHECK   Program END 

Create log file
2012-10-26 10:01:00ZArray_Photo Program Start
1150 log finish

1450 log finish

2012-10-26 10:01:04ZArray_Photo Program End

Create log file
2012-10-26 10:03:00ZArray_test_repeat Program Start
2012-10-26 10:03:00ZArray_test_repeat Program End

Create log file
2012-10-26 10:41:16Z oee_empaidxsummdaily_purge Program Start
2012-10-26 10:41:16Z oee_empaidxsummdaily_purge Program END 

Create log file
2012-10-26 10:42:18Z oee_empaidxsummhourly_purge Program Start
2012-10-26 10:42:18Z oee_empaidxsummhourly_purge Program END 

Create log file
2012-10-26 10:44:30Z oee_empastcount_purge Program Start
2012-10-26 10:44:30Z oee_empastcount_purge Program END 

Create log file
2012-10-26 10:50:00Z OEE_IS_Hourly_Check_alarm  Program Start
2012-10-26 10:50:00Z OEE_IS_Hourly_Check_alarm  Program END 

Create log file
2012-10-26 10:50:01Z ALCS_Hourly_Check_alarm  Program Start
2012-10-26 10:50:01Z ALCS_Hourly_Check_alarm  Program END 

Create log file
2012-10-26 10:50:02Z SERVER_SELF_CHECK   Program Start
2012-10-26 10:50:02Z SERVER_SELF_CHECK   Program END 

Create log file
2012-10-26 11:01:00ZArray_Photo Program Start
1150 log finish

1650 log finish

2012-10-26 11:01:04ZArray_Photo Program End

Create log file
2012-10-26 11:03:00ZArray_test_repeat Program Start
2012-10-26 11:03:00ZArray_test_repeat Program End

Create log file
2012-10-26 11:40:00Z T1OEE Purge Program Start
2012-10-26 11:40:00Z T1OEE Purge Program END 

Create log file
2012-10-26 11:41:14Z oee_empaidxsummdaily_purge Program Start
2012-10-26 11:41:14Z oee_empaidxsummdaily_purge Program END 

Create log file
2012-10-26 11:42:04Z oee_empaidxsummhourly_purge Program Start
2012-10-26 11:42:04Z oee_empaidxsummhourly_purge Program END 

Create log file
2012-10-26 11:44:28Z oee_empastcount_purge Program Start
2012-10-26 11:44:28Z oee_empastcount_purge Program END 

Create log file
2012-10-26 11:50:00Z OEE_IS_Hourly_Check_alarm  Program Start
2012-10-26 11:50:00Z OEE_IS_Hourly_Check_alarm  Program END 

Create log file
2012-10-26 11:50:01Z ALCS_Hourly_Check_alarm  Program Start
2012-10-26 11:50:01Z ALCS_Hourly_Check_alarm  Program END 

Create log file
2012-10-26 11:50:01Z SERVER_SELF_CHECK   Program Start
2012-10-26 11:50:01Z SERVER_SELF_CHECK   Program END 

Create log file
2012-10-26 12:01:00ZArray_Photo Program Start
1150 log finish

2012-10-26 12:01:03ZArray_Photo Program End

Create log file
2012-10-26 12:03:00ZArray_test_repeat Program Start
2012-10-26 12:03:00ZArray_test_repeat Program End

Create log file
2012-10-26 12:41:15Z oee_empaidxsummdaily_purge Program Start
2012-10-26 12:41:15Z oee_empaidxsummdaily_purge Program END 

Create log file
2012-10-26 12:42:02Z oee_empaidxsummhourly_purge Program Start
2012-10-26 12:42:02Z oee_empaidxsummhourly_purge Program END 

Create log file
2012-10-26 12:44:26Z oee_empastcount_purge Program Start
2012-10-26 12:44:26Z oee_empastcount_purge Program END 

Create log file
2012-10-26 12:50:00Z OEE_IS_Hourly_Check_alarm  Program Start
2012-10-26 12:50:00Z OEE_IS_Hourly_Check_alarm  Program END 

Create log file
2012-10-26 12:50:00Z ALCS_Hourly_Check_alarm  Program Start
2012-10-26 12:50:00Z ALCS_Hourly_Check_alarm  Program END 

Create log file
2012-10-26 12:50:01Z SERVER_SELF_CHECK   Program Start
2012-10-26 12:50:01Z SERVER_SELF_CHECK   Program END 

Create log file
2012-10-26 13:01:00ZArray_Photo Program Start
2012-10-26 13:01:03ZArray_Photo Program End

Create log file
2012-10-26 13:03:00ZArray_test_repeat Program Start
2012-10-26 13:03:00ZArray_test_repeat Program End

Create log file
2012-10-26 13:30:00ZARY_HOLD_LOT Program Start
There are lots exceed process time for 24hrs, please check

There are lots exceed process time for 24hrs, please check

There are lots exceed process time for 48hrs, please check

There are lots exceed process time for 24hrs, please check

There are lots exceed process time for 24hrs, please check

There are lots exceed process time for 48hrs, please check

There are lots exceed process time for 24hrs, please check

There are lots exceed process time for 24hrs, please check

There are lots exceed process time for 24hrs, please check

There are lots exceed process time for 24hrs, please check

There are lots exceed process time for 48hrs, please check

There are lots exceed process time for 24hrs, please check

There are lots exceed process time for 24hrs, please check

There are lots exceed process time for 48hrs, please check

There are lots exceed process time for 24hrs, please check

There are lots exceed process time for 24hrs, please check

There are lots exceed process time for 48hrs, please check

There are lots exceed process time for 24hrs, please check

There are lots exceed process time for 24hrs, please check

There are lots exceed process time for 24hrs, please check

There are lots exceed process time for 24hrs, please check

There are lots exceed process time for 48hrs, please check

There are lots exceed process time for 24hrs, please check

There are lots exceed process time for 24hrs, please check

There are lots exceed process time for 48hrs, please check

There are lots exceed process time for 24hrs, please check

There are lots exceed process time for 24hrs, please check

There are lots exceed process time for 48hrs, please check

There are lots exceed process time for 24hrs, please check

There are lots exceed process time for 24hrs, please check

There are lots exceed process time for 48hrs, please check

There are lots exceed process time for 24hrs, please check

There are lots exceed process time for 24hrs, please check

There are lots exceed process time for 48hrs, please check

There are lots exceed process time for 24hrs, please check

There are lots exceed process time for 24hrs, please check

There are lots exceed process time for 48hrs, please check

There are lots exceed process time for 24hrs, please check

There are lots exceed process time for 24hrs, please check

There are lots exceed process time for 48hrs, please check

There are lots exceed process time for 24hrs, please check

There are lots exceed process time for 24hrs, please check

There are lots exceed process time for 48hrs, please check

There are lots exceed process time for 24hrs, please check

There are lots exceed process time for 24hrs, please check

There are lots exceed process time for 48hrs, please check

There are lots exceed process time for 24hrs, please check

There are lots exceed process time for 24hrs, please check

2012-10-26 13:30:37ZARY_HOLD_LOT Program End

Create log file
2012-10-26 13:41:14Z oee_empaidxsummdaily_purge Program Start
2012-10-26 13:41:14Z oee_empaidxsummdaily_purge Program END 

Create log file
2012-10-26 13:41:42Z oee_empaidxsummhourly_purge Program Start
2012-10-26 13:41:42Z oee_empaidxsummhourly_purge Program END 

Create log file
2012-10-26 13:44:26Z oee_empastcount_purge Program Start
2012-10-26 13:44:26Z oee_empastcount_purge Program END 

Create log file
2012-10-26 13:50:00Z OEE_IS_Hourly_Check_alarm  Program Start
2012-10-26 13:50:00Z OEE_IS_Hourly_Check_alarm  Program END 

Create log file
2012-10-26 13:50:01Z ALCS_Hourly_Check_alarm  Program Start
2012-10-26 13:50:01Z ALCS_Hourly_Check_alarm  Program END 

Create log file
2012-10-26 13:50:01Z SERVER_SELF_CHECK   Program Start
2012-10-26 13:50:01Z SERVER_SELF_CHECK   Program END 

Create log file
2012-10-26 14:01:00ZArray_Photo Program Start
2012-10-26 14:01:02ZArray_Photo Program End

Create log file
2012-10-26 14:03:00ZArray_test_repeat Program Start
2012-10-26 14:03:00ZArray_test_repeat Program End

Create log file
2012-10-26 14:41:12Z oee_empaidxsummdaily_purge Program Start
2012-10-26 14:41:12Z oee_empaidxsummdaily_purge Program END 

Create log file
2012-10-26 14:41:38Z oee_empaidxsummhourly_purge Program Start
2012-10-26 14:41:38Z oee_empaidxsummhourly_purge Program END 

Create log file
2012-10-26 14:44:22Z oee_empastcount_purge Program Start
2012-10-26 14:44:22Z oee_empastcount_purge Program END 

Create log file
2012-10-26 14:50:00Z OEE_IS_Hourly_Check_alarm  Program Start
2012-10-26 14:50:00Z OEE_IS_Hourly_Check_alarm  Program END 

Create log file
2012-10-26 14:50:00Z ALCS_Hourly_Check_alarm  Program Start
2012-10-26 14:50:00Z ALCS_Hourly_Check_alarm  Program END 

Create log file
2012-10-26 14:50:01Z SERVER_SELF_CHECK   Program Start
2012-10-26 14:50:01Z SERVER_SELF_CHECK   Program END 

Create log file
2012-10-26 15:01:00ZArray_Photo Program Start
2012-10-26 15:01:03ZArray_Photo Program End

Create log file
2012-10-26 15:03:00ZArray_test_repeat Program Start
2012-10-26 15:03:00ZArray_test_repeat Program End

Create log file
2012-10-26 15:41:19Z oee_empaidxsummdaily_purge Program Start
2012-10-26 15:41:19Z oee_empaidxsummdaily_purge Program END 

Create log file
2012-10-26 15:41:41Z oee_empaidxsummhourly_purge Program Start
2012-10-26 15:41:41Z oee_empaidxsummhourly_purge Program END 

Create log file
2012-10-26 15:44:25Z oee_empastcount_purge Program Start
2012-10-26 15:44:25Z oee_empastcount_purge Program END 

Create log file
2012-10-26 15:50:00Z OEE_IS_Hourly_Check_alarm  Program Start
2012-10-26 15:50:00Z OEE_IS_Hourly_Check_alarm  Program END 

Create log file
2012-10-26 15:50:00Z ALCS_Hourly_Check_alarm  Program Start
2012-10-26 15:50:00Z ALCS_Hourly_Check_alarm  Program END 

Create log file
2012-10-26 15:50:01Z SERVER_SELF_CHECK   Program Start
2012-10-26 15:50:01Z SERVER_SELF_CHECK   Program END 

Create log file
2012-10-26 16:01:00ZArray_Photo Program Start
1150 log finish

2012-10-26 16:01:03ZArray_Photo Program End

Create log file
2012-10-26 16:03:00ZArray_test_repeat Program Start
2012-10-26 16:03:00ZArray_test_repeat Program End

Create log file
2012-10-26 16:41:17Z oee_empaidxsummdaily_purge Program Start
2012-10-26 16:41:17Z oee_empaidxsummdaily_purge Program END 

Create log file
2012-10-26 16:41:39Z oee_empaidxsummhourly_purge Program Start
2012-10-26 16:41:39Z oee_empaidxsummhourly_purge Program END 

Create log file
2012-10-26 16:44:21Z oee_empastcount_purge Program Start
2012-10-26 16:44:21Z oee_empastcount_purge Program END 

Create log file
2012-10-26 16:50:00Z OEE_IS_Hourly_Check_alarm  Program Start
2012-10-26 16:50:00Z OEE_IS_Hourly_Check_alarm  Program END 

Create log file
2012-10-26 16:50:00Z ALCS_Hourly_Check_alarm  Program Start
2012-10-26 16:50:00Z ALCS_Hourly_Check_alarm  Program END 

Create log file
2012-10-26 16:50:01Z SERVER_SELF_CHECK   Program Start
2012-10-26 16:50:01Z SERVER_SELF_CHECK   Program END 

Create log file
2012-10-26 17:01:00ZArray_Photo Program Start
1150 log finish

2012-10-26 17:01:03ZArray_Photo Program End

Create log file
2012-10-26 17:03:00ZArray_test_repeat Program Start
2012-10-26 17:03:00ZArray_test_repeat Program End

Create log file
2012-10-26 17:30:02ZARY_HOLD_LOT Program Start
There are lots exceed process time for 24hrs, please check

There are lots exceed process time for 24hrs, please check

There are lots exceed process time for 24hrs, please check

There are lots exceed process time for 24hrs, please check

There are lots exceed process time for 24hrs, please check

There are lots exceed process time for 24hrs, please check

There are lots exceed process time for 24hrs, please check

There are lots exceed process time for 24hrs, please check

There are lots exceed process time for 24hrs, please check

There are lots exceed process time for 24hrs, please check

There are lots exceed process time for 24hrs, please check

There are lots exceed process time for 24hrs, please check

There are lots exceed process time for 24hrs, please check

There are lots exceed process time for 24hrs, please check

There are lots exceed process time for 24hrs, please check

There are lots exceed process time for 24hrs, please check

There are lots exceed process time for 24hrs, please check

There are lots exceed process time for 24hrs, please check

There are lots exceed process time for 24hrs, please check

2012-10-26 17:30:50ZARY_HOLD_LOT Program End

Create log file
2012-10-26 17:41:14Z oee_empaidxsummdaily_purge Program Start
2012-10-26 17:41:14Z oee_empaidxsummdaily_purge Program END 

Create log file
2012-10-26 17:41:38Z oee_empaidxsummhourly_purge Program Start
2012-10-26 17:41:38Z oee_empaidxsummhourly_purge Program END 

Create log file
2012-10-26 17:44:23Z oee_empastcount_purge Program Start
2012-10-26 17:44:23Z oee_empastcount_purge Program END 

Create log file
2012-10-26 17:50:00Z OEE_IS_Hourly_Check_alarm  Program Start
2012-10-26 17:50:00Z OEE_IS_Hourly_Check_alarm  Program END 

Create log file
2012-10-26 17:50:00Z ALCS_Hourly_Check_alarm  Program Start
2012-10-26 17:50:00Z ALCS_Hourly_Check_alarm  Program END 

Create log file
2012-10-26 17:50:02Z SERVER_SELF_CHECK   Program Start
2012-10-26 17:50:02Z SERVER_SELF_CHECK   Program END 

Create log file
2012-10-26 18:01:00ZArray_Photo Program Start
1150 log finish

1650 log finish

2012-10-26 18:01:03ZArray_Photo Program End

Create log file
2012-10-26 18:03:00ZArray_test_repeat Program Start
2012-10-26 18:03:00ZArray_test_repeat Program End

Create log file
2012-10-26 18:41:22Z oee_empaidxsummdaily_purge Program Start
2012-10-26 18:41:22Z oee_empaidxsummdaily_purge Program END 

Create log file
2012-10-26 18:42:09Z oee_empaidxsummhourly_purge Program Start
2012-10-26 18:42:09Z oee_empaidxsummhourly_purge Program END 

Create log file
2012-10-26 18:44:43Z oee_empastcount_purge Program Start
2012-10-26 18:44:43Z oee_empastcount_purge Program END 

Create log file
2012-10-26 18:50:00Z OEE_IS_Hourly_Check_alarm  Program Start
2012-10-26 18:50:00Z OEE_IS_Hourly_Check_alarm  Program END 

Create log file
2012-10-26 18:50:01Z ALCS_Hourly_Check_alarm  Program Start
2012-10-26 18:50:01Z ALCS_Hourly_Check_alarm  Program END 

Create log file
2012-10-26 18:50:03Z SERVER_SELF_CHECK   Program Start
2012-10-26 18:50:03Z SERVER_SELF_CHECK   Program END 

Create log file
2012-10-26 19:01:00ZArray_Photo Program Start
1150 log finish

2012-10-26 19:01:03ZArray_Photo Program End

Create log file
2012-10-26 19:03:00ZArray_test_repeat Program Start
2012-10-26 19:03:00ZArray_test_repeat Program End

Create log file
2012-10-26 19:41:18Z oee_empaidxsummdaily_purge Program Start
2012-10-26 19:41:18Z oee_empaidxsummdaily_purge Program END 

Create log file
2012-10-26 19:41:46Z oee_empaidxsummhourly_purge Program Start
2012-10-26 19:41:46Z oee_empaidxsummhourly_purge Program END 

Create log file
2012-10-26 19:44:29Z oee_empastcount_purge Program Start
2012-10-26 19:44:29Z oee_empastcount_purge Program END 

Create log file
2012-10-26 19:50:00Z OEE_IS_Hourly_Check_alarm  Program Start
2012-10-26 19:50:00Z OEE_IS_Hourly_Check_alarm  Program END 

Create log file
2012-10-26 19:50:00Z ALCS_Hourly_Check_alarm  Program Start
2012-10-26 19:50:00Z ALCS_Hourly_Check_alarm  Program END 

Create log file
2012-10-26 19:50:03Z SERVER_SELF_CHECK   Program Start
2012-10-26 19:50:03Z SERVER_SELF_CHECK   Program END 

Create log file
2012-10-26 20:01:00ZArray_Photo Program Start
1150 log finish

2012-10-26 20:01:04ZArray_Photo Program End

Create log file
2012-10-26 20:03:00ZArray_test_repeat Program Start
2012-10-26 20:03:00ZArray_test_repeat Program End

Create log file
2012-10-26 20:41:16Z oee_empaidxsummdaily_purge Program Start
2012-10-26 20:41:16Z oee_empaidxsummdaily_purge Program END 

Create log file
2012-10-26 20:41:39Z oee_empaidxsummhourly_purge Program Start
2012-10-26 20:41:39Z oee_empaidxsummhourly_purge Program END 

Create log file
2012-10-26 20:44:24Z oee_empastcount_purge Program Start
2012-10-26 20:44:24Z oee_empastcount_purge Program END 

Create log file
2012-10-26 20:50:00Z OEE_IS_Hourly_Check_alarm  Program Start
2012-10-26 20:50:00Z OEE_IS_Hourly_Check_alarm  Program END 

Create log file
2012-10-26 20:50:01Z ALCS_Hourly_Check_alarm  Program Start
2012-10-26 20:50:01Z ALCS_Hourly_Check_alarm  Program END 

Create log file
2012-10-26 20:50:02Z SERVER_SELF_CHECK   Program Start
2012-10-26 20:50:02Z SERVER_SELF_CHECK   Program END 

Create log file
2012-10-26 21:01:00ZArray_Photo Program Start
1150 log finish

2012-10-26 21:01:03ZArray_Photo Program End

Create log file
2012-10-26 21:03:00ZArray_test_repeat Program Start
2012-10-26 21:03:00ZArray_test_repeat Program End

Create log file
2012-10-26 21:30:00ZARY_HOLD_LOT Program Start
There are lots exceed process time for 24hrs, please check

There are lots exceed process time for 24hrs, please check

There are lots exceed process time for 24hrs, please check

There are lots exceed process time for 24hrs, please check

There are lots exceed process time for 24hrs, please check

There are lots exceed process time for 24hrs, please check

There are lots exceed process time for 24hrs, please check

There are lots exceed process time for 24hrs, please check

There are lots exceed process time for 24hrs, please check

There are lots exceed process time for 24hrs, please check

There are lots exceed process time for 24hrs, please check

There are lots exceed process time for 24hrs, please check

There are lots exceed process time for 24hrs, please check

There are lots exceed process time for 24hrs, please check

There are lots exceed process time for 24hrs, please check

There are lots exceed process time for 24hrs, please check

2012-10-26 21:30:35ZARY_HOLD_LOT Program End

Create log file
2012-10-26 21:41:17Z oee_empaidxsummdaily_purge Program Start
2012-10-26 21:41:17Z oee_empaidxsummdaily_purge Program END 

Create log file
2012-10-26 21:41:40Z oee_empaidxsummhourly_purge Program Start
2012-10-26 21:41:40Z oee_empaidxsummhourly_purge Program END 

Create log file
2012-10-26 21:44:26Z oee_empastcount_purge Program Start
2012-10-26 21:44:26Z oee_empastcount_purge Program END 

Create log file
2012-10-26 21:50:00Z OEE_IS_Hourly_Check_alarm  Program Start
2012-10-26 21:50:00Z OEE_IS_Hourly_Check_alarm  Program END 

Create log file
2012-10-26 21:50:00Z ALCS_Hourly_Check_alarm  Program Start
2012-10-26 21:50:00Z ALCS_Hourly_Check_alarm  Program END 

Create log file
2012-10-26 21:50:01Z SERVER_SELF_CHECK   Program Start
2012-10-26 21:50:01Z SERVER_SELF_CHECK   Program END 

Create log file
2012-10-26 22:00:00ZSERVER_SMS_TEST Program Start
SMS log finish

2012-10-26 22:00:00ZSERVER_SMS_TEST Program End

Create log file
2012-10-26 22:01:00ZArray_Photo Program Start
1150 log finish

2012-10-26 22:01:02ZArray_Photo Program End

Create log file
2012-10-26 22:03:00ZArray_test_repeat Program Start
2012-10-26 22:03:01ZArray_test_repeat Program End

Create log file
2012-10-26 22:41:23Z oee_empaidxsummdaily_purge Program Start
2012-10-26 22:41:23Z oee_empaidxsummdaily_purge Program END 

Create log file
2012-10-26 22:41:49Z oee_empaidxsummhourly_purge Program Start
2012-10-26 22:41:49Z oee_empaidxsummhourly_purge Program END 

Create log file
2012-10-26 22:44:34Z oee_empastcount_purge Program Start
2012-10-26 22:44:34Z oee_empastcount_purge Program END 

Create log file
2012-10-26 22:50:00Z OEE_IS_Hourly_Check_alarm  Program Start
2012-10-26 22:50:00Z OEE_IS_Hourly_Check_alarm  Program END 

Create log file
2012-10-26 22:50:01Z PDS_Hourly_Check_Alarm log finish Program Start
2012-10-26 22:50:01Z PDS_Hourly_Check_Alarm log finish Program END 

Create log file
2012-10-26 22:50:01Z ALCS_Hourly_Check_alarm  Program Start
2012-10-26 22:50:01Z ALCS_Hourly_Check_alarm  Program END 

Create log file
2012-10-26 22:50:02Z SERVER_SELF_CHECK   Program Start
2012-10-26 22:50:02Z SERVER_SELF_CHECK   Program END 

Create log file
2012-10-26 23:01:00ZArray_Photo Program Start
1150 log finish

2012-10-26 23:01:03ZArray_Photo Program End

Create log file
2012-10-26 23:03:00ZArray_test_repeat Program Start
2012-10-26 23:03:00ZArray_test_repeat Program End

Create log file
2012-10-26 23:41:20Z oee_empaidxsummdaily_purge Program Start
2012-10-26 23:41:20Z oee_empaidxsummdaily_purge Program END 

Create log file
2012-10-26 23:41:44Z oee_empaidxsummhourly_purge Program Start
2012-10-26 23:41:44Z oee_empaidxsummhourly_purge Program END 

Create log file
2012-10-26 23:44:31Z oee_empastcount_purge Program Start
2012-10-26 23:44:31Z oee_empastcount_purge Program END 

Create log file
2012-10-26 23:50:00Z OEE_IS_Hourly_Check_alarm  Program Start
2012-10-26 23:50:00Z OEE_IS_Hourly_Check_alarm  Program END 

Create log file
2012-10-26 23:50:01Z ALCS_Hourly_Check_alarm  Program Start
2012-10-26 23:50:01Z ALCS_Hourly_Check_alarm  Program END 

Create log file
2012-10-26 23:50:02Z SERVER_SELF_CHECK   Program Start
2012-10-26 23:50:02Z SERVER_SELF_CHECK   Program END 

