Create log file
2012-10-28 00:01:00ZArray_Photo Program Start
1150 log finish

2012-10-28 00:01:04ZArray_Photo Program End

Create log file
2012-10-28 00:03:02ZArray_test_repeat Program Start
2012-10-28 00:03:02ZArray_test_repeat Program End

Create log file
2012-10-28 00:10:00Z T0T1 InnoView Add User Program Start
2012-10-28 00:10:00Z T0T1 InnoView Add User Program END 

Create log file
2012-10-28 00:20:14Z VPNLOG_PARSER Program Start
2012-10-28 00:20:14Z VPNLOG_PARSER Program END 

Create log file
2012-10-28 00:30:00Z T0/T1 RealTimeDept Program Start
2012-10-28 00:30:00Z T0/T1 RealTimeDept Program END 

Create log file
2012-10-28 00:41:56Z oee_empaidxsummdaily_purge Program Start
2012-10-28 00:41:56Z oee_empaidxsummdaily_purge Program END 

Create log file
2012-10-28 00:42:50Z oee_empaidxsummhourly_purge Program Start
2012-10-28 00:42:50Z oee_empaidxsummhourly_purge Program END 

Create log file
2012-10-28 00:46:56Z oee_empastcount_purge Program Start
2012-10-28 00:46:56Z oee_empastcount_purge Program END 

Create log file
2012-10-28 00:50:00Z OEE_IS_Hourly_Check_alarm  Program Start
2012-10-28 00:50:00Z OEE_IS_Hourly_Check_alarm  Program END 

Create log file
2012-10-28 00:50:02Z ALCS_Hourly_Check_alarm  Program Start
2012-10-28 00:50:02Z ALCS_Hourly_Check_alarm  Program END 

Create log file
2012-10-28 00:50:09Z SERVER_SELF_CHECK   Program Start
2012-10-28 00:50:09Z SERVER_SELF_CHECK   Program END 

Create log file
2012-10-28 01:01:00ZArray_Photo Program Start
1150 log finish

2012-10-28 01:01:04ZArray_Photo Program End

Create log file
2012-10-28 01:03:00ZArray_test_repeat Program Start
2012-10-28 01:03:01ZArray_test_repeat Program End

Create log file
2012-10-28 01:30:05ZARY_HOLD_LOT Program Start
There are lots exceed process time for 24hrs, please check

There are lots exceed process time for 24hrs, please check

There are lots exceed process time for 24hrs, please check

There are lots exceed process time for 24hrs, please check

There are lots exceed process time for 24hrs, please check

There are lots exceed process time for 24hrs, please check

There are lots exceed process time for 24hrs, please check

There are lots exceed process time for 24hrs, please check

There are lots exceed process time for 24hrs, please check

There are lots exceed process time for 24hrs, please check

There are lots exceed process time for 24hrs, please check

There are lots exceed process time for 24hrs, please check

There are lots exceed process time for 24hrs, please check

There are lots exceed process time for 24hrs, please check

There are lots exceed process time for 24hrs, please check

There are lots exceed process time for 24hrs, please check

There are lots exceed process time for 24hrs, please check

There are lots exceed process time for 24hrs, please check

2012-10-28 01:30:48ZARY_HOLD_LOT Program End

Create log file
2012-10-28 01:41:23Z oee_empaidxsummdaily_purge Program Start
2012-10-28 01:41:23Z oee_empaidxsummdaily_purge Program END 

Create log file
2012-10-28 01:42:23Z oee_empaidxsummhourly_purge Program Start
2012-10-28 01:42:23Z oee_empaidxsummhourly_purge Program END 

Create log file
2012-10-28 01:44:38Z oee_empastcount_purge Program Start
2012-10-28 01:44:38Z oee_empastcount_purge Program END 

Create log file
2012-10-28 01:50:00Z OEE_IS_Hourly_Check_alarm  Program Start
2012-10-28 01:50:00Z OEE_IS_Hourly_Check_alarm  Program END 

Create log file
2012-10-28 01:50:01Z ALCS_Hourly_Check_alarm  Program Start
2012-10-28 01:50:01Z ALCS_Hourly_Check_alarm  Program END 

Create log file
2012-10-28 01:50:03Z SERVER_SELF_CHECK   Program Start
2012-10-28 01:50:03Z SERVER_SELF_CHECK   Program END 

Create log file
2012-10-28 02:01:01ZArray_Photo Program Start
1150 log finish

2012-10-28 02:01:04ZArray_Photo Program End

Create log file
2012-10-28 02:03:00ZArray_test_repeat Program Start
2012-10-28 02:03:01ZArray_test_repeat Program End

Create log file
2012-10-28 02:41:33Z oee_empaidxsummdaily_purge Program Start
2012-10-28 02:41:33Z oee_empaidxsummdaily_purge Program END 

Create log file
2012-10-28 02:42:41Z oee_empaidxsummhourly_purge Program Start
2012-10-28 02:42:41Z oee_empaidxsummhourly_purge Program END 

Create log file
2012-10-28 02:44:48Z oee_empastcount_purge Program Start
2012-10-28 02:44:48Z oee_empastcount_purge Program END 

Create log file
2012-10-28 02:50:00Z OEE_IS_Hourly_Check_alarm  Program Start
2012-10-28 02:50:00Z OEE_IS_Hourly_Check_alarm  Program END 

Create log file
2012-10-28 02:50:01Z ALCS_Hourly_Check_alarm  Program Start
2012-10-28 02:50:01Z ALCS_Hourly_Check_alarm  Program END 

Create log file
2012-10-28 02:50:02Z SERVER_SELF_CHECK   Program Start
2012-10-28 02:50:02Z SERVER_SELF_CHECK   Program END 

Create log file
2012-10-28 03:01:00ZArray_Photo Program Start
1150 log finish

1250 log finish

2012-10-28 03:01:05ZArray_Photo Program End

Create log file
2012-10-28 03:03:00ZArray_test_repeat Program Start
2012-10-28 03:03:01ZArray_test_repeat Program End

Create log file
2012-10-28 03:41:38Z oee_empaidxsummdaily_purge Program Start
2012-10-28 03:41:38Z oee_empaidxsummdaily_purge Program END 

Create log file
2012-10-28 03:42:45Z oee_empaidxsummhourly_purge Program Start
2012-10-28 03:42:45Z oee_empaidxsummhourly_purge Program END 

Create log file
2012-10-28 03:44:55Z oee_empastcount_purge Program Start
2012-10-28 03:44:55Z oee_empastcount_purge Program END 

Create log file
2012-10-28 03:50:00Z OEE_IS_Hourly_Check_alarm  Program Start
2012-10-28 03:50:00Z OEE_IS_Hourly_Check_alarm  Program END 

Create log file
2012-10-28 03:50:04Z ALCS_Hourly_Check_alarm  Program Start
2012-10-28 03:50:04Z ALCS_Hourly_Check_alarm  Program END 

Create log file
2012-10-28 03:50:05Z SERVER_SELF_CHECK   Program Start
2012-10-28 03:50:05Z SERVER_SELF_CHECK   Program END 

Create log file
2012-10-28 04:01:00ZArray_Photo Program Start
1150 log finish

2012-10-28 04:01:03ZArray_Photo Program End

Create log file
2012-10-28 04:03:00ZArray_test_repeat Program Start
2012-10-28 04:03:00ZArray_test_repeat Program End

Create log file
2012-10-28 04:41:27Z oee_empaidxsummdaily_purge Program Start
2012-10-28 04:41:27Z oee_empaidxsummdaily_purge Program END 

Create log file
2012-10-28 04:42:22Z oee_empaidxsummhourly_purge Program Start
2012-10-28 04:42:22Z oee_empaidxsummhourly_purge Program END 

Create log file
2012-10-28 04:44:35Z oee_empastcount_purge Program Start
2012-10-28 04:44:35Z oee_empastcount_purge Program END 

Create log file
2012-10-28 04:50:00Z OEE_IS_Hourly_Check_alarm  Program Start
2012-10-28 04:50:00Z OEE_IS_Hourly_Check_alarm  Program END 

Create log file
2012-10-28 04:50:01Z ALCS_Hourly_Check_alarm  Program Start
2012-10-28 04:50:01Z ALCS_Hourly_Check_alarm  Program END 

Create log file
2012-10-28 04:50:01Z SERVER_SELF_CHECK   Program Start
2012-10-28 04:50:01Z SERVER_SELF_CHECK   Program END 

Create log file
2012-10-28 05:01:00ZArray_Photo Program Start
1150 log finish

2012-10-28 05:01:03ZArray_Photo Program End

Create log file
2012-10-28 05:03:00ZArray_test_repeat Program Start
2012-10-28 05:03:00ZArray_test_repeat Program End

Create log file
2012-10-28 05:30:04ZARY_HOLD_LOT Program Start
There are lots exceed process time for 24hrs, please check

There are lots exceed process time for 24hrs, please check

There are lots exceed process time for 24hrs, please check

There are lots exceed process time for 24hrs, please check

There are lots exceed process time for 24hrs, please check

There are lots exceed process time for 24hrs, please check

There are lots exceed process time for 24hrs, please check

There are lots exceed process time for 24hrs, please check

There are lots exceed process time for 24hrs, please check

There are lots exceed process time for 24hrs, please check

There are lots exceed process time for 24hrs, please check

There are lots exceed process time for 24hrs, please check

There are lots exceed process time for 24hrs, please check

There are lots exceed process time for 24hrs, please check

There are lots exceed process time for 24hrs, please check

There are lots exceed process time for 24hrs, please check

There are lots exceed process time for 24hrs, please check

There are lots exceed process time for 24hrs, please check

There are lots exceed process time for 24hrs, please check

2012-10-28 05:30:36ZARY_HOLD_LOT Program End

Create log file
2012-10-28 05:41:17Z oee_empaidxsummdaily_purge Program Start
2012-10-28 05:41:17Z oee_empaidxsummdaily_purge Program END 

Create log file
2012-10-28 05:42:30Z oee_empaidxsummhourly_purge Program Start
2012-10-28 05:42:30Z oee_empaidxsummhourly_purge Program END 

Create log file
2012-10-28 05:44:33Z oee_empastcount_purge Program Start
2012-10-28 05:44:33Z oee_empastcount_purge Program END 

Create log file
2012-10-28 05:50:00Z OEE_IS_Hourly_Check_alarm  Program Start
2012-10-28 05:50:00Z OEE_IS_Hourly_Check_alarm  Program END 

Create log file
2012-10-28 05:50:01Z ALCS_Hourly_Check_alarm  Program Start
2012-10-28 05:50:01Z ALCS_Hourly_Check_alarm  Program END 

Create log file
2012-10-28 05:50:02Z SERVER_SELF_CHECK   Program Start
2012-10-28 05:50:02Z SERVER_SELF_CHECK   Program END 

Create log file
2012-10-28 06:01:00ZArray_Photo Program Start
1150 log finish

2012-10-28 06:01:03ZArray_Photo Program End

Create log file
2012-10-28 06:03:00ZArray_test_repeat Program Start
2012-10-28 06:03:00ZArray_test_repeat Program End

Create log file
2012-10-28 06:41:29Z oee_empaidxsummdaily_purge Program Start
2012-10-28 06:41:29Z oee_empaidxsummdaily_purge Program END 

Create log file
2012-10-28 06:42:30Z oee_empaidxsummhourly_purge Program Start
2012-10-28 06:42:30Z oee_empaidxsummhourly_purge Program END 

Create log file
2012-10-28 06:44:39Z oee_empastcount_purge Program Start
2012-10-28 06:44:39Z oee_empastcount_purge Program END 

Create log file
2012-10-28 06:50:00Z OEE_IS_Hourly_Check_alarm  Program Start
2012-10-28 06:50:00Z OEE_IS_Hourly_Check_alarm  Program END 

Create log file
2012-10-28 06:50:58Z ODS_Recover_Lot 155 Lots Program Start
2012-10-28 06:50:58Z ODS_Recover_Lot 155 Lots Program END 

Create log file
2012-10-28 06:51:07Z ALCS_Hourly_Check_alarm  Program Start
2012-10-28 06:51:07Z ALCS_Hourly_Check_alarm  Program END 

Create log file
2012-10-28 06:51:07Z SERVER_SELF_CHECK   Program Start
2012-10-28 06:51:07Z SERVER_SELF_CHECK   Program END 

Create log file
2012-10-28 07:01:00ZArray_Photo Program Start
1150 log finish

2012-10-28 07:01:03ZArray_Photo Program End

Create log file
2012-10-28 07:03:00ZArray_test_repeat Program Start
2012-10-28 07:03:00ZArray_test_repeat Program End

Create log file
2012-10-28 07:31:53Z OEELH_fixed_data_Daily Program Start
2012-10-28 07:31:53Z OEELH_fixed_data_Daily Program END 

Create log file
2012-10-28 07:41:20Z oee_empaidxsummdaily_purge Program Start
2012-10-28 07:41:20Z oee_empaidxsummdaily_purge Program END 

Create log file
2012-10-28 07:42:52Z oee_empaidxsummhourly_purge Program Start
2012-10-28 07:42:52Z oee_empaidxsummhourly_purge Program END 

Create log file
2012-10-28 07:44:47Z oee_empastcount_purge Program Start
2012-10-28 07:44:47Z oee_empastcount_purge Program END 

Create log file
2012-10-28 07:50:12Z OEE_IS_Hourly_Check_alarm  Program Start
2012-10-28 07:50:12Z OEE_IS_Hourly_Check_alarm  Program END 

Create log file
2012-10-28 07:50:13Z ALCS_Hourly_Check_alarm  Program Start
2012-10-28 07:50:13Z ALCS_Hourly_Check_alarm  Program END 

Create log file
2012-10-28 07:50:17Z SERVER_SELF_CHECK   Program Start
2012-10-28 07:50:17Z SERVER_SELF_CHECK   Program END 

Create log file
2012-10-28 08:00:00Z Check_Onduty_Time From Onduty_dotnet2  Program Start
2012-10-28 08:00:00Z Check_Onduty_Time From Onduty_dotnet2  Program END 

Create log file
2012-10-28 08:01:00ZArray_Photo Program Start
1150 log finish

2012-10-28 08:01:03ZArray_Photo Program End

Create log file
2012-10-28 08:03:00ZArray_test_repeat Program Start
2012-10-28 08:03:00ZArray_test_repeat Program End

Create log file
2012-10-28 08:30:00ZHoliday_inout_SMS Program Start
SMS log finish

2012-10-28 08:30:00ZHoliday_Inout_SMS Program End

Create log file
2012-10-28 08:32:00ZOEE_EQP_SMS Program Start
Holiday_OEE_EQP_T0A_SMS log finish

Holiday_OEE_EQP_T1A_SMS log finish

Holiday_OEE_EQP_T1C_SMS log finish

Holiday_OEE_EQP_T1F_SMS log finish

2012-10-28 08:32:54ZOEE_EQP_SMS Program End

Create log file
2012-10-28 08:41:15Z oee_empaidxsummdaily_purge Program Start
2012-10-28 08:41:15Z oee_empaidxsummdaily_purge Program END 

Create log file
2012-10-28 08:42:54Z oee_empaidxsummhourly_purge Program Start
2012-10-28 08:42:54Z oee_empaidxsummhourly_purge Program END 

Create log file
2012-10-28 08:44:50Z oee_empastcount_purge Program Start
2012-10-28 08:44:50Z oee_empastcount_purge Program END 

Create log file
2012-10-28 08:45:00ZHoliday_inout_SMS_For_C2 Program Start
SMS_C2 log finish

2012-10-28 08:45:09ZHoliday_Inout_SMS_For_C2 Program End

Create log file
2012-10-28 08:50:00Z OEE_IS_Hourly_Check_alarm  Program Start
2012-10-28 08:50:00Z OEE_IS_Hourly_Check_alarm  Program END 

Create log file
2012-10-28 08:50:00Z ALCS_Hourly_Check_alarm  Program Start
2012-10-28 08:50:00Z ALCS_Hourly_Check_alarm  Program END 

Create log file
2012-10-28 08:50:01Z SERVER_SELF_CHECK   Program Start
2012-10-28 08:50:01Z SERVER_SELF_CHECK   Program END 

Create log file
2012-10-28 09:01:04ZArray_Photo Program Start
1150 log finish

2012-10-28 09:01:08ZArray_Photo Program End

Create log file
2012-10-28 09:03:00ZArray_test_repeat Program Start
2012-10-28 09:03:00ZArray_test_repeat Program End

Create log file
2012-10-28 09:30:01ZARY_HOLD_LOT Program Start
There are lots exceed process time for 24hrs, please check

There are lots exceed process time for 24hrs, please check

There are lots exceed process time for 24hrs, please check

There are lots exceed process time for 24hrs, please check

There are lots exceed process time for 24hrs, please check

There are lots exceed process time for 24hrs, please check

There are lots exceed process time for 24hrs, please check

There are lots exceed process time for 24hrs, please check

There are lots exceed process time for 24hrs, please check

There are lots exceed process time for 24hrs, please check

There are lots exceed process time for 24hrs, please check

There are lots exceed process time for 24hrs, please check

There are lots exceed process time for 24hrs, please check

There are lots exceed process time for 24hrs, please check

There are lots exceed process time for 24hrs, please check

There are lots exceed process time for 24hrs, please check

There are lots exceed process time for 24hrs, please check

There are lots exceed process time for 24hrs, please check

There are lots exceed process time for 24hrs, please check

2012-10-28 09:30:29ZARY_HOLD_LOT Program End

Create log file
2012-10-28 09:41:17Z oee_empaidxsummdaily_purge Program Start
2012-10-28 09:41:17Z oee_empaidxsummdaily_purge Program END 

Create log file
2012-10-28 09:42:41Z oee_empaidxsummhourly_purge Program Start
2012-10-28 09:42:41Z oee_empaidxsummhourly_purge Program END 

Create log file
2012-10-28 09:44:48Z oee_empastcount_purge Program Start
2012-10-28 09:44:48Z oee_empastcount_purge Program END 

Create log file
2012-10-28 09:50:00Z OEE_IS_Hourly_Check_alarm  Program Start
2012-10-28 09:50:00Z OEE_IS_Hourly_Check_alarm  Program END 

Create log file
2012-10-28 09:50:00Z ALCS_Hourly_Check_alarm  Program Start
2012-10-28 09:50:00Z ALCS_Hourly_Check_alarm  Program END 

Create log file
2012-10-28 09:50:01Z SERVER_SELF_CHECK   Program Start
2012-10-28 09:50:01Z SERVER_SELF_CHECK   Program END 

Create log file
2012-10-28 10:01:00ZArray_Photo Program Start
2012-10-28 10:01:03ZArray_Photo Program End

Create log file
2012-10-28 10:03:00ZArray_test_repeat Program Start
2012-10-28 10:03:01ZArray_test_repeat Program End

Create log file
2012-10-28 10:41:27Z oee_empaidxsummdaily_purge Program Start
2012-10-28 10:41:27Z oee_empaidxsummdaily_purge Program END 

Create log file
2012-10-28 10:42:47Z oee_empaidxsummhourly_purge Program Start
2012-10-28 10:42:47Z oee_empaidxsummhourly_purge Program END 

Create log file
2012-10-28 10:44:53Z oee_empastcount_purge Program Start
2012-10-28 10:44:53Z oee_empastcount_purge Program END 

Create log file
2012-10-28 10:50:00Z OEE_IS_Hourly_Check_alarm  Program Start
2012-10-28 10:50:00Z OEE_IS_Hourly_Check_alarm  Program END 

Create log file
2012-10-28 10:50:01Z ALCS_Hourly_Check_alarm  Program Start
2012-10-28 10:50:01Z ALCS_Hourly_Check_alarm  Program END 

Create log file
2012-10-28 10:50:02Z SERVER_SELF_CHECK   Program Start
2012-10-28 10:50:02Z SERVER_SELF_CHECK   Program END 

Create log file
2012-10-28 11:01:00ZArray_Photo Program Start
2012-10-28 11:01:03ZArray_Photo Program End

Create log file
2012-10-28 11:03:00ZArray_test_repeat Program Start
2012-10-28 11:03:01ZArray_test_repeat Program End

Create log file
2012-10-28 11:40:02Z T1OEE Purge Program Start
2012-10-28 11:40:02Z T1OEE Purge Program END 

Create log file
2012-10-28 11:41:18Z oee_empaidxsummdaily_purge Program Start
2012-10-28 11:41:18Z oee_empaidxsummdaily_purge Program END 

Create log file
2012-10-28 11:42:29Z oee_empaidxsummhourly_purge Program Start
2012-10-28 11:42:29Z oee_empaidxsummhourly_purge Program END 

Create log file
2012-10-28 11:44:48Z oee_empastcount_purge Program Start
2012-10-28 11:44:48Z oee_empastcount_purge Program END 

Create log file
2012-10-28 11:50:00Z OEE_IS_Hourly_Check_alarm  Program Start
2012-10-28 11:50:00Z OEE_IS_Hourly_Check_alarm  Program END 

Create log file
2012-10-28 11:50:00Z ALCS_Hourly_Check_alarm  Program Start
2012-10-28 11:50:00Z ALCS_Hourly_Check_alarm  Program END 

Create log file
2012-10-28 11:50:01Z SERVER_SELF_CHECK   Program Start
2012-10-28 11:50:01Z SERVER_SELF_CHECK   Program END 

Create log file
2012-10-28 12:01:00ZArray_Photo Program Start
1250 log finish

1450 log finish

2012-10-28 12:01:05ZArray_Photo Program End

Create log file
2012-10-28 12:03:00ZArray_test_repeat Program Start
2012-10-28 12:03:01ZArray_test_repeat Program End

Create log file
2012-10-28 12:41:21Z oee_empaidxsummdaily_purge Program Start
2012-10-28 12:41:21Z oee_empaidxsummdaily_purge Program END 

Create log file
2012-10-28 12:43:33Z oee_empaidxsummhourly_purge Program Start
2012-10-28 12:43:33Z oee_empaidxsummhourly_purge Program END 

Create log file
2012-10-28 12:47:56Z oee_empastcount_purge Program Start
2012-10-28 12:47:56Z oee_empastcount_purge Program END 

Create log file
2012-10-28 12:50:00Z OEE_IS_Hourly_Check_alarm  Program Start
2012-10-28 12:50:00Z OEE_IS_Hourly_Check_alarm  Program END 

Create log file
2012-10-28 12:50:02Z ALCS_Hourly_Check_alarm  Program Start
2012-10-28 12:50:02Z ALCS_Hourly_Check_alarm  Program END 

Create log file
2012-10-28 12:50:03Z SERVER_SELF_CHECK   Program Start
2012-10-28 12:50:03Z SERVER_SELF_CHECK   Program END 

Create log file
2012-10-28 13:01:00ZArray_Photo Program Start
2012-10-28 13:01:03ZArray_Photo Program End

Create log file
2012-10-28 13:03:00ZArray_test_repeat Program Start
2012-10-28 13:03:00ZArray_test_repeat Program End

Create log file
2012-10-28 13:30:00ZARY_HOLD_LOT Program Start
There are lots exceed process time for 24hrs, please check

There are lots exceed process time for 24hrs, please check

There are lots exceed process time for 48hrs, please check

There are lots exceed process time for 24hrs, please check

There are lots exceed process time for 24hrs, please check

There are lots exceed process time for 48hrs, please check

There are lots exceed process time for 24hrs, please check

There are lots exceed process time for 24hrs, please check

There are lots exceed process time for 48hrs, please check

There are lots exceed process time for 24hrs, please check

There are lots exceed process time for 24hrs, please check

There are lots exceed process time for 48hrs, please check

There are lots exceed process time for 24hrs, please check

There are lots exceed process time for 24hrs, please check

There are lots exceed process time for 48hrs, please check

There are lots exceed process time for 24hrs, please check

There are lots exceed process time for 24hrs, please check

There are lots exceed process time for 48hrs, please check

There are lots exceed process time for 24hrs, please check

There are lots exceed process time for 24hrs, please check

There are lots exceed process time for 48hrs, please check

There are lots exceed process time for 24hrs, please check

There are lots exceed process time for 24hrs, please check

There are lots exceed process time for 48hrs, please check

There are lots exceed process time for 24hrs, please check

There are lots exceed process time for 24hrs, please check

There are lots exceed process time for 48hrs, please check

There are lots exceed process time for 24hrs, please check

There are lots exceed process time for 24hrs, please check

There are lots exceed process time for 48hrs, please check

There are lots exceed process time for 24hrs, please check

There are lots exceed process time for 24hrs, please check

There are lots exceed process time for 48hrs, please check

There are lots exceed process time for 24hrs, please check

There are lots exceed process time for 24hrs, please check

There are lots exceed process time for 48hrs, please check

There are lots exceed process time for 24hrs, please check

There are lots exceed process time for 24hrs, please check

There are lots exceed process time for 48hrs, please check

There are lots exceed process time for 24hrs, please check

There are lots exceed process time for 24hrs, please check

There are lots exceed process time for 24hrs, please check

There are lots exceed process time for 24hrs, please check

There are lots exceed process time for 48hrs, please check

There are lots exceed process time for 24hrs, please check

There are lots exceed process time for 24hrs, please check

There are lots exceed process time for 24hrs, please check

There are lots exceed process time for 24hrs, please check

There are lots exceed process time for 48hrs, please check

There are lots exceed process time for 24hrs, please check

There are lots exceed process time for 24hrs, please check

2012-10-28 13:30:37ZARY_HOLD_LOT Program End

Create log file
2012-10-28 13:41:16Z oee_empaidxsummdaily_purge Program Start
2012-10-28 13:41:16Z oee_empaidxsummdaily_purge Program END 

Create log file
2012-10-28 13:41:48Z oee_empaidxsummhourly_purge Program Start
2012-10-28 13:41:48Z oee_empaidxsummhourly_purge Program END 

Create log file
2012-10-28 13:44:41Z oee_empastcount_purge Program Start
2012-10-28 13:44:41Z oee_empastcount_purge Program END 

Create log file
2012-10-28 13:50:00Z OEE_IS_Hourly_Check_alarm  Program Start
2012-10-28 13:50:00Z OEE_IS_Hourly_Check_alarm  Program END 

Create log file
2012-10-28 13:50:01Z ALCS_Hourly_Check_alarm  Program Start
2012-10-28 13:50:01Z ALCS_Hourly_Check_alarm  Program END 

Create log file
2012-10-28 13:50:02Z SERVER_SELF_CHECK   Program Start
2012-10-28 13:50:02Z SERVER_SELF_CHECK   Program END 

Create log file
2012-10-28 14:01:00ZArray_Photo Program Start
2012-10-28 14:01:04ZArray_Photo Program End

Create log file
2012-10-28 14:03:00ZArray_test_repeat Program Start
2012-10-28 14:03:00ZArray_test_repeat Program End

Create log file
2012-10-28 14:41:19Z oee_empaidxsummdaily_purge Program Start
2012-10-28 14:41:19Z oee_empaidxsummdaily_purge Program END 

Create log file
2012-10-28 14:41:58Z oee_empaidxsummhourly_purge Program Start
2012-10-28 14:41:58Z oee_empaidxsummhourly_purge Program END 

Create log file
2012-10-28 14:44:39Z oee_empastcount_purge Program Start
2012-10-28 14:44:39Z oee_empastcount_purge Program END 

Create log file
2012-10-28 14:50:00Z OEE_IS_Hourly_Check_alarm  Program Start
2012-10-28 14:50:00Z OEE_IS_Hourly_Check_alarm  Program END 

Create log file
2012-10-28 14:50:00Z ALCS_Hourly_Check_alarm  Program Start
2012-10-28 14:50:00Z ALCS_Hourly_Check_alarm  Program END 

Create log file
2012-10-28 14:50:01Z SERVER_SELF_CHECK   Program Start
2012-10-28 14:50:01Z SERVER_SELF_CHECK   Program END 

Create log file
2012-10-28 15:01:00ZArray_Photo Program Start
2012-10-28 15:01:03ZArray_Photo Program End

Create log file
2012-10-28 15:03:00ZArray_test_repeat Program Start
2012-10-28 15:03:00ZArray_test_repeat Program End

Create log file
2012-10-28 15:41:24Z oee_empaidxsummdaily_purge Program Start
2012-10-28 15:41:24Z oee_empaidxsummdaily_purge Program END 

Create log file
2012-10-28 15:41:47Z oee_empaidxsummhourly_purge Program Start
2012-10-28 15:41:47Z oee_empaidxsummhourly_purge Program END 

Create log file
2012-10-28 15:44:40Z oee_empastcount_purge Program Start
2012-10-28 15:44:40Z oee_empastcount_purge Program END 

Create log file
2012-10-28 15:50:00Z OEE_IS_Hourly_Check_alarm  Program Start
2012-10-28 15:50:00Z OEE_IS_Hourly_Check_alarm  Program END 

Create log file
2012-10-28 15:50:01Z ALCS_Hourly_Check_alarm  Program Start
2012-10-28 15:50:01Z ALCS_Hourly_Check_alarm  Program END 

Create log file
2012-10-28 15:50:02Z SERVER_SELF_CHECK   Program Start
2012-10-28 15:50:02Z SERVER_SELF_CHECK   Program END 

Create log file
2012-10-28 16:01:00ZArray_Photo Program Start
2012-10-28 16:01:04ZArray_Photo Program End

Create log file
2012-10-28 16:03:00ZArray_test_repeat Program Start
2012-10-28 16:03:00ZArray_test_repeat Program End

Create log file
2012-10-28 16:41:16Z oee_empaidxsummdaily_purge Program Start
2012-10-28 16:41:16Z oee_empaidxsummdaily_purge Program END 

Create log file
2012-10-28 16:41:40Z oee_empaidxsummhourly_purge Program Start
2012-10-28 16:41:40Z oee_empaidxsummhourly_purge Program END 

Create log file
2012-10-28 16:44:42Z oee_empastcount_purge Program Start
2012-10-28 16:44:42Z oee_empastcount_purge Program END 

Create log file
2012-10-28 16:50:00Z OEE_IS_Hourly_Check_alarm  Program Start
2012-10-28 16:50:00Z OEE_IS_Hourly_Check_alarm  Program END 

Create log file
2012-10-28 16:50:01Z ALCS_Hourly_Check_alarm  Program Start
2012-10-28 16:50:01Z ALCS_Hourly_Check_alarm  Program END 

Create log file
2012-10-28 16:50:02Z SERVER_SELF_CHECK   Program Start
2012-10-28 16:50:02Z SERVER_SELF_CHECK   Program END 

Create log file
2012-10-28 17:01:00ZArray_Photo Program Start
2012-10-28 17:01:03ZArray_Photo Program End

Create log file
2012-10-28 17:03:00ZArray_test_repeat Program Start
2012-10-28 17:03:01ZArray_test_repeat Program End

Create log file
2012-10-28 17:30:04ZARY_HOLD_LOT Program Start
There are lots exceed process time for 24hrs, please check

There are lots exceed process time for 24hrs, please check

There are lots exceed process time for 24hrs, please check

There are lots exceed process time for 24hrs, please check

There are lots exceed process time for 24hrs, please check

There are lots exceed process time for 24hrs, please check

There are lots exceed process time for 24hrs, please check

There are lots exceed process time for 24hrs, please check

There are lots exceed process time for 24hrs, please check

There are lots exceed process time for 24hrs, please check

There are lots exceed process time for 24hrs, please check

There are lots exceed process time for 24hrs, please check

There are lots exceed process time for 24hrs, please check

There are lots exceed process time for 24hrs, please check

There are lots exceed process time for 24hrs, please check

There are lots exceed process time for 24hrs, please check

There are lots exceed process time for 24hrs, please check

There are lots exceed process time for 24hrs, please check

2012-10-28 17:30:38ZARY_HOLD_LOT Program End

Create log file
2012-10-28 17:41:16Z oee_empaidxsummdaily_purge Program Start
2012-10-28 17:41:16Z oee_empaidxsummdaily_purge Program END 

Create log file
2012-10-28 17:41:40Z oee_empaidxsummhourly_purge Program Start
2012-10-28 17:41:40Z oee_empaidxsummhourly_purge Program END 

Create log file
2012-10-28 17:44:38Z oee_empastcount_purge Program Start
2012-10-28 17:44:38Z oee_empastcount_purge Program END 

Create log file
2012-10-28 17:50:00Z OEE_IS_Hourly_Check_alarm  Program Start
2012-10-28 17:50:00Z OEE_IS_Hourly_Check_alarm  Program END 

Create log file
2012-10-28 17:50:00Z ALCS_Hourly_Check_alarm  Program Start
2012-10-28 17:50:00Z ALCS_Hourly_Check_alarm  Program END 

Create log file
2012-10-28 17:50:02Z SERVER_SELF_CHECK   Program Start
2012-10-28 17:50:02Z SERVER_SELF_CHECK   Program END 

Create log file
2012-10-28 18:01:00ZArray_Photo Program Start
2012-10-28 18:01:03ZArray_Photo Program End

Create log file
2012-10-28 18:03:00ZArray_test_repeat Program Start
2012-10-28 18:03:01ZArray_test_repeat Program End

Create log file
2012-10-28 18:41:16Z oee_empaidxsummdaily_purge Program Start
2012-10-28 18:41:16Z oee_empaidxsummdaily_purge Program END 

Create log file
2012-10-28 18:41:41Z oee_empaidxsummhourly_purge Program Start
2012-10-28 18:41:41Z oee_empaidxsummhourly_purge Program END 

Create log file
2012-10-28 18:44:35Z oee_empastcount_purge Program Start
2012-10-28 18:44:35Z oee_empastcount_purge Program END 

Create log file
2012-10-28 18:50:00Z OEE_IS_Hourly_Check_alarm  Program Start
2012-10-28 18:50:00Z OEE_IS_Hourly_Check_alarm  Program END 

Create log file
2012-10-28 18:50:01Z ALCS_Hourly_Check_alarm  Program Start
2012-10-28 18:50:01Z ALCS_Hourly_Check_alarm  Program END 

Create log file
2012-10-28 18:50:02Z SERVER_SELF_CHECK   Program Start
2012-10-28 18:50:02Z SERVER_SELF_CHECK   Program END 

Create log file
2012-10-28 19:01:00ZArray_Photo Program Start
1250 log finish

2012-10-28 19:01:03ZArray_Photo Program End

Create log file
2012-10-28 19:03:00ZArray_test_repeat Program Start
2012-10-28 19:03:01ZArray_test_repeat Program End

Create log file
2012-10-28 19:41:26Z oee_empaidxsummdaily_purge Program Start
2012-10-28 19:41:26Z oee_empaidxsummdaily_purge Program END 

Create log file
2012-10-28 19:42:22Z oee_empaidxsummhourly_purge Program Start
2012-10-28 19:42:22Z oee_empaidxsummhourly_purge Program END 

Create log file
2012-10-28 19:45:50Z oee_empastcount_purge Program Start
2012-10-28 19:45:50Z oee_empastcount_purge Program END 

Create log file
2012-10-28 19:50:00Z OEE_IS_Hourly_Check_alarm  Program Start
2012-10-28 19:50:00Z OEE_IS_Hourly_Check_alarm  Program END 

Create log file
2012-10-28 19:50:00Z ALCS_Hourly_Check_alarm  Program Start
2012-10-28 19:50:00Z ALCS_Hourly_Check_alarm  Program END 

Create log file
2012-10-28 19:50:03Z SERVER_SELF_CHECK   Program Start
2012-10-28 19:50:03Z SERVER_SELF_CHECK   Program END 

Create log file
2012-10-28 20:01:00ZArray_Photo Program Start
1150 log finish

1250 log finish

2012-10-28 20:01:03ZArray_Photo Program End

Create log file
2012-10-28 20:03:00ZArray_test_repeat Program Start
2012-10-28 20:03:01ZArray_test_repeat Program End

Create log file
2012-10-28 20:41:22Z oee_empaidxsummdaily_purge Program Start
2012-10-28 20:41:22Z oee_empaidxsummdaily_purge Program END 

Create log file
2012-10-28 20:41:46Z oee_empaidxsummhourly_purge Program Start
2012-10-28 20:41:46Z oee_empaidxsummhourly_purge Program END 

Create log file
2012-10-28 20:44:38Z oee_empastcount_purge Program Start
2012-10-28 20:44:38Z oee_empastcount_purge Program END 

Create log file
2012-10-28 20:50:00Z OEE_IS_Hourly_Check_alarm  Program Start
2012-10-28 20:50:00Z OEE_IS_Hourly_Check_alarm  Program END 

Create log file
2012-10-28 20:50:01Z ALCS_Hourly_Check_alarm  Program Start
2012-10-28 20:50:01Z ALCS_Hourly_Check_alarm  Program END 

Create log file
2012-10-28 20:50:02Z SERVER_SELF_CHECK   Program Start
2012-10-28 20:50:02Z SERVER_SELF_CHECK   Program END 

Create log file
2012-10-28 21:01:00ZArray_Photo Program Start
1150 log finish

2012-10-28 21:01:03ZArray_Photo Program End

Create log file
2012-10-28 21:03:00ZArray_test_repeat Program Start
2012-10-28 21:03:01ZArray_test_repeat Program End

Create log file
2012-10-28 21:30:04ZARY_HOLD_LOT Program Start
There are lots exceed process time for 24hrs, please check

There are lots exceed process time for 24hrs, please check

There are lots exceed process time for 24hrs, please check

There are lots exceed process time for 24hrs, please check

There are lots exceed process time for 24hrs, please check

There are lots exceed process time for 24hrs, please check

There are lots exceed process time for 24hrs, please check

There are lots exceed process time for 24hrs, please check

There are lots exceed process time for 24hrs, please check

There are lots exceed process time for 24hrs, please check

There are lots exceed process time for 24hrs, please check

There are lots exceed process time for 24hrs, please check

There are lots exceed process time for 24hrs, please check

There are lots exceed process time for 24hrs, please check

There are lots exceed process time for 24hrs, please check

There are lots exceed process time for 24hrs, please check

There are lots exceed process time for 24hrs, please check

There are lots exceed process time for 24hrs, please check

2012-10-28 21:30:31ZARY_HOLD_LOT Program End

Create log file
2012-10-28 21:41:31Z oee_empaidxsummdaily_purge Program Start
2012-10-28 21:41:31Z oee_empaidxsummdaily_purge Program END 

Create log file
2012-10-28 21:43:30Z oee_empaidxsummhourly_purge Program Start
2012-10-28 21:43:30Z oee_empaidxsummhourly_purge Program END 

Create log file
2012-10-28 21:47:30Z oee_empastcount_purge Program Start
2012-10-28 21:47:30Z oee_empastcount_purge Program END 

Create log file
2012-10-28 21:50:00Z OEE_IS_Hourly_Check_alarm  Program Start
2012-10-28 21:50:00Z OEE_IS_Hourly_Check_alarm  Program END 

Create log file
2012-10-28 21:50:02Z ALCS_Hourly_Check_alarm  Program Start
2012-10-28 21:50:02Z ALCS_Hourly_Check_alarm  Program END 

Create log file
2012-10-28 21:50:04Z SERVER_SELF_CHECK   Program Start
2012-10-28 21:50:04Z SERVER_SELF_CHECK   Program END 

Create log file
2012-10-28 22:00:00ZSERVER_SMS_TEST Program Start
SMS log finish

2012-10-28 22:00:00ZSERVER_SMS_TEST Program End

Create log file
2012-10-28 22:01:00ZArray_Photo Program Start
2012-10-28 22:01:03ZArray_Photo Program End

Create log file
2012-10-28 22:03:00ZArray_test_repeat Program Start
2012-10-28 22:03:00ZArray_test_repeat Program End

Create log file
2012-10-28 22:41:21Z oee_empaidxsummdaily_purge Program Start
2012-10-28 22:41:21Z oee_empaidxsummdaily_purge Program END 

Create log file
2012-10-28 22:41:43Z oee_empaidxsummhourly_purge Program Start
2012-10-28 22:41:43Z oee_empaidxsummhourly_purge Program END 

Create log file
2012-10-28 22:45:59Z oee_empastcount_purge Program Start
2012-10-28 22:45:59Z oee_empastcount_purge Program END 

Create log file
2012-10-28 22:50:00Z OEE_IS_Hourly_Check_alarm  Program Start
2012-10-28 22:50:00Z OEE_IS_Hourly_Check_alarm  Program END 

Create log file
2012-10-28 22:50:00Z ALCS_Hourly_Check_alarm  Program Start
2012-10-28 22:50:00Z ALCS_Hourly_Check_alarm  Program END 

Create log file
2012-10-28 22:50:02Z SERVER_SELF_CHECK   Program Start
2012-10-28 22:50:02Z SERVER_SELF_CHECK   Program END 

Create log file
2012-10-28 23:01:00ZArray_Photo Program Start
1150 log finish

2012-10-28 23:01:04ZArray_Photo Program End

Create log file
2012-10-28 23:03:00ZArray_test_repeat Program Start
2012-10-28 23:03:01ZArray_test_repeat Program End

Create log file
2012-10-28 23:41:23Z oee_empaidxsummdaily_purge Program Start
2012-10-28 23:41:23Z oee_empaidxsummdaily_purge Program END 

Create log file
2012-10-28 23:41:54Z oee_empaidxsummhourly_purge Program Start
2012-10-28 23:41:54Z oee_empaidxsummhourly_purge Program END 

Create log file
2012-10-28 23:44:44Z oee_empastcount_purge Program Start
2012-10-28 23:44:44Z oee_empastcount_purge Program END 

Create log file
2012-10-28 23:50:00Z OEE_IS_Hourly_Check_alarm  Program Start
2012-10-28 23:50:00Z OEE_IS_Hourly_Check_alarm  Program END 

Create log file
2012-10-28 23:50:00Z ALCS_Hourly_Check_alarm  Program Start
2012-10-28 23:50:00Z ALCS_Hourly_Check_alarm  Program END 

Create log file
2012-10-28 23:50:01Z SERVER_SELF_CHECK   Program Start
2012-10-28 23:50:01Z SERVER_SELF_CHECK   Program END 

