Create log file
2012-10-31 00:01:00ZArray_Photo Program Start
1450 log finish

2012-10-31 00:01:03ZArray_Photo Program End

Create log file
2012-10-31 00:03:01ZArray_test_repeat Program Start
2012-10-31 00:03:02ZArray_test_repeat Program End

Create log file
2012-10-31 00:10:00Z T0T1 InnoView Add User Program Start
2012-10-31 00:10:00Z T0T1 InnoView Add User Program END 

Create log file
2012-10-31 00:20:16Z VPNLOG_PARSER Program Start
2012-10-31 00:20:16Z VPNLOG_PARSER Program END 

Create log file
2012-10-31 00:30:00Z T0/T1 RealTimeDept Program Start
2012-10-31 00:30:00Z T0/T1 RealTimeDept Program END 

Create log file
2012-10-31 00:41:41Z oee_empaidxsummdaily_purge Program Start
2012-10-31 00:41:41Z oee_empaidxsummdaily_purge Program END 

Create log file
2012-10-31 00:42:37Z oee_empaidxsummhourly_purge Program Start
2012-10-31 00:42:37Z oee_empaidxsummhourly_purge Program END 

Create log file
2012-10-31 00:46:43Z oee_empastcount_purge Program Start
2012-10-31 00:46:43Z oee_empastcount_purge Program END 

Create log file
2012-10-31 00:50:00Z OEE_IS_Hourly_Check_alarm  Program Start
2012-10-31 00:50:00Z OEE_IS_Hourly_Check_alarm  Program END 

Create log file
2012-10-31 00:50:02Z ALCS_Hourly_Check_alarm  Program Start
2012-10-31 00:50:02Z ALCS_Hourly_Check_alarm  Program END 

Create log file
2012-10-31 00:50:05Z SERVER_SELF_CHECK   Program Start
2012-10-31 00:50:05Z SERVER_SELF_CHECK   Program END 

Create log file
2012-10-31 01:01:00ZArray_Photo Program Start
1450 log finish

2012-10-31 01:01:03ZArray_Photo Program End

Create log file
2012-10-31 01:03:00ZArray_test_repeat Program Start
2012-10-31 01:03:01ZArray_test_repeat Program End

Create log file
2012-10-31 01:30:05ZARY_HOLD_LOT Program Start
There are lots exceed process time for 24hrs, please check

There are lots exceed process time for 24hrs, please check

There are lots exceed process time for 24hrs, please check

There are lots exceed process time for 24hrs, please check

There are lots exceed process time for 24hrs, please check

There are lots exceed process time for 24hrs, please check

There are lots exceed process time for 24hrs, please check

There are lots exceed process time for 24hrs, please check

There are lots exceed process time for 24hrs, please check

There are lots exceed process time for 24hrs, please check

There are lots exceed process time for 24hrs, please check

There are lots exceed process time for 24hrs, please check

There are lots exceed process time for 24hrs, please check

There are lots exceed process time for 24hrs, please check

There are lots exceed process time for 24hrs, please check

2012-10-31 01:30:28ZARY_HOLD_LOT Program End

Create log file
2012-10-31 01:41:17Z oee_empaidxsummdaily_purge Program Start
2012-10-31 01:41:17Z oee_empaidxsummdaily_purge Program END 

Create log file
2012-10-31 01:42:07Z oee_empaidxsummhourly_purge Program Start
2012-10-31 01:42:07Z oee_empaidxsummhourly_purge Program END 

Create log file
2012-10-31 01:44:21Z oee_empastcount_purge Program Start
2012-10-31 01:44:21Z oee_empastcount_purge Program END 

Create log file
2012-10-31 01:50:00Z OEE_IS_Hourly_Check_alarm  Program Start
2012-10-31 01:50:00Z OEE_IS_Hourly_Check_alarm  Program END 

Create log file
2012-10-31 01:50:01Z ALCS_Hourly_Check_alarm  Program Start
2012-10-31 01:50:01Z ALCS_Hourly_Check_alarm  Program END 

Create log file
2012-10-31 01:50:02Z SERVER_SELF_CHECK   Program Start
2012-10-31 01:50:02Z SERVER_SELF_CHECK   Program END 

Create log file
2012-10-31 02:01:00ZArray_Photo Program Start
1150 log finish

2012-10-31 02:01:03ZArray_Photo Program End

Create log file
2012-10-31 02:03:00ZArray_test_repeat Program Start
2012-10-31 02:03:00ZArray_test_repeat Program End

Create log file
2012-10-31 02:41:23Z oee_empaidxsummdaily_purge Program Start
2012-10-31 02:41:23Z oee_empaidxsummdaily_purge Program END 

Create log file
2012-10-31 02:42:14Z oee_empaidxsummhourly_purge Program Start
2012-10-31 02:42:14Z oee_empaidxsummhourly_purge Program END 

Create log file
2012-10-31 02:44:30Z oee_empastcount_purge Program Start
2012-10-31 02:44:30Z oee_empastcount_purge Program END 

Create log file
2012-10-31 02:50:00Z OEE_IS_Hourly_Check_alarm  Program Start
2012-10-31 02:50:00Z OEE_IS_Hourly_Check_alarm  Program END 

Create log file
2012-10-31 02:50:06Z ALCS_Hourly_Check_alarm  Program Start
2012-10-31 02:50:06Z ALCS_Hourly_Check_alarm  Program END 

Create log file
2012-10-31 02:50:07Z SERVER_SELF_CHECK   Program Start
2012-10-31 02:50:07Z SERVER_SELF_CHECK   Program END 

Create log file
2012-10-31 03:01:00ZArray_Photo Program Start
2012-10-31 03:01:03ZArray_Photo Program End

Create log file
2012-10-31 03:03:00ZArray_test_repeat Program Start
2012-10-31 03:03:00ZArray_test_repeat Program End

Create log file
2012-10-31 03:41:21Z oee_empaidxsummdaily_purge Program Start
2012-10-31 03:41:21Z oee_empaidxsummdaily_purge Program END 

Create log file
2012-10-31 03:42:15Z oee_empaidxsummhourly_purge Program Start
2012-10-31 03:42:15Z oee_empaidxsummhourly_purge Program END 

Create log file
2012-10-31 03:44:27Z oee_empastcount_purge Program Start
2012-10-31 03:44:27Z oee_empastcount_purge Program END 

Create log file
2012-10-31 03:50:00Z OEE_IS_Hourly_Check_alarm  Program Start
2012-10-31 03:50:00Z OEE_IS_Hourly_Check_alarm  Program END 

Create log file
2012-10-31 03:50:00Z ALCS_Hourly_Check_alarm  Program Start
2012-10-31 03:50:00Z ALCS_Hourly_Check_alarm  Program END 

Create log file
2012-10-31 03:50:01Z SERVER_SELF_CHECK   Program Start
2012-10-31 03:50:01Z SERVER_SELF_CHECK   Program END 

Create log file
2012-10-31 04:01:00ZArray_Photo Program Start
2012-10-31 04:01:03ZArray_Photo Program End

Create log file
2012-10-31 04:03:00ZArray_test_repeat Program Start
2012-10-31 04:03:00ZArray_test_repeat Program End

Create log file
2012-10-31 04:41:20Z oee_empaidxsummdaily_purge Program Start
2012-10-31 04:41:20Z oee_empaidxsummdaily_purge Program END 

Create log file
2012-10-31 04:42:13Z oee_empaidxsummhourly_purge Program Start
2012-10-31 04:42:13Z oee_empaidxsummhourly_purge Program END 

Create log file
2012-10-31 04:44:32Z oee_empastcount_purge Program Start
2012-10-31 04:44:32Z oee_empastcount_purge Program END 

Create log file
2012-10-31 04:50:00Z OEE_IS_Hourly_Check_alarm  Program Start
2012-10-31 04:50:00Z OEE_IS_Hourly_Check_alarm  Program END 

Create log file
2012-10-31 04:50:01Z ALCS_Hourly_Check_alarm  Program Start
2012-10-31 04:50:01Z ALCS_Hourly_Check_alarm  Program END 

Create log file
2012-10-31 04:50:02Z SERVER_SELF_CHECK   Program Start
2012-10-31 04:50:02Z SERVER_SELF_CHECK   Program END 

Create log file
2012-10-31 05:01:00ZArray_Photo Program Start
1350 log finish

2012-10-31 05:01:03ZArray_Photo Program End

Create log file
2012-10-31 05:03:00ZArray_test_repeat Program Start
2012-10-31 05:03:01ZArray_test_repeat Program End

Create log file
2012-10-31 05:30:04ZARY_HOLD_LOT Program Start
There are lots exceed process time for 24hrs, please check

There are lots exceed process time for 24hrs, please check

There are lots exceed process time for 24hrs, please check

There are lots exceed process time for 24hrs, please check

There are lots exceed process time for 24hrs, please check

There are lots exceed process time for 24hrs, please check

There are lots exceed process time for 24hrs, please check

There are lots exceed process time for 24hrs, please check

There are lots exceed process time for 24hrs, please check

There are lots exceed process time for 24hrs, please check

There are lots exceed process time for 24hrs, please check

There are lots exceed process time for 24hrs, please check

There are lots exceed process time for 24hrs, please check

There are lots exceed process time for 24hrs, please check

There are lots exceed process time for 24hrs, please check

There are lots exceed process time for 24hrs, please check

There are lots exceed process time for 24hrs, please check

There are lots exceed process time for 24hrs, please check

2012-10-31 05:30:22ZARY_HOLD_LOT Program End

Create log file
2012-10-31 05:41:15Z oee_empaidxsummdaily_purge Program Start
2012-10-31 05:41:15Z oee_empaidxsummdaily_purge Program END 

Create log file
2012-10-31 05:42:08Z oee_empaidxsummhourly_purge Program Start
2012-10-31 05:42:08Z oee_empaidxsummhourly_purge Program END 

Create log file
2012-10-31 05:44:20Z oee_empastcount_purge Program Start
2012-10-31 05:44:20Z oee_empastcount_purge Program END 

Create log file
2012-10-31 05:50:00Z OEE_IS_Hourly_Check_alarm  Program Start
2012-10-31 05:50:00Z OEE_IS_Hourly_Check_alarm  Program END 

Create log file
2012-10-31 05:50:02Z ALCS_Hourly_Check_alarm  Program Start
2012-10-31 05:50:02Z ALCS_Hourly_Check_alarm  Program END 

Create log file
2012-10-31 05:50:03Z SERVER_SELF_CHECK   Program Start
2012-10-31 05:50:03Z SERVER_SELF_CHECK   Program END 

Create log file
2012-10-31 06:01:00ZArray_Photo Program Start
1350 log finish

2012-10-31 06:01:03ZArray_Photo Program End

Create log file
2012-10-31 06:03:00ZArray_test_repeat Program Start
2012-10-31 06:03:01ZArray_test_repeat Program End

Create log file
2012-10-31 06:41:23Z oee_empaidxsummdaily_purge Program Start
2012-10-31 06:41:23Z oee_empaidxsummdaily_purge Program END 

Create log file
2012-10-31 06:42:22Z oee_empaidxsummhourly_purge Program Start
2012-10-31 06:42:22Z oee_empaidxsummhourly_purge Program END 

Create log file
2012-10-31 06:44:32Z oee_empastcount_purge Program Start
2012-10-31 06:44:32Z oee_empastcount_purge Program END 

Create log file
2012-10-31 06:50:00Z OEE_IS_Hourly_Check_alarm  Program Start
2012-10-31 06:50:00Z OEE_IS_Hourly_Check_alarm  Program END 

Create log file
2012-10-31 06:50:01Z ALCS_Hourly_Check_alarm  Program Start
2012-10-31 06:50:01Z ALCS_Hourly_Check_alarm  Program END 

Create log file
2012-10-31 06:50:02Z SERVER_SELF_CHECK   Program Start
2012-10-31 06:50:02Z SERVER_SELF_CHECK   Program END 

Create log file
2012-10-31 06:50:58Z ODS_Recover_Lot 160 Lots Program Start
2012-10-31 06:50:58Z ODS_Recover_Lot 160 Lots Program END 

Create log file
2012-10-31 07:01:00ZArray_Photo Program Start
2012-10-31 07:01:03ZArray_Photo Program End

Create log file
2012-10-31 07:03:00ZArray_test_repeat Program Start
2012-10-31 07:03:01ZArray_test_repeat Program End

Create log file
2012-10-31 07:31:52Z OEELH_fixed_data_Daily Program Start
2012-10-31 07:31:52Z OEELH_fixed_data_Daily Program END 

Create log file
2012-10-31 07:41:20Z oee_empaidxsummdaily_purge Program Start
2012-10-31 07:41:20Z oee_empaidxsummdaily_purge Program END 

Create log file
2012-10-31 07:42:25Z oee_empaidxsummhourly_purge Program Start
2012-10-31 07:42:25Z oee_empaidxsummhourly_purge Program END 

Create log file
2012-10-31 07:44:30Z oee_empastcount_purge Program Start
2012-10-31 07:44:30Z oee_empastcount_purge Program END 

Create log file
2012-10-31 07:50:11Z OEE_IS_Hourly_Check_alarm  Program Start
2012-10-31 07:50:11Z OEE_IS_Hourly_Check_alarm  Program END 

Create log file
2012-10-31 07:50:11Z ALCS_Hourly_Check_alarm  Program Start
2012-10-31 07:50:11Z ALCS_Hourly_Check_alarm  Program END 

Create log file
2012-10-31 07:50:15Z SERVER_SELF_CHECK   Program Start
2012-10-31 07:50:15Z SERVER_SELF_CHECK   Program END 

Create log file
2012-10-31 08:00:00Z Check_Onduty_Time From Onduty_dotnet2  Program Start
2012-10-31 08:00:00Z Check_Onduty_Time From Onduty_dotnet2  Program END 

Create log file
2012-10-31 08:01:00ZArray_Photo Program Start
2012-10-31 08:01:03ZArray_Photo Program End

Create log file
2012-10-31 08:03:00ZArray_test_repeat Program Start
2012-10-31 08:03:00ZArray_test_repeat Program End

Create log file
2012-10-31 08:30:00ZHoliday_inout_SMS Program Start
2012-10-31 08:30:00ZHoliday_Inout_SMS Program End

Create log file
2012-10-31 08:32:00ZOEE_EQP_SMS Program Start
2012-10-31 08:32:55ZOEE_EQP_SMS Program End

Create log file
2012-10-31 08:41:25Z oee_empaidxsummdaily_purge Program Start
2012-10-31 08:41:25Z oee_empaidxsummdaily_purge Program END 

Create log file
2012-10-31 08:42:14Z oee_empaidxsummhourly_purge Program Start
2012-10-31 08:42:14Z oee_empaidxsummhourly_purge Program END 

Create log file
2012-10-31 08:44:25Z oee_empastcount_purge Program Start
2012-10-31 08:44:25Z oee_empastcount_purge Program END 

Create log file
2012-10-31 08:45:00ZHoliday_inout_SMS_For_C2 Program Start
2012-10-31 08:45:09ZHoliday_Inout_SMS_For_C2 Program End

Create log file
2012-10-31 08:50:00Z OEE_IS_Hourly_Check_alarm  Program Start
2012-10-31 08:50:00Z OEE_IS_Hourly_Check_alarm  Program END 

Create log file
2012-10-31 08:50:02Z ALCS_Hourly_Check_alarm  Program Start
2012-10-31 08:50:02Z ALCS_Hourly_Check_alarm  Program END 

Create log file
2012-10-31 08:50:03Z SERVER_SELF_CHECK   Program Start
2012-10-31 08:50:03Z SERVER_SELF_CHECK   Program END 

Create log file
2012-10-31 09:01:01ZArray_Photo Program Start
2012-10-31 09:01:05ZArray_Photo Program End

Create log file
2012-10-31 09:03:00ZArray_test_repeat Program Start
2012-10-31 09:03:00ZArray_test_repeat Program End

Create log file
2012-10-31 09:30:01ZARY_HOLD_LOT Program Start
There are lots exceed process time for 24hrs, please check

There are lots exceed process time for 24hrs, please check

There are lots exceed process time for 24hrs, please check

There are lots exceed process time for 24hrs, please check

There are lots exceed process time for 24hrs, please check

There are lots exceed process time for 24hrs, please check

There are lots exceed process time for 24hrs, please check

There are lots exceed process time for 24hrs, please check

There are lots exceed process time for 24hrs, please check

There are lots exceed process time for 24hrs, please check

There are lots exceed process time for 24hrs, please check

There are lots exceed process time for 24hrs, please check

There are lots exceed process time for 24hrs, please check

There are lots exceed process time for 24hrs, please check

There are lots exceed process time for 24hrs, please check

There are lots exceed process time for 24hrs, please check

There are lots exceed process time for 24hrs, please check

There are lots exceed process time for 24hrs, please check

There are lots exceed process time for 24hrs, please check

2012-10-31 09:30:42ZARY_HOLD_LOT Program End

Create log file
2012-10-31 09:41:18Z oee_empaidxsummdaily_purge Program Start
2012-10-31 09:41:18Z oee_empaidxsummdaily_purge Program END 

Create log file
2012-10-31 09:42:07Z oee_empaidxsummhourly_purge Program Start
2012-10-31 09:42:07Z oee_empaidxsummhourly_purge Program END 

Create log file
2012-10-31 09:44:27Z oee_empastcount_purge Program Start
2012-10-31 09:44:27Z oee_empastcount_purge Program END 

Create log file
2012-10-31 09:50:00Z OEE_IS_Hourly_Check_alarm  Program Start
2012-10-31 09:50:00Z OEE_IS_Hourly_Check_alarm  Program END 

Create log file
2012-10-31 09:50:00Z ALCS_Hourly_Check_alarm  Program Start
2012-10-31 09:50:00Z ALCS_Hourly_Check_alarm  Program END 

Create log file
2012-10-31 09:50:01Z SERVER_SELF_CHECK   Program Start
2012-10-31 09:50:01Z SERVER_SELF_CHECK   Program END 

Create log file
2012-10-31 10:01:00ZArray_Photo Program Start
2012-10-31 10:01:03ZArray_Photo Program End

Create log file
2012-10-31 10:03:00ZArray_test_repeat Program Start
2012-10-31 10:03:00ZArray_test_repeat Program End

Create log file
2012-10-31 10:41:17Z oee_empaidxsummdaily_purge Program Start
2012-10-31 10:41:17Z oee_empaidxsummdaily_purge Program END 

Create log file
2012-10-31 10:42:04Z oee_empaidxsummhourly_purge Program Start
2012-10-31 10:42:04Z oee_empaidxsummhourly_purge Program END 

Create log file
2012-10-31 10:44:25Z oee_empastcount_purge Program Start
2012-10-31 10:44:25Z oee_empastcount_purge Program END 

Create log file
2012-10-31 10:50:00Z OEE_IS_Hourly_Check_alarm  Program Start
2012-10-31 10:50:00Z OEE_IS_Hourly_Check_alarm  Program END 

Create log file
2012-10-31 10:50:01Z ALCS_Hourly_Check_alarm  Program Start
2012-10-31 10:50:01Z ALCS_Hourly_Check_alarm  Program END 

Create log file
2012-10-31 10:50:01Z SERVER_SELF_CHECK   Program Start
2012-10-31 10:50:01Z SERVER_SELF_CHECK   Program END 

Create log file
2012-10-31 11:01:00ZArray_Photo Program Start
2012-10-31 11:01:03ZArray_Photo Program End

Create log file
2012-10-31 11:03:00ZArray_test_repeat Program Start
2012-10-31 11:03:00ZArray_test_repeat Program End

Create log file
2012-10-31 11:40:00Z T1OEE Purge Program Start
2012-10-31 11:40:00Z T1OEE Purge Program END 

Create log file
2012-10-31 11:41:16Z oee_empaidxsummdaily_purge Program Start
2012-10-31 11:41:16Z oee_empaidxsummdaily_purge Program END 

Create log file
2012-10-31 11:42:05Z oee_empaidxsummhourly_purge Program Start
2012-10-31 11:42:05Z oee_empaidxsummhourly_purge Program END 

Create log file
2012-10-31 11:44:24Z oee_empastcount_purge Program Start
2012-10-31 11:44:24Z oee_empastcount_purge Program END 

Create log file
2012-10-31 11:50:00Z OEE_IS_Hourly_Check_alarm  Program Start
2012-10-31 11:50:00Z OEE_IS_Hourly_Check_alarm  Program END 

Create log file
2012-10-31 11:50:01Z ALCS_Hourly_Check_alarm  Program Start
2012-10-31 11:50:01Z ALCS_Hourly_Check_alarm  Program END 

Create log file
2012-10-31 11:50:01Z SERVER_SELF_CHECK   Program Start
2012-10-31 11:50:01Z SERVER_SELF_CHECK   Program END 

Create log file
2012-10-31 12:01:00ZArray_Photo Program Start
2012-10-31 12:01:03ZArray_Photo Program End

Create log file
2012-10-31 12:03:00ZArray_test_repeat Program Start
2012-10-31 12:03:00ZArray_test_repeat Program End

Create log file
2012-10-31 12:41:19Z oee_empaidxsummdaily_purge Program Start
2012-10-31 12:41:19Z oee_empaidxsummdaily_purge Program END 

Create log file
2012-10-31 12:42:21Z oee_empaidxsummhourly_purge Program Start
2012-10-31 12:42:21Z oee_empaidxsummhourly_purge Program END 

Create log file
2012-10-31 12:44:38Z oee_empastcount_purge Program Start
2012-10-31 12:44:38Z oee_empastcount_purge Program END 

Create log file
2012-10-31 12:50:00Z OEE_IS_Hourly_Check_alarm  Program Start
2012-10-31 12:50:00Z OEE_IS_Hourly_Check_alarm  Program END 

Create log file
2012-10-31 12:50:01Z ALCS_Hourly_Check_alarm  Program Start
2012-10-31 12:50:01Z ALCS_Hourly_Check_alarm  Program END 

Create log file
2012-10-31 12:50:02Z SERVER_SELF_CHECK   Program Start
2012-10-31 12:50:02Z SERVER_SELF_CHECK   Program END 

Create log file
2012-10-31 13:01:00ZArray_Photo Program Start
2012-10-31 13:01:03ZArray_Photo Program End

Create log file
2012-10-31 13:03:00ZArray_test_repeat Program Start
2012-10-31 13:03:00ZArray_test_repeat Program End

Create log file
2012-10-31 13:30:00ZARY_HOLD_LOT Program Start
There are lots exceed process time for 24hrs, please check

There are lots exceed process time for 24hrs, please check

There are lots exceed process time for 24hrs, please check

There are lots exceed process time for 24hrs, please check

There are lots exceed process time for 48hrs, please check

There are lots exceed process time for 24hrs, please check

There are lots exceed process time for 24hrs, please check

There are lots exceed process time for 48hrs, please check

There are lots exceed process time for 24hrs, please check

There are lots exceed process time for 24hrs, please check

There are lots exceed process time for 48hrs, please check

There are lots exceed process time for 24hrs, please check

There are lots exceed process time for 24hrs, please check

There are lots exceed process time for 48hrs, please check

There are lots exceed process time for 24hrs, please check

There are lots exceed process time for 24hrs, please check

There are lots exceed process time for 48hrs, please check

There are lots exceed process time for 24hrs, please check

There are lots exceed process time for 24hrs, please check

There are lots exceed process time for 48hrs, please check

There are lots exceed process time for 24hrs, please check

There are lots exceed process time for 24hrs, please check

There are lots exceed process time for 48hrs, please check

There are lots exceed process time for 24hrs, please check

There are lots exceed process time for 24hrs, please check

There are lots exceed process time for 48hrs, please check

There are lots exceed process time for 24hrs, please check

There are lots exceed process time for 24hrs, please check

There are lots exceed process time for 48hrs, please check

There are lots exceed process time for 24hrs, please check

There are lots exceed process time for 24hrs, please check

There are lots exceed process time for 48hrs, please check

There are lots exceed process time for 24hrs, please check

There are lots exceed process time for 24hrs, please check

There are lots exceed process time for 48hrs, please check

There are lots exceed process time for 24hrs, please check

There are lots exceed process time for 24hrs, please check

There are lots exceed process time for 24hrs, please check

There are lots exceed process time for 24hrs, please check

There are lots exceed process time for 48hrs, please check

There are lots exceed process time for 24hrs, please check

There are lots exceed process time for 24hrs, please check

There are lots exceed process time for 24hrs, please check

There are lots exceed process time for 48hrs, please check

There are lots exceed process time for 24hrs, please check

There are lots exceed process time for 24hrs, please check

There are lots exceed process time for 48hrs, please check

2012-10-31 13:30:26ZARY_HOLD_LOT Program End

Create log file
2012-10-31 13:41:09Z oee_empaidxsummdaily_purge Program Start
2012-10-31 13:41:09Z oee_empaidxsummdaily_purge Program END 

Create log file
2012-10-31 13:41:42Z oee_empaidxsummhourly_purge Program Start
2012-10-31 13:41:42Z oee_empaidxsummhourly_purge Program END 

Create log file
2012-10-31 13:44:24Z oee_empastcount_purge Program Start
2012-10-31 13:44:24Z oee_empastcount_purge Program END 

Create log file
2012-10-31 13:50:00Z OEE_IS_Hourly_Check_alarm  Program Start
2012-10-31 13:50:00Z OEE_IS_Hourly_Check_alarm  Program END 

Create log file
2012-10-31 13:50:00Z ALCS_Hourly_Check_alarm  Program Start
2012-10-31 13:50:00Z ALCS_Hourly_Check_alarm  Program END 

Create log file
2012-10-31 13:50:01Z SERVER_SELF_CHECK   Program Start
2012-10-31 13:50:01Z SERVER_SELF_CHECK   Program END 

Create log file
2012-10-31 14:01:00ZArray_Photo Program Start
2012-10-31 14:01:03ZArray_Photo Program End

Create log file
2012-10-31 14:03:00ZArray_test_repeat Program Start
2012-10-31 14:03:00ZArray_test_repeat Program End

Create log file
2012-10-31 14:41:20Z oee_empaidxsummdaily_purge Program Start
2012-10-31 14:41:20Z oee_empaidxsummdaily_purge Program END 

Create log file
2012-10-31 14:41:40Z oee_empaidxsummhourly_purge Program Start
2012-10-31 14:41:40Z oee_empaidxsummhourly_purge Program END 

Create log file
2012-10-31 14:44:21Z oee_empastcount_purge Program Start
2012-10-31 14:44:21Z oee_empastcount_purge Program END 

Create log file
2012-10-31 14:50:00Z OEE_IS_Hourly_Check_alarm  Program Start
2012-10-31 14:50:00Z OEE_IS_Hourly_Check_alarm  Program END 

Create log file
2012-10-31 14:50:01Z ALCS_Hourly_Check_alarm  Program Start
2012-10-31 14:50:01Z ALCS_Hourly_Check_alarm  Program END 

Create log file
2012-10-31 14:50:01Z SERVER_SELF_CHECK   Program Start
2012-10-31 14:50:01Z SERVER_SELF_CHECK   Program END 

Create log file
2012-10-31 15:01:00ZArray_Photo Program Start
2012-10-31 15:01:03ZArray_Photo Program End

Create log file
2012-10-31 15:03:00ZArray_test_repeat Program Start
2012-10-31 15:03:00ZArray_test_repeat Program End

Create log file
2012-10-31 15:41:14Z oee_empaidxsummdaily_purge Program Start
2012-10-31 15:41:14Z oee_empaidxsummdaily_purge Program END 

Create log file
2012-10-31 15:41:38Z oee_empaidxsummhourly_purge Program Start
2012-10-31 15:41:38Z oee_empaidxsummhourly_purge Program END 

Create log file
2012-10-31 15:44:20Z oee_empastcount_purge Program Start
2012-10-31 15:44:20Z oee_empastcount_purge Program END 

Create log file
2012-10-31 15:50:00Z OEE_IS_Hourly_Check_alarm  Program Start
2012-10-31 15:50:00Z OEE_IS_Hourly_Check_alarm  Program END 

Create log file
2012-10-31 15:50:01Z ALCS_Hourly_Check_alarm  Program Start
2012-10-31 15:50:01Z ALCS_Hourly_Check_alarm  Program END 

Create log file
2012-10-31 15:50:01Z SERVER_SELF_CHECK   Program Start
2012-10-31 15:50:01Z SERVER_SELF_CHECK   Program END 

Create log file
2012-10-31 16:01:00ZArray_Photo Program Start
2012-10-31 16:01:02ZArray_Photo Program End

Create log file
2012-10-31 16:03:00ZArray_test_repeat Program Start
2012-10-31 16:03:00ZArray_test_repeat Program End

Create log file
2012-10-31 16:47:05Z oee_empaidxsummdaily_purge Program Start
2012-10-31 16:47:05Z oee_empaidxsummdaily_purge Program END 

Create log file
2012-10-31 16:47:33Z oee_empaidxsummhourly_purge Program Start
2012-10-31 16:47:33Z oee_empaidxsummhourly_purge Program END 

Create log file
2012-10-31 16:50:17Z oee_empastcount_purge Program Start
2012-10-31 16:50:17Z oee_empastcount_purge Program END 

Create log file
2012-10-31 17:01:00ZArray_Photo Program Start
2012-10-31 17:01:02ZArray_Photo Program End

Create log file
2012-10-31 17:03:00ZArray_test_repeat Program Start
2012-10-31 17:03:00ZArray_test_repeat Program End

Create log file
2012-10-31 17:30:00ZARY_HOLD_LOT Program Start
There are lots exceed process time for 24hrs, please check

There are lots exceed process time for 24hrs, please check

There are lots exceed process time for 24hrs, please check

There are lots exceed process time for 24hrs, please check

There are lots exceed process time for 24hrs, please check

There are lots exceed process time for 24hrs, please check

There are lots exceed process time for 24hrs, please check

There are lots exceed process time for 24hrs, please check

There are lots exceed process time for 24hrs, please check

There are lots exceed process time for 24hrs, please check

There are lots exceed process time for 24hrs, please check

There are lots exceed process time for 24hrs, please check

There are lots exceed process time for 24hrs, please check

There are lots exceed process time for 24hrs, please check

There are lots exceed process time for 24hrs, please check

There are lots exceed process time for 24hrs, please check

2012-10-31 17:30:49ZARY_HOLD_LOT Program End

Create log file
2012-10-31 17:41:06Z oee_empaidxsummdaily_purge Program Start
2012-10-31 17:41:06Z oee_empaidxsummdaily_purge Program END 

Create log file
2012-10-31 17:41:45Z oee_empaidxsummhourly_purge Program Start
2012-10-31 17:41:45Z oee_empaidxsummhourly_purge Program END 

Create log file
2012-10-31 17:44:25Z oee_empastcount_purge Program Start
2012-10-31 17:44:25Z oee_empastcount_purge Program END 

Create log file
2012-10-31 17:50:00Z OEE_IS_Hourly_Check_alarm  Program Start
2012-10-31 17:50:00Z OEE_IS_Hourly_Check_alarm  Program END 

Create log file
2012-10-31 17:50:01Z ALCS_Hourly_Check_alarm  Program Start
2012-10-31 17:50:01Z ALCS_Hourly_Check_alarm  Program END 

Create log file
2012-10-31 17:50:02Z SERVER_SELF_CHECK   Program Start
2012-10-31 17:50:02Z SERVER_SELF_CHECK   Program END 

Create log file
2012-10-31 18:01:00ZArray_Photo Program Start
2012-10-31 18:01:12ZArray_Photo Program End

Create log file
2012-10-31 18:03:00ZArray_test_repeat Program Start
2012-10-31 18:03:00ZArray_test_repeat Program End

Create log file
2012-10-31 18:41:14Z oee_empaidxsummdaily_purge Program Start
2012-10-31 18:41:14Z oee_empaidxsummdaily_purge Program END 

Create log file
2012-10-31 18:41:39Z oee_empaidxsummhourly_purge Program Start
2012-10-31 18:41:39Z oee_empaidxsummhourly_purge Program END 

Create log file
2012-10-31 18:44:21Z oee_empastcount_purge Program Start
2012-10-31 18:44:21Z oee_empastcount_purge Program END 

Create log file
2012-10-31 18:50:00Z OEE_IS_Hourly_Check_alarm  Program Start
2012-10-31 18:50:00Z OEE_IS_Hourly_Check_alarm  Program END 

Create log file
2012-10-31 18:50:00Z ALCS_Hourly_Check_alarm  Program Start
2012-10-31 18:50:00Z ALCS_Hourly_Check_alarm  Program END 

Create log file
2012-10-31 18:50:01Z SERVER_SELF_CHECK   Program Start
2012-10-31 18:50:01Z SERVER_SELF_CHECK   Program END 

Create log file
2012-10-31 19:01:00ZArray_Photo Program Start
2012-10-31 19:01:03ZArray_Photo Program End

Create log file
2012-10-31 19:03:00ZArray_test_repeat Program Start
2012-10-31 19:03:00ZArray_test_repeat Program End

Create log file
2012-10-31 19:41:16Z oee_empaidxsummdaily_purge Program Start
2012-10-31 19:41:16Z oee_empaidxsummdaily_purge Program END 

Create log file
2012-10-31 19:41:40Z oee_empaidxsummhourly_purge Program Start
2012-10-31 19:41:40Z oee_empaidxsummhourly_purge Program END 

Create log file
2012-10-31 19:44:23Z oee_empastcount_purge Program Start
2012-10-31 19:44:23Z oee_empastcount_purge Program END 

Create log file
2012-10-31 19:50:00Z OEE_IS_Hourly_Check_alarm  Program Start
2012-10-31 19:50:00Z OEE_IS_Hourly_Check_alarm  Program END 

Create log file
2012-10-31 19:50:00Z ALCS_Hourly_Check_alarm  Program Start
2012-10-31 19:50:00Z ALCS_Hourly_Check_alarm  Program END 

Create log file
2012-10-31 19:50:03Z SERVER_SELF_CHECK   Program Start
2012-10-31 19:50:03Z SERVER_SELF_CHECK   Program END 

Create log file
2012-10-31 20:01:00ZArray_Photo Program Start
2012-10-31 20:01:03ZArray_Photo Program End

Create log file
2012-10-31 20:03:00ZArray_test_repeat Program Start
2012-10-31 20:03:00ZArray_test_repeat Program End

Create log file
2012-10-31 20:41:16Z oee_empaidxsummdaily_purge Program Start
2012-10-31 20:41:16Z oee_empaidxsummdaily_purge Program END 

Create log file
2012-10-31 20:41:40Z oee_empaidxsummhourly_purge Program Start
2012-10-31 20:41:40Z oee_empaidxsummhourly_purge Program END 

Create log file
2012-10-31 20:44:21Z oee_empastcount_purge Program Start
2012-10-31 20:44:21Z oee_empastcount_purge Program END 

Create log file
2012-10-31 20:50:00Z OEE_IS_Hourly_Check_alarm  Program Start
2012-10-31 20:50:00Z OEE_IS_Hourly_Check_alarm  Program END 

Create log file
2012-10-31 20:50:02Z PDS_Hourly_Check_Alarm log finish Program Start
2012-10-31 20:50:02Z PDS_Hourly_Check_Alarm log finish Program END 

Create log file
2012-10-31 20:50:02Z PDS_Hourly_Check_Alarm log finish Program Start
2012-10-31 20:50:02Z PDS_Hourly_Check_Alarm log finish Program END 

Create log file
2012-10-31 20:50:02Z ALCS_Hourly_Check_alarm  Program Start
2012-10-31 20:50:02Z ALCS_Hourly_Check_alarm  Program END 

Create log file
2012-10-31 20:50:04Z SERVER_SELF_CHECK   Program Start
2012-10-31 20:50:04Z SERVER_SELF_CHECK   Program END 

Create log file
2012-10-31 21:01:00ZArray_Photo Program Start
1350 log finish

2012-10-31 21:01:03ZArray_Photo Program End

Create log file
2012-10-31 21:03:00ZArray_test_repeat Program Start
2012-10-31 21:03:00ZArray_test_repeat Program End

Create log file
2012-10-31 21:30:03ZARY_HOLD_LOT Program Start
There are lots exceed process time for 24hrs, please check

There are lots exceed process time for 24hrs, please check

There are lots exceed process time for 24hrs, please check

There are lots exceed process time for 24hrs, please check

There are lots exceed process time for 24hrs, please check

There are lots exceed process time for 24hrs, please check

There are lots exceed process time for 24hrs, please check

There are lots exceed process time for 24hrs, please check

There are lots exceed process time for 24hrs, please check

There are lots exceed process time for 24hrs, please check

There are lots exceed process time for 24hrs, please check

There are lots exceed process time for 24hrs, please check

There are lots exceed process time for 24hrs, please check

There are lots exceed process time for 24hrs, please check

There are lots exceed process time for 24hrs, please check

There are lots exceed process time for 24hrs, please check

There are lots exceed process time for 24hrs, please check

2012-10-31 21:30:27ZARY_HOLD_LOT Program End

Create log file
2012-10-31 21:41:17Z oee_empaidxsummdaily_purge Program Start
2012-10-31 21:41:17Z oee_empaidxsummdaily_purge Program END 

Create log file
2012-10-31 21:41:40Z oee_empaidxsummhourly_purge Program Start
2012-10-31 21:41:40Z oee_empaidxsummhourly_purge Program END 

Create log file
2012-10-31 21:44:22Z oee_empastcount_purge Program Start
2012-10-31 21:44:22Z oee_empastcount_purge Program END 

Create log file
2012-10-31 21:50:00Z OEE_IS_Hourly_Check_alarm  Program Start
2012-10-31 21:50:00Z OEE_IS_Hourly_Check_alarm  Program END 

Create log file
2012-10-31 21:50:00Z ALCS_Hourly_Check_alarm  Program Start
2012-10-31 21:50:00Z ALCS_Hourly_Check_alarm  Program END 

Create log file
2012-10-31 21:50:01Z SERVER_SELF_CHECK   Program Start
2012-10-31 21:50:01Z SERVER_SELF_CHECK   Program END 

Create log file
2012-10-31 22:00:00ZSERVER_SMS_TEST Program Start
SMS log finish

2012-10-31 22:00:00ZSERVER_SMS_TEST Program End

Create log file
2012-10-31 22:01:00ZArray_Photo Program Start
2012-10-31 22:01:04ZArray_Photo Program End

Create log file
2012-10-31 22:03:00ZArray_test_repeat Program Start
2012-10-31 22:03:00ZArray_test_repeat Program End

Create log file
2012-10-31 22:41:15Z oee_empaidxsummdaily_purge Program Start
2012-10-31 22:41:15Z oee_empaidxsummdaily_purge Program END 

Create log file
2012-10-31 22:41:43Z oee_empaidxsummhourly_purge Program Start
2012-10-31 22:41:43Z oee_empaidxsummhourly_purge Program END 

Create log file
2012-10-31 22:44:25Z oee_empastcount_purge Program Start
2012-10-31 22:44:25Z oee_empastcount_purge Program END 

Create log file
2012-10-31 22:50:00Z OEE_IS_Hourly_Check_alarm  Program Start
2012-10-31 22:50:00Z OEE_IS_Hourly_Check_alarm  Program END 

Create log file
2012-10-31 22:50:00Z ALCS_Hourly_Check_alarm  Program Start
2012-10-31 22:50:00Z ALCS_Hourly_Check_alarm  Program END 

Create log file
2012-10-31 22:50:01Z SERVER_SELF_CHECK   Program Start
2012-10-31 22:50:01Z SERVER_SELF_CHECK   Program END 

Create log file
2012-10-31 23:01:00ZArray_Photo Program Start
2012-10-31 23:01:02ZArray_Photo Program End

Create log file
2012-10-31 23:03:00ZArray_test_repeat Program Start
2012-10-31 23:03:00ZArray_test_repeat Program End

Create log file
2012-10-31 23:41:14Z oee_empaidxsummdaily_purge Program Start
2012-10-31 23:41:14Z oee_empaidxsummdaily_purge Program END 

Create log file
2012-10-31 23:41:41Z oee_empaidxsummhourly_purge Program Start
2012-10-31 23:41:41Z oee_empaidxsummhourly_purge Program END 

Create log file
2012-10-31 23:44:33Z oee_empastcount_purge Program Start
2012-10-31 23:44:33Z oee_empastcount_purge Program END 

Create log file
2012-10-31 23:50:00Z OEE_IS_Hourly_Check_alarm  Program Start
2012-10-31 23:50:00Z OEE_IS_Hourly_Check_alarm  Program END 

Create log file
2012-10-31 23:50:00Z ALCS_Hourly_Check_alarm  Program Start
2012-10-31 23:50:00Z ALCS_Hourly_Check_alarm  Program END 

Create log file
2012-10-31 23:50:01Z SERVER_SELF_CHECK   Program Start
2012-10-31 23:50:01Z SERVER_SELF_CHECK   Program END 

