Create log file
2012-10-29 00:01:00ZArray_Photo Program Start
2012-10-29 00:01:04ZArray_Photo Program End

Create log file
2012-10-29 00:03:02ZArray_test_repeat Program Start
2012-10-29 00:03:02ZArray_test_repeat Program End

Create log file
2012-10-29 00:10:00Z T0T1 InnoView Add User Program Start
2012-10-29 00:10:00Z T0T1 InnoView Add User Program END 

Create log file
2012-10-29 00:20:14Z VPNLOG_PARSER Program Start
2012-10-29 00:20:14Z VPNLOG_PARSER Program END 

Create log file
2012-10-29 00:30:00Z T0/T1 RealTimeDept Program Start
2012-10-29 00:30:00Z T0/T1 RealTimeDept Program END 

Create log file
2012-10-29 00:41:40Z oee_empaidxsummdaily_purge Program Start
2012-10-29 00:41:40Z oee_empaidxsummdaily_purge Program END 

Create log file
2012-10-29 00:42:36Z oee_empaidxsummhourly_purge Program Start
2012-10-29 00:42:36Z oee_empaidxsummhourly_purge Program END 

Create log file
2012-10-29 00:46:50Z oee_empastcount_purge Program Start
2012-10-29 00:46:50Z oee_empastcount_purge Program END 

Create log file
2012-10-29 00:50:00Z OEE_IS_Hourly_Check_alarm  Program Start
2012-10-29 00:50:00Z OEE_IS_Hourly_Check_alarm  Program END 

Create log file
2012-10-29 00:50:01Z ALCS_Hourly_Check_alarm  Program Start
2012-10-29 00:50:01Z ALCS_Hourly_Check_alarm  Program END 

Create log file
2012-10-29 00:50:03Z SERVER_SELF_CHECK   Program Start
2012-10-29 00:50:03Z SERVER_SELF_CHECK   Program END 

Create log file
2012-10-29 01:01:00ZArray_Photo Program Start
1150 log finish

2012-10-29 01:01:05ZArray_Photo Program End

Create log file
2012-10-29 01:03:00ZArray_test_repeat Program Start
2012-10-29 01:03:01ZArray_test_repeat Program End

Create log file
2012-10-29 01:30:00ZARY_HOLD_LOT Program Start
There are lots exceed process time for 24hrs, please check

There are lots exceed process time for 24hrs, please check

There are lots exceed process time for 24hrs, please check

There are lots exceed process time for 24hrs, please check

There are lots exceed process time for 24hrs, please check

There are lots exceed process time for 24hrs, please check

There are lots exceed process time for 24hrs, please check

There are lots exceed process time for 24hrs, please check

There are lots exceed process time for 24hrs, please check

There are lots exceed process time for 24hrs, please check

There are lots exceed process time for 24hrs, please check

There are lots exceed process time for 24hrs, please check

There are lots exceed process time for 24hrs, please check

There are lots exceed process time for 24hrs, please check

There are lots exceed process time for 24hrs, please check

There are lots exceed process time for 24hrs, please check

There are lots exceed process time for 24hrs, please check

There are lots exceed process time for 24hrs, please check

2012-10-29 01:30:25ZARY_HOLD_LOT Program End

Create log file
2012-10-29 01:41:17Z oee_empaidxsummdaily_purge Program Start
2012-10-29 01:41:17Z oee_empaidxsummdaily_purge Program END 

Create log file
2012-10-29 01:42:25Z oee_empaidxsummhourly_purge Program Start
2012-10-29 01:42:25Z oee_empaidxsummhourly_purge Program END 

Create log file
2012-10-29 01:44:36Z oee_empastcount_purge Program Start
2012-10-29 01:44:36Z oee_empastcount_purge Program END 

Create log file
2012-10-29 01:50:01Z OEE_IS_Hourly_Check_alarm  Program Start
2012-10-29 01:50:01Z OEE_IS_Hourly_Check_alarm  Program END 

Create log file
2012-10-29 01:50:01Z ALCS_Hourly_Check_alarm  Program Start
2012-10-29 01:50:01Z ALCS_Hourly_Check_alarm  Program END 

Create log file
2012-10-29 01:50:02Z SERVER_SELF_CHECK   Program Start
2012-10-29 01:50:02Z SERVER_SELF_CHECK   Program END 

Create log file
2012-10-29 02:01:00ZArray_Photo Program Start
2012-10-29 02:01:02ZArray_Photo Program End

Create log file
2012-10-29 02:03:00ZArray_test_repeat Program Start
2012-10-29 02:03:00ZArray_test_repeat Program End

Create log file
2012-10-29 02:41:23Z oee_empaidxsummdaily_purge Program Start
2012-10-29 02:41:23Z oee_empaidxsummdaily_purge Program END 

Create log file
2012-10-29 02:42:12Z oee_empaidxsummhourly_purge Program Start
2012-10-29 02:42:12Z oee_empaidxsummhourly_purge Program END 

Create log file
2012-10-29 02:44:46Z oee_empastcount_purge Program Start
2012-10-29 02:44:46Z oee_empastcount_purge Program END 

Create log file
2012-10-29 02:50:00Z OEE_IS_Hourly_Check_alarm  Program Start
2012-10-29 02:50:00Z OEE_IS_Hourly_Check_alarm  Program END 

Create log file
2012-10-29 02:50:02Z ALCS_Hourly_Check_alarm  Program Start
2012-10-29 02:50:02Z ALCS_Hourly_Check_alarm  Program END 

Create log file
2012-10-29 02:50:02Z SERVER_SELF_CHECK   Program Start
2012-10-29 02:50:02Z SERVER_SELF_CHECK   Program END 

Create log file
2012-10-29 03:01:00ZArray_Photo Program Start
2012-10-29 03:01:02ZArray_Photo Program End

Create log file
2012-10-29 03:03:00ZArray_test_repeat Program Start
2012-10-29 03:03:00ZArray_test_repeat Program End

Create log file
2012-10-29 03:41:19Z oee_empaidxsummdaily_purge Program Start
2012-10-29 03:41:19Z oee_empaidxsummdaily_purge Program END 

Create log file
2012-10-29 03:42:33Z oee_empaidxsummhourly_purge Program Start
2012-10-29 03:42:33Z oee_empaidxsummhourly_purge Program END 

Create log file
2012-10-29 03:44:44Z oee_empastcount_purge Program Start
2012-10-29 03:44:44Z oee_empastcount_purge Program END 

Create log file
2012-10-29 03:50:00Z OEE_IS_Hourly_Check_alarm  Program Start
2012-10-29 03:50:00Z OEE_IS_Hourly_Check_alarm  Program END 

Create log file
2012-10-29 03:50:01Z ALCS_Hourly_Check_alarm  Program Start
2012-10-29 03:50:01Z ALCS_Hourly_Check_alarm  Program END 

Create log file
2012-10-29 03:50:01Z SERVER_SELF_CHECK   Program Start
2012-10-29 03:50:01Z SERVER_SELF_CHECK   Program END 

Create log file
2012-10-29 04:01:00ZArray_Photo Program Start
2012-10-29 04:01:02ZArray_Photo Program End

Create log file
2012-10-29 04:03:00ZArray_test_repeat Program Start
2012-10-29 04:03:00ZArray_test_repeat Program End

Create log file
2012-10-29 04:41:25Z oee_empaidxsummdaily_purge Program Start
2012-10-29 04:41:25Z oee_empaidxsummdaily_purge Program END 

Create log file
2012-10-29 04:42:22Z oee_empaidxsummhourly_purge Program Start
2012-10-29 04:42:22Z oee_empaidxsummhourly_purge Program END 

Create log file
2012-10-29 04:44:37Z oee_empastcount_purge Program Start
2012-10-29 04:44:37Z oee_empastcount_purge Program END 

Create log file
2012-10-29 04:50:00Z OEE_IS_Hourly_Check_alarm  Program Start
2012-10-29 04:50:00Z OEE_IS_Hourly_Check_alarm  Program END 

Create log file
2012-10-29 04:50:00Z ALCS_Hourly_Check_alarm  Program Start
2012-10-29 04:50:00Z ALCS_Hourly_Check_alarm  Program END 

Create log file
2012-10-29 04:50:01Z SERVER_SELF_CHECK   Program Start
2012-10-29 04:50:01Z SERVER_SELF_CHECK   Program END 

Create log file
2012-10-29 05:01:00ZArray_Photo Program Start
2012-10-29 05:01:03ZArray_Photo Program End

Create log file
2012-10-29 05:03:00ZArray_test_repeat Program Start
2012-10-29 05:03:01ZArray_test_repeat Program End

Create log file
2012-10-29 05:30:04ZARY_HOLD_LOT Program Start
There are lots exceed process time for 24hrs, please check

There are lots exceed process time for 24hrs, please check

There are lots exceed process time for 24hrs, please check

There are lots exceed process time for 24hrs, please check

There are lots exceed process time for 24hrs, please check

There are lots exceed process time for 24hrs, please check

There are lots exceed process time for 24hrs, please check

There are lots exceed process time for 24hrs, please check

There are lots exceed process time for 24hrs, please check

There are lots exceed process time for 24hrs, please check

There are lots exceed process time for 24hrs, please check

There are lots exceed process time for 24hrs, please check

There are lots exceed process time for 24hrs, please check

There are lots exceed process time for 24hrs, please check

There are lots exceed process time for 24hrs, please check

There are lots exceed process time for 24hrs, please check

There are lots exceed process time for 24hrs, please check

There are lots exceed process time for 24hrs, please check

There are lots exceed process time for 24hrs, please check

2012-10-29 05:30:31ZARY_HOLD_LOT Program End

Create log file
2012-10-29 05:41:19Z oee_empaidxsummdaily_purge Program Start
2012-10-29 05:41:19Z oee_empaidxsummdaily_purge Program END 

Create log file
2012-10-29 05:42:14Z oee_empaidxsummhourly_purge Program Start
2012-10-29 05:42:14Z oee_empaidxsummhourly_purge Program END 

Create log file
2012-10-29 05:44:34Z oee_empastcount_purge Program Start
2012-10-29 05:44:34Z oee_empastcount_purge Program END 

Create log file
2012-10-29 05:50:00Z OEE_IS_Hourly_Check_alarm  Program Start
2012-10-29 05:50:00Z OEE_IS_Hourly_Check_alarm  Program END 

Create log file
2012-10-29 05:50:01Z ALCS_Hourly_Check_alarm  Program Start
2012-10-29 05:50:01Z ALCS_Hourly_Check_alarm  Program END 

Create log file
2012-10-29 05:50:02Z SERVER_SELF_CHECK   Program Start
2012-10-29 05:50:02Z SERVER_SELF_CHECK   Program END 

Create log file
2012-10-29 06:01:00ZArray_Photo Program Start
1150 log finish

2012-10-29 06:01:03ZArray_Photo Program End

Create log file
2012-10-29 06:03:00ZArray_test_repeat Program Start
2012-10-29 06:03:01ZArray_test_repeat Program End

Create log file
2012-10-29 06:41:26Z oee_empaidxsummdaily_purge Program Start
2012-10-29 06:41:26Z oee_empaidxsummdaily_purge Program END 

Create log file
2012-10-29 06:42:18Z oee_empaidxsummhourly_purge Program Start
2012-10-29 06:42:18Z oee_empaidxsummhourly_purge Program END 

Create log file
2012-10-29 06:44:44Z oee_empastcount_purge Program Start
2012-10-29 06:44:44Z oee_empastcount_purge Program END 

Create log file
2012-10-29 06:50:55Z ODS_Recover_Lot 155 Lots Program Start
2012-10-29 06:50:55Z ODS_Recover_Lot 155 Lots Program END 

Create log file
2012-10-29 06:51:07Z OEE_IS_Hourly_Check_alarm  Program Start
2012-10-29 06:51:07Z OEE_IS_Hourly_Check_alarm  Program END 

Create log file
2012-10-29 06:51:10Z ALCS_Hourly_Check_alarm  Program Start
2012-10-29 06:51:10Z ALCS_Hourly_Check_alarm  Program END 

Create log file
2012-10-29 06:51:10Z SERVER_SELF_CHECK   Program Start
2012-10-29 06:51:10Z SERVER_SELF_CHECK   Program END 

Create log file
2012-10-29 07:01:00ZArray_Photo Program Start
1250 log finish

2012-10-29 07:01:04ZArray_Photo Program End

Create log file
2012-10-29 07:03:00ZArray_test_repeat Program Start
2012-10-29 07:03:01ZArray_test_repeat Program End

Create log file
2012-10-29 07:31:56Z OEELH_fixed_data_Daily Program Start
2012-10-29 07:31:56Z OEELH_fixed_data_Daily Program END 

Create log file
2012-10-29 07:41:21Z oee_empaidxsummdaily_purge Program Start
2012-10-29 07:41:21Z oee_empaidxsummdaily_purge Program END 

Create log file
2012-10-29 07:42:17Z oee_empaidxsummhourly_purge Program Start
2012-10-29 07:42:17Z oee_empaidxsummhourly_purge Program END 

Create log file
2012-10-29 07:44:39Z oee_empastcount_purge Program Start
2012-10-29 07:44:39Z oee_empastcount_purge Program END 

Create log file
2012-10-29 07:50:00Z OEE_IS_Hourly_Check_alarm  Program Start
2012-10-29 07:50:00Z OEE_IS_Hourly_Check_alarm  Program END 

Create log file
2012-10-29 07:50:01Z ALCS_Hourly_Check_alarm  Program Start
2012-10-29 07:50:01Z ALCS_Hourly_Check_alarm  Program END 

Create log file
2012-10-29 07:50:10Z SERVER_SELF_CHECK   Program Start
2012-10-29 07:50:10Z SERVER_SELF_CHECK   Program END 

Create log file
2012-10-29 08:00:00Z Check_Onduty_Time From Onduty_dotnet2  Program Start
2012-10-29 08:00:00Z Check_Onduty_Time From Onduty_dotnet2  Program END 

Create log file
2012-10-29 08:01:00ZArray_Photo Program Start
1250 log finish

2012-10-29 08:01:04ZArray_Photo Program End

Create log file
2012-10-29 08:03:00ZArray_test_repeat Program Start
2012-10-29 08:03:00ZArray_test_repeat Program End

Create log file
2012-10-29 08:30:00ZHoliday_inout_SMS Program Start
2012-10-29 08:30:00ZHoliday_Inout_SMS Program End

Create log file
2012-10-29 08:32:00ZOEE_EQP_SMS Program Start
2012-10-29 08:32:49ZOEE_EQP_SMS Program End

Create log file
2012-10-29 08:41:16Z oee_empaidxsummdaily_purge Program Start
2012-10-29 08:41:16Z oee_empaidxsummdaily_purge Program END 

Create log file
2012-10-29 08:42:14Z oee_empaidxsummhourly_purge Program Start
2012-10-29 08:42:14Z oee_empaidxsummhourly_purge Program END 

Create log file
2012-10-29 08:44:38Z oee_empastcount_purge Program Start
2012-10-29 08:44:38Z oee_empastcount_purge Program END 

Create log file
2012-10-29 08:45:00ZHoliday_inout_SMS_For_C2 Program Start
2012-10-29 08:45:23ZHoliday_Inout_SMS_For_C2 Program End

Create log file
2012-10-29 08:50:00Z OEE_IS_Hourly_Check_alarm  Program Start
2012-10-29 08:50:00Z OEE_IS_Hourly_Check_alarm  Program END 

Create log file
2012-10-29 08:50:00Z ALCS_Hourly_Check_alarm  Program Start
2012-10-29 08:50:00Z ALCS_Hourly_Check_alarm  Program END 

Create log file
2012-10-29 08:50:01Z SERVER_SELF_CHECK   Program Start
2012-10-29 08:50:01Z SERVER_SELF_CHECK   Program END 

Create log file
2012-10-29 09:01:04ZArray_Photo Program Start
2012-10-29 09:01:07ZArray_Photo Program End

Create log file
2012-10-29 09:03:00ZArray_test_repeat Program Start
2012-10-29 09:03:00ZArray_test_repeat Program End

Create log file
2012-10-29 09:30:00ZARY_HOLD_LOT Program Start
There are lots exceed process time for 24hrs, please check

There are lots exceed process time for 24hrs, please check

There are lots exceed process time for 24hrs, please check

There are lots exceed process time for 24hrs, please check

There are lots exceed process time for 24hrs, please check

There are lots exceed process time for 24hrs, please check

There are lots exceed process time for 24hrs, please check

There are lots exceed process time for 24hrs, please check

There are lots exceed process time for 24hrs, please check

There are lots exceed process time for 24hrs, please check

There are lots exceed process time for 24hrs, please check

There are lots exceed process time for 24hrs, please check

There are lots exceed process time for 24hrs, please check

There are lots exceed process time for 24hrs, please check

There are lots exceed process time for 24hrs, please check

There are lots exceed process time for 24hrs, please check

There are lots exceed process time for 24hrs, please check

There are lots exceed process time for 24hrs, please check

There are lots exceed process time for 24hrs, please check

2012-10-29 09:30:52ZARY_HOLD_LOT Program End

Create log file
2012-10-29 09:41:19Z oee_empaidxsummdaily_purge Program Start
2012-10-29 09:41:19Z oee_empaidxsummdaily_purge Program END 

Create log file
2012-10-29 09:42:26Z oee_empaidxsummhourly_purge Program Start
2012-10-29 09:42:26Z oee_empaidxsummhourly_purge Program END 

Create log file
2012-10-29 09:44:39Z oee_empastcount_purge Program Start
2012-10-29 09:44:39Z oee_empastcount_purge Program END 

Create log file
2012-10-29 09:50:00Z OEE_IS_Hourly_Check_alarm  Program Start
2012-10-29 09:50:00Z OEE_IS_Hourly_Check_alarm  Program END 

Create log file
2012-10-29 09:50:01Z ALCS_Hourly_Check_alarm  Program Start
2012-10-29 09:50:01Z ALCS_Hourly_Check_alarm  Program END 

Create log file
2012-10-29 09:50:02Z SERVER_SELF_CHECK   Program Start
2012-10-29 09:50:02Z SERVER_SELF_CHECK   Program END 

Create log file
2012-10-29 10:01:00ZArray_Photo Program Start
2012-10-29 10:01:03ZArray_Photo Program End

Create log file
2012-10-29 10:03:00ZArray_test_repeat Program Start
2012-10-29 10:03:00ZArray_test_repeat Program End

Create log file
2012-10-29 10:41:25Z oee_empaidxsummdaily_purge Program Start
2012-10-29 10:41:25Z oee_empaidxsummdaily_purge Program END 

Create log file
2012-10-29 10:42:11Z oee_empaidxsummhourly_purge Program Start
2012-10-29 10:42:11Z oee_empaidxsummhourly_purge Program END 

Create log file
2012-10-29 10:44:39Z oee_empastcount_purge Program Start
2012-10-29 10:44:39Z oee_empastcount_purge Program END 

Create log file
2012-10-29 10:50:00Z OEE_IS_Hourly_Check_alarm  Program Start
2012-10-29 10:50:00Z OEE_IS_Hourly_Check_alarm  Program END 

Create log file
2012-10-29 10:50:01Z ALCS_Hourly_Check_alarm  Program Start
2012-10-29 10:50:01Z ALCS_Hourly_Check_alarm  Program END 

Create log file
2012-10-29 10:50:01Z SERVER_SELF_CHECK   Program Start
2012-10-29 10:50:01Z SERVER_SELF_CHECK   Program END 

Create log file
2012-10-29 10:50:02Z SERVER_SELF_CHECK Program Start
SMS log finish

2012-10-29 10:50:02Z SERVER_SELF_CHECK Program End

Create log file
2012-10-29 11:01:00ZArray_Photo Program Start
2012-10-29 11:01:05ZArray_Photo Program End

Create log file
2012-10-29 11:03:00ZArray_test_repeat Program Start
2012-10-29 11:03:00ZArray_test_repeat Program End

Create log file
2012-10-29 11:40:01Z T1OEE Purge Program Start
2012-10-29 11:40:01Z T1OEE Purge Program END 

Create log file
2012-10-29 11:41:21Z oee_empaidxsummdaily_purge Program Start
2012-10-29 11:41:21Z oee_empaidxsummdaily_purge Program END 

Create log file
2012-10-29 11:42:28Z oee_empaidxsummhourly_purge Program Start
2012-10-29 11:42:28Z oee_empaidxsummhourly_purge Program END 

Create log file
2012-10-29 11:45:01Z oee_empastcount_purge Program Start
2012-10-29 11:45:01Z oee_empastcount_purge Program END 

Create log file
2012-10-29 11:50:00Z OEE_IS_Hourly_Check_alarm  Program Start
2012-10-29 11:50:00Z OEE_IS_Hourly_Check_alarm  Program END 

Create log file
2012-10-29 11:50:01Z ALCS_Hourly_Check_alarm  Program Start
2012-10-29 11:50:01Z ALCS_Hourly_Check_alarm  Program END 

Create log file
2012-10-29 11:50:01Z SERVER_SELF_CHECK   Program Start
2012-10-29 11:50:01Z SERVER_SELF_CHECK   Program END 

Create log file
2012-10-29 11:53:05ZARY_HOLD_LOT Program Start
There are lots exceed process time for 24hrs, please check

There are lots exceed process time for 24hrs, please check

There are lots exceed process time for 24hrs, please check

There are lots exceed process time for 24hrs, please check

There are lots exceed process time for 24hrs, please check

There are lots exceed process time for 24hrs, please check

There are lots exceed process time for 24hrs, please check

There are lots exceed process time for 24hrs, please check

There are lots exceed process time for 24hrs, please check

There are lots exceed process time for 24hrs, please check

There are lots exceed process time for 24hrs, please check

There are lots exceed process time for 24hrs, please check

There are lots exceed process time for 24hrs, please check

There are lots exceed process time for 24hrs, please check

There are lots exceed process time for 24hrs, please check

There are lots exceed process time for 24hrs, please check

There are lots exceed process time for 24hrs, please check

There are lots exceed process time for 24hrs, please check

2012-10-29 12:03:28ZARY_HOLD_LOT Program End

Create log file
2012-10-29 12:06:20ZARY_HOLD_LOT Program Start
There are lots exceed process time for 24hrs, please check

There are lots exceed process time for 24hrs, please check

There are lots exceed process time for 24hrs, please check

There are lots exceed process time for 24hrs, please check

There are lots exceed process time for 24hrs, please check

There are lots exceed process time for 24hrs, please check

There are lots exceed process time for 24hrs, please check

There are lots exceed process time for 24hrs, please check

There are lots exceed process time for 24hrs, please check

There are lots exceed process time for 24hrs, please check

There are lots exceed process time for 24hrs, please check

There are lots exceed process time for 24hrs, please check

There are lots exceed process time for 24hrs, please check

There are lots exceed process time for 24hrs, please check

There are lots exceed process time for 24hrs, please check

There are lots exceed process time for 24hrs, please check

There are lots exceed process time for 24hrs, please check

There are lots exceed process time for 24hrs, please check

2012-10-29 12:10:48ZARY_HOLD_LOT Program End

Create log file
2012-10-29 12:42:03Z oee_empaidxsummdaily_purge Program Start
2012-10-29 12:42:03Z oee_empaidxsummdaily_purge Program END 

Create log file
2012-10-29 12:43:14Z oee_empaidxsummhourly_purge Program Start
2012-10-29 12:43:14Z oee_empaidxsummhourly_purge Program END 

Create log file
2012-10-29 12:45:25Z oee_empastcount_purge Program Start
2012-10-29 12:45:25Z oee_empastcount_purge Program END 

Create log file
2012-10-29 12:50:00Z OEE_IS_Hourly_Check_alarm  Program Start
2012-10-29 12:50:00Z OEE_IS_Hourly_Check_alarm  Program END 

Create log file
2012-10-29 12:50:01Z ALCS_Hourly_Check_alarm  Program Start
2012-10-29 12:50:01Z ALCS_Hourly_Check_alarm  Program END 

Create log file
2012-10-29 12:50:01Z SERVER_SELF_CHECK   Program Start
2012-10-29 12:50:01Z SERVER_SELF_CHECK   Program END 

Create log file
2012-10-29 12:50:02Z SERVER_SELF_CHECK Program Start
SMS log finish

2012-10-29 12:50:02Z SERVER_SELF_CHECK Program End

Create log file
2012-10-29 13:01:00ZArray_Photo Program Start
2012-10-29 13:01:04ZArray_Photo Program End

Create log file
2012-10-29 13:03:00ZArray_test_repeat Program Start
2012-10-29 13:03:00ZArray_test_repeat Program End

Create log file
2012-10-29 13:31:07ZARY_HOLD_LOT Program Start
There are lots exceed process time for 24hrs, please check

There are lots exceed process time for 24hrs, please check

There are lots exceed process time for 48hrs, please check

There are lots exceed process time for 24hrs, please check

There are lots exceed process time for 24hrs, please check

There are lots exceed process time for 48hrs, please check

There are lots exceed process time for 24hrs, please check

There are lots exceed process time for 24hrs, please check

There are lots exceed process time for 48hrs, please check

There are lots exceed process time for 24hrs, please check

There are lots exceed process time for 24hrs, please check

There are lots exceed process time for 24hrs, please check

There are lots exceed process time for 24hrs, please check

There are lots exceed process time for 48hrs, please check

There are lots exceed process time for 24hrs, please check

There are lots exceed process time for 24hrs, please check

There are lots exceed process time for 48hrs, please check

There are lots exceed process time for 24hrs, please check

There are lots exceed process time for 24hrs, please check

There are lots exceed process time for 48hrs, please check

There are lots exceed process time for 24hrs, please check

There are lots exceed process time for 24hrs, please check

There are lots exceed process time for 48hrs, please check

There are lots exceed process time for 24hrs, please check

There are lots exceed process time for 24hrs, please check

There are lots exceed process time for 48hrs, please check

There are lots exceed process time for 24hrs, please check

There are lots exceed process time for 24hrs, please check

There are lots exceed process time for 48hrs, please check

There are lots exceed process time for 24hrs, please check

There are lots exceed process time for 24hrs, please check

There are lots exceed process time for 48hrs, please check

There are lots exceed process time for 24hrs, please check

There are lots exceed process time for 24hrs, please check

There are lots exceed process time for 48hrs, please check

There are lots exceed process time for 24hrs, please check

There are lots exceed process time for 24hrs, please check

There are lots exceed process time for 48hrs, please check

There are lots exceed process time for 24hrs, please check

There are lots exceed process time for 24hrs, please check

There are lots exceed process time for 24hrs, please check

There are lots exceed process time for 24hrs, please check

There are lots exceed process time for 48hrs, please check

There are lots exceed process time for 24hrs, please check

There are lots exceed process time for 24hrs, please check

There are lots exceed process time for 24hrs, please check

There are lots exceed process time for 24hrs, please check

There are lots exceed process time for 48hrs, please check

There are lots exceed process time for 24hrs, please check

There are lots exceed process time for 24hrs, please check

There are lots exceed process time for 48hrs, please check

2012-10-29 13:31:53ZARY_HOLD_LOT Program End

Create log file
2012-10-29 13:41:18Z oee_empaidxsummdaily_purge Program Start
2012-10-29 13:41:18Z oee_empaidxsummdaily_purge Program END 

Create log file
2012-10-29 13:41:46Z oee_empaidxsummhourly_purge Program Start
2012-10-29 13:41:46Z oee_empaidxsummhourly_purge Program END 

Create log file
2012-10-29 13:44:40Z oee_empastcount_purge Program Start
2012-10-29 13:44:40Z oee_empastcount_purge Program END 

Create log file
2012-10-29 13:50:01Z OEE_IS_Hourly_Check_alarm  Program Start
2012-10-29 13:50:01Z OEE_IS_Hourly_Check_alarm  Program END 

Create log file
2012-10-29 13:50:04Z ALCS_Hourly_Check_alarm  Program Start
2012-10-29 13:50:04Z ALCS_Hourly_Check_alarm  Program END 

Create log file
2012-10-29 13:50:05Z SERVER_SELF_CHECK   Program Start
2012-10-29 13:50:05Z SERVER_SELF_CHECK   Program END 

Create log file
2012-10-29 14:01:00ZArray_Photo Program Start
2012-10-29 14:01:03ZArray_Photo Program End

Create log file
2012-10-29 14:03:00ZArray_test_repeat Program Start
2012-10-29 14:03:00ZArray_test_repeat Program End

Create log file
2012-10-29 14:41:23Z oee_empaidxsummdaily_purge Program Start
2012-10-29 14:41:23Z oee_empaidxsummdaily_purge Program END 

Create log file
2012-10-29 14:41:47Z oee_empaidxsummhourly_purge Program Start
2012-10-29 14:41:47Z oee_empaidxsummhourly_purge Program END 

Create log file
2012-10-29 14:44:43Z oee_empastcount_purge Program Start
2012-10-29 14:44:43Z oee_empastcount_purge Program END 

Create log file
2012-10-29 14:50:00Z OEE_IS_Hourly_Check_alarm  Program Start
2012-10-29 14:50:00Z OEE_IS_Hourly_Check_alarm  Program END 

Create log file
2012-10-29 14:50:01Z ALCS_Hourly_Check_alarm  Program Start
2012-10-29 14:50:01Z ALCS_Hourly_Check_alarm  Program END 

Create log file
2012-10-29 14:50:01Z SERVER_SELF_CHECK   Program Start
2012-10-29 14:50:01Z SERVER_SELF_CHECK   Program END 

Create log file
2012-10-29 15:01:00ZArray_Photo Program Start
1150 log finish

2012-10-29 15:01:03ZArray_Photo Program End

Create log file
2012-10-29 15:03:00ZArray_test_repeat Program Start
2012-10-29 15:03:00ZArray_test_repeat Program End

Create log file
2012-10-29 15:41:21Z oee_empaidxsummdaily_purge Program Start
2012-10-29 15:41:21Z oee_empaidxsummdaily_purge Program END 

Create log file
2012-10-29 15:41:44Z oee_empaidxsummhourly_purge Program Start
2012-10-29 15:41:44Z oee_empaidxsummhourly_purge Program END 

Create log file
2012-10-29 15:44:28Z oee_empastcount_purge Program Start
2012-10-29 15:44:28Z oee_empastcount_purge Program END 

Create log file
2012-10-29 15:50:00Z OEE_IS_Hourly_Check_alarm  Program Start
2012-10-29 15:50:00Z OEE_IS_Hourly_Check_alarm  Program END 

Create log file
2012-10-29 15:50:08Z ALCS_Hourly_Check_alarm  Program Start
2012-10-29 15:50:08Z ALCS_Hourly_Check_alarm  Program END 

Create log file
2012-10-29 15:50:09Z SERVER_SELF_CHECK   Program Start
2012-10-29 15:50:09Z SERVER_SELF_CHECK   Program END 

Create log file
2012-10-29 16:01:00ZArray_Photo Program Start
2012-10-29 16:01:03ZArray_Photo Program End

Create log file
2012-10-29 16:03:00ZArray_test_repeat Program Start
2012-10-29 16:03:00ZArray_test_repeat Program End

Create log file
2012-10-29 16:41:23Z oee_empaidxsummdaily_purge Program Start
2012-10-29 16:41:23Z oee_empaidxsummdaily_purge Program END 

Create log file
2012-10-29 16:41:58Z oee_empaidxsummhourly_purge Program Start
2012-10-29 16:41:58Z oee_empaidxsummhourly_purge Program END 

Create log file
2012-10-29 16:44:43Z oee_empastcount_purge Program Start
2012-10-29 16:44:43Z oee_empastcount_purge Program END 

Create log file
2012-10-29 16:50:00Z OEE_IS_Hourly_Check_alarm  Program Start
2012-10-29 16:50:00Z OEE_IS_Hourly_Check_alarm  Program END 

Create log file
2012-10-29 16:50:01Z ALCS_Hourly_Check_alarm  Program Start
2012-10-29 16:50:01Z ALCS_Hourly_Check_alarm  Program END 

Create log file
2012-10-29 16:50:01Z SERVER_SELF_CHECK   Program Start
2012-10-29 16:50:01Z SERVER_SELF_CHECK   Program END 

Create log file
2012-10-29 16:50:02Z SERVER_SELF_CHECK Program Start
SMS log finish

2012-10-29 16:50:02Z SERVER_SELF_CHECK Program End

Create log file
2012-10-29 17:01:00ZArray_Photo Program Start
1350 log finish

2012-10-29 17:01:03ZArray_Photo Program End

Create log file
2012-10-29 17:03:00ZArray_test_repeat Program Start
2012-10-29 17:03:00ZArray_test_repeat Program End

Create log file
2012-10-29 17:30:00ZARY_HOLD_LOT Program Start
There are lots exceed process time for 24hrs, please check

There are lots exceed process time for 24hrs, please check

There are lots exceed process time for 24hrs, please check

There are lots exceed process time for 24hrs, please check

There are lots exceed process time for 24hrs, please check

There are lots exceed process time for 24hrs, please check

There are lots exceed process time for 24hrs, please check

There are lots exceed process time for 24hrs, please check

There are lots exceed process time for 24hrs, please check

There are lots exceed process time for 24hrs, please check

There are lots exceed process time for 24hrs, please check

There are lots exceed process time for 24hrs, please check

There are lots exceed process time for 24hrs, please check

There are lots exceed process time for 24hrs, please check

There are lots exceed process time for 24hrs, please check

There are lots exceed process time for 24hrs, please check

There are lots exceed process time for 24hrs, please check

There are lots exceed process time for 24hrs, please check

2012-10-29 17:30:21ZARY_HOLD_LOT Program End

Create log file
2012-10-29 17:41:11Z oee_empaidxsummdaily_purge Program Start
2012-10-29 17:41:11Z oee_empaidxsummdaily_purge Program END 

Create log file
2012-10-29 17:41:41Z oee_empaidxsummhourly_purge Program Start
2012-10-29 17:41:41Z oee_empaidxsummhourly_purge Program END 

Create log file
2012-10-29 17:44:29Z oee_empastcount_purge Program Start
2012-10-29 17:44:29Z oee_empastcount_purge Program END 

Create log file
2012-10-29 17:50:00Z OEE_IS_Hourly_Check_alarm  Program Start
2012-10-29 17:50:00Z OEE_IS_Hourly_Check_alarm  Program END 

Create log file
2012-10-29 17:50:01Z ALCS_Hourly_Check_alarm  Program Start
2012-10-29 17:50:01Z ALCS_Hourly_Check_alarm  Program END 

Create log file
2012-10-29 17:50:03Z SERVER_SELF_CHECK   Program Start
2012-10-29 17:50:03Z SERVER_SELF_CHECK   Program END 

Create log file
2012-10-29 18:01:00ZArray_Photo Program Start
2012-10-29 18:01:03ZArray_Photo Program End

Create log file
2012-10-29 18:03:00ZArray_test_repeat Program Start
2012-10-29 18:03:00ZArray_test_repeat Program End

Create log file
2012-10-29 18:41:21Z oee_empaidxsummdaily_purge Program Start
2012-10-29 18:41:21Z oee_empaidxsummdaily_purge Program END 

Create log file
2012-10-29 18:41:45Z oee_empaidxsummhourly_purge Program Start
2012-10-29 18:41:45Z oee_empaidxsummhourly_purge Program END 

Create log file
2012-10-29 18:44:38Z oee_empastcount_purge Program Start
2012-10-29 18:44:38Z oee_empastcount_purge Program END 

Create log file
2012-10-29 18:50:00Z OEE_IS_Hourly_Check_alarm  Program Start
2012-10-29 18:50:00Z OEE_IS_Hourly_Check_alarm  Program END 

Create log file
2012-10-29 18:50:00Z ALCS_Hourly_Check_alarm  Program Start
2012-10-29 18:50:00Z ALCS_Hourly_Check_alarm  Program END 

Create log file
2012-10-29 18:50:01Z SERVER_SELF_CHECK   Program Start
2012-10-29 18:50:01Z SERVER_SELF_CHECK   Program END 

Create log file
2012-10-29 19:01:00ZArray_Photo Program Start
1350 log finish

2012-10-29 19:01:04ZArray_Photo Program End

Create log file
2012-10-29 19:03:00ZArray_test_repeat Program Start
2012-10-29 19:03:00ZArray_test_repeat Program End

Create log file
2012-10-29 19:41:24Z oee_empaidxsummdaily_purge Program Start
2012-10-29 19:41:24Z oee_empaidxsummdaily_purge Program END 

Create log file
2012-10-29 19:41:50Z oee_empaidxsummhourly_purge Program Start
2012-10-29 19:41:50Z oee_empaidxsummhourly_purge Program END 

Create log file
2012-10-29 19:44:35Z oee_empastcount_purge Program Start
2012-10-29 19:44:35Z oee_empastcount_purge Program END 

Create log file
2012-10-29 19:50:00Z OEE_IS_Hourly_Check_alarm  Program Start
2012-10-29 19:50:00Z OEE_IS_Hourly_Check_alarm  Program END 

Create log file
2012-10-29 19:50:00Z ALCS_Hourly_Check_alarm  Program Start
2012-10-29 19:50:00Z ALCS_Hourly_Check_alarm  Program END 

Create log file
2012-10-29 19:50:05Z SERVER_SELF_CHECK   Program Start
2012-10-29 19:50:05Z SERVER_SELF_CHECK   Program END 

Create log file
2012-10-29 19:50:06Z SERVER_SELF_CHECK Program Start
SMS log finish

2012-10-29 19:50:06Z SERVER_SELF_CHECK Program End

Create log file
2012-10-29 20:01:00ZArray_Photo Program Start
1350 log finish

1450 log finish

2012-10-29 20:01:03ZArray_Photo Program End

Create log file
2012-10-29 20:03:00ZArray_test_repeat Program Start
2012-10-29 20:03:00ZArray_test_repeat Program End

Create log file
2012-10-29 20:41:20Z oee_empaidxsummdaily_purge Program Start
2012-10-29 20:41:20Z oee_empaidxsummdaily_purge Program END 

Create log file
2012-10-29 20:41:45Z oee_empaidxsummhourly_purge Program Start
2012-10-29 20:41:45Z oee_empaidxsummhourly_purge Program END 

Create log file
2012-10-29 20:44:29Z oee_empastcount_purge Program Start
2012-10-29 20:44:29Z oee_empastcount_purge Program END 

Create log file
2012-10-29 20:50:00Z OEE_IS_Hourly_Check_alarm  Program Start
2012-10-29 20:50:00Z OEE_IS_Hourly_Check_alarm  Program END 

Create log file
2012-10-29 20:50:05Z ALCS_Hourly_Check_alarm  Program Start
2012-10-29 20:50:05Z ALCS_Hourly_Check_alarm  Program END 

Create log file
2012-10-29 20:50:06Z SERVER_SELF_CHECK   Program Start
2012-10-29 20:50:06Z SERVER_SELF_CHECK   Program END 

Create log file
2012-10-29 21:01:00ZArray_Photo Program Start
1350 log finish

1450 log finish

2012-10-29 21:01:03ZArray_Photo Program End

Create log file
2012-10-29 21:03:00ZArray_test_repeat Program Start
2012-10-29 21:03:00ZArray_test_repeat Program End

Create log file
2012-10-29 21:30:00ZARY_HOLD_LOT Program Start
There are lots exceed process time for 24hrs, please check

There are lots exceed process time for 24hrs, please check

There are lots exceed process time for 24hrs, please check

There are lots exceed process time for 24hrs, please check

There are lots exceed process time for 24hrs, please check

There are lots exceed process time for 24hrs, please check

There are lots exceed process time for 24hrs, please check

There are lots exceed process time for 24hrs, please check

There are lots exceed process time for 24hrs, please check

There are lots exceed process time for 24hrs, please check

There are lots exceed process time for 24hrs, please check

There are lots exceed process time for 24hrs, please check

There are lots exceed process time for 24hrs, please check

There are lots exceed process time for 24hrs, please check

There are lots exceed process time for 24hrs, please check

There are lots exceed process time for 24hrs, please check

There are lots exceed process time for 24hrs, please check

There are lots exceed process time for 24hrs, please check

2012-10-29 21:30:20ZARY_HOLD_LOT Program End

Create log file
2012-10-29 21:41:21Z oee_empaidxsummdaily_purge Program Start
2012-10-29 21:41:21Z oee_empaidxsummdaily_purge Program END 

Create log file
2012-10-29 21:41:44Z oee_empaidxsummhourly_purge Program Start
2012-10-29 21:41:44Z oee_empaidxsummhourly_purge Program END 

Create log file
2012-10-29 21:44:35Z oee_empastcount_purge Program Start
2012-10-29 21:44:35Z oee_empastcount_purge Program END 

Create log file
2012-10-29 21:50:00Z OEE_IS_Hourly_Check_alarm  Program Start
2012-10-29 21:50:00Z OEE_IS_Hourly_Check_alarm  Program END 

Create log file
2012-10-29 21:50:01Z ALCS_Hourly_Check_alarm  Program Start
2012-10-29 21:50:01Z ALCS_Hourly_Check_alarm  Program END 

Create log file
2012-10-29 21:50:01Z SERVER_SELF_CHECK   Program Start
2012-10-29 21:50:01Z SERVER_SELF_CHECK   Program END 

Create log file
2012-10-29 22:00:00ZSERVER_SMS_TEST Program Start
SMS log finish

2012-10-29 22:00:00ZSERVER_SMS_TEST Program End

Create log file
2012-10-29 22:01:00ZArray_Photo Program Start
1350 log finish

1450 log finish

2012-10-29 22:01:03ZArray_Photo Program End

Create log file
2012-10-29 22:03:00ZArray_test_repeat Program Start
2012-10-29 22:03:00ZArray_test_repeat Program End

Create log file
2012-10-29 22:41:26Z oee_empaidxsummdaily_purge Program Start
2012-10-29 22:41:26Z oee_empaidxsummdaily_purge Program END 

Create log file
2012-10-29 22:41:48Z oee_empaidxsummhourly_purge Program Start
2012-10-29 22:41:48Z oee_empaidxsummhourly_purge Program END 

Create log file
2012-10-29 22:44:33Z oee_empastcount_purge Program Start
2012-10-29 22:44:33Z oee_empastcount_purge Program END 

Create log file
2012-10-29 22:50:00Z OEE_IS_Hourly_Check_alarm  Program Start
2012-10-29 22:50:00Z OEE_IS_Hourly_Check_alarm  Program END 

Create log file
2012-10-29 22:50:00Z ALCS_Hourly_Check_alarm  Program Start
2012-10-29 22:50:00Z ALCS_Hourly_Check_alarm  Program END 

Create log file
2012-10-29 22:50:01Z SERVER_SELF_CHECK   Program Start
2012-10-29 22:50:01Z SERVER_SELF_CHECK   Program END 

Create log file
2012-10-29 23:01:00ZArray_Photo Program Start
1450 log finish

2012-10-29 23:01:02ZArray_Photo Program End

Create log file
2012-10-29 23:03:00ZArray_test_repeat Program Start
2012-10-29 23:03:00ZArray_test_repeat Program End

Create log file
2012-10-29 23:41:20Z oee_empaidxsummdaily_purge Program Start
2012-10-29 23:41:20Z oee_empaidxsummdaily_purge Program END 

Create log file
2012-10-29 23:41:45Z oee_empaidxsummhourly_purge Program Start
2012-10-29 23:41:45Z oee_empaidxsummhourly_purge Program END 

Create log file
2012-10-29 23:44:44Z oee_empastcount_purge Program Start
2012-10-29 23:44:44Z oee_empastcount_purge Program END 

Create log file
2012-10-29 23:50:00Z OEE_IS_Hourly_Check_alarm  Program Start
2012-10-29 23:50:00Z OEE_IS_Hourly_Check_alarm  Program END 

Create log file
2012-10-29 23:50:01Z ALCS_Hourly_Check_alarm  Program Start
2012-10-29 23:50:01Z ALCS_Hourly_Check_alarm  Program END 

Create log file
2012-10-29 23:50:02Z SERVER_SELF_CHECK   Program Start
2012-10-29 23:50:02Z SERVER_SELF_CHECK   Program END 

