Create log file
2012-10-18 00:01:00ZArray_Photo Program Start
2012-10-18 00:01:02ZArray_Photo Program End

Create log file
2012-10-18 00:03:00ZArray_test_repeat Program Start
2012-10-18 00:03:00ZArray_test_repeat Program End

Create log file
2012-10-18 00:10:00Z T0T1 InnoView Add User Program Start
2012-10-18 00:10:00Z T0T1 InnoView Add User Program END 

Create log file
2012-10-18 00:20:15Z VPNLOG_PARSER Program Start
2012-10-18 00:20:15Z VPNLOG_PARSER Program END 

Create log file
2012-10-18 00:30:00Z T0/T1 RealTimeDept Program Start
2012-10-18 00:30:00Z T0/T1 RealTimeDept Program END 

Create log file
2012-10-18 00:41:30Z oee_empaidxsummdaily_purge Program Start
2012-10-18 00:41:30Z oee_empaidxsummdaily_purge Program END 

Create log file
2012-10-18 00:42:39Z oee_empaidxsummhourly_purge Program Start
2012-10-18 00:42:39Z oee_empaidxsummhourly_purge Program END 

Create log file
2012-10-18 00:46:35Z oee_empastcount_purge Program Start
2012-10-18 00:46:35Z oee_empastcount_purge Program END 

Create log file
2012-10-18 00:50:00Z OEE_IS_Hourly_Check_alarm  Program Start
2012-10-18 00:50:00Z OEE_IS_Hourly_Check_alarm  Program END 

Create log file
2012-10-18 00:50:00Z ALCS_Hourly_Check_alarm  Program Start
2012-10-18 00:50:00Z ALCS_Hourly_Check_alarm  Program END 

Create log file
2012-10-18 00:50:05Z SERVER_SELF_CHECK   Program Start
2012-10-18 00:50:05Z SERVER_SELF_CHECK   Program END 

Create log file
2012-10-18 01:01:00ZArray_Photo Program Start
2012-10-18 01:01:02ZArray_Photo Program End

Create log file
2012-10-18 01:03:00ZArray_test_repeat Program Start
2012-10-18 01:03:00ZArray_test_repeat Program End

Create log file
2012-10-18 01:30:00ZARY_HOLD_LOT Program Start
There are lots exceed process time for 24hrs, please check

There are lots exceed process time for 24hrs, please check

There are lots exceed process time for 24hrs, please check

There are lots exceed process time for 24hrs, please check

There are lots exceed process time for 24hrs, please check

There are lots exceed process time for 24hrs, please check

There are lots exceed process time for 24hrs, please check

There are lots exceed process time for 24hrs, please check

There are lots exceed process time for 24hrs, please check

There are lots exceed process time for 24hrs, please check

There are lots exceed process time for 24hrs, please check

There are lots exceed process time for 24hrs, please check

There are lots exceed process time for 24hrs, please check

There are lots exceed process time for 24hrs, please check

There are lots exceed process time for 24hrs, please check

There are lots exceed process time for 24hrs, please check

2012-10-18 01:30:24ZARY_HOLD_LOT Program End

Create log file
2012-10-18 01:41:15Z oee_empaidxsummdaily_purge Program Start
2012-10-18 01:41:15Z oee_empaidxsummdaily_purge Program END 

Create log file
2012-10-18 01:42:06Z oee_empaidxsummhourly_purge Program Start
2012-10-18 01:42:06Z oee_empaidxsummhourly_purge Program END 

Create log file
2012-10-18 01:44:23Z oee_empastcount_purge Program Start
2012-10-18 01:44:23Z oee_empastcount_purge Program END 

Create log file
2012-10-18 01:50:00Z OEE_IS_Hourly_Check_alarm  Program Start
2012-10-18 01:50:00Z OEE_IS_Hourly_Check_alarm  Program END 

Create log file
2012-10-18 01:50:00Z ALCS_Hourly_Check_alarm  Program Start
2012-10-18 01:50:00Z ALCS_Hourly_Check_alarm  Program END 

Create log file
2012-10-18 01:50:01Z SERVER_SELF_CHECK   Program Start
2012-10-18 01:50:01Z SERVER_SELF_CHECK   Program END 

Create log file
2012-10-18 02:01:00ZArray_Photo Program Start
1450 log finish

2012-10-18 02:01:03ZArray_Photo Program End

Create log file
2012-10-18 02:03:00ZArray_test_repeat Program Start
2012-10-18 02:03:01ZArray_test_repeat Program End

Create log file
2012-10-18 02:41:15Z oee_empaidxsummdaily_purge Program Start
2012-10-18 02:41:15Z oee_empaidxsummdaily_purge Program END 

Create log file
2012-10-18 02:42:11Z oee_empaidxsummhourly_purge Program Start
2012-10-18 02:42:11Z oee_empaidxsummhourly_purge Program END 

Create log file
2012-10-18 02:44:23Z oee_empastcount_purge Program Start
2012-10-18 02:44:23Z oee_empastcount_purge Program END 

Create log file
2012-10-18 02:50:00Z OEE_IS_Hourly_Check_alarm  Program Start
2012-10-18 02:50:00Z OEE_IS_Hourly_Check_alarm  Program END 

Create log file
2012-10-18 02:50:01Z ALCS_Hourly_Check_alarm  Program Start
2012-10-18 02:50:01Z ALCS_Hourly_Check_alarm  Program END 

Create log file
2012-10-18 02:50:02Z SERVER_SELF_CHECK   Program Start
2012-10-18 02:50:02Z SERVER_SELF_CHECK   Program END 

Create log file
2012-10-18 03:01:00ZArray_Photo Program Start
1450 log finish

2012-10-18 03:01:02ZArray_Photo Program End

Create log file
2012-10-18 03:03:00ZArray_test_repeat Program Start
2012-10-18 03:03:00ZArray_test_repeat Program End

Create log file
2012-10-18 03:41:15Z oee_empaidxsummdaily_purge Program Start
2012-10-18 03:41:15Z oee_empaidxsummdaily_purge Program END 

Create log file
2012-10-18 03:42:25Z oee_empaidxsummhourly_purge Program Start
2012-10-18 03:42:25Z oee_empaidxsummhourly_purge Program END 

Create log file
2012-10-18 03:44:28Z oee_empastcount_purge Program Start
2012-10-18 03:44:28Z oee_empastcount_purge Program END 

Create log file
2012-10-18 03:50:00Z OEE_IS_Hourly_Check_alarm  Program Start
2012-10-18 03:50:00Z OEE_IS_Hourly_Check_alarm  Program END 

Create log file
2012-10-18 03:50:00Z ALCS_Hourly_Check_alarm  Program Start
2012-10-18 03:50:00Z ALCS_Hourly_Check_alarm  Program END 

Create log file
2012-10-18 03:50:01Z SERVER_SELF_CHECK   Program Start
2012-10-18 03:50:01Z SERVER_SELF_CHECK   Program END 

Create log file
2012-10-18 04:01:00ZArray_Photo Program Start
2012-10-18 04:01:02ZArray_Photo Program End

Create log file
2012-10-18 04:03:00ZArray_test_repeat Program Start
2012-10-18 04:03:00ZArray_test_repeat Program End

Create log file
2012-10-18 04:41:18Z oee_empaidxsummdaily_purge Program Start
2012-10-18 04:41:18Z oee_empaidxsummdaily_purge Program END 

Create log file
2012-10-18 04:42:10Z oee_empaidxsummhourly_purge Program Start
2012-10-18 04:42:10Z oee_empaidxsummhourly_purge Program END 

Create log file
2012-10-18 04:44:26Z oee_empastcount_purge Program Start
2012-10-18 04:44:26Z oee_empastcount_purge Program END 

Create log file
2012-10-18 04:50:00Z OEE_IS_Hourly_Check_alarm  Program Start
2012-10-18 04:50:00Z OEE_IS_Hourly_Check_alarm  Program END 

Create log file
2012-10-18 04:50:00Z ALCS_Hourly_Check_alarm  Program Start
2012-10-18 04:50:00Z ALCS_Hourly_Check_alarm  Program END 

Create log file
2012-10-18 04:50:01Z SERVER_SELF_CHECK   Program Start
2012-10-18 04:50:01Z SERVER_SELF_CHECK   Program END 

Create log file
2012-10-18 05:01:00ZArray_Photo Program Start
1350 log finish

2012-10-18 05:01:02ZArray_Photo Program End

Create log file
2012-10-18 05:03:00ZArray_test_repeat Program Start
2012-10-18 05:03:01ZArray_test_repeat Program End

Create log file
2012-10-18 05:30:00ZARY_HOLD_LOT Program Start
There are lots exceed process time for 24hrs, please check

There are lots exceed process time for 24hrs, please check

There are lots exceed process time for 24hrs, please check

There are lots exceed process time for 24hrs, please check

There are lots exceed process time for 24hrs, please check

There are lots exceed process time for 24hrs, please check

There are lots exceed process time for 24hrs, please check

There are lots exceed process time for 24hrs, please check

There are lots exceed process time for 24hrs, please check

There are lots exceed process time for 24hrs, please check

There are lots exceed process time for 24hrs, please check

There are lots exceed process time for 24hrs, please check

There are lots exceed process time for 24hrs, please check

There are lots exceed process time for 24hrs, please check

There are lots exceed process time for 24hrs, please check

There are lots exceed process time for 24hrs, please check

2012-10-18 05:30:16ZARY_HOLD_LOT Program End

Create log file
2012-10-18 05:41:17Z oee_empaidxsummdaily_purge Program Start
2012-10-18 05:41:17Z oee_empaidxsummdaily_purge Program END 

Create log file
2012-10-18 05:42:06Z oee_empaidxsummhourly_purge Program Start
2012-10-18 05:42:06Z oee_empaidxsummhourly_purge Program END 

Create log file
2012-10-18 05:44:26Z oee_empastcount_purge Program Start
2012-10-18 05:44:26Z oee_empastcount_purge Program END 

Create log file
2012-10-18 05:50:00Z OEE_IS_Hourly_Check_alarm  Program Start
2012-10-18 05:50:00Z OEE_IS_Hourly_Check_alarm  Program END 

Create log file
2012-10-18 05:50:00Z ALCS_Hourly_Check_alarm  Program Start
2012-10-18 05:50:00Z ALCS_Hourly_Check_alarm  Program END 

Create log file
2012-10-18 05:50:01Z SERVER_SELF_CHECK   Program Start
2012-10-18 05:50:01Z SERVER_SELF_CHECK   Program END 

Create log file
2012-10-18 06:01:00ZArray_Photo Program Start
1350 log finish

2012-10-18 06:01:02ZArray_Photo Program End

Create log file
2012-10-18 06:03:00ZArray_test_repeat Program Start
2012-10-18 06:03:00ZArray_test_repeat Program End

Create log file
2012-10-18 06:41:17Z oee_empaidxsummdaily_purge Program Start
2012-10-18 06:41:17Z oee_empaidxsummdaily_purge Program END 

Create log file
2012-10-18 06:42:21Z oee_empaidxsummhourly_purge Program Start
2012-10-18 06:42:21Z oee_empaidxsummhourly_purge Program END 

Create log file
2012-10-18 06:44:25Z oee_empastcount_purge Program Start
2012-10-18 06:44:25Z oee_empastcount_purge Program END 

Create log file
2012-10-18 06:50:49Z ODS_Recover_Lot 149 Lots Program Start
2012-10-18 06:50:49Z ODS_Recover_Lot 149 Lots Program END 

Create log file
2012-10-18 06:51:02Z OEE_IS_Hourly_Check_alarm  Program Start
2012-10-18 06:51:02Z OEE_IS_Hourly_Check_alarm  Program END 

Create log file
2012-10-18 06:51:02Z ALCS_Hourly_Check_alarm  Program Start
2012-10-18 06:51:02Z ALCS_Hourly_Check_alarm  Program END 

Create log file
2012-10-18 06:51:03Z SERVER_SELF_CHECK   Program Start
2012-10-18 06:51:03Z SERVER_SELF_CHECK   Program END 

Create log file
2012-10-18 07:01:00ZArray_Photo Program Start
1350 log finish

2012-10-18 07:01:03ZArray_Photo Program End

Create log file
2012-10-18 07:03:00ZArray_test_repeat Program Start
2012-10-18 07:03:00ZArray_test_repeat Program End

Create log file
2012-10-18 07:31:55Z OEELH_fixed_data_Daily Program Start
2012-10-18 07:31:55Z OEELH_fixed_data_Daily Program END 

Create log file
2012-10-18 07:41:19Z oee_empaidxsummdaily_purge Program Start
2012-10-18 07:41:19Z oee_empaidxsummdaily_purge Program END 

Create log file
2012-10-18 07:42:29Z oee_empaidxsummhourly_purge Program Start
2012-10-18 07:42:29Z oee_empaidxsummhourly_purge Program END 

Create log file
2012-10-18 07:44:36Z oee_empastcount_purge Program Start
2012-10-18 07:44:36Z oee_empastcount_purge Program END 

Create log file
2012-10-18 07:50:05Z OEE_IS_Hourly_Check_alarm  Program Start
2012-10-18 07:50:05Z OEE_IS_Hourly_Check_alarm  Program END 

Create log file
2012-10-18 07:50:06Z ALCS_Hourly_Check_alarm  Program Start
2012-10-18 07:50:06Z ALCS_Hourly_Check_alarm  Program END 

Create log file
2012-10-18 07:50:08Z SERVER_SELF_CHECK   Program Start
2012-10-18 07:50:08Z SERVER_SELF_CHECK   Program END 

Create log file
2012-10-18 08:00:00Z Check_Onduty_Time From Onduty_dotnet2  Program Start
2012-10-18 08:00:00Z Check_Onduty_Time From Onduty_dotnet2  Program END 

Create log file
2012-10-18 08:01:00ZArray_Photo Program Start
2012-10-18 08:01:03ZArray_Photo Program End

Create log file
2012-10-18 08:03:00ZArray_test_repeat Program Start
2012-10-18 08:03:00ZArray_test_repeat Program End

Create log file
2012-10-18 08:30:00ZHoliday_inout_SMS Program Start
2012-10-18 08:30:00ZHoliday_Inout_SMS Program End

Create log file
2012-10-18 08:32:00ZOEE_EQP_SMS Program Start
2012-10-18 08:32:49ZOEE_EQP_SMS Program End

Create log file
2012-10-18 08:41:05Z oee_empaidxsummdaily_purge Program Start
2012-10-18 08:41:05Z oee_empaidxsummdaily_purge Program END 

Create log file
2012-10-18 08:42:02Z oee_empaidxsummhourly_purge Program Start
2012-10-18 08:42:02Z oee_empaidxsummhourly_purge Program END 

Create log file
2012-10-18 08:44:27Z oee_empastcount_purge Program Start
2012-10-18 08:44:27Z oee_empastcount_purge Program END 

Create log file
2012-10-18 08:45:00ZHoliday_inout_SMS_For_C2 Program Start
2012-10-18 08:45:08ZHoliday_Inout_SMS_For_C2 Program End

Create log file
2012-10-18 08:50:00Z OEE_IS_Hourly_Check_alarm  Program Start
2012-10-18 08:50:00Z OEE_IS_Hourly_Check_alarm  Program END 

Create log file
2012-10-18 08:50:00Z ALCS_Hourly_Check_alarm  Program Start
2012-10-18 08:50:00Z ALCS_Hourly_Check_alarm  Program END 

Create log file
2012-10-18 08:50:01Z SERVER_SELF_CHECK   Program Start
2012-10-18 08:50:01Z SERVER_SELF_CHECK   Program END 

Create log file
2012-10-18 09:01:01ZArray_Photo Program Start
2012-10-18 09:01:03ZArray_Photo Program End

Create log file
2012-10-18 09:03:00ZArray_test_repeat Program Start
2012-10-18 09:03:00ZArray_test_repeat Program End

Create log file
2012-10-18 09:30:00ZARY_HOLD_LOT Program Start
There are lots exceed process time for 24hrs, please check

There are lots exceed process time for 24hrs, please check

There are lots exceed process time for 24hrs, please check

There are lots exceed process time for 24hrs, please check

There are lots exceed process time for 24hrs, please check

There are lots exceed process time for 24hrs, please check

There are lots exceed process time for 24hrs, please check

There are lots exceed process time for 24hrs, please check

There are lots exceed process time for 24hrs, please check

There are lots exceed process time for 24hrs, please check

There are lots exceed process time for 24hrs, please check

There are lots exceed process time for 24hrs, please check

There are lots exceed process time for 24hrs, please check

There are lots exceed process time for 24hrs, please check

There are lots exceed process time for 24hrs, please check

There are lots exceed process time for 24hrs, please check

2012-10-18 09:30:22ZARY_HOLD_LOT Program End

Create log file
2012-10-18 09:41:16Z oee_empaidxsummdaily_purge Program Start
2012-10-18 09:41:16Z oee_empaidxsummdaily_purge Program END 

Create log file
2012-10-18 09:42:04Z oee_empaidxsummhourly_purge Program Start
2012-10-18 09:42:04Z oee_empaidxsummhourly_purge Program END 

Create log file
2012-10-18 09:44:26Z oee_empastcount_purge Program Start
2012-10-18 09:44:26Z oee_empastcount_purge Program END 

Create log file
2012-10-18 09:50:00Z OEE_IS_Hourly_Check_alarm  Program Start
2012-10-18 09:50:00Z OEE_IS_Hourly_Check_alarm  Program END 

Create log file
2012-10-18 09:50:01Z ALCS_Hourly_Check_alarm  Program Start
2012-10-18 09:50:01Z ALCS_Hourly_Check_alarm  Program END 

Create log file
2012-10-18 09:50:01Z SERVER_SELF_CHECK   Program Start
2012-10-18 09:50:01Z SERVER_SELF_CHECK   Program END 

Create log file
2012-10-18 10:01:00ZArray_Photo Program Start
2012-10-18 10:01:03ZArray_Photo Program End

Create log file
2012-10-18 10:03:00ZArray_test_repeat Program Start
2012-10-18 10:03:00ZArray_test_repeat Program End

Create log file
2012-10-18 10:41:23Z oee_empaidxsummdaily_purge Program Start
2012-10-18 10:41:23Z oee_empaidxsummdaily_purge Program END 

Create log file
2012-10-18 10:42:24Z oee_empaidxsummhourly_purge Program Start
2012-10-18 10:42:24Z oee_empaidxsummhourly_purge Program END 

Create log file
2012-10-18 10:44:31Z oee_empastcount_purge Program Start
2012-10-18 10:44:31Z oee_empastcount_purge Program END 

Create log file
2012-10-18 10:50:00Z OEE_IS_Hourly_Check_alarm  Program Start
2012-10-18 10:50:00Z OEE_IS_Hourly_Check_alarm  Program END 

Create log file
2012-10-18 10:50:00Z ALCS_Hourly_Check_alarm  Program Start
2012-10-18 10:50:00Z ALCS_Hourly_Check_alarm  Program END 

Create log file
2012-10-18 10:50:01Z SERVER_SELF_CHECK   Program Start
2012-10-18 10:50:01Z SERVER_SELF_CHECK   Program END 

Create log file
2012-10-18 11:01:00ZArray_Photo Program Start
2012-10-18 11:01:02ZArray_Photo Program End

Create log file
2012-10-18 11:03:00ZArray_test_repeat Program Start
2012-10-18 11:03:00ZArray_test_repeat Program End

Create log file
2012-10-18 11:40:00Z T1OEE Purge Program Start
2012-10-18 11:40:00Z T1OEE Purge Program END 

Create log file
2012-10-18 11:44:35Z oee_empaidxsummdaily_purge Program Start
2012-10-18 11:44:35Z oee_empaidxsummdaily_purge Program END 

Create log file
2012-10-18 11:45:39Z oee_empaidxsummhourly_purge Program Start
2012-10-18 11:45:39Z oee_empaidxsummhourly_purge Program END 

Create log file
2012-10-18 11:47:57Z oee_empastcount_purge Program Start
2012-10-18 11:47:57Z oee_empastcount_purge Program END 

Create log file
2012-10-18 11:50:00Z OEE_IS_Hourly_Check_alarm  Program Start
2012-10-18 11:50:00Z OEE_IS_Hourly_Check_alarm  Program END 

Create log file
2012-10-18 11:50:00Z ALCS_Hourly_Check_alarm  Program Start
2012-10-18 11:50:00Z ALCS_Hourly_Check_alarm  Program END 

Create log file
2012-10-18 11:50:01Z SERVER_SELF_CHECK   Program Start
2012-10-18 11:50:01Z SERVER_SELF_CHECK   Program END 

Create log file
2012-10-18 12:01:00ZArray_Photo Program Start
2012-10-18 12:01:03ZArray_Photo Program End

Create log file
2012-10-18 12:03:00ZArray_test_repeat Program Start
2012-10-18 12:03:00ZArray_test_repeat Program End

Create log file
2012-10-18 12:41:17Z oee_empaidxsummdaily_purge Program Start
2012-10-18 12:41:17Z oee_empaidxsummdaily_purge Program END 

Create log file
2012-10-18 12:42:05Z oee_empaidxsummhourly_purge Program Start
2012-10-18 12:42:05Z oee_empaidxsummhourly_purge Program END 

Create log file
2012-10-18 12:44:29Z oee_empastcount_purge Program Start
2012-10-18 12:44:29Z oee_empastcount_purge Program END 

Create log file
2012-10-18 12:50:00Z OEE_IS_Hourly_Check_alarm  Program Start
2012-10-18 12:50:00Z OEE_IS_Hourly_Check_alarm  Program END 

Create log file
2012-10-18 12:50:00Z ALCS_Hourly_Check_alarm  Program Start
2012-10-18 12:50:00Z ALCS_Hourly_Check_alarm  Program END 

Create log file
2012-10-18 12:50:01Z SERVER_SELF_CHECK   Program Start
2012-10-18 12:50:01Z SERVER_SELF_CHECK   Program END 

Create log file
2012-10-18 13:01:00ZArray_Photo Program Start
2012-10-18 13:01:03ZArray_Photo Program End

Create log file
2012-10-18 13:03:00ZArray_test_repeat Program Start
2012-10-18 13:03:00ZArray_test_repeat Program End

Create log file
2012-10-18 13:30:00ZARY_HOLD_LOT Program Start
There are lots exceed process time for 24hrs, please check

There are lots exceed process time for 24hrs, please check

There are lots exceed process time for 48hrs, please check

There are lots exceed process time for 24hrs, please check

There are lots exceed process time for 24hrs, please check

There are lots exceed process time for 24hrs, please check

There are lots exceed process time for 48hrs, please check

There are lots exceed process time for 24hrs, please check

There are lots exceed process time for 24hrs, please check

There are lots exceed process time for 48hrs, please check

There are lots exceed process time for 24hrs, please check

There are lots exceed process time for 24hrs, please check

There are lots exceed process time for 48hrs, please check

There are lots exceed process time for 24hrs, please check

There are lots exceed process time for 24hrs, please check

There are lots exceed process time for 48hrs, please check

There are lots exceed process time for 24hrs, please check

There are lots exceed process time for 24hrs, please check

There are lots exceed process time for 48hrs, please check

There are lots exceed process time for 24hrs, please check

There are lots exceed process time for 24hrs, please check

There are lots exceed process time for 48hrs, please check

There are lots exceed process time for 24hrs, please check

There are lots exceed process time for 24hrs, please check

There are lots exceed process time for 48hrs, please check

There are lots exceed process time for 24hrs, please check

There are lots exceed process time for 24hrs, please check

There are lots exceed process time for 48hrs, please check

There are lots exceed process time for 24hrs, please check

There are lots exceed process time for 24hrs, please check

There are lots exceed process time for 48hrs, please check

There are lots exceed process time for 24hrs, please check

There are lots exceed process time for 24hrs, please check

There are lots exceed process time for 48hrs, please check

There are lots exceed process time for 24hrs, please check

There are lots exceed process time for 24hrs, please check

There are lots exceed process time for 48hrs, please check

There are lots exceed process time for 24hrs, please check

There are lots exceed process time for 24hrs, please check

There are lots exceed process time for 48hrs, please check

There are lots exceed process time for 24hrs, please check

There are lots exceed process time for 24hrs, please check

There are lots exceed process time for 48hrs, please check

There are lots exceed process time for 24hrs, please check

There are lots exceed process time for 24hrs, please check

There are lots exceed process time for 48hrs, please check

2012-10-18 13:30:30ZARY_HOLD_LOT Program End

Create log file
2012-10-18 13:41:20Z oee_empaidxsummdaily_purge Program Start
2012-10-18 13:41:20Z oee_empaidxsummdaily_purge Program END 

Create log file
2012-10-18 13:41:50Z oee_empaidxsummhourly_purge Program Start
2012-10-18 13:41:50Z oee_empaidxsummhourly_purge Program END 

Create log file
2012-10-18 13:44:28Z oee_empastcount_purge Program Start
2012-10-18 13:44:28Z oee_empastcount_purge Program END 

Create log file
2012-10-18 13:50:00Z OEE_IS_Hourly_Check_alarm  Program Start
2012-10-18 13:50:00Z OEE_IS_Hourly_Check_alarm  Program END 

Create log file
2012-10-18 13:50:00Z ALCS_Hourly_Check_alarm  Program Start
2012-10-18 13:50:00Z ALCS_Hourly_Check_alarm  Program END 

Create log file
2012-10-18 13:50:01Z SERVER_SELF_CHECK   Program Start
2012-10-18 13:50:01Z SERVER_SELF_CHECK   Program END 

Create log file
2012-10-18 14:01:00ZArray_Photo Program Start
2012-10-18 14:01:02ZArray_Photo Program End

Create log file
2012-10-18 14:03:00ZArray_test_repeat Program Start
2012-10-18 14:03:00ZArray_test_repeat Program End

Create log file
2012-10-18 14:41:14Z oee_empaidxsummdaily_purge Program Start
2012-10-18 14:41:14Z oee_empaidxsummdaily_purge Program END 

Create log file
2012-10-18 14:41:40Z oee_empaidxsummhourly_purge Program Start
2012-10-18 14:41:40Z oee_empaidxsummhourly_purge Program END 

Create log file
2012-10-18 14:44:25Z oee_empastcount_purge Program Start
2012-10-18 14:44:25Z oee_empastcount_purge Program END 

Create log file
2012-10-18 14:50:00Z OEE_IS_Hourly_Check_alarm  Program Start
2012-10-18 14:50:00Z OEE_IS_Hourly_Check_alarm  Program END 

Create log file
2012-10-18 14:50:01Z ALCS_Hourly_Check_alarm  Program Start
2012-10-18 14:50:01Z ALCS_Hourly_Check_alarm  Program END 

Create log file
2012-10-18 14:50:02Z SERVER_SELF_CHECK   Program Start
2012-10-18 14:50:02Z SERVER_SELF_CHECK   Program END 

Create log file
2012-10-18 15:01:00ZArray_Photo Program Start
2012-10-18 15:01:04ZArray_Photo Program End

Create log file
2012-10-18 15:03:00ZArray_test_repeat Program Start
2012-10-18 15:03:00ZArray_test_repeat Program End

Create log file
2012-10-18 15:41:19Z oee_empaidxsummdaily_purge Program Start
2012-10-18 15:41:19Z oee_empaidxsummdaily_purge Program END 

Create log file
2012-10-18 15:41:42Z oee_empaidxsummhourly_purge Program Start
2012-10-18 15:41:42Z oee_empaidxsummhourly_purge Program END 

Create log file
2012-10-18 15:44:28Z oee_empastcount_purge Program Start
2012-10-18 15:44:28Z oee_empastcount_purge Program END 

Create log file
2012-10-18 15:50:00Z OEE_IS_Hourly_Check_alarm  Program Start
2012-10-18 15:50:00Z OEE_IS_Hourly_Check_alarm  Program END 

Create log file
2012-10-18 15:50:00Z ALCS_Hourly_Check_alarm  Program Start
2012-10-18 15:50:00Z ALCS_Hourly_Check_alarm  Program END 

Create log file
2012-10-18 15:50:01Z SERVER_SELF_CHECK   Program Start
2012-10-18 15:50:01Z SERVER_SELF_CHECK   Program END 

Create log file
2012-10-18 16:01:00ZArray_Photo Program Start
2012-10-18 16:01:03ZArray_Photo Program End

Create log file
2012-10-18 16:03:00ZArray_test_repeat Program Start
2012-10-18 16:03:00ZArray_test_repeat Program End

Create log file
2012-10-18 16:41:17Z oee_empaidxsummdaily_purge Program Start
2012-10-18 16:41:17Z oee_empaidxsummdaily_purge Program END 

Create log file
2012-10-18 16:41:39Z oee_empaidxsummhourly_purge Program Start
2012-10-18 16:41:39Z oee_empaidxsummhourly_purge Program END 

Create log file
2012-10-18 16:44:20Z oee_empastcount_purge Program Start
2012-10-18 16:44:20Z oee_empastcount_purge Program END 

Create log file
2012-10-18 16:50:00Z OEE_IS_Hourly_Check_alarm  Program Start
2012-10-18 16:50:00Z OEE_IS_Hourly_Check_alarm  Program END 

Create log file
2012-10-18 16:50:00Z ALCS_Hourly_Check_alarm  Program Start
2012-10-18 16:50:00Z ALCS_Hourly_Check_alarm  Program END 

Create log file
2012-10-18 16:50:01Z SERVER_SELF_CHECK   Program Start
2012-10-18 16:50:01Z SERVER_SELF_CHECK   Program END 

Create log file
2012-10-18 17:01:00ZArray_Photo Program Start
2012-10-18 17:01:02ZArray_Photo Program End

Create log file
2012-10-18 17:03:00ZArray_test_repeat Program Start
2012-10-18 17:03:00ZArray_test_repeat Program End

Create log file
2012-10-18 17:30:00ZARY_HOLD_LOT Program Start
There are lots exceed process time for 24hrs, please check

There are lots exceed process time for 24hrs, please check

There are lots exceed process time for 24hrs, please check

There are lots exceed process time for 24hrs, please check

There are lots exceed process time for 24hrs, please check

There are lots exceed process time for 24hrs, please check

There are lots exceed process time for 24hrs, please check

There are lots exceed process time for 24hrs, please check

There are lots exceed process time for 24hrs, please check

There are lots exceed process time for 24hrs, please check

There are lots exceed process time for 24hrs, please check

There are lots exceed process time for 24hrs, please check

There are lots exceed process time for 24hrs, please check

There are lots exceed process time for 24hrs, please check

There are lots exceed process time for 24hrs, please check

There are lots exceed process time for 24hrs, please check

There are lots exceed process time for 24hrs, please check

2012-10-18 17:30:15ZARY_HOLD_LOT Program End

Create log file
2012-10-18 17:41:15Z oee_empaidxsummdaily_purge Program Start
2012-10-18 17:41:15Z oee_empaidxsummdaily_purge Program END 

Create log file
2012-10-18 17:41:41Z oee_empaidxsummhourly_purge Program Start
2012-10-18 17:41:41Z oee_empaidxsummhourly_purge Program END 

Create log file
2012-10-18 17:44:26Z oee_empastcount_purge Program Start
2012-10-18 17:44:26Z oee_empastcount_purge Program END 

Create log file
2012-10-18 17:50:00Z OEE_IS_Hourly_Check_alarm  Program Start
2012-10-18 17:50:00Z OEE_IS_Hourly_Check_alarm  Program END 

Create log file
2012-10-18 17:50:00Z ALCS_Hourly_Check_alarm  Program Start
2012-10-18 17:50:00Z ALCS_Hourly_Check_alarm  Program END 

Create log file
2012-10-18 17:50:01Z SERVER_SELF_CHECK   Program Start
2012-10-18 17:50:01Z SERVER_SELF_CHECK   Program END 

Create log file
2012-10-18 18:01:00ZArray_Photo Program Start
2012-10-18 18:01:02ZArray_Photo Program End

Create log file
2012-10-18 18:03:00ZArray_test_repeat Program Start
2012-10-18 18:03:00ZArray_test_repeat Program End

Create log file
2012-10-18 18:41:20Z oee_empaidxsummdaily_purge Program Start
2012-10-18 18:41:20Z oee_empaidxsummdaily_purge Program END 

Create log file
2012-10-18 18:41:41Z oee_empaidxsummhourly_purge Program Start
2012-10-18 18:41:41Z oee_empaidxsummhourly_purge Program END 

Create log file
2012-10-18 18:44:20Z oee_empastcount_purge Program Start
2012-10-18 18:44:20Z oee_empastcount_purge Program END 

Create log file
2012-10-18 18:50:00Z OEE_IS_Hourly_Check_alarm  Program Start
2012-10-18 18:50:00Z OEE_IS_Hourly_Check_alarm  Program END 

Create log file
2012-10-18 18:50:00Z ALCS_Hourly_Check_alarm  Program Start
2012-10-18 18:50:00Z ALCS_Hourly_Check_alarm  Program END 

Create log file
2012-10-18 18:50:01Z SERVER_SELF_CHECK   Program Start
2012-10-18 18:50:01Z SERVER_SELF_CHECK   Program END 

Create log file
2012-10-18 19:01:00ZArray_Photo Program Start
2012-10-18 19:01:02ZArray_Photo Program End

Create log file
2012-10-18 19:03:00ZArray_test_repeat Program Start
2012-10-18 19:03:00ZArray_test_repeat Program End

Create log file
2012-10-18 19:41:15Z oee_empaidxsummdaily_purge Program Start
2012-10-18 19:41:15Z oee_empaidxsummdaily_purge Program END 

Create log file
2012-10-18 19:41:40Z oee_empaidxsummhourly_purge Program Start
2012-10-18 19:41:40Z oee_empaidxsummhourly_purge Program END 

Create log file
2012-10-18 19:44:22Z oee_empastcount_purge Program Start
2012-10-18 19:44:22Z oee_empastcount_purge Program END 

Create log file
2012-10-18 19:50:00Z OEE_IS_Hourly_Check_alarm  Program Start
2012-10-18 19:50:00Z OEE_IS_Hourly_Check_alarm  Program END 

Create log file
2012-10-18 19:50:00Z ALCS_Hourly_Check_alarm  Program Start
2012-10-18 19:50:00Z ALCS_Hourly_Check_alarm  Program END 

Create log file
2012-10-18 19:50:03Z SERVER_SELF_CHECK   Program Start
2012-10-18 19:50:03Z SERVER_SELF_CHECK   Program END 

Create log file
2012-10-18 20:01:00ZArray_Photo Program Start
2012-10-18 20:01:02ZArray_Photo Program End

Create log file
2012-10-18 20:03:00ZArray_test_repeat Program Start
2012-10-18 20:03:00ZArray_test_repeat Program End

Create log file
2012-10-18 20:41:18Z oee_empaidxsummdaily_purge Program Start
2012-10-18 20:41:18Z oee_empaidxsummdaily_purge Program END 

Create log file
2012-10-18 20:41:51Z oee_empaidxsummhourly_purge Program Start
2012-10-18 20:41:51Z oee_empaidxsummhourly_purge Program END 

Create log file
2012-10-18 20:44:29Z oee_empastcount_purge Program Start
2012-10-18 20:44:29Z oee_empastcount_purge Program END 

Create log file
2012-10-18 20:50:00Z OEE_IS_Hourly_Check_alarm  Program Start
2012-10-18 20:50:00Z OEE_IS_Hourly_Check_alarm  Program END 

Create log file
2012-10-18 20:50:00Z ALCS_Hourly_Check_alarm  Program Start
2012-10-18 20:50:00Z ALCS_Hourly_Check_alarm  Program END 

Create log file
2012-10-18 20:50:01Z SERVER_SELF_CHECK   Program Start
2012-10-18 20:50:01Z SERVER_SELF_CHECK   Program END 

Create log file
2012-10-18 21:01:00ZArray_Photo Program Start
2012-10-18 21:01:02ZArray_Photo Program End

Create log file
2012-10-18 21:03:00ZArray_test_repeat Program Start
2012-10-18 21:03:00ZArray_test_repeat Program End

Create log file
2012-10-18 21:30:00ZARY_HOLD_LOT Program Start
There are lots exceed process time for 24hrs, please check

There are lots exceed process time for 24hrs, please check

There are lots exceed process time for 24hrs, please check

There are lots exceed process time for 24hrs, please check

There are lots exceed process time for 24hrs, please check

There are lots exceed process time for 24hrs, please check

There are lots exceed process time for 24hrs, please check

There are lots exceed process time for 24hrs, please check

There are lots exceed process time for 24hrs, please check

There are lots exceed process time for 24hrs, please check

There are lots exceed process time for 24hrs, please check

There are lots exceed process time for 24hrs, please check

There are lots exceed process time for 24hrs, please check

There are lots exceed process time for 24hrs, please check

There are lots exceed process time for 24hrs, please check

2012-10-18 21:30:15ZARY_HOLD_LOT Program End

Create log file
2012-10-18 21:41:15Z oee_empaidxsummdaily_purge Program Start
2012-10-18 21:41:15Z oee_empaidxsummdaily_purge Program END 

Create log file
2012-10-18 21:41:39Z oee_empaidxsummhourly_purge Program Start
2012-10-18 21:41:39Z oee_empaidxsummhourly_purge Program END 

Create log file
2012-10-18 21:44:20Z oee_empastcount_purge Program Start
2012-10-18 21:44:20Z oee_empastcount_purge Program END 

Create log file
2012-10-18 21:50:00Z OEE_IS_Hourly_Check_alarm  Program Start
2012-10-18 21:50:00Z OEE_IS_Hourly_Check_alarm  Program END 

Create log file
2012-10-18 21:50:00Z ALCS_Hourly_Check_alarm  Program Start
2012-10-18 21:50:00Z ALCS_Hourly_Check_alarm  Program END 

Create log file
2012-10-18 21:50:01Z SERVER_SELF_CHECK   Program Start
2012-10-18 21:50:01Z SERVER_SELF_CHECK   Program END 

Create log file
2012-10-18 22:00:00ZSERVER_SMS_TEST Program Start
SMS log finish

2012-10-18 22:00:00ZSERVER_SMS_TEST Program End

Create log file
2012-10-18 22:01:00ZArray_Photo Program Start
2012-10-18 22:01:02ZArray_Photo Program End

Create log file
2012-10-18 22:03:00ZArray_test_repeat Program Start
2012-10-18 22:03:00ZArray_test_repeat Program End

Create log file
2012-10-18 22:41:16Z oee_empaidxsummdaily_purge Program Start
2012-10-18 22:41:16Z oee_empaidxsummdaily_purge Program END 

Create log file
2012-10-18 22:41:40Z oee_empaidxsummhourly_purge Program Start
2012-10-18 22:41:40Z oee_empaidxsummhourly_purge Program END 

Create log file
2012-10-18 22:44:22Z oee_empastcount_purge Program Start
2012-10-18 22:44:22Z oee_empastcount_purge Program END 

Create log file
2012-10-18 22:50:00Z OEE_IS_Hourly_Check_alarm  Program Start
2012-10-18 22:50:00Z OEE_IS_Hourly_Check_alarm  Program END 

Create log file
2012-10-18 22:50:00Z ALCS_Hourly_Check_alarm  Program Start
2012-10-18 22:50:00Z ALCS_Hourly_Check_alarm  Program END 

Create log file
2012-10-18 22:50:01Z SERVER_SELF_CHECK   Program Start
2012-10-18 22:50:01Z SERVER_SELF_CHECK   Program END 

Create log file
2012-10-18 23:01:00ZArray_Photo Program Start
2012-10-18 23:01:02ZArray_Photo Program End

Create log file
2012-10-18 23:03:00ZArray_test_repeat Program Start
2012-10-18 23:03:00ZArray_test_repeat Program End

Create log file
2012-10-18 23:41:16Z oee_empaidxsummdaily_purge Program Start
2012-10-18 23:41:16Z oee_empaidxsummdaily_purge Program END 

Create log file
2012-10-18 23:41:42Z oee_empaidxsummhourly_purge Program Start
2012-10-18 23:41:42Z oee_empaidxsummhourly_purge Program END 

Create log file
2012-10-18 23:44:27Z oee_empastcount_purge Program Start
2012-10-18 23:44:27Z oee_empastcount_purge Program END 

Create log file
2012-10-18 23:50:00Z OEE_IS_Hourly_Check_alarm  Program Start
2012-10-18 23:50:00Z OEE_IS_Hourly_Check_alarm  Program END 

Create log file
2012-10-18 23:50:00Z ALCS_Hourly_Check_alarm  Program Start
2012-10-18 23:50:00Z ALCS_Hourly_Check_alarm  Program END 

Create log file
2012-10-18 23:50:01Z SERVER_SELF_CHECK   Program Start
2012-10-18 23:50:01Z SERVER_SELF_CHECK   Program END 

