Create log file
2012-10-13 00:01:00ZArray_Photo Program Start
1650 log finish

2012-10-13 00:01:03ZArray_Photo Program End

Create log file
2012-10-13 00:03:11ZArray_test_repeat Program Start
2012-10-13 00:03:11ZArray_test_repeat Program End

Create log file
2012-10-13 00:10:00Z T0T1 InnoView Add User Program Start
2012-10-13 00:10:00Z T0T1 InnoView Add User Program END 

Create log file
2012-10-13 00:20:14Z VPNLOG_PARSER Program Start
2012-10-13 00:20:14Z VPNLOG_PARSER Program END 

Create log file
2012-10-13 00:30:00Z T0/T1 RealTimeDept Program Start
2012-10-13 00:30:00Z T0/T1 RealTimeDept Program END 

Create log file
2012-10-13 00:41:38Z oee_empaidxsummdaily_purge Program Start
2012-10-13 00:41:38Z oee_empaidxsummdaily_purge Program END 

Create log file
2012-10-13 00:42:37Z oee_empaidxsummhourly_purge Program Start
2012-10-13 00:42:37Z oee_empaidxsummhourly_purge Program END 

Create log file
2012-10-13 00:46:31Z oee_empastcount_purge Program Start
2012-10-13 00:46:31Z oee_empastcount_purge Program END 

Create log file
2012-10-13 00:50:00Z OEE_IS_Hourly_Check_alarm  Program Start
2012-10-13 00:50:00Z OEE_IS_Hourly_Check_alarm  Program END 

Create log file
2012-10-13 00:50:00Z ALCS_Hourly_Check_alarm  Program Start
2012-10-13 00:50:00Z ALCS_Hourly_Check_alarm  Program END 

Create log file
2012-10-13 00:50:04Z SERVER_SELF_CHECK   Program Start
2012-10-13 00:50:04Z SERVER_SELF_CHECK   Program END 

Create log file
2012-10-13 01:01:00ZArray_Photo Program Start
1650 log finish

2012-10-13 01:01:05ZArray_Photo Program End

Create log file
2012-10-13 01:03:00ZArray_test_repeat Program Start
2012-10-13 01:03:01ZArray_test_repeat Program End

Create log file
2012-10-13 01:30:00ZARY_HOLD_LOT Program Start
There are lots exceed process time for 24hrs, please check

There are lots exceed process time for 24hrs, please check

There are lots exceed process time for 24hrs, please check

There are lots exceed process time for 24hrs, please check

There are lots exceed process time for 24hrs, please check

There are lots exceed process time for 24hrs, please check

There are lots exceed process time for 24hrs, please check

There are lots exceed process time for 24hrs, please check

There are lots exceed process time for 24hrs, please check

There are lots exceed process time for 24hrs, please check

There are lots exceed process time for 24hrs, please check

There are lots exceed process time for 24hrs, please check

There are lots exceed process time for 24hrs, please check

There are lots exceed process time for 24hrs, please check

2012-10-13 01:30:28ZARY_HOLD_LOT Program End

Create log file
2012-10-13 01:41:16Z oee_empaidxsummdaily_purge Program Start
2012-10-13 01:41:16Z oee_empaidxsummdaily_purge Program END 

Create log file
2012-10-13 01:42:10Z oee_empaidxsummhourly_purge Program Start
2012-10-13 01:42:10Z oee_empaidxsummhourly_purge Program END 

Create log file
2012-10-13 01:44:17Z oee_empastcount_purge Program Start
2012-10-13 01:44:17Z oee_empastcount_purge Program END 

Create log file
2012-10-13 01:50:00Z OEE_IS_Hourly_Check_alarm  Program Start
2012-10-13 01:50:00Z OEE_IS_Hourly_Check_alarm  Program END 

Create log file
2012-10-13 01:50:00Z ALCS_Hourly_Check_alarm  Program Start
2012-10-13 01:50:00Z ALCS_Hourly_Check_alarm  Program END 

Create log file
2012-10-13 01:50:01Z SERVER_SELF_CHECK   Program Start
2012-10-13 01:50:01Z SERVER_SELF_CHECK   Program END 

Create log file
2012-10-13 02:01:00ZArray_Photo Program Start
2012-10-13 02:01:03ZArray_Photo Program End

Create log file
2012-10-13 02:03:00ZArray_test_repeat Program Start
2012-10-13 02:03:00ZArray_test_repeat Program End

Create log file
2012-10-13 02:41:13Z oee_empaidxsummdaily_purge Program Start
2012-10-13 02:41:13Z oee_empaidxsummdaily_purge Program END 

Create log file
2012-10-13 02:42:06Z oee_empaidxsummhourly_purge Program Start
2012-10-13 02:42:06Z oee_empaidxsummhourly_purge Program END 

Create log file
2012-10-13 02:44:23Z oee_empastcount_purge Program Start
2012-10-13 02:44:23Z oee_empastcount_purge Program END 

Create log file
2012-10-13 02:50:00Z OEE_IS_Hourly_Check_alarm  Program Start
2012-10-13 02:50:00Z OEE_IS_Hourly_Check_alarm  Program END 

Create log file
2012-10-13 02:50:00Z ALCS_Hourly_Check_alarm  Program Start
2012-10-13 02:50:00Z ALCS_Hourly_Check_alarm  Program END 

Create log file
2012-10-13 02:50:01Z SERVER_SELF_CHECK   Program Start
2012-10-13 02:50:01Z SERVER_SELF_CHECK   Program END 

Create log file
2012-10-13 02:50:03Z SERVER_SELF_CHECK Program Start
SMS log finish

2012-10-13 02:50:03Z SERVER_SELF_CHECK Program End

Create log file
2012-10-13 03:01:00ZArray_Photo Program Start
2012-10-13 03:01:04ZArray_Photo Program End

Create log file
2012-10-13 03:03:00ZArray_test_repeat Program Start
2012-10-13 03:03:00ZArray_test_repeat Program End

Create log file
2012-10-13 03:41:15Z oee_empaidxsummdaily_purge Program Start
2012-10-13 03:41:15Z oee_empaidxsummdaily_purge Program END 

Create log file
2012-10-13 03:42:11Z oee_empaidxsummhourly_purge Program Start
2012-10-13 03:42:11Z oee_empaidxsummhourly_purge Program END 

Create log file
2012-10-13 03:44:20Z oee_empastcount_purge Program Start
2012-10-13 03:44:20Z oee_empastcount_purge Program END 

Create log file
2012-10-13 03:50:00Z OEE_IS_Hourly_Check_alarm  Program Start
2012-10-13 03:50:00Z OEE_IS_Hourly_Check_alarm  Program END 

Create log file
2012-10-13 03:50:00Z ALCS_Hourly_Check_alarm  Program Start
2012-10-13 03:50:00Z ALCS_Hourly_Check_alarm  Program END 

Create log file
2012-10-13 03:50:01Z SERVER_SELF_CHECK   Program Start
2012-10-13 03:50:01Z SERVER_SELF_CHECK   Program END 

Create log file
2012-10-13 04:01:00ZArray_Photo Program Start
2012-10-13 04:01:04ZArray_Photo Program End

Create log file
2012-10-13 04:03:00ZArray_test_repeat Program Start
2012-10-13 04:03:00ZArray_test_repeat Program End

Create log file
2012-10-13 04:41:14Z oee_empaidxsummdaily_purge Program Start
2012-10-13 04:41:14Z oee_empaidxsummdaily_purge Program END 

Create log file
2012-10-13 04:42:17Z oee_empaidxsummhourly_purge Program Start
2012-10-13 04:42:17Z oee_empaidxsummhourly_purge Program END 

Create log file
2012-10-13 04:44:20Z oee_empastcount_purge Program Start
2012-10-13 04:44:20Z oee_empastcount_purge Program END 

Create log file
2012-10-13 04:50:00Z OEE_IS_Hourly_Check_alarm  Program Start
2012-10-13 04:50:00Z OEE_IS_Hourly_Check_alarm  Program END 

Create log file
2012-10-13 04:50:02Z ALCS_Hourly_Check_alarm  Program Start
2012-10-13 04:50:02Z ALCS_Hourly_Check_alarm  Program END 

Create log file
2012-10-13 04:50:03Z SERVER_SELF_CHECK   Program Start
2012-10-13 04:50:03Z SERVER_SELF_CHECK   Program END 

Create log file
2012-10-13 05:01:00ZArray_Photo Program Start
1650 log finish

2012-10-13 05:01:02ZArray_Photo Program End

Create log file
2012-10-13 05:03:00ZArray_test_repeat Program Start
2012-10-13 05:03:00ZArray_test_repeat Program End

Create log file
2012-10-13 05:30:00ZARY_HOLD_LOT Program Start
There are lots exceed process time for 24hrs, please check

There are lots exceed process time for 24hrs, please check

There are lots exceed process time for 24hrs, please check

There are lots exceed process time for 24hrs, please check

There are lots exceed process time for 24hrs, please check

There are lots exceed process time for 24hrs, please check

There are lots exceed process time for 24hrs, please check

There are lots exceed process time for 24hrs, please check

There are lots exceed process time for 24hrs, please check

There are lots exceed process time for 24hrs, please check

There are lots exceed process time for 24hrs, please check

There are lots exceed process time for 24hrs, please check

There are lots exceed process time for 24hrs, please check

There are lots exceed process time for 24hrs, please check

There are lots exceed process time for 24hrs, please check

There are lots exceed process time for 24hrs, please check

There are lots exceed process time for 24hrs, please check

2012-10-13 05:30:15ZARY_HOLD_LOT Program End

Create log file
2012-10-13 05:41:14Z oee_empaidxsummdaily_purge Program Start
2012-10-13 05:41:14Z oee_empaidxsummdaily_purge Program END 

Create log file
2012-10-13 05:42:16Z oee_empaidxsummhourly_purge Program Start
2012-10-13 05:42:16Z oee_empaidxsummhourly_purge Program END 

Create log file
2012-10-13 05:44:17Z oee_empastcount_purge Program Start
2012-10-13 05:44:17Z oee_empastcount_purge Program END 

Create log file
2012-10-13 05:50:00Z OEE_IS_Hourly_Check_alarm  Program Start
2012-10-13 05:50:00Z OEE_IS_Hourly_Check_alarm  Program END 

Create log file
2012-10-13 05:50:00Z ALCS_Hourly_Check_alarm  Program Start
2012-10-13 05:50:00Z ALCS_Hourly_Check_alarm  Program END 

Create log file
2012-10-13 05:50:01Z SERVER_SELF_CHECK   Program Start
2012-10-13 05:50:01Z SERVER_SELF_CHECK   Program END 

Create log file
2012-10-13 06:01:00ZArray_Photo Program Start
1650 log finish

2012-10-13 06:01:03ZArray_Photo Program End

Create log file
2012-10-13 06:03:00ZArray_test_repeat Program Start
2012-10-13 06:03:00ZArray_test_repeat Program End

Create log file
2012-10-13 06:41:14Z oee_empaidxsummdaily_purge Program Start
2012-10-13 06:41:14Z oee_empaidxsummdaily_purge Program END 

Create log file
2012-10-13 06:42:14Z oee_empaidxsummhourly_purge Program Start
2012-10-13 06:42:14Z oee_empaidxsummhourly_purge Program END 

Create log file
2012-10-13 06:44:21Z oee_empastcount_purge Program Start
2012-10-13 06:44:21Z oee_empastcount_purge Program END 

Create log file
2012-10-13 06:51:01Z OEE_IS_Hourly_Check_alarm  Program Start
2012-10-13 06:51:01Z OEE_IS_Hourly_Check_alarm  Program END 

Create log file
2012-10-13 06:51:01Z ODS_Recover_Lot 145 Lots Program Start
2012-10-13 06:51:01Z ODS_Recover_Lot 145 Lots Program END 

Create log file
2012-10-13 06:51:02Z ALCS_Hourly_Check_alarm  Program Start
2012-10-13 06:51:02Z ALCS_Hourly_Check_alarm  Program END 

Create log file
2012-10-13 06:51:02Z SERVER_SELF_CHECK   Program Start
2012-10-13 06:51:02Z SERVER_SELF_CHECK   Program END 

Create log file
2012-10-13 07:01:00ZArray_Photo Program Start
2012-10-13 07:01:03ZArray_Photo Program End

Create log file
2012-10-13 07:03:00ZArray_test_repeat Program Start
2012-10-13 07:03:00ZArray_test_repeat Program End

Create log file
2012-10-13 07:31:53Z OEELH_fixed_data_Daily Program Start
2012-10-13 07:31:53Z OEELH_fixed_data_Daily Program END 

Create log file
2012-10-13 07:41:17Z oee_empaidxsummdaily_purge Program Start
2012-10-13 07:41:17Z oee_empaidxsummdaily_purge Program END 

Create log file
2012-10-13 07:42:17Z oee_empaidxsummhourly_purge Program Start
2012-10-13 07:42:17Z oee_empaidxsummhourly_purge Program END 

Create log file
2012-10-13 07:44:20Z oee_empastcount_purge Program Start
2012-10-13 07:44:20Z oee_empastcount_purge Program END 

Create log file
2012-10-13 07:50:12Z OEE_IS_Hourly_Check_alarm  Program Start
2012-10-13 07:50:12Z OEE_IS_Hourly_Check_alarm  Program END 

Create log file
2012-10-13 07:50:12Z ALCS_Hourly_Check_alarm  Program Start
2012-10-13 07:50:12Z ALCS_Hourly_Check_alarm  Program END 

Create log file
2012-10-13 07:50:17Z SERVER_SELF_CHECK   Program Start
2012-10-13 07:50:17Z SERVER_SELF_CHECK   Program END 

Create log file
2012-10-13 08:00:00Z Check_Onduty_Time From Onduty_dotnet2  Program Start
2012-10-13 08:00:00Z Check_Onduty_Time From Onduty_dotnet2  Program END 

Create log file
2012-10-13 08:01:00ZArray_Photo Program Start
2012-10-13 08:01:03ZArray_Photo Program End

Create log file
2012-10-13 08:03:00ZArray_test_repeat Program Start
2012-10-13 08:03:00ZArray_test_repeat Program End

Create log file
2012-10-13 08:30:00ZHoliday_inout_SMS Program Start
SMS log finish

2012-10-13 08:30:00ZHoliday_Inout_SMS Program End

Create log file
2012-10-13 08:32:00ZOEE_EQP_SMS Program Start
Holiday_OEE_EQP_T0A_SMS log finish

Holiday_OEE_EQP_T1A_SMS log finish

Holiday_OEE_EQP_T1C_SMS log finish

Holiday_OEE_EQP_T1F_SMS log finish

2012-10-13 08:32:44ZOEE_EQP_SMS Program End

Create log file
2012-10-13 08:41:05Z oee_empaidxsummdaily_purge Program Start
2012-10-13 08:41:05Z oee_empaidxsummdaily_purge Program END 

Create log file
2012-10-13 08:42:07Z oee_empaidxsummhourly_purge Program Start
2012-10-13 08:42:07Z oee_empaidxsummhourly_purge Program END 

Create log file
2012-10-13 08:44:25Z oee_empastcount_purge Program Start
2012-10-13 08:44:25Z oee_empastcount_purge Program END 

Create log file
2012-10-13 08:45:00ZHoliday_inout_SMS_For_C2 Program Start
SMS_C2 log finish

2012-10-13 08:45:07ZHoliday_Inout_SMS_For_C2 Program End

Create log file
2012-10-13 08:50:00Z OEE_IS_Hourly_Check_alarm  Program Start
2012-10-13 08:50:00Z OEE_IS_Hourly_Check_alarm  Program END 

Create log file
2012-10-13 08:50:00Z ALCS_Hourly_Check_alarm  Program Start
2012-10-13 08:50:00Z ALCS_Hourly_Check_alarm  Program END 

Create log file
2012-10-13 08:50:01Z SERVER_SELF_CHECK   Program Start
2012-10-13 08:50:01Z SERVER_SELF_CHECK   Program END 

Create log file
2012-10-13 09:01:02ZArray_Photo Program Start
2012-10-13 09:01:04ZArray_Photo Program End

Create log file
2012-10-13 09:03:00ZArray_test_repeat Program Start
2012-10-13 09:03:00ZArray_test_repeat Program End

Create log file
2012-10-13 09:30:00ZARY_HOLD_LOT Program Start
There are lots exceed process time for 24hrs, please check

There are lots exceed process time for 24hrs, please check

There are lots exceed process time for 24hrs, please check

There are lots exceed process time for 24hrs, please check

There are lots exceed process time for 24hrs, please check

There are lots exceed process time for 24hrs, please check

There are lots exceed process time for 24hrs, please check

There are lots exceed process time for 24hrs, please check

There are lots exceed process time for 24hrs, please check

There are lots exceed process time for 24hrs, please check

There are lots exceed process time for 24hrs, please check

There are lots exceed process time for 24hrs, please check

There are lots exceed process time for 24hrs, please check

There are lots exceed process time for 24hrs, please check

There are lots exceed process time for 24hrs, please check

2012-10-13 09:30:28ZARY_HOLD_LOT Program End

Create log file
2012-10-13 09:41:15Z oee_empaidxsummdaily_purge Program Start
2012-10-13 09:41:15Z oee_empaidxsummdaily_purge Program END 

Create log file
2012-10-13 09:42:21Z oee_empaidxsummhourly_purge Program Start
2012-10-13 09:42:21Z oee_empaidxsummhourly_purge Program END 

Create log file
2012-10-13 09:44:26Z oee_empastcount_purge Program Start
2012-10-13 09:44:26Z oee_empastcount_purge Program END 

Create log file
2012-10-13 09:50:00Z OEE_IS_Hourly_Check_alarm  Program Start
2012-10-13 09:50:00Z OEE_IS_Hourly_Check_alarm  Program END 

Create log file
2012-10-13 09:50:05Z ALCS_Hourly_Check_alarm  Program Start
2012-10-13 09:50:05Z ALCS_Hourly_Check_alarm  Program END 

Create log file
2012-10-13 09:50:06Z SERVER_SELF_CHECK   Program Start
2012-10-13 09:50:06Z SERVER_SELF_CHECK   Program END 

Create log file
2012-10-13 09:50:07Z SERVER_SELF_CHECK Program Start
SMS log finish

2012-10-13 09:50:08Z SERVER_SELF_CHECK Program End

Create log file
2012-10-13 10:01:00ZArray_Photo Program Start
2012-10-13 10:01:02ZArray_Photo Program End

Create log file
2012-10-13 10:03:00ZArray_test_repeat Program Start
2012-10-13 10:03:00ZArray_test_repeat Program End

Create log file
2012-10-13 10:41:16Z oee_empaidxsummdaily_purge Program Start
2012-10-13 10:41:16Z oee_empaidxsummdaily_purge Program END 

Create log file
2012-10-13 10:42:26Z oee_empaidxsummhourly_purge Program Start
2012-10-13 10:42:26Z oee_empaidxsummhourly_purge Program END 

Create log file
2012-10-13 10:44:35Z oee_empastcount_purge Program Start
2012-10-13 10:44:35Z oee_empastcount_purge Program END 

Create log file
2012-10-13 10:50:00Z OEE_IS_Hourly_Check_alarm  Program Start
2012-10-13 10:50:00Z OEE_IS_Hourly_Check_alarm  Program END 

Create log file
2012-10-13 10:50:01Z ALCS_Hourly_Check_alarm  Program Start
2012-10-13 10:50:01Z ALCS_Hourly_Check_alarm  Program END 

Create log file
2012-10-13 10:50:02Z SERVER_SELF_CHECK   Program Start
2012-10-13 10:50:02Z SERVER_SELF_CHECK   Program END 

Create log file
2012-10-13 11:01:00ZArray_Photo Program Start
2012-10-13 11:01:03ZArray_Photo Program End

Create log file
2012-10-13 11:03:00ZArray_test_repeat Program Start
2012-10-13 11:03:01ZArray_test_repeat Program End

Create log file
2012-10-13 11:40:00Z T1OEE Purge Program Start
2012-10-13 11:40:00Z T1OEE Purge Program END 

Create log file
2012-10-13 11:41:16Z oee_empaidxsummdaily_purge Program Start
2012-10-13 11:41:16Z oee_empaidxsummdaily_purge Program END 

Create log file
2012-10-13 11:42:15Z oee_empaidxsummhourly_purge Program Start
2012-10-13 11:42:15Z oee_empaidxsummhourly_purge Program END 

Create log file
2012-10-13 11:44:25Z oee_empastcount_purge Program Start
2012-10-13 11:44:25Z oee_empastcount_purge Program END 

Create log file
2012-10-13 11:50:00Z OEE_IS_Hourly_Check_alarm  Program Start
2012-10-13 11:50:00Z OEE_IS_Hourly_Check_alarm  Program END 

Create log file
2012-10-13 11:50:00Z ALCS_Hourly_Check_alarm  Program Start
2012-10-13 11:50:00Z ALCS_Hourly_Check_alarm  Program END 

Create log file
2012-10-13 11:50:01Z SERVER_SELF_CHECK   Program Start
2012-10-13 11:50:01Z SERVER_SELF_CHECK   Program END 

Create log file
2012-10-13 12:01:00ZArray_Photo Program Start
2012-10-13 12:01:03ZArray_Photo Program End

Create log file
2012-10-13 12:03:00ZArray_test_repeat Program Start
2012-10-13 12:03:00ZArray_test_repeat Program End

Create log file
2012-10-13 12:41:14Z oee_empaidxsummdaily_purge Program Start
2012-10-13 12:41:14Z oee_empaidxsummdaily_purge Program END 

Create log file
2012-10-13 12:42:22Z oee_empaidxsummhourly_purge Program Start
2012-10-13 12:42:22Z oee_empaidxsummhourly_purge Program END 

Create log file
2012-10-13 12:44:31Z oee_empastcount_purge Program Start
2012-10-13 12:44:31Z oee_empastcount_purge Program END 

Create log file
2012-10-13 12:50:00Z OEE_IS_Hourly_Check_alarm  Program Start
2012-10-13 12:50:00Z OEE_IS_Hourly_Check_alarm  Program END 

Create log file
2012-10-13 12:50:03Z ALCS_Hourly_Check_alarm  Program Start
2012-10-13 12:50:03Z ALCS_Hourly_Check_alarm  Program END 

Create log file
2012-10-13 12:50:04Z SERVER_SELF_CHECK   Program Start
2012-10-13 12:50:04Z SERVER_SELF_CHECK   Program END 

Create log file
2012-10-13 13:01:00ZArray_Photo Program Start
1350 log finish

1450 log finish

2012-10-13 13:01:03ZArray_Photo Program End

Create log file
2012-10-13 13:03:00ZArray_test_repeat Program Start
2012-10-13 13:03:00ZArray_test_repeat Program End

Create log file
2012-10-13 13:30:00ZARY_HOLD_LOT Program Start
There are lots exceed process time for 24hrs, please check

There are lots exceed process time for 24hrs, please check

There are lots exceed process time for 24hrs, please check

There are lots exceed process time for 24hrs, please check

There are lots exceed process time for 24hrs, please check

There are lots exceed process time for 24hrs, please check

There are lots exceed process time for 48hrs, please check

There are lots exceed process time for 24hrs, please check

There are lots exceed process time for 24hrs, please check

There are lots exceed process time for 48hrs, please check

There are lots exceed process time for 24hrs, please check

There are lots exceed process time for 24hrs, please check

There are lots exceed process time for 48hrs, please check

There are lots exceed process time for 24hrs, please check

There are lots exceed process time for 24hrs, please check

There are lots exceed process time for 48hrs, please check

There are lots exceed process time for 24hrs, please check

There are lots exceed process time for 24hrs, please check

There are lots exceed process time for 48hrs, please check

There are lots exceed process time for 24hrs, please check

There are lots exceed process time for 24hrs, please check

There are lots exceed process time for 48hrs, please check

There are lots exceed process time for 24hrs, please check

There are lots exceed process time for 24hrs, please check

There are lots exceed process time for 48hrs, please check

There are lots exceed process time for 24hrs, please check

There are lots exceed process time for 24hrs, please check

There are lots exceed process time for 48hrs, please check

There are lots exceed process time for 24hrs, please check

There are lots exceed process time for 24hrs, please check

There are lots exceed process time for 48hrs, please check

There are lots exceed process time for 24hrs, please check

There are lots exceed process time for 24hrs, please check

There are lots exceed process time for 48hrs, please check

There are lots exceed process time for 24hrs, please check

There are lots exceed process time for 24hrs, please check

There are lots exceed process time for 48hrs, please check

There are lots exceed process time for 24hrs, please check

There are lots exceed process time for 24hrs, please check

There are lots exceed process time for 48hrs, please check

2012-10-13 13:30:18ZARY_HOLD_LOT Program End

Create log file
2012-10-13 13:41:13Z oee_empaidxsummdaily_purge Program Start
2012-10-13 13:41:13Z oee_empaidxsummdaily_purge Program END 

Create log file
2012-10-13 13:41:39Z oee_empaidxsummhourly_purge Program Start
2012-10-13 13:41:39Z oee_empaidxsummhourly_purge Program END 

Create log file
2012-10-13 13:44:25Z oee_empastcount_purge Program Start
2012-10-13 13:44:25Z oee_empastcount_purge Program END 

Create log file
2012-10-13 13:50:00Z OEE_IS_Hourly_Check_alarm  Program Start
2012-10-13 13:50:00Z OEE_IS_Hourly_Check_alarm  Program END 

Create log file
2012-10-13 13:50:00Z ALCS_Hourly_Check_alarm  Program Start
2012-10-13 13:50:00Z ALCS_Hourly_Check_alarm  Program END 

Create log file
2012-10-13 13:50:01Z SERVER_SELF_CHECK   Program Start
2012-10-13 13:50:01Z SERVER_SELF_CHECK   Program END 

Create log file
2012-10-13 14:01:00ZArray_Photo Program Start
1150 log finish

1350 log finish

1450 log finish

2012-10-13 14:01:03ZArray_Photo Program End

Create log file
2012-10-13 14:03:00ZArray_test_repeat Program Start
2012-10-13 14:03:00ZArray_test_repeat Program End

Create log file
2012-10-13 14:41:14Z oee_empaidxsummdaily_purge Program Start
2012-10-13 14:41:14Z oee_empaidxsummdaily_purge Program END 

Create log file
2012-10-13 14:41:41Z oee_empaidxsummhourly_purge Program Start
2012-10-13 14:41:41Z oee_empaidxsummhourly_purge Program END 

Create log file
2012-10-13 14:44:21Z oee_empastcount_purge Program Start
2012-10-13 14:44:21Z oee_empastcount_purge Program END 

Create log file
2012-10-13 14:50:00Z OEE_IS_Hourly_Check_alarm  Program Start
2012-10-13 14:50:00Z OEE_IS_Hourly_Check_alarm  Program END 

Create log file
2012-10-13 14:50:05Z ALCS_Hourly_Check_alarm  Program Start
2012-10-13 14:50:05Z ALCS_Hourly_Check_alarm  Program END 

Create log file
2012-10-13 14:50:05Z SERVER_SELF_CHECK   Program Start
2012-10-13 14:50:05Z SERVER_SELF_CHECK   Program END 

Create log file
2012-10-13 15:01:00ZArray_Photo Program Start
2012-10-13 15:01:04ZArray_Photo Program End

Create log file
2012-10-13 15:03:00ZArray_test_repeat Program Start
2012-10-13 15:03:01ZArray_test_repeat Program End

Create log file
2012-10-13 15:41:16Z oee_empaidxsummdaily_purge Program Start
2012-10-13 15:41:16Z oee_empaidxsummdaily_purge Program END 

Create log file
2012-10-13 15:41:41Z oee_empaidxsummhourly_purge Program Start
2012-10-13 15:41:41Z oee_empaidxsummhourly_purge Program END 

Create log file
2012-10-13 15:44:21Z oee_empastcount_purge Program Start
2012-10-13 15:44:21Z oee_empastcount_purge Program END 

Create log file
2012-10-13 15:50:00Z OEE_IS_Hourly_Check_alarm  Program Start
2012-10-13 15:50:00Z OEE_IS_Hourly_Check_alarm  Program END 

Create log file
2012-10-13 15:50:01Z ALCS_Hourly_Check_alarm  Program Start
2012-10-13 15:50:01Z ALCS_Hourly_Check_alarm  Program END 

Create log file
2012-10-13 15:50:01Z SERVER_SELF_CHECK   Program Start
2012-10-13 15:50:01Z SERVER_SELF_CHECK   Program END 

Create log file
2012-10-13 16:01:00ZArray_Photo Program Start
1150 log finish

2012-10-13 16:01:04ZArray_Photo Program End

Create log file
2012-10-13 16:03:00ZArray_test_repeat Program Start
2012-10-13 16:03:01ZArray_test_repeat Program End

Create log file
2012-10-13 16:41:14Z oee_empaidxsummdaily_purge Program Start
2012-10-13 16:41:14Z oee_empaidxsummdaily_purge Program END 

Create log file
2012-10-13 16:41:39Z oee_empaidxsummhourly_purge Program Start
2012-10-13 16:41:39Z oee_empaidxsummhourly_purge Program END 

Create log file
2012-10-13 16:44:21Z oee_empastcount_purge Program Start
2012-10-13 16:44:21Z oee_empastcount_purge Program END 

Create log file
2012-10-13 16:50:00Z OEE_IS_Hourly_Check_alarm  Program Start
2012-10-13 16:50:00Z OEE_IS_Hourly_Check_alarm  Program END 

Create log file
2012-10-13 16:50:00Z ALCS_Hourly_Check_alarm  Program Start
2012-10-13 16:50:00Z ALCS_Hourly_Check_alarm  Program END 

Create log file
2012-10-13 16:50:01Z SERVER_SELF_CHECK   Program Start
2012-10-13 16:50:01Z SERVER_SELF_CHECK   Program END 

Create log file
2012-10-13 17:01:00ZArray_Photo Program Start
1150 log finish

1350 log finish

1450 log finish

2012-10-13 17:01:03ZArray_Photo Program End

Create log file
2012-10-13 17:03:00ZArray_test_repeat Program Start
2012-10-13 17:03:01ZArray_test_repeat Program End

Create log file
2012-10-13 17:30:00ZARY_HOLD_LOT Program Start
There are lots exceed process time for 24hrs, please check

There are lots exceed process time for 24hrs, please check

There are lots exceed process time for 24hrs, please check

There are lots exceed process time for 24hrs, please check

There are lots exceed process time for 24hrs, please check

There are lots exceed process time for 24hrs, please check

There are lots exceed process time for 24hrs, please check

There are lots exceed process time for 24hrs, please check

There are lots exceed process time for 24hrs, please check

There are lots exceed process time for 24hrs, please check

There are lots exceed process time for 24hrs, please check

There are lots exceed process time for 24hrs, please check

There are lots exceed process time for 24hrs, please check

There are lots exceed process time for 24hrs, please check

2012-10-13 17:30:13ZARY_HOLD_LOT Program End

Create log file
2012-10-13 17:41:14Z oee_empaidxsummdaily_purge Program Start
2012-10-13 17:41:14Z oee_empaidxsummdaily_purge Program END 

Create log file
2012-10-13 17:41:39Z oee_empaidxsummhourly_purge Program Start
2012-10-13 17:41:39Z oee_empaidxsummhourly_purge Program END 

Create log file
2012-10-13 17:44:21Z oee_empastcount_purge Program Start
2012-10-13 17:44:21Z oee_empastcount_purge Program END 

Create log file
2012-10-13 17:50:00Z OEE_IS_Hourly_Check_alarm  Program Start
2012-10-13 17:50:00Z OEE_IS_Hourly_Check_alarm  Program END 

Create log file
2012-10-13 17:50:00Z ALCS_Hourly_Check_alarm  Program Start
2012-10-13 17:50:00Z ALCS_Hourly_Check_alarm  Program END 

Create log file
2012-10-13 17:50:01Z SERVER_SELF_CHECK   Program Start
2012-10-13 17:50:01Z SERVER_SELF_CHECK   Program END 

Create log file
2012-10-13 18:01:00ZArray_Photo Program Start
1150 log finish

1350 log finish

2012-10-13 18:01:04ZArray_Photo Program End

Create log file
2012-10-13 18:03:00ZArray_test_repeat Program Start
2012-10-13 18:03:01ZArray_test_repeat Program End

Create log file
2012-10-13 18:41:19Z oee_empaidxsummdaily_purge Program Start
2012-10-13 18:41:19Z oee_empaidxsummdaily_purge Program END 

Create log file
2012-10-13 18:41:57Z oee_empaidxsummhourly_purge Program Start
2012-10-13 18:41:57Z oee_empaidxsummhourly_purge Program END 

Create log file
2012-10-13 18:44:41Z oee_empastcount_purge Program Start
2012-10-13 18:44:41Z oee_empastcount_purge Program END 

Create log file
2012-10-13 18:50:00Z OEE_IS_Hourly_Check_alarm  Program Start
2012-10-13 18:50:00Z OEE_IS_Hourly_Check_alarm  Program END 

Create log file
2012-10-13 18:50:00Z ALCS_Hourly_Check_alarm  Program Start
2012-10-13 18:50:00Z ALCS_Hourly_Check_alarm  Program END 

Create log file
2012-10-13 18:50:01Z SERVER_SELF_CHECK   Program Start
2012-10-13 18:50:01Z SERVER_SELF_CHECK   Program END 

Create log file
2012-10-13 19:01:00ZArray_Photo Program Start
1150 log finish

1350 log finish

2012-10-13 19:01:03ZArray_Photo Program End

Create log file
2012-10-13 19:03:00ZArray_test_repeat Program Start
2012-10-13 19:03:01ZArray_test_repeat Program End

Create log file
2012-10-13 19:41:16Z oee_empaidxsummdaily_purge Program Start
2012-10-13 19:41:16Z oee_empaidxsummdaily_purge Program END 

Create log file
2012-10-13 19:41:41Z oee_empaidxsummhourly_purge Program Start
2012-10-13 19:41:41Z oee_empaidxsummhourly_purge Program END 

Create log file
2012-10-13 19:45:16Z oee_empastcount_purge Program Start
2012-10-13 19:45:16Z oee_empastcount_purge Program END 

Create log file
2012-10-13 19:50:00Z OEE_IS_Hourly_Check_alarm  Program Start
2012-10-13 19:50:00Z OEE_IS_Hourly_Check_alarm  Program END 

Create log file
2012-10-13 19:50:03Z ALCS_Hourly_Check_alarm  Program Start
2012-10-13 19:50:03Z ALCS_Hourly_Check_alarm  Program END 

Create log file
2012-10-13 19:50:07Z SERVER_SELF_CHECK   Program Start
2012-10-13 19:50:07Z SERVER_SELF_CHECK   Program END 

Create log file
2012-10-13 20:01:00ZArray_Photo Program Start
1150 log finish

1350 log finish

2012-10-13 20:01:03ZArray_Photo Program End

Create log file
2012-10-13 20:03:00ZArray_test_repeat Program Start
2012-10-13 20:03:00ZArray_test_repeat Program End

Create log file
2012-10-13 20:41:15Z oee_empaidxsummdaily_purge Program Start
2012-10-13 20:41:15Z oee_empaidxsummdaily_purge Program END 

Create log file
2012-10-13 20:41:42Z oee_empaidxsummhourly_purge Program Start
2012-10-13 20:41:42Z oee_empaidxsummhourly_purge Program END 

Create log file
2012-10-13 20:44:25Z oee_empastcount_purge Program Start
2012-10-13 20:44:25Z oee_empastcount_purge Program END 

Create log file
2012-10-13 20:50:00Z OEE_IS_Hourly_Check_alarm  Program Start
2012-10-13 20:50:00Z OEE_IS_Hourly_Check_alarm  Program END 

Create log file
2012-10-13 20:50:00Z ALCS_Hourly_Check_alarm  Program Start
2012-10-13 20:50:00Z ALCS_Hourly_Check_alarm  Program END 

Create log file
2012-10-13 20:50:01Z SERVER_SELF_CHECK   Program Start
2012-10-13 20:50:01Z SERVER_SELF_CHECK   Program END 

Create log file
2012-10-13 21:01:00ZArray_Photo Program Start
2012-10-13 21:01:02ZArray_Photo Program End

Create log file
2012-10-13 21:03:00ZArray_test_repeat Program Start
2012-10-13 21:03:01ZArray_test_repeat Program End

Create log file
2012-10-13 21:30:00ZARY_HOLD_LOT Program Start
There are lots exceed process time for 24hrs, please check

There are lots exceed process time for 24hrs, please check

There are lots exceed process time for 24hrs, please check

There are lots exceed process time for 24hrs, please check

There are lots exceed process time for 24hrs, please check

There are lots exceed process time for 24hrs, please check

There are lots exceed process time for 24hrs, please check

There are lots exceed process time for 24hrs, please check

There are lots exceed process time for 24hrs, please check

There are lots exceed process time for 24hrs, please check

There are lots exceed process time for 24hrs, please check

There are lots exceed process time for 24hrs, please check

There are lots exceed process time for 24hrs, please check

There are lots exceed process time for 24hrs, please check

2012-10-13 21:30:14ZARY_HOLD_LOT Program End

Create log file
2012-10-13 21:41:21Z oee_empaidxsummdaily_purge Program Start
2012-10-13 21:41:21Z oee_empaidxsummdaily_purge Program END 

Create log file
2012-10-13 21:42:34Z oee_empaidxsummhourly_purge Program Start
2012-10-13 21:42:34Z oee_empaidxsummhourly_purge Program END 

Create log file
2012-10-13 21:45:40Z oee_empastcount_purge Program Start
2012-10-13 21:45:40Z oee_empastcount_purge Program END 

Create log file
2012-10-13 21:50:00Z OEE_IS_Hourly_Check_alarm  Program Start
2012-10-13 21:50:00Z OEE_IS_Hourly_Check_alarm  Program END 

Create log file
2012-10-13 21:50:00Z ALCS_Hourly_Check_alarm  Program Start
2012-10-13 21:50:00Z ALCS_Hourly_Check_alarm  Program END 

Create log file
2012-10-13 21:50:01Z SERVER_SELF_CHECK   Program Start
2012-10-13 21:50:01Z SERVER_SELF_CHECK   Program END 

Create log file
2012-10-13 22:00:00ZSERVER_SMS_TEST Program Start
SMS log finish

2012-10-13 22:00:00ZSERVER_SMS_TEST Program End

Create log file
2012-10-13 22:01:00ZArray_Photo Program Start
1250 log finish

2012-10-13 22:01:03ZArray_Photo Program End

Create log file
2012-10-13 22:03:00ZArray_test_repeat Program Start
2012-10-13 22:03:00ZArray_test_repeat Program End

Create log file
2012-10-13 22:41:14Z oee_empaidxsummdaily_purge Program Start
2012-10-13 22:41:14Z oee_empaidxsummdaily_purge Program END 

Create log file
2012-10-13 22:41:40Z oee_empaidxsummhourly_purge Program Start
2012-10-13 22:41:40Z oee_empaidxsummhourly_purge Program END 

Create log file
2012-10-13 22:44:24Z oee_empastcount_purge Program Start
2012-10-13 22:44:24Z oee_empastcount_purge Program END 

Create log file
2012-10-13 22:50:00Z OEE_IS_Hourly_Check_alarm  Program Start
2012-10-13 22:50:00Z OEE_IS_Hourly_Check_alarm  Program END 

Create log file
2012-10-13 22:50:04Z ALCS_Hourly_Check_alarm  Program Start
2012-10-13 22:50:04Z ALCS_Hourly_Check_alarm  Program END 

Create log file
2012-10-13 22:50:05Z SERVER_SELF_CHECK   Program Start
2012-10-13 22:50:05Z SERVER_SELF_CHECK   Program END 

Create log file
2012-10-13 23:01:00ZArray_Photo Program Start
1250 log finish

2012-10-13 23:01:03ZArray_Photo Program End

Create log file
2012-10-13 23:03:00ZArray_test_repeat Program Start
2012-10-13 23:03:00ZArray_test_repeat Program End

Create log file
2012-10-13 23:41:14Z oee_empaidxsummdaily_purge Program Start
2012-10-13 23:41:14Z oee_empaidxsummdaily_purge Program END 

Create log file
2012-10-13 23:41:40Z oee_empaidxsummhourly_purge Program Start
2012-10-13 23:41:40Z oee_empaidxsummhourly_purge Program END 

Create log file
2012-10-13 23:44:28Z oee_empastcount_purge Program Start
2012-10-13 23:44:28Z oee_empastcount_purge Program END 

Create log file
2012-10-13 23:50:00Z OEE_IS_Hourly_Check_alarm  Program Start
2012-10-13 23:50:00Z OEE_IS_Hourly_Check_alarm  Program END 

Create log file
2012-10-13 23:50:00Z ALCS_Hourly_Check_alarm  Program Start
2012-10-13 23:50:00Z ALCS_Hourly_Check_alarm  Program END 

Create log file
2012-10-13 23:50:01Z SERVER_SELF_CHECK   Program Start
2012-10-13 23:50:01Z SERVER_SELF_CHECK   Program END 

