Create log file
2012-10-19 00:01:00ZArray_Photo Program Start
1150 log finish

2012-10-19 00:01:02ZArray_Photo Program End

Create log file
2012-10-19 00:03:02ZArray_test_repeat Program Start
2012-10-19 00:03:03ZArray_test_repeat Program End

Create log file
2012-10-19 00:10:00Z T0T1 InnoView Add User Program Start
2012-10-19 00:10:00Z T0T1 InnoView Add User Program END 

Create log file
2012-10-19 00:20:14Z VPNLOG_PARSER Program Start
2012-10-19 00:20:14Z VPNLOG_PARSER Program END 

Create log file
2012-10-19 00:30:00Z T0/T1 RealTimeDept Program Start
2012-10-19 00:30:00Z T0/T1 RealTimeDept Program END 

Create log file
2012-10-19 00:41:41Z oee_empaidxsummdaily_purge Program Start
2012-10-19 00:41:41Z oee_empaidxsummdaily_purge Program END 

Create log file
2012-10-19 00:42:46Z oee_empaidxsummhourly_purge Program Start
2012-10-19 00:42:46Z oee_empaidxsummhourly_purge Program END 

Create log file
2012-10-19 00:46:50Z oee_empastcount_purge Program Start
2012-10-19 00:46:50Z oee_empastcount_purge Program END 

Create log file
2012-10-19 00:50:00Z OEE_IS_Hourly_Check_alarm  Program Start
2012-10-19 00:50:00Z OEE_IS_Hourly_Check_alarm  Program END 

Create log file
2012-10-19 00:50:00Z ALCS_Hourly_Check_alarm  Program Start
2012-10-19 00:50:00Z ALCS_Hourly_Check_alarm  Program END 

Create log file
2012-10-19 00:50:02Z SERVER_SELF_CHECK   Program Start
2012-10-19 00:50:02Z SERVER_SELF_CHECK   Program END 

Create log file
2012-10-19 01:01:00ZArray_Photo Program Start
1150 log finish

2012-10-19 01:01:02ZArray_Photo Program End

Create log file
2012-10-19 01:03:00ZArray_test_repeat Program Start
2012-10-19 01:03:00ZArray_test_repeat Program End

Create log file
2012-10-19 01:30:00ZARY_HOLD_LOT Program Start
There are lots exceed process time for 24hrs, please check

There are lots exceed process time for 24hrs, please check

There are lots exceed process time for 24hrs, please check

There are lots exceed process time for 24hrs, please check

There are lots exceed process time for 24hrs, please check

There are lots exceed process time for 24hrs, please check

There are lots exceed process time for 24hrs, please check

There are lots exceed process time for 24hrs, please check

There are lots exceed process time for 24hrs, please check

There are lots exceed process time for 24hrs, please check

There are lots exceed process time for 24hrs, please check

There are lots exceed process time for 24hrs, please check

There are lots exceed process time for 24hrs, please check

There are lots exceed process time for 24hrs, please check

There are lots exceed process time for 24hrs, please check

2012-10-19 01:30:18ZARY_HOLD_LOT Program End

Create log file
2012-10-19 01:41:15Z oee_empaidxsummdaily_purge Program Start
2012-10-19 01:41:15Z oee_empaidxsummdaily_purge Program END 

Create log file
2012-10-19 01:42:13Z oee_empaidxsummhourly_purge Program Start
2012-10-19 01:42:13Z oee_empaidxsummhourly_purge Program END 

Create log file
2012-10-19 01:44:28Z oee_empastcount_purge Program Start
2012-10-19 01:44:28Z oee_empastcount_purge Program END 

Create log file
2012-10-19 01:50:00Z OEE_IS_Hourly_Check_alarm  Program Start
2012-10-19 01:50:00Z OEE_IS_Hourly_Check_alarm  Program END 

Create log file
2012-10-19 01:50:00Z ALCS_Hourly_Check_alarm  Program Start
2012-10-19 01:50:00Z ALCS_Hourly_Check_alarm  Program END 

Create log file
2012-10-19 01:50:01Z SERVER_SELF_CHECK   Program Start
2012-10-19 01:50:01Z SERVER_SELF_CHECK   Program END 

Create log file
2012-10-19 02:01:00ZArray_Photo Program Start
1150 log finish

2012-10-19 02:01:03ZArray_Photo Program End

Create log file
2012-10-19 02:03:00ZArray_test_repeat Program Start
2012-10-19 02:03:00ZArray_test_repeat Program End

Create log file
2012-10-19 02:41:16Z oee_empaidxsummdaily_purge Program Start
2012-10-19 02:41:16Z oee_empaidxsummdaily_purge Program END 

Create log file
2012-10-19 02:42:06Z oee_empaidxsummhourly_purge Program Start
2012-10-19 02:42:06Z oee_empaidxsummhourly_purge Program END 

Create log file
2012-10-19 02:44:26Z oee_empastcount_purge Program Start
2012-10-19 02:44:26Z oee_empastcount_purge Program END 

Create log file
2012-10-19 02:50:00Z OEE_IS_Hourly_Check_alarm  Program Start
2012-10-19 02:50:00Z OEE_IS_Hourly_Check_alarm  Program END 

Create log file
2012-10-19 02:50:05Z ALCS_Hourly_Check_alarm  Program Start
2012-10-19 02:50:05Z ALCS_Hourly_Check_alarm  Program END 

Create log file
2012-10-19 02:50:06Z SERVER_SELF_CHECK   Program Start
2012-10-19 02:50:06Z SERVER_SELF_CHECK   Program END 

Create log file
2012-10-19 03:01:00ZArray_Photo Program Start
1150 log finish

2012-10-19 03:01:02ZArray_Photo Program End

Create log file
2012-10-19 03:03:00ZArray_test_repeat Program Start
2012-10-19 03:03:00ZArray_test_repeat Program End

Create log file
2012-10-19 03:41:16Z oee_empaidxsummdaily_purge Program Start
2012-10-19 03:41:16Z oee_empaidxsummdaily_purge Program END 

Create log file
2012-10-19 03:42:21Z oee_empaidxsummhourly_purge Program Start
2012-10-19 03:42:21Z oee_empaidxsummhourly_purge Program END 

Create log file
2012-10-19 03:44:32Z oee_empastcount_purge Program Start
2012-10-19 03:44:32Z oee_empastcount_purge Program END 

Create log file
2012-10-19 03:50:00Z OEE_IS_Hourly_Check_alarm  Program Start
2012-10-19 03:50:00Z OEE_IS_Hourly_Check_alarm  Program END 

Create log file
2012-10-19 03:50:00Z ALCS_Hourly_Check_alarm  Program Start
2012-10-19 03:50:00Z ALCS_Hourly_Check_alarm  Program END 

Create log file
2012-10-19 03:50:01Z SERVER_SELF_CHECK   Program Start
2012-10-19 03:50:01Z SERVER_SELF_CHECK   Program END 

Create log file
2012-10-19 04:01:00ZArray_Photo Program Start
1150 log finish

2012-10-19 04:01:02ZArray_Photo Program End

Create log file
2012-10-19 04:03:00ZArray_test_repeat Program Start
2012-10-19 04:03:01ZArray_test_repeat Program End

Create log file
2012-10-19 04:41:15Z oee_empaidxsummdaily_purge Program Start
2012-10-19 04:41:15Z oee_empaidxsummdaily_purge Program END 

Create log file
2012-10-19 04:42:08Z oee_empaidxsummhourly_purge Program Start
2012-10-19 04:42:08Z oee_empaidxsummhourly_purge Program END 

Create log file
2012-10-19 04:44:28Z oee_empastcount_purge Program Start
2012-10-19 04:44:28Z oee_empastcount_purge Program END 

Create log file
2012-10-19 04:50:00Z OEE_IS_Hourly_Check_alarm  Program Start
2012-10-19 04:50:00Z OEE_IS_Hourly_Check_alarm  Program END 

Create log file
2012-10-19 04:50:00Z ALCS_Hourly_Check_alarm  Program Start
2012-10-19 04:50:00Z ALCS_Hourly_Check_alarm  Program END 

Create log file
2012-10-19 04:50:01Z SERVER_SELF_CHECK   Program Start
2012-10-19 04:50:01Z SERVER_SELF_CHECK   Program END 

Create log file
2012-10-19 05:01:00ZArray_Photo Program Start
1150 log finish

2012-10-19 05:01:02ZArray_Photo Program End

Create log file
2012-10-19 05:03:00ZArray_test_repeat Program Start
2012-10-19 05:03:01ZArray_test_repeat Program End

Create log file
2012-10-19 05:30:00ZARY_HOLD_LOT Program Start
There are lots exceed process time for 24hrs, please check

There are lots exceed process time for 24hrs, please check

There are lots exceed process time for 24hrs, please check

There are lots exceed process time for 24hrs, please check

There are lots exceed process time for 24hrs, please check

There are lots exceed process time for 24hrs, please check

There are lots exceed process time for 24hrs, please check

There are lots exceed process time for 24hrs, please check

There are lots exceed process time for 24hrs, please check

There are lots exceed process time for 24hrs, please check

There are lots exceed process time for 24hrs, please check

There are lots exceed process time for 24hrs, please check

There are lots exceed process time for 24hrs, please check

There are lots exceed process time for 24hrs, please check

There are lots exceed process time for 24hrs, please check

There are lots exceed process time for 24hrs, please check

2012-10-19 05:30:13ZARY_HOLD_LOT Program End

Create log file
2012-10-19 05:41:15Z oee_empaidxsummdaily_purge Program Start
2012-10-19 05:41:15Z oee_empaidxsummdaily_purge Program END 

Create log file
2012-10-19 05:42:04Z oee_empaidxsummhourly_purge Program Start
2012-10-19 05:42:04Z oee_empaidxsummhourly_purge Program END 

Create log file
2012-10-19 05:44:24Z oee_empastcount_purge Program Start
2012-10-19 05:44:24Z oee_empastcount_purge Program END 

Create log file
2012-10-19 05:50:00Z OEE_IS_Hourly_Check_alarm  Program Start
2012-10-19 05:50:00Z OEE_IS_Hourly_Check_alarm  Program END 

Create log file
2012-10-19 05:50:00Z ALCS_Hourly_Check_alarm  Program Start
2012-10-19 05:50:00Z ALCS_Hourly_Check_alarm  Program END 

Create log file
2012-10-19 05:50:01Z SERVER_SELF_CHECK   Program Start
2012-10-19 05:50:01Z SERVER_SELF_CHECK   Program END 

Create log file
2012-10-19 06:01:00ZArray_Photo Program Start
1150 log finish

1450 log finish

2012-10-19 06:01:02ZArray_Photo Program End

Create log file
2012-10-19 06:03:00ZArray_test_repeat Program Start
2012-10-19 06:03:01ZArray_test_repeat Program End

Create log file
2012-10-19 06:41:16Z oee_empaidxsummdaily_purge Program Start
2012-10-19 06:41:16Z oee_empaidxsummdaily_purge Program END 

Create log file
2012-10-19 06:42:15Z oee_empaidxsummhourly_purge Program Start
2012-10-19 06:42:15Z oee_empaidxsummhourly_purge Program END 

Create log file
2012-10-19 06:44:24Z oee_empastcount_purge Program Start
2012-10-19 06:44:24Z oee_empastcount_purge Program END 

Create log file
2012-10-19 06:51:03Z OEE_IS_Hourly_Check_alarm  Program Start
2012-10-19 06:51:03Z OEE_IS_Hourly_Check_alarm  Program END 

Create log file
2012-10-19 06:51:03Z ALCS_Hourly_Check_alarm  Program Start
2012-10-19 06:51:03Z ALCS_Hourly_Check_alarm  Program END 

Create log file
2012-10-19 06:51:04Z SERVER_SELF_CHECK   Program Start
2012-10-19 06:51:04Z SERVER_SELF_CHECK   Program END 

Create log file
2012-10-19 06:51:05Z ODS_Recover_Lot 149 Lots Program Start
2012-10-19 06:51:05Z ODS_Recover_Lot 149 Lots Program END 

Create log file
2012-10-19 07:01:00ZArray_Photo Program Start
1450 log finish

2012-10-19 07:01:02ZArray_Photo Program End

Create log file
2012-10-19 07:03:00ZArray_test_repeat Program Start
2012-10-19 07:03:00ZArray_test_repeat Program End

Create log file
2012-10-19 07:31:52Z OEELH_fixed_data_Daily Program Start
2012-10-19 07:31:52Z OEELH_fixed_data_Daily Program END 

Create log file
2012-10-19 07:41:15Z oee_empaidxsummdaily_purge Program Start
2012-10-19 07:41:15Z oee_empaidxsummdaily_purge Program END 

Create log file
2012-10-19 07:42:11Z oee_empaidxsummhourly_purge Program Start
2012-10-19 07:42:11Z oee_empaidxsummhourly_purge Program END 

Create log file
2012-10-19 07:44:29Z oee_empastcount_purge Program Start
2012-10-19 07:44:29Z oee_empastcount_purge Program END 

Create log file
2012-10-19 07:50:06Z OEE_IS_Hourly_Check_alarm  Program Start
2012-10-19 07:50:06Z OEE_IS_Hourly_Check_alarm  Program END 

Create log file
2012-10-19 07:50:06Z ALCS_Hourly_Check_alarm  Program Start
2012-10-19 07:50:06Z ALCS_Hourly_Check_alarm  Program END 

Create log file
2012-10-19 07:50:08Z SERVER_SELF_CHECK   Program Start
2012-10-19 07:50:08Z SERVER_SELF_CHECK   Program END 

Create log file
2012-10-19 08:00:00Z Check_Onduty_Time From Onduty_dotnet2  Program Start
2012-10-19 08:00:00Z Check_Onduty_Time From Onduty_dotnet2  Program END 

Create log file
2012-10-19 08:01:00ZArray_Photo Program Start
2012-10-19 08:01:02ZArray_Photo Program End

Create log file
2012-10-19 08:03:00ZArray_test_repeat Program Start
2012-10-19 08:03:01ZArray_test_repeat Program End

Create log file
2012-10-19 08:30:00ZHoliday_inout_SMS Program Start
2012-10-19 08:30:00ZHoliday_Inout_SMS Program End

Create log file
2012-10-19 08:32:00ZOEE_EQP_SMS Program Start
2012-10-19 08:32:44ZOEE_EQP_SMS Program End

Create log file
2012-10-19 08:41:11Z oee_empaidxsummdaily_purge Program Start
2012-10-19 08:41:11Z oee_empaidxsummdaily_purge Program END 

Create log file
2012-10-19 08:42:10Z oee_empaidxsummhourly_purge Program Start
2012-10-19 08:42:10Z oee_empaidxsummhourly_purge Program END 

Create log file
2012-10-19 08:44:31Z oee_empastcount_purge Program Start
2012-10-19 08:44:31Z oee_empastcount_purge Program END 

Create log file
2012-10-19 08:45:00ZHoliday_inout_SMS_For_C2 Program Start
2012-10-19 08:45:09ZHoliday_Inout_SMS_For_C2 Program End

Create log file
2012-10-19 08:50:00Z OEE_IS_Hourly_Check_alarm  Program Start
2012-10-19 08:50:00Z OEE_IS_Hourly_Check_alarm  Program END 

Create log file
2012-10-19 08:50:00Z ALCS_Hourly_Check_alarm  Program Start
2012-10-19 08:50:00Z ALCS_Hourly_Check_alarm  Program END 

Create log file
2012-10-19 08:50:01Z SERVER_SELF_CHECK   Program Start
2012-10-19 08:50:01Z SERVER_SELF_CHECK   Program END 

Create log file
2012-10-19 09:01:01ZArray_Photo Program Start
2012-10-19 09:01:03ZArray_Photo Program End

Create log file
2012-10-19 09:03:00ZArray_test_repeat Program Start
2012-10-19 09:03:00ZArray_test_repeat Program End

Create log file
2012-10-19 09:30:00ZARY_HOLD_LOT Program Start
There are lots exceed process time for 24hrs, please check

There are lots exceed process time for 24hrs, please check

There are lots exceed process time for 24hrs, please check

There are lots exceed process time for 24hrs, please check

There are lots exceed process time for 24hrs, please check

There are lots exceed process time for 24hrs, please check

There are lots exceed process time for 24hrs, please check

There are lots exceed process time for 24hrs, please check

There are lots exceed process time for 24hrs, please check

There are lots exceed process time for 24hrs, please check

There are lots exceed process time for 24hrs, please check

There are lots exceed process time for 24hrs, please check

There are lots exceed process time for 24hrs, please check

There are lots exceed process time for 24hrs, please check

There are lots exceed process time for 24hrs, please check

2012-10-19 09:30:31ZARY_HOLD_LOT Program End

Create log file
2012-10-19 09:41:16Z oee_empaidxsummdaily_purge Program Start
2012-10-19 09:41:16Z oee_empaidxsummdaily_purge Program END 

Create log file
2012-10-19 09:42:07Z oee_empaidxsummhourly_purge Program Start
2012-10-19 09:42:07Z oee_empaidxsummhourly_purge Program END 

Create log file
2012-10-19 09:44:39Z oee_empastcount_purge Program Start
2012-10-19 09:44:39Z oee_empastcount_purge Program END 

Create log file
2012-10-19 09:50:00Z OEE_IS_Hourly_Check_alarm  Program Start
2012-10-19 09:50:00Z OEE_IS_Hourly_Check_alarm  Program END 

Create log file
2012-10-19 09:50:00Z ALCS_Hourly_Check_alarm  Program Start
2012-10-19 09:50:00Z ALCS_Hourly_Check_alarm  Program END 

Create log file
2012-10-19 09:50:01Z SERVER_SELF_CHECK   Program Start
2012-10-19 09:50:01Z SERVER_SELF_CHECK   Program END 

Create log file
2012-10-19 10:01:00ZArray_Photo Program Start
1450 log finish

2012-10-19 10:01:02ZArray_Photo Program End

Create log file
2012-10-19 10:03:00ZArray_test_repeat Program Start
2012-10-19 10:03:00ZArray_test_repeat Program End

Create log file
2012-10-19 10:41:18Z oee_empaidxsummdaily_purge Program Start
2012-10-19 10:41:18Z oee_empaidxsummdaily_purge Program END 

Create log file
2012-10-19 10:42:26Z oee_empaidxsummhourly_purge Program Start
2012-10-19 10:42:26Z oee_empaidxsummhourly_purge Program END 

Create log file
2012-10-19 10:44:33Z oee_empastcount_purge Program Start
2012-10-19 10:44:33Z oee_empastcount_purge Program END 

Create log file
2012-10-19 10:50:00Z OEE_IS_Hourly_Check_alarm  Program Start
2012-10-19 10:50:00Z OEE_IS_Hourly_Check_alarm  Program END 

Create log file
2012-10-19 10:50:00Z ALCS_Hourly_Check_alarm  Program Start
2012-10-19 10:50:00Z ALCS_Hourly_Check_alarm  Program END 

Create log file
2012-10-19 10:50:01Z SERVER_SELF_CHECK   Program Start
2012-10-19 10:50:01Z SERVER_SELF_CHECK   Program END 

Create log file
2012-10-19 11:01:00ZArray_Photo Program Start
2012-10-19 11:01:02ZArray_Photo Program End

Create log file
2012-10-19 11:03:00ZArray_test_repeat Program Start
2012-10-19 11:03:00ZArray_test_repeat Program End

Create log file
2012-10-19 11:40:00Z T1OEE Purge Program Start
2012-10-19 11:40:00Z T1OEE Purge Program END 

Create log file
2012-10-19 11:46:44Z oee_empaidxsummdaily_purge Program Start
2012-10-19 11:46:44Z oee_empaidxsummdaily_purge Program END 

Create log file
2012-10-19 11:47:42Z oee_empaidxsummhourly_purge Program Start
2012-10-19 11:47:42Z oee_empaidxsummhourly_purge Program END 

Create log file
2012-10-19 11:50:00Z OEE_IS_Hourly_Check_alarm  Program Start
2012-10-19 11:50:00Z OEE_IS_Hourly_Check_alarm  Program END 

Create log file
2012-10-19 11:50:00Z oee_empastcount_purge Program Start
2012-10-19 11:50:00Z oee_empastcount_purge Program END 

Create log file
2012-10-19 11:50:00Z ALCS_Hourly_Check_alarm  Program Start
2012-10-19 11:50:00Z ALCS_Hourly_Check_alarm  Program END 

Create log file
2012-10-19 11:50:01Z SERVER_SELF_CHECK   Program Start
2012-10-19 11:50:01Z SERVER_SELF_CHECK   Program END 

Create log file
2012-10-19 12:01:00ZArray_Photo Program Start
1150 log finish

1250 log finish

1450 log finish

2012-10-19 12:01:03ZArray_Photo Program End

Create log file
2012-10-19 12:03:00ZArray_test_repeat Program Start
2012-10-19 12:03:00ZArray_test_repeat Program End

Create log file
2012-10-19 12:41:18Z oee_empaidxsummdaily_purge Program Start
2012-10-19 12:41:18Z oee_empaidxsummdaily_purge Program END 

Create log file
2012-10-19 12:42:34Z oee_empaidxsummhourly_purge Program Start
2012-10-19 12:42:34Z oee_empaidxsummhourly_purge Program END 

Create log file
2012-10-19 12:44:38Z oee_empastcount_purge Program Start
2012-10-19 12:44:38Z oee_empastcount_purge Program END 

Create log file
2012-10-19 12:50:00Z OEE_IS_Hourly_Check_alarm  Program Start
2012-10-19 12:50:00Z OEE_IS_Hourly_Check_alarm  Program END 

Create log file
2012-10-19 12:50:00Z ALCS_Hourly_Check_alarm  Program Start
2012-10-19 12:50:00Z ALCS_Hourly_Check_alarm  Program END 

Create log file
2012-10-19 12:50:01Z SERVER_SELF_CHECK   Program Start
2012-10-19 12:50:01Z SERVER_SELF_CHECK   Program END 

Create log file
2012-10-19 13:01:00ZArray_Photo Program Start
1150 log finish

1250 log finish

1450 log finish

2012-10-19 13:01:03ZArray_Photo Program End

Create log file
2012-10-19 13:03:00ZArray_test_repeat Program Start
2012-10-19 13:03:00ZArray_test_repeat Program End

Create log file
2012-10-19 13:30:00ZARY_HOLD_LOT Program Start
There are lots exceed process time for 24hrs, please check

There are lots exceed process time for 24hrs, please check

There are lots exceed process time for 24hrs, please check

There are lots exceed process time for 24hrs, please check

There are lots exceed process time for 48hrs, please check

There are lots exceed process time for 24hrs, please check

There are lots exceed process time for 24hrs, please check

There are lots exceed process time for 48hrs, please check

There are lots exceed process time for 24hrs, please check

There are lots exceed process time for 24hrs, please check

There are lots exceed process time for 48hrs, please check

There are lots exceed process time for 24hrs, please check

There are lots exceed process time for 24hrs, please check

There are lots exceed process time for 48hrs, please check

There are lots exceed process time for 24hrs, please check

There are lots exceed process time for 24hrs, please check

There are lots exceed process time for 48hrs, please check

There are lots exceed process time for 24hrs, please check

There are lots exceed process time for 24hrs, please check

There are lots exceed process time for 48hrs, please check

There are lots exceed process time for 24hrs, please check

There are lots exceed process time for 24hrs, please check

There are lots exceed process time for 48hrs, please check

There are lots exceed process time for 24hrs, please check

There are lots exceed process time for 24hrs, please check

There are lots exceed process time for 48hrs, please check

There are lots exceed process time for 24hrs, please check

There are lots exceed process time for 24hrs, please check

There are lots exceed process time for 48hrs, please check

There are lots exceed process time for 24hrs, please check

There are lots exceed process time for 24hrs, please check

There are lots exceed process time for 48hrs, please check

There are lots exceed process time for 24hrs, please check

There are lots exceed process time for 24hrs, please check

There are lots exceed process time for 48hrs, please check

There are lots exceed process time for 24hrs, please check

There are lots exceed process time for 24hrs, please check

There are lots exceed process time for 48hrs, please check

There are lots exceed process time for 24hrs, please check

There are lots exceed process time for 24hrs, please check

There are lots exceed process time for 48hrs, please check

There are lots exceed process time for 24hrs, please check

2012-10-19 13:30:20ZARY_HOLD_LOT Program End

Create log file
2012-10-19 13:41:57Z oee_empaidxsummdaily_purge Program Start
2012-10-19 13:41:57Z oee_empaidxsummdaily_purge Program END 

Create log file
2012-10-19 13:42:27Z oee_empaidxsummhourly_purge Program Start
2012-10-19 13:42:27Z oee_empaidxsummhourly_purge Program END 

Create log file
2012-10-19 13:45:02Z oee_empastcount_purge Program Start
2012-10-19 13:45:02Z oee_empastcount_purge Program END 

Create log file
2012-10-19 13:50:00Z OEE_IS_Hourly_Check_alarm  Program Start
2012-10-19 13:50:00Z OEE_IS_Hourly_Check_alarm  Program END 

Create log file
2012-10-19 13:50:00Z ALCS_Hourly_Check_alarm  Program Start
2012-10-19 13:50:00Z ALCS_Hourly_Check_alarm  Program END 

Create log file
2012-10-19 13:50:01Z SERVER_SELF_CHECK   Program Start
2012-10-19 13:50:01Z SERVER_SELF_CHECK   Program END 

Create log file
2012-10-19 14:01:00ZArray_Photo Program Start
1150 log finish

1450 log finish

2012-10-19 14:01:02ZArray_Photo Program End

Create log file
2012-10-19 14:03:00ZArray_test_repeat Program Start
2012-10-19 14:03:01ZArray_test_repeat Program End

Create log file
2012-10-19 14:41:15Z oee_empaidxsummdaily_purge Program Start
2012-10-19 14:41:15Z oee_empaidxsummdaily_purge Program END 

Create log file
2012-10-19 14:41:44Z oee_empaidxsummhourly_purge Program Start
2012-10-19 14:41:44Z oee_empaidxsummhourly_purge Program END 

Create log file
2012-10-19 14:44:37Z oee_empastcount_purge Program Start
2012-10-19 14:44:37Z oee_empastcount_purge Program END 

Create log file
2012-10-19 14:50:00Z OEE_IS_Hourly_Check_alarm  Program Start
2012-10-19 14:50:00Z OEE_IS_Hourly_Check_alarm  Program END 

Create log file
2012-10-19 14:50:00Z ALCS_Hourly_Check_alarm  Program Start
2012-10-19 14:50:00Z ALCS_Hourly_Check_alarm  Program END 

Create log file
2012-10-19 14:50:01Z SERVER_SELF_CHECK   Program Start
2012-10-19 14:50:01Z SERVER_SELF_CHECK   Program END 

Create log file
2012-10-19 15:01:00ZArray_Photo Program Start
1150 log finish

1450 log finish

2012-10-19 15:01:03ZArray_Photo Program End

Create log file
2012-10-19 15:03:00ZArray_test_repeat Program Start
2012-10-19 15:03:01ZArray_test_repeat Program End

Create log file
2012-10-19 15:41:15Z oee_empaidxsummdaily_purge Program Start
2012-10-19 15:41:15Z oee_empaidxsummdaily_purge Program END 

Create log file
2012-10-19 15:41:41Z oee_empaidxsummhourly_purge Program Start
2012-10-19 15:41:41Z oee_empaidxsummhourly_purge Program END 

Create log file
2012-10-19 15:44:23Z oee_empastcount_purge Program Start
2012-10-19 15:44:23Z oee_empastcount_purge Program END 

Create log file
2012-10-19 15:50:00Z OEE_IS_Hourly_Check_alarm  Program Start
2012-10-19 15:50:00Z OEE_IS_Hourly_Check_alarm  Program END 

Create log file
2012-10-19 15:50:00Z ALCS_Hourly_Check_alarm  Program Start
2012-10-19 15:50:00Z ALCS_Hourly_Check_alarm  Program END 

Create log file
2012-10-19 15:50:01Z SERVER_SELF_CHECK   Program Start
2012-10-19 15:50:01Z SERVER_SELF_CHECK   Program END 

Create log file
2012-10-19 16:01:00ZArray_Photo Program Start
1150 log finish

1450 log finish

2012-10-19 16:01:03ZArray_Photo Program End

Create log file
2012-10-19 16:03:00ZArray_test_repeat Program Start
2012-10-19 16:03:01ZArray_test_repeat Program End

Create log file
2012-10-19 16:41:16Z oee_empaidxsummdaily_purge Program Start
2012-10-19 16:41:16Z oee_empaidxsummdaily_purge Program END 

Create log file
2012-10-19 16:41:41Z oee_empaidxsummhourly_purge Program Start
2012-10-19 16:41:41Z oee_empaidxsummhourly_purge Program END 

Create log file
2012-10-19 16:44:26Z oee_empastcount_purge Program Start
2012-10-19 16:44:26Z oee_empastcount_purge Program END 

Create log file
2012-10-19 16:50:00Z OEE_IS_Hourly_Check_alarm  Program Start
2012-10-19 16:50:00Z OEE_IS_Hourly_Check_alarm  Program END 

Create log file
2012-10-19 16:50:00Z ALCS_Hourly_Check_alarm  Program Start
2012-10-19 16:50:00Z ALCS_Hourly_Check_alarm  Program END 

Create log file
2012-10-19 16:50:01Z SERVER_SELF_CHECK   Program Start
2012-10-19 16:50:01Z SERVER_SELF_CHECK   Program END 

Create log file
2012-10-19 17:01:00ZArray_Photo Program Start
1150 log finish

1450 log finish

2012-10-19 17:01:03ZArray_Photo Program End

Create log file
2012-10-19 17:03:00ZArray_test_repeat Program Start
2012-10-19 17:03:01ZArray_test_repeat Program End

Create log file
2012-10-19 17:30:00ZARY_HOLD_LOT Program Start
There are lots exceed process time for 24hrs, please check

There are lots exceed process time for 24hrs, please check

There are lots exceed process time for 24hrs, please check

There are lots exceed process time for 24hrs, please check

There are lots exceed process time for 24hrs, please check

There are lots exceed process time for 24hrs, please check

There are lots exceed process time for 24hrs, please check

There are lots exceed process time for 24hrs, please check

There are lots exceed process time for 24hrs, please check

There are lots exceed process time for 24hrs, please check

There are lots exceed process time for 24hrs, please check

There are lots exceed process time for 24hrs, please check

There are lots exceed process time for 24hrs, please check

There are lots exceed process time for 24hrs, please check

There are lots exceed process time for 24hrs, please check

There are lots exceed process time for 24hrs, please check

2012-10-19 17:30:17ZARY_HOLD_LOT Program End

Create log file
2012-10-19 17:41:20Z oee_empaidxsummdaily_purge Program Start
2012-10-19 17:41:20Z oee_empaidxsummdaily_purge Program END 

Create log file
2012-10-19 17:41:42Z oee_empaidxsummhourly_purge Program Start
2012-10-19 17:41:42Z oee_empaidxsummhourly_purge Program END 

Create log file
2012-10-19 17:44:27Z oee_empastcount_purge Program Start
2012-10-19 17:44:27Z oee_empastcount_purge Program END 

Create log file
2012-10-19 17:50:00Z OEE_IS_Hourly_Check_alarm  Program Start
2012-10-19 17:50:00Z OEE_IS_Hourly_Check_alarm  Program END 

Create log file
2012-10-19 17:50:02Z ALCS_Hourly_Check_alarm  Program Start
2012-10-19 17:50:02Z ALCS_Hourly_Check_alarm  Program END 

Create log file
2012-10-19 17:50:03Z SERVER_SELF_CHECK   Program Start
2012-10-19 17:50:03Z SERVER_SELF_CHECK   Program END 

Create log file
2012-10-19 18:01:00ZArray_Photo Program Start
1150 log finish

1450 log finish

2012-10-19 18:01:02ZArray_Photo Program End

Create log file
2012-10-19 18:03:00ZArray_test_repeat Program Start
2012-10-19 18:03:01ZArray_test_repeat Program End

Create log file
2012-10-19 18:41:18Z oee_empaidxsummdaily_purge Program Start
2012-10-19 18:41:18Z oee_empaidxsummdaily_purge Program END 

Create log file
2012-10-19 18:41:47Z oee_empaidxsummhourly_purge Program Start
2012-10-19 18:41:47Z oee_empaidxsummhourly_purge Program END 

Create log file
2012-10-19 18:44:34Z oee_empastcount_purge Program Start
2012-10-19 18:44:34Z oee_empastcount_purge Program END 

Create log file
2012-10-19 18:50:00Z OEE_IS_Hourly_Check_alarm  Program Start
2012-10-19 18:50:00Z OEE_IS_Hourly_Check_alarm  Program END 

Create log file
2012-10-19 18:50:00Z ALCS_Hourly_Check_alarm  Program Start
2012-10-19 18:50:00Z ALCS_Hourly_Check_alarm  Program END 

Create log file
2012-10-19 18:50:01Z SERVER_SELF_CHECK   Program Start
2012-10-19 18:50:01Z SERVER_SELF_CHECK   Program END 

Create log file
2012-10-19 19:01:00ZArray_Photo Program Start
1150 log finish

1450 log finish

2012-10-19 19:01:02ZArray_Photo Program End

Create log file
2012-10-19 19:03:00ZArray_test_repeat Program Start
2012-10-19 19:03:00ZArray_test_repeat Program End

Create log file
2012-10-19 19:41:18Z oee_empaidxsummdaily_purge Program Start
2012-10-19 19:41:18Z oee_empaidxsummdaily_purge Program END 

Create log file
2012-10-19 19:41:45Z oee_empaidxsummhourly_purge Program Start
2012-10-19 19:41:45Z oee_empaidxsummhourly_purge Program END 

Create log file
2012-10-19 19:44:25Z oee_empastcount_purge Program Start
2012-10-19 19:44:25Z oee_empastcount_purge Program END 

Create log file
2012-10-19 19:50:00Z OEE_IS_Hourly_Check_alarm  Program Start
2012-10-19 19:50:00Z OEE_IS_Hourly_Check_alarm  Program END 

Create log file
2012-10-19 19:50:01Z ALCS_Hourly_Check_alarm  Program Start
2012-10-19 19:50:01Z ALCS_Hourly_Check_alarm  Program END 

Create log file
2012-10-19 19:50:03Z SERVER_SELF_CHECK   Program Start
2012-10-19 19:50:03Z SERVER_SELF_CHECK   Program END 

Create log file
2012-10-19 20:01:00ZArray_Photo Program Start
1450 log finish

1650 log finish

2012-10-19 20:01:03ZArray_Photo Program End

Create log file
2012-10-19 20:03:00ZArray_test_repeat Program Start
2012-10-19 20:03:00ZArray_test_repeat Program End

Create log file
2012-10-19 20:41:16Z oee_empaidxsummdaily_purge Program Start
2012-10-19 20:41:16Z oee_empaidxsummdaily_purge Program END 

Create log file
2012-10-19 20:41:43Z oee_empaidxsummhourly_purge Program Start
2012-10-19 20:41:43Z oee_empaidxsummhourly_purge Program END 

Create log file
2012-10-19 20:44:25Z oee_empastcount_purge Program Start
2012-10-19 20:44:25Z oee_empastcount_purge Program END 

Create log file
2012-10-19 20:50:00Z OEE_IS_Hourly_Check_alarm  Program Start
2012-10-19 20:50:00Z OEE_IS_Hourly_Check_alarm  Program END 

Create log file
2012-10-19 20:50:00Z ALCS_Hourly_Check_alarm  Program Start
2012-10-19 20:50:00Z ALCS_Hourly_Check_alarm  Program END 

Create log file
2012-10-19 20:50:02Z SERVER_SELF_CHECK   Program Start
2012-10-19 20:50:02Z SERVER_SELF_CHECK   Program END 

Create log file
2012-10-19 21:01:00ZArray_Photo Program Start
1250 log finish

1450 log finish

2012-10-19 21:01:03ZArray_Photo Program End

Create log file
2012-10-19 21:03:00ZArray_test_repeat Program Start
2012-10-19 21:03:00ZArray_test_repeat Program End

Create log file
2012-10-19 21:30:00ZARY_HOLD_LOT Program Start
There are lots exceed process time for 24hrs, please check

There are lots exceed process time for 24hrs, please check

There are lots exceed process time for 24hrs, please check

There are lots exceed process time for 24hrs, please check

There are lots exceed process time for 24hrs, please check

There are lots exceed process time for 24hrs, please check

There are lots exceed process time for 24hrs, please check

There are lots exceed process time for 24hrs, please check

There are lots exceed process time for 24hrs, please check

There are lots exceed process time for 24hrs, please check

There are lots exceed process time for 24hrs, please check

There are lots exceed process time for 24hrs, please check

There are lots exceed process time for 24hrs, please check

There are lots exceed process time for 24hrs, please check

There are lots exceed process time for 24hrs, please check

2012-10-19 21:30:15ZARY_HOLD_LOT Program End

Create log file
2012-10-19 21:41:16Z oee_empaidxsummdaily_purge Program Start
2012-10-19 21:41:16Z oee_empaidxsummdaily_purge Program END 

Create log file
2012-10-19 21:41:42Z oee_empaidxsummhourly_purge Program Start
2012-10-19 21:41:42Z oee_empaidxsummhourly_purge Program END 

Create log file
2012-10-19 21:44:25Z oee_empastcount_purge Program Start
2012-10-19 21:44:25Z oee_empastcount_purge Program END 

Create log file
2012-10-19 21:50:00Z OEE_IS_Hourly_Check_alarm  Program Start
2012-10-19 21:50:00Z OEE_IS_Hourly_Check_alarm  Program END 

Create log file
2012-10-19 21:50:00Z ALCS_Hourly_Check_alarm  Program Start
2012-10-19 21:50:00Z ALCS_Hourly_Check_alarm  Program END 

Create log file
2012-10-19 21:50:01Z SERVER_SELF_CHECK   Program Start
2012-10-19 21:50:01Z SERVER_SELF_CHECK   Program END 

Create log file
2012-10-19 22:00:00ZSERVER_SMS_TEST Program Start
SMS log finish

2012-10-19 22:00:00ZSERVER_SMS_TEST Program End

Create log file
2012-10-19 22:01:00ZArray_Photo Program Start
1450 log finish

2012-10-19 22:01:03ZArray_Photo Program End

Create log file
2012-10-19 22:03:00ZArray_test_repeat Program Start
2012-10-19 22:03:00ZArray_test_repeat Program End

Create log file
2012-10-19 22:41:16Z oee_empaidxsummdaily_purge Program Start
2012-10-19 22:41:16Z oee_empaidxsummdaily_purge Program END 

Create log file
2012-10-19 22:41:42Z oee_empaidxsummhourly_purge Program Start
2012-10-19 22:41:42Z oee_empaidxsummhourly_purge Program END 

Create log file
2012-10-19 22:45:29Z oee_empastcount_purge Program Start
2012-10-19 22:45:29Z oee_empastcount_purge Program END 

Create log file
2012-10-19 22:50:00Z OEE_IS_Hourly_Check_alarm  Program Start
2012-10-19 22:50:00Z OEE_IS_Hourly_Check_alarm  Program END 

Create log file
2012-10-19 22:50:04Z ALCS_Hourly_Check_alarm  Program Start
2012-10-19 22:50:04Z ALCS_Hourly_Check_alarm  Program END 

Create log file
2012-10-19 22:50:04Z SERVER_SELF_CHECK   Program Start
2012-10-19 22:50:04Z SERVER_SELF_CHECK   Program END 

Create log file
2012-10-19 23:01:00ZArray_Photo Program Start
1450 log finish

2012-10-19 23:01:03ZArray_Photo Program End

Create log file
2012-10-19 23:03:00ZArray_test_repeat Program Start
2012-10-19 23:03:00ZArray_test_repeat Program End

Create log file
2012-10-19 23:41:16Z oee_empaidxsummdaily_purge Program Start
2012-10-19 23:41:16Z oee_empaidxsummdaily_purge Program END 

Create log file
2012-10-19 23:41:53Z oee_empaidxsummhourly_purge Program Start
2012-10-19 23:41:53Z oee_empaidxsummhourly_purge Program END 

Create log file
2012-10-19 23:44:41Z oee_empastcount_purge Program Start
2012-10-19 23:44:41Z oee_empastcount_purge Program END 

Create log file
2012-10-19 23:50:00Z OEE_IS_Hourly_Check_alarm  Program Start
2012-10-19 23:50:00Z OEE_IS_Hourly_Check_alarm  Program END 

Create log file
2012-10-19 23:50:00Z ALCS_Hourly_Check_alarm  Program Start
2012-10-19 23:50:00Z ALCS_Hourly_Check_alarm  Program END 

Create log file
2012-10-19 23:50:01Z SERVER_SELF_CHECK   Program Start
2012-10-19 23:50:01Z SERVER_SELF_CHECK   Program END 

