Create log file
2012-11-06 00:01:00ZArray_Photo Program Start
1350 log finish

2012-11-06 00:01:03ZArray_Photo Program End

Create log file
2012-11-06 00:03:01ZArray_test_repeat Program Start
2012-11-06 00:03:02ZArray_test_repeat Program End

Create log file
2012-11-06 00:10:00Z T0T1 InnoView Add User Program Start
2012-11-06 00:10:00Z T0T1 InnoView Add User Program END 

Create log file
2012-11-06 00:20:14Z VPNLOG_PARSER Program Start
2012-11-06 00:20:14Z VPNLOG_PARSER Program END 

Create log file
2012-11-06 00:30:00Z T0/T1 RealTimeDept Program Start
2012-11-06 00:30:00Z T0/T1 RealTimeDept Program END 

Create log file
2012-11-06 00:41:45Z oee_empaidxsummdaily_purge Program Start
2012-11-06 00:41:45Z oee_empaidxsummdaily_purge Program END 

Create log file
2012-11-06 00:42:43Z oee_empaidxsummhourly_purge Program Start
2012-11-06 00:42:43Z oee_empaidxsummhourly_purge Program END 

Create log file
2012-11-06 00:46:57Z oee_empastcount_purge Program Start
2012-11-06 00:46:57Z oee_empastcount_purge Program END 

Create log file
2012-11-06 00:50:00Z OEE_IS_Hourly_Check_alarm  Program Start
2012-11-06 00:50:00Z OEE_IS_Hourly_Check_alarm  Program END 

Create log file
2012-11-06 00:50:01Z ALCS_Hourly_Check_alarm  Program Start
2012-11-06 00:50:01Z ALCS_Hourly_Check_alarm  Program END 

Create log file
2012-11-06 00:50:04Z SERVER_SELF_CHECK   Program Start
2012-11-06 00:50:04Z SERVER_SELF_CHECK   Program END 

Create log file
2012-11-06 01:01:00ZArray_Photo Program Start
1250 log finish

1350 log finish

2012-11-06 01:01:03ZArray_Photo Program End

Create log file
2012-11-06 01:03:00ZArray_test_repeat Program Start
2012-11-06 01:03:00ZArray_test_repeat Program End

Create log file
2012-11-06 01:30:00ZARY_HOLD_LOT Program Start
There are lots exceed process time for 24hrs, please check

There are lots exceed process time for 24hrs, please check

There are lots exceed process time for 24hrs, please check

There are lots exceed process time for 24hrs, please check

There are lots exceed process time for 24hrs, please check

There are lots exceed process time for 24hrs, please check

There are lots exceed process time for 24hrs, please check

There are lots exceed process time for 24hrs, please check

There are lots exceed process time for 24hrs, please check

There are lots exceed process time for 24hrs, please check

There are lots exceed process time for 24hrs, please check

There are lots exceed process time for 24hrs, please check

There are lots exceed process time for 24hrs, please check

There are lots exceed process time for 24hrs, please check

There are lots exceed process time for 24hrs, please check

There are lots exceed process time for 24hrs, please check

There are lots exceed process time for 24hrs, please check

There are lots exceed process time for 24hrs, please check

2012-11-06 01:30:25ZARY_HOLD_LOT Program End

Create log file
2012-11-06 01:41:20Z oee_empaidxsummdaily_purge Program Start
2012-11-06 01:41:20Z oee_empaidxsummdaily_purge Program END 

Create log file
2012-11-06 01:42:17Z oee_empaidxsummhourly_purge Program Start
2012-11-06 01:42:17Z oee_empaidxsummhourly_purge Program END 

Create log file
2012-11-06 01:44:34Z oee_empastcount_purge Program Start
2012-11-06 01:44:34Z oee_empastcount_purge Program END 

Create log file
2012-11-06 01:50:00Z OEE_IS_Hourly_Check_alarm  Program Start
2012-11-06 01:50:00Z OEE_IS_Hourly_Check_alarm  Program END 

Create log file
2012-11-06 01:50:01Z ALCS_Hourly_Check_alarm  Program Start
2012-11-06 01:50:01Z ALCS_Hourly_Check_alarm  Program END 

Create log file
2012-11-06 01:50:02Z SERVER_SELF_CHECK   Program Start
2012-11-06 01:50:02Z SERVER_SELF_CHECK   Program END 

Create log file
2012-11-06 02:01:00ZArray_Photo Program Start
1150 log finish

1250 log finish

2012-11-06 02:01:03ZArray_Photo Program End

Create log file
2012-11-06 02:03:00ZArray_test_repeat Program Start
2012-11-06 02:03:00ZArray_test_repeat Program End

Create log file
2012-11-06 02:41:17Z oee_empaidxsummdaily_purge Program Start
2012-11-06 02:41:17Z oee_empaidxsummdaily_purge Program END 

Create log file
2012-11-06 02:42:06Z oee_empaidxsummhourly_purge Program Start
2012-11-06 02:42:06Z oee_empaidxsummhourly_purge Program END 

Create log file
2012-11-06 02:44:28Z oee_empastcount_purge Program Start
2012-11-06 02:44:28Z oee_empastcount_purge Program END 

Create log file
2012-11-06 02:50:00Z OEE_IS_Hourly_Check_alarm  Program Start
2012-11-06 02:50:00Z OEE_IS_Hourly_Check_alarm  Program END 

Create log file
2012-11-06 02:50:01Z ALCS_Hourly_Check_alarm  Program Start
2012-11-06 02:50:01Z ALCS_Hourly_Check_alarm  Program END 

Create log file
2012-11-06 02:50:02Z SERVER_SELF_CHECK   Program Start
2012-11-06 02:50:02Z SERVER_SELF_CHECK   Program END 

Create log file
2012-11-06 03:01:00ZArray_Photo Program Start
1150 log finish

2012-11-06 03:01:03ZArray_Photo Program End

Create log file
2012-11-06 03:03:00ZArray_test_repeat Program Start
2012-11-06 03:03:00ZArray_test_repeat Program End

Create log file
2012-11-06 03:41:17Z oee_empaidxsummdaily_purge Program Start
2012-11-06 03:41:17Z oee_empaidxsummdaily_purge Program END 

Create log file
2012-11-06 03:42:08Z oee_empaidxsummhourly_purge Program Start
2012-11-06 03:42:08Z oee_empaidxsummhourly_purge Program END 

Create log file
2012-11-06 03:44:30Z oee_empastcount_purge Program Start
2012-11-06 03:44:30Z oee_empastcount_purge Program END 

Create log file
2012-11-06 03:50:00Z OEE_IS_Hourly_Check_alarm  Program Start
2012-11-06 03:50:00Z OEE_IS_Hourly_Check_alarm  Program END 

Create log file
2012-11-06 03:50:01Z ALCS_Hourly_Check_alarm  Program Start
2012-11-06 03:50:01Z ALCS_Hourly_Check_alarm  Program END 

Create log file
2012-11-06 03:50:02Z SERVER_SELF_CHECK   Program Start
2012-11-06 03:50:02Z SERVER_SELF_CHECK   Program END 

Create log file
2012-11-06 04:01:00ZArray_Photo Program Start
1450 log finish

2012-11-06 04:01:04ZArray_Photo Program End

Create log file
2012-11-06 04:03:00ZArray_test_repeat Program Start
2012-11-06 04:03:00ZArray_test_repeat Program End

Create log file
2012-11-06 04:41:25Z oee_empaidxsummdaily_purge Program Start
2012-11-06 04:41:25Z oee_empaidxsummdaily_purge Program END 

Create log file
2012-11-06 04:42:15Z oee_empaidxsummhourly_purge Program Start
2012-11-06 04:42:15Z oee_empaidxsummhourly_purge Program END 

Create log file
2012-11-06 04:44:28Z oee_empastcount_purge Program Start
2012-11-06 04:44:28Z oee_empastcount_purge Program END 

Create log file
2012-11-06 04:50:00Z OEE_IS_Hourly_Check_alarm  Program Start
2012-11-06 04:50:00Z OEE_IS_Hourly_Check_alarm  Program END 

Create log file
2012-11-06 04:50:00Z ALCS_Hourly_Check_alarm  Program Start
2012-11-06 04:50:00Z ALCS_Hourly_Check_alarm  Program END 

Create log file
2012-11-06 04:50:01Z SERVER_SELF_CHECK   Program Start
2012-11-06 04:50:01Z SERVER_SELF_CHECK   Program END 

Create log file
2012-11-06 05:01:00ZArray_Photo Program Start
2012-11-06 05:01:04ZArray_Photo Program End

Create log file
2012-11-06 05:03:00ZArray_test_repeat Program Start
2012-11-06 05:03:00ZArray_test_repeat Program End

Create log file
2012-11-06 05:30:00ZARY_HOLD_LOT Program Start
There are lots exceed process time for 24hrs, please check

There are lots exceed process time for 24hrs, please check

There are lots exceed process time for 24hrs, please check

There are lots exceed process time for 24hrs, please check

There are lots exceed process time for 24hrs, please check

There are lots exceed process time for 24hrs, please check

There are lots exceed process time for 24hrs, please check

There are lots exceed process time for 24hrs, please check

There are lots exceed process time for 24hrs, please check

There are lots exceed process time for 24hrs, please check

There are lots exceed process time for 24hrs, please check

There are lots exceed process time for 24hrs, please check

There are lots exceed process time for 24hrs, please check

There are lots exceed process time for 24hrs, please check

There are lots exceed process time for 24hrs, please check

There are lots exceed process time for 24hrs, please check

There are lots exceed process time for 24hrs, please check

There are lots exceed process time for 24hrs, please check

2012-11-06 05:30:28ZARY_HOLD_LOT Program End

Create log file
2012-11-06 05:41:20Z oee_empaidxsummdaily_purge Program Start
2012-11-06 05:41:20Z oee_empaidxsummdaily_purge Program END 

Create log file
2012-11-06 05:42:21Z oee_empaidxsummhourly_purge Program Start
2012-11-06 05:42:21Z oee_empaidxsummhourly_purge Program END 

Create log file
2012-11-06 05:44:29Z oee_empastcount_purge Program Start
2012-11-06 05:44:29Z oee_empastcount_purge Program END 

Create log file
2012-11-06 05:50:00Z OEE_IS_Hourly_Check_alarm  Program Start
2012-11-06 05:50:00Z OEE_IS_Hourly_Check_alarm  Program END 

Create log file
2012-11-06 05:50:00Z ALCS_Hourly_Check_alarm  Program Start
2012-11-06 05:50:00Z ALCS_Hourly_Check_alarm  Program END 

Create log file
2012-11-06 05:50:01Z SERVER_SELF_CHECK   Program Start
2012-11-06 05:50:01Z SERVER_SELF_CHECK   Program END 

Create log file
2012-11-06 06:01:00ZArray_Photo Program Start
1450 log finish

2012-11-06 06:01:03ZArray_Photo Program End

Create log file
2012-11-06 06:03:00ZArray_test_repeat Program Start
2012-11-06 06:03:01ZArray_test_repeat Program End

Create log file
2012-11-06 06:41:25Z oee_empaidxsummdaily_purge Program Start
2012-11-06 06:41:25Z oee_empaidxsummdaily_purge Program END 

Create log file
2012-11-06 06:42:14Z oee_empaidxsummhourly_purge Program Start
2012-11-06 06:42:14Z oee_empaidxsummhourly_purge Program END 

Create log file
2012-11-06 06:44:27Z oee_empastcount_purge Program Start
2012-11-06 06:44:27Z oee_empastcount_purge Program END 

Create log file
2012-11-06 06:51:02Z OEE_IS_Hourly_Check_alarm  Program Start
2012-11-06 06:51:02Z OEE_IS_Hourly_Check_alarm  Program END 

Create log file
2012-11-06 06:51:03Z ALCS_Hourly_Check_alarm  Program Start
2012-11-06 06:51:03Z ALCS_Hourly_Check_alarm  Program END 

Create log file
2012-11-06 06:51:04Z SERVER_SELF_CHECK   Program Start
2012-11-06 06:51:04Z SERVER_SELF_CHECK   Program END 

Create log file
2012-11-06 06:51:14Z ODS_Recover_Lot 160 Lots Program Start
2012-11-06 06:51:14Z ODS_Recover_Lot 160 Lots Program END 

Create log file
2012-11-06 07:01:00ZArray_Photo Program Start
1450 log finish

2012-11-06 07:01:03ZArray_Photo Program End

Create log file
2012-11-06 07:03:00ZArray_test_repeat Program Start
2012-11-06 07:03:01ZArray_test_repeat Program End

Create log file
2012-11-06 07:41:19Z oee_empaidxsummdaily_purge Program Start
2012-11-06 07:41:19Z oee_empaidxsummdaily_purge Program END 

Create log file
2012-11-06 07:42:27Z oee_empaidxsummhourly_purge Program Start
2012-11-06 07:42:27Z oee_empaidxsummhourly_purge Program END 

Create log file
2012-11-06 07:44:34Z oee_empastcount_purge Program Start
2012-11-06 07:44:34Z oee_empastcount_purge Program END 

Create log file
2012-11-06 07:50:07Z OEE_IS_Hourly_Check_alarm  Program Start
2012-11-06 07:50:07Z OEE_IS_Hourly_Check_alarm  Program END 

Create log file
2012-11-06 07:50:08Z ALCS_Hourly_Check_alarm  Program Start
2012-11-06 07:50:08Z ALCS_Hourly_Check_alarm  Program END 

Create log file
2012-11-06 07:50:12Z SERVER_SELF_CHECK   Program Start
2012-11-06 07:50:12Z SERVER_SELF_CHECK   Program END 

Create log file
2012-11-06 08:00:00Z Check_Onduty_Time From Onduty_dotnet2  Program Start
2012-11-06 08:00:00Z Check_Onduty_Time From Onduty_dotnet2  Program END 

Create log file
2012-11-06 08:01:00ZArray_Photo Program Start
1450 log finish

1650 log finish

2012-11-06 08:01:04ZArray_Photo Program End

Create log file
2012-11-06 08:03:00ZArray_test_repeat Program Start
2012-11-06 08:03:00ZArray_test_repeat Program End

Create log file
2012-11-06 08:30:00ZHoliday_inout_SMS Program Start
2012-11-06 08:30:00ZHoliday_Inout_SMS Program End

Create log file
2012-11-06 08:32:00ZOEE_EQP_SMS Program Start
2012-11-06 08:32:42ZOEE_EQP_SMS Program End

Create log file
2012-11-06 08:41:06Z oee_empaidxsummdaily_purge Program Start
2012-11-06 08:41:06Z oee_empaidxsummdaily_purge Program END 

Create log file
2012-11-06 08:42:07Z oee_empaidxsummhourly_purge Program Start
2012-11-06 08:42:07Z oee_empaidxsummhourly_purge Program END 

Create log file
2012-11-06 08:44:28Z oee_empastcount_purge Program Start
2012-11-06 08:44:28Z oee_empastcount_purge Program END 

Create log file
2012-11-06 08:45:00ZHoliday_inout_SMS_For_C2 Program Start
2012-11-06 08:45:13ZHoliday_Inout_SMS_For_C2 Program End

Create log file
2012-11-06 08:50:00Z OEE_IS_Hourly_Check_alarm  Program Start
2012-11-06 08:50:00Z OEE_IS_Hourly_Check_alarm  Program END 

Create log file
2012-11-06 08:50:01Z PDS_Hourly_Check_Alarm log finish Program Start
2012-11-06 08:50:01Z PDS_Hourly_Check_Alarm log finish Program END 

Create log file
2012-11-06 08:50:01Z PDS_Hourly_Check_Alarm log finish Program Start
2012-11-06 08:50:01Z PDS_Hourly_Check_Alarm log finish Program END 

Create log file
2012-11-06 08:50:01Z ALCS_Hourly_Check_alarm  Program Start
2012-11-06 08:50:01Z ALCS_Hourly_Check_alarm  Program END 

Create log file
2012-11-06 08:50:02Z SERVER_SELF_CHECK   Program Start
2012-11-06 08:50:02Z SERVER_SELF_CHECK   Program END 

Create log file
2012-11-06 09:01:02ZArray_Photo Program Start
1450 log finish

1650 log finish

2012-11-06 09:01:05ZArray_Photo Program End

Create log file
2012-11-06 09:03:00ZArray_test_repeat Program Start
2012-11-06 09:03:00ZArray_test_repeat Program End

Create log file
2012-11-06 09:30:00ZARY_HOLD_LOT Program Start
There are lots exceed process time for 24hrs, please check

There are lots exceed process time for 24hrs, please check

There are lots exceed process time for 24hrs, please check

There are lots exceed process time for 24hrs, please check

There are lots exceed process time for 24hrs, please check

There are lots exceed process time for 24hrs, please check

There are lots exceed process time for 24hrs, please check

There are lots exceed process time for 24hrs, please check

There are lots exceed process time for 24hrs, please check

There are lots exceed process time for 24hrs, please check

There are lots exceed process time for 24hrs, please check

There are lots exceed process time for 24hrs, please check

There are lots exceed process time for 24hrs, please check

There are lots exceed process time for 24hrs, please check

There are lots exceed process time for 24hrs, please check

There are lots exceed process time for 24hrs, please check

There are lots exceed process time for 24hrs, please check

There are lots exceed process time for 24hrs, please check

2012-11-06 09:30:35ZARY_HOLD_LOT Program End

Create log file
2012-11-06 09:41:21Z oee_empaidxsummdaily_purge Program Start
2012-11-06 09:41:21Z oee_empaidxsummdaily_purge Program END 

Create log file
2012-11-06 09:42:36Z oee_empaidxsummhourly_purge Program Start
2012-11-06 09:42:36Z oee_empaidxsummhourly_purge Program END 

Create log file
2012-11-06 09:44:51Z oee_empastcount_purge Program Start
2012-11-06 09:44:51Z oee_empastcount_purge Program END 

Create log file
2012-11-06 09:50:00Z OEE_IS_Hourly_Check_alarm  Program Start
2012-11-06 09:50:00Z OEE_IS_Hourly_Check_alarm  Program END 

Create log file
2012-11-06 09:50:01Z ALCS_Hourly_Check_alarm  Program Start
2012-11-06 09:50:01Z ALCS_Hourly_Check_alarm  Program END 

Create log file
2012-11-06 09:50:02Z SERVER_SELF_CHECK   Program Start
2012-11-06 09:50:02Z SERVER_SELF_CHECK   Program END 

Create log file
2012-11-06 10:01:00ZArray_Photo Program Start
1350 log finish

1650 log finish

2012-11-06 10:01:03ZArray_Photo Program End

Create log file
2012-11-06 10:03:00ZArray_test_repeat Program Start
2012-11-06 10:03:00ZArray_test_repeat Program End

Create log file
2012-11-06 10:41:25Z oee_empaidxsummdaily_purge Program Start
2012-11-06 10:41:25Z oee_empaidxsummdaily_purge Program END 

Create log file
2012-11-06 10:42:34Z oee_empaidxsummhourly_purge Program Start
2012-11-06 10:42:34Z oee_empaidxsummhourly_purge Program END 

Create log file
2012-11-06 10:44:42Z oee_empastcount_purge Program Start
2012-11-06 10:44:42Z oee_empastcount_purge Program END 

Create log file
2012-11-06 10:50:00Z OEE_IS_Hourly_Check_alarm  Program Start
2012-11-06 10:50:00Z OEE_IS_Hourly_Check_alarm  Program END 

Create log file
2012-11-06 10:50:01Z PDS_Hourly_Check_Alarm log finish Program Start
2012-11-06 10:50:01Z PDS_Hourly_Check_Alarm log finish Program END 

Create log file
2012-11-06 10:50:01Z PDS_Hourly_Check_Alarm log finish Program Start
2012-11-06 10:50:01Z PDS_Hourly_Check_Alarm log finish Program END 

Create log file
2012-11-06 10:50:01Z ALCS_Hourly_Check_alarm  Program Start
2012-11-06 10:50:01Z ALCS_Hourly_Check_alarm  Program END 

Create log file
2012-11-06 10:50:01Z SERVER_SELF_CHECK   Program Start
2012-11-06 10:50:01Z SERVER_SELF_CHECK   Program END 

Create log file
2012-11-06 11:01:00ZArray_Photo Program Start
1350 log finish

2012-11-06 11:01:04ZArray_Photo Program End

Create log file
2012-11-06 11:03:00ZArray_test_repeat Program Start
2012-11-06 11:03:00ZArray_test_repeat Program End

Create log file
2012-11-06 11:40:00Z T1OEE Purge Program Start
2012-11-06 11:40:00Z T1OEE Purge Program END 

Create log file
2012-11-06 11:41:16Z oee_empaidxsummdaily_purge Program Start
2012-11-06 11:41:16Z oee_empaidxsummdaily_purge Program END 

Create log file
2012-11-06 11:42:27Z oee_empaidxsummhourly_purge Program Start
2012-11-06 11:42:27Z oee_empaidxsummhourly_purge Program END 

Create log file
2012-11-06 11:45:00Z oee_empastcount_purge Program Start
2012-11-06 11:45:00Z oee_empastcount_purge Program END 

Create log file
2012-11-06 11:50:00Z OEE_IS_Hourly_Check_alarm  Program Start
2012-11-06 11:50:00Z OEE_IS_Hourly_Check_alarm  Program END 

Create log file
2012-11-06 11:50:00Z ALCS_Hourly_Check_alarm  Program Start
2012-11-06 11:50:00Z ALCS_Hourly_Check_alarm  Program END 

Create log file
2012-11-06 11:50:01Z SERVER_SELF_CHECK   Program Start
2012-11-06 11:50:01Z SERVER_SELF_CHECK   Program END 

Create log file
2012-11-06 12:01:00ZArray_Photo Program Start
1350 log finish

1450 log finish

2012-11-06 12:01:06ZArray_Photo Program End

Create log file
2012-11-06 12:03:00ZArray_test_repeat Program Start
2012-11-06 12:03:00ZArray_test_repeat Program End

Create log file
2012-11-06 12:41:21Z oee_empaidxsummdaily_purge Program Start
2012-11-06 12:41:21Z oee_empaidxsummdaily_purge Program END 

Create log file
2012-11-06 12:42:20Z oee_empaidxsummhourly_purge Program Start
2012-11-06 12:42:20Z oee_empaidxsummhourly_purge Program END 

Create log file
2012-11-06 12:44:36Z oee_empastcount_purge Program Start
2012-11-06 12:44:36Z oee_empastcount_purge Program END 

Create log file
2012-11-06 12:50:00Z OEE_IS_Hourly_Check_alarm  Program Start
2012-11-06 12:50:00Z OEE_IS_Hourly_Check_alarm  Program END 

Create log file
2012-11-06 12:50:00Z ALCS_Hourly_Check_alarm  Program Start
2012-11-06 12:50:00Z ALCS_Hourly_Check_alarm  Program END 

Create log file
2012-11-06 12:50:01Z SERVER_SELF_CHECK   Program Start
2012-11-06 12:50:01Z SERVER_SELF_CHECK   Program END 

Create log file
2012-11-06 13:01:00ZArray_Photo Program Start
1650 log finish

2012-11-06 13:01:02ZArray_Photo Program End

Create log file
2012-11-06 13:03:00ZArray_test_repeat Program Start
2012-11-06 13:03:00ZArray_test_repeat Program End

Create log file
2012-11-06 13:30:00ZARY_HOLD_LOT Program Start
There are lots exceed process time for 24hrs, please check

There are lots exceed process time for 24hrs, please check

There are lots exceed process time for 48hrs, please check

There are lots exceed process time for 24hrs, please check

There are lots exceed process time for 24hrs, please check

There are lots exceed process time for 48hrs, please check

There are lots exceed process time for 24hrs, please check

There are lots exceed process time for 24hrs, please check

There are lots exceed process time for 48hrs, please check

There are lots exceed process time for 24hrs, please check

There are lots exceed process time for 24hrs, please check

There are lots exceed process time for 48hrs, please check

There are lots exceed process time for 24hrs, please check

There are lots exceed process time for 24hrs, please check

There are lots exceed process time for 48hrs, please check

There are lots exceed process time for 24hrs, please check

There are lots exceed process time for 24hrs, please check

There are lots exceed process time for 48hrs, please check

There are lots exceed process time for 24hrs, please check

There are lots exceed process time for 24hrs, please check

There are lots exceed process time for 48hrs, please check

There are lots exceed process time for 24hrs, please check

There are lots exceed process time for 24hrs, please check

There are lots exceed process time for 48hrs, please check

There are lots exceed process time for 24hrs, please check

There are lots exceed process time for 24hrs, please check

There are lots exceed process time for 48hrs, please check

There are lots exceed process time for 24hrs, please check

There are lots exceed process time for 24hrs, please check

There are lots exceed process time for 48hrs, please check

There are lots exceed process time for 24hrs, please check

There are lots exceed process time for 24hrs, please check

There are lots exceed process time for 48hrs, please check

There are lots exceed process time for 24hrs, please check

There are lots exceed process time for 24hrs, please check

There are lots exceed process time for 48hrs, please check

There are lots exceed process time for 24hrs, please check

There are lots exceed process time for 24hrs, please check

There are lots exceed process time for 48hrs, please check

There are lots exceed process time for 24hrs, please check

There are lots exceed process time for 24hrs, please check

There are lots exceed process time for 48hrs, please check

There are lots exceed process time for 24hrs, please check

There are lots exceed process time for 24hrs, please check

There are lots exceed process time for 48hrs, please check

There are lots exceed process time for 24hrs, please check

There are lots exceed process time for 24hrs, please check

There are lots exceed process time for 48hrs, please check

2012-11-06 13:30:30ZARY_HOLD_LOT Program End

Create log file
2012-11-06 13:41:15Z oee_empaidxsummdaily_purge Program Start
2012-11-06 13:41:15Z oee_empaidxsummdaily_purge Program END 

Create log file
2012-11-06 13:41:41Z oee_empaidxsummhourly_purge Program Start
2012-11-06 13:41:41Z oee_empaidxsummhourly_purge Program END 

Create log file
2012-11-06 13:44:29Z oee_empastcount_purge Program Start
2012-11-06 13:44:29Z oee_empastcount_purge Program END 

Create log file
2012-11-06 13:50:00Z OEE_IS_Hourly_Check_alarm  Program Start
2012-11-06 13:50:00Z OEE_IS_Hourly_Check_alarm  Program END 

Create log file
2012-11-06 13:50:00Z ALCS_Hourly_Check_alarm  Program Start
2012-11-06 13:50:00Z ALCS_Hourly_Check_alarm  Program END 

Create log file
2012-11-06 13:50:01Z SERVER_SELF_CHECK   Program Start
2012-11-06 13:50:01Z SERVER_SELF_CHECK   Program END 

Create log file
2012-11-06 14:01:01ZArray_Photo Program Start
1350 log finish

1450 log finish

1650 log finish

2012-11-06 14:01:04ZArray_Photo Program End

Create log file
2012-11-06 14:03:00ZArray_test_repeat Program Start
2012-11-06 14:03:00ZArray_test_repeat Program End

Create log file
2012-11-06 14:41:53Z oee_empaidxsummdaily_purge Program Start
2012-11-06 14:41:53Z oee_empaidxsummdaily_purge Program END 

Create log file
2012-11-06 14:42:18Z oee_empaidxsummhourly_purge Program Start
2012-11-06 14:42:18Z oee_empaidxsummhourly_purge Program END 

Create log file
2012-11-06 14:45:05Z oee_empastcount_purge Program Start
2012-11-06 14:45:05Z oee_empastcount_purge Program END 

Create log file
2012-11-06 14:50:00Z OEE_IS_Hourly_Check_alarm  Program Start
2012-11-06 14:50:00Z OEE_IS_Hourly_Check_alarm  Program END 

Create log file
2012-11-06 14:50:01Z ALCS_Hourly_Check_alarm  Program Start
2012-11-06 14:50:01Z ALCS_Hourly_Check_alarm  Program END 

Create log file
2012-11-06 14:50:02Z SERVER_SELF_CHECK   Program Start
2012-11-06 14:50:02Z SERVER_SELF_CHECK   Program END 

Create log file
2012-11-06 15:01:00ZArray_Photo Program Start
2012-11-06 15:01:06ZArray_Photo Program End

Create log file
2012-11-06 15:03:00ZArray_test_repeat Program Start
2012-11-06 15:03:00ZArray_test_repeat Program End

Create log file
2012-11-06 15:41:48Z oee_empaidxsummdaily_purge Program Start
2012-11-06 15:41:48Z oee_empaidxsummdaily_purge Program END 

Create log file
2012-11-06 15:42:14Z oee_empaidxsummhourly_purge Program Start
2012-11-06 15:42:14Z oee_empaidxsummhourly_purge Program END 

Create log file
2012-11-06 15:45:01Z oee_empastcount_purge Program Start
2012-11-06 15:45:01Z oee_empastcount_purge Program END 

Create log file
2012-11-06 15:50:00Z OEE_IS_Hourly_Check_alarm  Program Start
2012-11-06 15:50:00Z OEE_IS_Hourly_Check_alarm  Program END 

Create log file
2012-11-06 15:50:01Z ALCS_Hourly_Check_alarm  Program Start
2012-11-06 15:50:01Z ALCS_Hourly_Check_alarm  Program END 

Create log file
2012-11-06 15:50:02Z SERVER_SELF_CHECK   Program Start
2012-11-06 15:50:02Z SERVER_SELF_CHECK   Program END 

Create log file
2012-11-06 16:01:01ZArray_Photo Program Start
1450 log finish

2012-11-06 16:01:04ZArray_Photo Program End

Create log file
2012-11-06 16:03:00ZArray_test_repeat Program Start
2012-11-06 16:03:00ZArray_test_repeat Program End

Create log file
2012-11-06 16:41:17Z oee_empaidxsummdaily_purge Program Start
2012-11-06 16:41:17Z oee_empaidxsummdaily_purge Program END 

Create log file
2012-11-06 16:41:40Z oee_empaidxsummhourly_purge Program Start
2012-11-06 16:41:40Z oee_empaidxsummhourly_purge Program END 

Create log file
2012-11-06 16:44:24Z oee_empastcount_purge Program Start
2012-11-06 16:44:24Z oee_empastcount_purge Program END 

Create log file
2012-11-06 16:50:00Z OEE_IS_Hourly_Check_alarm  Program Start
2012-11-06 16:50:00Z OEE_IS_Hourly_Check_alarm  Program END 

Create log file
2012-11-06 16:50:02Z ALCS_Hourly_Check_alarm  Program Start
2012-11-06 16:50:02Z ALCS_Hourly_Check_alarm  Program END 

Create log file
2012-11-06 16:50:03Z SERVER_SELF_CHECK   Program Start
2012-11-06 16:50:03Z SERVER_SELF_CHECK   Program END 

Create log file
2012-11-06 17:01:01ZArray_Photo Program Start
2012-11-06 17:01:04ZArray_Photo Program End

Create log file
2012-11-06 17:03:00ZArray_test_repeat Program Start
2012-11-06 17:03:00ZArray_test_repeat Program End

Create log file
2012-11-06 17:30:00ZARY_HOLD_LOT Program Start
There are lots exceed process time for 24hrs, please check

There are lots exceed process time for 24hrs, please check

There are lots exceed process time for 24hrs, please check

There are lots exceed process time for 24hrs, please check

There are lots exceed process time for 24hrs, please check

There are lots exceed process time for 24hrs, please check

There are lots exceed process time for 24hrs, please check

There are lots exceed process time for 24hrs, please check

There are lots exceed process time for 24hrs, please check

There are lots exceed process time for 24hrs, please check

There are lots exceed process time for 24hrs, please check

There are lots exceed process time for 24hrs, please check

There are lots exceed process time for 24hrs, please check

There are lots exceed process time for 24hrs, please check

There are lots exceed process time for 24hrs, please check

There are lots exceed process time for 24hrs, please check

2012-11-06 17:30:32ZARY_HOLD_LOT Program End

Create log file
2012-11-06 17:41:35Z oee_empaidxsummdaily_purge Program Start
2012-11-06 17:41:35Z oee_empaidxsummdaily_purge Program END 

Create log file
2012-11-06 17:42:03Z oee_empaidxsummhourly_purge Program Start
2012-11-06 17:42:03Z oee_empaidxsummhourly_purge Program END 

Create log file
2012-11-06 17:44:45Z oee_empastcount_purge Program Start
2012-11-06 17:44:45Z oee_empastcount_purge Program END 

Create log file
2012-11-06 17:50:00Z OEE_IS_Hourly_Check_alarm  Program Start
2012-11-06 17:50:00Z OEE_IS_Hourly_Check_alarm  Program END 

Create log file
2012-11-06 17:50:00Z ALCS_Hourly_Check_alarm  Program Start
2012-11-06 17:50:00Z ALCS_Hourly_Check_alarm  Program END 

Create log file
2012-11-06 17:50:01Z SERVER_SELF_CHECK   Program Start
2012-11-06 17:50:01Z SERVER_SELF_CHECK   Program END 

Create log file
2012-11-06 18:01:00ZArray_Photo Program Start
1450 log finish

2012-11-06 18:01:03ZArray_Photo Program End

Create log file
2012-11-06 18:03:00ZArray_test_repeat Program Start
2012-11-06 18:03:00ZArray_test_repeat Program End

Create log file
2012-11-06 18:39:56ZOEE_EQP_SMS Program Start
2012-11-06 18:40:38ZOEE_EQP_SMS Program End

Create log file
2012-11-06 18:50:01Z OEE_IS_Hourly_Check_alarm  Program Start
2012-11-06 18:50:01Z OEE_IS_Hourly_Check_alarm  Program END 

Create log file
2012-11-06 18:50:02Z ALCS_Hourly_Check_alarm  Program Start
2012-11-06 18:50:02Z ALCS_Hourly_Check_alarm  Program END 

Create log file
2012-11-06 18:50:02Z SERVER_SELF_CHECK   Program Start
2012-11-06 18:50:02Z SERVER_SELF_CHECK   Program END 

Create log file
2012-11-06 19:01:00ZArray_Photo Program Start
2012-11-06 19:01:02ZArray_Photo Program End

Create log file
2012-11-06 19:02:41Z oee_empaidxsummdaily_purge Program Start
2012-11-06 19:02:41Z oee_empaidxsummdaily_purge Program END 

Create log file
2012-11-06 19:03:00ZArray_test_repeat Program Start
2012-11-06 19:03:00ZArray_test_repeat Program End

Create log file
2012-11-06 19:03:03Z oee_empaidxsummhourly_purge Program Start
2012-11-06 19:03:03Z oee_empaidxsummhourly_purge Program END 

Create log file
2012-11-06 19:06:01Z oee_empastcount_purge Program Start
2012-11-06 19:06:01Z oee_empastcount_purge Program END 

Create log file
2012-11-06 19:41:19Z oee_empaidxsummdaily_purge Program Start
2012-11-06 19:41:19Z oee_empaidxsummdaily_purge Program END 

Create log file
2012-11-06 19:41:43Z oee_empaidxsummhourly_purge Program Start
2012-11-06 19:41:43Z oee_empaidxsummhourly_purge Program END 

Create log file
2012-11-06 19:44:23Z oee_empastcount_purge Program Start
2012-11-06 19:44:23Z oee_empastcount_purge Program END 

Create log file
2012-11-06 19:50:00Z OEE_IS_Hourly_Check_alarm  Program Start
2012-11-06 19:50:00Z OEE_IS_Hourly_Check_alarm  Program END 

Create log file
2012-11-06 19:50:00Z ALCS_Hourly_Check_alarm  Program Start
2012-11-06 19:50:00Z ALCS_Hourly_Check_alarm  Program END 

Create log file
2012-11-06 19:50:03Z SERVER_SELF_CHECK   Program Start
2012-11-06 19:50:03Z SERVER_SELF_CHECK   Program END 

Create log file
2012-11-06 20:01:00ZArray_Photo Program Start
2012-11-06 20:01:04ZArray_Photo Program End

Create log file
2012-11-06 20:03:00ZArray_test_repeat Program Start
2012-11-06 20:03:00ZArray_test_repeat Program End

Create log file
2012-11-06 20:41:20Z oee_empaidxsummdaily_purge Program Start
2012-11-06 20:41:20Z oee_empaidxsummdaily_purge Program END 

Create log file
2012-11-06 20:41:42Z oee_empaidxsummhourly_purge Program Start
2012-11-06 20:41:42Z oee_empaidxsummhourly_purge Program END 

Create log file
2012-11-06 20:44:27Z oee_empastcount_purge Program Start
2012-11-06 20:44:27Z oee_empastcount_purge Program END 

Create log file
2012-11-06 20:50:00Z OEE_IS_Hourly_Check_alarm  Program Start
2012-11-06 20:50:00Z OEE_IS_Hourly_Check_alarm  Program END 

Create log file
2012-11-06 20:50:03Z ALCS_Hourly_Check_alarm  Program Start
2012-11-06 20:50:03Z ALCS_Hourly_Check_alarm  Program END 

Create log file
2012-11-06 20:50:04Z SERVER_SELF_CHECK   Program Start
2012-11-06 20:50:04Z SERVER_SELF_CHECK   Program END 

Create log file
2012-11-06 21:01:00ZArray_Photo Program Start
1450 log finish

2012-11-06 21:01:03ZArray_Photo Program End

Create log file
2012-11-06 21:03:00ZArray_test_repeat Program Start
2012-11-06 21:03:00ZArray_test_repeat Program End

Create log file
2012-11-06 21:30:00ZARY_HOLD_LOT Program Start
There are lots exceed process time for 24hrs, please check

There are lots exceed process time for 24hrs, please check

There are lots exceed process time for 24hrs, please check

There are lots exceed process time for 24hrs, please check

There are lots exceed process time for 24hrs, please check

There are lots exceed process time for 24hrs, please check

There are lots exceed process time for 24hrs, please check

There are lots exceed process time for 24hrs, please check

There are lots exceed process time for 24hrs, please check

There are lots exceed process time for 24hrs, please check

There are lots exceed process time for 24hrs, please check

There are lots exceed process time for 24hrs, please check

There are lots exceed process time for 24hrs, please check

There are lots exceed process time for 24hrs, please check

There are lots exceed process time for 24hrs, please check

2012-11-06 21:30:25ZARY_HOLD_LOT Program End

Create log file
2012-11-06 21:41:19Z oee_empaidxsummdaily_purge Program Start
2012-11-06 21:41:19Z oee_empaidxsummdaily_purge Program END 

Create log file
2012-11-06 21:41:47Z oee_empaidxsummhourly_purge Program Start
2012-11-06 21:41:47Z oee_empaidxsummhourly_purge Program END 

Create log file
2012-11-06 21:44:27Z oee_empastcount_purge Program Start
2012-11-06 21:44:27Z oee_empastcount_purge Program END 

Create log file
2012-11-06 21:50:00Z OEE_IS_Hourly_Check_alarm  Program Start
2012-11-06 21:50:00Z OEE_IS_Hourly_Check_alarm  Program END 

Create log file
2012-11-06 21:50:02Z ALCS_Hourly_Check_alarm  Program Start
2012-11-06 21:50:02Z ALCS_Hourly_Check_alarm  Program END 

Create log file
2012-11-06 21:50:03Z SERVER_SELF_CHECK   Program Start
2012-11-06 21:50:03Z SERVER_SELF_CHECK   Program END 

Create log file
2012-11-06 22:00:00ZSERVER_SMS_TEST Program Start
SMS log finish

2012-11-06 22:00:00ZSERVER_SMS_TEST Program End

Create log file
2012-11-06 22:01:01ZArray_Photo Program Start
1350 log finish

1450 log finish

2012-11-06 22:01:06ZArray_Photo Program End

Create log file
2012-11-06 22:03:00ZArray_test_repeat Program Start
2012-11-06 22:03:00ZArray_test_repeat Program End

Create log file
2012-11-06 22:41:19Z oee_empaidxsummdaily_purge Program Start
2012-11-06 22:41:19Z oee_empaidxsummdaily_purge Program END 

Create log file
2012-11-06 22:41:43Z oee_empaidxsummhourly_purge Program Start
2012-11-06 22:41:43Z oee_empaidxsummhourly_purge Program END 

Create log file
2012-11-06 22:44:31Z oee_empastcount_purge Program Start
2012-11-06 22:44:31Z oee_empastcount_purge Program END 

Create log file
2012-11-06 22:50:00Z OEE_IS_Hourly_Check_alarm  Program Start
2012-11-06 22:50:00Z OEE_IS_Hourly_Check_alarm  Program END 

Create log file
2012-11-06 22:50:00Z PDS_Hourly_Check_Alarm log finish Program Start
2012-11-06 22:50:00Z PDS_Hourly_Check_Alarm log finish Program END 

Create log file
2012-11-06 22:50:00Z ALCS_Hourly_Check_alarm  Program Start
2012-11-06 22:50:00Z ALCS_Hourly_Check_alarm  Program END 

Create log file
2012-11-06 22:50:01Z SERVER_SELF_CHECK   Program Start
2012-11-06 22:50:01Z SERVER_SELF_CHECK   Program END 

Create log file
2012-11-06 23:01:00ZArray_Photo Program Start
1350 log finish

1450 log finish

1650 log finish

2012-11-06 23:01:03ZArray_Photo Program End

Create log file
2012-11-06 23:03:00ZArray_test_repeat Program Start
2012-11-06 23:03:01ZArray_test_repeat Program End

Create log file
2012-11-06 23:41:17Z oee_empaidxsummdaily_purge Program Start
2012-11-06 23:41:17Z oee_empaidxsummdaily_purge Program END 

Create log file
2012-11-06 23:41:43Z oee_empaidxsummhourly_purge Program Start
2012-11-06 23:41:43Z oee_empaidxsummhourly_purge Program END 

Create log file
2012-11-06 23:44:26Z oee_empastcount_purge Program Start
2012-11-06 23:44:26Z oee_empastcount_purge Program END 

Create log file
2012-11-06 23:50:00Z OEE_IS_Hourly_Check_alarm  Program Start
2012-11-06 23:50:00Z OEE_IS_Hourly_Check_alarm  Program END 

Create log file
2012-11-06 23:50:00Z ALCS_Hourly_Check_alarm  Program Start
2012-11-06 23:50:00Z ALCS_Hourly_Check_alarm  Program END 

Create log file
2012-11-06 23:50:01Z SERVER_SELF_CHECK   Program Start
2012-11-06 23:50:01Z SERVER_SELF_CHECK   Program END 

