Create log file
2012-11-02 00:01:00ZArray_Photo Program Start
1150 log finish

2012-11-02 00:01:02ZArray_Photo Program End

Create log file
2012-11-02 00:03:01ZArray_test_repeat Program Start
2012-11-02 00:03:01ZArray_test_repeat Program End

Create log file
2012-11-02 00:10:00Z T0T1 InnoView Add User Program Start
2012-11-02 00:10:00Z T0T1 InnoView Add User Program END 

Create log file
2012-11-02 00:20:15Z VPNLOG_PARSER Program Start
2012-11-02 00:20:15Z VPNLOG_PARSER Program END 

Create log file
2012-11-02 00:30:00Z T0/T1 RealTimeDept Program Start
2012-11-02 00:30:00Z T0/T1 RealTimeDept Program END 

Create log file
2012-11-02 00:41:39Z oee_empaidxsummdaily_purge Program Start
2012-11-02 00:41:39Z oee_empaidxsummdaily_purge Program END 

Create log file
2012-11-02 00:42:48Z oee_empaidxsummhourly_purge Program Start
2012-11-02 00:42:48Z oee_empaidxsummhourly_purge Program END 

Create log file
2012-11-02 00:46:53Z oee_empastcount_purge Program Start
2012-11-02 00:46:53Z oee_empastcount_purge Program END 

Create log file
2012-11-02 00:50:00Z OEE_IS_Hourly_Check_alarm  Program Start
2012-11-02 00:50:00Z OEE_IS_Hourly_Check_alarm  Program END 

Create log file
2012-11-02 00:50:01Z ALCS_Hourly_Check_alarm  Program Start
2012-11-02 00:50:01Z ALCS_Hourly_Check_alarm  Program END 

Create log file
2012-11-02 00:50:03Z SERVER_SELF_CHECK   Program Start
2012-11-02 00:50:03Z SERVER_SELF_CHECK   Program END 

Create log file
2012-11-02 01:01:00ZArray_Photo Program Start
1150 log finish

2012-11-02 01:01:03ZArray_Photo Program End

Create log file
2012-11-02 01:03:00ZArray_test_repeat Program Start
2012-11-02 01:03:00ZArray_test_repeat Program End

Create log file
2012-11-02 01:30:06ZARY_HOLD_LOT Program Start
There are lots exceed process time for 24hrs, please check

There are lots exceed process time for 24hrs, please check

There are lots exceed process time for 24hrs, please check

There are lots exceed process time for 24hrs, please check

There are lots exceed process time for 24hrs, please check

There are lots exceed process time for 24hrs, please check

There are lots exceed process time for 24hrs, please check

There are lots exceed process time for 24hrs, please check

There are lots exceed process time for 24hrs, please check

There are lots exceed process time for 24hrs, please check

There are lots exceed process time for 24hrs, please check

There are lots exceed process time for 24hrs, please check

There are lots exceed process time for 24hrs, please check

There are lots exceed process time for 24hrs, please check

There are lots exceed process time for 24hrs, please check

There are lots exceed process time for 24hrs, please check

2012-11-02 01:30:34ZARY_HOLD_LOT Program End

Create log file
2012-11-02 01:41:20Z oee_empaidxsummdaily_purge Program Start
2012-11-02 01:41:20Z oee_empaidxsummdaily_purge Program END 

Create log file
2012-11-02 01:42:34Z oee_empaidxsummhourly_purge Program Start
2012-11-02 01:42:34Z oee_empaidxsummhourly_purge Program END 

Create log file
2012-11-02 01:44:36Z oee_empastcount_purge Program Start
2012-11-02 01:44:36Z oee_empastcount_purge Program END 

Create log file
2012-11-02 01:50:00Z OEE_IS_Hourly_Check_alarm  Program Start
2012-11-02 01:50:00Z OEE_IS_Hourly_Check_alarm  Program END 

Create log file
2012-11-02 01:50:00Z ALCS_Hourly_Check_alarm  Program Start
2012-11-02 01:50:00Z ALCS_Hourly_Check_alarm  Program END 

Create log file
2012-11-02 01:50:01Z SERVER_SELF_CHECK   Program Start
2012-11-02 01:50:01Z SERVER_SELF_CHECK   Program END 

Create log file
2012-11-02 02:01:00ZArray_Photo Program Start
1150 log finish

1350 log finish

2012-11-02 02:01:03ZArray_Photo Program End

Create log file
2012-11-02 02:03:00ZArray_test_repeat Program Start
2012-11-02 02:03:01ZArray_test_repeat Program End

Create log file
2012-11-02 02:41:24Z oee_empaidxsummdaily_purge Program Start
2012-11-02 02:41:24Z oee_empaidxsummdaily_purge Program END 

Create log file
2012-11-02 02:42:17Z oee_empaidxsummhourly_purge Program Start
2012-11-02 02:42:17Z oee_empaidxsummhourly_purge Program END 

Create log file
2012-11-02 02:44:36Z oee_empastcount_purge Program Start
2012-11-02 02:44:36Z oee_empastcount_purge Program END 

Create log file
2012-11-02 02:50:00Z OEE_IS_Hourly_Check_alarm  Program Start
2012-11-02 02:50:00Z OEE_IS_Hourly_Check_alarm  Program END 

Create log file
2012-11-02 02:50:01Z ALCS_Hourly_Check_alarm  Program Start
2012-11-02 02:50:01Z ALCS_Hourly_Check_alarm  Program END 

Create log file
2012-11-02 02:50:01Z SERVER_SELF_CHECK   Program Start
2012-11-02 02:50:01Z SERVER_SELF_CHECK   Program END 

Create log file
2012-11-02 03:01:00ZArray_Photo Program Start
1150 log finish

2012-11-02 03:01:03ZArray_Photo Program End

Create log file
2012-11-02 03:03:00ZArray_test_repeat Program Start
2012-11-02 03:03:00ZArray_test_repeat Program End

Create log file
2012-11-02 03:41:20Z oee_empaidxsummdaily_purge Program Start
2012-11-02 03:41:20Z oee_empaidxsummdaily_purge Program END 

Create log file
2012-11-02 03:42:09Z oee_empaidxsummhourly_purge Program Start
2012-11-02 03:42:09Z oee_empaidxsummhourly_purge Program END 

Create log file
2012-11-02 03:44:27Z oee_empastcount_purge Program Start
2012-11-02 03:44:27Z oee_empastcount_purge Program END 

Create log file
2012-11-02 03:50:00Z OEE_IS_Hourly_Check_alarm  Program Start
2012-11-02 03:50:00Z OEE_IS_Hourly_Check_alarm  Program END 

Create log file
2012-11-02 03:50:06Z ALCS_Hourly_Check_alarm  Program Start
2012-11-02 03:50:06Z ALCS_Hourly_Check_alarm  Program END 

Create log file
2012-11-02 03:50:06Z SERVER_SELF_CHECK   Program Start
2012-11-02 03:50:06Z SERVER_SELF_CHECK   Program END 

Create log file
2012-11-02 04:01:00ZArray_Photo Program Start
1350 log finish

2012-11-02 04:01:03ZArray_Photo Program End

Create log file
2012-11-02 04:03:00ZArray_test_repeat Program Start
2012-11-02 04:03:00ZArray_test_repeat Program End

Create log file
2012-11-02 04:41:27Z oee_empaidxsummdaily_purge Program Start
2012-11-02 04:41:27Z oee_empaidxsummdaily_purge Program END 

Create log file
2012-11-02 04:42:24Z oee_empaidxsummhourly_purge Program Start
2012-11-02 04:42:24Z oee_empaidxsummhourly_purge Program END 

Create log file
2012-11-02 04:44:29Z oee_empastcount_purge Program Start
2012-11-02 04:44:29Z oee_empastcount_purge Program END 

Create log file
2012-11-02 04:50:00Z OEE_IS_Hourly_Check_alarm  Program Start
2012-11-02 04:50:00Z OEE_IS_Hourly_Check_alarm  Program END 

Create log file
2012-11-02 04:50:00Z ALCS_Hourly_Check_alarm  Program Start
2012-11-02 04:50:00Z ALCS_Hourly_Check_alarm  Program END 

Create log file
2012-11-02 04:50:01Z SERVER_SELF_CHECK   Program Start
2012-11-02 04:50:01Z SERVER_SELF_CHECK   Program END 

Create log file
2012-11-02 05:01:00ZArray_Photo Program Start
1350 log finish

2012-11-02 05:01:03ZArray_Photo Program End

Create log file
2012-11-02 05:03:00ZArray_test_repeat Program Start
2012-11-02 05:03:01ZArray_test_repeat Program End

Create log file
2012-11-02 05:30:03ZARY_HOLD_LOT Program Start
There are lots exceed process time for 24hrs, please check

There are lots exceed process time for 24hrs, please check

There are lots exceed process time for 24hrs, please check

There are lots exceed process time for 24hrs, please check

There are lots exceed process time for 24hrs, please check

There are lots exceed process time for 24hrs, please check

There are lots exceed process time for 24hrs, please check

There are lots exceed process time for 24hrs, please check

There are lots exceed process time for 24hrs, please check

There are lots exceed process time for 24hrs, please check

There are lots exceed process time for 24hrs, please check

There are lots exceed process time for 24hrs, please check

There are lots exceed process time for 24hrs, please check

There are lots exceed process time for 24hrs, please check

There are lots exceed process time for 24hrs, please check

There are lots exceed process time for 24hrs, please check

There are lots exceed process time for 24hrs, please check

2012-11-02 05:30:24ZARY_HOLD_LOT Program End

Create log file
2012-11-02 05:41:16Z oee_empaidxsummdaily_purge Program Start
2012-11-02 05:41:16Z oee_empaidxsummdaily_purge Program END 

Create log file
2012-11-02 05:42:12Z oee_empaidxsummhourly_purge Program Start
2012-11-02 05:42:12Z oee_empaidxsummhourly_purge Program END 

Create log file
2012-11-02 05:44:28Z oee_empastcount_purge Program Start
2012-11-02 05:44:28Z oee_empastcount_purge Program END 

Create log file
2012-11-02 05:50:00Z OEE_IS_Hourly_Check_alarm  Program Start
2012-11-02 05:50:00Z OEE_IS_Hourly_Check_alarm  Program END 

Create log file
2012-11-02 05:50:01Z ALCS_Hourly_Check_alarm  Program Start
2012-11-02 05:50:01Z ALCS_Hourly_Check_alarm  Program END 

Create log file
2012-11-02 05:50:01Z SERVER_SELF_CHECK   Program Start
2012-11-02 05:50:01Z SERVER_SELF_CHECK   Program END 

Create log file
2012-11-02 06:01:00ZArray_Photo Program Start
1350 log finish

2012-11-02 06:01:02ZArray_Photo Program End

Create log file
2012-11-02 06:03:00ZArray_test_repeat Program Start
2012-11-02 06:03:00ZArray_test_repeat Program End

Create log file
2012-11-02 06:41:20Z oee_empaidxsummdaily_purge Program Start
2012-11-02 06:41:20Z oee_empaidxsummdaily_purge Program END 

Create log file
2012-11-02 06:42:18Z oee_empaidxsummhourly_purge Program Start
2012-11-02 06:42:18Z oee_empaidxsummhourly_purge Program END 

Create log file
2012-11-02 06:44:24Z oee_empastcount_purge Program Start
2012-11-02 06:44:24Z oee_empastcount_purge Program END 

Create log file
2012-11-02 06:50:53Z ODS_Recover_Lot 157 Lots Program Start
2012-11-02 06:50:53Z ODS_Recover_Lot 157 Lots Program END 

Create log file
2012-11-02 06:51:04Z OEE_IS_Hourly_Check_alarm  Program Start
2012-11-02 06:51:04Z OEE_IS_Hourly_Check_alarm  Program END 

Create log file
2012-11-02 06:51:05Z ALCS_Hourly_Check_alarm  Program Start
2012-11-02 06:51:05Z ALCS_Hourly_Check_alarm  Program END 

Create log file
2012-11-02 06:51:05Z SERVER_SELF_CHECK   Program Start
2012-11-02 06:51:05Z SERVER_SELF_CHECK   Program END 

Create log file
2012-11-02 07:01:00ZArray_Photo Program Start
1350 log finish

2012-11-02 07:01:03ZArray_Photo Program End

Create log file
2012-11-02 07:03:00ZArray_test_repeat Program Start
2012-11-02 07:03:00ZArray_test_repeat Program End

Create log file
2012-11-02 07:31:12Z OEELH_fixed_data_Daily Program Start
2012-11-02 07:31:12Z OEELH_fixed_data_Daily Program END 

Create log file
2012-11-02 07:41:18Z oee_empaidxsummdaily_purge Program Start
2012-11-02 07:41:18Z oee_empaidxsummdaily_purge Program END 

Create log file
2012-11-02 07:42:09Z oee_empaidxsummhourly_purge Program Start
2012-11-02 07:42:09Z oee_empaidxsummhourly_purge Program END 

Create log file
2012-11-02 07:44:24Z oee_empastcount_purge Program Start
2012-11-02 07:44:24Z oee_empastcount_purge Program END 

Create log file
2012-11-02 07:50:14Z OEE_IS_Hourly_Check_alarm  Program Start
2012-11-02 07:50:14Z OEE_IS_Hourly_Check_alarm  Program END 

Create log file
2012-11-02 07:50:15Z ALCS_Hourly_Check_alarm  Program Start
2012-11-02 07:50:15Z ALCS_Hourly_Check_alarm  Program END 

Create log file
2012-11-02 07:50:18Z SERVER_SELF_CHECK   Program Start
2012-11-02 07:50:18Z SERVER_SELF_CHECK   Program END 

Create log file
2012-11-02 08:00:00Z Check_Onduty_Time From Onduty_dotnet2  Program Start
2012-11-02 08:00:00Z Check_Onduty_Time From Onduty_dotnet2  Program END 

Create log file
2012-11-02 08:01:00ZArray_Photo Program Start
1150 log finish

2012-11-02 08:01:03ZArray_Photo Program End

Create log file
2012-11-02 08:03:00ZArray_test_repeat Program Start
2012-11-02 08:03:00ZArray_test_repeat Program End

Create log file
2012-11-02 08:30:00ZHoliday_inout_SMS Program Start
2012-11-02 08:30:00ZHoliday_Inout_SMS Program End

Create log file
2012-11-02 08:32:00ZOEE_EQP_SMS Program Start
2012-11-02 08:32:57ZOEE_EQP_SMS Program End

Create log file
2012-11-02 08:41:10Z oee_empaidxsummdaily_purge Program Start
2012-11-02 08:41:10Z oee_empaidxsummdaily_purge Program END 

Create log file
2012-11-02 08:42:28Z oee_empaidxsummhourly_purge Program Start
2012-11-02 08:42:28Z oee_empaidxsummhourly_purge Program END 

Create log file
2012-11-02 08:44:31Z oee_empastcount_purge Program Start
2012-11-02 08:44:31Z oee_empastcount_purge Program END 

Create log file
2012-11-02 08:45:00ZHoliday_inout_SMS_For_C2 Program Start
2012-11-02 08:45:07ZHoliday_Inout_SMS_For_C2 Program End

Create log file
2012-11-02 08:50:00Z OEE_IS_Hourly_Check_alarm  Program Start
2012-11-02 08:50:00Z OEE_IS_Hourly_Check_alarm  Program END 

Create log file
2012-11-02 08:50:00Z ALCS_Hourly_Check_alarm  Program Start
2012-11-02 08:50:00Z ALCS_Hourly_Check_alarm  Program END 

Create log file
2012-11-02 08:50:01Z SERVER_SELF_CHECK   Program Start
2012-11-02 08:50:01Z SERVER_SELF_CHECK   Program END 

Create log file
2012-11-02 09:01:01ZArray_Photo Program Start
1150 log finish

2012-11-02 09:01:04ZArray_Photo Program End

Create log file
2012-11-02 09:03:00ZArray_test_repeat Program Start
2012-11-02 09:03:00ZArray_test_repeat Program End

Create log file
2012-11-02 09:30:00ZARY_HOLD_LOT Program Start
There are lots exceed process time for 24hrs, please check

There are lots exceed process time for 24hrs, please check

There are lots exceed process time for 24hrs, please check

There are lots exceed process time for 24hrs, please check

There are lots exceed process time for 24hrs, please check

There are lots exceed process time for 24hrs, please check

There are lots exceed process time for 24hrs, please check

There are lots exceed process time for 24hrs, please check

There are lots exceed process time for 24hrs, please check

There are lots exceed process time for 24hrs, please check

There are lots exceed process time for 24hrs, please check

There are lots exceed process time for 24hrs, please check

There are lots exceed process time for 24hrs, please check

There are lots exceed process time for 24hrs, please check

There are lots exceed process time for 24hrs, please check

There are lots exceed process time for 24hrs, please check

There are lots exceed process time for 24hrs, please check

There are lots exceed process time for 24hrs, please check

There are lots exceed process time for 24hrs, please check

2012-11-02 09:30:35ZARY_HOLD_LOT Program End

Create log file
2012-11-02 09:41:22Z oee_empaidxsummdaily_purge Program Start
2012-11-02 09:41:22Z oee_empaidxsummdaily_purge Program END 

Create log file
2012-11-02 09:42:19Z oee_empaidxsummhourly_purge Program Start
2012-11-02 09:42:19Z oee_empaidxsummhourly_purge Program END 

Create log file
2012-11-02 09:44:32Z oee_empastcount_purge Program Start
2012-11-02 09:44:32Z oee_empastcount_purge Program END 

Create log file
2012-11-02 09:50:00Z OEE_IS_Hourly_Check_alarm  Program Start
2012-11-02 09:50:00Z OEE_IS_Hourly_Check_alarm  Program END 

Create log file
2012-11-02 09:50:01Z ALCS_Hourly_Check_alarm  Program Start
2012-11-02 09:50:01Z ALCS_Hourly_Check_alarm  Program END 

Create log file
2012-11-02 09:50:01Z SERVER_SELF_CHECK   Program Start
2012-11-02 09:50:01Z SERVER_SELF_CHECK   Program END 

Create log file
2012-11-02 10:01:00ZArray_Photo Program Start
1150 log finish

1350 log finish

2012-11-02 10:01:03ZArray_Photo Program End

Create log file
2012-11-02 10:03:00ZArray_test_repeat Program Start
2012-11-02 10:03:00ZArray_test_repeat Program End

Create log file
2012-11-02 10:41:07Z oee_empaidxsummdaily_purge Program Start
2012-11-02 10:41:07Z oee_empaidxsummdaily_purge Program END 

Create log file
2012-11-02 10:42:18Z oee_empaidxsummhourly_purge Program Start
2012-11-02 10:42:18Z oee_empaidxsummhourly_purge Program END 

Create log file
2012-11-02 10:44:34Z oee_empastcount_purge Program Start
2012-11-02 10:44:34Z oee_empastcount_purge Program END 

Create log file
2012-11-02 10:50:00Z OEE_IS_Hourly_Check_alarm  Program Start
2012-11-02 10:50:00Z OEE_IS_Hourly_Check_alarm  Program END 

Create log file
2012-11-02 10:50:00Z PDS_Hourly_Check_Alarm log finish Program Start
2012-11-02 10:50:00Z PDS_Hourly_Check_Alarm log finish Program END 

Create log file
2012-11-02 10:50:01Z ALCS_Hourly_Check_alarm  Program Start
2012-11-02 10:50:01Z ALCS_Hourly_Check_alarm  Program END 

Create log file
2012-11-02 10:50:01Z SERVER_SELF_CHECK   Program Start
2012-11-02 10:50:01Z SERVER_SELF_CHECK   Program END 

Create log file
2012-11-02 11:01:00ZArray_Photo Program Start
1150 log finish

1250 log finish

1350 log finish

2012-11-02 11:01:03ZArray_Photo Program End

Create log file
2012-11-02 11:03:00ZArray_test_repeat Program Start
2012-11-02 11:03:00ZArray_test_repeat Program End

Create log file
2012-11-02 11:40:01Z T1OEE Purge Program Start
2012-11-02 11:40:01Z T1OEE Purge Program END 

Create log file
2012-11-02 11:41:24Z oee_empaidxsummdaily_purge Program Start
2012-11-02 11:41:24Z oee_empaidxsummdaily_purge Program END 

Create log file
2012-11-02 11:42:31Z oee_empaidxsummhourly_purge Program Start
2012-11-02 11:42:31Z oee_empaidxsummhourly_purge Program END 

Create log file
2012-11-02 11:44:42Z oee_empastcount_purge Program Start
2012-11-02 11:44:42Z oee_empastcount_purge Program END 

Create log file
2012-11-02 11:50:02Z OEE_IS_Hourly_Check_alarm  Program Start
2012-11-02 11:50:02Z OEE_IS_Hourly_Check_alarm  Program END 

Create log file
2012-11-02 11:50:02Z ALCS_Hourly_Check_alarm  Program Start
2012-11-02 11:50:02Z ALCS_Hourly_Check_alarm  Program END 

Create log file
2012-11-02 11:50:03Z SERVER_SELF_CHECK   Program Start
2012-11-02 11:50:03Z SERVER_SELF_CHECK   Program END 

Create log file
2012-11-02 12:01:00ZArray_Photo Program Start
1450 log finish

2012-11-02 12:01:03ZArray_Photo Program End

Create log file
2012-11-02 12:03:00ZArray_test_repeat Program Start
2012-11-02 12:03:00ZArray_test_repeat Program End

Create log file
2012-11-02 12:41:24Z oee_empaidxsummdaily_purge Program Start
2012-11-02 12:41:24Z oee_empaidxsummdaily_purge Program END 

Create log file
2012-11-02 12:42:21Z oee_empaidxsummhourly_purge Program Start
2012-11-02 12:42:21Z oee_empaidxsummhourly_purge Program END 

Create log file
2012-11-02 12:44:37Z oee_empastcount_purge Program Start
2012-11-02 12:44:37Z oee_empastcount_purge Program END 

Create log file
2012-11-02 12:50:00Z OEE_IS_Hourly_Check_alarm  Program Start
2012-11-02 12:50:00Z OEE_IS_Hourly_Check_alarm  Program END 

Create log file
2012-11-02 12:50:01Z PDS_Hourly_Check_Alarm log finish Program Start
2012-11-02 12:50:01Z PDS_Hourly_Check_Alarm log finish Program END 

Create log file
2012-11-02 12:50:01Z ALCS_Hourly_Check_alarm  Program Start
2012-11-02 12:50:01Z ALCS_Hourly_Check_alarm  Program END 

Create log file
2012-11-02 12:50:01Z SERVER_SELF_CHECK   Program Start
2012-11-02 12:50:01Z SERVER_SELF_CHECK   Program END 

Create log file
2012-11-02 13:01:00ZArray_Photo Program Start
1250 log finish

1350 log finish

2012-11-02 13:01:03ZArray_Photo Program End

Create log file
2012-11-02 13:03:00ZArray_test_repeat Program Start
2012-11-02 13:03:00ZArray_test_repeat Program End

Create log file
2012-11-02 13:30:01ZARY_HOLD_LOT Program Start
There are lots exceed process time for 24hrs, please check

There are lots exceed process time for 24hrs, please check

There are lots exceed process time for 48hrs, please check

There are lots exceed process time for 24hrs, please check

There are lots exceed process time for 24hrs, please check

There are lots exceed process time for 48hrs, please check

There are lots exceed process time for 24hrs, please check

There are lots exceed process time for 24hrs, please check

There are lots exceed process time for 24hrs, please check

There are lots exceed process time for 48hrs, please check

There are lots exceed process time for 24hrs, please check

There are lots exceed process time for 24hrs, please check

There are lots exceed process time for 48hrs, please check

There are lots exceed process time for 24hrs, please check

There are lots exceed process time for 24hrs, please check

There are lots exceed process time for 48hrs, please check

There are lots exceed process time for 24hrs, please check

There are lots exceed process time for 24hrs, please check

There are lots exceed process time for 48hrs, please check

There are lots exceed process time for 24hrs, please check

There are lots exceed process time for 24hrs, please check

There are lots exceed process time for 48hrs, please check

There are lots exceed process time for 24hrs, please check

There are lots exceed process time for 24hrs, please check

There are lots exceed process time for 48hrs, please check

There are lots exceed process time for 24hrs, please check

There are lots exceed process time for 24hrs, please check

There are lots exceed process time for 48hrs, please check

There are lots exceed process time for 24hrs, please check

There are lots exceed process time for 24hrs, please check

There are lots exceed process time for 48hrs, please check

There are lots exceed process time for 24hrs, please check

There are lots exceed process time for 24hrs, please check

There are lots exceed process time for 24hrs, please check

There are lots exceed process time for 24hrs, please check

There are lots exceed process time for 24hrs, please check

There are lots exceed process time for 24hrs, please check

There are lots exceed process time for 24hrs, please check

There are lots exceed process time for 48hrs, please check

There are lots exceed process time for 24hrs, please check

There are lots exceed process time for 24hrs, please check

There are lots exceed process time for 24hrs, please check

There are lots exceed process time for 48hrs, please check

There are lots exceed process time for 24hrs, please check

2012-11-02 13:30:20ZARY_HOLD_LOT Program End

Create log file
2012-11-02 13:41:19Z oee_empaidxsummdaily_purge Program Start
2012-11-02 13:41:19Z oee_empaidxsummdaily_purge Program END 

Create log file
2012-11-02 13:41:43Z oee_empaidxsummhourly_purge Program Start
2012-11-02 13:41:43Z oee_empaidxsummhourly_purge Program END 

Create log file
2012-11-02 13:44:28Z oee_empastcount_purge Program Start
2012-11-02 13:44:28Z oee_empastcount_purge Program END 

Create log file
2012-11-02 13:50:00Z OEE_IS_Hourly_Check_alarm  Program Start
2012-11-02 13:50:00Z OEE_IS_Hourly_Check_alarm  Program END 

Create log file
2012-11-02 13:50:00Z PDS_Hourly_Check_Alarm log finish Program Start
2012-11-02 13:50:00Z PDS_Hourly_Check_Alarm log finish Program END 

Create log file
2012-11-02 13:50:01Z PDS_Hourly_Check_Alarm log finish Program Start
2012-11-02 13:50:01Z PDS_Hourly_Check_Alarm log finish Program END 

Create log file
2012-11-02 13:50:01Z ALCS_Hourly_Check_alarm  Program Start
2012-11-02 13:50:01Z ALCS_Hourly_Check_alarm  Program END 

Create log file
2012-11-02 13:50:02Z SERVER_SELF_CHECK   Program Start
2012-11-02 13:50:02Z SERVER_SELF_CHECK   Program END 

Create log file
2012-11-02 14:01:00ZArray_Photo Program Start
1350 log finish

2012-11-02 14:01:03ZArray_Photo Program End

Create log file
2012-11-02 14:03:00ZArray_test_repeat Program Start
2012-11-02 14:03:00ZArray_test_repeat Program End

Create log file
2012-11-02 14:41:17Z oee_empaidxsummdaily_purge Program Start
2012-11-02 14:41:17Z oee_empaidxsummdaily_purge Program END 

Create log file
2012-11-02 14:41:41Z oee_empaidxsummhourly_purge Program Start
2012-11-02 14:41:41Z oee_empaidxsummhourly_purge Program END 

Create log file
2012-11-02 14:44:25Z oee_empastcount_purge Program Start
2012-11-02 14:44:25Z oee_empastcount_purge Program END 

Create log file
2012-11-02 14:50:00Z OEE_IS_Hourly_Check_alarm  Program Start
2012-11-02 14:50:00Z OEE_IS_Hourly_Check_alarm  Program END 

Create log file
2012-11-02 14:50:01Z ALCS_Hourly_Check_alarm  Program Start
2012-11-02 14:50:01Z ALCS_Hourly_Check_alarm  Program END 

Create log file
2012-11-02 14:50:02Z SERVER_SELF_CHECK   Program Start
2012-11-02 14:50:02Z SERVER_SELF_CHECK   Program END 

Create log file
2012-11-02 15:01:00ZArray_Photo Program Start
1450 log finish

2012-11-02 15:01:05ZArray_Photo Program End

Create log file
2012-11-02 15:03:00ZArray_test_repeat Program Start
2012-11-02 15:03:00ZArray_test_repeat Program End

Create log file
2012-11-02 15:41:23Z oee_empaidxsummdaily_purge Program Start
2012-11-02 15:41:23Z oee_empaidxsummdaily_purge Program END 

Create log file
2012-11-02 15:41:43Z oee_empaidxsummhourly_purge Program Start
2012-11-02 15:41:43Z oee_empaidxsummhourly_purge Program END 

Create log file
2012-11-02 15:44:26Z oee_empastcount_purge Program Start
2012-11-02 15:44:26Z oee_empastcount_purge Program END 

Create log file
2012-11-02 15:50:00Z OEE_IS_Hourly_Check_alarm  Program Start
2012-11-02 15:50:00Z OEE_IS_Hourly_Check_alarm  Program END 

Create log file
2012-11-02 15:50:00Z PDS_Hourly_Check_Alarm log finish Program Start
2012-11-02 15:50:00Z PDS_Hourly_Check_Alarm log finish Program END 

Create log file
2012-11-02 15:50:01Z PDS_Hourly_Check_Alarm log finish Program Start
2012-11-02 15:50:01Z PDS_Hourly_Check_Alarm log finish Program END 

Create log file
2012-11-02 15:50:01Z ALCS_Hourly_Check_alarm  Program Start
2012-11-02 15:50:01Z ALCS_Hourly_Check_alarm  Program END 

Create log file
2012-11-02 15:50:02Z SERVER_SELF_CHECK   Program Start
2012-11-02 15:50:02Z SERVER_SELF_CHECK   Program END 

Create log file
2012-11-02 16:01:00ZArray_Photo Program Start
1450 log finish

2012-11-02 16:01:03ZArray_Photo Program End

Create log file
2012-11-02 16:03:00ZArray_test_repeat Program Start
2012-11-02 16:03:00ZArray_test_repeat Program End

Create log file
2012-11-02 16:40:55Z OEE_IS_Hourly_Check_alarm  Program Start
2012-11-02 16:40:55Z OEE_IS_Hourly_Check_alarm  Program END 

Create log file
2012-11-02 16:40:56Z PDS_Hourly_Check_Alarm log finish Program Start
2012-11-02 16:40:56Z PDS_Hourly_Check_Alarm log finish Program END 

Create log file
2012-11-02 16:40:56Z PDS_Hourly_Check_Alarm log finish Program Start
2012-11-02 16:40:56Z PDS_Hourly_Check_Alarm log finish Program END 

Create log file
2012-11-02 16:51:15Z ALCS_Hourly_Check_alarm  Program Start
2012-11-02 16:51:15Z ALCS_Hourly_Check_alarm  Program END 

Create log file
2012-11-02 16:51:15Z OEE_IS_Hourly_Check_alarm  Program Start
2012-11-02 16:51:15Z OEE_IS_Hourly_Check_alarm  Program END 

Create log file
2012-11-02 16:51:16Z PDS_Hourly_Check_Alarm log finish Program Start
2012-11-02 16:51:16Z PDS_Hourly_Check_Alarm log finish Program END 

Create log file
2012-11-02 16:51:16Z PDS_Hourly_Check_Alarm log finish Program Start
2012-11-02 16:51:16Z PDS_Hourly_Check_Alarm log finish Program END 

Create log file
2012-11-02 16:51:16Z SERVER_SELF_CHECK   Program Start
2012-11-02 16:51:16Z SERVER_SELF_CHECK   Program END 

Create log file
2012-11-02 17:01:01ZArray_Photo Program Start
2012-11-02 17:03:30ZArray_Photo Program End

Create log file
2012-11-02 17:04:09Z oee_empaidxsummdaily_purge Program Start
2012-11-02 17:04:09Z oee_empaidxsummdaily_purge Program END 

Create log file
2012-11-02 17:04:37Z oee_empaidxsummhourly_purge Program Start
2012-11-02 17:04:37Z oee_empaidxsummhourly_purge Program END 

Create log file
2012-11-02 17:07:28Z oee_empastcount_purge Program Start
2012-11-02 17:07:28Z oee_empastcount_purge Program END 

Create log file
2012-11-02 17:30:00ZARY_HOLD_LOT Program Start
There are lots exceed process time for 24hrs, please check

There are lots exceed process time for 24hrs, please check

There are lots exceed process time for 24hrs, please check

There are lots exceed process time for 24hrs, please check

There are lots exceed process time for 24hrs, please check

There are lots exceed process time for 24hrs, please check

There are lots exceed process time for 24hrs, please check

There are lots exceed process time for 24hrs, please check

There are lots exceed process time for 24hrs, please check

There are lots exceed process time for 24hrs, please check

There are lots exceed process time for 24hrs, please check

There are lots exceed process time for 24hrs, please check

There are lots exceed process time for 24hrs, please check

There are lots exceed process time for 24hrs, please check

There are lots exceed process time for 24hrs, please check

There are lots exceed process time for 24hrs, please check

2012-11-02 17:30:47ZARY_HOLD_LOT Program End

Create log file
2012-11-02 17:41:10Z oee_empaidxsummdaily_purge Program Start
2012-11-02 17:41:10Z oee_empaidxsummdaily_purge Program END 

Create log file
2012-11-02 17:41:40Z oee_empaidxsummhourly_purge Program Start
2012-11-02 17:41:40Z oee_empaidxsummhourly_purge Program END 

Create log file
2012-11-02 17:44:25Z oee_empastcount_purge Program Start
2012-11-02 17:44:25Z oee_empastcount_purge Program END 

Create log file
2012-11-02 17:50:00Z OEE_IS_Hourly_Check_alarm  Program Start
2012-11-02 17:50:00Z OEE_IS_Hourly_Check_alarm  Program END 

Create log file
2012-11-02 17:50:00Z PDS_Hourly_Check_Alarm log finish Program Start
2012-11-02 17:50:00Z PDS_Hourly_Check_Alarm log finish Program END 

Create log file
2012-11-02 17:50:00Z ALCS_Hourly_Check_alarm  Program Start
2012-11-02 17:50:00Z ALCS_Hourly_Check_alarm  Program END 

Create log file
2012-11-02 17:50:01Z SERVER_SELF_CHECK   Program Start
2012-11-02 17:50:01Z SERVER_SELF_CHECK   Program END 

Create log file
2012-11-02 18:01:00ZArray_Photo Program Start
2012-11-02 18:01:06ZArray_Photo Program End

Create log file
2012-11-02 18:03:00ZArray_test_repeat Program Start
2012-11-02 18:03:00ZArray_test_repeat Program End

Create log file
2012-11-02 18:41:08Z oee_empaidxsummdaily_purge Program Start
2012-11-02 18:41:08Z oee_empaidxsummdaily_purge Program END 

Create log file
2012-11-02 18:41:38Z oee_empaidxsummhourly_purge Program Start
2012-11-02 18:41:38Z oee_empaidxsummhourly_purge Program END 

Create log file
2012-11-02 18:44:23Z oee_empastcount_purge Program Start
2012-11-02 18:44:23Z oee_empastcount_purge Program END 

Create log file
2012-11-02 18:50:00Z OEE_IS_Hourly_Check_alarm  Program Start
2012-11-02 18:50:00Z OEE_IS_Hourly_Check_alarm  Program END 

Create log file
2012-11-02 18:50:00Z ALCS_Hourly_Check_alarm  Program Start
2012-11-02 18:50:00Z ALCS_Hourly_Check_alarm  Program END 

Create log file
2012-11-02 18:50:02Z SERVER_SELF_CHECK   Program Start
2012-11-02 18:50:02Z SERVER_SELF_CHECK   Program END 

Create log file
2012-11-02 19:01:00ZArray_Photo Program Start
1150 log finish

2012-11-02 19:01:04ZArray_Photo Program End

Create log file
2012-11-02 19:03:00ZArray_test_repeat Program Start
2012-11-02 19:03:01ZArray_test_repeat Program End

Create log file
2012-11-02 19:41:22Z oee_empaidxsummdaily_purge Program Start
2012-11-02 19:41:22Z oee_empaidxsummdaily_purge Program END 

Create log file
2012-11-02 19:41:46Z oee_empaidxsummhourly_purge Program Start
2012-11-02 19:41:46Z oee_empaidxsummhourly_purge Program END 

Create log file
2012-11-02 19:44:28Z oee_empastcount_purge Program Start
2012-11-02 19:44:28Z oee_empastcount_purge Program END 

Create log file
2012-11-02 19:50:00Z OEE_IS_Hourly_Check_alarm  Program Start
2012-11-02 19:50:00Z OEE_IS_Hourly_Check_alarm  Program END 

Create log file
2012-11-02 19:50:01Z ALCS_Hourly_Check_alarm  Program Start
2012-11-02 19:50:01Z ALCS_Hourly_Check_alarm  Program END 

Create log file
2012-11-02 19:50:03Z SERVER_SELF_CHECK   Program Start
2012-11-02 19:50:03Z SERVER_SELF_CHECK   Program END 

Create log file
2012-11-02 20:01:00ZArray_Photo Program Start
1150 log finish

1350 log finish

2012-11-02 20:01:04ZArray_Photo Program End

Create log file
2012-11-02 20:03:00ZArray_test_repeat Program Start
2012-11-02 20:03:00ZArray_test_repeat Program End

Create log file
2012-11-02 20:41:23Z oee_empaidxsummdaily_purge Program Start
2012-11-02 20:41:23Z oee_empaidxsummdaily_purge Program END 

Create log file
2012-11-02 20:41:49Z oee_empaidxsummhourly_purge Program Start
2012-11-02 20:41:49Z oee_empaidxsummhourly_purge Program END 

Create log file
2012-11-02 20:44:34Z oee_empastcount_purge Program Start
2012-11-02 20:44:34Z oee_empastcount_purge Program END 

Create log file
2012-11-02 20:50:00Z OEE_IS_Hourly_Check_alarm  Program Start
2012-11-02 20:50:00Z OEE_IS_Hourly_Check_alarm  Program END 

Create log file
2012-11-02 20:50:01Z ALCS_Hourly_Check_alarm  Program Start
2012-11-02 20:50:01Z ALCS_Hourly_Check_alarm  Program END 

Create log file
2012-11-02 20:50:02Z SERVER_SELF_CHECK   Program Start
2012-11-02 20:50:02Z SERVER_SELF_CHECK   Program END 

Create log file
2012-11-02 21:01:00ZArray_Photo Program Start
2012-11-02 21:01:03ZArray_Photo Program End

Create log file
2012-11-02 21:03:00ZArray_test_repeat Program Start
2012-11-02 21:03:00ZArray_test_repeat Program End

Create log file
2012-11-02 21:30:03ZARY_HOLD_LOT Program Start
There are lots exceed process time for 24hrs, please check

There are lots exceed process time for 24hrs, please check

There are lots exceed process time for 24hrs, please check

There are lots exceed process time for 24hrs, please check

There are lots exceed process time for 24hrs, please check

There are lots exceed process time for 24hrs, please check

There are lots exceed process time for 24hrs, please check

There are lots exceed process time for 24hrs, please check

There are lots exceed process time for 24hrs, please check

There are lots exceed process time for 24hrs, please check

There are lots exceed process time for 24hrs, please check

There are lots exceed process time for 24hrs, please check

There are lots exceed process time for 24hrs, please check

There are lots exceed process time for 24hrs, please check

There are lots exceed process time for 24hrs, please check

There are lots exceed process time for 24hrs, please check

There are lots exceed process time for 24hrs, please check

2012-11-02 21:30:36ZARY_HOLD_LOT Program End

Create log file
2012-11-02 21:41:21Z oee_empaidxsummdaily_purge Program Start
2012-11-02 21:41:21Z oee_empaidxsummdaily_purge Program END 

Create log file
2012-11-02 21:41:45Z oee_empaidxsummhourly_purge Program Start
2012-11-02 21:41:45Z oee_empaidxsummhourly_purge Program END 

Create log file
2012-11-02 21:44:29Z oee_empastcount_purge Program Start
2012-11-02 21:44:29Z oee_empastcount_purge Program END 

Create log file
2012-11-02 21:50:00Z OEE_IS_Hourly_Check_alarm  Program Start
2012-11-02 21:50:00Z OEE_IS_Hourly_Check_alarm  Program END 

Create log file
2012-11-02 21:50:03Z ALCS_Hourly_Check_alarm  Program Start
2012-11-02 21:50:03Z ALCS_Hourly_Check_alarm  Program END 

Create log file
2012-11-02 21:50:04Z SERVER_SELF_CHECK   Program Start
2012-11-02 21:50:04Z SERVER_SELF_CHECK   Program END 

Create log file
2012-11-02 22:00:00ZSERVER_SMS_TEST Program Start
SMS log finish

2012-11-02 22:00:00ZSERVER_SMS_TEST Program End

Create log file
2012-11-02 22:01:00ZArray_Photo Program Start
2012-11-02 22:01:04ZArray_Photo Program End

Create log file
2012-11-02 22:03:00ZArray_test_repeat Program Start
2012-11-02 22:03:00ZArray_test_repeat Program End

Create log file
2012-11-02 22:41:38Z oee_empaidxsummdaily_purge Program Start
2012-11-02 22:41:38Z oee_empaidxsummdaily_purge Program END 

Create log file
2012-11-02 22:41:55Z oee_empaidxsummhourly_purge Program Start
2012-11-02 22:41:55Z oee_empaidxsummhourly_purge Program END 

Create log file
2012-11-02 22:44:36Z oee_empastcount_purge Program Start
2012-11-02 22:44:36Z oee_empastcount_purge Program END 

Create log file
2012-11-02 22:50:00Z OEE_IS_Hourly_Check_alarm  Program Start
2012-11-02 22:50:00Z OEE_IS_Hourly_Check_alarm  Program END 

Create log file
2012-11-02 22:50:00Z ALCS_Hourly_Check_alarm  Program Start
2012-11-02 22:50:00Z ALCS_Hourly_Check_alarm  Program END 

Create log file
2012-11-02 22:50:01Z SERVER_SELF_CHECK   Program Start
2012-11-02 22:50:01Z SERVER_SELF_CHECK   Program END 

Create log file
2012-11-02 23:01:00ZArray_Photo Program Start
2012-11-02 23:01:02ZArray_Photo Program End

Create log file
2012-11-02 23:03:00ZArray_test_repeat Program Start
2012-11-02 23:03:01ZArray_test_repeat Program End

Create log file
2012-11-02 23:41:18Z oee_empaidxsummdaily_purge Program Start
2012-11-02 23:41:18Z oee_empaidxsummdaily_purge Program END 

Create log file
2012-11-02 23:41:44Z oee_empaidxsummhourly_purge Program Start
2012-11-02 23:41:44Z oee_empaidxsummhourly_purge Program END 

Create log file
2012-11-02 23:44:30Z oee_empastcount_purge Program Start
2012-11-02 23:44:30Z oee_empastcount_purge Program END 

Create log file
2012-11-02 23:50:00Z OEE_IS_Hourly_Check_alarm  Program Start
2012-11-02 23:50:00Z OEE_IS_Hourly_Check_alarm  Program END 

Create log file
2012-11-02 23:50:01Z ALCS_Hourly_Check_alarm  Program Start
2012-11-02 23:50:01Z ALCS_Hourly_Check_alarm  Program END 

Create log file
2012-11-02 23:50:01Z SERVER_SELF_CHECK   Program Start
2012-11-02 23:50:01Z SERVER_SELF_CHECK   Program END 

