Create log file
2012-10-23 00:01:00ZArray_Photo Program Start
2012-10-23 00:01:02ZArray_Photo Program End

Create log file
2012-10-23 00:03:00ZArray_test_repeat Program Start
2012-10-23 00:03:00ZArray_test_repeat Program End

Create log file
2012-10-23 00:10:00Z T0T1 InnoView Add User Program Start
2012-10-23 00:10:00Z T0T1 InnoView Add User Program END 

Create log file
2012-10-23 00:20:14Z VPNLOG_PARSER Program Start
2012-10-23 00:20:14Z VPNLOG_PARSER Program END 

Create log file
2012-10-23 00:30:00Z T0/T1 RealTimeDept Program Start
2012-10-23 00:30:00Z T0/T1 RealTimeDept Program END 

Create log file
2012-10-23 00:41:48Z oee_empaidxsummdaily_purge Program Start
2012-10-23 00:41:48Z oee_empaidxsummdaily_purge Program END 

Create log file
2012-10-23 00:42:46Z oee_empaidxsummhourly_purge Program Start
2012-10-23 00:42:46Z oee_empaidxsummhourly_purge Program END 

Create log file
2012-10-23 00:46:51Z oee_empastcount_purge Program Start
2012-10-23 00:46:51Z oee_empastcount_purge Program END 

Create log file
2012-10-23 00:50:00Z OEE_IS_Hourly_Check_alarm  Program Start
2012-10-23 00:50:00Z OEE_IS_Hourly_Check_alarm  Program END 

Create log file
2012-10-23 00:50:00Z ALCS_Hourly_Check_alarm  Program Start
2012-10-23 00:50:00Z ALCS_Hourly_Check_alarm  Program END 

Create log file
2012-10-23 00:50:05Z SERVER_SELF_CHECK   Program Start
2012-10-23 00:50:05Z SERVER_SELF_CHECK   Program END 

Create log file
2012-10-23 01:01:00ZArray_Photo Program Start
2012-10-23 01:01:02ZArray_Photo Program End

Create log file
2012-10-23 01:03:00ZArray_test_repeat Program Start
2012-10-23 01:03:01ZArray_test_repeat Program End

Create log file
2012-10-23 01:30:02ZARY_HOLD_LOT Program Start
There are lots exceed process time for 24hrs, please check

There are lots exceed process time for 24hrs, please check

There are lots exceed process time for 24hrs, please check

There are lots exceed process time for 24hrs, please check

There are lots exceed process time for 24hrs, please check

There are lots exceed process time for 24hrs, please check

There are lots exceed process time for 24hrs, please check

There are lots exceed process time for 24hrs, please check

There are lots exceed process time for 24hrs, please check

There are lots exceed process time for 24hrs, please check

There are lots exceed process time for 24hrs, please check

There are lots exceed process time for 24hrs, please check

There are lots exceed process time for 24hrs, please check

There are lots exceed process time for 24hrs, please check

There are lots exceed process time for 24hrs, please check

There are lots exceed process time for 24hrs, please check

2012-10-23 01:30:20ZARY_HOLD_LOT Program End

Create log file
2012-10-23 01:41:15Z oee_empaidxsummdaily_purge Program Start
2012-10-23 01:41:15Z oee_empaidxsummdaily_purge Program END 

Create log file
2012-10-23 01:42:06Z oee_empaidxsummhourly_purge Program Start
2012-10-23 01:42:06Z oee_empaidxsummhourly_purge Program END 

Create log file
2012-10-23 01:44:29Z oee_empastcount_purge Program Start
2012-10-23 01:44:29Z oee_empastcount_purge Program END 

Create log file
2012-10-23 01:50:00Z OEE_IS_Hourly_Check_alarm  Program Start
2012-10-23 01:50:00Z OEE_IS_Hourly_Check_alarm  Program END 

Create log file
2012-10-23 01:50:02Z ALCS_Hourly_Check_alarm  Program Start
2012-10-23 01:50:02Z ALCS_Hourly_Check_alarm  Program END 

Create log file
2012-10-23 01:50:02Z SERVER_SELF_CHECK   Program Start
2012-10-23 01:50:02Z SERVER_SELF_CHECK   Program END 

Create log file
2012-10-23 02:01:00ZArray_Photo Program Start
1150 log finish

2012-10-23 02:01:02ZArray_Photo Program End

Create log file
2012-10-23 02:03:00ZArray_test_repeat Program Start
2012-10-23 02:03:00ZArray_test_repeat Program End

Create log file
2012-10-23 02:41:17Z oee_empaidxsummdaily_purge Program Start
2012-10-23 02:41:17Z oee_empaidxsummdaily_purge Program END 

Create log file
2012-10-23 02:42:08Z oee_empaidxsummhourly_purge Program Start
2012-10-23 02:42:08Z oee_empaidxsummhourly_purge Program END 

Create log file
2012-10-23 02:44:28Z oee_empastcount_purge Program Start
2012-10-23 02:44:28Z oee_empastcount_purge Program END 

Create log file
2012-10-23 02:50:00Z OEE_IS_Hourly_Check_alarm  Program Start
2012-10-23 02:50:00Z OEE_IS_Hourly_Check_alarm  Program END 

Create log file
2012-10-23 02:50:04Z ALCS_Hourly_Check_alarm  Program Start
2012-10-23 02:50:04Z ALCS_Hourly_Check_alarm  Program END 

Create log file
2012-10-23 02:50:05Z SERVER_SELF_CHECK   Program Start
2012-10-23 02:50:05Z SERVER_SELF_CHECK   Program END 

Create log file
2012-10-23 03:01:00ZArray_Photo Program Start
1150 log finish

2012-10-23 03:01:02ZArray_Photo Program End

Create log file
2012-10-23 03:03:00ZArray_test_repeat Program Start
2012-10-23 03:03:00ZArray_test_repeat Program End

Create log file
2012-10-23 03:41:16Z oee_empaidxsummdaily_purge Program Start
2012-10-23 03:41:16Z oee_empaidxsummdaily_purge Program END 

Create log file
2012-10-23 03:42:07Z oee_empaidxsummhourly_purge Program Start
2012-10-23 03:42:07Z oee_empaidxsummhourly_purge Program END 

Create log file
2012-10-23 03:44:28Z oee_empastcount_purge Program Start
2012-10-23 03:44:28Z oee_empastcount_purge Program END 

Create log file
2012-10-23 03:50:00Z OEE_IS_Hourly_Check_alarm  Program Start
2012-10-23 03:50:00Z OEE_IS_Hourly_Check_alarm  Program END 

Create log file
2012-10-23 03:50:00Z ALCS_Hourly_Check_alarm  Program Start
2012-10-23 03:50:00Z ALCS_Hourly_Check_alarm  Program END 

Create log file
2012-10-23 03:50:01Z SERVER_SELF_CHECK   Program Start
2012-10-23 03:50:01Z SERVER_SELF_CHECK   Program END 

Create log file
2012-10-23 04:01:00ZArray_Photo Program Start
1150 log finish

1250 log finish

2012-10-23 04:01:02ZArray_Photo Program End

Create log file
2012-10-23 04:03:00ZArray_test_repeat Program Start
2012-10-23 04:03:00ZArray_test_repeat Program End

Create log file
2012-10-23 04:41:16Z oee_empaidxsummdaily_purge Program Start
2012-10-23 04:41:16Z oee_empaidxsummdaily_purge Program END 

Create log file
2012-10-23 04:42:08Z oee_empaidxsummhourly_purge Program Start
2012-10-23 04:42:08Z oee_empaidxsummhourly_purge Program END 

Create log file
2012-10-23 04:44:23Z oee_empastcount_purge Program Start
2012-10-23 04:44:23Z oee_empastcount_purge Program END 

Create log file
2012-10-23 04:50:00Z OEE_IS_Hourly_Check_alarm  Program Start
2012-10-23 04:50:00Z OEE_IS_Hourly_Check_alarm  Program END 

Create log file
2012-10-23 04:50:00Z ALCS_Hourly_Check_alarm  Program Start
2012-10-23 04:50:00Z ALCS_Hourly_Check_alarm  Program END 

Create log file
2012-10-23 04:50:01Z SERVER_SELF_CHECK   Program Start
2012-10-23 04:50:01Z SERVER_SELF_CHECK   Program END 

Create log file
2012-10-23 05:01:00ZArray_Photo Program Start
1150 log finish

2012-10-23 05:01:02ZArray_Photo Program End

Create log file
2012-10-23 05:03:00ZArray_test_repeat Program Start
2012-10-23 05:03:00ZArray_test_repeat Program End

Create log file
2012-10-23 05:30:01ZARY_HOLD_LOT Program Start
There are lots exceed process time for 24hrs, please check

There are lots exceed process time for 24hrs, please check

There are lots exceed process time for 24hrs, please check

There are lots exceed process time for 24hrs, please check

There are lots exceed process time for 24hrs, please check

There are lots exceed process time for 24hrs, please check

There are lots exceed process time for 24hrs, please check

There are lots exceed process time for 24hrs, please check

There are lots exceed process time for 24hrs, please check

There are lots exceed process time for 24hrs, please check

There are lots exceed process time for 24hrs, please check

There are lots exceed process time for 24hrs, please check

There are lots exceed process time for 24hrs, please check

There are lots exceed process time for 24hrs, please check

There are lots exceed process time for 24hrs, please check

There are lots exceed process time for 24hrs, please check

There are lots exceed process time for 24hrs, please check

2012-10-23 05:30:20ZARY_HOLD_LOT Program End

Create log file
2012-10-23 05:41:15Z oee_empaidxsummdaily_purge Program Start
2012-10-23 05:41:15Z oee_empaidxsummdaily_purge Program END 

Create log file
2012-10-23 05:42:10Z oee_empaidxsummhourly_purge Program Start
2012-10-23 05:42:10Z oee_empaidxsummhourly_purge Program END 

Create log file
2012-10-23 05:44:27Z oee_empastcount_purge Program Start
2012-10-23 05:44:27Z oee_empastcount_purge Program END 

Create log file
2012-10-23 05:50:00Z OEE_IS_Hourly_Check_alarm  Program Start
2012-10-23 05:50:00Z OEE_IS_Hourly_Check_alarm  Program END 

Create log file
2012-10-23 05:50:00Z ALCS_Hourly_Check_alarm  Program Start
2012-10-23 05:50:00Z ALCS_Hourly_Check_alarm  Program END 

Create log file
2012-10-23 05:50:01Z SERVER_SELF_CHECK   Program Start
2012-10-23 05:50:01Z SERVER_SELF_CHECK   Program END 

Create log file
2012-10-23 06:01:00ZArray_Photo Program Start
1150 log finish

1350 log finish

2012-10-23 06:01:02ZArray_Photo Program End

Create log file
2012-10-23 06:03:00ZArray_test_repeat Program Start
2012-10-23 06:03:00ZArray_test_repeat Program End

Create log file
2012-10-23 06:41:21Z oee_empaidxsummdaily_purge Program Start
2012-10-23 06:41:21Z oee_empaidxsummdaily_purge Program END 

Create log file
2012-10-23 06:42:11Z oee_empaidxsummhourly_purge Program Start
2012-10-23 06:42:11Z oee_empaidxsummhourly_purge Program END 

Create log file
2012-10-23 06:44:33Z oee_empastcount_purge Program Start
2012-10-23 06:44:33Z oee_empastcount_purge Program END 

Create log file
2012-10-23 06:50:47Z ODS_Recover_Lot 154 Lots Program Start
2012-10-23 06:50:47Z ODS_Recover_Lot 154 Lots Program END 

Create log file
2012-10-23 06:51:03Z OEE_IS_Hourly_Check_alarm  Program Start
2012-10-23 06:51:03Z OEE_IS_Hourly_Check_alarm  Program END 

Create log file
2012-10-23 06:51:04Z ALCS_Hourly_Check_alarm  Program Start
2012-10-23 06:51:04Z ALCS_Hourly_Check_alarm  Program END 

Create log file
2012-10-23 06:51:04Z SERVER_SELF_CHECK   Program Start
2012-10-23 06:51:04Z SERVER_SELF_CHECK   Program END 

Create log file
2012-10-23 07:01:00ZArray_Photo Program Start
1150 log finish

1250 log finish

2012-10-23 07:01:03ZArray_Photo Program End

Create log file
2012-10-23 07:03:00ZArray_test_repeat Program Start
2012-10-23 07:03:00ZArray_test_repeat Program End

Create log file
2012-10-23 07:31:56Z OEELH_fixed_data_Daily Program Start
2012-10-23 07:31:56Z OEELH_fixed_data_Daily Program END 

Create log file
2012-10-23 07:41:19Z oee_empaidxsummdaily_purge Program Start
2012-10-23 07:41:19Z oee_empaidxsummdaily_purge Program END 

Create log file
2012-10-23 07:42:31Z oee_empaidxsummhourly_purge Program Start
2012-10-23 07:42:31Z oee_empaidxsummhourly_purge Program END 

Create log file
2012-10-23 07:44:39Z oee_empastcount_purge Program Start
2012-10-23 07:44:39Z oee_empastcount_purge Program END 

Create log file
2012-10-23 07:50:05Z OEE_IS_Hourly_Check_alarm  Program Start
2012-10-23 07:50:05Z OEE_IS_Hourly_Check_alarm  Program END 

Create log file
2012-10-23 07:50:07Z ALCS_Hourly_Check_alarm  Program Start
2012-10-23 07:50:07Z ALCS_Hourly_Check_alarm  Program END 

Create log file
2012-10-23 07:50:09Z SERVER_SELF_CHECK   Program Start
2012-10-23 07:50:09Z SERVER_SELF_CHECK   Program END 

Create log file
2012-10-23 08:00:00Z Check_Onduty_Time From Onduty_dotnet2  Program Start
2012-10-23 08:00:00Z Check_Onduty_Time From Onduty_dotnet2  Program END 

Create log file
2012-10-23 08:01:00ZArray_Photo Program Start
1150 log finish

2012-10-23 08:01:02ZArray_Photo Program End

Create log file
2012-10-23 08:03:00ZArray_test_repeat Program Start
2012-10-23 08:03:00ZArray_test_repeat Program End

Create log file
2012-10-23 08:30:00ZHoliday_inout_SMS Program Start
2012-10-23 08:30:00ZHoliday_Inout_SMS Program End

Create log file
2012-10-23 08:32:00ZOEE_EQP_SMS Program Start
2012-10-23 08:32:44ZOEE_EQP_SMS Program End

Create log file
2012-10-23 08:41:06Z oee_empaidxsummdaily_purge Program Start
2012-10-23 08:41:06Z oee_empaidxsummdaily_purge Program END 

Create log file
2012-10-23 08:42:11Z oee_empaidxsummhourly_purge Program Start
2012-10-23 08:42:11Z oee_empaidxsummhourly_purge Program END 

Create log file
2012-10-23 08:44:29Z oee_empastcount_purge Program Start
2012-10-23 08:44:29Z oee_empastcount_purge Program END 

Create log file
2012-10-23 08:45:00ZHoliday_inout_SMS_For_C2 Program Start
2012-10-23 08:45:07ZHoliday_Inout_SMS_For_C2 Program End

Create log file
2012-10-23 08:50:00Z OEE_IS_Hourly_Check_alarm  Program Start
2012-10-23 08:50:00Z OEE_IS_Hourly_Check_alarm  Program END 

Create log file
2012-10-23 08:50:00Z ALCS_Hourly_Check_alarm  Program Start
2012-10-23 08:50:00Z ALCS_Hourly_Check_alarm  Program END 

Create log file
2012-10-23 08:50:01Z SERVER_SELF_CHECK   Program Start
2012-10-23 08:50:01Z SERVER_SELF_CHECK   Program END 

Create log file
2012-10-23 09:01:01ZArray_Photo Program Start
1150 log finish

2012-10-23 09:01:04ZArray_Photo Program End

Create log file
2012-10-23 09:03:00ZArray_test_repeat Program Start
2012-10-23 09:03:00ZArray_test_repeat Program End

Create log file
2012-10-23 09:30:01ZARY_HOLD_LOT Program Start
There are lots exceed process time for 24hrs, please check

There are lots exceed process time for 24hrs, please check

There are lots exceed process time for 24hrs, please check

There are lots exceed process time for 24hrs, please check

There are lots exceed process time for 24hrs, please check

There are lots exceed process time for 24hrs, please check

There are lots exceed process time for 24hrs, please check

There are lots exceed process time for 24hrs, please check

There are lots exceed process time for 24hrs, please check

There are lots exceed process time for 24hrs, please check

There are lots exceed process time for 24hrs, please check

There are lots exceed process time for 24hrs, please check

There are lots exceed process time for 24hrs, please check

There are lots exceed process time for 24hrs, please check

There are lots exceed process time for 24hrs, please check

There are lots exceed process time for 24hrs, please check

There are lots exceed process time for 24hrs, please check

2012-10-23 09:30:31ZARY_HOLD_LOT Program End

Create log file
2012-10-23 09:41:16Z oee_empaidxsummdaily_purge Program Start
2012-10-23 09:41:16Z oee_empaidxsummdaily_purge Program END 

Create log file
2012-10-23 09:42:09Z oee_empaidxsummhourly_purge Program Start
2012-10-23 09:42:09Z oee_empaidxsummhourly_purge Program END 

Create log file
2012-10-23 09:44:36Z oee_empastcount_purge Program Start
2012-10-23 09:44:36Z oee_empastcount_purge Program END 

Create log file
2012-10-23 09:50:00Z OEE_IS_Hourly_Check_alarm  Program Start
2012-10-23 09:50:00Z OEE_IS_Hourly_Check_alarm  Program END 

Create log file
2012-10-23 09:50:00Z ALCS_Hourly_Check_alarm  Program Start
2012-10-23 09:50:00Z ALCS_Hourly_Check_alarm  Program END 

Create log file
2012-10-23 09:50:01Z SERVER_SELF_CHECK   Program Start
2012-10-23 09:50:01Z SERVER_SELF_CHECK   Program END 

Create log file
2012-10-23 10:01:00ZArray_Photo Program Start
1150 log finish

1450 log finish

2012-10-23 10:01:03ZArray_Photo Program End

Create log file
2012-10-23 10:03:00ZArray_test_repeat Program Start
2012-10-23 10:03:00ZArray_test_repeat Program End

Create log file
2012-10-23 10:41:11Z oee_empaidxsummdaily_purge Program Start
2012-10-23 10:41:11Z oee_empaidxsummdaily_purge Program END 

Create log file
2012-10-23 10:42:09Z oee_empaidxsummhourly_purge Program Start
2012-10-23 10:42:09Z oee_empaidxsummhourly_purge Program END 

Create log file
2012-10-23 10:44:30Z oee_empastcount_purge Program Start
2012-10-23 10:44:30Z oee_empastcount_purge Program END 

Create log file
2012-10-23 10:50:00Z OEE_IS_Hourly_Check_alarm  Program Start
2012-10-23 10:50:00Z OEE_IS_Hourly_Check_alarm  Program END 

Create log file
2012-10-23 10:50:01Z ALCS_Hourly_Check_alarm  Program Start
2012-10-23 10:50:01Z ALCS_Hourly_Check_alarm  Program END 

Create log file
2012-10-23 10:50:02Z SERVER_SELF_CHECK   Program Start
2012-10-23 10:50:02Z SERVER_SELF_CHECK   Program END 

Create log file
2012-10-23 11:01:11ZArray_Photo Program Start
1150 log finish

2012-10-23 11:01:14ZArray_Photo Program End

Create log file
2012-10-23 11:03:00ZArray_test_repeat Program Start
2012-10-23 11:03:01ZArray_test_repeat Program End

Create log file
2012-10-23 11:40:00Z T1OEE Purge Program Start
2012-10-23 11:40:00Z T1OEE Purge Program END 

Create log file
2012-10-23 11:41:16Z oee_empaidxsummdaily_purge Program Start
2012-10-23 11:41:16Z oee_empaidxsummdaily_purge Program END 

Create log file
2012-10-23 11:42:37Z oee_empaidxsummhourly_purge Program Start
2012-10-23 11:42:37Z oee_empaidxsummhourly_purge Program END 

Create log file
2012-10-23 11:44:50Z oee_empastcount_purge Program Start
2012-10-23 11:44:50Z oee_empastcount_purge Program END 

Create log file
2012-10-23 11:50:00Z OEE_IS_Hourly_Check_alarm  Program Start
2012-10-23 11:50:00Z OEE_IS_Hourly_Check_alarm  Program END 

Create log file
2012-10-23 11:50:00Z ALCS_Hourly_Check_alarm  Program Start
2012-10-23 11:50:00Z ALCS_Hourly_Check_alarm  Program END 

Create log file
2012-10-23 11:50:01Z SERVER_SELF_CHECK   Program Start
2012-10-23 11:50:01Z SERVER_SELF_CHECK   Program END 

Create log file
2012-10-23 12:01:00ZArray_Photo Program Start
1150 log finish

2012-10-23 12:01:03ZArray_Photo Program End

Create log file
2012-10-23 12:03:00ZArray_test_repeat Program Start
2012-10-23 12:03:00ZArray_test_repeat Program End

Create log file
2012-10-23 12:41:09Z oee_empaidxsummdaily_purge Program Start
2012-10-23 12:41:09Z oee_empaidxsummdaily_purge Program END 

Create log file
2012-10-23 12:42:03Z oee_empaidxsummhourly_purge Program Start
2012-10-23 12:42:03Z oee_empaidxsummhourly_purge Program END 

Create log file
2012-10-23 12:44:32Z oee_empastcount_purge Program Start
2012-10-23 12:44:32Z oee_empastcount_purge Program END 

Create log file
2012-10-23 12:50:00Z OEE_IS_Hourly_Check_alarm  Program Start
2012-10-23 12:50:00Z OEE_IS_Hourly_Check_alarm  Program END 

Create log file
2012-10-23 12:50:00Z ALCS_Hourly_Check_alarm  Program Start
2012-10-23 12:50:00Z ALCS_Hourly_Check_alarm  Program END 

Create log file
2012-10-23 12:50:01Z SERVER_SELF_CHECK   Program Start
2012-10-23 12:50:01Z SERVER_SELF_CHECK   Program END 

Create log file
2012-10-23 13:01:00ZArray_Photo Program Start
1150 log finish

1250 log finish

2012-10-23 13:01:03ZArray_Photo Program End

Create log file
2012-10-23 13:03:00ZArray_test_repeat Program Start
2012-10-23 13:03:00ZArray_test_repeat Program End

Create log file
2012-10-23 13:30:00ZARY_HOLD_LOT Program Start
There are lots exceed process time for 24hrs, please check

There are lots exceed process time for 24hrs, please check

There are lots exceed process time for 24hrs, please check

There are lots exceed process time for 24hrs, please check

There are lots exceed process time for 24hrs, please check

There are lots exceed process time for 24hrs, please check

There are lots exceed process time for 24hrs, please check

There are lots exceed process time for 48hrs, please check

There are lots exceed process time for 24hrs, please check

There are lots exceed process time for 24hrs, please check

There are lots exceed process time for 48hrs, please check

There are lots exceed process time for 24hrs, please check

There are lots exceed process time for 24hrs, please check

There are lots exceed process time for 48hrs, please check

There are lots exceed process time for 24hrs, please check

There are lots exceed process time for 24hrs, please check

There are lots exceed process time for 48hrs, please check

There are lots exceed process time for 24hrs, please check

There are lots exceed process time for 24hrs, please check

There are lots exceed process time for 48hrs, please check

There are lots exceed process time for 24hrs, please check

There are lots exceed process time for 24hrs, please check

There are lots exceed process time for 48hrs, please check

There are lots exceed process time for 24hrs, please check

There are lots exceed process time for 24hrs, please check

There are lots exceed process time for 48hrs, please check

There are lots exceed process time for 24hrs, please check

There are lots exceed process time for 24hrs, please check

There are lots exceed process time for 48hrs, please check

There are lots exceed process time for 24hrs, please check

There are lots exceed process time for 24hrs, please check

There are lots exceed process time for 48hrs, please check

There are lots exceed process time for 24hrs, please check

There are lots exceed process time for 24hrs, please check

There are lots exceed process time for 48hrs, please check

There are lots exceed process time for 24hrs, please check

There are lots exceed process time for 24hrs, please check

There are lots exceed process time for 24hrs, please check

There are lots exceed process time for 48hrs, please check

There are lots exceed process time for 24hrs, please check

There are lots exceed process time for 24hrs, please check

There are lots exceed process time for 24hrs, please check

There are lots exceed process time for 48hrs, please check

There are lots exceed process time for 24hrs, please check

There are lots exceed process time for 24hrs, please check

There are lots exceed process time for 24hrs, please check

There are lots exceed process time for 48hrs, please check

There are lots exceed process time for 24hrs, please check

There are lots exceed process time for 24hrs, please check

There are lots exceed process time for 48hrs, please check

2012-10-23 13:30:20ZARY_HOLD_LOT Program End

Create log file
2012-10-23 13:41:29Z oee_empaidxsummdaily_purge Program Start
2012-10-23 13:41:29Z oee_empaidxsummdaily_purge Program END 

Create log file
2012-10-23 13:41:47Z oee_empaidxsummhourly_purge Program Start
2012-10-23 13:41:47Z oee_empaidxsummhourly_purge Program END 

Create log file
2012-10-23 13:44:32Z oee_empastcount_purge Program Start
2012-10-23 13:44:32Z oee_empastcount_purge Program END 

Create log file
2012-10-23 13:50:00Z OEE_IS_Hourly_Check_alarm  Program Start
2012-10-23 13:50:00Z OEE_IS_Hourly_Check_alarm  Program END 

Create log file
2012-10-23 13:50:00Z ALCS_Hourly_Check_alarm  Program Start
2012-10-23 13:50:00Z ALCS_Hourly_Check_alarm  Program END 

Create log file
2012-10-23 13:50:01Z SERVER_SELF_CHECK   Program Start
2012-10-23 13:50:01Z SERVER_SELF_CHECK   Program END 

Create log file
2012-10-23 14:01:00ZArray_Photo Program Start
1150 log finish

1250 log finish

2012-10-23 14:01:04ZArray_Photo Program End

Create log file
2012-10-23 14:03:00ZArray_test_repeat Program Start
2012-10-23 14:03:00ZArray_test_repeat Program End

Create log file
2012-10-23 14:41:16Z oee_empaidxsummdaily_purge Program Start
2012-10-23 14:41:16Z oee_empaidxsummdaily_purge Program END 

Create log file
2012-10-23 14:41:44Z oee_empaidxsummhourly_purge Program Start
2012-10-23 14:41:44Z oee_empaidxsummhourly_purge Program END 

Create log file
2012-10-23 14:44:27Z oee_empastcount_purge Program Start
2012-10-23 14:44:27Z oee_empastcount_purge Program END 

Create log file
2012-10-23 14:50:00Z OEE_IS_Hourly_Check_alarm  Program Start
2012-10-23 14:50:00Z OEE_IS_Hourly_Check_alarm  Program END 

Create log file
2012-10-23 14:50:00Z ALCS_Hourly_Check_alarm  Program Start
2012-10-23 14:50:00Z ALCS_Hourly_Check_alarm  Program END 

Create log file
2012-10-23 14:50:01Z SERVER_SELF_CHECK   Program Start
2012-10-23 14:50:01Z SERVER_SELF_CHECK   Program END 

Create log file
2012-10-23 15:01:00ZArray_Photo Program Start
1150 log finish

1250 log finish

2012-10-23 15:01:04ZArray_Photo Program End

Create log file
2012-10-23 15:03:01ZArray_test_repeat Program Start
2012-10-23 15:03:01ZArray_test_repeat Program End

Create log file
2012-10-23 15:41:34Z oee_empaidxsummdaily_purge Program Start
2012-10-23 15:41:34Z oee_empaidxsummdaily_purge Program END 

Create log file
2012-10-23 15:41:58Z oee_empaidxsummhourly_purge Program Start
2012-10-23 15:41:58Z oee_empaidxsummhourly_purge Program END 

Create log file
2012-10-23 15:44:45Z oee_empastcount_purge Program Start
2012-10-23 15:44:45Z oee_empastcount_purge Program END 

Create log file
2012-10-23 15:50:00Z OEE_IS_Hourly_Check_alarm  Program Start
2012-10-23 15:50:00Z OEE_IS_Hourly_Check_alarm  Program END 

Create log file
2012-10-23 15:50:01Z ALCS_Hourly_Check_alarm  Program Start
2012-10-23 15:50:01Z ALCS_Hourly_Check_alarm  Program END 

Create log file
2012-10-23 15:50:02Z SERVER_SELF_CHECK   Program Start
2012-10-23 15:50:02Z SERVER_SELF_CHECK   Program END 

Create log file
2012-10-23 16:01:00ZArray_Photo Program Start
1250 log finish

2012-10-23 16:01:03ZArray_Photo Program End

Create log file
2012-10-23 16:03:00ZArray_test_repeat Program Start
2012-10-23 16:03:00ZArray_test_repeat Program End

Create log file
2012-10-23 16:42:00Z oee_empaidxsummdaily_purge Program Start
2012-10-23 16:42:00Z oee_empaidxsummdaily_purge Program END 

Create log file
2012-10-23 16:42:23Z oee_empaidxsummhourly_purge Program Start
2012-10-23 16:42:23Z oee_empaidxsummhourly_purge Program END 

Create log file
2012-10-23 16:45:07Z oee_empastcount_purge Program Start
2012-10-23 16:45:07Z oee_empastcount_purge Program END 

Create log file
2012-10-23 16:50:00Z OEE_IS_Hourly_Check_alarm  Program Start
2012-10-23 16:50:00Z OEE_IS_Hourly_Check_alarm  Program END 

Create log file
2012-10-23 16:50:01Z ALCS_Hourly_Check_alarm  Program Start
2012-10-23 16:50:01Z ALCS_Hourly_Check_alarm  Program END 

Create log file
2012-10-23 16:50:02Z SERVER_SELF_CHECK   Program Start
2012-10-23 16:50:02Z SERVER_SELF_CHECK   Program END 

Create log file
2012-10-23 17:01:00ZArray_Photo Program Start
1250 log finish

2012-10-23 17:01:03ZArray_Photo Program End

Create log file
2012-10-23 17:03:00ZArray_test_repeat Program Start
2012-10-23 17:03:00ZArray_test_repeat Program End

Create log file
2012-10-23 17:30:00ZARY_HOLD_LOT Program Start
There are lots exceed process time for 24hrs, please check

There are lots exceed process time for 24hrs, please check

There are lots exceed process time for 24hrs, please check

There are lots exceed process time for 24hrs, please check

There are lots exceed process time for 24hrs, please check

There are lots exceed process time for 24hrs, please check

There are lots exceed process time for 24hrs, please check

There are lots exceed process time for 24hrs, please check

There are lots exceed process time for 24hrs, please check

There are lots exceed process time for 24hrs, please check

There are lots exceed process time for 24hrs, please check

There are lots exceed process time for 24hrs, please check

There are lots exceed process time for 24hrs, please check

There are lots exceed process time for 24hrs, please check

2012-10-23 17:30:23ZARY_HOLD_LOT Program End

Create log file
2012-10-23 17:41:24Z oee_empaidxsummdaily_purge Program Start
2012-10-23 17:41:24Z oee_empaidxsummdaily_purge Program END 

Create log file
2012-10-23 17:41:44Z oee_empaidxsummhourly_purge Program Start
2012-10-23 17:41:44Z oee_empaidxsummhourly_purge Program END 

Create log file
2012-10-23 17:44:28Z oee_empastcount_purge Program Start
2012-10-23 17:44:28Z oee_empastcount_purge Program END 

Create log file
2012-10-23 17:50:00Z OEE_IS_Hourly_Check_alarm  Program Start
2012-10-23 17:50:00Z OEE_IS_Hourly_Check_alarm  Program END 

Create log file
2012-10-23 17:50:01Z ALCS_Hourly_Check_alarm  Program Start
2012-10-23 17:50:01Z ALCS_Hourly_Check_alarm  Program END 

Create log file
2012-10-23 17:50:01Z SERVER_SELF_CHECK   Program Start
2012-10-23 17:50:01Z SERVER_SELF_CHECK   Program END 

Create log file
2012-10-23 18:01:00ZArray_Photo Program Start
2012-10-23 18:01:02ZArray_Photo Program End

Create log file
2012-10-23 18:03:00ZArray_test_repeat Program Start
2012-10-23 18:03:00ZArray_test_repeat Program End

Create log file
2012-10-23 18:41:21Z oee_empaidxsummdaily_purge Program Start
2012-10-23 18:41:21Z oee_empaidxsummdaily_purge Program END 

Create log file
2012-10-23 18:41:44Z oee_empaidxsummhourly_purge Program Start
2012-10-23 18:41:44Z oee_empaidxsummhourly_purge Program END 

Create log file
2012-10-23 18:44:25Z oee_empastcount_purge Program Start
2012-10-23 18:44:25Z oee_empastcount_purge Program END 

Create log file
2012-10-23 18:50:00Z OEE_IS_Hourly_Check_alarm  Program Start
2012-10-23 18:50:00Z OEE_IS_Hourly_Check_alarm  Program END 

Create log file
2012-10-23 18:50:06Z ALCS_Hourly_Check_alarm  Program Start
2012-10-23 18:50:06Z ALCS_Hourly_Check_alarm  Program END 

Create log file
2012-10-23 18:50:07Z SERVER_SELF_CHECK   Program Start
2012-10-23 18:50:07Z SERVER_SELF_CHECK   Program END 

Create log file
2012-10-23 19:01:00ZArray_Photo Program Start
1150 log finish

2012-10-23 19:01:02ZArray_Photo Program End

Create log file
2012-10-23 19:03:00ZArray_test_repeat Program Start
2012-10-23 19:03:00ZArray_test_repeat Program End

Create log file
2012-10-23 19:41:16Z oee_empaidxsummdaily_purge Program Start
2012-10-23 19:41:16Z oee_empaidxsummdaily_purge Program END 

Create log file
2012-10-23 19:41:39Z oee_empaidxsummhourly_purge Program Start
2012-10-23 19:41:39Z oee_empaidxsummhourly_purge Program END 

Create log file
2012-10-23 19:44:23Z oee_empastcount_purge Program Start
2012-10-23 19:44:23Z oee_empastcount_purge Program END 

Create log file
2012-10-23 19:50:00Z OEE_IS_Hourly_Check_alarm  Program Start
2012-10-23 19:50:00Z OEE_IS_Hourly_Check_alarm  Program END 

Create log file
2012-10-23 19:50:00Z ALCS_Hourly_Check_alarm  Program Start
2012-10-23 19:50:00Z ALCS_Hourly_Check_alarm  Program END 

Create log file
2012-10-23 19:50:05Z SERVER_SELF_CHECK   Program Start
2012-10-23 19:50:05Z SERVER_SELF_CHECK   Program END 

Create log file
2012-10-23 20:01:00ZArray_Photo Program Start
1150 log finish

2012-10-23 20:01:02ZArray_Photo Program End

Create log file
2012-10-23 20:03:00ZArray_test_repeat Program Start
2012-10-23 20:03:00ZArray_test_repeat Program End

Create log file
2012-10-23 20:41:19Z oee_empaidxsummdaily_purge Program Start
2012-10-23 20:41:19Z oee_empaidxsummdaily_purge Program END 

Create log file
2012-10-23 20:41:44Z oee_empaidxsummhourly_purge Program Start
2012-10-23 20:41:44Z oee_empaidxsummhourly_purge Program END 

Create log file
2012-10-23 20:44:29Z oee_empastcount_purge Program Start
2012-10-23 20:44:29Z oee_empastcount_purge Program END 

Create log file
2012-10-23 20:50:00Z OEE_IS_Hourly_Check_alarm  Program Start
2012-10-23 20:50:00Z OEE_IS_Hourly_Check_alarm  Program END 

Create log file
2012-10-23 20:50:00Z ALCS_Hourly_Check_alarm  Program Start
2012-10-23 20:50:00Z ALCS_Hourly_Check_alarm  Program END 

Create log file
2012-10-23 20:50:01Z SERVER_SELF_CHECK   Program Start
2012-10-23 20:50:01Z SERVER_SELF_CHECK   Program END 

Create log file
2012-10-23 21:01:00ZArray_Photo Program Start
2012-10-23 21:01:02ZArray_Photo Program End

Create log file
2012-10-23 21:03:00ZArray_test_repeat Program Start
2012-10-23 21:03:00ZArray_test_repeat Program End

Create log file
2012-10-23 21:30:00ZARY_HOLD_LOT Program Start
There are lots exceed process time for 24hrs, please check

There are lots exceed process time for 24hrs, please check

There are lots exceed process time for 24hrs, please check

There are lots exceed process time for 24hrs, please check

There are lots exceed process time for 24hrs, please check

There are lots exceed process time for 24hrs, please check

There are lots exceed process time for 24hrs, please check

There are lots exceed process time for 24hrs, please check

There are lots exceed process time for 24hrs, please check

There are lots exceed process time for 24hrs, please check

There are lots exceed process time for 24hrs, please check

There are lots exceed process time for 24hrs, please check

There are lots exceed process time for 24hrs, please check

There are lots exceed process time for 24hrs, please check

There are lots exceed process time for 24hrs, please check

2012-10-23 21:30:18ZARY_HOLD_LOT Program End

Create log file
2012-10-23 21:41:17Z oee_empaidxsummdaily_purge Program Start
2012-10-23 21:41:17Z oee_empaidxsummdaily_purge Program END 

Create log file
2012-10-23 21:41:40Z oee_empaidxsummhourly_purge Program Start
2012-10-23 21:41:40Z oee_empaidxsummhourly_purge Program END 

Create log file
2012-10-23 21:44:22Z oee_empastcount_purge Program Start
2012-10-23 21:44:22Z oee_empastcount_purge Program END 

Create log file
2012-10-23 21:50:00Z OEE_IS_Hourly_Check_alarm  Program Start
2012-10-23 21:50:00Z OEE_IS_Hourly_Check_alarm  Program END 

Create log file
2012-10-23 21:50:06Z ALCS_Hourly_Check_alarm  Program Start
2012-10-23 21:50:06Z ALCS_Hourly_Check_alarm  Program END 

Create log file
2012-10-23 21:50:06Z SERVER_SELF_CHECK   Program Start
2012-10-23 21:50:06Z SERVER_SELF_CHECK   Program END 

Create log file
2012-10-23 22:00:00ZSERVER_SMS_TEST Program Start
SMS log finish

2012-10-23 22:00:00ZSERVER_SMS_TEST Program End

Create log file
2012-10-23 22:01:00ZArray_Photo Program Start
1350 log finish

2012-10-23 22:01:02ZArray_Photo Program End

Create log file
2012-10-23 22:03:00ZArray_test_repeat Program Start
2012-10-23 22:03:00ZArray_test_repeat Program End

Create log file
2012-10-23 22:41:31Z oee_empaidxsummdaily_purge Program Start
2012-10-23 22:41:31Z oee_empaidxsummdaily_purge Program END 

Create log file
2012-10-23 22:41:53Z oee_empaidxsummhourly_purge Program Start
2012-10-23 22:41:53Z oee_empaidxsummhourly_purge Program END 

Create log file
2012-10-23 22:44:40Z oee_empastcount_purge Program Start
2012-10-23 22:44:40Z oee_empastcount_purge Program END 

Create log file
2012-10-23 22:50:00Z OEE_IS_Hourly_Check_alarm  Program Start
2012-10-23 22:50:00Z OEE_IS_Hourly_Check_alarm  Program END 

Create log file
2012-10-23 22:50:01Z ALCS_Hourly_Check_alarm  Program Start
2012-10-23 22:50:01Z ALCS_Hourly_Check_alarm  Program END 

Create log file
2012-10-23 22:50:02Z SERVER_SELF_CHECK   Program Start
2012-10-23 22:50:02Z SERVER_SELF_CHECK   Program END 

Create log file
2012-10-23 23:01:00ZArray_Photo Program Start
1150 log finish

2012-10-23 23:01:04ZArray_Photo Program End

Create log file
2012-10-23 23:03:00ZArray_test_repeat Program Start
2012-10-23 23:03:01ZArray_test_repeat Program End

Create log file
2012-10-23 23:41:19Z oee_empaidxsummdaily_purge Program Start
2012-10-23 23:41:19Z oee_empaidxsummdaily_purge Program END 

Create log file
2012-10-23 23:41:44Z oee_empaidxsummhourly_purge Program Start
2012-10-23 23:41:44Z oee_empaidxsummhourly_purge Program END 

Create log file
2012-10-23 23:44:42Z oee_empastcount_purge Program Start
2012-10-23 23:44:42Z oee_empastcount_purge Program END 

Create log file
2012-10-23 23:50:00Z OEE_IS_Hourly_Check_alarm  Program Start
2012-10-23 23:50:00Z OEE_IS_Hourly_Check_alarm  Program END 

Create log file
2012-10-23 23:50:02Z ALCS_Hourly_Check_alarm  Program Start
2012-10-23 23:50:02Z ALCS_Hourly_Check_alarm  Program END 

Create log file
2012-10-23 23:50:03Z SERVER_SELF_CHECK   Program Start
2012-10-23 23:50:03Z SERVER_SELF_CHECK   Program END 

