Create log file
2012-10-27 00:01:00ZArray_Photo Program Start
1150 log finish

2012-10-27 00:01:05ZArray_Photo Program End

Create log file
2012-10-27 00:03:01ZArray_test_repeat Program Start
2012-10-27 00:03:02ZArray_test_repeat Program End

Create log file
2012-10-27 00:10:00Z T0T1 InnoView Add User Program Start
2012-10-27 00:10:00Z T0T1 InnoView Add User Program END 

Create log file
2012-10-27 00:20:14Z VPNLOG_PARSER Program Start
2012-10-27 00:20:14Z VPNLOG_PARSER Program END 

Create log file
2012-10-27 00:30:00Z T0/T1 RealTimeDept Program Start
2012-10-27 00:30:00Z T0/T1 RealTimeDept Program END 

Create log file
2012-10-27 00:41:30Z oee_empaidxsummdaily_purge Program Start
2012-10-27 00:41:30Z oee_empaidxsummdaily_purge Program END 

Create log file
2012-10-27 00:42:41Z oee_empaidxsummhourly_purge Program Start
2012-10-27 00:42:41Z oee_empaidxsummhourly_purge Program END 

Create log file
2012-10-27 00:46:33Z oee_empastcount_purge Program Start
2012-10-27 00:46:33Z oee_empastcount_purge Program END 

Create log file
2012-10-27 00:50:00Z OEE_IS_Hourly_Check_alarm  Program Start
2012-10-27 00:50:00Z OEE_IS_Hourly_Check_alarm  Program END 

Create log file
2012-10-27 00:50:00Z ALCS_Hourly_Check_alarm  Program Start
2012-10-27 00:50:00Z ALCS_Hourly_Check_alarm  Program END 

Create log file
2012-10-27 00:50:03Z SERVER_SELF_CHECK   Program Start
2012-10-27 00:50:03Z SERVER_SELF_CHECK   Program END 

Create log file
2012-10-27 01:01:00ZArray_Photo Program Start
1150 log finish

2012-10-27 01:01:04ZArray_Photo Program End

Create log file
2012-10-27 01:03:00ZArray_test_repeat Program Start
2012-10-27 01:03:01ZArray_test_repeat Program End

Create log file
2012-10-27 01:30:04ZARY_HOLD_LOT Program Start
There are lots exceed process time for 24hrs, please check

There are lots exceed process time for 24hrs, please check

There are lots exceed process time for 24hrs, please check

There are lots exceed process time for 24hrs, please check

There are lots exceed process time for 24hrs, please check

There are lots exceed process time for 24hrs, please check

There are lots exceed process time for 24hrs, please check

There are lots exceed process time for 24hrs, please check

There are lots exceed process time for 24hrs, please check

There are lots exceed process time for 24hrs, please check

There are lots exceed process time for 24hrs, please check

There are lots exceed process time for 24hrs, please check

There are lots exceed process time for 24hrs, please check

There are lots exceed process time for 24hrs, please check

There are lots exceed process time for 24hrs, please check

There are lots exceed process time for 24hrs, please check

2012-10-27 01:30:44ZARY_HOLD_LOT Program End

Create log file
2012-10-27 01:41:20Z oee_empaidxsummdaily_purge Program Start
2012-10-27 01:41:20Z oee_empaidxsummdaily_purge Program END 

Create log file
2012-10-27 01:42:11Z oee_empaidxsummhourly_purge Program Start
2012-10-27 01:42:11Z oee_empaidxsummhourly_purge Program END 

Create log file
2012-10-27 01:44:26Z oee_empastcount_purge Program Start
2012-10-27 01:44:26Z oee_empastcount_purge Program END 

Create log file
2012-10-27 01:50:00Z OEE_IS_Hourly_Check_alarm  Program Start
2012-10-27 01:50:00Z OEE_IS_Hourly_Check_alarm  Program END 

Create log file
2012-10-27 01:50:00Z ALCS_Hourly_Check_alarm  Program Start
2012-10-27 01:50:00Z ALCS_Hourly_Check_alarm  Program END 

Create log file
2012-10-27 01:50:01Z SERVER_SELF_CHECK   Program Start
2012-10-27 01:50:01Z SERVER_SELF_CHECK   Program END 

Create log file
2012-10-27 02:01:00ZArray_Photo Program Start
1150 log finish

2012-10-27 02:01:03ZArray_Photo Program End

Create log file
2012-10-27 02:03:00ZArray_test_repeat Program Start
2012-10-27 02:03:01ZArray_test_repeat Program End

Create log file
2012-10-27 02:41:22Z oee_empaidxsummdaily_purge Program Start
2012-10-27 02:41:22Z oee_empaidxsummdaily_purge Program END 

Create log file
2012-10-27 02:42:14Z oee_empaidxsummhourly_purge Program Start
2012-10-27 02:42:14Z oee_empaidxsummhourly_purge Program END 

Create log file
2012-10-27 02:44:28Z oee_empastcount_purge Program Start
2012-10-27 02:44:28Z oee_empastcount_purge Program END 

Create log file
2012-10-27 02:50:00Z OEE_IS_Hourly_Check_alarm  Program Start
2012-10-27 02:50:00Z OEE_IS_Hourly_Check_alarm  Program END 

Create log file
2012-10-27 02:50:01Z ALCS_Hourly_Check_alarm  Program Start
2012-10-27 02:50:01Z ALCS_Hourly_Check_alarm  Program END 

Create log file
2012-10-27 02:50:03Z SERVER_SELF_CHECK   Program Start
2012-10-27 02:50:03Z SERVER_SELF_CHECK   Program END 

Create log file
2012-10-27 03:01:00ZArray_Photo Program Start
1150 log finish

2012-10-27 03:01:03ZArray_Photo Program End

Create log file
2012-10-27 03:03:00ZArray_test_repeat Program Start
2012-10-27 03:03:01ZArray_test_repeat Program End

Create log file
2012-10-27 03:41:30Z oee_empaidxsummdaily_purge Program Start
2012-10-27 03:41:30Z oee_empaidxsummdaily_purge Program END 

Create log file
2012-10-27 03:42:21Z oee_empaidxsummhourly_purge Program Start
2012-10-27 03:42:21Z oee_empaidxsummhourly_purge Program END 

Create log file
2012-10-27 03:44:34Z oee_empastcount_purge Program Start
2012-10-27 03:44:34Z oee_empastcount_purge Program END 

Create log file
2012-10-27 03:50:00Z OEE_IS_Hourly_Check_alarm  Program Start
2012-10-27 03:50:00Z OEE_IS_Hourly_Check_alarm  Program END 

Create log file
2012-10-27 03:50:00Z ALCS_Hourly_Check_alarm  Program Start
2012-10-27 03:50:00Z ALCS_Hourly_Check_alarm  Program END 

Create log file
2012-10-27 03:50:01Z SERVER_SELF_CHECK   Program Start
2012-10-27 03:50:01Z SERVER_SELF_CHECK   Program END 

Create log file
2012-10-27 04:01:00ZArray_Photo Program Start
1150 log finish

1350 log finish

2012-10-27 04:01:04ZArray_Photo Program End

Create log file
2012-10-27 04:03:00ZArray_test_repeat Program Start
2012-10-27 04:03:01ZArray_test_repeat Program End

Create log file
2012-10-27 04:41:22Z oee_empaidxsummdaily_purge Program Start
2012-10-27 04:41:22Z oee_empaidxsummdaily_purge Program END 

Create log file
2012-10-27 04:42:10Z oee_empaidxsummhourly_purge Program Start
2012-10-27 04:42:10Z oee_empaidxsummhourly_purge Program END 

Create log file
2012-10-27 04:44:32Z oee_empastcount_purge Program Start
2012-10-27 04:44:32Z oee_empastcount_purge Program END 

Create log file
2012-10-27 04:50:00Z OEE_IS_Hourly_Check_alarm  Program Start
2012-10-27 04:50:00Z OEE_IS_Hourly_Check_alarm  Program END 

Create log file
2012-10-27 04:50:00Z ALCS_Hourly_Check_alarm  Program Start
2012-10-27 04:50:00Z ALCS_Hourly_Check_alarm  Program END 

Create log file
2012-10-27 04:50:01Z SERVER_SELF_CHECK   Program Start
2012-10-27 04:50:01Z SERVER_SELF_CHECK   Program END 

Create log file
2012-10-27 05:01:00ZArray_Photo Program Start
1150 log finish

2012-10-27 05:01:04ZArray_Photo Program End

Create log file
2012-10-27 05:03:00ZArray_test_repeat Program Start
2012-10-27 05:03:01ZArray_test_repeat Program End

Create log file
2012-10-27 05:30:04ZARY_HOLD_LOT Program Start
There are lots exceed process time for 24hrs, please check

There are lots exceed process time for 24hrs, please check

There are lots exceed process time for 24hrs, please check

There are lots exceed process time for 24hrs, please check

There are lots exceed process time for 24hrs, please check

There are lots exceed process time for 24hrs, please check

There are lots exceed process time for 24hrs, please check

There are lots exceed process time for 24hrs, please check

There are lots exceed process time for 24hrs, please check

There are lots exceed process time for 24hrs, please check

There are lots exceed process time for 24hrs, please check

There are lots exceed process time for 24hrs, please check

There are lots exceed process time for 24hrs, please check

There are lots exceed process time for 24hrs, please check

There are lots exceed process time for 24hrs, please check

2012-10-27 05:30:34ZARY_HOLD_LOT Program End

Create log file
2012-10-27 05:41:18Z oee_empaidxsummdaily_purge Program Start
2012-10-27 05:41:18Z oee_empaidxsummdaily_purge Program END 

Create log file
2012-10-27 05:42:11Z oee_empaidxsummhourly_purge Program Start
2012-10-27 05:42:11Z oee_empaidxsummhourly_purge Program END 

Create log file
2012-10-27 05:44:24Z oee_empastcount_purge Program Start
2012-10-27 05:44:24Z oee_empastcount_purge Program END 

Create log file
2012-10-27 05:50:00Z OEE_IS_Hourly_Check_alarm  Program Start
2012-10-27 05:50:00Z OEE_IS_Hourly_Check_alarm  Program END 

Create log file
2012-10-27 05:50:01Z ALCS_Hourly_Check_alarm  Program Start
2012-10-27 05:50:01Z ALCS_Hourly_Check_alarm  Program END 

Create log file
2012-10-27 05:50:02Z SERVER_SELF_CHECK   Program Start
2012-10-27 05:50:02Z SERVER_SELF_CHECK   Program END 

Create log file
2012-10-27 06:01:00ZArray_Photo Program Start
1150 log finish

2012-10-27 06:01:04ZArray_Photo Program End

Create log file
2012-10-27 06:03:00ZArray_test_repeat Program Start
2012-10-27 06:03:00ZArray_test_repeat Program End

Create log file
2012-10-27 06:41:23Z oee_empaidxsummdaily_purge Program Start
2012-10-27 06:41:23Z oee_empaidxsummdaily_purge Program END 

Create log file
2012-10-27 06:42:26Z oee_empaidxsummhourly_purge Program Start
2012-10-27 06:42:26Z oee_empaidxsummhourly_purge Program END 

Create log file
2012-10-27 06:44:33Z oee_empastcount_purge Program Start
2012-10-27 06:44:33Z oee_empastcount_purge Program END 

Create log file
2012-10-27 06:50:53Z ODS_Recover_Lot 156 Lots Program Start
2012-10-27 06:50:53Z ODS_Recover_Lot 156 Lots Program END 

Create log file
2012-10-27 06:51:06Z OEE_IS_Hourly_Check_alarm  Program Start
2012-10-27 06:51:06Z OEE_IS_Hourly_Check_alarm  Program END 

Create log file
2012-10-27 06:51:06Z ALCS_Hourly_Check_alarm  Program Start
2012-10-27 06:51:06Z ALCS_Hourly_Check_alarm  Program END 

Create log file
2012-10-27 06:51:07Z SERVER_SELF_CHECK   Program Start
2012-10-27 06:51:07Z SERVER_SELF_CHECK   Program END 

Create log file
2012-10-27 07:01:00ZArray_Photo Program Start
1150 log finish

1450 log finish

2012-10-27 07:01:04ZArray_Photo Program End

Create log file
2012-10-27 07:03:00ZArray_test_repeat Program Start
2012-10-27 07:03:01ZArray_test_repeat Program End

Create log file
2012-10-27 07:31:52Z OEELH_fixed_data_Daily Program Start
2012-10-27 07:31:52Z OEELH_fixed_data_Daily Program END 

Create log file
2012-10-27 07:41:20Z oee_empaidxsummdaily_purge Program Start
2012-10-27 07:41:20Z oee_empaidxsummdaily_purge Program END 

Create log file
2012-10-27 07:42:10Z oee_empaidxsummhourly_purge Program Start
2012-10-27 07:42:10Z oee_empaidxsummhourly_purge Program END 

Create log file
2012-10-27 07:44:29Z oee_empastcount_purge Program Start
2012-10-27 07:44:29Z oee_empastcount_purge Program END 

Create log file
2012-10-27 07:50:08Z OEE_IS_Hourly_Check_alarm  Program Start
2012-10-27 07:50:08Z OEE_IS_Hourly_Check_alarm  Program END 

Create log file
2012-10-27 07:50:08Z ALCS_Hourly_Check_alarm  Program Start
2012-10-27 07:50:08Z ALCS_Hourly_Check_alarm  Program END 

Create log file
2012-10-27 07:50:13Z SERVER_SELF_CHECK   Program Start
2012-10-27 07:50:13Z SERVER_SELF_CHECK   Program END 

Create log file
2012-10-27 08:00:00Z Check_Onduty_Time From Onduty_dotnet2  Program Start
2012-10-27 08:00:00Z Check_Onduty_Time From Onduty_dotnet2  Program END 

Create log file
2012-10-27 08:01:00ZArray_Photo Program Start
1150 log finish

1350 log finish

2012-10-27 08:01:04ZArray_Photo Program End

Create log file
2012-10-27 08:03:00ZArray_test_repeat Program Start
2012-10-27 08:03:01ZArray_test_repeat Program End

Create log file
2012-10-27 08:30:00ZHoliday_inout_SMS Program Start
SMS log finish

2012-10-27 08:30:01ZHoliday_Inout_SMS Program End

Create log file
2012-10-27 08:32:00ZOEE_EQP_SMS Program Start
Holiday_OEE_EQP_T0A_SMS log finish

Holiday_OEE_EQP_T1A_SMS log finish

Holiday_OEE_EQP_T1C_SMS log finish

Holiday_OEE_EQP_T1F_SMS log finish

2012-10-27 08:32:48ZOEE_EQP_SMS Program End

Create log file
2012-10-27 08:41:15Z oee_empaidxsummdaily_purge Program Start
2012-10-27 08:41:15Z oee_empaidxsummdaily_purge Program END 

Create log file
2012-10-27 08:42:16Z oee_empaidxsummhourly_purge Program Start
2012-10-27 08:42:16Z oee_empaidxsummhourly_purge Program END 

Create log file
2012-10-27 08:44:30Z oee_empastcount_purge Program Start
2012-10-27 08:44:30Z oee_empastcount_purge Program END 

Create log file
2012-10-27 08:45:00ZHoliday_inout_SMS_For_C2 Program Start
SMS_C2 log finish

2012-10-27 08:45:09ZHoliday_Inout_SMS_For_C2 Program End

Create log file
2012-10-27 08:50:00Z OEE_IS_Hourly_Check_alarm  Program Start
2012-10-27 08:50:00Z OEE_IS_Hourly_Check_alarm  Program END 

Create log file
2012-10-27 08:50:00Z ALCS_Hourly_Check_alarm  Program Start
2012-10-27 08:50:00Z ALCS_Hourly_Check_alarm  Program END 

Create log file
2012-10-27 08:50:01Z SERVER_SELF_CHECK   Program Start
2012-10-27 08:50:01Z SERVER_SELF_CHECK   Program END 

Create log file
2012-10-27 09:01:04ZArray_Photo Program Start
1150 log finish

1350 log finish

2012-10-27 09:01:08ZArray_Photo Program End

Create log file
2012-10-27 09:03:00ZArray_test_repeat Program Start
2012-10-27 09:03:00ZArray_test_repeat Program End

Create log file
2012-10-27 09:30:00ZARY_HOLD_LOT Program Start
There are lots exceed process time for 24hrs, please check

There are lots exceed process time for 24hrs, please check

There are lots exceed process time for 24hrs, please check

There are lots exceed process time for 24hrs, please check

There are lots exceed process time for 24hrs, please check

There are lots exceed process time for 24hrs, please check

There are lots exceed process time for 24hrs, please check

There are lots exceed process time for 24hrs, please check

There are lots exceed process time for 24hrs, please check

There are lots exceed process time for 24hrs, please check

There are lots exceed process time for 24hrs, please check

There are lots exceed process time for 24hrs, please check

There are lots exceed process time for 24hrs, please check

There are lots exceed process time for 24hrs, please check

There are lots exceed process time for 24hrs, please check

There are lots exceed process time for 24hrs, please check

2012-10-27 09:30:36ZARY_HOLD_LOT Program End

Create log file
2012-10-27 09:41:17Z oee_empaidxsummdaily_purge Program Start
2012-10-27 09:41:17Z oee_empaidxsummdaily_purge Program END 

Create log file
2012-10-27 09:42:09Z oee_empaidxsummhourly_purge Program Start
2012-10-27 09:42:09Z oee_empaidxsummhourly_purge Program END 

Create log file
2012-10-27 09:44:40Z oee_empastcount_purge Program Start
2012-10-27 09:44:40Z oee_empastcount_purge Program END 

Create log file
2012-10-27 09:50:00Z OEE_IS_Hourly_Check_alarm  Program Start
2012-10-27 09:50:00Z OEE_IS_Hourly_Check_alarm  Program END 

Create log file
2012-10-27 09:50:03Z ALCS_Hourly_Check_alarm  Program Start
2012-10-27 09:50:03Z ALCS_Hourly_Check_alarm  Program END 

Create log file
2012-10-27 09:50:04Z SERVER_SELF_CHECK   Program Start
2012-10-27 09:50:04Z SERVER_SELF_CHECK   Program END 

Create log file
2012-10-27 10:01:00ZArray_Photo Program Start
1150 log finish

1350 log finish

2012-10-27 10:01:04ZArray_Photo Program End

Create log file
2012-10-27 10:03:00ZArray_test_repeat Program Start
2012-10-27 10:03:00ZArray_test_repeat Program End

Create log file
2012-10-27 10:41:16Z oee_empaidxsummdaily_purge Program Start
2012-10-27 10:41:16Z oee_empaidxsummdaily_purge Program END 

Create log file
2012-10-27 10:42:08Z oee_empaidxsummhourly_purge Program Start
2012-10-27 10:42:08Z oee_empaidxsummhourly_purge Program END 

Create log file
2012-10-27 10:44:30Z oee_empastcount_purge Program Start
2012-10-27 10:44:30Z oee_empastcount_purge Program END 

Create log file
2012-10-27 10:50:00Z OEE_IS_Hourly_Check_alarm  Program Start
2012-10-27 10:50:00Z OEE_IS_Hourly_Check_alarm  Program END 

Create log file
2012-10-27 10:50:00Z ALCS_Hourly_Check_alarm  Program Start
2012-10-27 10:50:00Z ALCS_Hourly_Check_alarm  Program END 

Create log file
2012-10-27 10:50:01Z SERVER_SELF_CHECK   Program Start
2012-10-27 10:50:01Z SERVER_SELF_CHECK   Program END 

Create log file
2012-10-27 11:01:00ZArray_Photo Program Start
1150 log finish

2012-10-27 11:01:04ZArray_Photo Program End

Create log file
2012-10-27 11:03:00ZArray_test_repeat Program Start
2012-10-27 11:03:00ZArray_test_repeat Program End

Create log file
2012-10-27 11:40:04Z T1OEE Purge Program Start
2012-10-27 11:40:04Z T1OEE Purge Program END 

Create log file
2012-10-27 11:41:15Z oee_empaidxsummdaily_purge Program Start
2012-10-27 11:41:15Z oee_empaidxsummdaily_purge Program END 

Create log file
2012-10-27 11:42:05Z oee_empaidxsummhourly_purge Program Start
2012-10-27 11:42:05Z oee_empaidxsummhourly_purge Program END 

Create log file
2012-10-27 11:44:35Z oee_empastcount_purge Program Start
2012-10-27 11:44:35Z oee_empastcount_purge Program END 

Create log file
2012-10-27 11:50:00Z OEE_IS_Hourly_Check_alarm  Program Start
2012-10-27 11:50:00Z OEE_IS_Hourly_Check_alarm  Program END 

Create log file
2012-10-27 11:50:01Z ALCS_Hourly_Check_alarm  Program Start
2012-10-27 11:50:01Z ALCS_Hourly_Check_alarm  Program END 

Create log file
2012-10-27 11:50:02Z SERVER_SELF_CHECK   Program Start
2012-10-27 11:50:02Z SERVER_SELF_CHECK   Program END 

Create log file
2012-10-27 12:01:00ZArray_Photo Program Start
2012-10-27 12:01:03ZArray_Photo Program End

Create log file
2012-10-27 12:03:00ZArray_test_repeat Program Start
2012-10-27 12:03:01ZArray_test_repeat Program End

Create log file
2012-10-27 12:41:15Z oee_empaidxsummdaily_purge Program Start
2012-10-27 12:41:15Z oee_empaidxsummdaily_purge Program END 

Create log file
2012-10-27 12:42:10Z oee_empaidxsummhourly_purge Program Start
2012-10-27 12:42:10Z oee_empaidxsummhourly_purge Program END 

Create log file
2012-10-27 12:44:32Z oee_empastcount_purge Program Start
2012-10-27 12:44:32Z oee_empastcount_purge Program END 

Create log file
2012-10-27 12:50:00Z OEE_IS_Hourly_Check_alarm  Program Start
2012-10-27 12:50:00Z OEE_IS_Hourly_Check_alarm  Program END 

Create log file
2012-10-27 12:50:01Z ALCS_Hourly_Check_alarm  Program Start
2012-10-27 12:50:01Z ALCS_Hourly_Check_alarm  Program END 

Create log file
2012-10-27 12:50:01Z SERVER_SELF_CHECK   Program Start
2012-10-27 12:50:01Z SERVER_SELF_CHECK   Program END 

Create log file
2012-10-27 13:01:00ZArray_Photo Program Start
2012-10-27 13:01:03ZArray_Photo Program End

Create log file
2012-10-27 13:03:00ZArray_test_repeat Program Start
2012-10-27 13:03:01ZArray_test_repeat Program End

Create log file
2012-10-27 13:30:05ZARY_HOLD_LOT Program Start
There are lots exceed process time for 24hrs, please check

There are lots exceed process time for 24hrs, please check

There are lots exceed process time for 24hrs, please check

There are lots exceed process time for 24hrs, please check

There are lots exceed process time for 48hrs, please check

There are lots exceed process time for 24hrs, please check

There are lots exceed process time for 24hrs, please check

There are lots exceed process time for 48hrs, please check

There are lots exceed process time for 24hrs, please check

There are lots exceed process time for 24hrs, please check

There are lots exceed process time for 48hrs, please check

There are lots exceed process time for 24hrs, please check

There are lots exceed process time for 24hrs, please check

There are lots exceed process time for 48hrs, please check

There are lots exceed process time for 24hrs, please check

There are lots exceed process time for 24hrs, please check

There are lots exceed process time for 48hrs, please check

There are lots exceed process time for 24hrs, please check

There are lots exceed process time for 24hrs, please check

There are lots exceed process time for 48hrs, please check

There are lots exceed process time for 24hrs, please check

There are lots exceed process time for 24hrs, please check

There are lots exceed process time for 48hrs, please check

There are lots exceed process time for 24hrs, please check

There are lots exceed process time for 24hrs, please check

There are lots exceed process time for 48hrs, please check

There are lots exceed process time for 24hrs, please check

There are lots exceed process time for 24hrs, please check

There are lots exceed process time for 48hrs, please check

There are lots exceed process time for 24hrs, please check

There are lots exceed process time for 24hrs, please check

There are lots exceed process time for 48hrs, please check

There are lots exceed process time for 24hrs, please check

There are lots exceed process time for 24hrs, please check

There are lots exceed process time for 48hrs, please check

There are lots exceed process time for 24hrs, please check

There are lots exceed process time for 24hrs, please check

There are lots exceed process time for 48hrs, please check

There are lots exceed process time for 24hrs, please check

There are lots exceed process time for 24hrs, please check

There are lots exceed process time for 48hrs, please check

There are lots exceed process time for 24hrs, please check

There are lots exceed process time for 24hrs, please check

There are lots exceed process time for 48hrs, please check

There are lots exceed process time for 24hrs, please check

2012-10-27 13:30:50ZARY_HOLD_LOT Program End

Create log file
2012-10-27 13:41:15Z oee_empaidxsummdaily_purge Program Start
2012-10-27 13:41:15Z oee_empaidxsummdaily_purge Program END 

Create log file
2012-10-27 13:41:40Z oee_empaidxsummhourly_purge Program Start
2012-10-27 13:41:40Z oee_empaidxsummhourly_purge Program END 

Create log file
2012-10-27 13:44:25Z oee_empastcount_purge Program Start
2012-10-27 13:44:25Z oee_empastcount_purge Program END 

Create log file
2012-10-27 13:50:00Z OEE_IS_Hourly_Check_alarm  Program Start
2012-10-27 13:50:00Z OEE_IS_Hourly_Check_alarm  Program END 

Create log file
2012-10-27 13:50:02Z ALCS_Hourly_Check_alarm  Program Start
2012-10-27 13:50:02Z ALCS_Hourly_Check_alarm  Program END 

Create log file
2012-10-27 13:50:03Z SERVER_SELF_CHECK   Program Start
2012-10-27 13:50:03Z SERVER_SELF_CHECK   Program END 

Create log file
2012-10-27 14:01:00ZArray_Photo Program Start
2012-10-27 14:01:03ZArray_Photo Program End

Create log file
2012-10-27 14:03:00ZArray_test_repeat Program Start
2012-10-27 14:03:00ZArray_test_repeat Program End

Create log file
2012-10-27 14:41:16Z oee_empaidxsummdaily_purge Program Start
2012-10-27 14:41:16Z oee_empaidxsummdaily_purge Program END 

Create log file
2012-10-27 14:41:40Z oee_empaidxsummhourly_purge Program Start
2012-10-27 14:41:40Z oee_empaidxsummhourly_purge Program END 

Create log file
2012-10-27 14:44:30Z oee_empastcount_purge Program Start
2012-10-27 14:44:30Z oee_empastcount_purge Program END 

Create log file
2012-10-27 14:50:00Z OEE_IS_Hourly_Check_alarm  Program Start
2012-10-27 14:50:00Z OEE_IS_Hourly_Check_alarm  Program END 

Create log file
2012-10-27 14:50:01Z ALCS_Hourly_Check_alarm  Program Start
2012-10-27 14:50:01Z ALCS_Hourly_Check_alarm  Program END 

Create log file
2012-10-27 14:50:02Z SERVER_SELF_CHECK   Program Start
2012-10-27 14:50:02Z SERVER_SELF_CHECK   Program END 

Create log file
2012-10-27 15:01:00ZArray_Photo Program Start
1150 log finish

2012-10-27 15:01:03ZArray_Photo Program End

Create log file
2012-10-27 15:03:00ZArray_test_repeat Program Start
2012-10-27 15:03:01ZArray_test_repeat Program End

Create log file
2012-10-27 15:41:17Z oee_empaidxsummdaily_purge Program Start
2012-10-27 15:41:17Z oee_empaidxsummdaily_purge Program END 

Create log file
2012-10-27 15:41:46Z oee_empaidxsummhourly_purge Program Start
2012-10-27 15:41:46Z oee_empaidxsummhourly_purge Program END 

Create log file
2012-10-27 15:44:29Z oee_empastcount_purge Program Start
2012-10-27 15:44:29Z oee_empastcount_purge Program END 

Create log file
2012-10-27 15:50:00Z OEE_IS_Hourly_Check_alarm  Program Start
2012-10-27 15:50:00Z OEE_IS_Hourly_Check_alarm  Program END 

Create log file
2012-10-27 15:50:01Z ALCS_Hourly_Check_alarm  Program Start
2012-10-27 15:50:01Z ALCS_Hourly_Check_alarm  Program END 

Create log file
2012-10-27 15:50:03Z SERVER_SELF_CHECK   Program Start
2012-10-27 15:50:03Z SERVER_SELF_CHECK   Program END 

Create log file
2012-10-27 16:01:00ZArray_Photo Program Start
2012-10-27 16:01:03ZArray_Photo Program End

Create log file
2012-10-27 16:03:00ZArray_test_repeat Program Start
2012-10-27 16:03:00ZArray_test_repeat Program End

Create log file
2012-10-27 16:41:15Z oee_empaidxsummdaily_purge Program Start
2012-10-27 16:41:15Z oee_empaidxsummdaily_purge Program END 

Create log file
2012-10-27 16:41:40Z oee_empaidxsummhourly_purge Program Start
2012-10-27 16:41:40Z oee_empaidxsummhourly_purge Program END 

Create log file
2012-10-27 16:44:28Z oee_empastcount_purge Program Start
2012-10-27 16:44:28Z oee_empastcount_purge Program END 

Create log file
2012-10-27 16:50:00Z OEE_IS_Hourly_Check_alarm  Program Start
2012-10-27 16:50:00Z OEE_IS_Hourly_Check_alarm  Program END 

Create log file
2012-10-27 16:50:00Z ALCS_Hourly_Check_alarm  Program Start
2012-10-27 16:50:00Z ALCS_Hourly_Check_alarm  Program END 

Create log file
2012-10-27 16:50:01Z SERVER_SELF_CHECK   Program Start
2012-10-27 16:50:01Z SERVER_SELF_CHECK   Program END 

Create log file
2012-10-27 17:01:00ZArray_Photo Program Start
2012-10-27 17:01:03ZArray_Photo Program End

Create log file
2012-10-27 17:03:00ZArray_test_repeat Program Start
2012-10-27 17:03:00ZArray_test_repeat Program End

Create log file
2012-10-27 17:30:04ZARY_HOLD_LOT Program Start
There are lots exceed process time for 24hrs, please check

There are lots exceed process time for 24hrs, please check

There are lots exceed process time for 24hrs, please check

There are lots exceed process time for 24hrs, please check

There are lots exceed process time for 24hrs, please check

There are lots exceed process time for 24hrs, please check

There are lots exceed process time for 24hrs, please check

There are lots exceed process time for 24hrs, please check

There are lots exceed process time for 24hrs, please check

There are lots exceed process time for 24hrs, please check

There are lots exceed process time for 24hrs, please check

There are lots exceed process time for 24hrs, please check

There are lots exceed process time for 24hrs, please check

There are lots exceed process time for 24hrs, please check

There are lots exceed process time for 24hrs, please check

There are lots exceed process time for 24hrs, please check

There are lots exceed process time for 24hrs, please check

There are lots exceed process time for 24hrs, please check

2012-10-27 17:30:32ZARY_HOLD_LOT Program End

Create log file
2012-10-27 17:41:15Z oee_empaidxsummdaily_purge Program Start
2012-10-27 17:41:15Z oee_empaidxsummdaily_purge Program END 

Create log file
2012-10-27 17:41:40Z oee_empaidxsummhourly_purge Program Start
2012-10-27 17:41:40Z oee_empaidxsummhourly_purge Program END 

Create log file
2012-10-27 17:44:22Z oee_empastcount_purge Program Start
2012-10-27 17:44:22Z oee_empastcount_purge Program END 

Create log file
2012-10-27 17:50:00Z OEE_IS_Hourly_Check_alarm  Program Start
2012-10-27 17:50:00Z OEE_IS_Hourly_Check_alarm  Program END 

Create log file
2012-10-27 17:50:01Z ALCS_Hourly_Check_alarm  Program Start
2012-10-27 17:50:01Z ALCS_Hourly_Check_alarm  Program END 

Create log file
2012-10-27 17:50:02Z SERVER_SELF_CHECK   Program Start
2012-10-27 17:50:02Z SERVER_SELF_CHECK   Program END 

Create log file
2012-10-27 18:01:00ZArray_Photo Program Start
2012-10-27 18:01:03ZArray_Photo Program End

Create log file
2012-10-27 18:03:00ZArray_test_repeat Program Start
2012-10-27 18:03:00ZArray_test_repeat Program End

Create log file
2012-10-27 18:41:18Z oee_empaidxsummdaily_purge Program Start
2012-10-27 18:41:18Z oee_empaidxsummdaily_purge Program END 

Create log file
2012-10-27 18:41:43Z oee_empaidxsummhourly_purge Program Start
2012-10-27 18:41:43Z oee_empaidxsummhourly_purge Program END 

Create log file
2012-10-27 18:44:27Z oee_empastcount_purge Program Start
2012-10-27 18:44:27Z oee_empastcount_purge Program END 

Create log file
2012-10-27 18:50:00Z OEE_IS_Hourly_Check_alarm  Program Start
2012-10-27 18:50:00Z OEE_IS_Hourly_Check_alarm  Program END 

Create log file
2012-10-27 18:50:01Z ALCS_Hourly_Check_alarm  Program Start
2012-10-27 18:50:01Z ALCS_Hourly_Check_alarm  Program END 

Create log file
2012-10-27 18:50:02Z SERVER_SELF_CHECK   Program Start
2012-10-27 18:50:02Z SERVER_SELF_CHECK   Program END 

Create log file
2012-10-27 19:01:00ZArray_Photo Program Start
2012-10-27 19:01:06ZArray_Photo Program End

Create log file
2012-10-27 19:03:00ZArray_test_repeat Program Start
2012-10-27 19:03:01ZArray_test_repeat Program End

Create log file
2012-10-27 19:41:16Z oee_empaidxsummdaily_purge Program Start
2012-10-27 19:41:16Z oee_empaidxsummdaily_purge Program END 

Create log file
2012-10-27 19:41:42Z oee_empaidxsummhourly_purge Program Start
2012-10-27 19:41:42Z oee_empaidxsummhourly_purge Program END 

Create log file
2012-10-27 19:44:25Z oee_empastcount_purge Program Start
2012-10-27 19:44:25Z oee_empastcount_purge Program END 

Create log file
2012-10-27 19:50:00Z OEE_IS_Hourly_Check_alarm  Program Start
2012-10-27 19:50:00Z OEE_IS_Hourly_Check_alarm  Program END 

Create log file
2012-10-27 19:50:01Z ALCS_Hourly_Check_alarm  Program Start
2012-10-27 19:50:01Z ALCS_Hourly_Check_alarm  Program END 

Create log file
2012-10-27 19:50:03Z SERVER_SELF_CHECK   Program Start
2012-10-27 19:50:03Z SERVER_SELF_CHECK   Program END 

Create log file
2012-10-27 20:01:00ZArray_Photo Program Start
2012-10-27 20:01:02ZArray_Photo Program End

Create log file
2012-10-27 20:03:00ZArray_test_repeat Program Start
2012-10-27 20:03:01ZArray_test_repeat Program End

Create log file
2012-10-27 20:41:21Z oee_empaidxsummdaily_purge Program Start
2012-10-27 20:41:21Z oee_empaidxsummdaily_purge Program END 

Create log file
2012-10-27 20:41:48Z oee_empaidxsummhourly_purge Program Start
2012-10-27 20:41:48Z oee_empaidxsummhourly_purge Program END 

Create log file
2012-10-27 20:44:29Z oee_empastcount_purge Program Start
2012-10-27 20:44:29Z oee_empastcount_purge Program END 

Create log file
2012-10-27 20:50:00Z OEE_IS_Hourly_Check_alarm  Program Start
2012-10-27 20:50:00Z OEE_IS_Hourly_Check_alarm  Program END 

Create log file
2012-10-27 20:50:00Z ALCS_Hourly_Check_alarm  Program Start
2012-10-27 20:50:00Z ALCS_Hourly_Check_alarm  Program END 

Create log file
2012-10-27 20:50:03Z SERVER_SELF_CHECK   Program Start
2012-10-27 20:50:03Z SERVER_SELF_CHECK   Program END 

Create log file
2012-10-27 21:01:00ZArray_Photo Program Start
2012-10-27 21:01:02ZArray_Photo Program End

Create log file
2012-10-27 21:03:00ZArray_test_repeat Program Start
2012-10-27 21:03:01ZArray_test_repeat Program End

Create log file
2012-10-27 21:30:04ZARY_HOLD_LOT Program Start
There are lots exceed process time for 24hrs, please check

There are lots exceed process time for 24hrs, please check

There are lots exceed process time for 24hrs, please check

There are lots exceed process time for 24hrs, please check

There are lots exceed process time for 24hrs, please check

There are lots exceed process time for 24hrs, please check

There are lots exceed process time for 24hrs, please check

There are lots exceed process time for 24hrs, please check

There are lots exceed process time for 24hrs, please check

There are lots exceed process time for 24hrs, please check

There are lots exceed process time for 24hrs, please check

There are lots exceed process time for 24hrs, please check

There are lots exceed process time for 24hrs, please check

There are lots exceed process time for 24hrs, please check

There are lots exceed process time for 24hrs, please check

There are lots exceed process time for 24hrs, please check

2012-10-27 21:30:32ZARY_HOLD_LOT Program End

Create log file
2012-10-27 21:41:19Z oee_empaidxsummdaily_purge Program Start
2012-10-27 21:41:19Z oee_empaidxsummdaily_purge Program END 

Create log file
2012-10-27 21:41:44Z oee_empaidxsummhourly_purge Program Start
2012-10-27 21:41:44Z oee_empaidxsummhourly_purge Program END 

Create log file
2012-10-27 21:44:30Z oee_empastcount_purge Program Start
2012-10-27 21:44:30Z oee_empastcount_purge Program END 

Create log file
2012-10-27 21:50:00Z OEE_IS_Hourly_Check_alarm  Program Start
2012-10-27 21:50:00Z OEE_IS_Hourly_Check_alarm  Program END 

Create log file
2012-10-27 21:50:01Z ALCS_Hourly_Check_alarm  Program Start
2012-10-27 21:50:01Z ALCS_Hourly_Check_alarm  Program END 

Create log file
2012-10-27 21:50:02Z SERVER_SELF_CHECK   Program Start
2012-10-27 21:50:02Z SERVER_SELF_CHECK   Program END 

Create log file
2012-10-27 22:00:00ZSERVER_SMS_TEST Program Start
SMS log finish

2012-10-27 22:00:00ZSERVER_SMS_TEST Program End

Create log file
2012-10-27 22:01:00ZArray_Photo Program Start
2012-10-27 22:01:03ZArray_Photo Program End

Create log file
2012-10-27 22:03:00ZArray_test_repeat Program Start
2012-10-27 22:03:01ZArray_test_repeat Program End

Create log file
2012-10-27 22:41:28Z oee_empaidxsummdaily_purge Program Start
2012-10-27 22:41:28Z oee_empaidxsummdaily_purge Program END 

Create log file
2012-10-27 22:41:57Z oee_empaidxsummhourly_purge Program Start
2012-10-27 22:41:57Z oee_empaidxsummhourly_purge Program END 

Create log file
2012-10-27 22:44:40Z oee_empastcount_purge Program Start
2012-10-27 22:44:40Z oee_empastcount_purge Program END 

Create log file
2012-10-27 22:50:00Z OEE_IS_Hourly_Check_alarm  Program Start
2012-10-27 22:50:00Z OEE_IS_Hourly_Check_alarm  Program END 

Create log file
2012-10-27 22:50:00Z ALCS_Hourly_Check_alarm  Program Start
2012-10-27 22:50:00Z ALCS_Hourly_Check_alarm  Program END 

Create log file
2012-10-27 22:50:02Z SERVER_SELF_CHECK   Program Start
2012-10-27 22:50:02Z SERVER_SELF_CHECK   Program END 

Create log file
2012-10-27 23:01:00ZArray_Photo Program Start
2012-10-27 23:01:03ZArray_Photo Program End

Create log file
2012-10-27 23:03:00ZArray_test_repeat Program Start
2012-10-27 23:03:01ZArray_test_repeat Program End

Create log file
2012-10-27 23:41:23Z oee_empaidxsummdaily_purge Program Start
2012-10-27 23:41:23Z oee_empaidxsummdaily_purge Program END 

Create log file
2012-10-27 23:41:47Z oee_empaidxsummhourly_purge Program Start
2012-10-27 23:41:47Z oee_empaidxsummhourly_purge Program END 

Create log file
2012-10-27 23:44:44Z oee_empastcount_purge Program Start
2012-10-27 23:44:44Z oee_empastcount_purge Program END 

Create log file
2012-10-27 23:50:00Z OEE_IS_Hourly_Check_alarm  Program Start
2012-10-27 23:50:00Z OEE_IS_Hourly_Check_alarm  Program END 

Create log file
2012-10-27 23:50:01Z ALCS_Hourly_Check_alarm  Program Start
2012-10-27 23:50:01Z ALCS_Hourly_Check_alarm  Program END 

Create log file
2012-10-27 23:50:02Z SERVER_SELF_CHECK   Program Start
2012-10-27 23:50:02Z SERVER_SELF_CHECK   Program END 

