Create log file
2012-10-24 00:01:00ZArray_Photo Program Start
1150 log finish

1350 log finish

2012-10-24 00:01:03ZArray_Photo Program End

Create log file
2012-10-24 00:03:00ZArray_test_repeat Program Start
2012-10-24 00:03:01ZArray_test_repeat Program End

Create log file
2012-10-24 00:10:00Z T0T1 InnoView Add User Program Start
2012-10-24 00:10:00Z T0T1 InnoView Add User Program END 

Create log file
2012-10-24 00:20:14Z VPNLOG_PARSER Program Start
2012-10-24 00:20:14Z VPNLOG_PARSER Program END 

Create log file
2012-10-24 00:30:00Z T0/T1 RealTimeDept Program Start
2012-10-24 00:30:00Z T0/T1 RealTimeDept Program END 

Create log file
2012-10-24 00:41:36Z oee_empaidxsummdaily_purge Program Start
2012-10-24 00:41:36Z oee_empaidxsummdaily_purge Program END 

Create log file
2012-10-24 00:42:37Z oee_empaidxsummhourly_purge Program Start
2012-10-24 00:42:37Z oee_empaidxsummhourly_purge Program END 

Create log file
2012-10-24 00:46:45Z oee_empastcount_purge Program Start
2012-10-24 00:46:45Z oee_empastcount_purge Program END 

Create log file
2012-10-24 00:50:00Z OEE_IS_Hourly_Check_alarm  Program Start
2012-10-24 00:50:00Z OEE_IS_Hourly_Check_alarm  Program END 

Create log file
2012-10-24 00:50:12Z ALCS_Hourly_Check_alarm  Program Start
2012-10-24 00:50:12Z ALCS_Hourly_Check_alarm  Program END 

Create log file
2012-10-24 00:50:14Z SERVER_SELF_CHECK   Program Start
2012-10-24 00:50:14Z SERVER_SELF_CHECK   Program END 

Create log file
2012-10-24 00:50:16Z SERVER_SELF_CHECK Program Start
SMS log finish

2012-10-24 00:50:16Z SERVER_SELF_CHECK Program End

Create log file
2012-10-24 01:01:00ZArray_Photo Program Start
1150 log finish

1350 log finish

2012-10-24 01:01:03ZArray_Photo Program End

Create log file
2012-10-24 01:03:01ZArray_test_repeat Program Start
2012-10-24 01:03:02ZArray_test_repeat Program End

Create log file
2012-10-24 01:30:05ZARY_HOLD_LOT Program Start
There are lots exceed process time for 24hrs, please check

There are lots exceed process time for 24hrs, please check

There are lots exceed process time for 24hrs, please check

There are lots exceed process time for 24hrs, please check

There are lots exceed process time for 24hrs, please check

There are lots exceed process time for 24hrs, please check

There are lots exceed process time for 24hrs, please check

There are lots exceed process time for 24hrs, please check

There are lots exceed process time for 24hrs, please check

There are lots exceed process time for 24hrs, please check

There are lots exceed process time for 24hrs, please check

2012-10-24 01:30:23ZARY_HOLD_LOT Program End

Create log file
2012-10-24 01:41:17Z oee_empaidxsummdaily_purge Program Start
2012-10-24 01:41:17Z oee_empaidxsummdaily_purge Program END 

Create log file
2012-10-24 01:42:06Z oee_empaidxsummhourly_purge Program Start
2012-10-24 01:42:06Z oee_empaidxsummhourly_purge Program END 

Create log file
2012-10-24 01:44:24Z oee_empastcount_purge Program Start
2012-10-24 01:44:24Z oee_empastcount_purge Program END 

Create log file
2012-10-24 01:50:00Z OEE_IS_Hourly_Check_alarm  Program Start
2012-10-24 01:50:00Z OEE_IS_Hourly_Check_alarm  Program END 

Create log file
2012-10-24 01:50:01Z ALCS_Hourly_Check_alarm  Program Start
2012-10-24 01:50:01Z ALCS_Hourly_Check_alarm  Program END 

Create log file
2012-10-24 01:50:01Z SERVER_SELF_CHECK   Program Start
2012-10-24 01:50:01Z SERVER_SELF_CHECK   Program END 

Create log file
2012-10-24 01:50:02Z SERVER_SELF_CHECK Program Start
SMS log finish

2012-10-24 01:50:02Z SERVER_SELF_CHECK Program End

Create log file
2012-10-24 02:01:00ZArray_Photo Program Start
1150 log finish

1350 log finish

2012-10-24 02:01:03ZArray_Photo Program End

Create log file
2012-10-24 02:03:00ZArray_test_repeat Program Start
2012-10-24 02:03:00ZArray_test_repeat Program End

Create log file
2012-10-24 02:41:20Z oee_empaidxsummdaily_purge Program Start
2012-10-24 02:41:20Z oee_empaidxsummdaily_purge Program END 

Create log file
2012-10-24 02:42:11Z oee_empaidxsummhourly_purge Program Start
2012-10-24 02:42:11Z oee_empaidxsummhourly_purge Program END 

Create log file
2012-10-24 02:44:32Z oee_empastcount_purge Program Start
2012-10-24 02:44:32Z oee_empastcount_purge Program END 

Create log file
2012-10-24 02:50:00Z OEE_IS_Hourly_Check_alarm  Program Start
2012-10-24 02:50:00Z OEE_IS_Hourly_Check_alarm  Program END 

Create log file
2012-10-24 02:50:00Z ALCS_Hourly_Check_alarm  Program Start
2012-10-24 02:50:00Z ALCS_Hourly_Check_alarm  Program END 

Create log file
2012-10-24 02:50:01Z SERVER_SELF_CHECK   Program Start
2012-10-24 02:50:01Z SERVER_SELF_CHECK   Program END 

Create log file
2012-10-24 02:50:02Z SERVER_SELF_CHECK Program Start
SMS log finish

2012-10-24 02:50:02Z SERVER_SELF_CHECK Program End

Create log file
2012-10-24 03:01:00ZArray_Photo Program Start
1150 log finish

2012-10-24 03:01:02ZArray_Photo Program End

Create log file
2012-10-24 03:03:00ZArray_test_repeat Program Start
2012-10-24 03:03:00ZArray_test_repeat Program End

Create log file
2012-10-24 03:41:17Z oee_empaidxsummdaily_purge Program Start
2012-10-24 03:41:17Z oee_empaidxsummdaily_purge Program END 

Create log file
2012-10-24 03:42:07Z oee_empaidxsummhourly_purge Program Start
2012-10-24 03:42:07Z oee_empaidxsummhourly_purge Program END 

Create log file
2012-10-24 03:44:26Z oee_empastcount_purge Program Start
2012-10-24 03:44:26Z oee_empastcount_purge Program END 

Create log file
2012-10-24 03:50:00Z OEE_IS_Hourly_Check_alarm  Program Start
2012-10-24 03:50:00Z OEE_IS_Hourly_Check_alarm  Program END 

Create log file
2012-10-24 03:50:01Z ALCS_Hourly_Check_alarm  Program Start
2012-10-24 03:50:01Z ALCS_Hourly_Check_alarm  Program END 

Create log file
2012-10-24 03:50:02Z SERVER_SELF_CHECK   Program Start
2012-10-24 03:50:02Z SERVER_SELF_CHECK   Program END 

Create log file
2012-10-24 03:50:02Z SERVER_SELF_CHECK Program Start
SMS log finish

2012-10-24 03:50:02Z SERVER_SELF_CHECK Program End

Create log file
2012-10-24 04:01:00ZArray_Photo Program Start
1150 log finish

2012-10-24 04:01:03ZArray_Photo Program End

Create log file
2012-10-24 04:03:00ZArray_test_repeat Program Start
2012-10-24 04:03:00ZArray_test_repeat Program End

Create log file
2012-10-24 04:41:19Z oee_empaidxsummdaily_purge Program Start
2012-10-24 04:41:19Z oee_empaidxsummdaily_purge Program END 

Create log file
2012-10-24 04:42:08Z oee_empaidxsummhourly_purge Program Start
2012-10-24 04:42:08Z oee_empaidxsummhourly_purge Program END 

Create log file
2012-10-24 04:44:29Z oee_empastcount_purge Program Start
2012-10-24 04:44:29Z oee_empastcount_purge Program END 

Create log file
2012-10-24 04:50:00Z OEE_IS_Hourly_Check_alarm  Program Start
2012-10-24 04:50:00Z OEE_IS_Hourly_Check_alarm  Program END 

Create log file
2012-10-24 04:50:00Z ALCS_Hourly_Check_alarm  Program Start
2012-10-24 04:50:00Z ALCS_Hourly_Check_alarm  Program END 

Create log file
2012-10-24 04:50:01Z SERVER_SELF_CHECK   Program Start
2012-10-24 04:50:01Z SERVER_SELF_CHECK   Program END 

Create log file
2012-10-24 04:50:02Z SERVER_SELF_CHECK Program Start
SMS log finish

2012-10-24 04:50:03Z SERVER_SELF_CHECK Program End

Create log file
2012-10-24 05:01:00ZArray_Photo Program Start
1150 log finish

2012-10-24 05:01:03ZArray_Photo Program End

Create log file
2012-10-24 05:03:00ZArray_test_repeat Program Start
2012-10-24 05:03:01ZArray_test_repeat Program End

Create log file
2012-10-24 05:30:04ZARY_HOLD_LOT Program Start
There are lots exceed process time for 24hrs, please check

There are lots exceed process time for 24hrs, please check

There are lots exceed process time for 24hrs, please check

There are lots exceed process time for 24hrs, please check

There are lots exceed process time for 24hrs, please check

There are lots exceed process time for 24hrs, please check

There are lots exceed process time for 24hrs, please check

There are lots exceed process time for 24hrs, please check

There are lots exceed process time for 24hrs, please check

There are lots exceed process time for 24hrs, please check

There are lots exceed process time for 24hrs, please check

There are lots exceed process time for 24hrs, please check

There are lots exceed process time for 24hrs, please check

There are lots exceed process time for 24hrs, please check

There are lots exceed process time for 24hrs, please check

There are lots exceed process time for 24hrs, please check

2012-10-24 05:30:20ZARY_HOLD_LOT Program End

Create log file
2012-10-24 05:41:17Z oee_empaidxsummdaily_purge Program Start
2012-10-24 05:41:17Z oee_empaidxsummdaily_purge Program END 

Create log file
2012-10-24 05:42:11Z oee_empaidxsummhourly_purge Program Start
2012-10-24 05:42:11Z oee_empaidxsummhourly_purge Program END 

Create log file
2012-10-24 05:44:27Z oee_empastcount_purge Program Start
2012-10-24 05:44:27Z oee_empastcount_purge Program END 

Create log file
2012-10-24 05:50:00Z OEE_IS_Hourly_Check_alarm  Program Start
2012-10-24 05:50:00Z OEE_IS_Hourly_Check_alarm  Program END 

Create log file
2012-10-24 05:50:01Z ALCS_Hourly_Check_alarm  Program Start
2012-10-24 05:50:01Z ALCS_Hourly_Check_alarm  Program END 

Create log file
2012-10-24 05:50:01Z SERVER_SELF_CHECK   Program Start
2012-10-24 05:50:01Z SERVER_SELF_CHECK   Program END 

Create log file
2012-10-24 05:50:02Z SERVER_SELF_CHECK Program Start
SMS log finish

2012-10-24 05:50:03Z SERVER_SELF_CHECK Program End

Create log file
2012-10-24 06:01:00ZArray_Photo Program Start
2012-10-24 06:01:03ZArray_Photo Program End

Create log file
2012-10-24 06:03:00ZArray_test_repeat Program Start
2012-10-24 06:03:01ZArray_test_repeat Program End

Create log file
2012-10-24 06:41:22Z oee_empaidxsummdaily_purge Program Start
2012-10-24 06:41:22Z oee_empaidxsummdaily_purge Program END 

Create log file
2012-10-24 06:42:13Z oee_empaidxsummhourly_purge Program Start
2012-10-24 06:42:13Z oee_empaidxsummhourly_purge Program END 

Create log file
2012-10-24 06:44:29Z oee_empastcount_purge Program Start
2012-10-24 06:44:29Z oee_empastcount_purge Program END 

Create log file
2012-10-24 06:50:00Z OEE_IS_Hourly_Check_alarm  Program Start
2012-10-24 06:50:00Z OEE_IS_Hourly_Check_alarm  Program END 

Create log file
2012-10-24 06:50:54Z ODS_Recover_Lot 154 Lots Program Start
2012-10-24 06:50:54Z ODS_Recover_Lot 154 Lots Program END 

Create log file
2012-10-24 06:51:07Z ALCS_Hourly_Check_alarm  Program Start
2012-10-24 06:51:07Z ALCS_Hourly_Check_alarm  Program END 

Create log file
2012-10-24 06:51:08Z SERVER_SELF_CHECK   Program Start
2012-10-24 06:51:08Z SERVER_SELF_CHECK   Program END 

Create log file
2012-10-24 06:51:09Z SERVER_SELF_CHECK Program Start
SMS log finish

2012-10-24 06:51:09Z SERVER_SELF_CHECK Program End

Create log file
2012-10-24 07:01:00ZArray_Photo Program Start
2012-10-24 07:01:02ZArray_Photo Program End

Create log file
2012-10-24 07:03:00ZArray_test_repeat Program Start
2012-10-24 07:03:00ZArray_test_repeat Program End

Create log file
2012-10-24 07:31:55Z OEELH_fixed_data_Daily Program Start
2012-10-24 07:31:55Z OEELH_fixed_data_Daily Program END 

Create log file
2012-10-24 07:41:16Z oee_empaidxsummdaily_purge Program Start
2012-10-24 07:41:16Z oee_empaidxsummdaily_purge Program END 

Create log file
2012-10-24 07:42:16Z oee_empaidxsummhourly_purge Program Start
2012-10-24 07:42:16Z oee_empaidxsummhourly_purge Program END 

Create log file
2012-10-24 07:44:31Z oee_empastcount_purge Program Start
2012-10-24 07:44:31Z oee_empastcount_purge Program END 

Create log file
2012-10-24 07:50:10Z OEE_IS_Hourly_Check_alarm  Program Start
2012-10-24 07:50:10Z OEE_IS_Hourly_Check_alarm  Program END 

Create log file
2012-10-24 07:50:11Z ALCS_Hourly_Check_alarm  Program Start
2012-10-24 07:50:11Z ALCS_Hourly_Check_alarm  Program END 

Create log file
2012-10-24 07:50:15Z SERVER_SELF_CHECK   Program Start
2012-10-24 07:50:15Z SERVER_SELF_CHECK   Program END 

Create log file
2012-10-24 07:50:16Z SERVER_SELF_CHECK Program Start
SMS log finish

2012-10-24 07:50:16Z SERVER_SELF_CHECK Program End

Create log file
2012-10-24 08:00:00Z Check_Onduty_Time From Onduty_dotnet2  Program Start
2012-10-24 08:00:00Z Check_Onduty_Time From Onduty_dotnet2  Program END 

Create log file
2012-10-24 08:01:00ZArray_Photo Program Start
2012-10-24 08:01:02ZArray_Photo Program End

Create log file
2012-10-24 08:03:00ZArray_test_repeat Program Start
2012-10-24 08:03:00ZArray_test_repeat Program End

Create log file
2012-10-24 08:30:00ZHoliday_inout_SMS Program Start
2012-10-24 08:30:00ZHoliday_Inout_SMS Program End

Create log file
2012-10-24 08:32:00ZOEE_EQP_SMS Program Start
2012-10-24 08:32:44ZOEE_EQP_SMS Program End

Create log file
2012-10-24 08:41:07Z oee_empaidxsummdaily_purge Program Start
2012-10-24 08:41:07Z oee_empaidxsummdaily_purge Program END 

Create log file
2012-10-24 08:42:13Z oee_empaidxsummhourly_purge Program Start
2012-10-24 08:42:13Z oee_empaidxsummhourly_purge Program END 

Create log file
2012-10-24 08:44:26Z oee_empastcount_purge Program Start
2012-10-24 08:44:26Z oee_empastcount_purge Program END 

Create log file
2012-10-24 08:45:00ZHoliday_inout_SMS_For_C2 Program Start
2012-10-24 08:45:07ZHoliday_Inout_SMS_For_C2 Program End

Create log file
2012-10-24 08:50:00Z OEE_IS_Hourly_Check_alarm  Program Start
2012-10-24 08:50:00Z OEE_IS_Hourly_Check_alarm  Program END 

Create log file
2012-10-24 08:50:06Z ALCS_Hourly_Check_alarm  Program Start
2012-10-24 08:50:06Z ALCS_Hourly_Check_alarm  Program END 

Create log file
2012-10-24 08:50:07Z SERVER_SELF_CHECK   Program Start
2012-10-24 08:50:07Z SERVER_SELF_CHECK   Program END 

Create log file
2012-10-24 08:50:08Z SERVER_SELF_CHECK Program Start
SMS log finish

2012-10-24 08:50:08Z SERVER_SELF_CHECK Program End

Create log file
2012-10-24 09:01:02ZArray_Photo Program Start
2012-10-24 09:01:05ZArray_Photo Program End

Create log file
2012-10-24 09:03:00ZArray_test_repeat Program Start
2012-10-24 09:03:00ZArray_test_repeat Program End

Create log file
2012-10-24 09:30:00ZARY_HOLD_LOT Program Start
There are lots exceed process time for 24hrs, please check

There are lots exceed process time for 24hrs, please check

There are lots exceed process time for 24hrs, please check

There are lots exceed process time for 24hrs, please check

There are lots exceed process time for 24hrs, please check

There are lots exceed process time for 24hrs, please check

There are lots exceed process time for 24hrs, please check

There are lots exceed process time for 24hrs, please check

There are lots exceed process time for 24hrs, please check

There are lots exceed process time for 24hrs, please check

There are lots exceed process time for 24hrs, please check

There are lots exceed process time for 24hrs, please check

There are lots exceed process time for 24hrs, please check

There are lots exceed process time for 24hrs, please check

There are lots exceed process time for 24hrs, please check

There are lots exceed process time for 24hrs, please check

2012-10-24 09:30:20ZARY_HOLD_LOT Program End

Create log file
2012-10-24 09:41:16Z oee_empaidxsummdaily_purge Program Start
2012-10-24 09:41:16Z oee_empaidxsummdaily_purge Program END 

Create log file
2012-10-24 09:42:05Z oee_empaidxsummhourly_purge Program Start
2012-10-24 09:42:05Z oee_empaidxsummhourly_purge Program END 

Create log file
2012-10-24 09:44:28Z oee_empastcount_purge Program Start
2012-10-24 09:44:28Z oee_empastcount_purge Program END 

Create log file
2012-10-24 09:50:00Z OEE_IS_Hourly_Check_alarm  Program Start
2012-10-24 09:50:00Z OEE_IS_Hourly_Check_alarm  Program END 

Create log file
2012-10-24 09:50:03Z ALCS_Hourly_Check_alarm  Program Start
2012-10-24 09:50:03Z ALCS_Hourly_Check_alarm  Program END 

Create log file
2012-10-24 09:50:04Z SERVER_SELF_CHECK   Program Start
2012-10-24 09:50:04Z SERVER_SELF_CHECK   Program END 

Create log file
2012-10-24 09:50:06Z SERVER_SELF_CHECK Program Start
SMS log finish

2012-10-24 09:50:06Z SERVER_SELF_CHECK Program End

Create log file
2012-10-24 10:01:00ZArray_Photo Program Start
1250 log finish

1350 log finish

2012-10-24 10:01:03ZArray_Photo Program End

Create log file
2012-10-24 10:03:00ZArray_test_repeat Program Start
2012-10-24 10:03:00ZArray_test_repeat Program End

Create log file
2012-10-24 10:41:08Z oee_empaidxsummdaily_purge Program Start
2012-10-24 10:41:08Z oee_empaidxsummdaily_purge Program END 

Create log file
2012-10-24 10:42:05Z oee_empaidxsummhourly_purge Program Start
2012-10-24 10:42:05Z oee_empaidxsummhourly_purge Program END 

Create log file
2012-10-24 10:44:33Z oee_empastcount_purge Program Start
2012-10-24 10:44:33Z oee_empastcount_purge Program END 

Create log file
2012-10-24 10:50:00Z OEE_IS_Hourly_Check_alarm  Program Start
2012-10-24 10:50:00Z OEE_IS_Hourly_Check_alarm  Program END 

Create log file
2012-10-24 10:50:01Z ALCS_Hourly_Check_alarm  Program Start
2012-10-24 10:50:01Z ALCS_Hourly_Check_alarm  Program END 

Create log file
2012-10-24 10:50:01Z SERVER_SELF_CHECK   Program Start
2012-10-24 10:50:01Z SERVER_SELF_CHECK   Program END 

Create log file
2012-10-24 10:50:03Z SERVER_SELF_CHECK Program Start
SMS log finish

2012-10-24 10:50:03Z SERVER_SELF_CHECK Program End

Create log file
2012-10-24 11:01:00ZArray_Photo Program Start
1350 log finish

2012-10-24 11:01:02ZArray_Photo Program End

Create log file
2012-10-24 11:03:00ZArray_test_repeat Program Start
2012-10-24 11:03:00ZArray_test_repeat Program End

Create log file
2012-10-24 11:40:01Z T1OEE Purge Program Start
2012-10-24 11:40:01Z T1OEE Purge Program END 

Create log file
2012-10-24 11:41:19Z oee_empaidxsummdaily_purge Program Start
2012-10-24 11:41:19Z oee_empaidxsummdaily_purge Program END 

Create log file
2012-10-24 11:42:05Z oee_empaidxsummhourly_purge Program Start
2012-10-24 11:42:05Z oee_empaidxsummhourly_purge Program END 

Create log file
2012-10-24 11:44:33Z oee_empastcount_purge Program Start
2012-10-24 11:44:33Z oee_empastcount_purge Program END 

Create log file
2012-10-24 11:50:00Z OEE_IS_Hourly_Check_alarm  Program Start
2012-10-24 11:50:00Z OEE_IS_Hourly_Check_alarm  Program END 

Create log file
2012-10-24 11:50:00Z ALCS_Hourly_Check_alarm  Program Start
2012-10-24 11:50:00Z ALCS_Hourly_Check_alarm  Program END 

Create log file
2012-10-24 11:50:01Z SERVER_SELF_CHECK   Program Start
2012-10-24 11:50:01Z SERVER_SELF_CHECK   Program END 

Create log file
2012-10-24 11:50:02Z SERVER_SELF_CHECK Program Start
SMS log finish

2012-10-24 11:50:02Z SERVER_SELF_CHECK Program End

Create log file
2012-10-24 12:01:00ZArray_Photo Program Start
1350 log finish

2012-10-24 12:01:02ZArray_Photo Program End

Create log file
2012-10-24 12:03:00ZArray_test_repeat Program Start
2012-10-24 12:03:00ZArray_test_repeat Program End

Create log file
2012-10-24 12:41:29Z oee_empaidxsummdaily_purge Program Start
2012-10-24 12:41:29Z oee_empaidxsummdaily_purge Program END 

Create log file
2012-10-24 12:42:26Z oee_empaidxsummhourly_purge Program Start
2012-10-24 12:42:26Z oee_empaidxsummhourly_purge Program END 

Create log file
2012-10-24 12:44:40Z oee_empastcount_purge Program Start
2012-10-24 12:44:40Z oee_empastcount_purge Program END 

Create log file
2012-10-24 12:50:00Z OEE_IS_Hourly_Check_alarm  Program Start
2012-10-24 12:50:00Z OEE_IS_Hourly_Check_alarm  Program END 

Create log file
2012-10-24 12:50:01Z ALCS_Hourly_Check_alarm  Program Start
2012-10-24 12:50:01Z ALCS_Hourly_Check_alarm  Program END 

Create log file
2012-10-24 12:50:03Z SERVER_SELF_CHECK   Program Start
2012-10-24 12:50:03Z SERVER_SELF_CHECK   Program END 

Create log file
2012-10-24 13:01:00ZArray_Photo Program Start
1350 log finish

2012-10-24 13:01:03ZArray_Photo Program End

Create log file
2012-10-24 13:03:00ZArray_test_repeat Program Start
2012-10-24 13:03:00ZArray_test_repeat Program End

Create log file
2012-10-24 13:30:00ZARY_HOLD_LOT Program Start
There are lots exceed process time for 24hrs, please check

There are lots exceed process time for 24hrs, please check

There are lots exceed process time for 24hrs, please check

There are lots exceed process time for 48hrs, please check

There are lots exceed process time for 24hrs, please check

There are lots exceed process time for 24hrs, please check

There are lots exceed process time for 24hrs, please check

There are lots exceed process time for 48hrs, please check

There are lots exceed process time for 24hrs, please check

There are lots exceed process time for 24hrs, please check

There are lots exceed process time for 48hrs, please check

There are lots exceed process time for 24hrs, please check

There are lots exceed process time for 24hrs, please check

There are lots exceed process time for 48hrs, please check

There are lots exceed process time for 24hrs, please check

There are lots exceed process time for 24hrs, please check

There are lots exceed process time for 48hrs, please check

There are lots exceed process time for 24hrs, please check

There are lots exceed process time for 24hrs, please check

There are lots exceed process time for 48hrs, please check

There are lots exceed process time for 24hrs, please check

There are lots exceed process time for 24hrs, please check

There are lots exceed process time for 48hrs, please check

There are lots exceed process time for 24hrs, please check

There are lots exceed process time for 24hrs, please check

There are lots exceed process time for 24hrs, please check

There are lots exceed process time for 24hrs, please check

There are lots exceed process time for 24hrs, please check

There are lots exceed process time for 24hrs, please check

There are lots exceed process time for 24hrs, please check

There are lots exceed process time for 48hrs, please check

There are lots exceed process time for 24hrs, please check

There are lots exceed process time for 24hrs, please check

2012-10-24 13:30:19ZARY_HOLD_LOT Program End

Create log file
2012-10-24 13:41:29Z oee_empaidxsummdaily_purge Program Start
2012-10-24 13:41:29Z oee_empaidxsummdaily_purge Program END 

Create log file
2012-10-24 13:41:48Z oee_empaidxsummhourly_purge Program Start
2012-10-24 13:41:48Z oee_empaidxsummhourly_purge Program END 

Create log file
2012-10-24 13:44:29Z oee_empastcount_purge Program Start
2012-10-24 13:44:29Z oee_empastcount_purge Program END 

Create log file
2012-10-24 13:50:00Z OEE_IS_Hourly_Check_alarm  Program Start
2012-10-24 13:50:00Z OEE_IS_Hourly_Check_alarm  Program END 

Create log file
2012-10-24 13:50:01Z ALCS_Hourly_Check_alarm  Program Start
2012-10-24 13:50:01Z ALCS_Hourly_Check_alarm  Program END 

Create log file
2012-10-24 13:50:02Z SERVER_SELF_CHECK   Program Start
2012-10-24 13:50:02Z SERVER_SELF_CHECK   Program END 

Create log file
2012-10-24 14:01:00ZArray_Photo Program Start
1350 log finish

2012-10-24 14:01:02ZArray_Photo Program End

Create log file
2012-10-24 14:03:00ZArray_test_repeat Program Start
2012-10-24 14:03:00ZArray_test_repeat Program End

Create log file
2012-10-24 14:41:09Z oee_empaidxsummdaily_purge Program Start
2012-10-24 14:41:09Z oee_empaidxsummdaily_purge Program END 

Create log file
2012-10-24 14:41:37Z oee_empaidxsummhourly_purge Program Start
2012-10-24 14:41:37Z oee_empaidxsummhourly_purge Program END 

Create log file
2012-10-24 14:44:27Z oee_empastcount_purge Program Start
2012-10-24 14:44:27Z oee_empastcount_purge Program END 

Create log file
2012-10-24 14:50:00Z OEE_IS_Hourly_Check_alarm  Program Start
2012-10-24 14:50:00Z OEE_IS_Hourly_Check_alarm  Program END 

Create log file
2012-10-24 14:50:00Z ALCS_Hourly_Check_alarm  Program Start
2012-10-24 14:50:00Z ALCS_Hourly_Check_alarm  Program END 

Create log file
2012-10-24 14:50:01Z SERVER_SELF_CHECK   Program Start
2012-10-24 14:50:01Z SERVER_SELF_CHECK   Program END 

Create log file
2012-10-24 15:01:00ZArray_Photo Program Start
2012-10-24 15:01:02ZArray_Photo Program End

Create log file
2012-10-24 15:03:00ZArray_test_repeat Program Start
2012-10-24 15:03:00ZArray_test_repeat Program End

Create log file
2012-10-24 15:50:00Z OEE_IS_Hourly_Check_alarm  Program Start
2012-10-24 15:50:00Z OEE_IS_Hourly_Check_alarm  Program END 

Create log file
2012-10-24 15:50:01Z ALCS_Hourly_Check_alarm  Program Start
2012-10-24 15:50:01Z ALCS_Hourly_Check_alarm  Program END 

Create log file
2012-10-24 15:50:01Z SERVER_SELF_CHECK   Program Start
2012-10-24 15:50:01Z SERVER_SELF_CHECK   Program END 

Create log file
2012-10-24 15:57:11Z oee_empaidxsummdaily_purge Program Start
2012-10-24 15:57:11Z oee_empaidxsummdaily_purge Program END 

Create log file
2012-10-24 15:57:37Z oee_empaidxsummhourly_purge Program Start
2012-10-24 15:57:37Z oee_empaidxsummhourly_purge Program END 

Create log file
2012-10-24 16:00:23Z oee_empastcount_purge Program Start
2012-10-24 16:00:23Z oee_empastcount_purge Program END 

Create log file
2012-10-24 16:01:00ZArray_Photo Program Start
2012-10-24 16:01:03ZArray_Photo Program End

Create log file
2012-10-24 16:03:00ZArray_test_repeat Program Start
2012-10-24 16:03:00ZArray_test_repeat Program End

Create log file
2012-10-24 16:41:17Z oee_empaidxsummdaily_purge Program Start
2012-10-24 16:41:17Z oee_empaidxsummdaily_purge Program END 

Create log file
2012-10-24 16:41:44Z oee_empaidxsummhourly_purge Program Start
2012-10-24 16:41:44Z oee_empaidxsummhourly_purge Program END 

Create log file
2012-10-24 16:44:30Z oee_empastcount_purge Program Start
2012-10-24 16:44:30Z oee_empastcount_purge Program END 

Create log file
2012-10-24 16:50:00Z OEE_IS_Hourly_Check_alarm  Program Start
2012-10-24 16:50:00Z OEE_IS_Hourly_Check_alarm  Program END 

Create log file
2012-10-24 16:50:00Z ALCS_Hourly_Check_alarm  Program Start
2012-10-24 16:50:00Z ALCS_Hourly_Check_alarm  Program END 

Create log file
2012-10-24 16:50:01Z SERVER_SELF_CHECK   Program Start
2012-10-24 16:50:01Z SERVER_SELF_CHECK   Program END 

Create log file
2012-10-24 17:01:00ZArray_Photo Program Start
1150 log finish

1250 log finish

2012-10-24 17:01:03ZArray_Photo Program End

Create log file
2012-10-24 17:03:00ZArray_test_repeat Program Start
2012-10-24 17:03:00ZArray_test_repeat Program End

Create log file
2012-10-24 17:30:00ZARY_HOLD_LOT Program Start
There are lots exceed process time for 24hrs, please check

There are lots exceed process time for 24hrs, please check

There are lots exceed process time for 24hrs, please check

There are lots exceed process time for 24hrs, please check

There are lots exceed process time for 24hrs, please check

There are lots exceed process time for 24hrs, please check

There are lots exceed process time for 24hrs, please check

There are lots exceed process time for 24hrs, please check

There are lots exceed process time for 24hrs, please check

There are lots exceed process time for 24hrs, please check

There are lots exceed process time for 24hrs, please check

There are lots exceed process time for 24hrs, please check

There are lots exceed process time for 24hrs, please check

There are lots exceed process time for 24hrs, please check

2012-10-24 17:30:14ZARY_HOLD_LOT Program End

Create log file
2012-10-24 17:41:11Z oee_empaidxsummdaily_purge Program Start
2012-10-24 17:41:11Z oee_empaidxsummdaily_purge Program END 

Create log file
2012-10-24 17:41:39Z oee_empaidxsummhourly_purge Program Start
2012-10-24 17:41:39Z oee_empaidxsummhourly_purge Program END 

Create log file
2012-10-24 17:44:26Z oee_empastcount_purge Program Start
2012-10-24 17:44:26Z oee_empastcount_purge Program END 

Create log file
2012-10-24 17:50:00Z OEE_IS_Hourly_Check_alarm  Program Start
2012-10-24 17:50:00Z OEE_IS_Hourly_Check_alarm  Program END 

Create log file
2012-10-24 17:50:00Z ALCS_Hourly_Check_alarm  Program Start
2012-10-24 17:50:00Z ALCS_Hourly_Check_alarm  Program END 

Create log file
2012-10-24 17:50:01Z SERVER_SELF_CHECK   Program Start
2012-10-24 17:50:01Z SERVER_SELF_CHECK   Program END 

Create log file
2012-10-24 18:01:00ZArray_Photo Program Start
1150 log finish

1250 log finish

1350 log finish

2012-10-24 18:01:03ZArray_Photo Program End

Create log file
2012-10-24 18:03:00ZArray_test_repeat Program Start
2012-10-24 18:03:01ZArray_test_repeat Program End

Create log file
2012-10-24 18:41:21Z oee_empaidxsummdaily_purge Program Start
2012-10-24 18:41:21Z oee_empaidxsummdaily_purge Program END 

Create log file
2012-10-24 18:41:44Z oee_empaidxsummhourly_purge Program Start
2012-10-24 18:41:44Z oee_empaidxsummhourly_purge Program END 

Create log file
2012-10-24 18:44:32Z oee_empastcount_purge Program Start
2012-10-24 18:44:32Z oee_empastcount_purge Program END 

Create log file
2012-10-24 18:50:00Z OEE_IS_Hourly_Check_alarm  Program Start
2012-10-24 18:50:00Z OEE_IS_Hourly_Check_alarm  Program END 

Create log file
2012-10-24 18:50:01Z ALCS_Hourly_Check_alarm  Program Start
2012-10-24 18:50:01Z ALCS_Hourly_Check_alarm  Program END 

Create log file
2012-10-24 18:50:02Z SERVER_SELF_CHECK   Program Start
2012-10-24 18:50:02Z SERVER_SELF_CHECK   Program END 

Create log file
2012-10-24 19:01:00ZArray_Photo Program Start
1150 log finish

1350 log finish

2012-10-24 19:01:03ZArray_Photo Program End

Create log file
2012-10-24 19:03:00ZArray_test_repeat Program Start
2012-10-24 19:03:00ZArray_test_repeat Program End

Create log file
2012-10-24 19:41:15Z oee_empaidxsummdaily_purge Program Start
2012-10-24 19:41:15Z oee_empaidxsummdaily_purge Program END 

Create log file
2012-10-24 19:41:39Z oee_empaidxsummhourly_purge Program Start
2012-10-24 19:41:39Z oee_empaidxsummhourly_purge Program END 

Create log file
2012-10-24 19:44:25Z oee_empastcount_purge Program Start
2012-10-24 19:44:25Z oee_empastcount_purge Program END 

Create log file
2012-10-24 19:50:00Z OEE_IS_Hourly_Check_alarm  Program Start
2012-10-24 19:50:00Z OEE_IS_Hourly_Check_alarm  Program END 

Create log file
2012-10-24 19:50:01Z ALCS_Hourly_Check_alarm  Program Start
2012-10-24 19:50:01Z ALCS_Hourly_Check_alarm  Program END 

Create log file
2012-10-24 19:50:03Z SERVER_SELF_CHECK   Program Start
2012-10-24 19:50:03Z SERVER_SELF_CHECK   Program END 

Create log file
2012-10-24 20:01:00ZArray_Photo Program Start
1150 log finish

2012-10-24 20:01:03ZArray_Photo Program End

Create log file
2012-10-24 20:03:00ZArray_test_repeat Program Start
2012-10-24 20:03:00ZArray_test_repeat Program End

Create log file
2012-10-24 20:41:19Z oee_empaidxsummdaily_purge Program Start
2012-10-24 20:41:19Z oee_empaidxsummdaily_purge Program END 

Create log file
2012-10-24 20:41:47Z oee_empaidxsummhourly_purge Program Start
2012-10-24 20:41:47Z oee_empaidxsummhourly_purge Program END 

Create log file
2012-10-24 20:44:31Z oee_empastcount_purge Program Start
2012-10-24 20:44:31Z oee_empastcount_purge Program END 

Create log file
2012-10-24 20:50:00Z OEE_IS_Hourly_Check_alarm  Program Start
2012-10-24 20:50:00Z OEE_IS_Hourly_Check_alarm  Program END 

Create log file
2012-10-24 20:50:04Z ALCS_Hourly_Check_alarm  Program Start
2012-10-24 20:50:04Z ALCS_Hourly_Check_alarm  Program END 

Create log file
2012-10-24 20:50:06Z SERVER_SELF_CHECK   Program Start
2012-10-24 20:50:06Z SERVER_SELF_CHECK   Program END 

Create log file
2012-10-24 21:01:00ZArray_Photo Program Start
1150 log finish

2012-10-24 21:01:03ZArray_Photo Program End

Create log file
2012-10-24 21:03:00ZArray_test_repeat Program Start
2012-10-24 21:03:00ZArray_test_repeat Program End

Create log file
2012-10-24 21:30:04ZARY_HOLD_LOT Program Start
There are lots exceed process time for 24hrs, please check

There are lots exceed process time for 24hrs, please check

There are lots exceed process time for 24hrs, please check

There are lots exceed process time for 24hrs, please check

There are lots exceed process time for 24hrs, please check

There are lots exceed process time for 24hrs, please check

There are lots exceed process time for 24hrs, please check

There are lots exceed process time for 24hrs, please check

There are lots exceed process time for 24hrs, please check

There are lots exceed process time for 24hrs, please check

There are lots exceed process time for 24hrs, please check

There are lots exceed process time for 24hrs, please check

There are lots exceed process time for 24hrs, please check

There are lots exceed process time for 24hrs, please check

There are lots exceed process time for 24hrs, please check

2012-10-24 21:30:23ZARY_HOLD_LOT Program End

Create log file
2012-10-24 21:41:21Z oee_empaidxsummdaily_purge Program Start
2012-10-24 21:41:21Z oee_empaidxsummdaily_purge Program END 

Create log file
2012-10-24 21:41:44Z oee_empaidxsummhourly_purge Program Start
2012-10-24 21:41:44Z oee_empaidxsummhourly_purge Program END 

Create log file
2012-10-24 21:44:26Z oee_empastcount_purge Program Start
2012-10-24 21:44:26Z oee_empastcount_purge Program END 

Create log file
2012-10-24 21:50:00Z OEE_IS_Hourly_Check_alarm  Program Start
2012-10-24 21:50:00Z OEE_IS_Hourly_Check_alarm  Program END 

Create log file
2012-10-24 21:50:01Z ALCS_Hourly_Check_alarm  Program Start
2012-10-24 21:50:01Z ALCS_Hourly_Check_alarm  Program END 

Create log file
2012-10-24 21:50:02Z SERVER_SELF_CHECK   Program Start
2012-10-24 21:50:02Z SERVER_SELF_CHECK   Program END 

Create log file
2012-10-24 22:00:00ZSERVER_SMS_TEST Program Start
SMS log finish

2012-10-24 22:00:00ZSERVER_SMS_TEST Program End

Create log file
2012-10-24 22:01:00ZArray_Photo Program Start
1150 log finish

1350 log finish

2012-10-24 22:01:02ZArray_Photo Program End

Create log file
2012-10-24 22:03:00ZArray_test_repeat Program Start
2012-10-24 22:03:00ZArray_test_repeat Program End

Create log file
2012-10-24 22:41:25Z oee_empaidxsummdaily_purge Program Start
2012-10-24 22:41:25Z oee_empaidxsummdaily_purge Program END 

Create log file
2012-10-24 22:41:50Z oee_empaidxsummhourly_purge Program Start
2012-10-24 22:41:50Z oee_empaidxsummhourly_purge Program END 

Create log file
2012-10-24 22:44:35Z oee_empastcount_purge Program Start
2012-10-24 22:44:35Z oee_empastcount_purge Program END 

Create log file
2012-10-24 22:50:00Z OEE_IS_Hourly_Check_alarm  Program Start
2012-10-24 22:50:00Z OEE_IS_Hourly_Check_alarm  Program END 

Create log file
2012-10-24 22:50:00Z ALCS_Hourly_Check_alarm  Program Start
2012-10-24 22:50:00Z ALCS_Hourly_Check_alarm  Program END 

Create log file
2012-10-24 22:50:02Z SERVER_SELF_CHECK   Program Start
2012-10-24 22:50:02Z SERVER_SELF_CHECK   Program END 

Create log file
2012-10-24 23:01:00ZArray_Photo Program Start
1150 log finish

1350 log finish

2012-10-24 23:01:03ZArray_Photo Program End

Create log file
2012-10-24 23:03:00ZArray_test_repeat Program Start
2012-10-24 23:03:00ZArray_test_repeat Program End

Create log file
2012-10-24 23:41:24Z oee_empaidxsummdaily_purge Program Start
2012-10-24 23:41:24Z oee_empaidxsummdaily_purge Program END 

Create log file
2012-10-24 23:42:06Z oee_empaidxsummhourly_purge Program Start
2012-10-24 23:42:06Z oee_empaidxsummhourly_purge Program END 

Create log file
2012-10-24 23:44:50Z oee_empastcount_purge Program Start
2012-10-24 23:44:50Z oee_empastcount_purge Program END 

Create log file
2012-10-24 23:50:00Z OEE_IS_Hourly_Check_alarm  Program Start
2012-10-24 23:50:00Z OEE_IS_Hourly_Check_alarm  Program END 

Create log file
2012-10-24 23:50:06Z ALCS_Hourly_Check_alarm  Program Start
2012-10-24 23:50:06Z ALCS_Hourly_Check_alarm  Program END 

Create log file
2012-10-24 23:50:06Z SERVER_SELF_CHECK   Program Start
2012-10-24 23:50:06Z SERVER_SELF_CHECK   Program END 

