Create log file
2012-11-05 00:01:00ZArray_Photo Program Start
2012-11-05 00:01:04ZArray_Photo Program End

Create log file
2012-11-05 00:03:01ZArray_test_repeat Program Start
2012-11-05 00:03:01ZArray_test_repeat Program End

Create log file
2012-11-05 00:10:00Z T0T1 InnoView Add User Program Start
2012-11-05 00:10:00Z T0T1 InnoView Add User Program END 

Create log file
2012-11-05 00:20:15Z VPNLOG_PARSER Program Start
2012-11-05 00:20:15Z VPNLOG_PARSER Program END 

Create log file
2012-11-05 00:30:00Z T0/T1 RealTimeDept Program Start
2012-11-05 00:30:00Z T0/T1 RealTimeDept Program END 

Create log file
2012-11-05 00:41:39Z oee_empaidxsummdaily_purge Program Start
2012-11-05 00:41:39Z oee_empaidxsummdaily_purge Program END 

Create log file
2012-11-05 00:42:48Z oee_empaidxsummhourly_purge Program Start
2012-11-05 00:42:48Z oee_empaidxsummhourly_purge Program END 

Create log file
2012-11-05 00:46:55Z oee_empastcount_purge Program Start
2012-11-05 00:46:55Z oee_empastcount_purge Program END 

Create log file
2012-11-05 00:50:00Z OEE_IS_Hourly_Check_alarm  Program Start
2012-11-05 00:50:00Z OEE_IS_Hourly_Check_alarm  Program END 

Create log file
2012-11-05 00:50:00Z ALCS_Hourly_Check_alarm  Program Start
2012-11-05 00:50:00Z ALCS_Hourly_Check_alarm  Program END 

Create log file
2012-11-05 00:50:04Z SERVER_SELF_CHECK   Program Start
2012-11-05 00:50:04Z SERVER_SELF_CHECK   Program END 

Create log file
2012-11-05 00:50:07Z SERVER_SELF_CHECK Program Start
SMS log finish

2012-11-05 00:50:07Z SERVER_SELF_CHECK Program End

Create log file
2012-11-05 01:01:00ZArray_Photo Program Start
1250 log finish

2012-11-05 01:01:03ZArray_Photo Program End

Create log file
2012-11-05 01:03:00ZArray_test_repeat Program Start
2012-11-05 01:03:00ZArray_test_repeat Program End

Create log file
2012-11-05 01:30:00ZARY_HOLD_LOT Program Start
There are lots exceed process time for 24hrs, please check

There are lots exceed process time for 24hrs, please check

There are lots exceed process time for 24hrs, please check

There are lots exceed process time for 24hrs, please check

There are lots exceed process time for 24hrs, please check

There are lots exceed process time for 24hrs, please check

There are lots exceed process time for 24hrs, please check

There are lots exceed process time for 24hrs, please check

There are lots exceed process time for 24hrs, please check

There are lots exceed process time for 24hrs, please check

There are lots exceed process time for 24hrs, please check

There are lots exceed process time for 24hrs, please check

There are lots exceed process time for 24hrs, please check

There are lots exceed process time for 24hrs, please check

There are lots exceed process time for 24hrs, please check

There are lots exceed process time for 24hrs, please check

There are lots exceed process time for 24hrs, please check

There are lots exceed process time for 24hrs, please check

2012-11-05 01:30:28ZARY_HOLD_LOT Program End

Create log file
2012-11-05 01:41:19Z oee_empaidxsummdaily_purge Program Start
2012-11-05 01:41:19Z oee_empaidxsummdaily_purge Program END 

Create log file
2012-11-05 01:42:24Z oee_empaidxsummhourly_purge Program Start
2012-11-05 01:42:24Z oee_empaidxsummhourly_purge Program END 

Create log file
2012-11-05 01:44:36Z oee_empastcount_purge Program Start
2012-11-05 01:44:36Z oee_empastcount_purge Program END 

Create log file
2012-11-05 01:50:01Z OEE_IS_Hourly_Check_alarm  Program Start
2012-11-05 01:50:01Z OEE_IS_Hourly_Check_alarm  Program END 

Create log file
2012-11-05 01:50:02Z ALCS_Hourly_Check_alarm  Program Start
2012-11-05 01:50:02Z ALCS_Hourly_Check_alarm  Program END 

Create log file
2012-11-05 01:50:03Z SERVER_SELF_CHECK   Program Start
2012-11-05 01:50:03Z SERVER_SELF_CHECK   Program END 

Create log file
2012-11-05 01:50:04Z SERVER_SELF_CHECK Program Start
SMS log finish

2012-11-05 01:50:04Z SERVER_SELF_CHECK Program End

Create log file
2012-11-05 02:01:00ZArray_Photo Program Start
1250 log finish

2012-11-05 02:01:04ZArray_Photo Program End

Create log file
2012-11-05 02:03:00ZArray_test_repeat Program Start
2012-11-05 02:03:00ZArray_test_repeat Program End

Create log file
2012-11-05 02:41:20Z oee_empaidxsummdaily_purge Program Start
2012-11-05 02:41:20Z oee_empaidxsummdaily_purge Program END 

Create log file
2012-11-05 02:42:17Z oee_empaidxsummhourly_purge Program Start
2012-11-05 02:42:17Z oee_empaidxsummhourly_purge Program END 

Create log file
2012-11-05 02:44:30Z oee_empastcount_purge Program Start
2012-11-05 02:44:30Z oee_empastcount_purge Program END 

Create log file
2012-11-05 02:50:00Z OEE_IS_Hourly_Check_alarm  Program Start
2012-11-05 02:50:00Z OEE_IS_Hourly_Check_alarm  Program END 

Create log file
2012-11-05 02:50:07Z ALCS_Hourly_Check_alarm  Program Start
2012-11-05 02:50:07Z ALCS_Hourly_Check_alarm  Program END 

Create log file
2012-11-05 02:50:07Z SERVER_SELF_CHECK   Program Start
2012-11-05 02:50:07Z SERVER_SELF_CHECK   Program END 

Create log file
2012-11-05 02:50:09Z SERVER_SELF_CHECK Program Start
SMS log finish

2012-11-05 02:50:09Z SERVER_SELF_CHECK Program End

Create log file
2012-11-05 03:01:00ZArray_Photo Program Start
1350 log finish

1450 log finish

2012-11-05 03:01:03ZArray_Photo Program End

Create log file
2012-11-05 03:03:00ZArray_test_repeat Program Start
2012-11-05 03:03:01ZArray_test_repeat Program End

Create log file
2012-11-05 03:41:26Z oee_empaidxsummdaily_purge Program Start
2012-11-05 03:41:26Z oee_empaidxsummdaily_purge Program END 

Create log file
2012-11-05 03:42:30Z oee_empaidxsummhourly_purge Program Start
2012-11-05 03:42:30Z oee_empaidxsummhourly_purge Program END 

Create log file
2012-11-05 03:44:44Z oee_empastcount_purge Program Start
2012-11-05 03:44:44Z oee_empastcount_purge Program END 

Create log file
2012-11-05 03:50:00Z OEE_IS_Hourly_Check_alarm  Program Start
2012-11-05 03:50:00Z OEE_IS_Hourly_Check_alarm  Program END 

Create log file
2012-11-05 03:50:01Z ALCS_Hourly_Check_alarm  Program Start
2012-11-05 03:50:01Z ALCS_Hourly_Check_alarm  Program END 

Create log file
2012-11-05 03:50:02Z SERVER_SELF_CHECK   Program Start
2012-11-05 03:50:02Z SERVER_SELF_CHECK   Program END 

Create log file
2012-11-05 03:50:03Z SERVER_SELF_CHECK Program Start
SMS log finish

2012-11-05 03:50:03Z SERVER_SELF_CHECK Program End

Create log file
2012-11-05 04:01:00ZArray_Photo Program Start
1250 log finish

1450 log finish

2012-11-05 04:01:03ZArray_Photo Program End

Create log file
2012-11-05 04:03:00ZArray_test_repeat Program Start
2012-11-05 04:03:00ZArray_test_repeat Program End

Create log file
2012-11-05 04:41:21Z oee_empaidxsummdaily_purge Program Start
2012-11-05 04:41:21Z oee_empaidxsummdaily_purge Program END 

Create log file
2012-11-05 04:42:27Z oee_empaidxsummhourly_purge Program Start
2012-11-05 04:42:27Z oee_empaidxsummhourly_purge Program END 

Create log file
2012-11-05 04:44:36Z oee_empastcount_purge Program Start
2012-11-05 04:44:36Z oee_empastcount_purge Program END 

Create log file
2012-11-05 04:50:00Z OEE_IS_Hourly_Check_alarm  Program Start
2012-11-05 04:50:00Z OEE_IS_Hourly_Check_alarm  Program END 

Create log file
2012-11-05 04:50:00Z ALCS_Hourly_Check_alarm  Program Start
2012-11-05 04:50:00Z ALCS_Hourly_Check_alarm  Program END 

Create log file
2012-11-05 04:50:01Z SERVER_SELF_CHECK   Program Start
2012-11-05 04:50:01Z SERVER_SELF_CHECK   Program END 

Create log file
2012-11-05 04:50:02Z SERVER_SELF_CHECK Program Start
SMS log finish

2012-11-05 04:50:02Z SERVER_SELF_CHECK Program End

Create log file
2012-11-05 05:01:00ZArray_Photo Program Start
2012-11-05 05:01:03ZArray_Photo Program End

Create log file
2012-11-05 05:03:00ZArray_test_repeat Program Start
2012-11-05 05:03:01ZArray_test_repeat Program End

Create log file
2012-11-05 05:30:05ZARY_HOLD_LOT Program Start
There are lots exceed process time for 24hrs, please check

There are lots exceed process time for 24hrs, please check

There are lots exceed process time for 24hrs, please check

There are lots exceed process time for 24hrs, please check

There are lots exceed process time for 24hrs, please check

There are lots exceed process time for 24hrs, please check

There are lots exceed process time for 24hrs, please check

There are lots exceed process time for 24hrs, please check

There are lots exceed process time for 24hrs, please check

There are lots exceed process time for 24hrs, please check

There are lots exceed process time for 24hrs, please check

There are lots exceed process time for 24hrs, please check

There are lots exceed process time for 24hrs, please check

There are lots exceed process time for 24hrs, please check

There are lots exceed process time for 24hrs, please check

There are lots exceed process time for 24hrs, please check

There are lots exceed process time for 24hrs, please check

There are lots exceed process time for 24hrs, please check

2012-11-05 05:30:30ZARY_HOLD_LOT Program End

Create log file
2012-11-05 05:41:18Z oee_empaidxsummdaily_purge Program Start
2012-11-05 05:41:18Z oee_empaidxsummdaily_purge Program END 

Create log file
2012-11-05 05:42:15Z oee_empaidxsummhourly_purge Program Start
2012-11-05 05:42:15Z oee_empaidxsummhourly_purge Program END 

Create log file
2012-11-05 05:44:27Z oee_empastcount_purge Program Start
2012-11-05 05:44:27Z oee_empastcount_purge Program END 

Create log file
2012-11-05 05:50:00Z OEE_IS_Hourly_Check_alarm  Program Start
2012-11-05 05:50:00Z OEE_IS_Hourly_Check_alarm  Program END 

Create log file
2012-11-05 05:50:01Z ALCS_Hourly_Check_alarm  Program Start
2012-11-05 05:50:01Z ALCS_Hourly_Check_alarm  Program END 

Create log file
2012-11-05 05:50:02Z SERVER_SELF_CHECK   Program Start
2012-11-05 05:50:02Z SERVER_SELF_CHECK   Program END 

Create log file
2012-11-05 05:50:03Z SERVER_SELF_CHECK Program Start
SMS log finish

2012-11-05 05:50:03Z SERVER_SELF_CHECK Program End

Create log file
2012-11-05 06:01:00ZArray_Photo Program Start
1150 log finish

1450 log finish

2012-11-05 06:01:04ZArray_Photo Program End

Create log file
2012-11-05 06:03:00ZArray_test_repeat Program Start
2012-11-05 06:03:00ZArray_test_repeat Program End

Create log file
2012-11-05 06:41:22Z oee_empaidxsummdaily_purge Program Start
2012-11-05 06:41:22Z oee_empaidxsummdaily_purge Program END 

Create log file
2012-11-05 06:42:12Z oee_empaidxsummhourly_purge Program Start
2012-11-05 06:42:12Z oee_empaidxsummhourly_purge Program END 

Create log file
2012-11-05 06:44:29Z oee_empastcount_purge Program Start
2012-11-05 06:44:29Z oee_empastcount_purge Program END 

Create log file
2012-11-05 06:50:00Z OEE_IS_Hourly_Check_alarm  Program Start
2012-11-05 06:50:00Z OEE_IS_Hourly_Check_alarm  Program END 

Create log file
2012-11-05 06:50:01Z ALCS_Hourly_Check_alarm  Program Start
2012-11-05 06:50:01Z ALCS_Hourly_Check_alarm  Program END 

Create log file
2012-11-05 06:50:02Z SERVER_SELF_CHECK   Program Start
2012-11-05 06:50:02Z SERVER_SELF_CHECK   Program END 

Create log file
2012-11-05 06:50:03Z SERVER_SELF_CHECK Program Start
SMS log finish

2012-11-05 06:50:03Z SERVER_SELF_CHECK Program End

Create log file
2012-11-05 06:51:09Z ODS_Recover_Lot 159 Lots Program Start
2012-11-05 06:51:09Z ODS_Recover_Lot 159 Lots Program END 

Create log file
2012-11-05 07:01:00ZArray_Photo Program Start
1150 log finish

1450 log finish

2012-11-05 07:01:04ZArray_Photo Program End

Create log file
2012-11-05 07:03:00ZArray_test_repeat Program Start
2012-11-05 07:03:00ZArray_test_repeat Program End

Create log file
2012-11-05 07:31:11Z OEELH_fixed_data_Daily Program Start
2012-11-05 07:31:11Z OEELH_fixed_data_Daily Program END 

Create log file
2012-11-05 07:41:18Z oee_empaidxsummdaily_purge Program Start
2012-11-05 07:41:18Z oee_empaidxsummdaily_purge Program END 

Create log file
2012-11-05 07:42:15Z oee_empaidxsummhourly_purge Program Start
2012-11-05 07:42:15Z oee_empaidxsummhourly_purge Program END 

Create log file
2012-11-05 07:44:31Z oee_empastcount_purge Program Start
2012-11-05 07:44:31Z oee_empastcount_purge Program END 

Create log file
2012-11-05 07:50:08Z OEE_IS_Hourly_Check_alarm  Program Start
2012-11-05 07:50:08Z OEE_IS_Hourly_Check_alarm  Program END 

Create log file
2012-11-05 07:50:09Z ALCS_Hourly_Check_alarm  Program Start
2012-11-05 07:50:09Z ALCS_Hourly_Check_alarm  Program END 

Create log file
2012-11-05 07:50:13Z SERVER_SELF_CHECK   Program Start
2012-11-05 07:50:13Z SERVER_SELF_CHECK   Program END 

Create log file
2012-11-05 07:50:14Z SERVER_SELF_CHECK Program Start
SMS log finish

2012-11-05 07:50:14Z SERVER_SELF_CHECK Program End

Create log file
2012-11-05 08:00:00Z Check_Onduty_Time From Onduty_dotnet2  Program Start
2012-11-05 08:00:00Z Check_Onduty_Time From Onduty_dotnet2  Program END 

Create log file
2012-11-05 08:01:01ZArray_Photo Program Start
1450 log finish

2012-11-05 08:01:04ZArray_Photo Program End

Create log file
2012-11-05 08:03:00ZArray_test_repeat Program Start
2012-11-05 08:03:00ZArray_test_repeat Program End

Create log file
2012-11-05 08:30:00ZHoliday_inout_SMS Program Start
2012-11-05 08:30:00ZHoliday_Inout_SMS Program End

Create log file
2012-11-05 08:32:00ZOEE_EQP_SMS Program Start
2012-11-05 08:32:38ZOEE_EQP_SMS Program End

Create log file
2012-11-05 08:41:05Z oee_empaidxsummdaily_purge Program Start
2012-11-05 08:41:05Z oee_empaidxsummdaily_purge Program END 

Create log file
2012-11-05 08:41:59Z oee_empaidxsummhourly_purge Program Start
2012-11-05 08:41:59Z oee_empaidxsummhourly_purge Program END 

Create log file
2012-11-05 08:44:23Z oee_empastcount_purge Program Start
2012-11-05 08:44:23Z oee_empastcount_purge Program END 

Create log file
2012-11-05 08:45:00ZHoliday_inout_SMS_For_C2 Program Start
2012-11-05 08:45:16ZHoliday_Inout_SMS_For_C2 Program End

Create log file
2012-11-05 08:50:00Z OEE_IS_Hourly_Check_alarm  Program Start
2012-11-05 08:50:00Z OEE_IS_Hourly_Check_alarm  Program END 

Create log file
2012-11-05 08:50:00Z ALCS_Hourly_Check_alarm  Program Start
2012-11-05 08:50:00Z ALCS_Hourly_Check_alarm  Program END 

Create log file
2012-11-05 08:50:02Z SERVER_SELF_CHECK   Program Start
2012-11-05 08:50:02Z SERVER_SELF_CHECK   Program END 

Create log file
2012-11-05 08:50:02Z SERVER_SELF_CHECK Program Start
SMS log finish

2012-11-05 08:50:03Z SERVER_SELF_CHECK Program End

Create log file
2012-11-05 09:01:00ZArray_Photo Program Start
1450 log finish

2012-11-05 09:01:06ZArray_Photo Program End

Create log file
2012-11-05 09:03:00ZArray_test_repeat Program Start
2012-11-05 09:03:00ZArray_test_repeat Program End

Create log file
2012-11-05 09:30:00ZARY_HOLD_LOT Program Start
There are lots exceed process time for 24hrs, please check

There are lots exceed process time for 24hrs, please check

There are lots exceed process time for 24hrs, please check

There are lots exceed process time for 24hrs, please check

There are lots exceed process time for 24hrs, please check

There are lots exceed process time for 24hrs, please check

There are lots exceed process time for 24hrs, please check

There are lots exceed process time for 24hrs, please check

There are lots exceed process time for 24hrs, please check

There are lots exceed process time for 24hrs, please check

There are lots exceed process time for 24hrs, please check

There are lots exceed process time for 24hrs, please check

There are lots exceed process time for 24hrs, please check

There are lots exceed process time for 24hrs, please check

There are lots exceed process time for 24hrs, please check

There are lots exceed process time for 24hrs, please check

There are lots exceed process time for 24hrs, please check

There are lots exceed process time for 24hrs, please check

2012-11-05 09:30:38ZARY_HOLD_LOT Program End

Create log file
2012-11-05 09:41:14Z oee_empaidxsummdaily_purge Program Start
2012-11-05 09:41:14Z oee_empaidxsummdaily_purge Program END 

Create log file
2012-11-05 09:42:03Z oee_empaidxsummhourly_purge Program Start
2012-11-05 09:42:03Z oee_empaidxsummhourly_purge Program END 

Create log file
2012-11-05 09:44:34Z oee_empastcount_purge Program Start
2012-11-05 09:44:34Z oee_empastcount_purge Program END 

Create log file
2012-11-05 09:50:00Z OEE_IS_Hourly_Check_alarm  Program Start
2012-11-05 09:50:00Z OEE_IS_Hourly_Check_alarm  Program END 

Create log file
2012-11-05 09:50:01Z ALCS_Hourly_Check_alarm  Program Start
2012-11-05 09:50:01Z ALCS_Hourly_Check_alarm  Program END 

Create log file
2012-11-05 09:50:02Z SERVER_SELF_CHECK   Program Start
2012-11-05 09:50:02Z SERVER_SELF_CHECK   Program END 

Create log file
2012-11-05 09:50:03Z SERVER_SELF_CHECK Program Start
SMS log finish

2012-11-05 09:50:03Z SERVER_SELF_CHECK Program End

Create log file
2012-11-05 10:01:00ZArray_Photo Program Start
2012-11-05 10:01:03ZArray_Photo Program End

Create log file
2012-11-05 10:03:00ZArray_test_repeat Program Start
2012-11-05 10:03:00ZArray_test_repeat Program End

Create log file
2012-11-05 10:41:07Z oee_empaidxsummdaily_purge Program Start
2012-11-05 10:41:07Z oee_empaidxsummdaily_purge Program END 

Create log file
2012-11-05 10:42:07Z oee_empaidxsummhourly_purge Program Start
2012-11-05 10:42:07Z oee_empaidxsummhourly_purge Program END 

Create log file
2012-11-05 10:44:32Z oee_empastcount_purge Program Start
2012-11-05 10:44:32Z oee_empastcount_purge Program END 

Create log file
2012-11-05 10:50:00Z OEE_IS_Hourly_Check_alarm  Program Start
2012-11-05 10:50:00Z OEE_IS_Hourly_Check_alarm  Program END 

Create log file
2012-11-05 10:50:01Z ALCS_Hourly_Check_alarm  Program Start
2012-11-05 10:50:01Z ALCS_Hourly_Check_alarm  Program END 

Create log file
2012-11-05 10:50:02Z SERVER_SELF_CHECK   Program Start
2012-11-05 10:50:02Z SERVER_SELF_CHECK   Program END 

Create log file
2012-11-05 10:50:03Z SERVER_SELF_CHECK Program Start
SMS log finish

2012-11-05 10:50:03Z SERVER_SELF_CHECK Program End

Create log file
2012-11-05 11:01:01ZArray_Photo Program Start
2012-11-05 11:01:04ZArray_Photo Program End

Create log file
2012-11-05 11:03:00ZArray_test_repeat Program Start
2012-11-05 11:03:00ZArray_test_repeat Program End

Create log file
2012-11-05 11:40:00Z T1OEE Purge Program Start
2012-11-05 11:40:00Z T1OEE Purge Program END 

Create log file
2012-11-05 11:41:16Z oee_empaidxsummdaily_purge Program Start
2012-11-05 11:41:16Z oee_empaidxsummdaily_purge Program END 

Create log file
2012-11-05 11:42:37Z oee_empaidxsummhourly_purge Program Start
2012-11-05 11:42:37Z oee_empaidxsummhourly_purge Program END 

Create log file
2012-11-05 11:44:53Z oee_empastcount_purge Program Start
2012-11-05 11:44:53Z oee_empastcount_purge Program END 

Create log file
2012-11-05 11:50:00Z OEE_IS_Hourly_Check_alarm  Program Start
2012-11-05 11:50:00Z OEE_IS_Hourly_Check_alarm  Program END 

Create log file
2012-11-05 11:50:01Z ALCS_Hourly_Check_alarm  Program Start
2012-11-05 11:50:01Z ALCS_Hourly_Check_alarm  Program END 

Create log file
2012-11-05 11:50:02Z SERVER_SELF_CHECK   Program Start
2012-11-05 11:50:02Z SERVER_SELF_CHECK   Program END 

Create log file
2012-11-05 11:50:03Z SERVER_SELF_CHECK Program Start
SMS log finish

2012-11-05 11:50:03Z SERVER_SELF_CHECK Program End

Create log file
2012-11-05 12:01:00ZArray_Photo Program Start
1450 log finish

2012-11-05 12:01:04ZArray_Photo Program End

Create log file
2012-11-05 12:03:00ZArray_test_repeat Program Start
2012-11-05 12:03:00ZArray_test_repeat Program End

Create log file
2012-11-05 12:41:26Z oee_empaidxsummdaily_purge Program Start
2012-11-05 12:41:26Z oee_empaidxsummdaily_purge Program END 

Create log file
2012-11-05 12:42:19Z oee_empaidxsummhourly_purge Program Start
2012-11-05 12:42:19Z oee_empaidxsummhourly_purge Program END 

Create log file
2012-11-05 12:44:37Z oee_empastcount_purge Program Start
2012-11-05 12:44:37Z oee_empastcount_purge Program END 

Create log file
2012-11-05 12:50:00Z OEE_IS_Hourly_Check_alarm  Program Start
2012-11-05 12:50:00Z OEE_IS_Hourly_Check_alarm  Program END 

Create log file
2012-11-05 12:50:01Z ALCS_Hourly_Check_alarm  Program Start
2012-11-05 12:50:01Z ALCS_Hourly_Check_alarm  Program END 

Create log file
2012-11-05 12:50:02Z SERVER_SELF_CHECK   Program Start
2012-11-05 12:50:02Z SERVER_SELF_CHECK   Program END 

Create log file
2012-11-05 13:01:00ZArray_Photo Program Start
1450 log finish

2012-11-05 13:01:04ZArray_Photo Program End

Create log file
2012-11-05 13:03:00ZArray_test_repeat Program Start
2012-11-05 13:03:00ZArray_test_repeat Program End

Create log file
2012-11-05 13:30:00ZARY_HOLD_LOT Program Start
There are lots exceed process time for 24hrs, please check

There are lots exceed process time for 24hrs, please check

There are lots exceed process time for 48hrs, please check

There are lots exceed process time for 24hrs, please check

There are lots exceed process time for 24hrs, please check

There are lots exceed process time for 24hrs, please check

There are lots exceed process time for 24hrs, please check

There are lots exceed process time for 24hrs, please check

There are lots exceed process time for 24hrs, please check

There are lots exceed process time for 24hrs, please check

There are lots exceed process time for 24hrs, please check

There are lots exceed process time for 48hrs, please check

There are lots exceed process time for 24hrs, please check

There are lots exceed process time for 24hrs, please check

There are lots exceed process time for 48hrs, please check

There are lots exceed process time for 24hrs, please check

There are lots exceed process time for 24hrs, please check

There are lots exceed process time for 48hrs, please check

There are lots exceed process time for 24hrs, please check

There are lots exceed process time for 24hrs, please check

There are lots exceed process time for 48hrs, please check

There are lots exceed process time for 24hrs, please check

There are lots exceed process time for 24hrs, please check

There are lots exceed process time for 48hrs, please check

There are lots exceed process time for 24hrs, please check

There are lots exceed process time for 24hrs, please check

There are lots exceed process time for 48hrs, please check

There are lots exceed process time for 24hrs, please check

There are lots exceed process time for 24hrs, please check

There are lots exceed process time for 48hrs, please check

There are lots exceed process time for 24hrs, please check

There are lots exceed process time for 24hrs, please check

There are lots exceed process time for 48hrs, please check

There are lots exceed process time for 24hrs, please check

There are lots exceed process time for 24hrs, please check

There are lots exceed process time for 48hrs, please check

There are lots exceed process time for 24hrs, please check

There are lots exceed process time for 24hrs, please check

There are lots exceed process time for 24hrs, please check

There are lots exceed process time for 24hrs, please check

There are lots exceed process time for 48hrs, please check

There are lots exceed process time for 24hrs, please check

There are lots exceed process time for 24hrs, please check

There are lots exceed process time for 24hrs, please check

There are lots exceed process time for 24hrs, please check

There are lots exceed process time for 48hrs, please check

There are lots exceed process time for 24hrs, please check

There are lots exceed process time for 24hrs, please check

There are lots exceed process time for 48hrs, please check

2012-11-05 13:30:43ZARY_HOLD_LOT Program End

Create log file
2012-11-05 13:41:05Z oee_empaidxsummdaily_purge Program Start
2012-11-05 13:41:05Z oee_empaidxsummdaily_purge Program END 

Create log file
2012-11-05 13:41:44Z oee_empaidxsummhourly_purge Program Start
2012-11-05 13:41:44Z oee_empaidxsummhourly_purge Program END 

Create log file
2012-11-05 13:44:25Z oee_empastcount_purge Program Start
2012-11-05 13:44:25Z oee_empastcount_purge Program END 

Create log file
2012-11-05 13:50:00Z OEE_IS_Hourly_Check_alarm  Program Start
2012-11-05 13:50:00Z OEE_IS_Hourly_Check_alarm  Program END 

Create log file
2012-11-05 13:50:00Z ALCS_Hourly_Check_alarm  Program Start
2012-11-05 13:50:00Z ALCS_Hourly_Check_alarm  Program END 

Create log file
2012-11-05 13:50:01Z SERVER_SELF_CHECK   Program Start
2012-11-05 13:50:01Z SERVER_SELF_CHECK   Program END 

Create log file
2012-11-05 14:01:01ZArray_Photo Program Start
1450 log finish

2012-11-05 14:01:04ZArray_Photo Program End

Create log file
2012-11-05 14:03:00ZArray_test_repeat Program Start
2012-11-05 14:03:00ZArray_test_repeat Program End

Create log file
2012-11-05 14:41:16Z oee_empaidxsummdaily_purge Program Start
2012-11-05 14:41:16Z oee_empaidxsummdaily_purge Program END 

Create log file
2012-11-05 14:41:41Z oee_empaidxsummhourly_purge Program Start
2012-11-05 14:41:41Z oee_empaidxsummhourly_purge Program END 

Create log file
2012-11-05 14:44:22Z oee_empastcount_purge Program Start
2012-11-05 14:44:22Z oee_empastcount_purge Program END 

Create log file
2012-11-05 14:50:00Z OEE_IS_Hourly_Check_alarm  Program Start
2012-11-05 14:50:00Z OEE_IS_Hourly_Check_alarm  Program END 

Create log file
2012-11-05 14:50:01Z ALCS_Hourly_Check_alarm  Program Start
2012-11-05 14:50:01Z ALCS_Hourly_Check_alarm  Program END 

Create log file
2012-11-05 14:50:02Z SERVER_SELF_CHECK   Program Start
2012-11-05 14:50:02Z SERVER_SELF_CHECK   Program END 

Create log file
2012-11-05 15:01:00ZArray_Photo Program Start
1450 log finish

2012-11-05 15:01:09ZArray_Photo Program End

Create log file
2012-11-05 15:03:00ZArray_test_repeat Program Start
2012-11-05 15:03:00ZArray_test_repeat Program End

Create log file
2012-11-05 15:41:17Z oee_empaidxsummdaily_purge Program Start
2012-11-05 15:41:17Z oee_empaidxsummdaily_purge Program END 

Create log file
2012-11-05 15:41:42Z oee_empaidxsummhourly_purge Program Start
2012-11-05 15:41:42Z oee_empaidxsummhourly_purge Program END 

Create log file
2012-11-05 15:44:25Z oee_empastcount_purge Program Start
2012-11-05 15:44:25Z oee_empastcount_purge Program END 

Create log file
2012-11-05 15:50:00Z OEE_IS_Hourly_Check_alarm  Program Start
2012-11-05 15:50:00Z OEE_IS_Hourly_Check_alarm  Program END 

Create log file
2012-11-05 15:50:00Z ALCS_Hourly_Check_alarm  Program Start
2012-11-05 15:50:00Z ALCS_Hourly_Check_alarm  Program END 

Create log file
2012-11-05 15:50:02Z SERVER_SELF_CHECK   Program Start
2012-11-05 15:50:02Z SERVER_SELF_CHECK   Program END 

Create log file
2012-11-05 16:01:00ZArray_Photo Program Start
1450 log finish

2012-11-05 16:01:04ZArray_Photo Program End

Create log file
2012-11-05 16:03:00ZArray_test_repeat Program Start
2012-11-05 16:03:00ZArray_test_repeat Program End

Create log file
2012-11-05 16:41:20Z oee_empaidxsummdaily_purge Program Start
2012-11-05 16:41:20Z oee_empaidxsummdaily_purge Program END 

Create log file
2012-11-05 16:41:43Z oee_empaidxsummhourly_purge Program Start
2012-11-05 16:41:43Z oee_empaidxsummhourly_purge Program END 

Create log file
2012-11-05 16:44:29Z oee_empastcount_purge Program Start
2012-11-05 16:44:29Z oee_empastcount_purge Program END 

Create log file
2012-11-05 16:50:00Z OEE_IS_Hourly_Check_alarm  Program Start
2012-11-05 16:50:00Z OEE_IS_Hourly_Check_alarm  Program END 

Create log file
2012-11-05 16:50:01Z ALCS_Hourly_Check_alarm  Program Start
2012-11-05 16:50:01Z ALCS_Hourly_Check_alarm  Program END 

Create log file
2012-11-05 16:50:02Z SERVER_SELF_CHECK   Program Start
2012-11-05 16:50:02Z SERVER_SELF_CHECK   Program END 

Create log file
2012-11-05 17:01:00ZArray_Photo Program Start
1450 log finish

2012-11-05 17:01:03ZArray_Photo Program End

Create log file
2012-11-05 17:03:01ZArray_test_repeat Program Start
2012-11-05 17:03:01ZArray_test_repeat Program End

Create log file
2012-11-05 17:30:00ZARY_HOLD_LOT Program Start
There are lots exceed process time for 24hrs, please check

There are lots exceed process time for 24hrs, please check

There are lots exceed process time for 24hrs, please check

There are lots exceed process time for 24hrs, please check

There are lots exceed process time for 24hrs, please check

There are lots exceed process time for 24hrs, please check

There are lots exceed process time for 24hrs, please check

There are lots exceed process time for 24hrs, please check

There are lots exceed process time for 24hrs, please check

There are lots exceed process time for 24hrs, please check

There are lots exceed process time for 24hrs, please check

There are lots exceed process time for 24hrs, please check

There are lots exceed process time for 24hrs, please check

There are lots exceed process time for 24hrs, please check

There are lots exceed process time for 24hrs, please check

There are lots exceed process time for 24hrs, please check

There are lots exceed process time for 24hrs, please check

There are lots exceed process time for 24hrs, please check

2012-11-05 17:30:38ZARY_HOLD_LOT Program End

Create log file
2012-11-05 17:41:30Z oee_empaidxsummdaily_purge Program Start
2012-11-05 17:41:30Z oee_empaidxsummdaily_purge Program END 

Create log file
2012-11-05 17:41:45Z oee_empaidxsummhourly_purge Program Start
2012-11-05 17:41:45Z oee_empaidxsummhourly_purge Program END 

Create log file
2012-11-05 17:44:31Z oee_empastcount_purge Program Start
2012-11-05 17:44:31Z oee_empastcount_purge Program END 

Create log file
2012-11-05 17:50:00Z OEE_IS_Hourly_Check_alarm  Program Start
2012-11-05 17:50:00Z OEE_IS_Hourly_Check_alarm  Program END 

Create log file
2012-11-05 17:50:01Z ALCS_Hourly_Check_alarm  Program Start
2012-11-05 17:50:01Z ALCS_Hourly_Check_alarm  Program END 

Create log file
2012-11-05 17:50:02Z SERVER_SELF_CHECK   Program Start
2012-11-05 17:50:02Z SERVER_SELF_CHECK   Program END 

Create log file
2012-11-05 18:01:00ZArray_Photo Program Start
1450 log finish

2012-11-05 18:01:03ZArray_Photo Program End

Create log file
2012-11-05 18:03:00ZArray_test_repeat Program Start
2012-11-05 18:03:00ZArray_test_repeat Program End

Create log file
2012-11-05 18:41:16Z oee_empaidxsummdaily_purge Program Start
2012-11-05 18:41:16Z oee_empaidxsummdaily_purge Program END 

Create log file
2012-11-05 18:41:41Z oee_empaidxsummhourly_purge Program Start
2012-11-05 18:41:41Z oee_empaidxsummhourly_purge Program END 

Create log file
2012-11-05 18:44:30Z oee_empastcount_purge Program Start
2012-11-05 18:44:30Z oee_empastcount_purge Program END 

Create log file
2012-11-05 18:50:00Z OEE_IS_Hourly_Check_alarm  Program Start
2012-11-05 18:50:00Z OEE_IS_Hourly_Check_alarm  Program END 

Create log file
2012-11-05 18:50:00Z ALCS_Hourly_Check_alarm  Program Start
2012-11-05 18:50:00Z ALCS_Hourly_Check_alarm  Program END 

Create log file
2012-11-05 18:50:01Z SERVER_SELF_CHECK   Program Start
2012-11-05 18:50:01Z SERVER_SELF_CHECK   Program END 

Create log file
2012-11-05 19:01:00ZArray_Photo Program Start
1450 log finish

2012-11-05 19:01:04ZArray_Photo Program End

Create log file
2012-11-05 19:03:01ZArray_test_repeat Program Start
2012-11-05 19:03:01ZArray_test_repeat Program End

Create log file
2012-11-05 19:41:13Z oee_empaidxsummdaily_purge Program Start
2012-11-05 19:41:13Z oee_empaidxsummdaily_purge Program END 

Create log file
2012-11-05 19:41:38Z oee_empaidxsummhourly_purge Program Start
2012-11-05 19:41:38Z oee_empaidxsummhourly_purge Program END 

Create log file
2012-11-05 19:44:26Z oee_empastcount_purge Program Start
2012-11-05 19:44:26Z oee_empastcount_purge Program END 

Create log file
2012-11-05 19:50:00Z OEE_IS_Hourly_Check_alarm  Program Start
2012-11-05 19:50:00Z OEE_IS_Hourly_Check_alarm  Program END 

Create log file
2012-11-05 19:50:00Z ALCS_Hourly_Check_alarm  Program Start
2012-11-05 19:50:00Z ALCS_Hourly_Check_alarm  Program END 

Create log file
2012-11-05 19:50:03Z SERVER_SELF_CHECK   Program Start
2012-11-05 19:50:03Z SERVER_SELF_CHECK   Program END 

Create log file
2012-11-05 20:01:00ZArray_Photo Program Start
1450 log finish

2012-11-05 20:01:05ZArray_Photo Program End

Create log file
2012-11-05 20:03:00ZArray_test_repeat Program Start
2012-11-05 20:03:00ZArray_test_repeat Program End

Create log file
2012-11-05 20:41:12Z oee_empaidxsummdaily_purge Program Start
2012-11-05 20:41:12Z oee_empaidxsummdaily_purge Program END 

Create log file
2012-11-05 20:41:37Z oee_empaidxsummhourly_purge Program Start
2012-11-05 20:41:37Z oee_empaidxsummhourly_purge Program END 

Create log file
2012-11-05 20:44:25Z oee_empastcount_purge Program Start
2012-11-05 20:44:25Z oee_empastcount_purge Program END 

Create log file
2012-11-05 20:50:00Z OEE_IS_Hourly_Check_alarm  Program Start
2012-11-05 20:50:00Z OEE_IS_Hourly_Check_alarm  Program END 

Create log file
2012-11-05 20:50:00Z ALCS_Hourly_Check_alarm  Program Start
2012-11-05 20:50:00Z ALCS_Hourly_Check_alarm  Program END 

Create log file
2012-11-05 20:50:01Z SERVER_SELF_CHECK   Program Start
2012-11-05 20:50:01Z SERVER_SELF_CHECK   Program END 

Create log file
2012-11-05 21:01:00ZArray_Photo Program Start
1450 log finish

2012-11-05 21:01:03ZArray_Photo Program End

Create log file
2012-11-05 21:03:00ZArray_test_repeat Program Start
2012-11-05 21:03:00ZArray_test_repeat Program End

Create log file
2012-11-05 21:30:01ZARY_HOLD_LOT Program Start
There are lots exceed process time for 24hrs, please check

There are lots exceed process time for 24hrs, please check

There are lots exceed process time for 24hrs, please check

There are lots exceed process time for 24hrs, please check

There are lots exceed process time for 24hrs, please check

There are lots exceed process time for 24hrs, please check

There are lots exceed process time for 24hrs, please check

There are lots exceed process time for 24hrs, please check

There are lots exceed process time for 24hrs, please check

There are lots exceed process time for 24hrs, please check

There are lots exceed process time for 24hrs, please check

There are lots exceed process time for 24hrs, please check

There are lots exceed process time for 24hrs, please check

There are lots exceed process time for 24hrs, please check

There are lots exceed process time for 24hrs, please check

There are lots exceed process time for 24hrs, please check

There are lots exceed process time for 24hrs, please check

There are lots exceed process time for 24hrs, please check

2012-11-05 21:30:31ZARY_HOLD_LOT Program End

Create log file
2012-11-05 21:41:16Z oee_empaidxsummdaily_purge Program Start
2012-11-05 21:41:16Z oee_empaidxsummdaily_purge Program END 

Create log file
2012-11-05 21:41:38Z oee_empaidxsummhourly_purge Program Start
2012-11-05 21:41:38Z oee_empaidxsummhourly_purge Program END 

Create log file
2012-11-05 21:44:25Z oee_empastcount_purge Program Start
2012-11-05 21:44:25Z oee_empastcount_purge Program END 

Create log file
2012-11-05 21:50:00Z OEE_IS_Hourly_Check_alarm  Program Start
2012-11-05 21:50:00Z OEE_IS_Hourly_Check_alarm  Program END 

Create log file
2012-11-05 21:50:00Z ALCS_Hourly_Check_alarm  Program Start
2012-11-05 21:50:00Z ALCS_Hourly_Check_alarm  Program END 

Create log file
2012-11-05 21:50:01Z SERVER_SELF_CHECK   Program Start
2012-11-05 21:50:01Z SERVER_SELF_CHECK   Program END 

Create log file
2012-11-05 22:00:00ZSERVER_SMS_TEST Program Start
SMS log finish

2012-11-05 22:00:00ZSERVER_SMS_TEST Program End

Create log file
2012-11-05 22:01:00ZArray_Photo Program Start
2012-11-05 22:01:03ZArray_Photo Program End

Create log file
2012-11-05 22:03:01ZArray_test_repeat Program Start
2012-11-05 22:03:01ZArray_test_repeat Program End

Create log file
2012-11-05 22:41:24Z oee_empaidxsummdaily_purge Program Start
2012-11-05 22:41:24Z oee_empaidxsummdaily_purge Program END 

Create log file
2012-11-05 22:41:44Z oee_empaidxsummhourly_purge Program Start
2012-11-05 22:41:44Z oee_empaidxsummhourly_purge Program END 

Create log file
2012-11-05 22:44:32Z oee_empastcount_purge Program Start
2012-11-05 22:44:32Z oee_empastcount_purge Program END 

Create log file
2012-11-05 22:50:00Z OEE_IS_Hourly_Check_alarm  Program Start
2012-11-05 22:50:00Z OEE_IS_Hourly_Check_alarm  Program END 

Create log file
2012-11-05 22:50:00Z ALCS_Hourly_Check_alarm  Program Start
2012-11-05 22:50:00Z ALCS_Hourly_Check_alarm  Program END 

Create log file
2012-11-05 22:50:01Z SERVER_SELF_CHECK   Program Start
2012-11-05 22:50:01Z SERVER_SELF_CHECK   Program END 

Create log file
2012-11-05 23:01:00ZArray_Photo Program Start
1150 log finish

1350 log finish

2012-11-05 23:01:04ZArray_Photo Program End

Create log file
2012-11-05 23:03:01ZArray_test_repeat Program Start
2012-11-05 23:03:01ZArray_test_repeat Program End

Create log file
2012-11-05 23:41:17Z oee_empaidxsummdaily_purge Program Start
2012-11-05 23:41:17Z oee_empaidxsummdaily_purge Program END 

Create log file
2012-11-05 23:42:01Z oee_empaidxsummhourly_purge Program Start
2012-11-05 23:42:01Z oee_empaidxsummhourly_purge Program END 

Create log file
2012-11-05 23:44:47Z oee_empastcount_purge Program Start
2012-11-05 23:44:47Z oee_empastcount_purge Program END 

Create log file
2012-11-05 23:50:00Z OEE_IS_Hourly_Check_alarm  Program Start
2012-11-05 23:50:00Z OEE_IS_Hourly_Check_alarm  Program END 

Create log file
2012-11-05 23:50:01Z ALCS_Hourly_Check_alarm  Program Start
2012-11-05 23:50:01Z ALCS_Hourly_Check_alarm  Program END 

Create log file
2012-11-05 23:50:02Z SERVER_SELF_CHECK   Program Start
2012-11-05 23:50:02Z SERVER_SELF_CHECK   Program END 

Create log file
2012-11-05 23:50:03Z SERVER_SELF_CHECK Program Start
SMS log finish

2012-11-05 23:50:03Z SERVER_SELF_CHECK Program End

