Create log file
2012-10-30 00:01:00ZArray_Photo Program Start
1350 log finish

2012-10-30 00:01:02ZArray_Photo Program End

Create log file
2012-10-30 00:03:00ZArray_test_repeat Program Start
2012-10-30 00:03:00ZArray_test_repeat Program End

Create log file
2012-10-30 00:10:00Z T0T1 InnoView Add User Program Start
2012-10-30 00:10:00Z T0T1 InnoView Add User Program END 

Create log file
2012-10-30 00:20:14Z VPNLOG_PARSER Program Start
2012-10-30 00:20:14Z VPNLOG_PARSER Program END 

Create log file
2012-10-30 00:30:00Z T0/T1 RealTimeDept Program Start
2012-10-30 00:30:00Z T0/T1 RealTimeDept Program END 

Create log file
2012-10-30 00:41:48Z oee_empaidxsummdaily_purge Program Start
2012-10-30 00:41:48Z oee_empaidxsummdaily_purge Program END 

Create log file
2012-10-30 00:42:40Z oee_empaidxsummhourly_purge Program Start
2012-10-30 00:42:40Z oee_empaidxsummhourly_purge Program END 

Create log file
2012-10-30 00:46:56Z oee_empastcount_purge Program Start
2012-10-30 00:46:56Z oee_empastcount_purge Program END 

Create log file
2012-10-30 00:50:00Z OEE_IS_Hourly_Check_alarm  Program Start
2012-10-30 00:50:00Z OEE_IS_Hourly_Check_alarm  Program END 

Create log file
2012-10-30 00:50:01Z ALCS_Hourly_Check_alarm  Program Start
2012-10-30 00:50:01Z ALCS_Hourly_Check_alarm  Program END 

Create log file
2012-10-30 00:50:06Z SERVER_SELF_CHECK   Program Start
2012-10-30 00:50:06Z SERVER_SELF_CHECK   Program END 

Create log file
2012-10-30 00:50:08Z SERVER_SELF_CHECK Program Start
SMS log finish

2012-10-30 00:50:08Z SERVER_SELF_CHECK Program End

Create log file
2012-10-30 01:01:00ZArray_Photo Program Start
1150 log finish

1350 log finish

2012-10-30 01:01:04ZArray_Photo Program End

Create log file
2012-10-30 01:03:01ZArray_test_repeat Program Start
2012-10-30 01:03:02ZArray_test_repeat Program End

Create log file
2012-10-30 01:30:00ZARY_HOLD_LOT Program Start
There are lots exceed process time for 24hrs, please check

There are lots exceed process time for 24hrs, please check

There are lots exceed process time for 24hrs, please check

There are lots exceed process time for 24hrs, please check

There are lots exceed process time for 24hrs, please check

There are lots exceed process time for 24hrs, please check

There are lots exceed process time for 24hrs, please check

There are lots exceed process time for 24hrs, please check

There are lots exceed process time for 24hrs, please check

There are lots exceed process time for 24hrs, please check

There are lots exceed process time for 24hrs, please check

There are lots exceed process time for 24hrs, please check

There are lots exceed process time for 24hrs, please check

There are lots exceed process time for 24hrs, please check

There are lots exceed process time for 24hrs, please check

There are lots exceed process time for 24hrs, please check

There are lots exceed process time for 24hrs, please check

There are lots exceed process time for 24hrs, please check

2012-10-30 01:30:14ZARY_HOLD_LOT Program End

Create log file
2012-10-30 01:41:19Z oee_empaidxsummdaily_purge Program Start
2012-10-30 01:41:19Z oee_empaidxsummdaily_purge Program END 

Create log file
2012-10-30 01:42:13Z oee_empaidxsummhourly_purge Program Start
2012-10-30 01:42:13Z oee_empaidxsummhourly_purge Program END 

Create log file
2012-10-30 01:44:30Z oee_empastcount_purge Program Start
2012-10-30 01:44:30Z oee_empastcount_purge Program END 

Create log file
2012-10-30 01:50:00Z OEE_IS_Hourly_Check_alarm  Program Start
2012-10-30 01:50:00Z OEE_IS_Hourly_Check_alarm  Program END 

Create log file
2012-10-30 01:50:01Z ALCS_Hourly_Check_alarm  Program Start
2012-10-30 01:50:01Z ALCS_Hourly_Check_alarm  Program END 

Create log file
2012-10-30 01:50:02Z SERVER_SELF_CHECK   Program Start
2012-10-30 01:50:02Z SERVER_SELF_CHECK   Program END 

Create log file
2012-10-30 01:50:02Z SERVER_SELF_CHECK Program Start
SMS log finish

2012-10-30 01:50:03Z SERVER_SELF_CHECK Program End

Create log file
2012-10-30 02:01:00ZArray_Photo Program Start
1150 log finish

1350 log finish

2012-10-30 02:01:03ZArray_Photo Program End

Create log file
2012-10-30 02:03:00ZArray_test_repeat Program Start
2012-10-30 02:03:00ZArray_test_repeat Program End

Create log file
2012-10-30 02:41:17Z oee_empaidxsummdaily_purge Program Start
2012-10-30 02:41:17Z oee_empaidxsummdaily_purge Program END 

Create log file
2012-10-30 02:42:12Z oee_empaidxsummhourly_purge Program Start
2012-10-30 02:42:12Z oee_empaidxsummhourly_purge Program END 

Create log file
2012-10-30 02:44:38Z oee_empastcount_purge Program Start
2012-10-30 02:44:38Z oee_empastcount_purge Program END 

Create log file
2012-10-30 02:50:00Z OEE_IS_Hourly_Check_alarm  Program Start
2012-10-30 02:50:00Z OEE_IS_Hourly_Check_alarm  Program END 

Create log file
2012-10-30 02:50:01Z ALCS_Hourly_Check_alarm  Program Start
2012-10-30 02:50:01Z ALCS_Hourly_Check_alarm  Program END 

Create log file
2012-10-30 02:50:01Z SERVER_SELF_CHECK   Program Start
2012-10-30 02:50:01Z SERVER_SELF_CHECK   Program END 

Create log file
2012-10-30 02:50:02Z SERVER_SELF_CHECK Program Start
SMS log finish

2012-10-30 02:50:02Z SERVER_SELF_CHECK Program End

Create log file
2012-10-30 03:01:00ZArray_Photo Program Start
1150 log finish

2012-10-30 03:01:03ZArray_Photo Program End

Create log file
2012-10-30 03:03:00ZArray_test_repeat Program Start
2012-10-30 03:03:00ZArray_test_repeat Program End

Create log file
2012-10-30 03:41:14Z oee_empaidxsummdaily_purge Program Start
2012-10-30 03:41:14Z oee_empaidxsummdaily_purge Program END 

Create log file
2012-10-30 03:42:11Z oee_empaidxsummhourly_purge Program Start
2012-10-30 03:42:11Z oee_empaidxsummhourly_purge Program END 

Create log file
2012-10-30 03:44:32Z oee_empastcount_purge Program Start
2012-10-30 03:44:32Z oee_empastcount_purge Program END 

Create log file
2012-10-30 03:50:00Z OEE_IS_Hourly_Check_alarm  Program Start
2012-10-30 03:50:00Z OEE_IS_Hourly_Check_alarm  Program END 

Create log file
2012-10-30 03:50:04Z ALCS_Hourly_Check_alarm  Program Start
2012-10-30 03:50:04Z ALCS_Hourly_Check_alarm  Program END 

Create log file
2012-10-30 03:50:04Z SERVER_SELF_CHECK   Program Start
2012-10-30 03:50:04Z SERVER_SELF_CHECK   Program END 

Create log file
2012-10-30 03:50:05Z SERVER_SELF_CHECK Program Start
SMS log finish

2012-10-30 03:50:05Z SERVER_SELF_CHECK Program End

Create log file
2012-10-30 04:01:00ZArray_Photo Program Start
2012-10-30 04:01:03ZArray_Photo Program End

Create log file
2012-10-30 04:03:00ZArray_test_repeat Program Start
2012-10-30 04:03:00ZArray_test_repeat Program End

Create log file
2012-10-30 04:41:13Z oee_empaidxsummdaily_purge Program Start
2012-10-30 04:41:13Z oee_empaidxsummdaily_purge Program END 

Create log file
2012-10-30 04:42:08Z oee_empaidxsummhourly_purge Program Start
2012-10-30 04:42:08Z oee_empaidxsummhourly_purge Program END 

Create log file
2012-10-30 04:44:32Z oee_empastcount_purge Program Start
2012-10-30 04:44:32Z oee_empastcount_purge Program END 

Create log file
2012-10-30 04:50:00Z OEE_IS_Hourly_Check_alarm  Program Start
2012-10-30 04:50:00Z OEE_IS_Hourly_Check_alarm  Program END 

Create log file
2012-10-30 04:50:01Z ALCS_Hourly_Check_alarm  Program Start
2012-10-30 04:50:01Z ALCS_Hourly_Check_alarm  Program END 

Create log file
2012-10-30 04:50:01Z SERVER_SELF_CHECK   Program Start
2012-10-30 04:50:01Z SERVER_SELF_CHECK   Program END 

Create log file
2012-10-30 04:50:02Z SERVER_SELF_CHECK Program Start
SMS log finish

2012-10-30 04:50:02Z SERVER_SELF_CHECK Program End

Create log file
2012-10-30 05:01:00ZArray_Photo Program Start
1150 log finish

2012-10-30 05:01:03ZArray_Photo Program End

Create log file
2012-10-30 05:03:00ZArray_test_repeat Program Start
2012-10-30 05:03:00ZArray_test_repeat Program End

Create log file
2012-10-30 05:30:00ZARY_HOLD_LOT Program Start
There are lots exceed process time for 24hrs, please check

There are lots exceed process time for 24hrs, please check

There are lots exceed process time for 24hrs, please check

There are lots exceed process time for 24hrs, please check

There are lots exceed process time for 24hrs, please check

There are lots exceed process time for 24hrs, please check

There are lots exceed process time for 24hrs, please check

There are lots exceed process time for 24hrs, please check

There are lots exceed process time for 24hrs, please check

There are lots exceed process time for 24hrs, please check

There are lots exceed process time for 24hrs, please check

There are lots exceed process time for 24hrs, please check

There are lots exceed process time for 24hrs, please check

There are lots exceed process time for 24hrs, please check

There are lots exceed process time for 24hrs, please check

There are lots exceed process time for 24hrs, please check

There are lots exceed process time for 24hrs, please check

There are lots exceed process time for 24hrs, please check

2012-10-30 05:30:30ZARY_HOLD_LOT Program End

Create log file
2012-10-30 05:41:15Z oee_empaidxsummdaily_purge Program Start
2012-10-30 05:41:15Z oee_empaidxsummdaily_purge Program END 

Create log file
2012-10-30 05:42:13Z oee_empaidxsummhourly_purge Program Start
2012-10-30 05:42:13Z oee_empaidxsummhourly_purge Program END 

Create log file
2012-10-30 05:44:36Z oee_empastcount_purge Program Start
2012-10-30 05:44:36Z oee_empastcount_purge Program END 

Create log file
2012-10-30 05:50:00Z OEE_IS_Hourly_Check_alarm  Program Start
2012-10-30 05:50:00Z OEE_IS_Hourly_Check_alarm  Program END 

Create log file
2012-10-30 05:50:02Z ALCS_Hourly_Check_alarm  Program Start
2012-10-30 05:50:02Z ALCS_Hourly_Check_alarm  Program END 

Create log file
2012-10-30 05:50:03Z SERVER_SELF_CHECK   Program Start
2012-10-30 05:50:03Z SERVER_SELF_CHECK   Program END 

Create log file
2012-10-30 05:50:04Z SERVER_SELF_CHECK Program Start
SMS log finish

2012-10-30 05:50:04Z SERVER_SELF_CHECK Program End

Create log file
2012-10-30 06:01:00ZArray_Photo Program Start
1150 log finish

2012-10-30 06:01:03ZArray_Photo Program End

Create log file
2012-10-30 06:03:00ZArray_test_repeat Program Start
2012-10-30 06:03:01ZArray_test_repeat Program End

Create log file
2012-10-30 06:41:16Z oee_empaidxsummdaily_purge Program Start
2012-10-30 06:41:16Z oee_empaidxsummdaily_purge Program END 

Create log file
2012-10-30 06:42:20Z oee_empaidxsummhourly_purge Program Start
2012-10-30 06:42:20Z oee_empaidxsummhourly_purge Program END 

Create log file
2012-10-30 06:44:38Z oee_empastcount_purge Program Start
2012-10-30 06:44:38Z oee_empastcount_purge Program END 

Create log file
2012-10-30 06:50:46Z ODS_Recover_Lot 158 Lots Program Start
2012-10-30 06:50:46Z ODS_Recover_Lot 158 Lots Program END 

Create log file
2012-10-30 06:51:00Z OEE_IS_Hourly_Check_alarm  Program Start
2012-10-30 06:51:00Z OEE_IS_Hourly_Check_alarm  Program END 

Create log file
2012-10-30 06:51:01Z ALCS_Hourly_Check_alarm  Program Start
2012-10-30 06:51:01Z ALCS_Hourly_Check_alarm  Program END 

Create log file
2012-10-30 06:51:01Z SERVER_SELF_CHECK   Program Start
2012-10-30 06:51:01Z SERVER_SELF_CHECK   Program END 

Create log file
2012-10-30 06:51:02Z SERVER_SELF_CHECK Program Start
SMS log finish

2012-10-30 06:51:02Z SERVER_SELF_CHECK Program End

Create log file
2012-10-30 07:01:00ZArray_Photo Program Start
1150 log finish

2012-10-30 07:01:03ZArray_Photo Program End

Create log file
2012-10-30 07:03:00ZArray_test_repeat Program Start
2012-10-30 07:03:00ZArray_test_repeat Program End

Create log file
2012-10-30 07:41:14Z oee_empaidxsummdaily_purge Program Start
2012-10-30 07:41:14Z oee_empaidxsummdaily_purge Program END 

Create log file
2012-10-30 07:42:15Z oee_empaidxsummhourly_purge Program Start
2012-10-30 07:42:15Z oee_empaidxsummhourly_purge Program END 

Create log file
2012-10-30 07:44:34Z oee_empastcount_purge Program Start
2012-10-30 07:44:34Z oee_empastcount_purge Program END 

Create log file
2012-10-30 07:50:04Z OEE_IS_Hourly_Check_alarm  Program Start
2012-10-30 07:50:04Z OEE_IS_Hourly_Check_alarm  Program END 

Create log file
2012-10-30 07:50:05Z ALCS_Hourly_Check_alarm  Program Start
2012-10-30 07:50:05Z ALCS_Hourly_Check_alarm  Program END 

Create log file
2012-10-30 07:50:06Z SERVER_SELF_CHECK   Program Start
2012-10-30 07:50:06Z SERVER_SELF_CHECK   Program END 

Create log file
2012-10-30 07:50:07Z SERVER_SELF_CHECK Program Start
SMS log finish

2012-10-30 07:50:07Z SERVER_SELF_CHECK Program End

Create log file
2012-10-30 08:00:00Z Check_Onduty_Time From Onduty_dotnet2  Program Start
2012-10-30 08:00:00Z Check_Onduty_Time From Onduty_dotnet2  Program END 

Create log file
2012-10-30 08:01:00ZArray_Photo Program Start
1150 log finish

2012-10-30 08:01:03ZArray_Photo Program End

Create log file
2012-10-30 08:03:00ZArray_test_repeat Program Start
2012-10-30 08:03:00ZArray_test_repeat Program End

Create log file
2012-10-30 08:30:00ZHoliday_inout_SMS Program Start
2012-10-30 08:30:00ZHoliday_Inout_SMS Program End

Create log file
2012-10-30 08:32:00ZOEE_EQP_SMS Program Start
2012-10-30 08:32:43ZOEE_EQP_SMS Program End

Create log file
2012-10-30 08:41:07Z oee_empaidxsummdaily_purge Program Start
2012-10-30 08:41:07Z oee_empaidxsummdaily_purge Program END 

Create log file
2012-10-30 08:42:04Z oee_empaidxsummhourly_purge Program Start
2012-10-30 08:42:04Z oee_empaidxsummhourly_purge Program END 

Create log file
2012-10-30 08:44:24Z oee_empastcount_purge Program Start
2012-10-30 08:44:24Z oee_empastcount_purge Program END 

Create log file
2012-10-30 08:45:00ZHoliday_inout_SMS_For_C2 Program Start
2012-10-30 08:45:11ZHoliday_Inout_SMS_For_C2 Program End

Create log file
2012-10-30 08:50:00Z OEE_IS_Hourly_Check_alarm  Program Start
2012-10-30 08:50:00Z OEE_IS_Hourly_Check_alarm  Program END 

Create log file
2012-10-30 08:50:00Z ALCS_Hourly_Check_alarm  Program Start
2012-10-30 08:50:00Z ALCS_Hourly_Check_alarm  Program END 

Create log file
2012-10-30 08:50:01Z SERVER_SELF_CHECK   Program Start
2012-10-30 08:50:01Z SERVER_SELF_CHECK   Program END 

Create log file
2012-10-30 08:50:02Z SERVER_SELF_CHECK Program Start
SMS log finish

2012-10-30 08:50:02Z SERVER_SELF_CHECK Program End

Create log file
2012-10-30 09:01:01ZArray_Photo Program Start
1350 log finish

1450 log finish

2012-10-30 09:01:07ZArray_Photo Program End

Create log file
2012-10-30 09:03:00ZArray_test_repeat Program Start
2012-10-30 09:03:00ZArray_test_repeat Program End

Create log file
2012-10-30 09:30:00ZARY_HOLD_LOT Program Start
There are lots exceed process time for 24hrs, please check

There are lots exceed process time for 24hrs, please check

There are lots exceed process time for 24hrs, please check

There are lots exceed process time for 24hrs, please check

There are lots exceed process time for 24hrs, please check

There are lots exceed process time for 24hrs, please check

There are lots exceed process time for 24hrs, please check

There are lots exceed process time for 24hrs, please check

There are lots exceed process time for 24hrs, please check

There are lots exceed process time for 24hrs, please check

There are lots exceed process time for 24hrs, please check

There are lots exceed process time for 24hrs, please check

There are lots exceed process time for 24hrs, please check

There are lots exceed process time for 24hrs, please check

There are lots exceed process time for 24hrs, please check

There are lots exceed process time for 24hrs, please check

There are lots exceed process time for 24hrs, please check

There are lots exceed process time for 24hrs, please check

2012-10-30 09:30:35ZARY_HOLD_LOT Program End

Create log file
2012-10-30 09:41:15Z oee_empaidxsummdaily_purge Program Start
2012-10-30 09:41:15Z oee_empaidxsummdaily_purge Program END 

Create log file
2012-10-30 09:42:18Z oee_empaidxsummhourly_purge Program Start
2012-10-30 09:42:18Z oee_empaidxsummhourly_purge Program END 

Create log file
2012-10-30 09:44:40Z oee_empastcount_purge Program Start
2012-10-30 09:44:40Z oee_empastcount_purge Program END 

Create log file
2012-10-30 09:50:00Z OEE_IS_Hourly_Check_alarm  Program Start
2012-10-30 09:50:00Z OEE_IS_Hourly_Check_alarm  Program END 

Create log file
2012-10-30 09:50:00Z ALCS_Hourly_Check_alarm  Program Start
2012-10-30 09:50:00Z ALCS_Hourly_Check_alarm  Program END 

Create log file
2012-10-30 09:50:01Z SERVER_SELF_CHECK   Program Start
2012-10-30 09:50:01Z SERVER_SELF_CHECK   Program END 

Create log file
2012-10-30 09:50:02Z SERVER_SELF_CHECK Program Start
SMS log finish

2012-10-30 09:50:02Z SERVER_SELF_CHECK Program End

Create log file
2012-10-30 10:01:00ZArray_Photo Program Start
1350 log finish

1450 log finish

2012-10-30 10:01:03ZArray_Photo Program End

Create log file
2012-10-30 10:03:00ZArray_test_repeat Program Start
2012-10-30 10:03:00ZArray_test_repeat Program End

Create log file
2012-10-30 10:41:14Z oee_empaidxsummdaily_purge Program Start
2012-10-30 10:41:14Z oee_empaidxsummdaily_purge Program END 

Create log file
2012-10-30 10:42:09Z oee_empaidxsummhourly_purge Program Start
2012-10-30 10:42:09Z oee_empaidxsummhourly_purge Program END 

Create log file
2012-10-30 10:44:35Z oee_empastcount_purge Program Start
2012-10-30 10:44:35Z oee_empastcount_purge Program END 

Create log file
2012-10-30 10:50:00Z OEE_IS_Hourly_Check_alarm  Program Start
2012-10-30 10:50:00Z OEE_IS_Hourly_Check_alarm  Program END 

Create log file
2012-10-30 10:50:00Z ALCS_Hourly_Check_alarm  Program Start
2012-10-30 10:50:00Z ALCS_Hourly_Check_alarm  Program END 

Create log file
2012-10-30 10:50:01Z SERVER_SELF_CHECK   Program Start
2012-10-30 10:50:01Z SERVER_SELF_CHECK   Program END 

Create log file
2012-10-30 10:50:02Z SERVER_SELF_CHECK Program Start
SMS log finish

2012-10-30 10:50:02Z SERVER_SELF_CHECK Program End

Create log file
2012-10-30 11:01:00ZArray_Photo Program Start
1350 log finish

1450 log finish

2012-10-30 11:01:04ZArray_Photo Program End

Create log file
2012-10-30 11:03:00ZArray_test_repeat Program Start
2012-10-30 11:03:00ZArray_test_repeat Program End

Create log file
2012-10-30 11:40:01Z T1OEE Purge Program Start
2012-10-30 11:40:01Z T1OEE Purge Program END 

Create log file
2012-10-30 11:50:00Z OEE_IS_Hourly_Check_alarm  Program Start
2012-10-30 11:50:00Z OEE_IS_Hourly_Check_alarm  Program END 

Create log file
2012-10-30 11:50:01Z ALCS_Hourly_Check_alarm  Program Start
2012-10-30 11:50:01Z ALCS_Hourly_Check_alarm  Program END 

Create log file
2012-10-30 11:50:01Z SERVER_SELF_CHECK   Program Start
2012-10-30 11:50:01Z SERVER_SELF_CHECK   Program END 

Create log file
2012-10-30 12:01:00ZArray_Photo Program Start
1350 log finish

1450 log finish

2012-10-30 12:01:03ZArray_Photo Program End

Create log file
2012-10-30 12:03:00ZArray_test_repeat Program Start
2012-10-30 12:03:00ZArray_test_repeat Program End

Create log file
2012-10-30 12:50:03Z OEE_IS_Hourly_Check_alarm  Program Start
2012-10-30 12:50:03Z OEE_IS_Hourly_Check_alarm  Program END 

Create log file
2012-10-30 12:50:03Z ALCS_Hourly_Check_alarm  Program Start
2012-10-30 12:50:03Z ALCS_Hourly_Check_alarm  Program END 

Create log file
2012-10-30 12:50:04Z SERVER_SELF_CHECK   Program Start
2012-10-30 12:50:04Z SERVER_SELF_CHECK   Program END 

Create log file
2012-10-30 13:01:03ZArray_Photo Program Start
1350 log finish

2012-10-30 13:01:05ZArray_Photo Program End

Create log file
2012-10-30 13:03:01ZArray_test_repeat Program Start
2012-10-30 13:03:01ZArray_test_repeat Program End

Create log file
2012-10-30 13:30:00ZARY_HOLD_LOT Program Start
There are lots exceed process time for 24hrs, please check

There are lots exceed process time for 24hrs, please check

There are lots exceed process time for 24hrs, please check

There are lots exceed process time for 24hrs, please check

There are lots exceed process time for 48hrs, please check

There are lots exceed process time for 24hrs, please check

There are lots exceed process time for 24hrs, please check

There are lots exceed process time for 48hrs, please check

There are lots exceed process time for 24hrs, please check

There are lots exceed process time for 24hrs, please check

There are lots exceed process time for 48hrs, please check

There are lots exceed process time for 24hrs, please check

There are lots exceed process time for 24hrs, please check

There are lots exceed process time for 48hrs, please check

There are lots exceed process time for 24hrs, please check

There are lots exceed process time for 24hrs, please check

There are lots exceed process time for 48hrs, please check

There are lots exceed process time for 24hrs, please check

There are lots exceed process time for 24hrs, please check

There are lots exceed process time for 48hrs, please check

There are lots exceed process time for 24hrs, please check

There are lots exceed process time for 24hrs, please check

There are lots exceed process time for 48hrs, please check

There are lots exceed process time for 24hrs, please check

There are lots exceed process time for 24hrs, please check

There are lots exceed process time for 48hrs, please check

There are lots exceed process time for 24hrs, please check

There are lots exceed process time for 24hrs, please check

There are lots exceed process time for 48hrs, please check

There are lots exceed process time for 24hrs, please check

There are lots exceed process time for 24hrs, please check

There are lots exceed process time for 48hrs, please check

There are lots exceed process time for 24hrs, please check

There are lots exceed process time for 24hrs, please check

There are lots exceed process time for 48hrs, please check

There are lots exceed process time for 24hrs, please check

There are lots exceed process time for 24hrs, please check

There are lots exceed process time for 48hrs, please check

There are lots exceed process time for 24hrs, please check

There are lots exceed process time for 24hrs, please check

There are lots exceed process time for 48hrs, please check

There are lots exceed process time for 24hrs, please check

There are lots exceed process time for 24hrs, please check

There are lots exceed process time for 48hrs, please check

There are lots exceed process time for 24hrs, please check

There are lots exceed process time for 24hrs, please check

There are lots exceed process time for 48hrs, please check

There are lots exceed process time for 24hrs, please check

There are lots exceed process time for 24hrs, please check

There are lots exceed process time for 48hrs, please check

There are lots exceed process time for 24hrs, please check

There are lots exceed process time for 24hrs, please check

There are lots exceed process time for 48hrs, please check

2012-10-30 13:30:25ZARY_HOLD_LOT Program End

Create log file
2012-10-30 13:33:20Z oee_empaidxsummdaily_purge Program Start
2012-10-30 13:33:20Z oee_empaidxsummdaily_purge Program END 

Create log file
2012-10-30 13:33:46Z oee_empaidxsummhourly_purge Program Start
2012-10-30 13:33:46Z oee_empaidxsummhourly_purge Program END 

Create log file
2012-10-30 13:36:28Z oee_empastcount_purge Program Start
2012-10-30 13:36:28Z oee_empastcount_purge Program END 

Create log file
2012-10-30 13:41:16Z oee_empaidxsummdaily_purge Program Start
2012-10-30 13:41:16Z oee_empaidxsummdaily_purge Program END 

Create log file
2012-10-30 13:41:48Z oee_empaidxsummhourly_purge Program Start
2012-10-30 13:41:48Z oee_empaidxsummhourly_purge Program END 

Create log file
2012-10-30 13:44:34Z oee_empastcount_purge Program Start
2012-10-30 13:44:34Z oee_empastcount_purge Program END 

Create log file
2012-10-30 13:50:00Z OEE_IS_Hourly_Check_alarm  Program Start
2012-10-30 13:50:00Z OEE_IS_Hourly_Check_alarm  Program END 

Create log file
2012-10-30 13:50:01Z ALCS_Hourly_Check_alarm  Program Start
2012-10-30 13:50:01Z ALCS_Hourly_Check_alarm  Program END 

Create log file
2012-10-30 13:50:01Z SERVER_SELF_CHECK   Program Start
2012-10-30 13:50:01Z SERVER_SELF_CHECK   Program END 

Create log file
2012-10-30 14:01:00ZArray_Photo Program Start
1350 log finish

2012-10-30 14:01:04ZArray_Photo Program End

Create log file
2012-10-30 14:03:00ZArray_test_repeat Program Start
2012-10-30 14:03:01ZArray_test_repeat Program End

Create log file
2012-10-30 14:42:06Z oee_empaidxsummdaily_purge Program Start
2012-10-30 14:42:06Z oee_empaidxsummdaily_purge Program END 

Create log file
2012-10-30 14:42:31Z oee_empaidxsummhourly_purge Program Start
2012-10-30 14:42:31Z oee_empaidxsummhourly_purge Program END 

Create log file
2012-10-30 14:45:13Z oee_empastcount_purge Program Start
2012-10-30 14:45:13Z oee_empastcount_purge Program END 

Create log file
2012-10-30 14:50:00Z OEE_IS_Hourly_Check_alarm  Program Start
2012-10-30 14:50:00Z OEE_IS_Hourly_Check_alarm  Program END 

Create log file
2012-10-30 14:50:01Z ALCS_Hourly_Check_alarm  Program Start
2012-10-30 14:50:01Z ALCS_Hourly_Check_alarm  Program END 

Create log file
2012-10-30 14:50:02Z SERVER_SELF_CHECK   Program Start
2012-10-30 14:50:02Z SERVER_SELF_CHECK   Program END 

Create log file
2012-10-30 15:01:00ZArray_Photo Program Start
1350 log finish

2012-10-30 15:01:03ZArray_Photo Program End

Create log file
2012-10-30 15:03:00ZArray_test_repeat Program Start
2012-10-30 15:03:00ZArray_test_repeat Program End

Create log file
2012-10-30 15:41:16Z oee_empaidxsummdaily_purge Program Start
2012-10-30 15:41:16Z oee_empaidxsummdaily_purge Program END 

Create log file
2012-10-30 15:41:38Z oee_empaidxsummhourly_purge Program Start
2012-10-30 15:41:38Z oee_empaidxsummhourly_purge Program END 

Create log file
2012-10-30 15:44:28Z oee_empastcount_purge Program Start
2012-10-30 15:44:28Z oee_empastcount_purge Program END 

Create log file
2012-10-30 15:50:00Z OEE_IS_Hourly_Check_alarm  Program Start
2012-10-30 15:50:00Z OEE_IS_Hourly_Check_alarm  Program END 

Create log file
2012-10-30 15:50:01Z ALCS_Hourly_Check_alarm  Program Start
2012-10-30 15:50:01Z ALCS_Hourly_Check_alarm  Program END 

Create log file
2012-10-30 15:50:02Z SERVER_SELF_CHECK   Program Start
2012-10-30 15:50:02Z SERVER_SELF_CHECK   Program END 

Create log file
2012-10-30 16:01:04ZArray_Photo Program Start
1350 log finish

2012-10-30 16:01:07ZArray_Photo Program End

Create log file
2012-10-30 16:03:00ZArray_test_repeat Program Start
2012-10-30 16:03:00ZArray_test_repeat Program End

Create log file
2012-10-30 16:49:27Z oee_empaidxsummdaily_purge Program Start
2012-10-30 16:49:27Z oee_empaidxsummdaily_purge Program END 

Create log file
2012-10-30 16:49:52Z oee_empaidxsummhourly_purge Program Start
2012-10-30 16:49:52Z oee_empaidxsummhourly_purge Program END 

Create log file
2012-10-30 16:50:00Z OEE_IS_Hourly_Check_alarm  Program Start
2012-10-30 16:50:00Z OEE_IS_Hourly_Check_alarm  Program END 

Create log file
2012-10-30 16:50:01Z ALCS_Hourly_Check_alarm  Program Start
2012-10-30 16:50:01Z ALCS_Hourly_Check_alarm  Program END 

Create log file
2012-10-30 16:50:02Z SERVER_SELF_CHECK   Program Start
2012-10-30 16:50:02Z SERVER_SELF_CHECK   Program END 

Create log file
2012-10-30 16:52:36Z oee_empastcount_purge Program Start
2012-10-30 16:52:36Z oee_empastcount_purge Program END 

Create log file
2012-10-30 17:01:01ZArray_Photo Program Start
1350 log finish

2012-10-30 17:01:04ZArray_Photo Program End

Create log file
2012-10-30 17:03:00ZArray_test_repeat Program Start
2012-10-30 17:03:00ZArray_test_repeat Program End

Create log file
2012-10-30 17:30:00ZARY_HOLD_LOT Program Start
There are lots exceed process time for 24hrs, please check

There are lots exceed process time for 24hrs, please check

There are lots exceed process time for 24hrs, please check

There are lots exceed process time for 24hrs, please check

There are lots exceed process time for 24hrs, please check

There are lots exceed process time for 24hrs, please check

There are lots exceed process time for 24hrs, please check

There are lots exceed process time for 24hrs, please check

There are lots exceed process time for 24hrs, please check

There are lots exceed process time for 24hrs, please check

There are lots exceed process time for 24hrs, please check

There are lots exceed process time for 24hrs, please check

There are lots exceed process time for 24hrs, please check

There are lots exceed process time for 24hrs, please check

There are lots exceed process time for 24hrs, please check

There are lots exceed process time for 24hrs, please check

There are lots exceed process time for 24hrs, please check

There are lots exceed process time for 24hrs, please check

2012-10-30 17:30:44ZARY_HOLD_LOT Program End

Create log file
2012-10-30 17:50:00Z OEE_IS_Hourly_Check_alarm  Program Start
2012-10-30 17:50:00Z OEE_IS_Hourly_Check_alarm  Program END 

Create log file
2012-10-30 17:50:00Z ALCS_Hourly_Check_alarm  Program Start
2012-10-30 17:50:00Z ALCS_Hourly_Check_alarm  Program END 

Create log file
2012-10-30 17:50:01Z SERVER_SELF_CHECK   Program Start
2012-10-30 17:50:01Z SERVER_SELF_CHECK   Program END 

Create log file
2012-10-30 18:01:00ZArray_Photo Program Start
1350 log finish

2012-10-30 18:01:06ZArray_Photo Program End

Create log file
2012-10-30 18:03:00ZArray_test_repeat Program Start
2012-10-30 18:03:00ZArray_test_repeat Program End

Create log file
2012-10-30 18:03:51Z oee_empaidxsummdaily_purge Program Start
2012-10-30 18:03:51Z oee_empaidxsummdaily_purge Program END 

Create log file
2012-10-30 18:04:22Z oee_empaidxsummhourly_purge Program Start
2012-10-30 18:04:22Z oee_empaidxsummhourly_purge Program END 

Create log file
2012-10-30 18:07:06Z oee_empastcount_purge Program Start
2012-10-30 18:07:06Z oee_empastcount_purge Program END 

Create log file
2012-10-30 18:50:00Z OEE_IS_Hourly_Check_alarm  Program Start
2012-10-30 18:50:00Z OEE_IS_Hourly_Check_alarm  Program END 

Create log file
2012-10-30 18:50:00Z ALCS_Hourly_Check_alarm  Program Start
2012-10-30 18:50:00Z ALCS_Hourly_Check_alarm  Program END 

Create log file
2012-10-30 18:50:01Z SERVER_SELF_CHECK   Program Start
2012-10-30 18:50:01Z SERVER_SELF_CHECK   Program END 

Create log file
2012-10-30 18:56:29Z oee_empaidxsummdaily_purge Program Start
2012-10-30 18:56:29Z oee_empaidxsummdaily_purge Program END 

Create log file
2012-10-30 18:56:53Z oee_empaidxsummhourly_purge Program Start
2012-10-30 18:56:53Z oee_empaidxsummhourly_purge Program END 

Create log file
2012-10-30 18:59:35Z oee_empastcount_purge Program Start
2012-10-30 18:59:35Z oee_empastcount_purge Program END 

Create log file
2012-10-30 19:01:00ZArray_Photo Program Start
1350 log finish

2012-10-30 19:01:03ZArray_Photo Program End

Create log file
2012-10-30 19:03:00ZArray_test_repeat Program Start
2012-10-30 19:03:00ZArray_test_repeat Program End

Create log file
2012-10-30 19:41:15Z oee_empaidxsummdaily_purge Program Start
2012-10-30 19:41:15Z oee_empaidxsummdaily_purge Program END 

Create log file
2012-10-30 19:41:46Z oee_empaidxsummhourly_purge Program Start
2012-10-30 19:41:46Z oee_empaidxsummhourly_purge Program END 

Create log file
2012-10-30 19:44:24Z oee_empastcount_purge Program Start
2012-10-30 19:44:24Z oee_empastcount_purge Program END 

Create log file
2012-10-30 19:50:00Z OEE_IS_Hourly_Check_alarm  Program Start
2012-10-30 19:50:00Z OEE_IS_Hourly_Check_alarm  Program END 

Create log file
2012-10-30 19:50:02Z ALCS_Hourly_Check_alarm  Program Start
2012-10-30 19:50:02Z ALCS_Hourly_Check_alarm  Program END 

Create log file
2012-10-30 19:50:05Z SERVER_SELF_CHECK   Program Start
2012-10-30 19:50:05Z SERVER_SELF_CHECK   Program END 

Create log file
2012-10-30 20:01:00ZArray_Photo Program Start
2012-10-30 20:01:03ZArray_Photo Program End

Create log file
2012-10-30 20:03:00ZArray_test_repeat Program Start
2012-10-30 20:03:00ZArray_test_repeat Program End

Create log file
2012-10-30 20:41:20Z oee_empaidxsummdaily_purge Program Start
2012-10-30 20:41:20Z oee_empaidxsummdaily_purge Program END 

Create log file
2012-10-30 20:41:43Z oee_empaidxsummhourly_purge Program Start
2012-10-30 20:41:43Z oee_empaidxsummhourly_purge Program END 

Create log file
2012-10-30 20:44:28Z oee_empastcount_purge Program Start
2012-10-30 20:44:28Z oee_empastcount_purge Program END 

Create log file
2012-10-30 20:50:00Z OEE_IS_Hourly_Check_alarm  Program Start
2012-10-30 20:50:00Z OEE_IS_Hourly_Check_alarm  Program END 

Create log file
2012-10-30 20:50:00Z ALCS_Hourly_Check_alarm  Program Start
2012-10-30 20:50:00Z ALCS_Hourly_Check_alarm  Program END 

Create log file
2012-10-30 20:50:01Z SERVER_SELF_CHECK   Program Start
2012-10-30 20:50:01Z SERVER_SELF_CHECK   Program END 

Create log file
2012-10-30 21:01:00ZArray_Photo Program Start
1450 log finish

2012-10-30 21:01:03ZArray_Photo Program End

Create log file
2012-10-30 21:03:00ZArray_test_repeat Program Start
2012-10-30 21:03:03ZArray_test_repeat Program End

Create log file
2012-10-30 21:30:01ZARY_HOLD_LOT Program Start
There are lots exceed process time for 24hrs, please check

There are lots exceed process time for 24hrs, please check

There are lots exceed process time for 24hrs, please check

There are lots exceed process time for 24hrs, please check

There are lots exceed process time for 24hrs, please check

There are lots exceed process time for 24hrs, please check

There are lots exceed process time for 24hrs, please check

There are lots exceed process time for 24hrs, please check

There are lots exceed process time for 24hrs, please check

There are lots exceed process time for 24hrs, please check

There are lots exceed process time for 24hrs, please check

There are lots exceed process time for 24hrs, please check

There are lots exceed process time for 24hrs, please check

There are lots exceed process time for 24hrs, please check

There are lots exceed process time for 24hrs, please check

There are lots exceed process time for 24hrs, please check

There are lots exceed process time for 24hrs, please check

There are lots exceed process time for 24hrs, please check

2012-10-30 21:30:17ZARY_HOLD_LOT Program End

Create log file
2012-10-30 21:41:13Z oee_empaidxsummdaily_purge Program Start
2012-10-30 21:41:13Z oee_empaidxsummdaily_purge Program END 

Create log file
2012-10-30 21:41:38Z oee_empaidxsummhourly_purge Program Start
2012-10-30 21:41:38Z oee_empaidxsummhourly_purge Program END 

Create log file
2012-10-30 21:44:18Z oee_empastcount_purge Program Start
2012-10-30 21:44:18Z oee_empastcount_purge Program END 

Create log file
2012-10-30 21:50:00Z OEE_IS_Hourly_Check_alarm  Program Start
2012-10-30 21:50:00Z OEE_IS_Hourly_Check_alarm  Program END 

Create log file
2012-10-30 21:50:00Z ALCS_Hourly_Check_alarm  Program Start
2012-10-30 21:50:00Z ALCS_Hourly_Check_alarm  Program END 

Create log file
2012-10-30 21:50:01Z SERVER_SELF_CHECK   Program Start
2012-10-30 21:50:01Z SERVER_SELF_CHECK   Program END 

Create log file
2012-10-30 22:00:00ZSERVER_SMS_TEST Program Start
SMS log finish

2012-10-30 22:00:00ZSERVER_SMS_TEST Program End

Create log file
2012-10-30 22:01:00ZArray_Photo Program Start
1450 log finish

2012-10-30 22:01:03ZArray_Photo Program End

Create log file
2012-10-30 22:03:00ZArray_test_repeat Program Start
2012-10-30 22:03:00ZArray_test_repeat Program End

Create log file
2012-10-30 22:41:17Z oee_empaidxsummdaily_purge Program Start
2012-10-30 22:41:17Z oee_empaidxsummdaily_purge Program END 

Create log file
2012-10-30 22:41:44Z oee_empaidxsummhourly_purge Program Start
2012-10-30 22:41:44Z oee_empaidxsummhourly_purge Program END 

Create log file
2012-10-30 22:44:28Z oee_empastcount_purge Program Start
2012-10-30 22:44:28Z oee_empastcount_purge Program END 

Create log file
2012-10-30 22:50:00Z OEE_IS_Hourly_Check_alarm  Program Start
2012-10-30 22:50:00Z OEE_IS_Hourly_Check_alarm  Program END 

Create log file
2012-10-30 22:50:00Z ALCS_Hourly_Check_alarm  Program Start
2012-10-30 22:50:00Z ALCS_Hourly_Check_alarm  Program END 

Create log file
2012-10-30 22:50:01Z SERVER_SELF_CHECK   Program Start
2012-10-30 22:50:01Z SERVER_SELF_CHECK   Program END 

Create log file
2012-10-30 23:01:00ZArray_Photo Program Start
1450 log finish

2012-10-30 23:01:03ZArray_Photo Program End

Create log file
2012-10-30 23:03:00ZArray_test_repeat Program Start
2012-10-30 23:03:00ZArray_test_repeat Program End

Create log file
2012-10-30 23:41:22Z oee_empaidxsummdaily_purge Program Start
2012-10-30 23:41:22Z oee_empaidxsummdaily_purge Program END 

Create log file
2012-10-30 23:42:11Z oee_empaidxsummhourly_purge Program Start
2012-10-30 23:42:11Z oee_empaidxsummhourly_purge Program END 

Create log file
2012-10-30 23:44:30Z oee_empastcount_purge Program Start
2012-10-30 23:44:30Z oee_empastcount_purge Program END 

Create log file
2012-10-30 23:50:00Z OEE_IS_Hourly_Check_alarm  Program Start
2012-10-30 23:50:00Z OEE_IS_Hourly_Check_alarm  Program END 

Create log file
2012-10-30 23:50:00Z ALCS_Hourly_Check_alarm  Program Start
2012-10-30 23:50:00Z ALCS_Hourly_Check_alarm  Program END 

Create log file
2012-10-30 23:50:01Z SERVER_SELF_CHECK   Program Start
2012-10-30 23:50:01Z SERVER_SELF_CHECK   Program END 

