Create log file
2017-06-24 00:01:00Z Array Photo hourly_CHK log 1150 Program Start
2017-06-24 00:01:00Z Array Photo hourly_CHK log 1150 Program END 

Create log file
2017-06-24 00:01:01Z Array Photo hourly_CHK log 1250 Program Start
2017-06-24 00:01:01Z Array Photo hourly_CHK log 1250 Program END 

Create log file
2017-06-24 00:01:02Z Array Photo hourly_CHK log 1350 Program Start
2017-06-24 00:01:02Z Array Photo hourly_CHK log 1350 Program END 

Create log file
2017-06-24 00:01:04Z Array Photo hourly_CHK log 1450 Program Start
2017-06-24 00:01:04Z Array Photo hourly_CHK log 1450 Program END 

Create log file
2017-06-24 00:01:06Z Array Photo hourly_CHK log 1650 Program Start
2017-06-24 00:01:06Z Array Photo hourly_CHK log 1650 Program END 

Create log file
2017-06-24 00:01:07Z Array Photo hourly_CHK log S150 Program Start
2017-06-24 00:01:07Z Array Photo hourly_CHK log S150 Program END 

Create log file
2017-06-24 00:01:08Z Array Photo hourly_CHK log S250 Program Start
2017-06-24 00:01:08Z Array Photo hourly_CHK log S250 Program END 

Create log file
2017-06-24 00:01:09Z Array Photo hourly_CHK log S350 Program Start
2017-06-24 00:01:09Z Array Photo hourly_CHK log S350 Program END 

Create log file
2017-06-24 00:01:09Z Array Photo hourly_CHK log S450 Program Start
2017-06-24 00:01:09Z Array Photo hourly_CHK log S450 Program END 

Create log file
2017-06-24 00:01:11Z Array Photo hourly_CHK log S550 Program Start
2017-06-24 00:01:11Z Array Photo hourly_CHK log S550 Program END 

Create log file
2017-06-24 00:01:12Z Array Photo hourly_CHK log S850 Program Start
2017-06-24 00:01:12Z Array Photo hourly_CHK log S850 Program END 

Create log file
2017-06-24 00:03:00Z Array_test_repeat log  Program Start
2017-06-24 00:03:00Z Array_test_repeat log  Program END 

Create log file
2017-06-24 00:30:00Z T0/T1 RealTimeDept Program Start
2017-06-24 00:30:00Z T0/T1 RealTimeDept Program END 

Create log file
2017-06-24 00:32:30Z T0/T1 Email Alive check  Program Start
2017-06-24 00:32:30Z T0/T1 Email Alive check  Program END 

Create log file
2017-06-24 00:50:00Z OEE_IS_Hourly_Check_alarm  Program Start
2017-06-24 00:50:00Z OEE_IS_Hourly_Check_alarm  Program END 

Create log file
2017-06-24 00:50:00Z ALCS_Hourly_Check_Alarm log  Program Start
2017-06-24 00:50:00Z ALCS_Hourly_Check_Alarm log  Program END 

Create log file
2017-06-24 00:50:00Z ALCS_Hourly_Check_Alarm log Program Start
2017-06-24 00:50:00Z ALCS_Hourly_Check_Alarm log Program END 

Create log file
2017-06-24 00:50:00Z T1OEEDB_CHK log  Program Start
2017-06-24 00:50:00Z T1OEEDB_CHK log  Program END 

Create log file
2017-06-24 00:50:00Z T1OEEDB_CHK log End Program Start
2017-06-24 00:50:00Z T1OEEDB_CHK log End Program END 

Create log file
2017-06-24 00:50:01Z T1Alarm_Server_SELF_CHECK   Program Start
2017-06-24 00:50:01Z T1Alarm_Server_SELF_CHECK   Program END 

Create log file
2017-06-24 00:50:01Z OEE_0ATPT100_Hourly_Check_alarm_Start  Program Start
2017-06-24 00:50:01Z OEE_0ATPT100_Hourly_Check_alarm_Start  Program END 

Create log file
2017-06-24 01:01:00Z Array Photo hourly_CHK log 1150 Program Start
2017-06-24 01:01:00Z Array Photo hourly_CHK log 1150 Program END 

Create log file
2017-06-24 01:01:07Z Array Photo hourly_CHK log 1250 Program Start
2017-06-24 01:01:07Z Array Photo hourly_CHK log 1250 Program END 

Create log file
2017-06-24 01:01:09Z Array Photo hourly_CHK log 1350 Program Start
2017-06-24 01:01:09Z Array Photo hourly_CHK log 1350 Program END 

Create log file
2017-06-24 01:01:10Z Array Photo hourly_CHK log 1450 Program Start
2017-06-24 01:01:10Z Array Photo hourly_CHK log 1450 Program END 

Create log file
2017-06-24 01:01:12Z Array Photo hourly_CHK log 1650 Program Start
2017-06-24 01:01:12Z Array Photo hourly_CHK log 1650 Program END 

Create log file
2017-06-24 01:01:13Z Array Photo hourly_CHK log S150 Program Start
2017-06-24 01:01:13Z Array Photo hourly_CHK log S150 Program END 

Create log file
2017-06-24 01:01:14Z Array Photo hourly_CHK log S250 Program Start
2017-06-24 01:01:14Z Array Photo hourly_CHK log S250 Program END 

Create log file
2017-06-24 01:01:15Z Array Photo hourly_CHK log S350 Program Start
2017-06-24 01:01:15Z Array Photo hourly_CHK log S350 Program END 

Create log file
2017-06-24 01:01:16Z Array Photo hourly_CHK log S450 Program Start
2017-06-24 01:01:16Z Array Photo hourly_CHK log S450 Program END 

Create log file
2017-06-24 01:01:17Z Array Photo hourly_CHK log S550 Program Start
2017-06-24 01:01:17Z Array Photo hourly_CHK log S550 Program END 

Create log file
2017-06-24 01:01:18Z Array Photo hourly_CHK log S850 Program Start
2017-06-24 01:01:18Z Array Photo hourly_CHK log S850 Program END 

Create log file
2017-06-24 01:03:00Z Array_test_repeat log  Program Start
2017-06-24 01:03:00Z Array_test_repeat log  Program END 

Create log file
2017-06-24 01:30:00ZARY_HOLD_LOT Program Start
There are lots exceed process time for 24hrs, please check

There are lots exceed process time for 24hrs, please check

There are lots exceed process time for 24hrs, please check

There are lots exceed process time for 24hrs, please check

There are lots exceed process time for 24hrs, please check

2017-06-24 01:31:27ZARY_HOLD_LOT Program End

Create log file
2017-06-24 01:50:31Z OEE_IS_Hourly_Check_alarm  Program Start
2017-06-24 01:50:31Z OEE_IS_Hourly_Check_alarm  Program END 

Create log file
2017-06-24 01:50:31Z ALCS_Hourly_Check_Alarm log  Program Start
2017-06-24 01:50:31Z ALCS_Hourly_Check_Alarm log  Program END 

Create log file
2017-06-24 01:50:32Z ALCS_Hourly_Check_Alarm log Program Start
2017-06-24 01:50:32Z ALCS_Hourly_Check_Alarm log Program END 

Create log file
2017-06-24 01:50:32Z T1OEEDB_CHK log  Program Start
2017-06-24 01:50:32Z T1OEEDB_CHK log  Program END 

Create log file
2017-06-24 01:50:32Z T1OEEDB_CHK log End Program Start
2017-06-24 01:50:32Z T1OEEDB_CHK log End Program END 

Create log file
2017-06-24 01:50:32Z T1Alarm_Server_SELF_CHECK   Program Start
2017-06-24 01:50:32Z T1Alarm_Server_SELF_CHECK   Program END 

Create log file
2017-06-24 01:50:32Z OEE_0ATPT100_Hourly_Check_alarm_Start  Program Start
2017-06-24 01:50:32Z OEE_0ATPT100_Hourly_Check_alarm_Start  Program END 

Create log file
2017-06-24 02:01:00Z Array Photo hourly_CHK log 1150 Program Start
2017-06-24 02:01:00Z Array Photo hourly_CHK log 1150 Program END 

Create log file
2017-06-24 02:01:01Z Array Photo hourly_CHK log 1250 Program Start
2017-06-24 02:01:01Z Array Photo hourly_CHK log 1250 Program END 

Create log file
2017-06-24 02:01:03Z Array Photo hourly_CHK log 1350 Program Start
2017-06-24 02:01:03Z Array Photo hourly_CHK log 1350 Program END 

Create log file
2017-06-24 02:01:04Z Array Photo hourly_CHK log 1450 Program Start
2017-06-24 02:01:04Z Array Photo hourly_CHK log 1450 Program END 

Create log file
2017-06-24 02:01:06Z Array Photo hourly_CHK log 1650 Program Start
2017-06-24 02:01:06Z Array Photo hourly_CHK log 1650 Program END 

Create log file
2017-06-24 02:01:07Z Array Photo hourly_CHK log S150 Program Start
2017-06-24 02:01:07Z Array Photo hourly_CHK log S150 Program END 

Create log file
2017-06-24 02:01:08Z Array Photo hourly_CHK log S250 Program Start
2017-06-24 02:01:08Z Array Photo hourly_CHK log S250 Program END 

Create log file
2017-06-24 02:01:09Z Array Photo hourly_CHK log S350 Program Start
2017-06-24 02:01:09Z Array Photo hourly_CHK log S350 Program END 

Create log file
2017-06-24 02:01:09Z Array Photo hourly_CHK log S450 Program Start
2017-06-24 02:01:09Z Array Photo hourly_CHK log S450 Program END 

Create log file
2017-06-24 02:01:11Z Array Photo hourly_CHK log S550 Program Start
2017-06-24 02:01:11Z Array Photo hourly_CHK log S550 Program END 

Create log file
2017-06-24 02:01:12Z Array Photo hourly_CHK log S850 Program Start
2017-06-24 02:01:12Z Array Photo hourly_CHK log S850 Program END 

Create log file
2017-06-24 02:03:00Z Array_test_repeat log  Program Start
2017-06-24 02:03:00Z Array_test_repeat log  Program END 

Create log file
2017-06-24 02:50:00Z OEE_IS_Hourly_Check_alarm  Program Start
2017-06-24 02:50:00Z OEE_IS_Hourly_Check_alarm  Program END 

Create log file
2017-06-24 02:50:00Z ALCS_Hourly_Check_Alarm log  Program Start
2017-06-24 02:50:00Z ALCS_Hourly_Check_Alarm log  Program END 

Create log file
2017-06-24 02:50:03Z ALCS_Hourly_Check_Alarm log Program Start
2017-06-24 02:50:03Z ALCS_Hourly_Check_Alarm log Program END 

Create log file
2017-06-24 02:50:03Z T1OEEDB_CHK log  Program Start
2017-06-24 02:50:03Z T1OEEDB_CHK log  Program END 

Create log file
2017-06-24 02:50:03Z T1OEEDB_CHK log End Program Start
2017-06-24 02:50:03Z T1OEEDB_CHK log End Program END 

Create log file
2017-06-24 02:50:03Z T1Alarm_Server_SELF_CHECK   Program Start
2017-06-24 02:50:03Z T1Alarm_Server_SELF_CHECK   Program END 

Create log file
2017-06-24 02:50:03Z OEE_0ATPT100_Hourly_Check_alarm_Start  Program Start
2017-06-24 02:50:03Z OEE_0ATPT100_Hourly_Check_alarm_Start  Program END 

Create log file
2017-06-24 03:01:00Z Array Photo hourly_CHK log 1150 Program Start
2017-06-24 03:01:00Z Array Photo hourly_CHK log 1150 Program END 

Create log file
2017-06-24 03:01:05Z Array Photo hourly_CHK log 1250 Program Start
2017-06-24 03:01:05Z Array Photo hourly_CHK log 1250 Program END 

Create log file
2017-06-24 03:01:09Z Array Photo hourly_CHK log 1350 Program Start
2017-06-24 03:01:09Z Array Photo hourly_CHK log 1350 Program END 

Create log file
2017-06-24 03:01:11Z Array Photo hourly_CHK log 1450 Program Start
2017-06-24 03:01:11Z Array Photo hourly_CHK log 1450 Program END 

Create log file
2017-06-24 03:01:12Z Array Photo hourly_CHK log 1650 Program Start
2017-06-24 03:01:12Z Array Photo hourly_CHK log 1650 Program END 

Create log file
2017-06-24 03:01:13Z Array Photo hourly_CHK log S150 Program Start
2017-06-24 03:01:13Z Array Photo hourly_CHK log S150 Program END 

Create log file
2017-06-24 03:01:14Z Array Photo hourly_CHK log S250 Program Start
2017-06-24 03:01:14Z Array Photo hourly_CHK log S250 Program END 

Create log file
2017-06-24 03:01:15Z Array Photo hourly_CHK log S350 Program Start
2017-06-24 03:01:15Z Array Photo hourly_CHK log S350 Program END 

Create log file
2017-06-24 03:01:16Z Array Photo hourly_CHK log S450 Program Start
2017-06-24 03:01:16Z Array Photo hourly_CHK log S450 Program END 

Create log file
2017-06-24 03:01:17Z Array Photo hourly_CHK log S550 Program Start
2017-06-24 03:01:17Z Array Photo hourly_CHK log S550 Program END 

Create log file
2017-06-24 03:01:18Z Array Photo hourly_CHK log S850 Program Start
2017-06-24 03:01:18Z Array Photo hourly_CHK log S850 Program END 

Create log file
2017-06-24 03:03:00Z Array_test_repeat log  Program Start
2017-06-24 03:03:00Z Array_test_repeat log  Program END 

Create log file
2017-06-24 03:50:00Z OEE_IS_Hourly_Check_alarm  Program Start
2017-06-24 03:50:00Z OEE_IS_Hourly_Check_alarm  Program END 

Create log file
2017-06-24 03:50:00Z ALCS_Hourly_Check_Alarm log  Program Start
2017-06-24 03:50:00Z ALCS_Hourly_Check_Alarm log  Program END 

Create log file
2017-06-24 03:50:00Z ALCS_Hourly_Check_Alarm log Program Start
2017-06-24 03:50:00Z ALCS_Hourly_Check_Alarm log Program END 

Create log file
2017-06-24 03:50:00Z T1OEEDB_CHK log  Program Start
2017-06-24 03:50:00Z T1OEEDB_CHK log  Program END 

Create log file
2017-06-24 03:50:01Z T1OEEDB_CHK log End Program Start
2017-06-24 03:50:01Z T1OEEDB_CHK log End Program END 

Create log file
2017-06-24 03:50:01Z T1Alarm_Server_SELF_CHECK   Program Start
2017-06-24 03:50:01Z T1Alarm_Server_SELF_CHECK   Program END 

Create log file
2017-06-24 03:50:01Z OEE_0ATPT100_Hourly_Check_alarm_Start  Program Start
2017-06-24 03:50:01Z OEE_0ATPT100_Hourly_Check_alarm_Start  Program END 

Create log file
2017-06-24 04:01:00Z Array Photo hourly_CHK log 1150 Program Start
2017-06-24 04:01:00Z Array Photo hourly_CHK log 1150 Program END 

Create log file
2017-06-24 04:01:01Z Array Photo hourly_CHK log 1250 Program Start
2017-06-24 04:01:01Z Array Photo hourly_CHK log 1250 Program END 

Create log file
2017-06-24 04:01:03Z Array Photo hourly_CHK log 1350 Program Start
2017-06-24 04:01:03Z Array Photo hourly_CHK log 1350 Program END 

Create log file
2017-06-24 04:01:04Z Array Photo hourly_CHK log 1450 Program Start
2017-06-24 04:01:04Z Array Photo hourly_CHK log 1450 Program END 

Create log file
2017-06-24 04:01:06Z Array Photo hourly_CHK log 1650 Program Start
2017-06-24 04:01:06Z Array Photo hourly_CHK log 1650 Program END 

Create log file
2017-06-24 04:01:07Z Array Photo hourly_CHK log S150 Program Start
2017-06-24 04:01:07Z Array Photo hourly_CHK log S150 Program END 

Create log file
2017-06-24 04:01:08Z Array Photo hourly_CHK log S250 Program Start
2017-06-24 04:01:08Z Array Photo hourly_CHK log S250 Program END 

Create log file
2017-06-24 04:01:09Z Array Photo hourly_CHK log S350 Program Start
2017-06-24 04:01:09Z Array Photo hourly_CHK log S350 Program END 

Create log file
2017-06-24 04:01:10Z Array Photo hourly_CHK log S450 Program Start
2017-06-24 04:01:10Z Array Photo hourly_CHK log S450 Program END 

Create log file
2017-06-24 04:01:11Z Array Photo hourly_CHK log S550 Program Start
2017-06-24 04:01:11Z Array Photo hourly_CHK log S550 Program END 

Create log file
2017-06-24 04:01:12Z Array Photo hourly_CHK log S850 Program Start
2017-06-24 04:01:12Z Array Photo hourly_CHK log S850 Program END 

Create log file
2017-06-24 04:03:00Z Array_test_repeat log  Program Start
2017-06-24 04:03:00Z Array_test_repeat log  Program END 

Create log file
2017-06-24 04:50:00Z OEE_IS_Hourly_Check_alarm  Program Start
2017-06-24 04:50:00Z OEE_IS_Hourly_Check_alarm  Program END 

Create log file
2017-06-24 04:50:00Z ALCS_Hourly_Check_Alarm log  Program Start
2017-06-24 04:50:00Z ALCS_Hourly_Check_Alarm log  Program END 

Create log file
2017-06-24 04:50:00Z ALCS_Hourly_Check_Alarm log Program Start
2017-06-24 04:50:00Z ALCS_Hourly_Check_Alarm log Program END 

Create log file
2017-06-24 04:50:00Z T1OEEDB_CHK log  Program Start
2017-06-24 04:50:00Z T1OEEDB_CHK log  Program END 

Create log file
2017-06-24 04:50:00Z T1OEEDB_CHK log End Program Start
2017-06-24 04:50:00Z T1OEEDB_CHK log End Program END 

Create log file
2017-06-24 04:50:00Z T1Alarm_Server_SELF_CHECK   Program Start
2017-06-24 04:50:00Z T1Alarm_Server_SELF_CHECK   Program END 

Create log file
2017-06-24 04:50:00Z OEE_0ATPT100_Hourly_Check_alarm_Start  Program Start
2017-06-24 04:50:00Z OEE_0ATPT100_Hourly_Check_alarm_Start  Program END 

Create log file
2017-06-24 05:01:00Z Array Photo hourly_CHK log 1150 Program Start
2017-06-24 05:01:00Z Array Photo hourly_CHK log 1150 Program END 

Create log file
2017-06-24 05:01:02Z Array Photo hourly_CHK log 1250 Program Start
2017-06-24 05:01:02Z Array Photo hourly_CHK log 1250 Program END 

Create log file
2017-06-24 05:01:04Z Array Photo hourly_CHK log 1350 Program Start
2017-06-24 05:01:04Z Array Photo hourly_CHK log 1350 Program END 

Create log file
2017-06-24 05:01:06Z Array Photo hourly_CHK log 1450 Program Start
2017-06-24 05:01:06Z Array Photo hourly_CHK log 1450 Program END 

Create log file
2017-06-24 05:01:07Z Array Photo hourly_CHK log 1650 Program Start
2017-06-24 05:01:07Z Array Photo hourly_CHK log 1650 Program END 

Create log file
2017-06-24 05:01:08Z Array Photo hourly_CHK log S150 Program Start
2017-06-24 05:01:08Z Array Photo hourly_CHK log S150 Program END 

Create log file
2017-06-24 05:01:09Z Array Photo hourly_CHK log S250 Program Start
2017-06-24 05:01:09Z Array Photo hourly_CHK log S250 Program END 

Create log file
2017-06-24 05:01:10Z Array Photo hourly_CHK log S350 Program Start
2017-06-24 05:01:10Z Array Photo hourly_CHK log S350 Program END 

Create log file
2017-06-24 05:01:10Z Array Photo hourly_CHK log S450 Program Start
2017-06-24 05:01:10Z Array Photo hourly_CHK log S450 Program END 

Create log file
2017-06-24 05:01:12Z Array Photo hourly_CHK log S550 Program Start
2017-06-24 05:01:12Z Array Photo hourly_CHK log S550 Program END 

Create log file
2017-06-24 05:01:13Z Array Photo hourly_CHK log S850 Program Start
2017-06-24 05:01:13Z Array Photo hourly_CHK log S850 Program END 

Create log file
2017-06-24 05:03:00Z Array_test_repeat log  Program Start
2017-06-24 05:03:00Z Array_test_repeat log  Program END 

Create log file
2017-06-24 05:30:00ZARY_HOLD_LOT Program Start
There are lots exceed process time for 24hrs, please check

There are lots exceed process time for 24hrs, please check

There are lots exceed process time for 24hrs, please check

There are lots exceed process time for 24hrs, please check

There are lots exceed process time for 24hrs, please check

There are lots exceed process time for 24hrs, please check

2017-06-24 05:32:54ZARY_HOLD_LOT Program End

Create log file
2017-06-24 05:50:00Z OEE_IS_Hourly_Check_alarm  Program Start
2017-06-24 05:50:00Z OEE_IS_Hourly_Check_alarm  Program END 

Create log file
2017-06-24 05:50:00Z ALCS_Hourly_Check_Alarm log  Program Start
2017-06-24 05:50:00Z ALCS_Hourly_Check_Alarm log  Program END 

Create log file
2017-06-24 05:50:00Z ALCS_Hourly_Check_Alarm log Program Start
2017-06-24 05:50:00Z ALCS_Hourly_Check_Alarm log Program END 

Create log file
2017-06-24 05:50:00Z T1OEEDB_CHK log  Program Start
2017-06-24 05:50:00Z T1OEEDB_CHK log  Program END 

Create log file
2017-06-24 05:50:00Z T1OEEDB_CHK log End Program Start
2017-06-24 05:50:00Z T1OEEDB_CHK log End Program END 

Create log file
2017-06-24 05:50:00Z T1Alarm_Server_SELF_CHECK   Program Start
2017-06-24 05:50:00Z T1Alarm_Server_SELF_CHECK   Program END 

Create log file
2017-06-24 05:50:00Z OEE_0ATPT100_Hourly_Check_alarm_Start  Program Start
2017-06-24 05:50:00Z OEE_0ATPT100_Hourly_Check_alarm_Start  Program END 

Create log file
2017-06-24 06:01:00Z Array Photo hourly_CHK log 1150 Program Start
2017-06-24 06:01:00Z Array Photo hourly_CHK log 1150 Program END 

Create log file
2017-06-24 06:01:05Z Array Photo hourly_CHK log 1250 Program Start
2017-06-24 06:01:05Z Array Photo hourly_CHK log 1250 Program END 

Create log file
2017-06-24 06:01:08Z Array Photo hourly_CHK log 1350 Program Start
2017-06-24 06:01:08Z Array Photo hourly_CHK log 1350 Program END 

Create log file
2017-06-24 06:01:12Z Array Photo hourly_CHK log 1450 Program Start
2017-06-24 06:01:12Z Array Photo hourly_CHK log 1450 Program END 

Create log file
2017-06-24 06:01:17Z Array Photo hourly_CHK log 1650 Program Start
2017-06-24 06:01:17Z Array Photo hourly_CHK log 1650 Program END 

Create log file
2017-06-24 06:01:18Z Array Photo hourly_CHK log S150 Program Start
2017-06-24 06:01:18Z Array Photo hourly_CHK log S150 Program END 

Create log file
2017-06-24 06:01:19Z Array Photo hourly_CHK log S250 Program Start
2017-06-24 06:01:19Z Array Photo hourly_CHK log S250 Program END 

Create log file
2017-06-24 06:01:20Z Array Photo hourly_CHK log S350 Program Start
2017-06-24 06:01:20Z Array Photo hourly_CHK log S350 Program END 

Create log file
2017-06-24 06:01:21Z Array Photo hourly_CHK log S450 Program Start
2017-06-24 06:01:21Z Array Photo hourly_CHK log S450 Program END 

Create log file
2017-06-24 06:01:22Z Array Photo hourly_CHK log S550 Program Start
2017-06-24 06:01:22Z Array Photo hourly_CHK log S550 Program END 

Create log file
2017-06-24 06:01:22Z Array Photo hourly_CHK log S850 Program Start
2017-06-24 06:01:22Z Array Photo hourly_CHK log S850 Program END 

Create log file
2017-06-24 06:03:00Z Array_test_repeat log  Program Start
2017-06-24 06:03:00Z Array_test_repeat log  Program END 

Create log file
2017-06-24 06:50:00Z OEE_IS_Hourly_Check_alarm  Program Start
2017-06-24 06:50:00Z OEE_IS_Hourly_Check_alarm  Program END 

Create log file
2017-06-24 06:50:00Z ALCS_Hourly_Check_Alarm log  Program Start
2017-06-24 06:50:00Z ALCS_Hourly_Check_Alarm log  Program END 

Create log file
2017-06-24 06:50:00Z ALCS_Hourly_Check_Alarm log Program Start
2017-06-24 06:50:00Z ALCS_Hourly_Check_Alarm log Program END 

Create log file
2017-06-24 06:50:00Z T1OEEDB_CHK log  Program Start
2017-06-24 06:50:00Z T1OEEDB_CHK log  Program END 

Create log file
2017-06-24 06:50:00Z T1OEEDB_CHK log End Program Start
2017-06-24 06:50:00Z T1OEEDB_CHK log End Program END 

Create log file
2017-06-24 06:50:00Z T1Alarm_Server_SELF_CHECK   Program Start
2017-06-24 06:50:00Z T1Alarm_Server_SELF_CHECK   Program END 

Create log file
2017-06-24 06:50:01Z OEE_0ATPT100_Hourly_Check_alarm_Start  Program Start
2017-06-24 06:50:01Z OEE_0ATPT100_Hourly_Check_alarm_Start  Program END 

Create log file
2017-06-24 07:01:00Z Array Photo hourly_CHK log 1150 Program Start
2017-06-24 07:01:00Z Array Photo hourly_CHK log 1150 Program END 

Create log file
2017-06-24 07:01:03Z Array Photo hourly_CHK log 1250 Program Start
2017-06-24 07:01:03Z Array Photo hourly_CHK log 1250 Program END 

Create log file
2017-06-24 07:01:05Z Array Photo hourly_CHK log 1350 Program Start
2017-06-24 07:01:05Z Array Photo hourly_CHK log 1350 Program END 

Create log file
2017-06-24 07:01:07Z Array Photo hourly_CHK log 1450 Program Start
2017-06-24 07:01:07Z Array Photo hourly_CHK log 1450 Program END 

Create log file
2017-06-24 07:01:08Z Array Photo hourly_CHK log 1650 Program Start
2017-06-24 07:01:08Z Array Photo hourly_CHK log 1650 Program END 

Create log file
2017-06-24 07:01:10Z Array Photo hourly_CHK log S150 Program Start
2017-06-24 07:01:10Z Array Photo hourly_CHK log S150 Program END 

Create log file
2017-06-24 07:01:11Z Array Photo hourly_CHK log S250 Program Start
2017-06-24 07:01:11Z Array Photo hourly_CHK log S250 Program END 

Create log file
2017-06-24 07:01:11Z Array Photo hourly_CHK log S350 Program Start
2017-06-24 07:01:11Z Array Photo hourly_CHK log S350 Program END 

Create log file
2017-06-24 07:01:12Z Array Photo hourly_CHK log S450 Program Start
2017-06-24 07:01:12Z Array Photo hourly_CHK log S450 Program END 

Create log file
2017-06-24 07:01:13Z Array Photo hourly_CHK log S550 Program Start
2017-06-24 07:01:13Z Array Photo hourly_CHK log S550 Program END 

Create log file
2017-06-24 07:01:14Z Array Photo hourly_CHK log S850 Program Start
2017-06-24 07:01:14Z Array Photo hourly_CHK log S850 Program END 

Create log file
2017-06-24 07:03:00Z Array_test_repeat log  Program Start
2017-06-24 07:03:00Z Array_test_repeat log  Program END 

Create log file
2017-06-24 07:50:00Z OEE_IS_Hourly_Check_alarm  Program Start
2017-06-24 07:50:00Z OEE_IS_Hourly_Check_alarm  Program END 

Create log file
2017-06-24 07:50:00Z ALCS_Hourly_Check_Alarm log  Program Start
2017-06-24 07:50:00Z ALCS_Hourly_Check_Alarm log  Program END 

Create log file
2017-06-24 07:50:00Z ALCS_Hourly_Check_Alarm log Program Start
2017-06-24 07:50:00Z ALCS_Hourly_Check_Alarm log Program END 

Create log file
2017-06-24 07:50:00Z T1OEEDB_CHK log  Program Start
2017-06-24 07:50:00Z T1OEEDB_CHK log  Program END 

Create log file
2017-06-24 07:50:00Z T1OEEDB_CHK log End Program Start
2017-06-24 07:50:00Z T1OEEDB_CHK log End Program END 

Create log file
2017-06-24 07:50:00Z T1Alarm_Server_SELF_CHECK   Program Start
2017-06-24 07:50:00Z T1Alarm_Server_SELF_CHECK   Program END 

Create log file
2017-06-24 07:50:01Z OEE_0ATPT100_Hourly_Check_alarm_Start  Program Start
2017-06-24 07:50:01Z OEE_0ATPT100_Hourly_Check_alarm_Start  Program END 

Create log file
2017-06-24 08:01:00Z Array Photo hourly_CHK log 1150 Program Start
2017-06-24 08:01:00Z Array Photo hourly_CHK log 1150 Program END 

Create log file
2017-06-24 08:01:03Z Array Photo hourly_CHK log 1250 Program Start
2017-06-24 08:01:03Z Array Photo hourly_CHK log 1250 Program END 

Create log file
2017-06-24 08:01:05Z Array Photo hourly_CHK log 1350 Program Start
2017-06-24 08:01:05Z Array Photo hourly_CHK log 1350 Program END 

Create log file
2017-06-24 08:01:06Z Array Photo hourly_CHK log 1450 Program Start
2017-06-24 08:01:06Z Array Photo hourly_CHK log 1450 Program END 

Create log file
2017-06-24 08:01:08Z Array Photo hourly_CHK log 1650 Program Start
2017-06-24 08:01:08Z Array Photo hourly_CHK log 1650 Program END 

Create log file
2017-06-24 08:01:09Z Array Photo hourly_CHK log S150 Program Start
2017-06-24 08:01:09Z Array Photo hourly_CHK log S150 Program END 

Create log file
2017-06-24 08:01:10Z Array Photo hourly_CHK log S250 Program Start
2017-06-24 08:01:10Z Array Photo hourly_CHK log S250 Program END 

Create log file
2017-06-24 08:01:10Z Array Photo hourly_CHK log S350 Program Start
2017-06-24 08:01:10Z Array Photo hourly_CHK log S350 Program END 

Create log file
2017-06-24 08:01:11Z Array Photo hourly_CHK log S450 Program Start
2017-06-24 08:01:11Z Array Photo hourly_CHK log S450 Program END 

Create log file
2017-06-24 08:01:12Z Array Photo hourly_CHK log S550 Program Start
2017-06-24 08:01:12Z Array Photo hourly_CHK log S550 Program END 

Create log file
2017-06-24 08:01:13Z Array Photo hourly_CHK log S850 Program Start
2017-06-24 08:01:13Z Array Photo hourly_CHK log S850 Program END 

Create log file
2017-06-24 08:02:03Z Check_Onduty_Time From Onduty_dotnet2  Program Start
2017-06-24 08:02:03Z Check_Onduty_Time From Onduty_dotnet2  Program END 

Create log file
2017-06-24 08:03:00Z Array_test_repeat log  Program Start
2017-06-24 08:03:00Z Array_test_repeat log  Program END 

Create log file
2017-06-24 08:07:02Z Check_Onduty_Time From Onduty_dotnet2  Program Start
2017-06-24 08:07:02Z Check_Onduty_Time From Onduty_dotnet2  Program END 

Create log file
2017-06-24 08:10:00Z EDA_FILE_TODR Program Start
2017-06-24 08:10:00Z EDA_FILE_TODR Program END 

Create log file
2017-06-24 08:12:08Z Check_Onduty_Time From Onduty_dotnet2  Program Start
2017-06-24 08:12:08Z Check_Onduty_Time From Onduty_dotnet2  Program END 

Create log file
2017-06-24 08:32:00ZOEE_EQP_SMS Program Start
Holiday_OEE_EQP_T0A_SMS log finish

Holiday_OEE_EQP_T1A_SMS log finish

Holiday_OEE_EQP_T1C_SMS log finish

Holiday_OEE_EQP_T1F_SMS log finish

2017-06-24 08:32:01ZOEE_EQP_SMS Program End

Create log file
2017-06-24 08:50:00Z OEE_IS_Hourly_Check_alarm  Program Start
2017-06-24 08:50:00Z OEE_IS_Hourly_Check_alarm  Program END 

Create log file
2017-06-24 08:50:00Z ALCS_Hourly_Check_Alarm log  Program Start
2017-06-24 08:50:00Z ALCS_Hourly_Check_Alarm log  Program END 

Create log file
2017-06-24 08:50:00Z ALCS_Hourly_Check_Alarm log Program Start
2017-06-24 08:50:00Z ALCS_Hourly_Check_Alarm log Program END 

Create log file
2017-06-24 08:50:00Z T1OEEDB_CHK log  Program Start
2017-06-24 08:50:00Z T1OEEDB_CHK log  Program END 

Create log file
2017-06-24 08:50:00Z T1OEEDB_CHK log End Program Start
2017-06-24 08:50:00Z T1OEEDB_CHK log End Program END 

Create log file
2017-06-24 08:50:00Z T1Alarm_Server_SELF_CHECK   Program Start
2017-06-24 08:50:00Z T1Alarm_Server_SELF_CHECK   Program END 

Create log file
2017-06-24 08:50:00Z SERVER_SELF_CHECK Program Start
SMS log finish

2017-06-24 08:50:00Z SERVER_SELF_CHECK Program End

Create log file
2017-06-24 08:50:00Z OEE_0ATPT100_Hourly_Check_alarm_Start  Program Start
2017-06-24 08:50:00Z OEE_0ATPT100_Hourly_Check_alarm_Start  Program END 

Create log file
2017-06-24 09:01:00Z Array Photo hourly_CHK log 1150 Program Start
2017-06-24 09:01:00Z Array Photo hourly_CHK log 1150 Program END 

Create log file
2017-06-24 09:01:03Z Array Photo hourly_CHK log 1250 Program Start
2017-06-24 09:01:03Z Array Photo hourly_CHK log 1250 Program END 

Create log file
2017-06-24 09:01:05Z Array Photo hourly_CHK log 1350 Program Start
2017-06-24 09:01:05Z Array Photo hourly_CHK log 1350 Program END 

Create log file
2017-06-24 09:01:07Z Array Photo hourly_CHK log 1450 Program Start
2017-06-24 09:01:07Z Array Photo hourly_CHK log 1450 Program END 

Create log file
2017-06-24 09:01:08Z Array Photo hourly_CHK log 1650 Program Start
2017-06-24 09:01:08Z Array Photo hourly_CHK log 1650 Program END 

Create log file
2017-06-24 09:01:10Z Array Photo hourly_CHK log S150 Program Start
2017-06-24 09:01:10Z Array Photo hourly_CHK log S150 Program END 

Create log file
2017-06-24 09:01:11Z Array Photo hourly_CHK log S250 Program Start
2017-06-24 09:01:11Z Array Photo hourly_CHK log S250 Program END 

Create log file
2017-06-24 09:01:12Z Array Photo hourly_CHK log S350 Program Start
2017-06-24 09:01:12Z Array Photo hourly_CHK log S350 Program END 

Create log file
2017-06-24 09:01:14Z Array Photo hourly_CHK log S450 Program Start
2017-06-24 09:01:14Z Array Photo hourly_CHK log S450 Program END 

Create log file
2017-06-24 09:01:15Z Array Photo hourly_CHK log S550 Program Start
2017-06-24 09:01:15Z Array Photo hourly_CHK log S550 Program END 

Create log file
2017-06-24 09:01:16Z Array Photo hourly_CHK log S850 Program Start
2017-06-24 09:01:16Z Array Photo hourly_CHK log S850 Program END 

Create log file
2017-06-24 09:03:00Z Array_test_repeat log  Program Start
2017-06-24 09:03:00Z Array_test_repeat log  Program END 

Create log file
2017-06-24 09:30:00ZARY_HOLD_LOT Program Start
There are lots exceed process time for 24hrs, please check

There are lots exceed process time for 24hrs, please check

There are lots exceed process time for 24hrs, please check

There are lots exceed process time for 24hrs, please check

There are lots exceed process time for 24hrs, please check

There are lots exceed process time for 24hrs, please check

There are lots exceed process time for 24hrs, please check

2017-06-24 09:31:19ZARY_HOLD_LOT Program End

Create log file
2017-06-24 09:50:00Z OEE_IS_Hourly_Check_alarm  Program Start
2017-06-24 09:50:00Z OEE_IS_Hourly_Check_alarm  Program END 

Create log file
2017-06-24 09:50:00Z ALCS_Hourly_Check_Alarm log  Program Start
2017-06-24 09:50:00Z ALCS_Hourly_Check_Alarm log  Program END 

Create log file
2017-06-24 09:50:00Z ALCS_Hourly_Check_Alarm log Program Start
2017-06-24 09:50:00Z ALCS_Hourly_Check_Alarm log Program END 

Create log file
2017-06-24 09:50:00Z T1OEEDB_CHK log  Program Start
2017-06-24 09:50:00Z T1OEEDB_CHK log  Program END 

Create log file
2017-06-24 09:50:00Z T1OEEDB_CHK log End Program Start
2017-06-24 09:50:00Z T1OEEDB_CHK log End Program END 

Create log file
2017-06-24 09:50:00Z T1Alarm_Server_SELF_CHECK   Program Start
2017-06-24 09:50:00Z T1Alarm_Server_SELF_CHECK   Program END 

Create log file
2017-06-24 09:50:01Z SERVER_SELF_CHECK Program Start
SMS log finish

2017-06-24 09:50:01Z SERVER_SELF_CHECK Program End

Create log file
2017-06-24 09:50:01Z OEE_0ATPT100_Hourly_Check_alarm_Start  Program Start
2017-06-24 09:50:01Z OEE_0ATPT100_Hourly_Check_alarm_Start  Program END 

Create log file
2017-06-24 10:01:00Z Array Photo hourly_CHK log 1150 Program Start
2017-06-24 10:01:00Z Array Photo hourly_CHK log 1150 Program END 

Create log file
2017-06-24 10:01:01Z Array Photo hourly_CHK log 1250 Program Start
2017-06-24 10:01:01Z Array Photo hourly_CHK log 1250 Program END 

Create log file
2017-06-24 10:01:03Z Array Photo hourly_CHK log 1350 Program Start
2017-06-24 10:01:03Z Array Photo hourly_CHK log 1350 Program END 

Create log file
2017-06-24 10:01:04Z Array Photo hourly_CHK log 1450 Program Start
2017-06-24 10:01:04Z Array Photo hourly_CHK log 1450 Program END 

Create log file
2017-06-24 10:01:05Z Array Photo hourly_CHK log 1650 Program Start
2017-06-24 10:01:05Z Array Photo hourly_CHK log 1650 Program END 

Create log file
2017-06-24 10:01:07Z Array Photo hourly_CHK log S150 Program Start
2017-06-24 10:01:07Z Array Photo hourly_CHK log S150 Program END 

Create log file
2017-06-24 10:01:08Z Array Photo hourly_CHK log S250 Program Start
2017-06-24 10:01:08Z Array Photo hourly_CHK log S250 Program END 

Create log file
2017-06-24 10:01:08Z Array Photo hourly_CHK log S350 Program Start
2017-06-24 10:01:08Z Array Photo hourly_CHK log S350 Program END 

Create log file
2017-06-24 10:01:09Z Array Photo hourly_CHK log S450 Program Start
2017-06-24 10:01:09Z Array Photo hourly_CHK log S450 Program END 

Create log file
2017-06-24 10:01:10Z Array Photo hourly_CHK log S550 Program Start
2017-06-24 10:01:10Z Array Photo hourly_CHK log S550 Program END 

Create log file
2017-06-24 10:01:10Z Array Photo hourly_CHK log S850 Program Start
2017-06-24 10:01:10Z Array Photo hourly_CHK log S850 Program END 

Create log file
2017-06-24 10:03:00Z Array_test_repeat log  Program Start
2017-06-24 10:03:00Z Array_test_repeat log  Program END 

Create log file
2017-06-24 10:50:00Z OEE_IS_Hourly_Check_alarm  Program Start
2017-06-24 10:50:00Z OEE_IS_Hourly_Check_alarm  Program END 

Create log file
2017-06-24 10:50:00Z ALCS_Hourly_Check_Alarm log  Program Start
2017-06-24 10:50:00Z ALCS_Hourly_Check_Alarm log  Program END 

Create log file
2017-06-24 10:50:00Z ALCS_Hourly_Check_Alarm log Program Start
2017-06-24 10:50:00Z ALCS_Hourly_Check_Alarm log Program END 

Create log file
2017-06-24 10:50:00Z T1OEEDB_CHK log  Program Start
2017-06-24 10:50:00Z T1OEEDB_CHK log  Program END 

Create log file
2017-06-24 10:50:00Z T1OEEDB_CHK log End Program Start
2017-06-24 10:50:00Z T1OEEDB_CHK log End Program END 

Create log file
2017-06-24 10:50:00Z T1Alarm_Server_SELF_CHECK   Program Start
2017-06-24 10:50:00Z T1Alarm_Server_SELF_CHECK   Program END 

Create log file
2017-06-24 10:50:00Z SERVER_SELF_CHECK Program Start
SMS log finish

2017-06-24 10:50:01Z SERVER_SELF_CHECK Program End

Create log file
2017-06-24 10:50:01Z OEE_0ATPT100_Hourly_Check_alarm_Start  Program Start
2017-06-24 10:50:01Z OEE_0ATPT100_Hourly_Check_alarm_Start  Program END 

Create log file
2017-06-24 11:01:00Z Array Photo hourly_CHK log 1150 Program Start
2017-06-24 11:01:00Z Array Photo hourly_CHK log 1150 Program END 

Create log file
2017-06-24 11:01:03Z Array Photo hourly_CHK log 1250 Program Start
2017-06-24 11:01:03Z Array Photo hourly_CHK log 1250 Program END 

Create log file
2017-06-24 11:01:07Z Array Photo hourly_CHK log 1350 Program Start
2017-06-24 11:01:07Z Array Photo hourly_CHK log 1350 Program END 

Create log file
2017-06-24 11:01:08Z Array Photo hourly_CHK log 1450 Program Start
2017-06-24 11:01:08Z Array Photo hourly_CHK log 1450 Program END 

Create log file
2017-06-24 11:01:10Z Array Photo hourly_CHK log 1650 Program Start
2017-06-24 11:01:10Z Array Photo hourly_CHK log 1650 Program END 

Create log file
2017-06-24 11:01:11Z Array Photo hourly_CHK log S150 Program Start
2017-06-24 11:01:11Z Array Photo hourly_CHK log S150 Program END 

Create log file
2017-06-24 11:01:12Z Array Photo hourly_CHK log S250 Program Start
2017-06-24 11:01:12Z Array Photo hourly_CHK log S250 Program END 

Create log file
2017-06-24 11:01:12Z Array Photo hourly_CHK log S350 Program Start
2017-06-24 11:01:12Z Array Photo hourly_CHK log S350 Program END 

Create log file
2017-06-24 11:01:13Z Array Photo hourly_CHK log S450 Program Start
2017-06-24 11:01:13Z Array Photo hourly_CHK log S450 Program END 

Create log file
2017-06-24 11:01:14Z Array Photo hourly_CHK log S550 Program Start
2017-06-24 11:01:14Z Array Photo hourly_CHK log S550 Program END 

Create log file
2017-06-24 11:01:15Z Array Photo hourly_CHK log S850 Program Start
2017-06-24 11:01:15Z Array Photo hourly_CHK log S850 Program END 

Create log file
2017-06-24 11:03:00Z Array_test_repeat log  Program Start
2017-06-24 11:03:00Z Array_test_repeat log  Program END 

Create log file
2017-06-24 11:50:00Z OEE_IS_Hourly_Check_alarm  Program Start
2017-06-24 11:50:00Z OEE_IS_Hourly_Check_alarm  Program END 

Create log file
2017-06-24 11:50:00Z ALCS_Hourly_Check_Alarm log  Program Start
2017-06-24 11:50:00Z ALCS_Hourly_Check_Alarm log  Program END 

Create log file
2017-06-24 11:50:00Z ALCS_Hourly_Check_Alarm log Program Start
2017-06-24 11:50:00Z ALCS_Hourly_Check_Alarm log Program END 

Create log file
2017-06-24 11:50:00Z T1OEEDB_CHK log  Program Start
2017-06-24 11:50:00Z T1OEEDB_CHK log  Program END 

Create log file
2017-06-24 11:50:00Z T1OEEDB_CHK log End Program Start
2017-06-24 11:50:00Z T1OEEDB_CHK log End Program END 

Create log file
2017-06-24 11:50:00Z T1Alarm_Server_SELF_CHECK   Program Start
2017-06-24 11:50:00Z T1Alarm_Server_SELF_CHECK   Program END 

Create log file
2017-06-24 11:50:01Z SERVER_SELF_CHECK Program Start
SMS log finish

2017-06-24 11:50:01Z SERVER_SELF_CHECK Program End

Create log file
2017-06-24 11:50:01Z OEE_0ATPT100_Hourly_Check_alarm_Start  Program Start
2017-06-24 11:50:01Z OEE_0ATPT100_Hourly_Check_alarm_Start  Program END 

Create log file
2017-06-24 12:01:00Z Array Photo hourly_CHK log 1150 Program Start
2017-06-24 12:01:00Z Array Photo hourly_CHK log 1150 Program END 

Create log file
2017-06-24 12:01:01Z Array Photo hourly_CHK log 1250 Program Start
2017-06-24 12:01:01Z Array Photo hourly_CHK log 1250 Program END 

Create log file
2017-06-24 12:01:03Z Array Photo hourly_CHK log 1350 Program Start
2017-06-24 12:01:03Z Array Photo hourly_CHK log 1350 Program END 

Create log file
2017-06-24 12:01:04Z Array Photo hourly_CHK log 1450 Program Start
2017-06-24 12:01:04Z Array Photo hourly_CHK log 1450 Program END 

Create log file
2017-06-24 12:01:06Z Array Photo hourly_CHK log 1650 Program Start
2017-06-24 12:01:06Z Array Photo hourly_CHK log 1650 Program END 

Create log file
2017-06-24 12:01:07Z Array Photo hourly_CHK log S150 Program Start
2017-06-24 12:01:07Z Array Photo hourly_CHK log S150 Program END 

Create log file
2017-06-24 12:01:08Z Array Photo hourly_CHK log S250 Program Start
2017-06-24 12:01:08Z Array Photo hourly_CHK log S250 Program END 

Create log file
2017-06-24 12:01:09Z Array Photo hourly_CHK log S350 Program Start
2017-06-24 12:01:09Z Array Photo hourly_CHK log S350 Program END 

Create log file
2017-06-24 12:01:09Z Array Photo hourly_CHK log S450 Program Start
2017-06-24 12:01:09Z Array Photo hourly_CHK log S450 Program END 

Create log file
2017-06-24 12:01:10Z Array Photo hourly_CHK log S550 Program Start
2017-06-24 12:01:10Z Array Photo hourly_CHK log S550 Program END 

Create log file
2017-06-24 12:01:11Z Array Photo hourly_CHK log S850 Program Start
2017-06-24 12:01:11Z Array Photo hourly_CHK log S850 Program END 

Create log file
2017-06-24 12:03:00Z Array_test_repeat log  Program Start
2017-06-24 12:03:00Z Array_test_repeat log  Program END 

Create log file
2017-06-24 12:50:00Z OEE_IS_Hourly_Check_alarm  Program Start
2017-06-24 12:50:00Z OEE_IS_Hourly_Check_alarm  Program END 

Create log file
2017-06-24 12:50:00Z ALCS_Hourly_Check_Alarm log  Program Start
2017-06-24 12:50:00Z ALCS_Hourly_Check_Alarm log  Program END 

Create log file
2017-06-24 12:50:00Z ALCS_Hourly_Check_Alarm log Program Start
2017-06-24 12:50:00Z ALCS_Hourly_Check_Alarm log Program END 

Create log file
2017-06-24 12:50:00Z T1OEEDB_CHK log  Program Start
2017-06-24 12:50:00Z T1OEEDB_CHK log  Program END 

Create log file
2017-06-24 12:50:00Z T1OEEDB_CHK log End Program Start
2017-06-24 12:50:00Z T1OEEDB_CHK log End Program END 

Create log file
2017-06-24 12:50:00Z T1Alarm_Server_SELF_CHECK   Program Start
2017-06-24 12:50:00Z T1Alarm_Server_SELF_CHECK   Program END 

Create log file
2017-06-24 12:50:00Z SERVER_SELF_CHECK Program Start
SMS log finish

2017-06-24 12:50:01Z SERVER_SELF_CHECK Program End

Create log file
2017-06-24 12:50:01Z OEE_0ATPT100_Hourly_Check_alarm_Start  Program Start
2017-06-24 12:50:01Z OEE_0ATPT100_Hourly_Check_alarm_Start  Program END 

Create log file
2017-06-24 13:01:00Z Array Photo hourly_CHK log 1150 Program Start
2017-06-24 13:01:00Z Array Photo hourly_CHK log 1150 Program END 

Create log file
2017-06-24 13:01:01Z Array Photo hourly_CHK log 1250 Program Start
2017-06-24 13:01:01Z Array Photo hourly_CHK log 1250 Program END 

Create log file
2017-06-24 13:01:03Z Array Photo hourly_CHK log 1350 Program Start
2017-06-24 13:01:03Z Array Photo hourly_CHK log 1350 Program END 

Create log file
2017-06-24 13:01:05Z Array Photo hourly_CHK log 1450 Program Start
2017-06-24 13:01:05Z Array Photo hourly_CHK log 1450 Program END 

Create log file
2017-06-24 13:01:06Z Array Photo hourly_CHK log 1650 Program Start
2017-06-24 13:01:06Z Array Photo hourly_CHK log 1650 Program END 

Create log file
2017-06-24 13:01:08Z Array Photo hourly_CHK log S150 Program Start
2017-06-24 13:01:08Z Array Photo hourly_CHK log S150 Program END 

Create log file
2017-06-24 13:01:09Z Array Photo hourly_CHK log S250 Program Start
2017-06-24 13:01:09Z Array Photo hourly_CHK log S250 Program END 

Create log file
2017-06-24 13:01:09Z Array Photo hourly_CHK log S350 Program Start
2017-06-24 13:01:09Z Array Photo hourly_CHK log S350 Program END 

Create log file
2017-06-24 13:01:10Z Array Photo hourly_CHK log S450 Program Start
2017-06-24 13:01:10Z Array Photo hourly_CHK log S450 Program END 

Create log file
2017-06-24 13:01:11Z Array Photo hourly_CHK log S550 Program Start
2017-06-24 13:01:11Z Array Photo hourly_CHK log S550 Program END 

Create log file
2017-06-24 13:01:11Z Array Photo hourly_CHK log S850 Program Start
2017-06-24 13:01:11Z Array Photo hourly_CHK log S850 Program END 

Create log file
2017-06-24 13:03:00Z Array_test_repeat log  Program Start
2017-06-24 13:03:00Z Array_test_repeat log  Program END 

Create log file
2017-06-24 13:30:00ZARY_HOLD_LOT Program Start
There are lots exceed process time for 24hrs, please check

There are lots exceed process time for 24hrs, please check

There are lots exceed process time for 24hrs, please check

There are lots exceed process time for 24hrs, please check

There are lots exceed process time for 24hrs, please check

There are lots exceed process time for 24hrs, please check

There are lots exceed process time for 24hrs, please check

There are lots exceed process time for 24hrs, please check

There are lots exceed process time for 24hrs, please check

There are lots exceed process time for 24hrs, please check

There are lots exceed process time for 24hrs, please check

There are lots exceed process time for 24hrs, please check

There are lots exceed process time for 24hrs, please check

2017-06-24 13:31:07ZARY_HOLD_LOT Program End

Create log file
2017-06-24 13:50:00Z OEE_IS_Hourly_Check_alarm  Program Start
2017-06-24 13:50:00Z OEE_IS_Hourly_Check_alarm  Program END 

Create log file
2017-06-24 13:50:00Z ALCS_Hourly_Check_Alarm log  Program Start
2017-06-24 13:50:00Z ALCS_Hourly_Check_Alarm log  Program END 

Create log file
2017-06-24 13:50:00Z ALCS_Hourly_Check_Alarm log Program Start
2017-06-24 13:50:00Z ALCS_Hourly_Check_Alarm log Program END 

Create log file
2017-06-24 13:50:00Z T1OEEDB_CHK log  Program Start
2017-06-24 13:50:00Z T1OEEDB_CHK log  Program END 

Create log file
2017-06-24 13:50:00Z T1OEEDB_CHK log End Program Start
2017-06-24 13:50:00Z T1OEEDB_CHK log End Program END 

Create log file
2017-06-24 13:50:00Z T1Alarm_Server_SELF_CHECK   Program Start
2017-06-24 13:50:00Z T1Alarm_Server_SELF_CHECK   Program END 

Create log file
2017-06-24 13:50:00Z SERVER_SELF_CHECK Program Start
SMS log finish

2017-06-24 13:50:01Z SERVER_SELF_CHECK Program End

Create log file
2017-06-24 13:50:01Z OEE_0ATPT100_Hourly_Check_alarm_Start  Program Start
2017-06-24 13:50:01Z OEE_0ATPT100_Hourly_Check_alarm_Start  Program END 

Create log file
2017-06-24 14:01:00Z Array Photo hourly_CHK log 1150 Program Start
2017-06-24 14:01:00Z Array Photo hourly_CHK log 1150 Program END 

Create log file
2017-06-24 14:01:02Z Array Photo hourly_CHK log 1250 Program Start
2017-06-24 14:01:02Z Array Photo hourly_CHK log 1250 Program END 

Create log file
2017-06-24 14:01:04Z Array Photo hourly_CHK log 1350 Program Start
2017-06-24 14:01:04Z Array Photo hourly_CHK log 1350 Program END 

Create log file
2017-06-24 14:01:05Z Array Photo hourly_CHK log 1450 Program Start
2017-06-24 14:01:05Z Array Photo hourly_CHK log 1450 Program END 

Create log file
2017-06-24 14:01:07Z Array Photo hourly_CHK log 1650 Program Start
2017-06-24 14:01:07Z Array Photo hourly_CHK log 1650 Program END 

Create log file
2017-06-24 14:01:09Z Array Photo hourly_CHK log S150 Program Start
2017-06-24 14:01:09Z Array Photo hourly_CHK log S150 Program END 

Create log file
2017-06-24 14:01:09Z Array Photo hourly_CHK log S250 Program Start
2017-06-24 14:01:09Z Array Photo hourly_CHK log S250 Program END 

Create log file
2017-06-24 14:01:10Z Array Photo hourly_CHK log S350 Program Start
2017-06-24 14:01:10Z Array Photo hourly_CHK log S350 Program END 

Create log file
2017-06-24 14:01:11Z Array Photo hourly_CHK log S450 Program Start
2017-06-24 14:01:11Z Array Photo hourly_CHK log S450 Program END 

Create log file
2017-06-24 14:01:12Z Array Photo hourly_CHK log S550 Program Start
2017-06-24 14:01:12Z Array Photo hourly_CHK log S550 Program END 

Create log file
2017-06-24 14:01:12Z Array Photo hourly_CHK log S850 Program Start
2017-06-24 14:01:12Z Array Photo hourly_CHK log S850 Program END 

Create log file
2017-06-24 14:03:00Z Array_test_repeat log  Program Start
2017-06-24 14:03:00Z Array_test_repeat log  Program END 

Create log file
2017-06-24 14:50:00Z OEE_IS_Hourly_Check_alarm  Program Start
2017-06-24 14:50:00Z OEE_IS_Hourly_Check_alarm  Program END 

Create log file
2017-06-24 14:50:00Z ALCS_Hourly_Check_Alarm log  Program Start
2017-06-24 14:50:00Z ALCS_Hourly_Check_Alarm log  Program END 

Create log file
2017-06-24 14:50:00Z ALCS_Hourly_Check_Alarm log Program Start
2017-06-24 14:50:00Z ALCS_Hourly_Check_Alarm log Program END 

Create log file
2017-06-24 14:50:00Z T1OEEDB_CHK log  Program Start
2017-06-24 14:50:00Z T1OEEDB_CHK log  Program END 

Create log file
2017-06-24 14:50:00Z T1OEEDB_CHK log End Program Start
2017-06-24 14:50:00Z T1OEEDB_CHK log End Program END 

Create log file
2017-06-24 14:50:00Z T1Alarm_Server_SELF_CHECK   Program Start
2017-06-24 14:50:00Z T1Alarm_Server_SELF_CHECK   Program END 

Create log file
2017-06-24 14:50:00Z SERVER_SELF_CHECK Program Start
SMS log finish

2017-06-24 14:50:01Z SERVER_SELF_CHECK Program End

Create log file
2017-06-24 14:50:01Z OEE_0ATPT100_Hourly_Check_alarm_Start  Program Start
2017-06-24 14:50:01Z OEE_0ATPT100_Hourly_Check_alarm_Start  Program END 

Create log file
2017-06-24 15:01:00Z Array Photo hourly_CHK log 1150 Program Start
2017-06-24 15:01:00Z Array Photo hourly_CHK log 1150 Program END 

Create log file
2017-06-24 15:01:04Z Array Photo hourly_CHK log 1250 Program Start
2017-06-24 15:01:04Z Array Photo hourly_CHK log 1250 Program END 

Create log file
2017-06-24 15:01:07Z Array Photo hourly_CHK log 1350 Program Start
2017-06-24 15:01:07Z Array Photo hourly_CHK log 1350 Program END 

Create log file
2017-06-24 15:01:10Z Array Photo hourly_CHK log 1450 Program Start
2017-06-24 15:01:10Z Array Photo hourly_CHK log 1450 Program END 

Create log file
2017-06-24 15:01:12Z Array Photo hourly_CHK log 1650 Program Start
2017-06-24 15:01:12Z Array Photo hourly_CHK log 1650 Program END 

Create log file
2017-06-24 15:01:15Z Array Photo hourly_CHK log S150 Program Start
2017-06-24 15:01:15Z Array Photo hourly_CHK log S150 Program END 

Create log file
2017-06-24 15:01:17Z Array Photo hourly_CHK log S250 Program Start
2017-06-24 15:01:17Z Array Photo hourly_CHK log S250 Program END 

Create log file
2017-06-24 15:01:20Z Array Photo hourly_CHK log S350 Program Start
2017-06-24 15:01:20Z Array Photo hourly_CHK log S350 Program END 

Create log file
2017-06-24 15:01:22Z Array Photo hourly_CHK log S450 Program Start
2017-06-24 15:01:22Z Array Photo hourly_CHK log S450 Program END 

Create log file
2017-06-24 15:01:23Z Array Photo hourly_CHK log S550 Program Start
2017-06-24 15:01:23Z Array Photo hourly_CHK log S550 Program END 

Create log file
2017-06-24 15:01:25Z Array Photo hourly_CHK log S850 Program Start
2017-06-24 15:01:25Z Array Photo hourly_CHK log S850 Program END 

Create log file
2017-06-24 15:03:00Z Array_test_repeat log  Program Start
2017-06-24 15:03:00Z Array_test_repeat log  Program END 

Create log file
2017-06-24 15:50:00Z OEE_IS_Hourly_Check_alarm  Program Start
2017-06-24 15:50:00Z OEE_IS_Hourly_Check_alarm  Program END 

Create log file
2017-06-24 15:50:00Z ALCS_Hourly_Check_Alarm log  Program Start
2017-06-24 15:50:00Z ALCS_Hourly_Check_Alarm log  Program END 

Create log file
2017-06-24 15:50:00Z ALCS_Hourly_Check_Alarm log Program Start
2017-06-24 15:50:00Z ALCS_Hourly_Check_Alarm log Program END 

Create log file
2017-06-24 15:50:00Z T1OEEDB_CHK log  Program Start
2017-06-24 15:50:00Z T1OEEDB_CHK log  Program END 

Create log file
2017-06-24 15:50:00Z T1OEEDB_CHK log End Program Start
2017-06-24 15:50:00Z T1OEEDB_CHK log End Program END 

Create log file
2017-06-24 15:50:00Z T1Alarm_Server_SELF_CHECK   Program Start
2017-06-24 15:50:00Z T1Alarm_Server_SELF_CHECK   Program END 

Create log file
2017-06-24 15:50:01Z OEE_0ATPT100_Hourly_Check_alarm_Start  Program Start
2017-06-24 15:50:01Z OEE_0ATPT100_Hourly_Check_alarm_Start  Program END 

Create log file
2017-06-24 16:01:00Z Array Photo hourly_CHK log 1150 Program Start
2017-06-24 16:01:00Z Array Photo hourly_CHK log 1150 Program END 

Create log file
2017-06-24 16:01:01Z Array Photo hourly_CHK log 1250 Program Start
2017-06-24 16:01:01Z Array Photo hourly_CHK log 1250 Program END 

Create log file
2017-06-24 16:01:02Z Array Photo hourly_CHK log 1350 Program Start
2017-06-24 16:01:02Z Array Photo hourly_CHK log 1350 Program END 

Create log file
2017-06-24 16:01:04Z Array Photo hourly_CHK log 1450 Program Start
2017-06-24 16:01:04Z Array Photo hourly_CHK log 1450 Program END 

Create log file
2017-06-24 16:01:05Z Array Photo hourly_CHK log 1650 Program Start
2017-06-24 16:01:05Z Array Photo hourly_CHK log 1650 Program END 

Create log file
2017-06-24 16:01:06Z Array Photo hourly_CHK log S150 Program Start
2017-06-24 16:01:06Z Array Photo hourly_CHK log S150 Program END 

Create log file
2017-06-24 16:01:07Z Array Photo hourly_CHK log S250 Program Start
2017-06-24 16:01:07Z Array Photo hourly_CHK log S250 Program END 

Create log file
2017-06-24 16:01:08Z Array Photo hourly_CHK log S350 Program Start
2017-06-24 16:01:08Z Array Photo hourly_CHK log S350 Program END 

Create log file
2017-06-24 16:01:08Z Array Photo hourly_CHK log S450 Program Start
2017-06-24 16:01:08Z Array Photo hourly_CHK log S450 Program END 

Create log file
2017-06-24 16:01:09Z Array Photo hourly_CHK log S550 Program Start
2017-06-24 16:01:09Z Array Photo hourly_CHK log S550 Program END 

Create log file
2017-06-24 16:01:10Z Array Photo hourly_CHK log S850 Program Start
2017-06-24 16:01:10Z Array Photo hourly_CHK log S850 Program END 

Create log file
2017-06-24 16:03:00Z Array_test_repeat log  Program Start
2017-06-24 16:03:00Z Array_test_repeat log  Program END 

Create log file
2017-06-24 16:50:00Z OEE_IS_Hourly_Check_alarm  Program Start
2017-06-24 16:50:00Z OEE_IS_Hourly_Check_alarm  Program END 

Create log file
2017-06-24 16:50:00Z ALCS_Hourly_Check_Alarm log  Program Start
2017-06-24 16:50:00Z ALCS_Hourly_Check_Alarm log  Program END 

Create log file
2017-06-24 16:50:00Z ALCS_Hourly_Check_Alarm log Program Start
2017-06-24 16:50:00Z ALCS_Hourly_Check_Alarm log Program END 

Create log file
2017-06-24 16:50:00Z T1OEEDB_CHK log  Program Start
2017-06-24 16:50:00Z T1OEEDB_CHK log  Program END 

Create log file
2017-06-24 16:50:00Z T1OEEDB_CHK log End Program Start
2017-06-24 16:50:00Z T1OEEDB_CHK log End Program END 

Create log file
2017-06-24 16:50:00Z T1Alarm_Server_SELF_CHECK   Program Start
2017-06-24 16:50:00Z T1Alarm_Server_SELF_CHECK   Program END 

Create log file
2017-06-24 16:50:00Z OEE_0ATPT100_Hourly_Check_alarm_Start  Program Start
2017-06-24 16:50:00Z OEE_0ATPT100_Hourly_Check_alarm_Start  Program END 

Create log file
2017-06-24 17:01:00Z Array Photo hourly_CHK log 1150 Program Start
2017-06-24 17:01:00Z Array Photo hourly_CHK log 1150 Program END 

Create log file
2017-06-24 17:01:01Z Array Photo hourly_CHK log 1250 Program Start
2017-06-24 17:01:01Z Array Photo hourly_CHK log 1250 Program END 

Create log file
2017-06-24 17:01:02Z Array Photo hourly_CHK log 1350 Program Start
2017-06-24 17:01:02Z Array Photo hourly_CHK log 1350 Program END 

Create log file
2017-06-24 17:01:04Z Array Photo hourly_CHK log 1450 Program Start
2017-06-24 17:01:04Z Array Photo hourly_CHK log 1450 Program END 

Create log file
2017-06-24 17:01:05Z Array Photo hourly_CHK log 1650 Program Start
2017-06-24 17:01:05Z Array Photo hourly_CHK log 1650 Program END 

Create log file
2017-06-24 17:01:06Z Array Photo hourly_CHK log S150 Program Start
2017-06-24 17:01:06Z Array Photo hourly_CHK log S150 Program END 

Create log file
2017-06-24 17:01:07Z Array Photo hourly_CHK log S250 Program Start
2017-06-24 17:01:07Z Array Photo hourly_CHK log S250 Program END 

Create log file
2017-06-24 17:01:08Z Array Photo hourly_CHK log S350 Program Start
2017-06-24 17:01:08Z Array Photo hourly_CHK log S350 Program END 

Create log file
2017-06-24 17:01:08Z Array Photo hourly_CHK log S450 Program Start
2017-06-24 17:01:08Z Array Photo hourly_CHK log S450 Program END 

Create log file
2017-06-24 17:01:09Z Array Photo hourly_CHK log S550 Program Start
2017-06-24 17:01:09Z Array Photo hourly_CHK log S550 Program END 

Create log file
2017-06-24 17:01:10Z Array Photo hourly_CHK log S850 Program Start
2017-06-24 17:01:10Z Array Photo hourly_CHK log S850 Program END 

Create log file
2017-06-24 17:03:00Z Array_test_repeat log  Program Start
2017-06-24 17:03:00Z Array_test_repeat log  Program END 

Create log file
2017-06-24 17:30:00ZARY_HOLD_LOT Program Start
There are lots exceed process time for 24hrs, please check

There are lots exceed process time for 24hrs, please check

There are lots exceed process time for 24hrs, please check

There are lots exceed process time for 24hrs, please check

There are lots exceed process time for 24hrs, please check

There are lots exceed process time for 24hrs, please check

There are lots exceed process time for 24hrs, please check

There are lots exceed process time for 24hrs, please check

There are lots exceed process time for 24hrs, please check

There are lots exceed process time for 24hrs, please check

There are lots exceed process time for 24hrs, please check

There are lots exceed process time for 24hrs, please check

2017-06-24 17:31:06ZARY_HOLD_LOT Program End

Create log file
2017-06-24 17:50:00Z OEE_IS_Hourly_Check_alarm  Program Start
2017-06-24 17:50:00Z OEE_IS_Hourly_Check_alarm  Program END 

Create log file
2017-06-24 17:50:00Z ALCS_Hourly_Check_Alarm log  Program Start
2017-06-24 17:50:00Z ALCS_Hourly_Check_Alarm log  Program END 

Create log file
2017-06-24 17:50:00Z ALCS_Hourly_Check_Alarm log Program Start
2017-06-24 17:50:00Z ALCS_Hourly_Check_Alarm log Program END 

Create log file
2017-06-24 17:50:00Z T1OEEDB_CHK log  Program Start
2017-06-24 17:50:00Z T1OEEDB_CHK log  Program END 

Create log file
2017-06-24 17:50:00Z T1OEEDB_CHK log End Program Start
2017-06-24 17:50:00Z T1OEEDB_CHK log End Program END 

Create log file
2017-06-24 17:50:00Z T1Alarm_Server_SELF_CHECK   Program Start
2017-06-24 17:50:00Z T1Alarm_Server_SELF_CHECK   Program END 

Create log file
2017-06-24 17:50:00Z OEE_0ATPT100_Hourly_Check_alarm_Start  Program Start
2017-06-24 17:50:00Z OEE_0ATPT100_Hourly_Check_alarm_Start  Program END 

Create log file
2017-06-24 18:01:00Z Array Photo hourly_CHK log 1150 Program Start
2017-06-24 18:01:00Z Array Photo hourly_CHK log 1150 Program END 

Create log file
2017-06-24 18:01:04Z Array Photo hourly_CHK log 1250 Program Start
2017-06-24 18:01:04Z Array Photo hourly_CHK log 1250 Program END 

Create log file
2017-06-24 18:01:06Z Array Photo hourly_CHK log 1350 Program Start
2017-06-24 18:01:06Z Array Photo hourly_CHK log 1350 Program END 

Create log file
2017-06-24 18:01:07Z Array Photo hourly_CHK log 1450 Program Start
2017-06-24 18:01:07Z Array Photo hourly_CHK log 1450 Program END 

Create log file
2017-06-24 18:01:09Z Array Photo hourly_CHK log 1650 Program Start
2017-06-24 18:01:09Z Array Photo hourly_CHK log 1650 Program END 

Create log file
2017-06-24 18:01:10Z Array Photo hourly_CHK log S150 Program Start
2017-06-24 18:01:10Z Array Photo hourly_CHK log S150 Program END 

Create log file
2017-06-24 18:01:11Z Array Photo hourly_CHK log S250 Program Start
2017-06-24 18:01:11Z Array Photo hourly_CHK log S250 Program END 

Create log file
2017-06-24 18:01:12Z Array Photo hourly_CHK log S350 Program Start
2017-06-24 18:01:12Z Array Photo hourly_CHK log S350 Program END 

Create log file
2017-06-24 18:01:12Z Array Photo hourly_CHK log S450 Program Start
2017-06-24 18:01:12Z Array Photo hourly_CHK log S450 Program END 

Create log file
2017-06-24 18:01:13Z Array Photo hourly_CHK log S550 Program Start
2017-06-24 18:01:13Z Array Photo hourly_CHK log S550 Program END 

Create log file
2017-06-24 18:01:14Z Array Photo hourly_CHK log S850 Program Start
2017-06-24 18:01:14Z Array Photo hourly_CHK log S850 Program END 

Create log file
2017-06-24 18:03:00Z Array_test_repeat log  Program Start
2017-06-24 18:03:00Z Array_test_repeat log  Program END 

Create log file
2017-06-24 18:51:01Z ALCS_Hourly_Check_Alarm log  Program Start
2017-06-24 18:51:01Z ALCS_Hourly_Check_Alarm log  Program END 

Create log file
2017-06-24 18:51:02Z T1Alarm_Server_SELF_CHECK   Program Start
2017-06-24 18:51:02Z T1Alarm_Server_SELF_CHECK   Program END 

Create log file
2017-06-24 18:51:02Z ALCS_Hourly_Check_Alarm log Program Start
2017-06-24 18:51:02Z ALCS_Hourly_Check_Alarm log Program END 

Create log file
2017-06-24 18:51:02Z T1OEEDB_CHK log  Program Start
2017-06-24 18:51:02Z T1OEEDB_CHK log  Program END 

Create log file
2017-06-24 18:51:02Z OEE_0ATPT100_Hourly_Check_alarm_Start  Program Start
2017-06-24 18:51:02Z OEE_0ATPT100_Hourly_Check_alarm_Start  Program END 

Create log file
2017-06-24 18:51:02Z T1OEEDB_CHK log End Program Start
2017-06-24 18:51:02Z T1OEEDB_CHK log End Program END 

Create log file
2017-06-24 19:01:00Z Array Photo hourly_CHK log 1150 Program Start
2017-06-24 19:01:00Z Array Photo hourly_CHK log 1150 Program END 

Create log file
2017-06-24 19:01:07Z Array Photo hourly_CHK log 1250 Program Start
2017-06-24 19:01:07Z Array Photo hourly_CHK log 1250 Program END 

Create log file
2017-06-24 19:01:11Z Array Photo hourly_CHK log 1350 Program Start
2017-06-24 19:01:11Z Array Photo hourly_CHK log 1350 Program END 

Create log file
2017-06-24 19:01:13Z Array Photo hourly_CHK log 1450 Program Start
2017-06-24 19:01:13Z Array Photo hourly_CHK log 1450 Program END 

Create log file
2017-06-24 19:01:14Z Array Photo hourly_CHK log 1650 Program Start
2017-06-24 19:01:14Z Array Photo hourly_CHK log 1650 Program END 

Create log file
2017-06-24 19:01:15Z Array Photo hourly_CHK log S150 Program Start
2017-06-24 19:01:15Z Array Photo hourly_CHK log S150 Program END 

Create log file
2017-06-24 19:01:16Z Array Photo hourly_CHK log S250 Program Start
2017-06-24 19:01:16Z Array Photo hourly_CHK log S250 Program END 

Create log file
2017-06-24 19:01:17Z Array Photo hourly_CHK log S350 Program Start
2017-06-24 19:01:17Z Array Photo hourly_CHK log S350 Program END 

Create log file
2017-06-24 19:01:18Z Array Photo hourly_CHK log S450 Program Start
2017-06-24 19:01:18Z Array Photo hourly_CHK log S450 Program END 

Create log file
2017-06-24 19:01:19Z Array Photo hourly_CHK log S550 Program Start
2017-06-24 19:01:19Z Array Photo hourly_CHK log S550 Program END 

Create log file
2017-06-24 19:01:19Z Array Photo hourly_CHK log S850 Program Start
2017-06-24 19:01:19Z Array Photo hourly_CHK log S850 Program END 

Create log file
2017-06-24 19:03:00Z Array_test_repeat log  Program Start
2017-06-24 19:03:00Z Array_test_repeat log  Program END 

Create log file
2017-06-24 19:50:00Z OEE_IS_Hourly_Check_alarm  Program Start
2017-06-24 19:50:00Z OEE_IS_Hourly_Check_alarm  Program END 

Create log file
2017-06-24 19:50:00Z ALCS_Hourly_Check_Alarm log  Program Start
2017-06-24 19:50:00Z ALCS_Hourly_Check_Alarm log  Program END 

Create log file
2017-06-24 19:50:00Z ALCS_Hourly_Check_Alarm log Program Start
2017-06-24 19:50:00Z ALCS_Hourly_Check_Alarm log Program END 

Create log file
2017-06-24 19:50:00Z T1OEEDB_CHK log  Program Start
2017-06-24 19:50:00Z T1OEEDB_CHK log  Program END 

Create log file
2017-06-24 19:50:00Z T1OEEDB_CHK log End Program Start
2017-06-24 19:50:00Z T1OEEDB_CHK log End Program END 

Create log file
2017-06-24 19:50:00Z T1Alarm_Server_SELF_CHECK   Program Start
2017-06-24 19:50:00Z T1Alarm_Server_SELF_CHECK   Program END 

Create log file
2017-06-24 19:50:01Z OEE_0ATPT100_Hourly_Check_alarm_Start  Program Start
2017-06-24 19:50:01Z OEE_0ATPT100_Hourly_Check_alarm_Start  Program END 

Create log file
2017-06-24 20:01:00Z Array Photo hourly_CHK log 1150 Program Start
2017-06-24 20:01:00Z Array Photo hourly_CHK log 1150 Program END 

Create log file
2017-06-24 20:01:01Z Array Photo hourly_CHK log 1250 Program Start
2017-06-24 20:01:01Z Array Photo hourly_CHK log 1250 Program END 

Create log file
2017-06-24 20:01:02Z Array Photo hourly_CHK log 1350 Program Start
2017-06-24 20:01:02Z Array Photo hourly_CHK log 1350 Program END 

Create log file
2017-06-24 20:01:04Z Array Photo hourly_CHK log 1450 Program Start
2017-06-24 20:01:04Z Array Photo hourly_CHK log 1450 Program END 

Create log file
2017-06-24 20:01:05Z Array Photo hourly_CHK log 1650 Program Start
2017-06-24 20:01:05Z Array Photo hourly_CHK log 1650 Program END 

Create log file
2017-06-24 20:01:06Z Array Photo hourly_CHK log S150 Program Start
2017-06-24 20:01:06Z Array Photo hourly_CHK log S150 Program END 

Create log file
2017-06-24 20:01:07Z Array Photo hourly_CHK log S250 Program Start
2017-06-24 20:01:07Z Array Photo hourly_CHK log S250 Program END 

Create log file
2017-06-24 20:01:08Z Array Photo hourly_CHK log S350 Program Start
2017-06-24 20:01:08Z Array Photo hourly_CHK log S350 Program END 

Create log file
2017-06-24 20:01:08Z Array Photo hourly_CHK log S450 Program Start
2017-06-24 20:01:08Z Array Photo hourly_CHK log S450 Program END 

Create log file
2017-06-24 20:01:09Z Array Photo hourly_CHK log S550 Program Start
2017-06-24 20:01:09Z Array Photo hourly_CHK log S550 Program END 

Create log file
2017-06-24 20:01:10Z Array Photo hourly_CHK log S850 Program Start
2017-06-24 20:01:10Z Array Photo hourly_CHK log S850 Program END 

Create log file
2017-06-24 20:03:00Z Array_test_repeat log  Program Start
2017-06-24 20:03:00Z Array_test_repeat log  Program END 

Create log file
2017-06-24 20:50:00Z OEE_IS_Hourly_Check_alarm  Program Start
2017-06-24 20:50:00Z OEE_IS_Hourly_Check_alarm  Program END 

Create log file
2017-06-24 20:50:00Z ALCS_Hourly_Check_Alarm log  Program Start
2017-06-24 20:50:00Z ALCS_Hourly_Check_Alarm log  Program END 

Create log file
2017-06-24 20:50:00Z ALCS_Hourly_Check_Alarm log Program Start
2017-06-24 20:50:00Z ALCS_Hourly_Check_Alarm log Program END 

Create log file
2017-06-24 20:50:00Z T1OEEDB_CHK log  Program Start
2017-06-24 20:50:00Z T1OEEDB_CHK log  Program END 

Create log file
2017-06-24 20:50:00Z T1OEEDB_CHK log End Program Start
2017-06-24 20:50:00Z T1OEEDB_CHK log End Program END 

Create log file
2017-06-24 20:50:00Z T1Alarm_Server_SELF_CHECK   Program Start
2017-06-24 20:50:00Z T1Alarm_Server_SELF_CHECK   Program END 

Create log file
2017-06-24 20:50:01Z OEE_0ATPT100_Hourly_Check_alarm_Start  Program Start
2017-06-24 20:50:01Z OEE_0ATPT100_Hourly_Check_alarm_Start  Program END 

Create log file
2017-06-24 21:01:00Z Array Photo hourly_CHK log 1150 Program Start
2017-06-24 21:01:00Z Array Photo hourly_CHK log 1150 Program END 

Create log file
2017-06-24 21:01:01Z Array Photo hourly_CHK log 1250 Program Start
2017-06-24 21:01:01Z Array Photo hourly_CHK log 1250 Program END 

Create log file
2017-06-24 21:01:02Z Array Photo hourly_CHK log 1350 Program Start
2017-06-24 21:01:02Z Array Photo hourly_CHK log 1350 Program END 

Create log file
2017-06-24 21:01:04Z Array Photo hourly_CHK log 1450 Program Start
2017-06-24 21:01:04Z Array Photo hourly_CHK log 1450 Program END 

Create log file
2017-06-24 21:01:05Z Array Photo hourly_CHK log 1650 Program Start
2017-06-24 21:01:05Z Array Photo hourly_CHK log 1650 Program END 

Create log file
2017-06-24 21:01:06Z Array Photo hourly_CHK log S150 Program Start
2017-06-24 21:01:06Z Array Photo hourly_CHK log S150 Program END 

Create log file
2017-06-24 21:01:07Z Array Photo hourly_CHK log S250 Program Start
2017-06-24 21:01:07Z Array Photo hourly_CHK log S250 Program END 

Create log file
2017-06-24 21:01:07Z Array Photo hourly_CHK log S350 Program Start
2017-06-24 21:01:07Z Array Photo hourly_CHK log S350 Program END 

Create log file
2017-06-24 21:01:08Z Array Photo hourly_CHK log S450 Program Start
2017-06-24 21:01:08Z Array Photo hourly_CHK log S450 Program END 

Create log file
2017-06-24 21:01:09Z Array Photo hourly_CHK log S550 Program Start
2017-06-24 21:01:09Z Array Photo hourly_CHK log S550 Program END 

Create log file
2017-06-24 21:01:10Z Array Photo hourly_CHK log S850 Program Start
2017-06-24 21:01:10Z Array Photo hourly_CHK log S850 Program END 

Create log file
2017-06-24 21:03:00Z Array_test_repeat log  Program Start
2017-06-24 21:03:00Z Array_test_repeat log  Program END 

Create log file
2017-06-24 21:30:00ZARY_HOLD_LOT Program Start
There are lots exceed process time for 24hrs, please check

There are lots exceed process time for 24hrs, please check

There are lots exceed process time for 24hrs, please check

There are lots exceed process time for 24hrs, please check

There are lots exceed process time for 24hrs, please check

There are lots exceed process time for 24hrs, please check

There are lots exceed process time for 24hrs, please check

There are lots exceed process time for 24hrs, please check

There are lots exceed process time for 24hrs, please check

There are lots exceed process time for 24hrs, please check

There are lots exceed process time for 24hrs, please check

There are lots exceed process time for 24hrs, please check

2017-06-24 21:31:00ZARY_HOLD_LOT Program End

Create log file
2017-06-24 21:50:00Z OEE_IS_Hourly_Check_alarm  Program Start
2017-06-24 21:50:00Z OEE_IS_Hourly_Check_alarm  Program END 

Create log file
2017-06-24 21:50:00Z ALCS_Hourly_Check_Alarm log  Program Start
2017-06-24 21:50:00Z ALCS_Hourly_Check_Alarm log  Program END 

Create log file
2017-06-24 21:50:00Z ALCS_Hourly_Check_Alarm log Program Start
2017-06-24 21:50:00Z ALCS_Hourly_Check_Alarm log Program END 

Create log file
2017-06-24 21:50:00Z T1OEEDB_CHK log  Program Start
2017-06-24 21:50:00Z T1OEEDB_CHK log  Program END 

Create log file
2017-06-24 21:50:00Z T1OEEDB_CHK log End Program Start
2017-06-24 21:50:00Z T1OEEDB_CHK log End Program END 

Create log file
2017-06-24 21:50:01Z T1Alarm_Server_SELF_CHECK   Program Start
2017-06-24 21:50:01Z T1Alarm_Server_SELF_CHECK   Program END 

Create log file
2017-06-24 21:50:01Z OEE_0ATPT100_Hourly_Check_alarm_Start  Program Start
2017-06-24 21:50:01Z OEE_0ATPT100_Hourly_Check_alarm_Start  Program END 

Create log file
2017-06-24 22:01:00Z Array Photo hourly_CHK log 1150 Program Start
2017-06-24 22:01:00Z Array Photo hourly_CHK log 1150 Program END 

Create log file
2017-06-24 22:01:02Z Array Photo hourly_CHK log 1250 Program Start
2017-06-24 22:01:02Z Array Photo hourly_CHK log 1250 Program END 

Create log file
2017-06-24 22:01:03Z Array Photo hourly_CHK log 1350 Program Start
2017-06-24 22:01:03Z Array Photo hourly_CHK log 1350 Program END 

Create log file
2017-06-24 22:01:04Z Array Photo hourly_CHK log 1450 Program Start
2017-06-24 22:01:04Z Array Photo hourly_CHK log 1450 Program END 

Create log file
2017-06-24 22:01:06Z Array Photo hourly_CHK log 1650 Program Start
2017-06-24 22:01:06Z Array Photo hourly_CHK log 1650 Program END 

Create log file
2017-06-24 22:01:07Z Array Photo hourly_CHK log S150 Program Start
2017-06-24 22:01:07Z Array Photo hourly_CHK log S150 Program END 

Create log file
2017-06-24 22:01:08Z Array Photo hourly_CHK log S250 Program Start
2017-06-24 22:01:08Z Array Photo hourly_CHK log S250 Program END 

Create log file
2017-06-24 22:01:08Z Array Photo hourly_CHK log S350 Program Start
2017-06-24 22:01:08Z Array Photo hourly_CHK log S350 Program END 

Create log file
2017-06-24 22:01:09Z Array Photo hourly_CHK log S450 Program Start
2017-06-24 22:01:09Z Array Photo hourly_CHK log S450 Program END 

Create log file
2017-06-24 22:01:10Z Array Photo hourly_CHK log S550 Program Start
2017-06-24 22:01:10Z Array Photo hourly_CHK log S550 Program END 

Create log file
2017-06-24 22:01:11Z Array Photo hourly_CHK log S850 Program Start
2017-06-24 22:01:11Z Array Photo hourly_CHK log S850 Program END 

Create log file
2017-06-24 22:03:00Z Array_test_repeat log  Program Start
2017-06-24 22:03:00Z Array_test_repeat log  Program END 

Create log file
2017-06-24 22:50:00Z OEE_IS_Hourly_Check_alarm  Program Start
2017-06-24 22:50:00Z OEE_IS_Hourly_Check_alarm  Program END 

Create log file
2017-06-24 22:50:00Z ALCS_Hourly_Check_Alarm log  Program Start
2017-06-24 22:50:00Z ALCS_Hourly_Check_Alarm log  Program END 

Create log file
2017-06-24 22:50:00Z ALCS_Hourly_Check_Alarm log Program Start
2017-06-24 22:50:00Z ALCS_Hourly_Check_Alarm log Program END 

Create log file
2017-06-24 22:50:00Z T1OEEDB_CHK log  Program Start
2017-06-24 22:50:00Z T1OEEDB_CHK log  Program END 

Create log file
2017-06-24 22:50:01Z T1OEEDB_CHK log End Program Start
2017-06-24 22:50:01Z T1OEEDB_CHK log End Program END 

Create log file
2017-06-24 22:50:01Z T1Alarm_Server_SELF_CHECK   Program Start
2017-06-24 22:50:01Z T1Alarm_Server_SELF_CHECK   Program END 

Create log file
2017-06-24 22:50:01Z OEE_0ATPT100_Hourly_Check_alarm_Start  Program Start
2017-06-24 22:50:01Z OEE_0ATPT100_Hourly_Check_alarm_Start  Program END 

Create log file
2017-06-24 23:01:00Z Array Photo hourly_CHK log 1150 Program Start
2017-06-24 23:01:00Z Array Photo hourly_CHK log 1150 Program END 

Create log file
2017-06-24 23:01:04Z Array Photo hourly_CHK log 1250 Program Start
2017-06-24 23:01:04Z Array Photo hourly_CHK log 1250 Program END 

Create log file
2017-06-24 23:01:07Z Array Photo hourly_CHK log 1350 Program Start
2017-06-24 23:01:07Z Array Photo hourly_CHK log 1350 Program END 

Create log file
2017-06-24 23:01:09Z Array Photo hourly_CHK log 1450 Program Start
2017-06-24 23:01:09Z Array Photo hourly_CHK log 1450 Program END 

Create log file
2017-06-24 23:01:10Z Array Photo hourly_CHK log 1650 Program Start
2017-06-24 23:01:10Z Array Photo hourly_CHK log 1650 Program END 

Create log file
2017-06-24 23:01:12Z Array Photo hourly_CHK log S150 Program Start
2017-06-24 23:01:12Z Array Photo hourly_CHK log S150 Program END 

Create log file
2017-06-24 23:01:12Z Array Photo hourly_CHK log S250 Program Start
2017-06-24 23:01:12Z Array Photo hourly_CHK log S250 Program END 

Create log file
2017-06-24 23:01:13Z Array Photo hourly_CHK log S350 Program Start
2017-06-24 23:01:13Z Array Photo hourly_CHK log S350 Program END 

Create log file
2017-06-24 23:01:14Z Array Photo hourly_CHK log S450 Program Start
2017-06-24 23:01:14Z Array Photo hourly_CHK log S450 Program END 

Create log file
2017-06-24 23:01:14Z Array Photo hourly_CHK log S550 Program Start
2017-06-24 23:01:14Z Array Photo hourly_CHK log S550 Program END 

Create log file
2017-06-24 23:01:15Z Array Photo hourly_CHK log S850 Program Start
2017-06-24 23:01:15Z Array Photo hourly_CHK log S850 Program END 

Create log file
2017-06-24 23:03:00Z Array_test_repeat log  Program Start
2017-06-24 23:03:00Z Array_test_repeat log  Program END 

Create log file
2017-06-24 23:50:00Z OEE_IS_Hourly_Check_alarm  Program Start
2017-06-24 23:50:00Z OEE_IS_Hourly_Check_alarm  Program END 

Create log file
2017-06-24 23:50:00Z ALCS_Hourly_Check_Alarm log  Program Start
2017-06-24 23:50:00Z ALCS_Hourly_Check_Alarm log  Program END 

Create log file
2017-06-24 23:50:00Z ALCS_Hourly_Check_Alarm log Program Start
2017-06-24 23:50:00Z ALCS_Hourly_Check_Alarm log Program END 

Create log file
2017-06-24 23:50:00Z T1OEEDB_CHK log  Program Start
2017-06-24 23:50:00Z T1OEEDB_CHK log  Program END 

Create log file
2017-06-24 23:50:00Z T1OEEDB_CHK log End Program Start
2017-06-24 23:50:00Z T1OEEDB_CHK log End Program END 

Create log file
2017-06-24 23:50:00Z T1Alarm_Server_SELF_CHECK   Program Start
2017-06-24 23:50:00Z T1Alarm_Server_SELF_CHECK   Program END 

Create log file
2017-06-24 23:50:00Z OEE_0ATPT100_Hourly_Check_alarm_Start  Program Start
2017-06-24 23:50:00Z OEE_0ATPT100_Hourly_Check_alarm_Start  Program END 

