Create log file
2017-06-25 00:01:00Z Array Photo hourly_CHK log 1150 Program Start
2017-06-25 00:01:00Z Array Photo hourly_CHK log 1150 Program END 

Create log file
2017-06-25 00:01:01Z Array Photo hourly_CHK log 1250 Program Start
2017-06-25 00:01:01Z Array Photo hourly_CHK log 1250 Program END 

Create log file
2017-06-25 00:01:03Z Array Photo hourly_CHK log 1350 Program Start
2017-06-25 00:01:03Z Array Photo hourly_CHK log 1350 Program END 

Create log file
2017-06-25 00:01:04Z Array Photo hourly_CHK log 1450 Program Start
2017-06-25 00:01:04Z Array Photo hourly_CHK log 1450 Program END 

Create log file
2017-06-25 00:01:06Z Array Photo hourly_CHK log 1650 Program Start
2017-06-25 00:01:06Z Array Photo hourly_CHK log 1650 Program END 

Create log file
2017-06-25 00:01:07Z Array Photo hourly_CHK log S150 Program Start
2017-06-25 00:01:07Z Array Photo hourly_CHK log S150 Program END 

Create log file
2017-06-25 00:01:08Z Array Photo hourly_CHK log S250 Program Start
2017-06-25 00:01:08Z Array Photo hourly_CHK log S250 Program END 

Create log file
2017-06-25 00:01:09Z Array Photo hourly_CHK log S350 Program Start
2017-06-25 00:01:09Z Array Photo hourly_CHK log S350 Program END 

Create log file
2017-06-25 00:01:09Z Array Photo hourly_CHK log S450 Program Start
2017-06-25 00:01:09Z Array Photo hourly_CHK log S450 Program END 

Create log file
2017-06-25 00:01:10Z Array Photo hourly_CHK log S550 Program Start
2017-06-25 00:01:10Z Array Photo hourly_CHK log S550 Program END 

Create log file
2017-06-25 00:01:11Z Array Photo hourly_CHK log S850 Program Start
2017-06-25 00:01:11Z Array Photo hourly_CHK log S850 Program END 

Create log file
2017-06-25 00:03:00Z Array_test_repeat log  Program Start
2017-06-25 00:03:00Z Array_test_repeat log  Program END 

Create log file
2017-06-25 00:30:00Z T0/T1 RealTimeDept Program Start
2017-06-25 00:30:00Z T0/T1 RealTimeDept Program END 

Create log file
2017-06-25 00:32:27Z T0/T1 Email Alive check  Program Start
2017-06-25 00:32:27Z T0/T1 Email Alive check  Program END 

Create log file
2017-06-25 00:50:00Z OEE_IS_Hourly_Check_alarm  Program Start
2017-06-25 00:50:00Z OEE_IS_Hourly_Check_alarm  Program END 

Create log file
2017-06-25 00:50:00Z ALCS_Hourly_Check_Alarm log  Program Start
2017-06-25 00:50:00Z ALCS_Hourly_Check_Alarm log  Program END 

Create log file
2017-06-25 00:50:00Z ALCS_Hourly_Check_Alarm log Program Start
2017-06-25 00:50:00Z ALCS_Hourly_Check_Alarm log Program END 

Create log file
2017-06-25 00:50:00Z T1OEEDB_CHK log  Program Start
2017-06-25 00:50:00Z T1OEEDB_CHK log  Program END 

Create log file
2017-06-25 00:50:00Z T1OEEDB_CHK log End Program Start
2017-06-25 00:50:00Z T1OEEDB_CHK log End Program END 

Create log file
2017-06-25 00:50:01Z T1Alarm_Server_SELF_CHECK   Program Start
2017-06-25 00:50:01Z T1Alarm_Server_SELF_CHECK   Program END 

Create log file
2017-06-25 00:50:01Z OEE_0ATPT100_Hourly_Check_alarm_Start  Program Start
2017-06-25 00:50:01Z OEE_0ATPT100_Hourly_Check_alarm_Start  Program END 

Create log file
2017-06-25 01:01:00Z Array Photo hourly_CHK log 1150 Program Start
2017-06-25 01:01:00Z Array Photo hourly_CHK log 1150 Program END 

Create log file
2017-06-25 01:01:06Z Array Photo hourly_CHK log 1250 Program Start
2017-06-25 01:01:06Z Array Photo hourly_CHK log 1250 Program END 

Create log file
2017-06-25 01:01:11Z Array Photo hourly_CHK log 1350 Program Start
2017-06-25 01:01:11Z Array Photo hourly_CHK log 1350 Program END 

Create log file
2017-06-25 01:01:12Z Array Photo hourly_CHK log 1450 Program Start
2017-06-25 01:01:12Z Array Photo hourly_CHK log 1450 Program END 

Create log file
2017-06-25 01:01:14Z Array Photo hourly_CHK log 1650 Program Start
2017-06-25 01:01:14Z Array Photo hourly_CHK log 1650 Program END 

Create log file
2017-06-25 01:01:15Z Array Photo hourly_CHK log S150 Program Start
2017-06-25 01:01:15Z Array Photo hourly_CHK log S150 Program END 

Create log file
2017-06-25 01:01:16Z Array Photo hourly_CHK log S250 Program Start
2017-06-25 01:01:16Z Array Photo hourly_CHK log S250 Program END 

Create log file
2017-06-25 01:01:17Z Array Photo hourly_CHK log S350 Program Start
2017-06-25 01:01:17Z Array Photo hourly_CHK log S350 Program END 

Create log file
2017-06-25 01:01:17Z Array Photo hourly_CHK log S450 Program Start
2017-06-25 01:01:17Z Array Photo hourly_CHK log S450 Program END 

Create log file
2017-06-25 01:01:18Z Array Photo hourly_CHK log S550 Program Start
2017-06-25 01:01:18Z Array Photo hourly_CHK log S550 Program END 

Create log file
2017-06-25 01:01:19Z Array Photo hourly_CHK log S850 Program Start
2017-06-25 01:01:19Z Array Photo hourly_CHK log S850 Program END 

Create log file
2017-06-25 01:03:00Z Array_test_repeat log  Program Start
2017-06-25 01:03:00Z Array_test_repeat log  Program END 

Create log file
2017-06-25 01:30:00ZARY_HOLD_LOT Program Start
There are lots exceed process time for 24hrs, please check

There are lots exceed process time for 24hrs, please check

There are lots exceed process time for 24hrs, please check

There are lots exceed process time for 24hrs, please check

There are lots exceed process time for 24hrs, please check

There are lots exceed process time for 24hrs, please check

There are lots exceed process time for 24hrs, please check

There are lots exceed process time for 24hrs, please check

There are lots exceed process time for 24hrs, please check

There are lots exceed process time for 24hrs, please check

There are lots exceed process time for 24hrs, please check

There are lots exceed process time for 24hrs, please check

2017-06-25 01:31:03ZARY_HOLD_LOT Program End

Create log file
2017-06-25 01:50:00Z OEE_IS_Hourly_Check_alarm  Program Start
2017-06-25 01:50:00Z OEE_IS_Hourly_Check_alarm  Program END 

Create log file
2017-06-25 01:50:00Z ALCS_Hourly_Check_Alarm log  Program Start
2017-06-25 01:50:00Z ALCS_Hourly_Check_Alarm log  Program END 

Create log file
2017-06-25 01:50:00Z ALCS_Hourly_Check_Alarm log Program Start
2017-06-25 01:50:00Z ALCS_Hourly_Check_Alarm log Program END 

Create log file
2017-06-25 01:50:00Z T1OEEDB_CHK log  Program Start
2017-06-25 01:50:00Z T1OEEDB_CHK log  Program END 

Create log file
2017-06-25 01:50:00Z T1OEEDB_CHK log End Program Start
2017-06-25 01:50:00Z T1OEEDB_CHK log End Program END 

Create log file
2017-06-25 01:50:34Z T1Alarm_Server_SELF_CHECK   Program Start
2017-06-25 01:50:34Z T1Alarm_Server_SELF_CHECK   Program END 

Create log file
2017-06-25 01:50:34Z OEE_0ATPT100_Hourly_Check_alarm_Start  Program Start
2017-06-25 01:50:34Z OEE_0ATPT100_Hourly_Check_alarm_Start  Program END 

Create log file
2017-06-25 02:01:00Z Array Photo hourly_CHK log 1150 Program Start
2017-06-25 02:01:00Z Array Photo hourly_CHK log 1150 Program END 

Create log file
2017-06-25 02:01:02Z Array Photo hourly_CHK log 1250 Program Start
2017-06-25 02:01:02Z Array Photo hourly_CHK log 1250 Program END 

Create log file
2017-06-25 02:01:05Z Array Photo hourly_CHK log 1350 Program Start
2017-06-25 02:01:05Z Array Photo hourly_CHK log 1350 Program END 

Create log file
2017-06-25 02:01:06Z Array Photo hourly_CHK log 1450 Program Start
2017-06-25 02:01:06Z Array Photo hourly_CHK log 1450 Program END 

Create log file
2017-06-25 02:01:08Z Array Photo hourly_CHK log 1650 Program Start
2017-06-25 02:01:08Z Array Photo hourly_CHK log 1650 Program END 

Create log file
2017-06-25 02:01:09Z Array Photo hourly_CHK log S150 Program Start
2017-06-25 02:01:09Z Array Photo hourly_CHK log S150 Program END 

Create log file
2017-06-25 02:01:10Z Array Photo hourly_CHK log S250 Program Start
2017-06-25 02:01:10Z Array Photo hourly_CHK log S250 Program END 

Create log file
2017-06-25 02:01:11Z Array Photo hourly_CHK log S350 Program Start
2017-06-25 02:01:11Z Array Photo hourly_CHK log S350 Program END 

Create log file
2017-06-25 02:01:12Z Array Photo hourly_CHK log S450 Program Start
2017-06-25 02:01:12Z Array Photo hourly_CHK log S450 Program END 

Create log file
2017-06-25 02:01:12Z Array Photo hourly_CHK log S550 Program Start
2017-06-25 02:01:12Z Array Photo hourly_CHK log S550 Program END 

Create log file
2017-06-25 02:01:13Z Array Photo hourly_CHK log S850 Program Start
2017-06-25 02:01:13Z Array Photo hourly_CHK log S850 Program END 

Create log file
2017-06-25 02:03:00Z Array_test_repeat log  Program Start
2017-06-25 02:03:00Z Array_test_repeat log  Program END 

Create log file
2017-06-25 02:50:00Z OEE_IS_Hourly_Check_alarm  Program Start
2017-06-25 02:50:00Z OEE_IS_Hourly_Check_alarm  Program END 

Create log file
2017-06-25 02:50:00Z ALCS_Hourly_Check_Alarm log  Program Start
2017-06-25 02:50:00Z ALCS_Hourly_Check_Alarm log  Program END 

Create log file
2017-06-25 02:50:00Z ALCS_Hourly_Check_Alarm log Program Start
2017-06-25 02:50:00Z ALCS_Hourly_Check_Alarm log Program END 

Create log file
2017-06-25 02:50:00Z T1OEEDB_CHK log  Program Start
2017-06-25 02:50:00Z T1OEEDB_CHK log  Program END 

Create log file
2017-06-25 02:50:00Z T1OEEDB_CHK log End Program Start
2017-06-25 02:50:00Z T1OEEDB_CHK log End Program END 

Create log file
2017-06-25 02:50:00Z T1Alarm_Server_SELF_CHECK   Program Start
2017-06-25 02:50:00Z T1Alarm_Server_SELF_CHECK   Program END 

Create log file
2017-06-25 02:50:00Z OEE_0ATPT100_Hourly_Check_alarm_Start  Program Start
2017-06-25 02:50:00Z OEE_0ATPT100_Hourly_Check_alarm_Start  Program END 

Create log file
2017-06-25 03:01:00Z Array Photo hourly_CHK log 1150 Program Start
2017-06-25 03:01:00Z Array Photo hourly_CHK log 1150 Program END 

Create log file
2017-06-25 03:01:01Z Array Photo hourly_CHK log 1250 Program Start
2017-06-25 03:01:01Z Array Photo hourly_CHK log 1250 Program END 

Create log file
2017-06-25 03:01:02Z Array Photo hourly_CHK log 1350 Program Start
2017-06-25 03:01:02Z Array Photo hourly_CHK log 1350 Program END 

Create log file
2017-06-25 03:01:04Z Array Photo hourly_CHK log 1450 Program Start
2017-06-25 03:01:04Z Array Photo hourly_CHK log 1450 Program END 

Create log file
2017-06-25 03:01:05Z Array Photo hourly_CHK log 1650 Program Start
2017-06-25 03:01:05Z Array Photo hourly_CHK log 1650 Program END 

Create log file
2017-06-25 03:01:07Z Array Photo hourly_CHK log S150 Program Start
2017-06-25 03:01:07Z Array Photo hourly_CHK log S150 Program END 

Create log file
2017-06-25 03:01:08Z Array Photo hourly_CHK log S250 Program Start
2017-06-25 03:01:08Z Array Photo hourly_CHK log S250 Program END 

Create log file
2017-06-25 03:01:08Z Array Photo hourly_CHK log S350 Program Start
2017-06-25 03:01:08Z Array Photo hourly_CHK log S350 Program END 

Create log file
2017-06-25 03:01:09Z Array Photo hourly_CHK log S450 Program Start
2017-06-25 03:01:09Z Array Photo hourly_CHK log S450 Program END 

Create log file
2017-06-25 03:01:10Z Array Photo hourly_CHK log S550 Program Start
2017-06-25 03:01:10Z Array Photo hourly_CHK log S550 Program END 

Create log file
2017-06-25 03:01:11Z Array Photo hourly_CHK log S850 Program Start
2017-06-25 03:01:11Z Array Photo hourly_CHK log S850 Program END 

Create log file
2017-06-25 03:03:00Z Array_test_repeat log  Program Start
2017-06-25 03:03:00Z Array_test_repeat log  Program END 

Create log file
2017-06-25 03:50:00Z OEE_IS_Hourly_Check_alarm  Program Start
2017-06-25 03:50:00Z OEE_IS_Hourly_Check_alarm  Program END 

Create log file
2017-06-25 03:50:00Z ALCS_Hourly_Check_Alarm log  Program Start
2017-06-25 03:50:00Z ALCS_Hourly_Check_Alarm log  Program END 

Create log file
2017-06-25 03:50:00Z ALCS_Hourly_Check_Alarm log Program Start
2017-06-25 03:50:00Z ALCS_Hourly_Check_Alarm log Program END 

Create log file
2017-06-25 03:50:00Z T1OEEDB_CHK log  Program Start
2017-06-25 03:50:00Z T1OEEDB_CHK log  Program END 

Create log file
2017-06-25 03:50:00Z T1OEEDB_CHK log End Program Start
2017-06-25 03:50:00Z T1OEEDB_CHK log End Program END 

Create log file
2017-06-25 03:50:00Z T1Alarm_Server_SELF_CHECK   Program Start
2017-06-25 03:50:00Z T1Alarm_Server_SELF_CHECK   Program END 

Create log file
2017-06-25 03:50:00Z OEE_0ATPT100_Hourly_Check_alarm_Start  Program Start
2017-06-25 03:50:00Z OEE_0ATPT100_Hourly_Check_alarm_Start  Program END 

Create log file
2017-06-25 04:01:00Z Array Photo hourly_CHK log 1150 Program Start
2017-06-25 04:01:00Z Array Photo hourly_CHK log 1150 Program END 

Create log file
2017-06-25 04:01:01Z Array Photo hourly_CHK log 1250 Program Start
2017-06-25 04:01:01Z Array Photo hourly_CHK log 1250 Program END 

Create log file
2017-06-25 04:01:03Z Array Photo hourly_CHK log 1350 Program Start
2017-06-25 04:01:03Z Array Photo hourly_CHK log 1350 Program END 

Create log file
2017-06-25 04:01:04Z Array Photo hourly_CHK log 1450 Program Start
2017-06-25 04:01:04Z Array Photo hourly_CHK log 1450 Program END 

Create log file
2017-06-25 04:01:05Z Array Photo hourly_CHK log 1650 Program Start
2017-06-25 04:01:05Z Array Photo hourly_CHK log 1650 Program END 

Create log file
2017-06-25 04:01:07Z Array Photo hourly_CHK log S150 Program Start
2017-06-25 04:01:07Z Array Photo hourly_CHK log S150 Program END 

Create log file
2017-06-25 04:01:07Z Array Photo hourly_CHK log S250 Program Start
2017-06-25 04:01:07Z Array Photo hourly_CHK log S250 Program END 

Create log file
2017-06-25 04:01:08Z Array Photo hourly_CHK log S350 Program Start
2017-06-25 04:01:08Z Array Photo hourly_CHK log S350 Program END 

Create log file
2017-06-25 04:01:09Z Array Photo hourly_CHK log S450 Program Start
2017-06-25 04:01:09Z Array Photo hourly_CHK log S450 Program END 

Create log file
2017-06-25 04:01:10Z Array Photo hourly_CHK log S550 Program Start
2017-06-25 04:01:10Z Array Photo hourly_CHK log S550 Program END 

Create log file
2017-06-25 04:01:11Z Array Photo hourly_CHK log S850 Program Start
2017-06-25 04:01:11Z Array Photo hourly_CHK log S850 Program END 

Create log file
2017-06-25 04:03:00Z Array_test_repeat log  Program Start
2017-06-25 04:03:00Z Array_test_repeat log  Program END 

Create log file
2017-06-25 04:50:00Z OEE_IS_Hourly_Check_alarm  Program Start
2017-06-25 04:50:00Z OEE_IS_Hourly_Check_alarm  Program END 

Create log file
2017-06-25 04:50:00Z ALCS_Hourly_Check_Alarm log  Program Start
2017-06-25 04:50:00Z ALCS_Hourly_Check_Alarm log  Program END 

Create log file
2017-06-25 04:50:00Z ALCS_Hourly_Check_Alarm log Program Start
2017-06-25 04:50:00Z ALCS_Hourly_Check_Alarm log Program END 

Create log file
2017-06-25 04:50:00Z T1OEEDB_CHK log  Program Start
2017-06-25 04:50:00Z T1OEEDB_CHK log  Program END 

Create log file
2017-06-25 04:50:00Z T1OEEDB_CHK log End Program Start
2017-06-25 04:50:00Z T1OEEDB_CHK log End Program END 

Create log file
2017-06-25 04:50:00Z T1Alarm_Server_SELF_CHECK   Program Start
2017-06-25 04:50:00Z T1Alarm_Server_SELF_CHECK   Program END 

Create log file
2017-06-25 04:50:00Z OEE_0ATPT100_Hourly_Check_alarm_Start  Program Start
2017-06-25 04:50:00Z OEE_0ATPT100_Hourly_Check_alarm_Start  Program END 

Create log file
2017-06-25 05:01:00Z Array Photo hourly_CHK log 1150 Program Start
2017-06-25 05:01:00Z Array Photo hourly_CHK log 1150 Program END 

Create log file
2017-06-25 05:01:01Z Array Photo hourly_CHK log 1250 Program Start
2017-06-25 05:01:01Z Array Photo hourly_CHK log 1250 Program END 

Create log file
2017-06-25 05:01:03Z Array Photo hourly_CHK log 1350 Program Start
2017-06-25 05:01:03Z Array Photo hourly_CHK log 1350 Program END 

Create log file
2017-06-25 05:01:05Z Array Photo hourly_CHK log 1450 Program Start
2017-06-25 05:01:05Z Array Photo hourly_CHK log 1450 Program END 

Create log file
2017-06-25 05:01:06Z Array Photo hourly_CHK log 1650 Program Start
2017-06-25 05:01:06Z Array Photo hourly_CHK log 1650 Program END 

Create log file
2017-06-25 05:01:08Z Array Photo hourly_CHK log S150 Program Start
2017-06-25 05:01:08Z Array Photo hourly_CHK log S150 Program END 

Create log file
2017-06-25 05:01:09Z Array Photo hourly_CHK log S250 Program Start
2017-06-25 05:01:09Z Array Photo hourly_CHK log S250 Program END 

Create log file
2017-06-25 05:01:10Z Array Photo hourly_CHK log S350 Program Start
2017-06-25 05:01:10Z Array Photo hourly_CHK log S350 Program END 

Create log file
2017-06-25 05:01:10Z Array Photo hourly_CHK log S450 Program Start
2017-06-25 05:01:10Z Array Photo hourly_CHK log S450 Program END 

Create log file
2017-06-25 05:01:11Z Array Photo hourly_CHK log S550 Program Start
2017-06-25 05:01:11Z Array Photo hourly_CHK log S550 Program END 

Create log file
2017-06-25 05:01:12Z Array Photo hourly_CHK log S850 Program Start
2017-06-25 05:01:12Z Array Photo hourly_CHK log S850 Program END 

Create log file
2017-06-25 05:03:00Z Array_test_repeat log  Program Start
2017-06-25 05:03:00Z Array_test_repeat log  Program END 

Create log file
2017-06-25 05:30:00ZARY_HOLD_LOT Program Start
There are lots exceed process time for 24hrs, please check

There are lots exceed process time for 24hrs, please check

There are lots exceed process time for 24hrs, please check

There are lots exceed process time for 24hrs, please check

There are lots exceed process time for 24hrs, please check

There are lots exceed process time for 24hrs, please check

There are lots exceed process time for 24hrs, please check

There are lots exceed process time for 24hrs, please check

There are lots exceed process time for 24hrs, please check

There are lots exceed process time for 24hrs, please check

There are lots exceed process time for 24hrs, please check

There are lots exceed process time for 24hrs, please check

There are lots exceed process time for 24hrs, please check

2017-06-25 05:31:48ZARY_HOLD_LOT Program End

Create log file
2017-06-25 05:50:00Z OEE_IS_Hourly_Check_alarm  Program Start
2017-06-25 05:50:00Z OEE_IS_Hourly_Check_alarm  Program END 

Create log file
2017-06-25 05:50:00Z ALCS_Hourly_Check_Alarm log  Program Start
2017-06-25 05:50:00Z ALCS_Hourly_Check_Alarm log  Program END 

Create log file
2017-06-25 05:50:00Z ALCS_Hourly_Check_Alarm log Program Start
2017-06-25 05:50:00Z ALCS_Hourly_Check_Alarm log Program END 

Create log file
2017-06-25 05:50:00Z T1OEEDB_CHK log  Program Start
2017-06-25 05:50:00Z T1OEEDB_CHK log  Program END 

Create log file
2017-06-25 05:50:00Z T1OEEDB_CHK log End Program Start
2017-06-25 05:50:00Z T1OEEDB_CHK log End Program END 

Create log file
2017-06-25 05:50:00Z T1Alarm_Server_SELF_CHECK   Program Start
2017-06-25 05:50:00Z T1Alarm_Server_SELF_CHECK   Program END 

Create log file
2017-06-25 05:50:01Z OEE_0ATPT100_Hourly_Check_alarm_Start  Program Start
2017-06-25 05:50:01Z OEE_0ATPT100_Hourly_Check_alarm_Start  Program END 

Create log file
2017-06-25 06:01:00Z Array Photo hourly_CHK log 1150 Program Start
2017-06-25 06:01:00Z Array Photo hourly_CHK log 1150 Program END 

Create log file
2017-06-25 06:01:09Z Array Photo hourly_CHK log 1250 Program Start
2017-06-25 06:01:09Z Array Photo hourly_CHK log 1250 Program END 

Create log file
2017-06-25 06:01:12Z Array Photo hourly_CHK log 1350 Program Start
2017-06-25 06:01:12Z Array Photo hourly_CHK log 1350 Program END 

Create log file
2017-06-25 06:01:13Z Array Photo hourly_CHK log 1450 Program Start
2017-06-25 06:01:13Z Array Photo hourly_CHK log 1450 Program END 

Create log file
2017-06-25 06:01:15Z Array Photo hourly_CHK log 1650 Program Start
2017-06-25 06:01:15Z Array Photo hourly_CHK log 1650 Program END 

Create log file
2017-06-25 06:01:16Z Array Photo hourly_CHK log S150 Program Start
2017-06-25 06:01:16Z Array Photo hourly_CHK log S150 Program END 

Create log file
2017-06-25 06:01:17Z Array Photo hourly_CHK log S250 Program Start
2017-06-25 06:01:17Z Array Photo hourly_CHK log S250 Program END 

Create log file
2017-06-25 06:01:18Z Array Photo hourly_CHK log S350 Program Start
2017-06-25 06:01:18Z Array Photo hourly_CHK log S350 Program END 

Create log file
2017-06-25 06:01:18Z Array Photo hourly_CHK log S450 Program Start
2017-06-25 06:01:18Z Array Photo hourly_CHK log S450 Program END 

Create log file
2017-06-25 06:01:20Z Array Photo hourly_CHK log S550 Program Start
2017-06-25 06:01:20Z Array Photo hourly_CHK log S550 Program END 

Create log file
2017-06-25 06:01:20Z Array Photo hourly_CHK log S850 Program Start
2017-06-25 06:01:20Z Array Photo hourly_CHK log S850 Program END 

Create log file
2017-06-25 06:03:00Z Array_test_repeat log  Program Start
2017-06-25 06:03:00Z Array_test_repeat log  Program END 

Create log file
2017-06-25 06:50:00Z OEE_IS_Hourly_Check_alarm  Program Start
2017-06-25 06:50:00Z OEE_IS_Hourly_Check_alarm  Program END 

Create log file
2017-06-25 06:50:00Z ALCS_Hourly_Check_Alarm log  Program Start
2017-06-25 06:50:00Z ALCS_Hourly_Check_Alarm log  Program END 

Create log file
2017-06-25 06:50:00Z ALCS_Hourly_Check_Alarm log Program Start
2017-06-25 06:50:00Z ALCS_Hourly_Check_Alarm log Program END 

Create log file
2017-06-25 06:50:00Z T1OEEDB_CHK log  Program Start
2017-06-25 06:50:00Z T1OEEDB_CHK log  Program END 

Create log file
2017-06-25 06:50:00Z T1OEEDB_CHK log End Program Start
2017-06-25 06:50:00Z T1OEEDB_CHK log End Program END 

Create log file
2017-06-25 06:50:00Z T1Alarm_Server_SELF_CHECK   Program Start
2017-06-25 06:50:00Z T1Alarm_Server_SELF_CHECK   Program END 

Create log file
2017-06-25 06:50:01Z OEE_0ATPT100_Hourly_Check_alarm_Start  Program Start
2017-06-25 06:50:01Z OEE_0ATPT100_Hourly_Check_alarm_Start  Program END 

Create log file
2017-06-25 07:01:00Z Array Photo hourly_CHK log 1150 Program Start
2017-06-25 07:01:00Z Array Photo hourly_CHK log 1150 Program END 

Create log file
2017-06-25 07:01:01Z Array Photo hourly_CHK log 1250 Program Start
2017-06-25 07:01:01Z Array Photo hourly_CHK log 1250 Program END 

Create log file
2017-06-25 07:01:03Z Array Photo hourly_CHK log 1350 Program Start
2017-06-25 07:01:03Z Array Photo hourly_CHK log 1350 Program END 

Create log file
2017-06-25 07:01:04Z Array Photo hourly_CHK log 1450 Program Start
2017-06-25 07:01:04Z Array Photo hourly_CHK log 1450 Program END 

Create log file
2017-06-25 07:01:06Z Array Photo hourly_CHK log 1650 Program Start
2017-06-25 07:01:06Z Array Photo hourly_CHK log 1650 Program END 

Create log file
2017-06-25 07:01:07Z Array Photo hourly_CHK log S150 Program Start
2017-06-25 07:01:07Z Array Photo hourly_CHK log S150 Program END 

Create log file
2017-06-25 07:01:08Z Array Photo hourly_CHK log S250 Program Start
2017-06-25 07:01:08Z Array Photo hourly_CHK log S250 Program END 

Create log file
2017-06-25 07:01:09Z Array Photo hourly_CHK log S350 Program Start
2017-06-25 07:01:09Z Array Photo hourly_CHK log S350 Program END 

Create log file
2017-06-25 07:01:10Z Array Photo hourly_CHK log S450 Program Start
2017-06-25 07:01:10Z Array Photo hourly_CHK log S450 Program END 

Create log file
2017-06-25 07:01:12Z Array Photo hourly_CHK log S550 Program Start
2017-06-25 07:01:12Z Array Photo hourly_CHK log S550 Program END 

Create log file
2017-06-25 07:01:13Z Array Photo hourly_CHK log S850 Program Start
2017-06-25 07:01:13Z Array Photo hourly_CHK log S850 Program END 

Create log file
2017-06-25 07:03:00Z Array_test_repeat log  Program Start
2017-06-25 07:03:00Z Array_test_repeat log  Program END 

Create log file
2017-06-25 07:50:00Z OEE_IS_Hourly_Check_alarm  Program Start
2017-06-25 07:50:00Z OEE_IS_Hourly_Check_alarm  Program END 

Create log file
2017-06-25 07:50:00Z ALCS_Hourly_Check_Alarm log  Program Start
2017-06-25 07:50:00Z ALCS_Hourly_Check_Alarm log  Program END 

Create log file
2017-06-25 07:50:00Z ALCS_Hourly_Check_Alarm log Program Start
2017-06-25 07:50:00Z ALCS_Hourly_Check_Alarm log Program END 

Create log file
2017-06-25 07:50:00Z T1OEEDB_CHK log  Program Start
2017-06-25 07:50:00Z T1OEEDB_CHK log  Program END 

Create log file
2017-06-25 07:50:00Z T1OEEDB_CHK log End Program Start
2017-06-25 07:50:00Z T1OEEDB_CHK log End Program END 

Create log file
2017-06-25 07:50:00Z T1Alarm_Server_SELF_CHECK   Program Start
2017-06-25 07:50:00Z T1Alarm_Server_SELF_CHECK   Program END 

Create log file
2017-06-25 07:50:00Z OEE_0ATPT100_Hourly_Check_alarm_Start  Program Start
2017-06-25 07:50:00Z OEE_0ATPT100_Hourly_Check_alarm_Start  Program END 

Create log file
2017-06-25 08:01:00Z Array Photo hourly_CHK log 1150 Program Start
2017-06-25 08:01:00Z Array Photo hourly_CHK log 1150 Program END 

Create log file
2017-06-25 08:01:03Z Array Photo hourly_CHK log 1250 Program Start
2017-06-25 08:01:03Z Array Photo hourly_CHK log 1250 Program END 

Create log file
2017-06-25 08:01:05Z Array Photo hourly_CHK log 1350 Program Start
2017-06-25 08:01:05Z Array Photo hourly_CHK log 1350 Program END 

Create log file
2017-06-25 08:01:07Z Array Photo hourly_CHK log 1450 Program Start
2017-06-25 08:01:07Z Array Photo hourly_CHK log 1450 Program END 

Create log file
2017-06-25 08:01:08Z Array Photo hourly_CHK log 1650 Program Start
2017-06-25 08:01:08Z Array Photo hourly_CHK log 1650 Program END 

Create log file
2017-06-25 08:01:10Z Array Photo hourly_CHK log S150 Program Start
2017-06-25 08:01:10Z Array Photo hourly_CHK log S150 Program END 

Create log file
2017-06-25 08:01:11Z Array Photo hourly_CHK log S250 Program Start
2017-06-25 08:01:11Z Array Photo hourly_CHK log S250 Program END 

Create log file
2017-06-25 08:01:11Z Array Photo hourly_CHK log S350 Program Start
2017-06-25 08:01:11Z Array Photo hourly_CHK log S350 Program END 

Create log file
2017-06-25 08:01:12Z Array Photo hourly_CHK log S450 Program Start
2017-06-25 08:01:12Z Array Photo hourly_CHK log S450 Program END 

Create log file
2017-06-25 08:01:13Z Array Photo hourly_CHK log S550 Program Start
2017-06-25 08:01:13Z Array Photo hourly_CHK log S550 Program END 

Create log file
2017-06-25 08:01:14Z Array Photo hourly_CHK log S850 Program Start
2017-06-25 08:01:14Z Array Photo hourly_CHK log S850 Program END 

Create log file
2017-06-25 08:02:05Z Check_Onduty_Time From Onduty_dotnet2  Program Start
2017-06-25 08:02:05Z Check_Onduty_Time From Onduty_dotnet2  Program END 

Create log file
2017-06-25 08:03:00Z Array_test_repeat log  Program Start
2017-06-25 08:03:00Z Array_test_repeat log  Program END 

Create log file
2017-06-25 08:07:03Z Check_Onduty_Time From Onduty_dotnet2  Program Start
2017-06-25 08:07:03Z Check_Onduty_Time From Onduty_dotnet2  Program END 

Create log file
2017-06-25 08:10:00Z EDA_FILE_TODR Program Start
2017-06-25 08:10:00Z EDA_FILE_TODR Program END 

Create log file
2017-06-25 08:12:00Z Check_Onduty_Time From Onduty_dotnet2  Program Start
2017-06-25 08:12:00Z Check_Onduty_Time From Onduty_dotnet2  Program END 

Create log file
2017-06-25 08:32:00ZOEE_EQP_SMS Program Start
Holiday_OEE_EQP_T0A_SMS log finish

Holiday_OEE_EQP_T1A_SMS log finish

Holiday_OEE_EQP_T1C_SMS log finish

Holiday_OEE_EQP_T1F_SMS log finish

2017-06-25 08:32:01ZOEE_EQP_SMS Program End

Create log file
2017-06-25 08:50:00Z OEE_IS_Hourly_Check_alarm  Program Start
2017-06-25 08:50:00Z OEE_IS_Hourly_Check_alarm  Program END 

Create log file
2017-06-25 08:50:00Z ALCS_Hourly_Check_Alarm log  Program Start
2017-06-25 08:50:00Z ALCS_Hourly_Check_Alarm log  Program END 

Create log file
2017-06-25 08:50:00Z ALCS_Hourly_Check_Alarm log Program Start
2017-06-25 08:50:00Z ALCS_Hourly_Check_Alarm log Program END 

Create log file
2017-06-25 08:50:00Z T1OEEDB_CHK log  Program Start
2017-06-25 08:50:00Z T1OEEDB_CHK log  Program END 

Create log file
2017-06-25 08:50:00Z T1OEEDB_CHK log End Program Start
2017-06-25 08:50:00Z T1OEEDB_CHK log End Program END 

Create log file
2017-06-25 08:50:01Z T1Alarm_Server_SELF_CHECK   Program Start
2017-06-25 08:50:01Z T1Alarm_Server_SELF_CHECK   Program END 

Create log file
2017-06-25 08:50:01Z OEE_0ATPT100_Hourly_Check_alarm_Start  Program Start
2017-06-25 08:50:01Z OEE_0ATPT100_Hourly_Check_alarm_Start  Program END 

Create log file
2017-06-25 09:01:00Z Array Photo hourly_CHK log 1150 Program Start
2017-06-25 09:01:00Z Array Photo hourly_CHK log 1150 Program END 

Create log file
2017-06-25 09:01:04Z Array Photo hourly_CHK log 1250 Program Start
2017-06-25 09:01:04Z Array Photo hourly_CHK log 1250 Program END 

Create log file
2017-06-25 09:01:12Z Array Photo hourly_CHK log 1350 Program Start
2017-06-25 09:01:12Z Array Photo hourly_CHK log 1350 Program END 

Create log file
2017-06-25 09:01:14Z Array Photo hourly_CHK log 1450 Program Start
2017-06-25 09:01:14Z Array Photo hourly_CHK log 1450 Program END 

Create log file
2017-06-25 09:01:15Z Array Photo hourly_CHK log 1650 Program Start
2017-06-25 09:01:15Z Array Photo hourly_CHK log 1650 Program END 

Create log file
2017-06-25 09:01:16Z Array Photo hourly_CHK log S150 Program Start
2017-06-25 09:01:16Z Array Photo hourly_CHK log S150 Program END 

Create log file
2017-06-25 09:01:17Z Array Photo hourly_CHK log S250 Program Start
2017-06-25 09:01:17Z Array Photo hourly_CHK log S250 Program END 

Create log file
2017-06-25 09:01:18Z Array Photo hourly_CHK log S350 Program Start
2017-06-25 09:01:18Z Array Photo hourly_CHK log S350 Program END 

Create log file
2017-06-25 09:01:19Z Array Photo hourly_CHK log S450 Program Start
2017-06-25 09:01:19Z Array Photo hourly_CHK log S450 Program END 

Create log file
2017-06-25 09:01:20Z Array Photo hourly_CHK log S550 Program Start
2017-06-25 09:01:20Z Array Photo hourly_CHK log S550 Program END 

Create log file
2017-06-25 09:01:21Z Array Photo hourly_CHK log S850 Program Start
2017-06-25 09:01:21Z Array Photo hourly_CHK log S850 Program END 

Create log file
2017-06-25 09:03:00Z Array_test_repeat log  Program Start
2017-06-25 09:03:00Z Array_test_repeat log  Program END 

Create log file
2017-06-25 09:30:00ZARY_HOLD_LOT Program Start
There are lots exceed process time for 24hrs, please check

There are lots exceed process time for 24hrs, please check

There are lots exceed process time for 24hrs, please check

There are lots exceed process time for 24hrs, please check

There are lots exceed process time for 24hrs, please check

There are lots exceed process time for 24hrs, please check

There are lots exceed process time for 24hrs, please check

There are lots exceed process time for 24hrs, please check

There are lots exceed process time for 24hrs, please check

There are lots exceed process time for 24hrs, please check

There are lots exceed process time for 24hrs, please check

There are lots exceed process time for 24hrs, please check

There are lots exceed process time for 24hrs, please check

2017-06-25 09:31:27ZARY_HOLD_LOT Program End

Create log file
2017-06-25 09:50:00Z OEE_IS_Hourly_Check_alarm  Program Start
2017-06-25 09:50:00Z OEE_IS_Hourly_Check_alarm  Program END 

Create log file
2017-06-25 09:50:00Z ALCS_Hourly_Check_Alarm log  Program Start
2017-06-25 09:50:00Z ALCS_Hourly_Check_Alarm log  Program END 

Create log file
2017-06-25 09:50:00Z ALCS_Hourly_Check_Alarm log Program Start
2017-06-25 09:50:00Z ALCS_Hourly_Check_Alarm log Program END 

Create log file
2017-06-25 09:50:00Z T1OEEDB_CHK log  Program Start
2017-06-25 09:50:00Z T1OEEDB_CHK log  Program END 

Create log file
2017-06-25 09:50:00Z T1OEEDB_CHK log End Program Start
2017-06-25 09:50:00Z T1OEEDB_CHK log End Program END 

Create log file
2017-06-25 09:50:00Z T1Alarm_Server_SELF_CHECK   Program Start
2017-06-25 09:50:00Z T1Alarm_Server_SELF_CHECK   Program END 

Create log file
2017-06-25 09:50:00Z OEE_0ATPT100_Hourly_Check_alarm_Start  Program Start
2017-06-25 09:50:00Z OEE_0ATPT100_Hourly_Check_alarm_Start  Program END 

Create log file
2017-06-25 10:01:00Z Array Photo hourly_CHK log 1150 Program Start
2017-06-25 10:01:00Z Array Photo hourly_CHK log 1150 Program END 

Create log file
2017-06-25 10:01:01Z Array Photo hourly_CHK log 1250 Program Start
2017-06-25 10:01:01Z Array Photo hourly_CHK log 1250 Program END 

Create log file
2017-06-25 10:01:03Z Array Photo hourly_CHK log 1350 Program Start
2017-06-25 10:01:03Z Array Photo hourly_CHK log 1350 Program END 

Create log file
2017-06-25 10:01:04Z Array Photo hourly_CHK log 1450 Program Start
2017-06-25 10:01:04Z Array Photo hourly_CHK log 1450 Program END 

Create log file
2017-06-25 10:01:06Z Array Photo hourly_CHK log 1650 Program Start
2017-06-25 10:01:06Z Array Photo hourly_CHK log 1650 Program END 

Create log file
2017-06-25 10:01:07Z Array Photo hourly_CHK log S150 Program Start
2017-06-25 10:01:07Z Array Photo hourly_CHK log S150 Program END 

Create log file
2017-06-25 10:01:08Z Array Photo hourly_CHK log S250 Program Start
2017-06-25 10:01:08Z Array Photo hourly_CHK log S250 Program END 

Create log file
2017-06-25 10:01:09Z Array Photo hourly_CHK log S350 Program Start
2017-06-25 10:01:09Z Array Photo hourly_CHK log S350 Program END 

Create log file
2017-06-25 10:01:10Z Array Photo hourly_CHK log S450 Program Start
2017-06-25 10:01:10Z Array Photo hourly_CHK log S450 Program END 

Create log file
2017-06-25 10:01:11Z Array Photo hourly_CHK log S550 Program Start
2017-06-25 10:01:11Z Array Photo hourly_CHK log S550 Program END 

Create log file
2017-06-25 10:01:12Z Array Photo hourly_CHK log S850 Program Start
2017-06-25 10:01:12Z Array Photo hourly_CHK log S850 Program END 

Create log file
2017-06-25 10:03:00Z Array_test_repeat log  Program Start
2017-06-25 10:03:00Z Array_test_repeat log  Program END 

Create log file
2017-06-25 10:50:00Z OEE_IS_Hourly_Check_alarm  Program Start
2017-06-25 10:50:00Z OEE_IS_Hourly_Check_alarm  Program END 

Create log file
2017-06-25 10:50:00Z ALCS_Hourly_Check_Alarm log  Program Start
2017-06-25 10:50:00Z ALCS_Hourly_Check_Alarm log  Program END 

Create log file
2017-06-25 10:50:00Z ALCS_Hourly_Check_Alarm log Program Start
2017-06-25 10:50:00Z ALCS_Hourly_Check_Alarm log Program END 

Create log file
2017-06-25 10:50:00Z T1OEEDB_CHK log  Program Start
2017-06-25 10:50:00Z T1OEEDB_CHK log  Program END 

Create log file
2017-06-25 10:50:00Z T1OEEDB_CHK log End Program Start
2017-06-25 10:50:00Z T1OEEDB_CHK log End Program END 

Create log file
2017-06-25 10:50:00Z T1Alarm_Server_SELF_CHECK   Program Start
2017-06-25 10:50:00Z T1Alarm_Server_SELF_CHECK   Program END 

Create log file
2017-06-25 10:50:01Z OEE_0ATPT100_Hourly_Check_alarm_Start  Program Start
2017-06-25 10:50:01Z OEE_0ATPT100_Hourly_Check_alarm_Start  Program END 

Create log file
2017-06-25 11:01:00Z Array Photo hourly_CHK log 1150 Program Start
2017-06-25 11:01:00Z Array Photo hourly_CHK log 1150 Program END 

Create log file
2017-06-25 11:01:01Z Array Photo hourly_CHK log 1250 Program Start
2017-06-25 11:01:01Z Array Photo hourly_CHK log 1250 Program END 

Create log file
2017-06-25 11:01:03Z Array Photo hourly_CHK log 1350 Program Start
2017-06-25 11:01:03Z Array Photo hourly_CHK log 1350 Program END 

Create log file
2017-06-25 11:01:04Z Array Photo hourly_CHK log 1450 Program Start
2017-06-25 11:01:04Z Array Photo hourly_CHK log 1450 Program END 

Create log file
2017-06-25 11:01:05Z Array Photo hourly_CHK log 1650 Program Start
2017-06-25 11:01:05Z Array Photo hourly_CHK log 1650 Program END 

Create log file
2017-06-25 11:01:07Z Array Photo hourly_CHK log S150 Program Start
2017-06-25 11:01:07Z Array Photo hourly_CHK log S150 Program END 

Create log file
2017-06-25 11:01:08Z Array Photo hourly_CHK log S250 Program Start
2017-06-25 11:01:08Z Array Photo hourly_CHK log S250 Program END 

Create log file
2017-06-25 11:01:09Z Array Photo hourly_CHK log S350 Program Start
2017-06-25 11:01:09Z Array Photo hourly_CHK log S350 Program END 

Create log file
2017-06-25 11:01:09Z Array Photo hourly_CHK log S450 Program Start
2017-06-25 11:01:09Z Array Photo hourly_CHK log S450 Program END 

Create log file
2017-06-25 11:01:10Z Array Photo hourly_CHK log S550 Program Start
2017-06-25 11:01:10Z Array Photo hourly_CHK log S550 Program END 

Create log file
2017-06-25 11:01:11Z Array Photo hourly_CHK log S850 Program Start
2017-06-25 11:01:11Z Array Photo hourly_CHK log S850 Program END 

Create log file
2017-06-25 11:03:00Z Array_test_repeat log  Program Start
2017-06-25 11:03:00Z Array_test_repeat log  Program END 

Create log file
2017-06-25 11:50:00Z OEE_IS_Hourly_Check_alarm  Program Start
2017-06-25 11:50:00Z OEE_IS_Hourly_Check_alarm  Program END 

Create log file
2017-06-25 11:50:00Z ALCS_Hourly_Check_Alarm log  Program Start
2017-06-25 11:50:00Z ALCS_Hourly_Check_Alarm log  Program END 

Create log file
2017-06-25 11:50:00Z ALCS_Hourly_Check_Alarm log Program Start
2017-06-25 11:50:00Z ALCS_Hourly_Check_Alarm log Program END 

Create log file
2017-06-25 11:50:00Z T1OEEDB_CHK log  Program Start
2017-06-25 11:50:00Z T1OEEDB_CHK log  Program END 

Create log file
2017-06-25 11:50:00Z T1OEEDB_CHK log End Program Start
2017-06-25 11:50:00Z T1OEEDB_CHK log End Program END 

Create log file
2017-06-25 11:50:01Z T1Alarm_Server_SELF_CHECK   Program Start
2017-06-25 11:50:01Z T1Alarm_Server_SELF_CHECK   Program END 

Create log file
2017-06-25 11:50:01Z OEE_0ATPT100_Hourly_Check_alarm_Start  Program Start
2017-06-25 11:50:01Z OEE_0ATPT100_Hourly_Check_alarm_Start  Program END 

Create log file
2017-06-25 12:01:00Z Array Photo hourly_CHK log 1150 Program Start
2017-06-25 12:01:00Z Array Photo hourly_CHK log 1150 Program END 

Create log file
2017-06-25 12:01:05Z Array Photo hourly_CHK log 1250 Program Start
2017-06-25 12:01:05Z Array Photo hourly_CHK log 1250 Program END 

Create log file
2017-06-25 12:01:07Z Array Photo hourly_CHK log 1350 Program Start
2017-06-25 12:01:07Z Array Photo hourly_CHK log 1350 Program END 

Create log file
2017-06-25 12:01:08Z Array Photo hourly_CHK log 1450 Program Start
2017-06-25 12:01:08Z Array Photo hourly_CHK log 1450 Program END 

Create log file
2017-06-25 12:01:09Z Array Photo hourly_CHK log 1650 Program Start
2017-06-25 12:01:09Z Array Photo hourly_CHK log 1650 Program END 

Create log file
2017-06-25 12:01:11Z Array Photo hourly_CHK log S150 Program Start
2017-06-25 12:01:11Z Array Photo hourly_CHK log S150 Program END 

Create log file
2017-06-25 12:01:11Z Array Photo hourly_CHK log S250 Program Start
2017-06-25 12:01:11Z Array Photo hourly_CHK log S250 Program END 

Create log file
2017-06-25 12:01:12Z Array Photo hourly_CHK log S350 Program Start
2017-06-25 12:01:12Z Array Photo hourly_CHK log S350 Program END 

Create log file
2017-06-25 12:01:13Z Array Photo hourly_CHK log S450 Program Start
2017-06-25 12:01:13Z Array Photo hourly_CHK log S450 Program END 

Create log file
2017-06-25 12:01:13Z Array Photo hourly_CHK log S550 Program Start
2017-06-25 12:01:13Z Array Photo hourly_CHK log S550 Program END 

Create log file
2017-06-25 12:01:14Z Array Photo hourly_CHK log S850 Program Start
2017-06-25 12:01:14Z Array Photo hourly_CHK log S850 Program END 

Create log file
2017-06-25 12:03:00Z Array_test_repeat log  Program Start
2017-06-25 12:03:00Z Array_test_repeat log  Program END 

Create log file
2017-06-25 12:50:00Z OEE_IS_Hourly_Check_alarm  Program Start
2017-06-25 12:50:00Z OEE_IS_Hourly_Check_alarm  Program END 

Create log file
2017-06-25 12:50:00Z ALCS_Hourly_Check_Alarm log  Program Start
2017-06-25 12:50:00Z ALCS_Hourly_Check_Alarm log  Program END 

Create log file
2017-06-25 12:50:00Z ALCS_Hourly_Check_Alarm log Program Start
2017-06-25 12:50:00Z ALCS_Hourly_Check_Alarm log Program END 

Create log file
2017-06-25 12:50:00Z T1OEEDB_CHK log  Program Start
2017-06-25 12:50:00Z T1OEEDB_CHK log  Program END 

Create log file
2017-06-25 12:50:00Z T1OEEDB_CHK log End Program Start
2017-06-25 12:50:00Z T1OEEDB_CHK log End Program END 

Create log file
2017-06-25 12:50:00Z T1Alarm_Server_SELF_CHECK   Program Start
2017-06-25 12:50:00Z T1Alarm_Server_SELF_CHECK   Program END 

Create log file
2017-06-25 12:50:01Z OEE_0ATPT100_Hourly_Check_alarm_Start  Program Start
2017-06-25 12:50:01Z OEE_0ATPT100_Hourly_Check_alarm_Start  Program END 

Create log file
2017-06-25 13:01:00Z Array Photo hourly_CHK log 1150 Program Start
2017-06-25 13:01:00Z Array Photo hourly_CHK log 1150 Program END 

Create log file
2017-06-25 13:01:01Z Array Photo hourly_CHK log 1250 Program Start
2017-06-25 13:01:01Z Array Photo hourly_CHK log 1250 Program END 

Create log file
2017-06-25 13:01:03Z Array Photo hourly_CHK log 1350 Program Start
2017-06-25 13:01:03Z Array Photo hourly_CHK log 1350 Program END 

Create log file
2017-06-25 13:01:05Z Array Photo hourly_CHK log 1450 Program Start
2017-06-25 13:01:05Z Array Photo hourly_CHK log 1450 Program END 

Create log file
2017-06-25 13:01:06Z Array Photo hourly_CHK log 1650 Program Start
2017-06-25 13:01:06Z Array Photo hourly_CHK log 1650 Program END 

Create log file
2017-06-25 13:01:08Z Array Photo hourly_CHK log S150 Program Start
2017-06-25 13:01:08Z Array Photo hourly_CHK log S150 Program END 

Create log file
2017-06-25 13:01:09Z Array Photo hourly_CHK log S250 Program Start
2017-06-25 13:01:09Z Array Photo hourly_CHK log S250 Program END 

Create log file
2017-06-25 13:01:09Z Array Photo hourly_CHK log S350 Program Start
2017-06-25 13:01:09Z Array Photo hourly_CHK log S350 Program END 

Create log file
2017-06-25 13:01:10Z Array Photo hourly_CHK log S450 Program Start
2017-06-25 13:01:10Z Array Photo hourly_CHK log S450 Program END 

Create log file
2017-06-25 13:01:11Z Array Photo hourly_CHK log S550 Program Start
2017-06-25 13:01:11Z Array Photo hourly_CHK log S550 Program END 

Create log file
2017-06-25 13:01:12Z Array Photo hourly_CHK log S850 Program Start
2017-06-25 13:01:12Z Array Photo hourly_CHK log S850 Program END 

Create log file
2017-06-25 13:03:00Z Array_test_repeat log  Program Start
2017-06-25 13:03:00Z Array_test_repeat log  Program END 

Create log file
2017-06-25 13:30:00ZARY_HOLD_LOT Program Start
There are lots exceed process time for 24hrs, please check

There are lots exceed process time for 24hrs, please check

There are lots exceed process time for 24hrs, please check

There are lots exceed process time for 24hrs, please check

There are lots exceed process time for 24hrs, please check

There are lots exceed process time for 24hrs, please check

There are lots exceed process time for 24hrs, please check

There are lots exceed process time for 24hrs, please check

There are lots exceed process time for 24hrs, please check

There are lots exceed process time for 24hrs, please check

There are lots exceed process time for 24hrs, please check

There are lots exceed process time for 24hrs, please check

There are lots exceed process time for 24hrs, please check

There are lots exceed process time for 24hrs, please check

There are lots exceed process time for 24hrs, please check

There are lots exceed process time for 24hrs, please check

2017-06-25 13:31:47ZARY_HOLD_LOT Program End

Create log file
2017-06-25 13:50:00Z OEE_IS_Hourly_Check_alarm  Program Start
2017-06-25 13:50:00Z OEE_IS_Hourly_Check_alarm  Program END 

Create log file
2017-06-25 13:50:00Z ALCS_Hourly_Check_Alarm log  Program Start
2017-06-25 13:50:00Z ALCS_Hourly_Check_Alarm log  Program END 

Create log file
2017-06-25 13:50:00Z ALCS_Hourly_Check_Alarm log Program Start
2017-06-25 13:50:00Z ALCS_Hourly_Check_Alarm log Program END 

Create log file
2017-06-25 13:50:00Z T1OEEDB_CHK log  Program Start
2017-06-25 13:50:00Z T1OEEDB_CHK log  Program END 

Create log file
2017-06-25 13:50:00Z T1OEEDB_CHK log End Program Start
2017-06-25 13:50:00Z T1OEEDB_CHK log End Program END 

Create log file
2017-06-25 13:50:01Z T1Alarm_Server_SELF_CHECK   Program Start
2017-06-25 13:50:01Z T1Alarm_Server_SELF_CHECK   Program END 

Create log file
2017-06-25 13:50:01Z OEE_0ATPT100_Hourly_Check_alarm_Start  Program Start
2017-06-25 13:50:01Z OEE_0ATPT100_Hourly_Check_alarm_Start  Program END 

Create log file
2017-06-25 14:01:00Z Array Photo hourly_CHK log 1150 Program Start
2017-06-25 14:01:00Z Array Photo hourly_CHK log 1150 Program END 

Create log file
2017-06-25 14:01:01Z Array Photo hourly_CHK log 1250 Program Start
2017-06-25 14:01:01Z Array Photo hourly_CHK log 1250 Program END 

Create log file
2017-06-25 14:01:02Z Array Photo hourly_CHK log 1350 Program Start
2017-06-25 14:01:02Z Array Photo hourly_CHK log 1350 Program END 

Create log file
2017-06-25 14:01:04Z Array Photo hourly_CHK log 1450 Program Start
2017-06-25 14:01:04Z Array Photo hourly_CHK log 1450 Program END 

Create log file
2017-06-25 14:01:05Z Array Photo hourly_CHK log 1650 Program Start
2017-06-25 14:01:05Z Array Photo hourly_CHK log 1650 Program END 

Create log file
2017-06-25 14:01:07Z Array Photo hourly_CHK log S150 Program Start
2017-06-25 14:01:07Z Array Photo hourly_CHK log S150 Program END 

Create log file
2017-06-25 14:01:08Z Array Photo hourly_CHK log S250 Program Start
2017-06-25 14:01:08Z Array Photo hourly_CHK log S250 Program END 

Create log file
2017-06-25 14:01:08Z Array Photo hourly_CHK log S350 Program Start
2017-06-25 14:01:08Z Array Photo hourly_CHK log S350 Program END 

Create log file
2017-06-25 14:01:09Z Array Photo hourly_CHK log S450 Program Start
2017-06-25 14:01:09Z Array Photo hourly_CHK log S450 Program END 

Create log file
2017-06-25 14:01:10Z Array Photo hourly_CHK log S550 Program Start
2017-06-25 14:01:10Z Array Photo hourly_CHK log S550 Program END 

Create log file
2017-06-25 14:01:10Z Array Photo hourly_CHK log S850 Program Start
2017-06-25 14:01:10Z Array Photo hourly_CHK log S850 Program END 

Create log file
2017-06-25 14:03:00Z Array_test_repeat log  Program Start
2017-06-25 14:03:00Z Array_test_repeat log  Program END 

Create log file
2017-06-25 14:50:00Z OEE_IS_Hourly_Check_alarm  Program Start
2017-06-25 14:50:00Z OEE_IS_Hourly_Check_alarm  Program END 

Create log file
2017-06-25 14:50:00Z ALCS_Hourly_Check_Alarm log  Program Start
2017-06-25 14:50:00Z ALCS_Hourly_Check_Alarm log  Program END 

Create log file
2017-06-25 14:50:00Z ALCS_Hourly_Check_Alarm log Program Start
2017-06-25 14:50:00Z ALCS_Hourly_Check_Alarm log Program END 

Create log file
2017-06-25 14:50:00Z T1OEEDB_CHK log  Program Start
2017-06-25 14:50:00Z T1OEEDB_CHK log  Program END 

Create log file
2017-06-25 14:50:00Z T1OEEDB_CHK log End Program Start
2017-06-25 14:50:00Z T1OEEDB_CHK log End Program END 

Create log file
2017-06-25 14:50:00Z T1Alarm_Server_SELF_CHECK   Program Start
2017-06-25 14:50:00Z T1Alarm_Server_SELF_CHECK   Program END 

Create log file
2017-06-25 14:50:00Z OEE_0ATPT100_Hourly_Check_alarm_Start  Program Start
2017-06-25 14:50:00Z OEE_0ATPT100_Hourly_Check_alarm_Start  Program END 

Create log file
2017-06-25 15:01:00Z Array Photo hourly_CHK log 1150 Program Start
2017-06-25 15:01:00Z Array Photo hourly_CHK log 1150 Program END 

Create log file
2017-06-25 15:01:01Z Array Photo hourly_CHK log 1250 Program Start
2017-06-25 15:01:01Z Array Photo hourly_CHK log 1250 Program END 

Create log file
2017-06-25 15:01:02Z Array Photo hourly_CHK log 1350 Program Start
2017-06-25 15:01:02Z Array Photo hourly_CHK log 1350 Program END 

Create log file
2017-06-25 15:01:04Z Array Photo hourly_CHK log 1450 Program Start
2017-06-25 15:01:04Z Array Photo hourly_CHK log 1450 Program END 

Create log file
2017-06-25 15:01:05Z Array Photo hourly_CHK log 1650 Program Start
2017-06-25 15:01:05Z Array Photo hourly_CHK log 1650 Program END 

Create log file
2017-06-25 15:01:07Z Array Photo hourly_CHK log S150 Program Start
2017-06-25 15:01:07Z Array Photo hourly_CHK log S150 Program END 

Create log file
2017-06-25 15:01:07Z Array Photo hourly_CHK log S250 Program Start
2017-06-25 15:01:07Z Array Photo hourly_CHK log S250 Program END 

Create log file
2017-06-25 15:01:08Z Array Photo hourly_CHK log S350 Program Start
2017-06-25 15:01:08Z Array Photo hourly_CHK log S350 Program END 

Create log file
2017-06-25 15:01:09Z Array Photo hourly_CHK log S450 Program Start
2017-06-25 15:01:09Z Array Photo hourly_CHK log S450 Program END 

Create log file
2017-06-25 15:01:10Z Array Photo hourly_CHK log S550 Program Start
2017-06-25 15:01:10Z Array Photo hourly_CHK log S550 Program END 

Create log file
2017-06-25 15:01:10Z Array Photo hourly_CHK log S850 Program Start
2017-06-25 15:01:10Z Array Photo hourly_CHK log S850 Program END 

Create log file
2017-06-25 15:03:00Z Array_test_repeat log  Program Start
2017-06-25 15:03:00Z Array_test_repeat log  Program END 

Create log file
2017-06-25 15:50:00Z OEE_IS_Hourly_Check_alarm  Program Start
2017-06-25 15:50:00Z OEE_IS_Hourly_Check_alarm  Program END 

Create log file
2017-06-25 15:50:00Z ALCS_Hourly_Check_Alarm log  Program Start
2017-06-25 15:50:00Z ALCS_Hourly_Check_Alarm log  Program END 

Create log file
2017-06-25 15:50:00Z ALCS_Hourly_Check_Alarm log Program Start
2017-06-25 15:50:00Z ALCS_Hourly_Check_Alarm log Program END 

Create log file
2017-06-25 15:50:00Z T1OEEDB_CHK log  Program Start
2017-06-25 15:50:00Z T1OEEDB_CHK log  Program END 

Create log file
2017-06-25 15:50:00Z T1OEEDB_CHK log End Program Start
2017-06-25 15:50:00Z T1OEEDB_CHK log End Program END 

Create log file
2017-06-25 15:50:00Z T1Alarm_Server_SELF_CHECK   Program Start
2017-06-25 15:50:00Z T1Alarm_Server_SELF_CHECK   Program END 

Create log file
2017-06-25 15:50:01Z OEE_0ATPT100_Hourly_Check_alarm_Start  Program Start
2017-06-25 15:50:01Z OEE_0ATPT100_Hourly_Check_alarm_Start  Program END 

Create log file
2017-06-25 16:01:00Z Array Photo hourly_CHK log 1150 Program Start
2017-06-25 16:01:00Z Array Photo hourly_CHK log 1150 Program END 

Create log file
2017-06-25 16:01:01Z Array Photo hourly_CHK log 1250 Program Start
2017-06-25 16:01:01Z Array Photo hourly_CHK log 1250 Program END 

Create log file
2017-06-25 16:01:03Z Array Photo hourly_CHK log 1350 Program Start
2017-06-25 16:01:03Z Array Photo hourly_CHK log 1350 Program END 

Create log file
2017-06-25 16:01:04Z Array Photo hourly_CHK log 1450 Program Start
2017-06-25 16:01:04Z Array Photo hourly_CHK log 1450 Program END 

Create log file
2017-06-25 16:01:06Z Array Photo hourly_CHK log 1650 Program Start
2017-06-25 16:01:06Z Array Photo hourly_CHK log 1650 Program END 

Create log file
2017-06-25 16:01:08Z Array Photo hourly_CHK log S150 Program Start
2017-06-25 16:01:08Z Array Photo hourly_CHK log S150 Program END 

Create log file
2017-06-25 16:01:08Z Array Photo hourly_CHK log S250 Program Start
2017-06-25 16:01:08Z Array Photo hourly_CHK log S250 Program END 

Create log file
2017-06-25 16:01:09Z Array Photo hourly_CHK log S350 Program Start
2017-06-25 16:01:09Z Array Photo hourly_CHK log S350 Program END 

Create log file
2017-06-25 16:01:10Z Array Photo hourly_CHK log S450 Program Start
2017-06-25 16:01:10Z Array Photo hourly_CHK log S450 Program END 

Create log file
2017-06-25 16:01:11Z Array Photo hourly_CHK log S550 Program Start
2017-06-25 16:01:11Z Array Photo hourly_CHK log S550 Program END 

Create log file
2017-06-25 16:01:12Z Array Photo hourly_CHK log S850 Program Start
2017-06-25 16:01:12Z Array Photo hourly_CHK log S850 Program END 

Create log file
2017-06-25 16:03:00Z Array_test_repeat log  Program Start
2017-06-25 16:03:00Z Array_test_repeat log  Program END 

Create log file
2017-06-25 16:50:00Z OEE_IS_Hourly_Check_alarm  Program Start
2017-06-25 16:50:00Z OEE_IS_Hourly_Check_alarm  Program END 

Create log file
2017-06-25 16:50:00Z ALCS_Hourly_Check_Alarm log  Program Start
2017-06-25 16:50:00Z ALCS_Hourly_Check_Alarm log  Program END 

Create log file
2017-06-25 16:50:00Z ALCS_Hourly_Check_Alarm log Program Start
2017-06-25 16:50:00Z ALCS_Hourly_Check_Alarm log Program END 

Create log file
2017-06-25 16:50:00Z T1OEEDB_CHK log  Program Start
2017-06-25 16:50:00Z T1OEEDB_CHK log  Program END 

Create log file
2017-06-25 16:50:00Z T1OEEDB_CHK log End Program Start
2017-06-25 16:50:00Z T1OEEDB_CHK log End Program END 

Create log file
2017-06-25 16:50:00Z T1Alarm_Server_SELF_CHECK   Program Start
2017-06-25 16:50:00Z T1Alarm_Server_SELF_CHECK   Program END 

Create log file
2017-06-25 16:50:00Z OEE_0ATPT100_Hourly_Check_alarm_Start  Program Start
2017-06-25 16:50:00Z OEE_0ATPT100_Hourly_Check_alarm_Start  Program END 

Create log file
2017-06-25 17:01:00Z Array Photo hourly_CHK log 1150 Program Start
2017-06-25 17:01:00Z Array Photo hourly_CHK log 1150 Program END 

Create log file
2017-06-25 17:01:02Z Array Photo hourly_CHK log 1250 Program Start
2017-06-25 17:01:02Z Array Photo hourly_CHK log 1250 Program END 

Create log file
2017-06-25 17:01:05Z Array Photo hourly_CHK log 1350 Program Start
2017-06-25 17:01:05Z Array Photo hourly_CHK log 1350 Program END 

Create log file
2017-06-25 17:01:07Z Array Photo hourly_CHK log 1450 Program Start
2017-06-25 17:01:07Z Array Photo hourly_CHK log 1450 Program END 

Create log file
2017-06-25 17:01:08Z Array Photo hourly_CHK log 1650 Program Start
2017-06-25 17:01:08Z Array Photo hourly_CHK log 1650 Program END 

Create log file
2017-06-25 17:01:09Z Array Photo hourly_CHK log S150 Program Start
2017-06-25 17:01:09Z Array Photo hourly_CHK log S150 Program END 

Create log file
2017-06-25 17:01:10Z Array Photo hourly_CHK log S250 Program Start
2017-06-25 17:01:10Z Array Photo hourly_CHK log S250 Program END 

Create log file
2017-06-25 17:01:10Z Array Photo hourly_CHK log S350 Program Start
2017-06-25 17:01:10Z Array Photo hourly_CHK log S350 Program END 

Create log file
2017-06-25 17:01:11Z Array Photo hourly_CHK log S450 Program Start
2017-06-25 17:01:11Z Array Photo hourly_CHK log S450 Program END 

Create log file
2017-06-25 17:01:12Z Array Photo hourly_CHK log S550 Program Start
2017-06-25 17:01:12Z Array Photo hourly_CHK log S550 Program END 

Create log file
2017-06-25 17:01:12Z Array Photo hourly_CHK log S850 Program Start
2017-06-25 17:01:12Z Array Photo hourly_CHK log S850 Program END 

Create log file
2017-06-25 17:03:00Z Array_test_repeat log  Program Start
2017-06-25 17:03:00Z Array_test_repeat log  Program END 

Create log file
2017-06-25 17:30:00ZARY_HOLD_LOT Program Start
There are lots exceed process time for 24hrs, please check

There are lots exceed process time for 24hrs, please check

There are lots exceed process time for 24hrs, please check

There are lots exceed process time for 24hrs, please check

There are lots exceed process time for 24hrs, please check

There are lots exceed process time for 24hrs, please check

There are lots exceed process time for 24hrs, please check

There are lots exceed process time for 24hrs, please check

There are lots exceed process time for 24hrs, please check

There are lots exceed process time for 24hrs, please check

There are lots exceed process time for 24hrs, please check

There are lots exceed process time for 24hrs, please check

There are lots exceed process time for 24hrs, please check

There are lots exceed process time for 24hrs, please check

2017-06-25 17:31:13ZARY_HOLD_LOT Program End

Create log file
2017-06-25 17:50:00Z OEE_IS_Hourly_Check_alarm  Program Start
2017-06-25 17:50:00Z OEE_IS_Hourly_Check_alarm  Program END 

Create log file
2017-06-25 17:50:00Z ALCS_Hourly_Check_Alarm log  Program Start
2017-06-25 17:50:00Z ALCS_Hourly_Check_Alarm log  Program END 

Create log file
2017-06-25 17:50:00Z ALCS_Hourly_Check_Alarm log Program Start
2017-06-25 17:50:00Z ALCS_Hourly_Check_Alarm log Program END 

Create log file
2017-06-25 17:50:00Z T1OEEDB_CHK log  Program Start
2017-06-25 17:50:00Z T1OEEDB_CHK log  Program END 

Create log file
2017-06-25 17:50:00Z T1OEEDB_CHK log End Program Start
2017-06-25 17:50:00Z T1OEEDB_CHK log End Program END 

Create log file
2017-06-25 17:50:00Z T1Alarm_Server_SELF_CHECK   Program Start
2017-06-25 17:50:00Z T1Alarm_Server_SELF_CHECK   Program END 

Create log file
2017-06-25 17:50:00Z OEE_0ATPT100_Hourly_Check_alarm_Start  Program Start
2017-06-25 17:50:00Z OEE_0ATPT100_Hourly_Check_alarm_Start  Program END 

Create log file
2017-06-25 18:01:00Z Array Photo hourly_CHK log 1150 Program Start
2017-06-25 18:01:00Z Array Photo hourly_CHK log 1150 Program END 

Create log file
2017-06-25 18:01:03Z Array Photo hourly_CHK log 1250 Program Start
2017-06-25 18:01:03Z Array Photo hourly_CHK log 1250 Program END 

Create log file
2017-06-25 18:01:06Z Array Photo hourly_CHK log 1350 Program Start
2017-06-25 18:01:06Z Array Photo hourly_CHK log 1350 Program END 

Create log file
2017-06-25 18:01:08Z Array Photo hourly_CHK log 1450 Program Start
2017-06-25 18:01:08Z Array Photo hourly_CHK log 1450 Program END 

Create log file
2017-06-25 18:01:10Z Array Photo hourly_CHK log 1650 Program Start
2017-06-25 18:01:10Z Array Photo hourly_CHK log 1650 Program END 

Create log file
2017-06-25 18:01:11Z Array Photo hourly_CHK log S150 Program Start
2017-06-25 18:01:11Z Array Photo hourly_CHK log S150 Program END 

Create log file
2017-06-25 18:01:12Z Array Photo hourly_CHK log S250 Program Start
2017-06-25 18:01:12Z Array Photo hourly_CHK log S250 Program END 

Create log file
2017-06-25 18:01:12Z Array Photo hourly_CHK log S350 Program Start
2017-06-25 18:01:12Z Array Photo hourly_CHK log S350 Program END 

Create log file
2017-06-25 18:01:13Z Array Photo hourly_CHK log S450 Program Start
2017-06-25 18:01:13Z Array Photo hourly_CHK log S450 Program END 

Create log file
2017-06-25 18:01:14Z Array Photo hourly_CHK log S550 Program Start
2017-06-25 18:01:14Z Array Photo hourly_CHK log S550 Program END 

Create log file
2017-06-25 18:01:14Z Array Photo hourly_CHK log S850 Program Start
2017-06-25 18:01:14Z Array Photo hourly_CHK log S850 Program END 

Create log file
2017-06-25 18:03:00Z Array_test_repeat log  Program Start
2017-06-25 18:03:00Z Array_test_repeat log  Program END 

Create log file
2017-06-25 18:50:00Z OEE_IS_Hourly_Check_alarm  Program Start
2017-06-25 18:50:00Z OEE_IS_Hourly_Check_alarm  Program END 

Create log file
2017-06-25 18:50:00Z ALCS_Hourly_Check_Alarm log  Program Start
2017-06-25 18:50:00Z ALCS_Hourly_Check_Alarm log  Program END 

Create log file
2017-06-25 18:50:00Z ALCS_Hourly_Check_Alarm log Program Start
2017-06-25 18:50:00Z ALCS_Hourly_Check_Alarm log Program END 

Create log file
2017-06-25 18:50:00Z T1OEEDB_CHK log  Program Start
2017-06-25 18:50:00Z T1OEEDB_CHK log  Program END 

Create log file
2017-06-25 18:50:00Z T1OEEDB_CHK log End Program Start
2017-06-25 18:50:00Z T1OEEDB_CHK log End Program END 

Create log file
2017-06-25 18:50:00Z T1Alarm_Server_SELF_CHECK   Program Start
2017-06-25 18:50:00Z T1Alarm_Server_SELF_CHECK   Program END 

Create log file
2017-06-25 18:50:01Z OEE_0ATPT100_Hourly_Check_alarm_Start  Program Start
2017-06-25 18:50:01Z OEE_0ATPT100_Hourly_Check_alarm_Start  Program END 

Create log file
2017-06-25 19:01:00Z Array Photo hourly_CHK log 1150 Program Start
2017-06-25 19:01:00Z Array Photo hourly_CHK log 1150 Program END 

Create log file
2017-06-25 19:01:01Z Array Photo hourly_CHK log 1250 Program Start
2017-06-25 19:01:01Z Array Photo hourly_CHK log 1250 Program END 

Create log file
2017-06-25 19:01:02Z Array Photo hourly_CHK log 1350 Program Start
2017-06-25 19:01:02Z Array Photo hourly_CHK log 1350 Program END 

Create log file
2017-06-25 19:01:04Z Array Photo hourly_CHK log 1450 Program Start
2017-06-25 19:01:04Z Array Photo hourly_CHK log 1450 Program END 

Create log file
2017-06-25 19:01:06Z Array Photo hourly_CHK log 1650 Program Start
2017-06-25 19:01:06Z Array Photo hourly_CHK log 1650 Program END 

Create log file
2017-06-25 19:01:07Z Array Photo hourly_CHK log S150 Program Start
2017-06-25 19:01:07Z Array Photo hourly_CHK log S150 Program END 

Create log file
2017-06-25 19:01:08Z Array Photo hourly_CHK log S250 Program Start
2017-06-25 19:01:08Z Array Photo hourly_CHK log S250 Program END 

Create log file
2017-06-25 19:01:08Z Array Photo hourly_CHK log S350 Program Start
2017-06-25 19:01:08Z Array Photo hourly_CHK log S350 Program END 

Create log file
2017-06-25 19:01:09Z Array Photo hourly_CHK log S450 Program Start
2017-06-25 19:01:09Z Array Photo hourly_CHK log S450 Program END 

Create log file
2017-06-25 19:01:10Z Array Photo hourly_CHK log S550 Program Start
2017-06-25 19:01:10Z Array Photo hourly_CHK log S550 Program END 

Create log file
2017-06-25 19:01:11Z Array Photo hourly_CHK log S850 Program Start
2017-06-25 19:01:11Z Array Photo hourly_CHK log S850 Program END 

Create log file
2017-06-25 19:03:00Z Array_test_repeat log  Program Start
2017-06-25 19:03:00Z Array_test_repeat log  Program END 

Create log file
2017-06-25 19:50:00Z OEE_IS_Hourly_Check_alarm  Program Start
2017-06-25 19:50:00Z OEE_IS_Hourly_Check_alarm  Program END 

Create log file
2017-06-25 19:50:00Z ALCS_Hourly_Check_Alarm log  Program Start
2017-06-25 19:50:00Z ALCS_Hourly_Check_Alarm log  Program END 

Create log file
2017-06-25 19:50:00Z ALCS_Hourly_Check_Alarm log Program Start
2017-06-25 19:50:00Z ALCS_Hourly_Check_Alarm log Program END 

Create log file
2017-06-25 19:50:00Z T1OEEDB_CHK log  Program Start
2017-06-25 19:50:00Z T1OEEDB_CHK log  Program END 

Create log file
2017-06-25 19:50:00Z T1OEEDB_CHK log End Program Start
2017-06-25 19:50:00Z T1OEEDB_CHK log End Program END 

Create log file
2017-06-25 19:50:00Z T1Alarm_Server_SELF_CHECK   Program Start
2017-06-25 19:50:00Z T1Alarm_Server_SELF_CHECK   Program END 

Create log file
2017-06-25 19:50:01Z OEE_0ATPT100_Hourly_Check_alarm_Start  Program Start
2017-06-25 19:50:01Z OEE_0ATPT100_Hourly_Check_alarm_Start  Program END 

Create log file
2017-06-25 20:01:00Z Array Photo hourly_CHK log 1150 Program Start
2017-06-25 20:01:00Z Array Photo hourly_CHK log 1150 Program END 

Create log file
2017-06-25 20:01:01Z Array Photo hourly_CHK log 1250 Program Start
2017-06-25 20:01:01Z Array Photo hourly_CHK log 1250 Program END 

Create log file
2017-06-25 20:01:02Z Array Photo hourly_CHK log 1350 Program Start
2017-06-25 20:01:02Z Array Photo hourly_CHK log 1350 Program END 

Create log file
2017-06-25 20:01:04Z Array Photo hourly_CHK log 1450 Program Start
2017-06-25 20:01:04Z Array Photo hourly_CHK log 1450 Program END 

Create log file
2017-06-25 20:01:05Z Array Photo hourly_CHK log 1650 Program Start
2017-06-25 20:01:05Z Array Photo hourly_CHK log 1650 Program END 

Create log file
2017-06-25 20:01:07Z Array Photo hourly_CHK log S150 Program Start
2017-06-25 20:01:07Z Array Photo hourly_CHK log S150 Program END 

Create log file
2017-06-25 20:01:07Z Array Photo hourly_CHK log S250 Program Start
2017-06-25 20:01:07Z Array Photo hourly_CHK log S250 Program END 

Create log file
2017-06-25 20:01:08Z Array Photo hourly_CHK log S350 Program Start
2017-06-25 20:01:08Z Array Photo hourly_CHK log S350 Program END 

Create log file
2017-06-25 20:01:09Z Array Photo hourly_CHK log S450 Program Start
2017-06-25 20:01:09Z Array Photo hourly_CHK log S450 Program END 

Create log file
2017-06-25 20:01:09Z Array Photo hourly_CHK log S550 Program Start
2017-06-25 20:01:09Z Array Photo hourly_CHK log S550 Program END 

Create log file
2017-06-25 20:01:10Z Array Photo hourly_CHK log S850 Program Start
2017-06-25 20:01:10Z Array Photo hourly_CHK log S850 Program END 

Create log file
2017-06-25 20:03:00Z Array_test_repeat log  Program Start
2017-06-25 20:03:00Z Array_test_repeat log  Program END 

Create log file
2017-06-25 20:50:00Z OEE_IS_Hourly_Check_alarm  Program Start
2017-06-25 20:50:00Z OEE_IS_Hourly_Check_alarm  Program END 

Create log file
2017-06-25 20:50:00Z ALCS_Hourly_Check_Alarm log  Program Start
2017-06-25 20:50:00Z ALCS_Hourly_Check_Alarm log  Program END 

Create log file
2017-06-25 20:50:00Z ALCS_Hourly_Check_Alarm log Program Start
2017-06-25 20:50:00Z ALCS_Hourly_Check_Alarm log Program END 

Create log file
2017-06-25 20:50:00Z T1OEEDB_CHK log  Program Start
2017-06-25 20:50:00Z T1OEEDB_CHK log  Program END 

Create log file
2017-06-25 20:50:00Z T1OEEDB_CHK log End Program Start
2017-06-25 20:50:00Z T1OEEDB_CHK log End Program END 

Create log file
2017-06-25 20:50:00Z T1Alarm_Server_SELF_CHECK   Program Start
2017-06-25 20:50:00Z T1Alarm_Server_SELF_CHECK   Program END 

Create log file
2017-06-25 20:50:00Z OEE_0ATPT100_Hourly_Check_alarm_Start  Program Start
2017-06-25 20:50:00Z OEE_0ATPT100_Hourly_Check_alarm_Start  Program END 

Create log file
2017-06-25 21:01:00Z Array Photo hourly_CHK log 1150 Program Start
2017-06-25 21:01:00Z Array Photo hourly_CHK log 1150 Program END 

Create log file
2017-06-25 21:01:03Z Array Photo hourly_CHK log 1250 Program Start
2017-06-25 21:01:03Z Array Photo hourly_CHK log 1250 Program END 

Create log file
2017-06-25 21:01:08Z Array Photo hourly_CHK log 1350 Program Start
2017-06-25 21:01:08Z Array Photo hourly_CHK log 1350 Program END 

Create log file
2017-06-25 21:01:10Z Array Photo hourly_CHK log 1450 Program Start
2017-06-25 21:01:10Z Array Photo hourly_CHK log 1450 Program END 

Create log file
2017-06-25 21:01:12Z Array Photo hourly_CHK log 1650 Program Start
2017-06-25 21:01:12Z Array Photo hourly_CHK log 1650 Program END 

Create log file
2017-06-25 21:01:13Z Array Photo hourly_CHK log S150 Program Start
2017-06-25 21:01:13Z Array Photo hourly_CHK log S150 Program END 

Create log file
2017-06-25 21:01:14Z Array Photo hourly_CHK log S250 Program Start
2017-06-25 21:01:14Z Array Photo hourly_CHK log S250 Program END 

Create log file
2017-06-25 21:01:15Z Array Photo hourly_CHK log S350 Program Start
2017-06-25 21:01:15Z Array Photo hourly_CHK log S350 Program END 

Create log file
2017-06-25 21:01:15Z Array Photo hourly_CHK log S450 Program Start
2017-06-25 21:01:15Z Array Photo hourly_CHK log S450 Program END 

Create log file
2017-06-25 21:01:16Z Array Photo hourly_CHK log S550 Program Start
2017-06-25 21:01:16Z Array Photo hourly_CHK log S550 Program END 

Create log file
2017-06-25 21:01:17Z Array Photo hourly_CHK log S850 Program Start
2017-06-25 21:01:17Z Array Photo hourly_CHK log S850 Program END 

Create log file
2017-06-25 21:03:00Z Array_test_repeat log  Program Start
2017-06-25 21:03:00Z Array_test_repeat log  Program END 

Create log file
2017-06-25 21:30:00ZARY_HOLD_LOT Program Start
There are lots exceed process time for 24hrs, please check

There are lots exceed process time for 24hrs, please check

There are lots exceed process time for 24hrs, please check

There are lots exceed process time for 24hrs, please check

There are lots exceed process time for 24hrs, please check

There are lots exceed process time for 24hrs, please check

There are lots exceed process time for 24hrs, please check

There are lots exceed process time for 24hrs, please check

There are lots exceed process time for 24hrs, please check

There are lots exceed process time for 24hrs, please check

There are lots exceed process time for 24hrs, please check

There are lots exceed process time for 24hrs, please check

There are lots exceed process time for 24hrs, please check

There are lots exceed process time for 24hrs, please check

2017-06-25 21:31:17ZARY_HOLD_LOT Program End

Create log file
2017-06-25 21:50:00Z OEE_IS_Hourly_Check_alarm  Program Start
2017-06-25 21:50:00Z OEE_IS_Hourly_Check_alarm  Program END 

Create log file
2017-06-25 21:50:00Z ALCS_Hourly_Check_Alarm log  Program Start
2017-06-25 21:50:00Z ALCS_Hourly_Check_Alarm log  Program END 

Create log file
2017-06-25 21:50:00Z ALCS_Hourly_Check_Alarm log Program Start
2017-06-25 21:50:00Z ALCS_Hourly_Check_Alarm log Program END 

Create log file
2017-06-25 21:50:00Z T1OEEDB_CHK log  Program Start
2017-06-25 21:50:00Z T1OEEDB_CHK log  Program END 

Create log file
2017-06-25 21:50:00Z T1OEEDB_CHK log End Program Start
2017-06-25 21:50:00Z T1OEEDB_CHK log End Program END 

Create log file
2017-06-25 21:50:00Z T1Alarm_Server_SELF_CHECK   Program Start
2017-06-25 21:50:00Z T1Alarm_Server_SELF_CHECK   Program END 

Create log file
2017-06-25 21:50:01Z OEE_0ATPT100_Hourly_Check_alarm_Start  Program Start
2017-06-25 21:50:01Z OEE_0ATPT100_Hourly_Check_alarm_Start  Program END 

Create log file
2017-06-25 22:01:00Z Array Photo hourly_CHK log 1150 Program Start
2017-06-25 22:01:00Z Array Photo hourly_CHK log 1150 Program END 

Create log file
2017-06-25 22:01:01Z Array Photo hourly_CHK log 1250 Program Start
2017-06-25 22:01:01Z Array Photo hourly_CHK log 1250 Program END 

Create log file
2017-06-25 22:01:03Z Array Photo hourly_CHK log 1350 Program Start
2017-06-25 22:01:03Z Array Photo hourly_CHK log 1350 Program END 

Create log file
2017-06-25 22:01:04Z Array Photo hourly_CHK log 1450 Program Start
2017-06-25 22:01:04Z Array Photo hourly_CHK log 1450 Program END 

Create log file
2017-06-25 22:01:06Z Array Photo hourly_CHK log 1650 Program Start
2017-06-25 22:01:06Z Array Photo hourly_CHK log 1650 Program END 

Create log file
2017-06-25 22:01:07Z Array Photo hourly_CHK log S150 Program Start
2017-06-25 22:01:07Z Array Photo hourly_CHK log S150 Program END 

Create log file
2017-06-25 22:01:08Z Array Photo hourly_CHK log S250 Program Start
2017-06-25 22:01:08Z Array Photo hourly_CHK log S250 Program END 

Create log file
2017-06-25 22:01:09Z Array Photo hourly_CHK log S350 Program Start
2017-06-25 22:01:09Z Array Photo hourly_CHK log S350 Program END 

Create log file
2017-06-25 22:01:09Z Array Photo hourly_CHK log S450 Program Start
2017-06-25 22:01:09Z Array Photo hourly_CHK log S450 Program END 

Create log file
2017-06-25 22:01:10Z Array Photo hourly_CHK log S550 Program Start
2017-06-25 22:01:10Z Array Photo hourly_CHK log S550 Program END 

Create log file
2017-06-25 22:01:11Z Array Photo hourly_CHK log S850 Program Start
2017-06-25 22:01:11Z Array Photo hourly_CHK log S850 Program END 

Create log file
2017-06-25 22:03:00Z Array_test_repeat log  Program Start
2017-06-25 22:03:00Z Array_test_repeat log  Program END 

Create log file
2017-06-25 22:50:00Z OEE_IS_Hourly_Check_alarm  Program Start
2017-06-25 22:50:00Z OEE_IS_Hourly_Check_alarm  Program END 

Create log file
2017-06-25 22:50:00Z ALCS_Hourly_Check_Alarm log  Program Start
2017-06-25 22:50:00Z ALCS_Hourly_Check_Alarm log  Program END 

Create log file
2017-06-25 22:50:00Z ALCS_Hourly_Check_Alarm log Program Start
2017-06-25 22:50:00Z ALCS_Hourly_Check_Alarm log Program END 

Create log file
2017-06-25 22:50:00Z T1OEEDB_CHK log  Program Start
2017-06-25 22:50:00Z T1OEEDB_CHK log  Program END 

Create log file
2017-06-25 22:50:00Z T1OEEDB_CHK log End Program Start
2017-06-25 22:50:00Z T1OEEDB_CHK log End Program END 

Create log file
2017-06-25 22:50:00Z T1Alarm_Server_SELF_CHECK   Program Start
2017-06-25 22:50:00Z T1Alarm_Server_SELF_CHECK   Program END 

Create log file
2017-06-25 22:50:01Z OEE_0ATPT100_Hourly_Check_alarm_Start  Program Start
2017-06-25 22:50:01Z OEE_0ATPT100_Hourly_Check_alarm_Start  Program END 

Create log file
2017-06-25 23:01:00Z Array Photo hourly_CHK log 1150 Program Start
2017-06-25 23:01:00Z Array Photo hourly_CHK log 1150 Program END 

Create log file
2017-06-25 23:01:01Z Array Photo hourly_CHK log 1250 Program Start
2017-06-25 23:01:01Z Array Photo hourly_CHK log 1250 Program END 

Create log file
2017-06-25 23:01:03Z Array Photo hourly_CHK log 1350 Program Start
2017-06-25 23:01:03Z Array Photo hourly_CHK log 1350 Program END 

Create log file
2017-06-25 23:01:04Z Array Photo hourly_CHK log 1450 Program Start
2017-06-25 23:01:04Z Array Photo hourly_CHK log 1450 Program END 

Create log file
2017-06-25 23:01:05Z Array Photo hourly_CHK log 1650 Program Start
2017-06-25 23:01:05Z Array Photo hourly_CHK log 1650 Program END 

Create log file
2017-06-25 23:01:07Z Array Photo hourly_CHK log S150 Program Start
2017-06-25 23:01:07Z Array Photo hourly_CHK log S150 Program END 

Create log file
2017-06-25 23:01:07Z Array Photo hourly_CHK log S250 Program Start
2017-06-25 23:01:07Z Array Photo hourly_CHK log S250 Program END 

Create log file
2017-06-25 23:01:08Z Array Photo hourly_CHK log S350 Program Start
2017-06-25 23:01:08Z Array Photo hourly_CHK log S350 Program END 

Create log file
2017-06-25 23:01:09Z Array Photo hourly_CHK log S450 Program Start
2017-06-25 23:01:09Z Array Photo hourly_CHK log S450 Program END 

Create log file
2017-06-25 23:01:09Z Array Photo hourly_CHK log S550 Program Start
2017-06-25 23:01:09Z Array Photo hourly_CHK log S550 Program END 

Create log file
2017-06-25 23:01:10Z Array Photo hourly_CHK log S850 Program Start
2017-06-25 23:01:10Z Array Photo hourly_CHK log S850 Program END 

Create log file
2017-06-25 23:03:00Z Array_test_repeat log  Program Start
2017-06-25 23:03:00Z Array_test_repeat log  Program END 

Create log file
2017-06-25 23:51:02Z OEE_IS_Hourly_Check_alarm  Program Start
2017-06-25 23:51:02Z OEE_IS_Hourly_Check_alarm  Program END 

Create log file
2017-06-25 23:51:02Z ALCS_Hourly_Check_Alarm log  Program Start
2017-06-25 23:51:02Z ALCS_Hourly_Check_Alarm log  Program END 

Create log file
2017-06-25 23:51:02Z ALCS_Hourly_Check_Alarm log Program Start
2017-06-25 23:51:02Z ALCS_Hourly_Check_Alarm log Program END 

Create log file
2017-06-25 23:51:02Z T1OEEDB_CHK log  Program Start
2017-06-25 23:51:02Z T1OEEDB_CHK log  Program END 

Create log file
2017-06-25 23:51:02Z T1OEEDB_CHK log End Program Start
2017-06-25 23:51:02Z T1OEEDB_CHK log End Program END 

Create log file
2017-06-25 23:51:02Z T1Alarm_Server_SELF_CHECK   Program Start
2017-06-25 23:51:02Z T1Alarm_Server_SELF_CHECK   Program END 

Create log file
2017-06-25 23:51:02Z OEE_0ATPT100_Hourly_Check_alarm_Start  Program Start
2017-06-25 23:51:02Z OEE_0ATPT100_Hourly_Check_alarm_Start  Program END 

