Create log file
2017-06-29 00:01:00Z Array Photo hourly_CHK log 1150 Program Start
2017-06-29 00:01:00Z Array Photo hourly_CHK log 1150 Program END 

Create log file
2017-06-29 00:01:04Z Array Photo hourly_CHK log 1250 Program Start
2017-06-29 00:01:04Z Array Photo hourly_CHK log 1250 Program END 

Create log file
2017-06-29 00:01:05Z Array Photo hourly_CHK log 1350 Program Start
2017-06-29 00:01:05Z Array Photo hourly_CHK log 1350 Program END 

Create log file
2017-06-29 00:01:07Z Array Photo hourly_CHK log 1450 Program Start
2017-06-29 00:01:07Z Array Photo hourly_CHK log 1450 Program END 

Create log file
2017-06-29 00:01:08Z Array Photo hourly_CHK log 1650 Program Start
2017-06-29 00:01:08Z Array Photo hourly_CHK log 1650 Program END 

Create log file
2017-06-29 00:01:09Z Array Photo hourly_CHK log S150 Program Start
2017-06-29 00:01:09Z Array Photo hourly_CHK log S150 Program END 

Create log file
2017-06-29 00:01:10Z Array Photo hourly_CHK log S250 Program Start
2017-06-29 00:01:10Z Array Photo hourly_CHK log S250 Program END 

Create log file
2017-06-29 00:01:11Z Array Photo hourly_CHK log S350 Program Start
2017-06-29 00:01:11Z Array Photo hourly_CHK log S350 Program END 

Create log file
2017-06-29 00:01:11Z Array Photo hourly_CHK log S450 Program Start
2017-06-29 00:01:11Z Array Photo hourly_CHK log S450 Program END 

Create log file
2017-06-29 00:01:12Z Array Photo hourly_CHK log S550 Program Start
2017-06-29 00:01:12Z Array Photo hourly_CHK log S550 Program END 

Create log file
2017-06-29 00:01:13Z Array Photo hourly_CHK log S850 Program Start
2017-06-29 00:01:13Z Array Photo hourly_CHK log S850 Program END 

Create log file
2017-06-29 00:03:00Z Array_test_repeat log  Program Start
2017-06-29 00:03:00Z Array_test_repeat log  Program END 

Create log file
2017-06-29 00:30:31Z T0/T1 RealTimeDept Program Start
2017-06-29 00:30:31Z T0/T1 RealTimeDept Program END 

Create log file
2017-06-29 00:33:10Z T0/T1 Email Alive check  Program Start
2017-06-29 00:33:10Z T0/T1 Email Alive check  Program END 

Create log file
2017-06-29 00:50:00Z OEE_IS_Hourly_Check_alarm  Program Start
2017-06-29 00:50:00Z OEE_IS_Hourly_Check_alarm  Program END 

Create log file
2017-06-29 00:50:00Z ALCS_Hourly_Check_Alarm log  Program Start
2017-06-29 00:50:00Z ALCS_Hourly_Check_Alarm log  Program END 

Create log file
2017-06-29 00:50:00Z ALCS_Hourly_Check_Alarm log Program Start
2017-06-29 00:50:00Z ALCS_Hourly_Check_Alarm log Program END 

Create log file
2017-06-29 00:50:00Z T1OEEDB_CHK log  Program Start
2017-06-29 00:50:00Z T1OEEDB_CHK log  Program END 

Create log file
2017-06-29 00:50:00Z T1OEEDB_CHK log End Program Start
2017-06-29 00:50:00Z T1OEEDB_CHK log End Program END 

Create log file
2017-06-29 00:50:01Z T1Alarm_Server_SELF_CHECK   Program Start
2017-06-29 00:50:01Z T1Alarm_Server_SELF_CHECK   Program END 

Create log file
2017-06-29 00:50:01Z OEE_0ATPT100_Hourly_Check_alarm_Start  Program Start
2017-06-29 00:50:01Z OEE_0ATPT100_Hourly_Check_alarm_Start  Program END 

Create log file
2017-06-29 01:01:00Z Array Photo hourly_CHK log 1150 Program Start
2017-06-29 01:01:00Z Array Photo hourly_CHK log 1150 Program END 

Create log file
2017-06-29 01:01:01Z Array Photo hourly_CHK log 1250 Program Start
2017-06-29 01:01:01Z Array Photo hourly_CHK log 1250 Program END 

Create log file
2017-06-29 01:01:02Z Array Photo hourly_CHK log 1350 Program Start
2017-06-29 01:01:02Z Array Photo hourly_CHK log 1350 Program END 

Create log file
2017-06-29 01:01:04Z Array Photo hourly_CHK log 1450 Program Start
2017-06-29 01:01:04Z Array Photo hourly_CHK log 1450 Program END 

Create log file
2017-06-29 01:01:05Z Array Photo hourly_CHK log 1650 Program Start
2017-06-29 01:01:05Z Array Photo hourly_CHK log 1650 Program END 

Create log file
2017-06-29 01:01:07Z Array Photo hourly_CHK log S150 Program Start
2017-06-29 01:01:07Z Array Photo hourly_CHK log S150 Program END 

Create log file
2017-06-29 01:01:08Z Array Photo hourly_CHK log S250 Program Start
2017-06-29 01:01:08Z Array Photo hourly_CHK log S250 Program END 

Create log file
2017-06-29 01:01:08Z Array Photo hourly_CHK log S350 Program Start
2017-06-29 01:01:08Z Array Photo hourly_CHK log S350 Program END 

Create log file
2017-06-29 01:01:09Z Array Photo hourly_CHK log S450 Program Start
2017-06-29 01:01:09Z Array Photo hourly_CHK log S450 Program END 

Create log file
2017-06-29 01:01:10Z Array Photo hourly_CHK log S550 Program Start
2017-06-29 01:01:10Z Array Photo hourly_CHK log S550 Program END 

Create log file
2017-06-29 01:01:10Z Array Photo hourly_CHK log S850 Program Start
2017-06-29 01:01:10Z Array Photo hourly_CHK log S850 Program END 

Create log file
2017-06-29 01:03:00Z Array_test_repeat log  Program Start
2017-06-29 01:03:00Z Array_test_repeat log  Program END 

Create log file
2017-06-29 01:50:00Z OEE_IS_Hourly_Check_alarm  Program Start
2017-06-29 01:50:00Z OEE_IS_Hourly_Check_alarm  Program END 

Create log file
2017-06-29 01:50:00Z ALCS_Hourly_Check_Alarm log  Program Start
2017-06-29 01:50:00Z ALCS_Hourly_Check_Alarm log  Program END 

Create log file
2017-06-29 01:50:00Z ALCS_Hourly_Check_Alarm log Program Start
2017-06-29 01:50:00Z ALCS_Hourly_Check_Alarm log Program END 

Create log file
2017-06-29 01:50:00Z T1OEEDB_CHK log  Program Start
2017-06-29 01:50:00Z T1OEEDB_CHK log  Program END 

Create log file
2017-06-29 01:50:00Z T1OEEDB_CHK log End Program Start
2017-06-29 01:50:00Z T1OEEDB_CHK log End Program END 

Create log file
2017-06-29 01:50:00Z T1Alarm_Server_SELF_CHECK   Program Start
2017-06-29 01:50:00Z T1Alarm_Server_SELF_CHECK   Program END 

Create log file
2017-06-29 01:50:00Z OEE_0ATPT100_Hourly_Check_alarm_Start  Program Start
2017-06-29 01:50:00Z OEE_0ATPT100_Hourly_Check_alarm_Start  Program END 

Create log file
2017-06-29 02:01:00Z Array Photo hourly_CHK log 1150 Program Start
2017-06-29 02:01:00Z Array Photo hourly_CHK log 1150 Program END 

Create log file
2017-06-29 02:01:01Z Array Photo hourly_CHK log 1250 Program Start
2017-06-29 02:01:01Z Array Photo hourly_CHK log 1250 Program END 

Create log file
2017-06-29 02:01:03Z Array Photo hourly_CHK log 1350 Program Start
2017-06-29 02:01:03Z Array Photo hourly_CHK log 1350 Program END 

Create log file
2017-06-29 02:01:04Z Array Photo hourly_CHK log 1450 Program Start
2017-06-29 02:01:04Z Array Photo hourly_CHK log 1450 Program END 

Create log file
2017-06-29 02:01:06Z Array Photo hourly_CHK log 1650 Program Start
2017-06-29 02:01:06Z Array Photo hourly_CHK log 1650 Program END 

Create log file
2017-06-29 02:01:07Z Array Photo hourly_CHK log S150 Program Start
2017-06-29 02:01:07Z Array Photo hourly_CHK log S150 Program END 

Create log file
2017-06-29 02:01:08Z Array Photo hourly_CHK log S250 Program Start
2017-06-29 02:01:08Z Array Photo hourly_CHK log S250 Program END 

Create log file
2017-06-29 02:01:08Z Array Photo hourly_CHK log S350 Program Start
2017-06-29 02:01:08Z Array Photo hourly_CHK log S350 Program END 

Create log file
2017-06-29 02:01:09Z Array Photo hourly_CHK log S450 Program Start
2017-06-29 02:01:09Z Array Photo hourly_CHK log S450 Program END 

Create log file
2017-06-29 02:01:10Z Array Photo hourly_CHK log S550 Program Start
2017-06-29 02:01:10Z Array Photo hourly_CHK log S550 Program END 

Create log file
2017-06-29 02:01:11Z Array Photo hourly_CHK log S850 Program Start
2017-06-29 02:01:11Z Array Photo hourly_CHK log S850 Program END 

Create log file
2017-06-29 02:03:00Z Array_test_repeat log  Program Start
2017-06-29 02:03:00Z Array_test_repeat log  Program END 

Create log file
2017-06-29 02:50:00Z OEE_IS_Hourly_Check_alarm  Program Start
2017-06-29 02:50:00Z OEE_IS_Hourly_Check_alarm  Program END 

Create log file
2017-06-29 02:50:00Z ALCS_Hourly_Check_Alarm log  Program Start
2017-06-29 02:50:00Z ALCS_Hourly_Check_Alarm log  Program END 

Create log file
2017-06-29 02:50:00Z ALCS_Hourly_Check_Alarm log Program Start
2017-06-29 02:50:00Z ALCS_Hourly_Check_Alarm log Program END 

Create log file
2017-06-29 02:50:00Z T1OEEDB_CHK log  Program Start
2017-06-29 02:50:00Z T1OEEDB_CHK log  Program END 

Create log file
2017-06-29 02:50:00Z T1OEEDB_CHK log End Program Start
2017-06-29 02:50:00Z T1OEEDB_CHK log End Program END 

Create log file
2017-06-29 02:50:00Z T1Alarm_Server_SELF_CHECK   Program Start
2017-06-29 02:50:00Z T1Alarm_Server_SELF_CHECK   Program END 

Create log file
2017-06-29 02:50:00Z OEE_0ATPT100_Hourly_Check_alarm_Start  Program Start
2017-06-29 02:50:00Z OEE_0ATPT100_Hourly_Check_alarm_Start  Program END 

Create log file
2017-06-29 03:01:00Z Array Photo hourly_CHK log 1150 Program Start
2017-06-29 03:01:00Z Array Photo hourly_CHK log 1150 Program END 

Create log file
2017-06-29 03:01:01Z Array Photo hourly_CHK log 1250 Program Start
2017-06-29 03:01:01Z Array Photo hourly_CHK log 1250 Program END 

Create log file
2017-06-29 03:01:03Z Array Photo hourly_CHK log 1350 Program Start
2017-06-29 03:01:03Z Array Photo hourly_CHK log 1350 Program END 

Create log file
2017-06-29 03:01:04Z Array Photo hourly_CHK log 1450 Program Start
2017-06-29 03:01:04Z Array Photo hourly_CHK log 1450 Program END 

Create log file
2017-06-29 03:01:06Z Array Photo hourly_CHK log 1650 Program Start
2017-06-29 03:01:06Z Array Photo hourly_CHK log 1650 Program END 

Create log file
2017-06-29 03:01:07Z Array Photo hourly_CHK log S150 Program Start
2017-06-29 03:01:07Z Array Photo hourly_CHK log S150 Program END 

Create log file
2017-06-29 03:01:08Z Array Photo hourly_CHK log S250 Program Start
2017-06-29 03:01:08Z Array Photo hourly_CHK log S250 Program END 

Create log file
2017-06-29 03:01:09Z Array Photo hourly_CHK log S350 Program Start
2017-06-29 03:01:09Z Array Photo hourly_CHK log S350 Program END 

Create log file
2017-06-29 03:01:10Z Array Photo hourly_CHK log S450 Program Start
2017-06-29 03:01:10Z Array Photo hourly_CHK log S450 Program END 

Create log file
2017-06-29 03:01:10Z Array Photo hourly_CHK log S550 Program Start
2017-06-29 03:01:10Z Array Photo hourly_CHK log S550 Program END 

Create log file
2017-06-29 03:01:11Z Array Photo hourly_CHK log S850 Program Start
2017-06-29 03:01:11Z Array Photo hourly_CHK log S850 Program END 

Create log file
2017-06-29 03:03:00Z Array_test_repeat log  Program Start
2017-06-29 03:03:00Z Array_test_repeat log  Program END 

Create log file
2017-06-29 03:50:00Z OEE_IS_Hourly_Check_alarm  Program Start
2017-06-29 03:50:00Z OEE_IS_Hourly_Check_alarm  Program END 

Create log file
2017-06-29 03:50:00Z ALCS_Hourly_Check_Alarm log  Program Start
2017-06-29 03:50:00Z ALCS_Hourly_Check_Alarm log  Program END 

Create log file
2017-06-29 03:50:00Z ALCS_Hourly_Check_Alarm log Program Start
2017-06-29 03:50:00Z ALCS_Hourly_Check_Alarm log Program END 

Create log file
2017-06-29 03:50:00Z T1OEEDB_CHK log  Program Start
2017-06-29 03:50:00Z T1OEEDB_CHK log  Program END 

Create log file
2017-06-29 03:50:00Z T1OEEDB_CHK log End Program Start
2017-06-29 03:50:00Z T1OEEDB_CHK log End Program END 

Create log file
2017-06-29 03:50:00Z T1Alarm_Server_SELF_CHECK   Program Start
2017-06-29 03:50:00Z T1Alarm_Server_SELF_CHECK   Program END 

Create log file
2017-06-29 03:50:00Z OEE_0ATPT100_Hourly_Check_alarm_Start  Program Start
2017-06-29 03:50:00Z OEE_0ATPT100_Hourly_Check_alarm_Start  Program END 

Create log file
2017-06-29 04:01:00Z Array Photo hourly_CHK log 1150 Program Start
2017-06-29 04:01:00Z Array Photo hourly_CHK log 1150 Program END 

Create log file
2017-06-29 04:01:02Z Array Photo hourly_CHK log 1250 Program Start
2017-06-29 04:01:02Z Array Photo hourly_CHK log 1250 Program END 

Create log file
2017-06-29 04:01:04Z Array Photo hourly_CHK log 1350 Program Start
2017-06-29 04:01:04Z Array Photo hourly_CHK log 1350 Program END 

Create log file
2017-06-29 04:01:05Z Array Photo hourly_CHK log 1450 Program Start
2017-06-29 04:01:05Z Array Photo hourly_CHK log 1450 Program END 

Create log file
2017-06-29 04:01:07Z Array Photo hourly_CHK log 1650 Program Start
2017-06-29 04:01:07Z Array Photo hourly_CHK log 1650 Program END 

Create log file
2017-06-29 04:01:08Z Array Photo hourly_CHK log S150 Program Start
2017-06-29 04:01:08Z Array Photo hourly_CHK log S150 Program END 

Create log file
2017-06-29 04:01:09Z Array Photo hourly_CHK log S250 Program Start
2017-06-29 04:01:09Z Array Photo hourly_CHK log S250 Program END 

Create log file
2017-06-29 04:01:10Z Array Photo hourly_CHK log S350 Program Start
2017-06-29 04:01:10Z Array Photo hourly_CHK log S350 Program END 

Create log file
2017-06-29 04:01:10Z Array Photo hourly_CHK log S450 Program Start
2017-06-29 04:01:10Z Array Photo hourly_CHK log S450 Program END 

Create log file
2017-06-29 04:01:11Z Array Photo hourly_CHK log S550 Program Start
2017-06-29 04:01:11Z Array Photo hourly_CHK log S550 Program END 

Create log file
2017-06-29 04:01:12Z Array Photo hourly_CHK log S850 Program Start
2017-06-29 04:01:12Z Array Photo hourly_CHK log S850 Program END 

Create log file
2017-06-29 04:03:00Z Array_test_repeat log  Program Start
2017-06-29 04:03:00Z Array_test_repeat log  Program END 

Create log file
2017-06-29 04:50:00Z OEE_IS_Hourly_Check_alarm  Program Start
2017-06-29 04:50:00Z OEE_IS_Hourly_Check_alarm  Program END 

Create log file
2017-06-29 04:50:00Z ALCS_Hourly_Check_Alarm log  Program Start
2017-06-29 04:50:00Z ALCS_Hourly_Check_Alarm log  Program END 

Create log file
2017-06-29 04:50:00Z ALCS_Hourly_Check_Alarm log Program Start
2017-06-29 04:50:00Z ALCS_Hourly_Check_Alarm log Program END 

Create log file
2017-06-29 04:50:00Z T1OEEDB_CHK log  Program Start
2017-06-29 04:50:00Z T1OEEDB_CHK log  Program END 

Create log file
2017-06-29 04:50:00Z T1OEEDB_CHK log End Program Start
2017-06-29 04:50:00Z T1OEEDB_CHK log End Program END 

Create log file
2017-06-29 04:50:00Z T1Alarm_Server_SELF_CHECK   Program Start
2017-06-29 04:50:00Z T1Alarm_Server_SELF_CHECK   Program END 

Create log file
2017-06-29 04:50:00Z OEE_0ATPT100_Hourly_Check_alarm_Start  Program Start
2017-06-29 04:50:00Z OEE_0ATPT100_Hourly_Check_alarm_Start  Program END 

Create log file
2017-06-29 05:01:00Z Array Photo hourly_CHK log 1150 Program Start
2017-06-29 05:01:00Z Array Photo hourly_CHK log 1150 Program END 

Create log file
2017-06-29 05:01:03Z Array Photo hourly_CHK log 1250 Program Start
2017-06-29 05:01:03Z Array Photo hourly_CHK log 1250 Program END 

Create log file
2017-06-29 05:01:05Z Array Photo hourly_CHK log 1350 Program Start
2017-06-29 05:01:05Z Array Photo hourly_CHK log 1350 Program END 

Create log file
2017-06-29 05:01:07Z Array Photo hourly_CHK log 1450 Program Start
2017-06-29 05:01:07Z Array Photo hourly_CHK log 1450 Program END 

Create log file
2017-06-29 05:01:08Z Array Photo hourly_CHK log 1650 Program Start
2017-06-29 05:01:08Z Array Photo hourly_CHK log 1650 Program END 

Create log file
2017-06-29 05:01:09Z Array Photo hourly_CHK log S150 Program Start
2017-06-29 05:01:09Z Array Photo hourly_CHK log S150 Program END 

Create log file
2017-06-29 05:01:10Z Array Photo hourly_CHK log S250 Program Start
2017-06-29 05:01:10Z Array Photo hourly_CHK log S250 Program END 

Create log file
2017-06-29 05:01:11Z Array Photo hourly_CHK log S350 Program Start
2017-06-29 05:01:11Z Array Photo hourly_CHK log S350 Program END 

Create log file
2017-06-29 05:01:12Z Array Photo hourly_CHK log S450 Program Start
2017-06-29 05:01:12Z Array Photo hourly_CHK log S450 Program END 

Create log file
2017-06-29 05:01:12Z Array Photo hourly_CHK log S550 Program Start
2017-06-29 05:01:12Z Array Photo hourly_CHK log S550 Program END 

Create log file
2017-06-29 05:01:13Z Array Photo hourly_CHK log S850 Program Start
2017-06-29 05:01:13Z Array Photo hourly_CHK log S850 Program END 

Create log file
2017-06-29 05:03:00Z Array_test_repeat log  Program Start
2017-06-29 05:03:00Z Array_test_repeat log  Program END 

Create log file
2017-06-29 05:50:00Z OEE_IS_Hourly_Check_alarm  Program Start
2017-06-29 05:50:00Z OEE_IS_Hourly_Check_alarm  Program END 

Create log file
2017-06-29 05:50:00Z ALCS_Hourly_Check_Alarm log  Program Start
2017-06-29 05:50:00Z ALCS_Hourly_Check_Alarm log  Program END 

Create log file
2017-06-29 05:50:00Z ALCS_Hourly_Check_Alarm log Program Start
2017-06-29 05:50:00Z ALCS_Hourly_Check_Alarm log Program END 

Create log file
2017-06-29 05:50:00Z T1OEEDB_CHK log  Program Start
2017-06-29 05:50:00Z T1OEEDB_CHK log  Program END 

Create log file
2017-06-29 05:50:00Z T1OEEDB_CHK log End Program Start
2017-06-29 05:50:00Z T1OEEDB_CHK log End Program END 

Create log file
2017-06-29 05:50:00Z T1Alarm_Server_SELF_CHECK   Program Start
2017-06-29 05:50:00Z T1Alarm_Server_SELF_CHECK   Program END 

Create log file
2017-06-29 05:50:00Z OEE_0ATPT100_Hourly_Check_alarm_Start  Program Start
2017-06-29 05:50:00Z OEE_0ATPT100_Hourly_Check_alarm_Start  Program END 

Create log file
2017-06-29 06:01:00Z Array Photo hourly_CHK log 1150 Program Start
2017-06-29 06:01:00Z Array Photo hourly_CHK log 1150 Program END 

Create log file
2017-06-29 06:01:07Z Array Photo hourly_CHK log 1250 Program Start
2017-06-29 06:01:07Z Array Photo hourly_CHK log 1250 Program END 

Create log file
2017-06-29 06:01:13Z Array Photo hourly_CHK log 1350 Program Start
2017-06-29 06:01:13Z Array Photo hourly_CHK log 1350 Program END 

Create log file
2017-06-29 06:01:18Z Array Photo hourly_CHK log 1450 Program Start
2017-06-29 06:01:18Z Array Photo hourly_CHK log 1450 Program END 

Create log file
2017-06-29 06:01:30Z Array Photo hourly_CHK log 1650 Program Start
2017-06-29 06:01:30Z Array Photo hourly_CHK log 1650 Program END 

Create log file
2017-06-29 06:01:31Z Array Photo hourly_CHK log S150 Program Start
2017-06-29 06:01:31Z Array Photo hourly_CHK log S150 Program END 

Create log file
2017-06-29 06:01:32Z Array Photo hourly_CHK log S250 Program Start
2017-06-29 06:01:32Z Array Photo hourly_CHK log S250 Program END 

Create log file
2017-06-29 06:01:33Z Array Photo hourly_CHK log S350 Program Start
2017-06-29 06:01:33Z Array Photo hourly_CHK log S350 Program END 

Create log file
2017-06-29 06:01:34Z Array Photo hourly_CHK log S450 Program Start
2017-06-29 06:01:34Z Array Photo hourly_CHK log S450 Program END 

Create log file
2017-06-29 06:01:36Z Array Photo hourly_CHK log S550 Program Start
2017-06-29 06:01:36Z Array Photo hourly_CHK log S550 Program END 

Create log file
2017-06-29 06:01:37Z Array Photo hourly_CHK log S850 Program Start
2017-06-29 06:01:37Z Array Photo hourly_CHK log S850 Program END 

Create log file
2017-06-29 06:03:00Z Array_test_repeat log  Program Start
2017-06-29 06:03:00Z Array_test_repeat log  Program END 

Create log file
2017-06-29 06:50:00Z OEE_IS_Hourly_Check_alarm  Program Start
2017-06-29 06:50:00Z OEE_IS_Hourly_Check_alarm  Program END 

Create log file
2017-06-29 06:50:00Z ALCS_Hourly_Check_Alarm log  Program Start
2017-06-29 06:50:00Z ALCS_Hourly_Check_Alarm log  Program END 

Create log file
2017-06-29 06:50:00Z ALCS_Hourly_Check_Alarm log Program Start
2017-06-29 06:50:00Z ALCS_Hourly_Check_Alarm log Program END 

Create log file
2017-06-29 06:50:00Z T1OEEDB_CHK log  Program Start
2017-06-29 06:50:00Z T1OEEDB_CHK log  Program END 

Create log file
2017-06-29 06:50:00Z T1OEEDB_CHK log End Program Start
2017-06-29 06:50:00Z T1OEEDB_CHK log End Program END 

Create log file
2017-06-29 06:50:00Z T1Alarm_Server_SELF_CHECK   Program Start
2017-06-29 06:50:00Z T1Alarm_Server_SELF_CHECK   Program END 

Create log file
2017-06-29 06:50:00Z OEE_0ATPT100_Hourly_Check_alarm_Start  Program Start
2017-06-29 06:50:00Z OEE_0ATPT100_Hourly_Check_alarm_Start  Program END 

Create log file
2017-06-29 07:01:00Z Array Photo hourly_CHK log 1150 Program Start
2017-06-29 07:01:00Z Array Photo hourly_CHK log 1150 Program END 

Create log file
2017-06-29 07:01:06Z Array Photo hourly_CHK log 1250 Program Start
2017-06-29 07:01:06Z Array Photo hourly_CHK log 1250 Program END 

Create log file
2017-06-29 07:01:10Z Array Photo hourly_CHK log 1350 Program Start
2017-06-29 07:01:10Z Array Photo hourly_CHK log 1350 Program END 

Create log file
2017-06-29 07:01:12Z Array Photo hourly_CHK log 1450 Program Start
2017-06-29 07:01:12Z Array Photo hourly_CHK log 1450 Program END 

Create log file
2017-06-29 07:01:14Z Array Photo hourly_CHK log 1650 Program Start
2017-06-29 07:01:14Z Array Photo hourly_CHK log 1650 Program END 

Create log file
2017-06-29 07:01:16Z Array Photo hourly_CHK log S150 Program Start
2017-06-29 07:01:16Z Array Photo hourly_CHK log S150 Program END 

Create log file
2017-06-29 07:01:17Z Array Photo hourly_CHK log S250 Program Start
2017-06-29 07:01:17Z Array Photo hourly_CHK log S250 Program END 

Create log file
2017-06-29 07:01:18Z Array Photo hourly_CHK log S350 Program Start
2017-06-29 07:01:18Z Array Photo hourly_CHK log S350 Program END 

Create log file
2017-06-29 07:01:20Z Array Photo hourly_CHK log S450 Program Start
2017-06-29 07:01:20Z Array Photo hourly_CHK log S450 Program END 

Create log file
2017-06-29 07:01:21Z Array Photo hourly_CHK log S550 Program Start
2017-06-29 07:01:21Z Array Photo hourly_CHK log S550 Program END 

Create log file
2017-06-29 07:01:24Z Array Photo hourly_CHK log S850 Program Start
2017-06-29 07:01:24Z Array Photo hourly_CHK log S850 Program END 

Create log file
2017-06-29 07:03:00Z Array_test_repeat log  Program Start
2017-06-29 07:03:00Z Array_test_repeat log  Program END 

Create log file
2017-06-29 07:50:00Z OEE_IS_Hourly_Check_alarm  Program Start
2017-06-29 07:50:00Z OEE_IS_Hourly_Check_alarm  Program END 

Create log file
2017-06-29 07:50:00Z ALCS_Hourly_Check_Alarm log  Program Start
2017-06-29 07:50:00Z ALCS_Hourly_Check_Alarm log  Program END 

Create log file
2017-06-29 07:50:00Z ALCS_Hourly_Check_Alarm log Program Start
2017-06-29 07:50:00Z ALCS_Hourly_Check_Alarm log Program END 

Create log file
2017-06-29 07:50:00Z T1OEEDB_CHK log  Program Start
2017-06-29 07:50:00Z T1OEEDB_CHK log  Program END 

Create log file
2017-06-29 07:50:00Z T1OEEDB_CHK log End Program Start
2017-06-29 07:50:00Z T1OEEDB_CHK log End Program END 

Create log file
2017-06-29 07:50:00Z T1Alarm_Server_SELF_CHECK   Program Start
2017-06-29 07:50:00Z T1Alarm_Server_SELF_CHECK   Program END 

Create log file
2017-06-29 07:50:00Z OEE_0ATPT100_Hourly_Check_alarm_Start  Program Start
2017-06-29 07:50:00Z OEE_0ATPT100_Hourly_Check_alarm_Start  Program END 

Create log file
2017-06-29 08:01:00Z Array Photo hourly_CHK log 1150 Program Start
2017-06-29 08:01:00Z Array Photo hourly_CHK log 1150 Program END 

Create log file
2017-06-29 08:01:01Z Array Photo hourly_CHK log 1250 Program Start
2017-06-29 08:01:01Z Array Photo hourly_CHK log 1250 Program END 

Create log file
2017-06-29 08:01:02Z Array Photo hourly_CHK log 1350 Program Start
2017-06-29 08:01:02Z Array Photo hourly_CHK log 1350 Program END 

Create log file
2017-06-29 08:01:04Z Array Photo hourly_CHK log 1450 Program Start
2017-06-29 08:01:04Z Array Photo hourly_CHK log 1450 Program END 

Create log file
2017-06-29 08:01:05Z Array Photo hourly_CHK log 1650 Program Start
2017-06-29 08:01:05Z Array Photo hourly_CHK log 1650 Program END 

Create log file
2017-06-29 08:01:07Z Array Photo hourly_CHK log S150 Program Start
2017-06-29 08:01:07Z Array Photo hourly_CHK log S150 Program END 

Create log file
2017-06-29 08:01:07Z Array Photo hourly_CHK log S250 Program Start
2017-06-29 08:01:07Z Array Photo hourly_CHK log S250 Program END 

Create log file
2017-06-29 08:01:08Z Array Photo hourly_CHK log S350 Program Start
2017-06-29 08:01:08Z Array Photo hourly_CHK log S350 Program END 

Create log file
2017-06-29 08:01:09Z Array Photo hourly_CHK log S450 Program Start
2017-06-29 08:01:09Z Array Photo hourly_CHK log S450 Program END 

Create log file
2017-06-29 08:01:10Z Array Photo hourly_CHK log S550 Program Start
2017-06-29 08:01:10Z Array Photo hourly_CHK log S550 Program END 

Create log file
2017-06-29 08:01:13Z Array Photo hourly_CHK log S850 Program Start
2017-06-29 08:01:13Z Array Photo hourly_CHK log S850 Program END 

Create log file
2017-06-29 08:02:00Z Check_Onduty_Time From Onduty_dotnet2  Program Start
2017-06-29 08:02:00Z Check_Onduty_Time From Onduty_dotnet2  Program END 

Create log file
2017-06-29 08:03:00Z Array_test_repeat log  Program Start
2017-06-29 08:03:00Z Array_test_repeat log  Program END 

Create log file
2017-06-29 08:07:01Z Check_Onduty_Time From Onduty_dotnet2  Program Start
2017-06-29 08:07:01Z Check_Onduty_Time From Onduty_dotnet2  Program END 

Create log file
2017-06-29 08:10:00Z EDA_FILE_TODR Program Start
2017-06-29 08:10:00Z EDA_FILE_TODR Program END 

Create log file
2017-06-29 08:12:04Z Check_Onduty_Time From Onduty_dotnet2  Program Start
2017-06-29 08:12:04Z Check_Onduty_Time From Onduty_dotnet2  Program END 

Create log file
2017-06-29 08:32:00ZOEE_EQP_SMS Program Start
2017-06-29 08:32:00ZOEE_EQP_SMS Program End

Create log file
2017-06-29 08:50:00Z OEE_IS_Hourly_Check_alarm  Program Start
2017-06-29 08:50:00Z OEE_IS_Hourly_Check_alarm  Program END 

Create log file
2017-06-29 08:50:00Z ALCS_Hourly_Check_Alarm log  Program Start
2017-06-29 08:50:00Z ALCS_Hourly_Check_Alarm log  Program END 

Create log file
2017-06-29 08:50:00Z ALCS_Hourly_Check_Alarm log Program Start
2017-06-29 08:50:00Z ALCS_Hourly_Check_Alarm log Program END 

Create log file
2017-06-29 08:50:00Z T1OEEDB_CHK log  Program Start
2017-06-29 08:50:00Z T1OEEDB_CHK log  Program END 

Create log file
2017-06-29 08:50:00Z T1OEEDB_CHK log End Program Start
2017-06-29 08:50:00Z T1OEEDB_CHK log End Program END 

Create log file
2017-06-29 08:50:00Z T1Alarm_Server_SELF_CHECK   Program Start
2017-06-29 08:50:00Z T1Alarm_Server_SELF_CHECK   Program END 

Create log file
2017-06-29 08:50:01Z OEE_0ATPT100_Hourly_Check_alarm_Start  Program Start
2017-06-29 08:50:01Z OEE_0ATPT100_Hourly_Check_alarm_Start  Program END 

Create log file
2017-06-29 09:01:00Z Array Photo hourly_CHK log 1150 Program Start
2017-06-29 09:01:00Z Array Photo hourly_CHK log 1150 Program END 

Create log file
2017-06-29 09:01:04Z Array Photo hourly_CHK log 1250 Program Start
2017-06-29 09:01:04Z Array Photo hourly_CHK log 1250 Program END 

Create log file
2017-06-29 09:01:06Z Array Photo hourly_CHK log 1350 Program Start
2017-06-29 09:01:06Z Array Photo hourly_CHK log 1350 Program END 

Create log file
2017-06-29 09:01:07Z Array Photo hourly_CHK log 1450 Program Start
2017-06-29 09:01:07Z Array Photo hourly_CHK log 1450 Program END 

Create log file
2017-06-29 09:01:09Z Array Photo hourly_CHK log 1650 Program Start
2017-06-29 09:01:09Z Array Photo hourly_CHK log 1650 Program END 

Create log file
2017-06-29 09:01:10Z Array Photo hourly_CHK log S150 Program Start
2017-06-29 09:01:10Z Array Photo hourly_CHK log S150 Program END 

Create log file
2017-06-29 09:01:11Z Array Photo hourly_CHK log S250 Program Start
2017-06-29 09:01:11Z Array Photo hourly_CHK log S250 Program END 

Create log file
2017-06-29 09:01:11Z Array Photo hourly_CHK log S350 Program Start
2017-06-29 09:01:11Z Array Photo hourly_CHK log S350 Program END 

Create log file
2017-06-29 09:01:12Z Array Photo hourly_CHK log S450 Program Start
2017-06-29 09:01:12Z Array Photo hourly_CHK log S450 Program END 

Create log file
2017-06-29 09:01:13Z Array Photo hourly_CHK log S550 Program Start
2017-06-29 09:01:13Z Array Photo hourly_CHK log S550 Program END 

Create log file
2017-06-29 09:01:13Z Array Photo hourly_CHK log S850 Program Start
2017-06-29 09:01:13Z Array Photo hourly_CHK log S850 Program END 

Create log file
2017-06-29 09:03:00Z Array_test_repeat log  Program Start
2017-06-29 09:03:00Z Array_test_repeat log  Program END 

Create log file
2017-06-29 09:50:00Z OEE_IS_Hourly_Check_alarm  Program Start
2017-06-29 09:50:00Z OEE_IS_Hourly_Check_alarm  Program END 

Create log file
2017-06-29 09:50:00Z ALCS_Hourly_Check_Alarm log  Program Start
2017-06-29 09:50:00Z ALCS_Hourly_Check_Alarm log  Program END 

Create log file
2017-06-29 09:50:00Z ALCS_Hourly_Check_Alarm log Program Start
2017-06-29 09:50:00Z ALCS_Hourly_Check_Alarm log Program END 

Create log file
2017-06-29 09:50:00Z T1OEEDB_CHK log  Program Start
2017-06-29 09:50:00Z T1OEEDB_CHK log  Program END 

Create log file
2017-06-29 09:50:00Z T1OEEDB_CHK log End Program Start
2017-06-29 09:50:00Z T1OEEDB_CHK log End Program END 

Create log file
2017-06-29 09:50:00Z T1Alarm_Server_SELF_CHECK   Program Start
2017-06-29 09:50:00Z T1Alarm_Server_SELF_CHECK   Program END 

Create log file
2017-06-29 09:50:00Z OEE_0ATPT100_Hourly_Check_alarm_Start  Program Start
2017-06-29 09:50:00Z OEE_0ATPT100_Hourly_Check_alarm_Start  Program END 

Create log file
2017-06-29 10:01:00Z Array Photo hourly_CHK log 1150 Program Start
2017-06-29 10:01:00Z Array Photo hourly_CHK log 1150 Program END 

Create log file
2017-06-29 10:01:04Z Array Photo hourly_CHK log 1250 Program Start
2017-06-29 10:01:04Z Array Photo hourly_CHK log 1250 Program END 

Create log file
2017-06-29 10:01:05Z Array Photo hourly_CHK log 1350 Program Start
2017-06-29 10:01:05Z Array Photo hourly_CHK log 1350 Program END 

Create log file
2017-06-29 10:01:07Z Array Photo hourly_CHK log 1450 Program Start
2017-06-29 10:01:07Z Array Photo hourly_CHK log 1450 Program END 

Create log file
2017-06-29 10:01:08Z Array Photo hourly_CHK log 1650 Program Start
2017-06-29 10:01:08Z Array Photo hourly_CHK log 1650 Program END 

Create log file
2017-06-29 10:01:10Z Array Photo hourly_CHK log S150 Program Start
2017-06-29 10:01:10Z Array Photo hourly_CHK log S150 Program END 

Create log file
2017-06-29 10:01:10Z Array Photo hourly_CHK log S250 Program Start
2017-06-29 10:01:10Z Array Photo hourly_CHK log S250 Program END 

Create log file
2017-06-29 10:01:11Z Array Photo hourly_CHK log S350 Program Start
2017-06-29 10:01:11Z Array Photo hourly_CHK log S350 Program END 

Create log file
2017-06-29 10:01:12Z Array Photo hourly_CHK log S450 Program Start
2017-06-29 10:01:12Z Array Photo hourly_CHK log S450 Program END 

Create log file
2017-06-29 10:01:12Z Array Photo hourly_CHK log S550 Program Start
2017-06-29 10:01:12Z Array Photo hourly_CHK log S550 Program END 

Create log file
2017-06-29 10:01:13Z Array Photo hourly_CHK log S850 Program Start
2017-06-29 10:01:13Z Array Photo hourly_CHK log S850 Program END 

Create log file
2017-06-29 10:03:00Z Array_test_repeat log  Program Start
2017-06-29 10:03:00Z Array_test_repeat log  Program END 

Create log file
2017-06-29 10:50:00Z OEE_IS_Hourly_Check_alarm  Program Start
2017-06-29 10:50:00Z OEE_IS_Hourly_Check_alarm  Program END 

Create log file
2017-06-29 10:50:00Z ALCS_Hourly_Check_Alarm log  Program Start
2017-06-29 10:50:00Z ALCS_Hourly_Check_Alarm log  Program END 

Create log file
2017-06-29 10:50:00Z ALCS_Hourly_Check_Alarm log Program Start
2017-06-29 10:50:00Z ALCS_Hourly_Check_Alarm log Program END 

Create log file
2017-06-29 10:50:00Z T1OEEDB_CHK log  Program Start
2017-06-29 10:50:00Z T1OEEDB_CHK log  Program END 

Create log file
2017-06-29 10:50:00Z T1OEEDB_CHK log End Program Start
2017-06-29 10:50:00Z T1OEEDB_CHK log End Program END 

Create log file
2017-06-29 10:50:00Z T1Alarm_Server_SELF_CHECK   Program Start
2017-06-29 10:50:00Z T1Alarm_Server_SELF_CHECK   Program END 

Create log file
2017-06-29 10:50:01Z OEE_0ATPT100_Hourly_Check_alarm_Start  Program Start
2017-06-29 10:50:01Z OEE_0ATPT100_Hourly_Check_alarm_Start  Program END 

Create log file
2017-06-29 11:01:00Z Array Photo hourly_CHK log 1150 Program Start
2017-06-29 11:01:00Z Array Photo hourly_CHK log 1150 Program END 

Create log file
2017-06-29 11:01:03Z Array Photo hourly_CHK log 1250 Program Start
2017-06-29 11:01:03Z Array Photo hourly_CHK log 1250 Program END 

Create log file
2017-06-29 11:01:05Z Array Photo hourly_CHK log 1350 Program Start
2017-06-29 11:01:05Z Array Photo hourly_CHK log 1350 Program END 

Create log file
2017-06-29 11:01:07Z Array Photo hourly_CHK log 1450 Program Start
2017-06-29 11:01:07Z Array Photo hourly_CHK log 1450 Program END 

Create log file
2017-06-29 11:01:08Z Array Photo hourly_CHK log 1650 Program Start
2017-06-29 11:01:08Z Array Photo hourly_CHK log 1650 Program END 

Create log file
2017-06-29 11:01:10Z Array Photo hourly_CHK log S150 Program Start
2017-06-29 11:01:10Z Array Photo hourly_CHK log S150 Program END 

Create log file
2017-06-29 11:01:11Z Array Photo hourly_CHK log S250 Program Start
2017-06-29 11:01:11Z Array Photo hourly_CHK log S250 Program END 

Create log file
2017-06-29 11:01:12Z Array Photo hourly_CHK log S350 Program Start
2017-06-29 11:01:12Z Array Photo hourly_CHK log S350 Program END 

Create log file
2017-06-29 11:01:13Z Array Photo hourly_CHK log S450 Program Start
2017-06-29 11:01:13Z Array Photo hourly_CHK log S450 Program END 

Create log file
2017-06-29 11:01:13Z Array Photo hourly_CHK log S550 Program Start
2017-06-29 11:01:13Z Array Photo hourly_CHK log S550 Program END 

Create log file
2017-06-29 11:01:14Z Array Photo hourly_CHK log S850 Program Start
2017-06-29 11:01:14Z Array Photo hourly_CHK log S850 Program END 

Create log file
2017-06-29 11:03:00Z Array_test_repeat log  Program Start
2017-06-29 11:03:00Z Array_test_repeat log  Program END 

Create log file
2017-06-29 11:50:00Z OEE_IS_Hourly_Check_alarm  Program Start
2017-06-29 11:50:00Z OEE_IS_Hourly_Check_alarm  Program END 

Create log file
2017-06-29 11:50:00Z ALCS_Hourly_Check_Alarm log  Program Start
2017-06-29 11:50:00Z ALCS_Hourly_Check_Alarm log  Program END 

Create log file
2017-06-29 11:50:00Z ALCS_Hourly_Check_Alarm log Program Start
2017-06-29 11:50:00Z ALCS_Hourly_Check_Alarm log Program END 

Create log file
2017-06-29 11:50:00Z T1OEEDB_CHK log  Program Start
2017-06-29 11:50:00Z T1OEEDB_CHK log  Program END 

Create log file
2017-06-29 11:50:00Z T1OEEDB_CHK log End Program Start
2017-06-29 11:50:00Z T1OEEDB_CHK log End Program END 

Create log file
2017-06-29 11:50:00Z T1Alarm_Server_SELF_CHECK   Program Start
2017-06-29 11:50:00Z T1Alarm_Server_SELF_CHECK   Program END 

Create log file
2017-06-29 11:50:00Z OEE_0ATPT100_Hourly_Check_alarm_Start  Program Start
2017-06-29 11:50:00Z OEE_0ATPT100_Hourly_Check_alarm_Start  Program END 

Create log file
2017-06-29 12:01:00Z Array Photo hourly_CHK log 1150 Program Start
2017-06-29 12:01:00Z Array Photo hourly_CHK log 1150 Program END 

Create log file
2017-06-29 12:01:01Z Array Photo hourly_CHK log 1250 Program Start
2017-06-29 12:01:01Z Array Photo hourly_CHK log 1250 Program END 

Create log file
2017-06-29 12:01:02Z Array Photo hourly_CHK log 1350 Program Start
2017-06-29 12:01:02Z Array Photo hourly_CHK log 1350 Program END 

Create log file
2017-06-29 12:01:04Z Array Photo hourly_CHK log 1450 Program Start
2017-06-29 12:01:04Z Array Photo hourly_CHK log 1450 Program END 

Create log file
2017-06-29 12:01:05Z Array Photo hourly_CHK log 1650 Program Start
2017-06-29 12:01:05Z Array Photo hourly_CHK log 1650 Program END 

Create log file
2017-06-29 12:01:06Z Array Photo hourly_CHK log S150 Program Start
2017-06-29 12:01:06Z Array Photo hourly_CHK log S150 Program END 

Create log file
2017-06-29 12:01:07Z Array Photo hourly_CHK log S250 Program Start
2017-06-29 12:01:07Z Array Photo hourly_CHK log S250 Program END 

Create log file
2017-06-29 12:01:08Z Array Photo hourly_CHK log S350 Program Start
2017-06-29 12:01:08Z Array Photo hourly_CHK log S350 Program END 

Create log file
2017-06-29 12:01:08Z Array Photo hourly_CHK log S450 Program Start
2017-06-29 12:01:08Z Array Photo hourly_CHK log S450 Program END 

Create log file
2017-06-29 12:01:09Z Array Photo hourly_CHK log S550 Program Start
2017-06-29 12:01:09Z Array Photo hourly_CHK log S550 Program END 

Create log file
2017-06-29 12:01:09Z Array Photo hourly_CHK log S850 Program Start
2017-06-29 12:01:09Z Array Photo hourly_CHK log S850 Program END 

Create log file
2017-06-29 12:03:00Z Array_test_repeat log  Program Start
2017-06-29 12:03:00Z Array_test_repeat log  Program END 

Create log file
2017-06-29 12:50:00Z OEE_IS_Hourly_Check_alarm  Program Start
2017-06-29 12:50:00Z OEE_IS_Hourly_Check_alarm  Program END 

Create log file
2017-06-29 12:50:00Z ALCS_Hourly_Check_Alarm log  Program Start
2017-06-29 12:50:00Z ALCS_Hourly_Check_Alarm log  Program END 

Create log file
2017-06-29 12:50:00Z ALCS_Hourly_Check_Alarm log Program Start
2017-06-29 12:50:00Z ALCS_Hourly_Check_Alarm log Program END 

Create log file
2017-06-29 12:50:00Z T1OEEDB_CHK log  Program Start
2017-06-29 12:50:00Z T1OEEDB_CHK log  Program END 

Create log file
2017-06-29 12:50:00Z T1OEEDB_CHK log End Program Start
2017-06-29 12:50:00Z T1OEEDB_CHK log End Program END 

Create log file
2017-06-29 12:50:00Z T1Alarm_Server_SELF_CHECK   Program Start
2017-06-29 12:50:00Z T1Alarm_Server_SELF_CHECK   Program END 

Create log file
2017-06-29 12:50:01Z OEE_0ATPT100_Hourly_Check_alarm_Start  Program Start
2017-06-29 12:50:01Z OEE_0ATPT100_Hourly_Check_alarm_Start  Program END 

Create log file
2017-06-29 13:01:00Z Array Photo hourly_CHK log 1150 Program Start
2017-06-29 13:01:00Z Array Photo hourly_CHK log 1150 Program END 

Create log file
2017-06-29 13:01:05Z Array Photo hourly_CHK log 1250 Program Start
2017-06-29 13:01:05Z Array Photo hourly_CHK log 1250 Program END 

Create log file
2017-06-29 13:01:08Z Array Photo hourly_CHK log 1350 Program Start
2017-06-29 13:01:08Z Array Photo hourly_CHK log 1350 Program END 

Create log file
2017-06-29 13:01:09Z Array Photo hourly_CHK log 1450 Program Start
2017-06-29 13:01:09Z Array Photo hourly_CHK log 1450 Program END 

Create log file
2017-06-29 13:01:11Z Array Photo hourly_CHK log 1650 Program Start
2017-06-29 13:01:11Z Array Photo hourly_CHK log 1650 Program END 

Create log file
2017-06-29 13:01:13Z Array Photo hourly_CHK log S150 Program Start
2017-06-29 13:01:13Z Array Photo hourly_CHK log S150 Program END 

Create log file
2017-06-29 13:01:13Z Array Photo hourly_CHK log S250 Program Start
2017-06-29 13:01:13Z Array Photo hourly_CHK log S250 Program END 

Create log file
2017-06-29 13:01:14Z Array Photo hourly_CHK log S350 Program Start
2017-06-29 13:01:14Z Array Photo hourly_CHK log S350 Program END 

Create log file
2017-06-29 13:01:15Z Array Photo hourly_CHK log S450 Program Start
2017-06-29 13:01:15Z Array Photo hourly_CHK log S450 Program END 

Create log file
2017-06-29 13:01:16Z Array Photo hourly_CHK log S550 Program Start
2017-06-29 13:01:16Z Array Photo hourly_CHK log S550 Program END 

Create log file
2017-06-29 13:01:17Z Array Photo hourly_CHK log S850 Program Start
2017-06-29 13:01:17Z Array Photo hourly_CHK log S850 Program END 

Create log file
2017-06-29 13:03:00Z Array_test_repeat log  Program Start
2017-06-29 13:03:00Z Array_test_repeat log  Program END 

Create log file
2017-06-29 13:50:00Z OEE_IS_Hourly_Check_alarm  Program Start
2017-06-29 13:50:00Z OEE_IS_Hourly_Check_alarm  Program END 

Create log file
2017-06-29 13:50:00Z ALCS_Hourly_Check_Alarm log  Program Start
2017-06-29 13:50:00Z ALCS_Hourly_Check_Alarm log  Program END 

Create log file
2017-06-29 13:50:00Z ALCS_Hourly_Check_Alarm log Program Start
2017-06-29 13:50:00Z ALCS_Hourly_Check_Alarm log Program END 

Create log file
2017-06-29 13:50:00Z T1OEEDB_CHK log  Program Start
2017-06-29 13:50:00Z T1OEEDB_CHK log  Program END 

Create log file
2017-06-29 13:50:00Z T1OEEDB_CHK log End Program Start
2017-06-29 13:50:00Z T1OEEDB_CHK log End Program END 

Create log file
2017-06-29 13:50:00Z T1Alarm_Server_SELF_CHECK   Program Start
2017-06-29 13:50:00Z T1Alarm_Server_SELF_CHECK   Program END 

Create log file
2017-06-29 13:50:00Z OEE_0ATPT100_Hourly_Check_alarm_Start  Program Start
2017-06-29 13:50:00Z OEE_0ATPT100_Hourly_Check_alarm_Start  Program END 

Create log file
2017-06-29 14:01:00Z Array Photo hourly_CHK log 1150 Program Start
2017-06-29 14:01:00Z Array Photo hourly_CHK log 1150 Program END 

Create log file
2017-06-29 14:01:01Z Array Photo hourly_CHK log 1250 Program Start
2017-06-29 14:01:01Z Array Photo hourly_CHK log 1250 Program END 

Create log file
2017-06-29 14:01:02Z Array Photo hourly_CHK log 1350 Program Start
2017-06-29 14:01:02Z Array Photo hourly_CHK log 1350 Program END 

Create log file
2017-06-29 14:01:04Z Array Photo hourly_CHK log 1450 Program Start
2017-06-29 14:01:04Z Array Photo hourly_CHK log 1450 Program END 

Create log file
2017-06-29 14:01:05Z Array Photo hourly_CHK log 1650 Program Start
2017-06-29 14:01:05Z Array Photo hourly_CHK log 1650 Program END 

Create log file
2017-06-29 14:01:06Z Array Photo hourly_CHK log S150 Program Start
2017-06-29 14:01:06Z Array Photo hourly_CHK log S150 Program END 

Create log file
2017-06-29 14:01:07Z Array Photo hourly_CHK log S250 Program Start
2017-06-29 14:01:07Z Array Photo hourly_CHK log S250 Program END 

Create log file
2017-06-29 14:01:08Z Array Photo hourly_CHK log S350 Program Start
2017-06-29 14:01:08Z Array Photo hourly_CHK log S350 Program END 

Create log file
2017-06-29 14:01:09Z Array Photo hourly_CHK log S450 Program Start
2017-06-29 14:01:09Z Array Photo hourly_CHK log S450 Program END 

Create log file
2017-06-29 14:01:09Z Array Photo hourly_CHK log S550 Program Start
2017-06-29 14:01:09Z Array Photo hourly_CHK log S550 Program END 

Create log file
2017-06-29 14:01:10Z Array Photo hourly_CHK log S850 Program Start
2017-06-29 14:01:10Z Array Photo hourly_CHK log S850 Program END 

Create log file
2017-06-29 14:03:00Z Array_test_repeat log  Program Start
2017-06-29 14:03:00Z Array_test_repeat log  Program END 

Create log file
2017-06-29 14:51:01Z OEE_IS_Hourly_Check_alarm  Program Start
2017-06-29 14:51:01Z OEE_IS_Hourly_Check_alarm  Program END 

Create log file
2017-06-29 14:51:01Z T1Alarm_Server_SELF_CHECK   Program Start
2017-06-29 14:51:01Z T1Alarm_Server_SELF_CHECK   Program END 

Create log file
2017-06-29 14:51:02Z OEE_0ATPT100_Hourly_Check_alarm_Start  Program Start
2017-06-29 14:51:02Z OEE_0ATPT100_Hourly_Check_alarm_Start  Program END 

Create log file
2017-06-29 15:01:00Z Array Photo hourly_CHK log 1150 Program Start
2017-06-29 15:01:00Z Array Photo hourly_CHK log 1150 Program END 

Create log file
2017-06-29 15:01:04Z Array Photo hourly_CHK log 1250 Program Start
2017-06-29 15:01:04Z Array Photo hourly_CHK log 1250 Program END 

Create log file
2017-06-29 15:01:08Z Array Photo hourly_CHK log 1350 Program Start
2017-06-29 15:01:08Z Array Photo hourly_CHK log 1350 Program END 

Create log file
2017-06-29 15:01:10Z Array Photo hourly_CHK log 1450 Program Start
2017-06-29 15:01:10Z Array Photo hourly_CHK log 1450 Program END 

Create log file
2017-06-29 15:01:11Z Array Photo hourly_CHK log 1650 Program Start
2017-06-29 15:01:11Z Array Photo hourly_CHK log 1650 Program END 

Create log file
2017-06-29 15:01:12Z Array Photo hourly_CHK log S150 Program Start
2017-06-29 15:01:12Z Array Photo hourly_CHK log S150 Program END 

Create log file
2017-06-29 15:01:13Z Array Photo hourly_CHK log S250 Program Start
2017-06-29 15:01:13Z Array Photo hourly_CHK log S250 Program END 

Create log file
2017-06-29 15:01:14Z Array Photo hourly_CHK log S350 Program Start
2017-06-29 15:01:14Z Array Photo hourly_CHK log S350 Program END 

Create log file
2017-06-29 15:01:14Z Array Photo hourly_CHK log S450 Program Start
2017-06-29 15:01:14Z Array Photo hourly_CHK log S450 Program END 

Create log file
2017-06-29 15:01:15Z Array Photo hourly_CHK log S550 Program Start
2017-06-29 15:01:15Z Array Photo hourly_CHK log S550 Program END 

Create log file
2017-06-29 15:01:16Z Array Photo hourly_CHK log S850 Program Start
2017-06-29 15:01:16Z Array Photo hourly_CHK log S850 Program END 

Create log file
2017-06-29 15:03:00Z Array_test_repeat log  Program Start
2017-06-29 15:03:00Z Array_test_repeat log  Program END 

Create log file
2017-06-29 15:50:00Z OEE_IS_Hourly_Check_alarm  Program Start
2017-06-29 15:50:00Z OEE_IS_Hourly_Check_alarm  Program END 

Create log file
2017-06-29 15:50:00Z ALCS_Hourly_Check_Alarm log  Program Start
2017-06-29 15:50:00Z ALCS_Hourly_Check_Alarm log  Program END 

Create log file
2017-06-29 15:50:00Z ALCS_Hourly_Check_Alarm log Program Start
2017-06-29 15:50:00Z ALCS_Hourly_Check_Alarm log Program END 

Create log file
2017-06-29 15:50:00Z T1OEEDB_CHK log  Program Start
2017-06-29 15:50:00Z T1OEEDB_CHK log  Program END 

Create log file
2017-06-29 15:50:00Z T1OEEDB_CHK log End Program Start
2017-06-29 15:50:00Z T1OEEDB_CHK log End Program END 

Create log file
2017-06-29 15:50:00Z T1Alarm_Server_SELF_CHECK   Program Start
2017-06-29 15:50:00Z T1Alarm_Server_SELF_CHECK   Program END 

Create log file
2017-06-29 15:50:01Z OEE_0ATPT100_Hourly_Check_alarm_Start  Program Start
2017-06-29 15:50:01Z OEE_0ATPT100_Hourly_Check_alarm_Start  Program END 

Create log file
2017-06-29 16:01:00Z Array Photo hourly_CHK log 1150 Program Start
2017-06-29 16:01:00Z Array Photo hourly_CHK log 1150 Program END 

Create log file
2017-06-29 16:01:05Z Array Photo hourly_CHK log 1250 Program Start
2017-06-29 16:01:05Z Array Photo hourly_CHK log 1250 Program END 

Create log file
2017-06-29 16:01:07Z Array Photo hourly_CHK log 1350 Program Start
2017-06-29 16:01:07Z Array Photo hourly_CHK log 1350 Program END 

Create log file
2017-06-29 16:01:08Z Array Photo hourly_CHK log 1450 Program Start
2017-06-29 16:01:08Z Array Photo hourly_CHK log 1450 Program END 

Create log file
2017-06-29 16:01:09Z Array Photo hourly_CHK log 1650 Program Start
2017-06-29 16:01:09Z Array Photo hourly_CHK log 1650 Program END 

Create log file
2017-06-29 16:01:11Z Array Photo hourly_CHK log S150 Program Start
2017-06-29 16:01:11Z Array Photo hourly_CHK log S150 Program END 

Create log file
2017-06-29 16:01:11Z Array Photo hourly_CHK log S250 Program Start
2017-06-29 16:01:11Z Array Photo hourly_CHK log S250 Program END 

Create log file
2017-06-29 16:01:12Z Array Photo hourly_CHK log S350 Program Start
2017-06-29 16:01:12Z Array Photo hourly_CHK log S350 Program END 

Create log file
2017-06-29 16:01:13Z Array Photo hourly_CHK log S450 Program Start
2017-06-29 16:01:13Z Array Photo hourly_CHK log S450 Program END 

Create log file
2017-06-29 16:01:13Z Array Photo hourly_CHK log S550 Program Start
2017-06-29 16:01:13Z Array Photo hourly_CHK log S550 Program END 

Create log file
2017-06-29 16:01:14Z Array Photo hourly_CHK log S850 Program Start
2017-06-29 16:01:14Z Array Photo hourly_CHK log S850 Program END 

Create log file
2017-06-29 16:03:00Z Array_test_repeat log  Program Start
2017-06-29 16:03:00Z Array_test_repeat log  Program END 

