Create log file
2014-03-17 01:01:08Z tacttime_calcular_mode_data Start Program Start
2014-03-17 01:01:08Z tacttime_calcular_mode_data Start Program END 

Create log file
2014-03-17 01:01:10Z tacttime_calcular_PMDT0ARRAY0A-TF0APVD End Program Start
2014-03-17 01:01:10Z tacttime_calcular_PMDT0ARRAY0A-TF0APVD End Program END 

Create log file
2014-03-17 01:01:20Z tacttime_calcular_mode_data Start Program Start
2014-03-17 01:01:20Z tacttime_calcular_mode_data Start Program END 

Create log file
2014-03-17 01:01:20Z tacttime_calcular_PMDT0ARRAY0A-TF0APVD End Program Start
2014-03-17 01:01:20Z tacttime_calcular_PMDT0ARRAY0A-TF0APVD End Program END 

Create log file
2014-03-17 01:01:20Z tacttime_calcular_mode_data Start Program Start
2014-03-17 01:01:20Z tacttime_calcular_mode_data Start Program END 

Create log file
2014-03-17 01:01:20Z tacttime_calcular_PMDT0ARRAY0A-TF0APVD End Program Start
2014-03-17 01:01:20Z tacttime_calcular_PMDT0ARRAY0A-TF0APVD End Program END 

Create log file
2014-03-17 01:01:21Z tacttime_calcular_mode_data Start Program Start
2014-03-17 01:01:21Z tacttime_calcular_mode_data Start Program END 

Create log file
2014-03-17 01:01:21Z tacttime_calcular_PMDT0ARRAY0A-TF0APVD End Program Start
2014-03-17 01:01:21Z tacttime_calcular_PMDT0ARRAY0A-TF0APVD End Program END 

Create log file
2014-03-17 01:01:21Z tacttime_calcular_mode_data Start Program Start
2014-03-17 01:01:21Z tacttime_calcular_mode_data Start Program END 

Create log file
2014-03-17 01:01:22Z tacttime_calcular_PMDT0ARRAY0A-TF0APVD End Program Start
2014-03-17 01:01:22Z tacttime_calcular_PMDT0ARRAY0A-TF0APVD End Program END 

Create log file
2014-03-17 01:01:46Z tacttime_calcular_mode_data Start Program Start
2014-03-17 01:01:46Z tacttime_calcular_mode_data Start Program END 

Create log file
2014-03-17 01:01:46Z tacttime_calcular_PMDT0ARRAY0A-TF0APVD End Program Start
2014-03-17 01:01:46Z tacttime_calcular_PMDT0ARRAY0A-TF0APVD End Program END 

Create log file
2014-03-17 01:01:49Z tacttime_calcular_mode_data Start Program Start
2014-03-17 01:01:49Z tacttime_calcular_mode_data Start Program END 

Create log file
2014-03-17 01:01:49Z tacttime_calcular_PMDT0ARRAY0A-TF0APVD End Program Start
2014-03-17 01:01:49Z tacttime_calcular_PMDT0ARRAY0A-TF0APVD End Program END 

Create log file
2014-03-17 01:01:59Z tacttime_calcular_mode_data Start Program Start
2014-03-17 01:01:59Z tacttime_calcular_mode_data Start Program END 

Create log file
2014-03-17 01:01:59Z tacttime_calcular_PMDT0ARRAY0A-TF0APVD End Program Start
2014-03-17 01:01:59Z tacttime_calcular_PMDT0ARRAY0A-TF0APVD End Program END 

Create log file
2014-03-17 01:02:05Z tacttime_calcular_mode_data Start Program Start
2014-03-17 01:02:05Z tacttime_calcular_mode_data Start Program END 

Create log file
2014-03-17 01:02:06Z tacttime_calcular_PMDT0ARRAY0A-TF0APVD End Program Start
2014-03-17 01:02:06Z tacttime_calcular_PMDT0ARRAY0A-TF0APVD End Program END 

Create log file
2014-03-17 01:02:43Z tacttime_calcular_mode_data Start Program Start
2014-03-17 01:02:43Z tacttime_calcular_mode_data Start Program END 

Create log file
2014-03-17 01:02:44Z tacttime_calcular_PMDT0ARRAY0A-TF0APVD End Program Start
2014-03-17 01:02:44Z tacttime_calcular_PMDT0ARRAY0A-TF0APVD End Program END 

Create log file
2014-03-17 01:02:45Z tacttime_calcular_mode_data Start Program Start
2014-03-17 01:02:45Z tacttime_calcular_mode_data Start Program END 

Create log file
2014-03-17 01:02:45Z tacttime_calcular_PMDT0ARRAY0A-TF0APVD End Program Start
2014-03-17 01:02:45Z tacttime_calcular_PMDT0ARRAY0A-TF0APVD End Program END 

Create log file
2014-03-17 01:02:56Z tacttime_calcular_mode_data Start Program Start
2014-03-17 01:02:56Z tacttime_calcular_mode_data Start Program END 

Create log file
2014-03-17 01:02:56Z tacttime_calcular_PMDT0ARRAY0A-TF0APVD End Program Start
2014-03-17 01:02:56Z tacttime_calcular_PMDT0ARRAY0A-TF0APVD End Program END 

Create log file
2014-03-17 01:03:29Z tacttime_calcular_mode_data Start Program Start
2014-03-17 01:03:29Z tacttime_calcular_mode_data Start Program END 

Create log file
2014-03-17 01:03:29Z tacttime_calcular_PMDT0ARRAY0A-TF0APVD End Program Start
2014-03-17 01:03:29Z tacttime_calcular_PMDT0ARRAY0A-TF0APVD End Program END 

Create log file
2014-03-17 01:03:39Z tacttime_calcular_mode_data Start Program Start
2014-03-17 01:03:39Z tacttime_calcular_mode_data Start Program END 

Create log file
2014-03-17 01:03:39Z tacttime_calcular_PMDT0ARRAY0A-TF0APVD End Program Start
2014-03-17 01:03:39Z tacttime_calcular_PMDT0ARRAY0A-TF0APVD End Program END 

Create log file
2014-03-17 01:03:51Z tacttime_calcular_mode_data Start Program Start
2014-03-17 01:03:51Z tacttime_calcular_mode_data Start Program END 

Create log file
2014-03-17 01:03:51Z tacttime_calcular_PMDT0ARRAY0A-TF0APVD End Program Start
2014-03-17 01:03:51Z tacttime_calcular_PMDT0ARRAY0A-TF0APVD End Program END 

Create log file
2014-03-17 01:03:53Z tacttime_calcular_mode_data Start Program Start
2014-03-17 01:03:53Z tacttime_calcular_mode_data Start Program END 

Create log file
2014-03-17 01:03:53Z tacttime_calcular_PMDT0ARRAY0A-TF0APVD End Program Start
2014-03-17 01:03:53Z tacttime_calcular_PMDT0ARRAY0A-TF0APVD End Program END 

Create log file
2014-03-17 01:04:04Z tacttime_calcular_mode_data Start Program Start
2014-03-17 01:04:04Z tacttime_calcular_mode_data Start Program END 

Create log file
2014-03-17 01:04:05Z tacttime_calcular_PMDT0ARRAY0A-TF0APVD End Program Start
2014-03-17 01:04:05Z tacttime_calcular_PMDT0ARRAY0A-TF0APVD End Program END 

Create log file
2014-03-17 01:04:10Z tacttime_calcular_mode_data Start Program Start
2014-03-17 01:04:10Z tacttime_calcular_mode_data Start Program END 

Create log file
2014-03-17 01:04:10Z tacttime_calcular_PMDT0ARRAY0A-TF0APVD End Program Start
2014-03-17 01:04:10Z tacttime_calcular_PMDT0ARRAY0A-TF0APVD End Program END 

Create log file
2014-03-17 01:04:10Z PP Tacttime  calcular_mode_data_T0ARRAY_0A-TF_0APVD0.95 start  Program Start
2014-03-17 01:04:10Z PP Tacttime  calcular_mode_data_T0ARRAY_0A-TF_0APVD0.95 start  Program END 

Create log file
2014-03-17 01:04:11Z PP Tacttime  calcular_mode_data_T0ARRAY_0A-TF_0APVD0.95 End  Program Start
2014-03-17 01:04:11Z PP Tacttime  calcular_mode_data_T0ARRAY_0A-TF_0APVD0.95 End  Program END 

Create log file
2014-03-17 01:04:22Z tacttime_calcular_mode_data Start Program Start
2014-03-17 01:04:22Z tacttime_calcular_mode_data Start Program END 

Create log file
2014-03-17 01:04:22Z tacttime_calcular_PMDT0ARRAY0A-ETCH0AWET End Program Start
2014-03-17 01:04:22Z tacttime_calcular_PMDT0ARRAY0A-ETCH0AWET End Program END 

Create log file
2014-03-17 01:04:25Z tacttime_calcular_mode_data Start Program Start
2014-03-17 01:04:25Z tacttime_calcular_mode_data Start Program END 

Create log file
2014-03-17 01:04:26Z tacttime_calcular_PMDT0ARRAY0A-ETCH0AWET End Program Start
2014-03-17 01:04:26Z tacttime_calcular_PMDT0ARRAY0A-ETCH0AWET End Program END 

Create log file
2014-03-17 01:05:01Z tacttime_calcular_mode_data Start Program Start
2014-03-17 01:05:01Z tacttime_calcular_mode_data Start Program END 

Create log file
2014-03-17 01:05:02Z tacttime_calcular_PMDT0ARRAY0A-ETCH0AWET End Program Start
2014-03-17 01:05:02Z tacttime_calcular_PMDT0ARRAY0A-ETCH0AWET End Program END 

Create log file
2014-03-17 01:05:16Z tacttime_calcular_mode_data Start Program Start
2014-03-17 01:05:16Z tacttime_calcular_mode_data Start Program END 

Create log file
2014-03-17 01:05:17Z tacttime_calcular_PMDT0ARRAY0A-ETCH0AWET End Program Start
2014-03-17 01:05:17Z tacttime_calcular_PMDT0ARRAY0A-ETCH0AWET End Program END 

Create log file
2014-03-17 01:05:19Z tacttime_calcular_mode_data Start Program Start
2014-03-17 01:05:19Z tacttime_calcular_mode_data Start Program END 

Create log file
2014-03-17 01:05:20Z tacttime_calcular_PMDT0ARRAY0A-ETCH0AWET End Program Start
2014-03-17 01:05:20Z tacttime_calcular_PMDT0ARRAY0A-ETCH0AWET End Program END 

Create log file
2014-03-17 01:05:56Z tacttime_calcular_mode_data Start Program Start
2014-03-17 01:05:56Z tacttime_calcular_mode_data Start Program END 

Create log file
2014-03-17 01:05:57Z tacttime_calcular_PMDT0ARRAY0A-ETCH0AWET End Program Start
2014-03-17 01:05:57Z tacttime_calcular_PMDT0ARRAY0A-ETCH0AWET End Program END 

Create log file
2014-03-17 01:05:58Z tacttime_calcular_mode_data Start Program Start
2014-03-17 01:05:58Z tacttime_calcular_mode_data Start Program END 

Create log file
2014-03-17 01:05:58Z tacttime_calcular_PMDT0ARRAY0A-ETCH0AWET End Program Start
2014-03-17 01:05:58Z tacttime_calcular_PMDT0ARRAY0A-ETCH0AWET End Program END 

Create log file
2014-03-17 01:06:01Z tacttime_calcular_mode_data Start Program Start
2014-03-17 01:06:01Z tacttime_calcular_mode_data Start Program END 

Create log file
2014-03-17 01:06:02Z tacttime_calcular_PMDT0ARRAY0A-ETCH0AWET End Program Start
2014-03-17 01:06:02Z tacttime_calcular_PMDT0ARRAY0A-ETCH0AWET End Program END 

Create log file
2014-03-17 01:06:07Z tacttime_calcular_mode_data Start Program Start
2014-03-17 01:06:07Z tacttime_calcular_mode_data Start Program END 

Create log file
2014-03-17 01:06:08Z tacttime_calcular_PMDT0ARRAY0A-ETCH0AWET End Program Start
2014-03-17 01:06:08Z tacttime_calcular_PMDT0ARRAY0A-ETCH0AWET End Program END 

Create log file
2014-03-17 01:06:08Z tacttime_calcular_mode_data Start Program Start
2014-03-17 01:06:08Z tacttime_calcular_mode_data Start Program END 

Create log file
2014-03-17 01:06:08Z tacttime_calcular_PMDT0ARRAY0A-ETCH0AWET End Program Start
2014-03-17 01:06:08Z tacttime_calcular_PMDT0ARRAY0A-ETCH0AWET End Program END 

Create log file
2014-03-17 01:06:13Z tacttime_calcular_mode_data Start Program Start
2014-03-17 01:06:13Z tacttime_calcular_mode_data Start Program END 

Create log file
2014-03-17 01:06:14Z tacttime_calcular_PMDT0ARRAY0A-ETCH0AWET End Program Start
2014-03-17 01:06:14Z tacttime_calcular_PMDT0ARRAY0A-ETCH0AWET End Program END 

Create log file
2014-03-17 01:06:22Z tacttime_calcular_mode_data Start Program Start
2014-03-17 01:06:22Z tacttime_calcular_mode_data Start Program END 

Create log file
2014-03-17 01:06:22Z tacttime_calcular_PMDT0ARRAY0A-ETCH0AWET End Program Start
2014-03-17 01:06:22Z tacttime_calcular_PMDT0ARRAY0A-ETCH0AWET End Program END 

Create log file
2014-03-17 01:07:30Z tacttime_calcular_mode_data Start Program Start
2014-03-17 01:07:30Z tacttime_calcular_mode_data Start Program END 

Create log file
2014-03-17 01:07:31Z tacttime_calcular_PMDT0ARRAY0A-ETCH0AWET End Program Start
2014-03-17 01:07:31Z tacttime_calcular_PMDT0ARRAY0A-ETCH0AWET End Program END 

Create log file
2014-03-17 01:07:31Z PP Tacttime  calcular_mode_data_T0ARRAY_0A-ETCH_0AWET0.95 start  Program Start
2014-03-17 01:07:31Z PP Tacttime  calcular_mode_data_T0ARRAY_0A-ETCH_0AWET0.95 start  Program END 

Create log file
2014-03-17 01:07:32Z PP Tacttime  calcular_mode_data_T0ARRAY_0A-ETCH_0AWET0.95 End  Program Start
2014-03-17 01:07:32Z PP Tacttime  calcular_mode_data_T0ARRAY_0A-ETCH_0AWET0.95 End  Program END 

Create log file
2014-03-17 01:09:31Z tacttime_calcular_mode_data Start Program Start
2014-03-17 01:09:31Z tacttime_calcular_mode_data Start Program END 

Create log file
2014-03-17 01:09:33Z tacttime_calcular_PMDT0ARRAY0A-TF0APDC End Program Start
2014-03-17 01:09:33Z tacttime_calcular_PMDT0ARRAY0A-TF0APDC End Program END 

Create log file
2014-03-17 01:09:45Z tacttime_calcular_mode_data Start Program Start
2014-03-17 01:09:45Z tacttime_calcular_mode_data Start Program END 

Create log file
2014-03-17 01:09:45Z tacttime_calcular_PMDT0ARRAY0A-TF0APDC End Program Start
2014-03-17 01:09:45Z tacttime_calcular_PMDT0ARRAY0A-TF0APDC End Program END 

Create log file
2014-03-17 01:10:07Z tacttime_calcular_mode_data Start Program Start
2014-03-17 01:10:07Z tacttime_calcular_mode_data Start Program END 

Create log file
2014-03-17 01:10:08Z tacttime_calcular_PMDT0ARRAY0A-TF0APDC End Program Start
2014-03-17 01:10:08Z tacttime_calcular_PMDT0ARRAY0A-TF0APDC End Program END 

Create log file
2014-03-17 01:12:19Z tacttime_calcular_mode_data Start Program Start
2014-03-17 01:12:19Z tacttime_calcular_mode_data Start Program END 

Create log file
2014-03-17 01:12:20Z tacttime_calcular_PMDT0ARRAY0A-TF0APDC End Program Start
2014-03-17 01:12:20Z tacttime_calcular_PMDT0ARRAY0A-TF0APDC End Program END 

Create log file
2014-03-17 01:12:39Z tacttime_calcular_mode_data Start Program Start
2014-03-17 01:12:39Z tacttime_calcular_mode_data Start Program END 

Create log file
2014-03-17 01:12:39Z tacttime_calcular_PMDT0ARRAY0A-TF0APDC End Program Start
2014-03-17 01:12:39Z tacttime_calcular_PMDT0ARRAY0A-TF0APDC End Program END 

Create log file
2014-03-17 01:12:47Z tacttime_calcular_mode_data Start Program Start
2014-03-17 01:12:47Z tacttime_calcular_mode_data Start Program END 

Create log file
2014-03-17 01:12:48Z tacttime_calcular_PMDT0ARRAY0A-TF0APDC End Program Start
2014-03-17 01:12:48Z tacttime_calcular_PMDT0ARRAY0A-TF0APDC End Program END 

Create log file
2014-03-17 01:12:48Z PP Tacttime  calcular_mode_data_T0ARRAY_0A-TF_0APDC0.95 start  Program Start
2014-03-17 01:12:48Z PP Tacttime  calcular_mode_data_T0ARRAY_0A-TF_0APDC0.95 start  Program END 

Create log file
2014-03-17 01:12:48Z PP Tacttime  calcular_mode_data_T0ARRAY_0A-TF_0APDC0.95 End  Program Start
2014-03-17 01:12:48Z PP Tacttime  calcular_mode_data_T0ARRAY_0A-TF_0APDC0.95 End  Program END 

Create log file
2014-03-17 01:14:43Z tacttime_calcular_mode_data Start Program Start
2014-03-17 01:14:43Z tacttime_calcular_mode_data Start Program END 

Create log file
2014-03-17 01:14:47Z tacttime_calcular_PMDT0ARRAY0A-TF0AINC End Program Start
2014-03-17 01:14:47Z tacttime_calcular_PMDT0ARRAY0A-TF0AINC End Program END 

Create log file
2014-03-17 01:14:47Z PP Tacttime  calcular_mode_data_T0ARRAY_0A-TF_0AINC0.95 start  Program Start
2014-03-17 01:14:47Z PP Tacttime  calcular_mode_data_T0ARRAY_0A-TF_0AINC0.95 start  Program END 

Create log file
2014-03-17 01:14:47Z PP Tacttime  calcular_mode_data_T0ARRAY_0A-TF_0AINC0.95 End  Program Start
2014-03-17 01:14:47Z PP Tacttime  calcular_mode_data_T0ARRAY_0A-TF_0AINC0.95 End  Program END 

Create log file
2014-03-17 02:00:52Z tacttime_calcular_mode_data Start Program Start
2014-03-17 02:00:52Z tacttime_calcular_mode_data Start Program END 

Create log file
2014-03-17 02:00:53Z tacttime_calcular_PMDT0ARRAY0A-ETCH0ASTR End Program Start
2014-03-17 02:00:53Z tacttime_calcular_PMDT0ARRAY0A-ETCH0ASTR End Program END 

Create log file
2014-03-17 02:01:38Z tacttime_calcular_mode_data Start Program Start
2014-03-17 02:01:38Z tacttime_calcular_mode_data Start Program END 

Create log file
2014-03-17 02:01:39Z tacttime_calcular_PMDT0ARRAY0A-ETCH0ASTR End Program Start
2014-03-17 02:01:39Z tacttime_calcular_PMDT0ARRAY0A-ETCH0ASTR End Program END 

Create log file
2014-03-17 02:04:23Z tacttime_calcular_mode_data Start Program Start
2014-03-17 02:04:23Z tacttime_calcular_mode_data Start Program END 

Create log file
2014-03-17 02:04:24Z tacttime_calcular_PMDT0ARRAY0A-ETCH0ASTR End Program Start
2014-03-17 02:04:24Z tacttime_calcular_PMDT0ARRAY0A-ETCH0ASTR End Program END 

Create log file
2014-03-17 02:05:12Z tacttime_calcular_mode_data Start Program Start
2014-03-17 02:05:12Z tacttime_calcular_mode_data Start Program END 

Create log file
2014-03-17 02:05:13Z tacttime_calcular_PMDT0ARRAY0A-ETCH0ASTR End Program Start
2014-03-17 02:05:13Z tacttime_calcular_PMDT0ARRAY0A-ETCH0ASTR End Program END 

Create log file
2014-03-17 02:08:04Z tacttime_calcular_mode_data Start Program Start
2014-03-17 02:08:04Z tacttime_calcular_mode_data Start Program END 

Create log file
2014-03-17 02:08:05Z tacttime_calcular_PMDT0ARRAY0A-ETCH0ASTR End Program Start
2014-03-17 02:08:05Z tacttime_calcular_PMDT0ARRAY0A-ETCH0ASTR End Program END 

Create log file
2014-03-17 02:09:39Z tacttime_calcular_mode_data Start Program Start
2014-03-17 02:09:39Z tacttime_calcular_mode_data Start Program END 

Create log file
2014-03-17 02:09:40Z tacttime_calcular_PMDT0ARRAY0A-ETCH0ASTR End Program Start
2014-03-17 02:09:40Z tacttime_calcular_PMDT0ARRAY0A-ETCH0ASTR End Program END 

Create log file
2014-03-17 02:09:47Z tacttime_calcular_mode_data Start Program Start
2014-03-17 02:09:47Z tacttime_calcular_mode_data Start Program END 

Create log file
2014-03-17 02:09:48Z tacttime_calcular_PMDT0ARRAY0A-ETCH0ASTR End Program Start
2014-03-17 02:09:48Z tacttime_calcular_PMDT0ARRAY0A-ETCH0ASTR End Program END 

Create log file
2014-03-17 02:09:48Z PP Tacttime  calcular_mode_data_T0ARRAY_0A-ETCH_0ASTR0.95 start  Program Start
2014-03-17 02:09:48Z PP Tacttime  calcular_mode_data_T0ARRAY_0A-ETCH_0ASTR0.95 start  Program END 

Create log file
2014-03-17 02:09:48Z PP Tacttime  calcular_mode_data_T0ARRAY_0A-ETCH_0ASTR0.95 End  Program Start
2014-03-17 02:09:48Z PP Tacttime  calcular_mode_data_T0ARRAY_0A-ETCH_0ASTR0.95 End  Program END 

Create log file
2014-03-17 02:10:31Z tacttime_calcular_mode_data Start Program Start
2014-03-17 02:10:31Z tacttime_calcular_mode_data Start Program END 

Create log file
2014-03-17 02:10:31Z tacttime_calcular_PMDT0ARRAY0A-PHOTO0ADEV End Program Start
2014-03-17 02:10:31Z tacttime_calcular_PMDT0ARRAY0A-PHOTO0ADEV End Program END 

Create log file
2014-03-17 02:10:37Z tacttime_calcular_mode_data Start Program Start
2014-03-17 02:10:37Z tacttime_calcular_mode_data Start Program END 

Create log file
2014-03-17 02:10:38Z tacttime_calcular_PMDT0ARRAY0A-PHOTO0ADEV End Program Start
2014-03-17 02:10:38Z tacttime_calcular_PMDT0ARRAY0A-PHOTO0ADEV End Program END 

Create log file
2014-03-17 02:11:36Z tacttime_calcular_mode_data Start Program Start
2014-03-17 02:11:36Z tacttime_calcular_mode_data Start Program END 

Create log file
2014-03-17 02:11:38Z tacttime_calcular_PMDT0ARRAY0A-PHOTO0ADEV End Program Start
2014-03-17 02:11:38Z tacttime_calcular_PMDT0ARRAY0A-PHOTO0ADEV End Program END 

Create log file
2014-03-17 02:12:14Z tacttime_calcular_mode_data Start Program Start
2014-03-17 02:12:14Z tacttime_calcular_mode_data Start Program END 

Create log file
2014-03-17 02:12:15Z tacttime_calcular_PMDT0ARRAY0A-PHOTO0ADEV End Program Start
2014-03-17 02:12:15Z tacttime_calcular_PMDT0ARRAY0A-PHOTO0ADEV End Program END 

Create log file
2014-03-17 02:12:30Z tacttime_calcular_mode_data Start Program Start
2014-03-17 02:12:30Z tacttime_calcular_mode_data Start Program END 

Create log file
2014-03-17 02:12:31Z tacttime_calcular_PMDT0ARRAY0A-PHOTO0ADEV End Program Start
2014-03-17 02:12:31Z tacttime_calcular_PMDT0ARRAY0A-PHOTO0ADEV End Program END 

Create log file
2014-03-17 02:12:41Z tacttime_calcular_mode_data Start Program Start
2014-03-17 02:12:41Z tacttime_calcular_mode_data Start Program END 

Create log file
2014-03-17 02:12:42Z tacttime_calcular_PMDT0ARRAY0A-PHOTO0ADEV End Program Start
2014-03-17 02:12:42Z tacttime_calcular_PMDT0ARRAY0A-PHOTO0ADEV End Program END 

Create log file
2014-03-17 02:12:55Z tacttime_calcular_mode_data Start Program Start
2014-03-17 02:12:55Z tacttime_calcular_mode_data Start Program END 

Create log file
2014-03-17 02:12:56Z tacttime_calcular_PMDT0ARRAY0A-PHOTO0ADEV End Program Start
2014-03-17 02:12:56Z tacttime_calcular_PMDT0ARRAY0A-PHOTO0ADEV End Program END 

Create log file
2014-03-17 02:13:22Z tacttime_calcular_mode_data Start Program Start
2014-03-17 02:13:22Z tacttime_calcular_mode_data Start Program END 

Create log file
2014-03-17 02:13:23Z tacttime_calcular_PMDT0ARRAY0A-PHOTO0ADEV End Program Start
2014-03-17 02:13:23Z tacttime_calcular_PMDT0ARRAY0A-PHOTO0ADEV End Program END 

Create log file
2014-03-17 02:13:26Z tacttime_calcular_mode_data Start Program Start
2014-03-17 02:13:26Z tacttime_calcular_mode_data Start Program END 

Create log file
2014-03-17 02:13:27Z tacttime_calcular_PMDT0ARRAY0A-PHOTO0ADEV End Program Start
2014-03-17 02:13:27Z tacttime_calcular_PMDT0ARRAY0A-PHOTO0ADEV End Program END 

Create log file
2014-03-17 02:13:57Z tacttime_calcular_mode_data Start Program Start
2014-03-17 02:13:57Z tacttime_calcular_mode_data Start Program END 

Create log file
2014-03-17 02:13:59Z tacttime_calcular_PMDT0ARRAY0A-PHOTO0ADEV End Program Start
2014-03-17 02:13:59Z tacttime_calcular_PMDT0ARRAY0A-PHOTO0ADEV End Program END 

Create log file
2014-03-17 02:14:03Z tacttime_calcular_mode_data Start Program Start
2014-03-17 02:14:03Z tacttime_calcular_mode_data Start Program END 

Create log file
2014-03-17 02:14:04Z tacttime_calcular_PMDT0ARRAY0A-PHOTO0ADEV End Program Start
2014-03-17 02:14:04Z tacttime_calcular_PMDT0ARRAY0A-PHOTO0ADEV End Program END 

Create log file
2014-03-17 02:14:07Z tacttime_calcular_mode_data Start Program Start
2014-03-17 02:14:07Z tacttime_calcular_mode_data Start Program END 

Create log file
2014-03-17 02:14:07Z tacttime_calcular_PMDT0ARRAY0A-PHOTO0ADEV End Program Start
2014-03-17 02:14:07Z tacttime_calcular_PMDT0ARRAY0A-PHOTO0ADEV End Program END 

Create log file
2014-03-17 02:14:27Z tacttime_calcular_mode_data Start Program Start
2014-03-17 02:14:27Z tacttime_calcular_mode_data Start Program END 

Create log file
2014-03-17 02:14:29Z tacttime_calcular_PMDT0ARRAY0A-PHOTO0ADEV End Program Start
2014-03-17 02:14:29Z tacttime_calcular_PMDT0ARRAY0A-PHOTO0ADEV End Program END 

Create log file
2014-03-17 02:14:33Z tacttime_calcular_mode_data Start Program Start
2014-03-17 02:14:33Z tacttime_calcular_mode_data Start Program END 

Create log file
2014-03-17 02:14:33Z tacttime_calcular_PMDT0ARRAY0A-PHOTO0ADEV End Program Start
2014-03-17 02:14:33Z tacttime_calcular_PMDT0ARRAY0A-PHOTO0ADEV End Program END 

Create log file
2014-03-17 02:14:39Z tacttime_calcular_mode_data Start Program Start
2014-03-17 02:14:39Z tacttime_calcular_mode_data Start Program END 

Create log file
2014-03-17 02:14:39Z tacttime_calcular_PMDT0ARRAY0A-PHOTO0ADEV End Program Start
2014-03-17 02:14:39Z tacttime_calcular_PMDT0ARRAY0A-PHOTO0ADEV End Program END 

Create log file
2014-03-17 02:14:45Z tacttime_calcular_mode_data Start Program Start
2014-03-17 02:14:45Z tacttime_calcular_mode_data Start Program END 

Create log file
2014-03-17 02:14:45Z tacttime_calcular_PMDT0ARRAY0A-PHOTO0ADEV End Program Start
2014-03-17 02:14:45Z tacttime_calcular_PMDT0ARRAY0A-PHOTO0ADEV End Program END 

Create log file
2014-03-17 02:14:54Z tacttime_calcular_mode_data Start Program Start
2014-03-17 02:14:54Z tacttime_calcular_mode_data Start Program END 

Create log file
2014-03-17 02:14:55Z tacttime_calcular_PMDT0ARRAY0A-PHOTO0ADEV End Program Start
2014-03-17 02:14:55Z tacttime_calcular_PMDT0ARRAY0A-PHOTO0ADEV End Program END 

Create log file
2014-03-17 02:16:21Z tacttime_calcular_mode_data Start Program Start
2014-03-17 02:16:21Z tacttime_calcular_mode_data Start Program END 

Create log file
2014-03-17 02:16:24Z tacttime_calcular_PMDT0ARRAY0A-PHOTO0ADEV End Program Start
2014-03-17 02:16:24Z tacttime_calcular_PMDT0ARRAY0A-PHOTO0ADEV End Program END 

Create log file
2014-03-17 02:16:26Z tacttime_calcular_mode_data Start Program Start
2014-03-17 02:16:26Z tacttime_calcular_mode_data Start Program END 

Create log file
2014-03-17 02:16:26Z tacttime_calcular_PMDT0ARRAY0A-PHOTO0ADEV End Program Start
2014-03-17 02:16:26Z tacttime_calcular_PMDT0ARRAY0A-PHOTO0ADEV End Program END 

Create log file
2014-03-17 02:16:45Z tacttime_calcular_mode_data Start Program Start
2014-03-17 02:16:45Z tacttime_calcular_mode_data Start Program END 

Create log file
2014-03-17 02:16:46Z tacttime_calcular_PMDT0ARRAY0A-PHOTO0ADEV End Program Start
2014-03-17 02:16:46Z tacttime_calcular_PMDT0ARRAY0A-PHOTO0ADEV End Program END 

Create log file
2014-03-17 02:16:52Z tacttime_calcular_mode_data Start Program Start
2014-03-17 02:16:52Z tacttime_calcular_mode_data Start Program END 

Create log file
2014-03-17 02:16:53Z tacttime_calcular_PMDT0ARRAY0A-PHOTO0ADEV End Program Start
2014-03-17 02:16:53Z tacttime_calcular_PMDT0ARRAY0A-PHOTO0ADEV End Program END 

Create log file
2014-03-17 02:16:57Z tacttime_calcular_mode_data Start Program Start
2014-03-17 02:16:57Z tacttime_calcular_mode_data Start Program END 

Create log file
2014-03-17 02:16:57Z tacttime_calcular_PMDT0ARRAY0A-PHOTO0ADEV End Program Start
2014-03-17 02:16:57Z tacttime_calcular_PMDT0ARRAY0A-PHOTO0ADEV End Program END 

Create log file
2014-03-17 02:17:07Z tacttime_calcular_mode_data Start Program Start
2014-03-17 02:17:07Z tacttime_calcular_mode_data Start Program END 

Create log file
2014-03-17 02:17:07Z tacttime_calcular_PMDT0ARRAY0A-PHOTO0ADEV End Program Start
2014-03-17 02:17:07Z tacttime_calcular_PMDT0ARRAY0A-PHOTO0ADEV End Program END 

Create log file
2014-03-17 02:17:21Z tacttime_calcular_mode_data Start Program Start
2014-03-17 02:17:21Z tacttime_calcular_mode_data Start Program END 

Create log file
2014-03-17 02:17:22Z tacttime_calcular_PMDT0ARRAY0A-PHOTO0ADEV End Program Start
2014-03-17 02:17:22Z tacttime_calcular_PMDT0ARRAY0A-PHOTO0ADEV End Program END 

Create log file
2014-03-17 02:17:35Z tacttime_calcular_mode_data Start Program Start
2014-03-17 02:17:35Z tacttime_calcular_mode_data Start Program END 

Create log file
2014-03-17 02:17:36Z tacttime_calcular_PMDT0ARRAY0A-PHOTO0ADEV End Program Start
2014-03-17 02:17:36Z tacttime_calcular_PMDT0ARRAY0A-PHOTO0ADEV End Program END 

Create log file
2014-03-17 02:17:40Z tacttime_calcular_mode_data Start Program Start
2014-03-17 02:17:40Z tacttime_calcular_mode_data Start Program END 

Create log file
2014-03-17 02:17:41Z tacttime_calcular_PMDT0ARRAY0A-PHOTO0ADEV End Program Start
2014-03-17 02:17:41Z tacttime_calcular_PMDT0ARRAY0A-PHOTO0ADEV End Program END 

Create log file
2014-03-17 02:17:42Z PP Tacttime  calcular_mode_data_T0ARRAY_0A-PHOTO_0ADEV0.95 start  Program Start
2014-03-17 02:17:42Z PP Tacttime  calcular_mode_data_T0ARRAY_0A-PHOTO_0ADEV0.95 start  Program END 

Create log file
2014-03-17 02:17:50Z PP Tacttime  calcular_mode_data_T0ARRAY_0A-PHOTO_0ADEV0.95 End  Program Start
2014-03-17 02:17:50Z PP Tacttime  calcular_mode_data_T0ARRAY_0A-PHOTO_0ADEV0.95 End  Program END 

Create log file
2014-03-17 02:18:08Z tacttime_calcular_mode_data Start Program Start
2014-03-17 02:18:08Z tacttime_calcular_mode_data Start Program END 

Create log file
2014-03-17 02:18:09Z tacttime_calcular_PMDT0ARRAY0A-PHOTO0AEXP End Program Start
2014-03-17 02:18:09Z tacttime_calcular_PMDT0ARRAY0A-PHOTO0AEXP End Program END 

Create log file
2014-03-17 02:18:10Z tacttime_calcular_mode_data Start Program Start
2014-03-17 02:18:10Z tacttime_calcular_mode_data Start Program END 

Create log file
2014-03-17 02:18:11Z tacttime_calcular_PMDT0ARRAY0A-PHOTO0AEXP End Program Start
2014-03-17 02:18:11Z tacttime_calcular_PMDT0ARRAY0A-PHOTO0AEXP End Program END 

Create log file
2014-03-17 02:18:13Z tacttime_calcular_mode_data Start Program Start
2014-03-17 02:18:13Z tacttime_calcular_mode_data Start Program END 

Create log file
2014-03-17 02:18:14Z tacttime_calcular_PMDT0ARRAY0A-PHOTO0AEXP End Program Start
2014-03-17 02:18:14Z tacttime_calcular_PMDT0ARRAY0A-PHOTO0AEXP End Program END 

Create log file
2014-03-17 02:18:19Z tacttime_calcular_mode_data Start Program Start
2014-03-17 02:18:19Z tacttime_calcular_mode_data Start Program END 

Create log file
2014-03-17 02:18:19Z tacttime_calcular_PMDT0ARRAY0A-PHOTO0AEXP End Program Start
2014-03-17 02:18:19Z tacttime_calcular_PMDT0ARRAY0A-PHOTO0AEXP End Program END 

Create log file
2014-03-17 02:18:22Z tacttime_calcular_mode_data Start Program Start
2014-03-17 02:18:22Z tacttime_calcular_mode_data Start Program END 

Create log file
2014-03-17 02:18:22Z tacttime_calcular_PMDT0ARRAY0A-PHOTO0AEXP End Program Start
2014-03-17 02:18:22Z tacttime_calcular_PMDT0ARRAY0A-PHOTO0AEXP End Program END 

Create log file
2014-03-17 02:18:26Z tacttime_calcular_mode_data Start Program Start
2014-03-17 02:18:26Z tacttime_calcular_mode_data Start Program END 

Create log file
2014-03-17 02:18:27Z tacttime_calcular_PMDT0ARRAY0A-PHOTO0AEXP End Program Start
2014-03-17 02:18:27Z tacttime_calcular_PMDT0ARRAY0A-PHOTO0AEXP End Program END 

Create log file
2014-03-17 02:18:32Z tacttime_calcular_mode_data Start Program Start
2014-03-17 02:18:32Z tacttime_calcular_mode_data Start Program END 

Create log file
2014-03-17 02:18:33Z tacttime_calcular_PMDT0ARRAY0A-PHOTO0AEXP End Program Start
2014-03-17 02:18:33Z tacttime_calcular_PMDT0ARRAY0A-PHOTO0AEXP End Program END 

Create log file
2014-03-17 02:19:22Z tacttime_calcular_mode_data Start Program Start
2014-03-17 02:19:22Z tacttime_calcular_mode_data Start Program END 

Create log file
2014-03-17 02:19:23Z tacttime_calcular_PMDT0ARRAY0A-PHOTO0AEXP End Program Start
2014-03-17 02:19:23Z tacttime_calcular_PMDT0ARRAY0A-PHOTO0AEXP End Program END 

Create log file
2014-03-17 02:19:30Z tacttime_calcular_mode_data Start Program Start
2014-03-17 02:19:30Z tacttime_calcular_mode_data Start Program END 

Create log file
2014-03-17 02:19:31Z tacttime_calcular_PMDT0ARRAY0A-PHOTO0AEXP End Program Start
2014-03-17 02:19:31Z tacttime_calcular_PMDT0ARRAY0A-PHOTO0AEXP End Program END 

Create log file
2014-03-17 02:19:36Z tacttime_calcular_mode_data Start Program Start
2014-03-17 02:19:36Z tacttime_calcular_mode_data Start Program END 

Create log file
2014-03-17 02:19:36Z tacttime_calcular_PMDT0ARRAY0A-PHOTO0AEXP End Program Start
2014-03-17 02:19:36Z tacttime_calcular_PMDT0ARRAY0A-PHOTO0AEXP End Program END 

Create log file
2014-03-17 02:19:39Z tacttime_calcular_mode_data Start Program Start
2014-03-17 02:19:39Z tacttime_calcular_mode_data Start Program END 

Create log file
2014-03-17 02:19:40Z tacttime_calcular_PMDT0ARRAY0A-PHOTO0AEXP End Program Start
2014-03-17 02:19:40Z tacttime_calcular_PMDT0ARRAY0A-PHOTO0AEXP End Program END 

Create log file
2014-03-17 02:20:14Z tacttime_calcular_mode_data Start Program Start
2014-03-17 02:20:14Z tacttime_calcular_mode_data Start Program END 

Create log file
2014-03-17 02:20:15Z tacttime_calcular_PMDT0ARRAY0A-PHOTO0AEXP End Program Start
2014-03-17 02:20:15Z tacttime_calcular_PMDT0ARRAY0A-PHOTO0AEXP End Program END 

Create log file
2014-03-17 02:20:18Z tacttime_calcular_mode_data Start Program Start
2014-03-17 02:20:18Z tacttime_calcular_mode_data Start Program END 

Create log file
2014-03-17 02:20:18Z tacttime_calcular_PMDT0ARRAY0A-PHOTO0AEXP End Program Start
2014-03-17 02:20:18Z tacttime_calcular_PMDT0ARRAY0A-PHOTO0AEXP End Program END 

Create log file
2014-03-17 02:20:24Z tacttime_calcular_mode_data Start Program Start
2014-03-17 02:20:24Z tacttime_calcular_mode_data Start Program END 

Create log file
2014-03-17 02:20:25Z tacttime_calcular_PMDT0ARRAY0A-PHOTO0AEXP End Program Start
2014-03-17 02:20:25Z tacttime_calcular_PMDT0ARRAY0A-PHOTO0AEXP End Program END 

Create log file
2014-03-17 02:20:31Z tacttime_calcular_mode_data Start Program Start
2014-03-17 02:20:31Z tacttime_calcular_mode_data Start Program END 

Create log file
2014-03-17 02:20:32Z tacttime_calcular_PMDT0ARRAY0A-PHOTO0AEXP End Program Start
2014-03-17 02:20:32Z tacttime_calcular_PMDT0ARRAY0A-PHOTO0AEXP End Program END 

Create log file
2014-03-17 02:20:41Z tacttime_calcular_mode_data Start Program Start
2014-03-17 02:20:41Z tacttime_calcular_mode_data Start Program END 

Create log file
2014-03-17 02:20:41Z tacttime_calcular_PMDT0ARRAY0A-PHOTO0AEXP End Program Start
2014-03-17 02:20:41Z tacttime_calcular_PMDT0ARRAY0A-PHOTO0AEXP End Program END 

Create log file
2014-03-17 02:20:45Z tacttime_calcular_mode_data Start Program Start
2014-03-17 02:20:45Z tacttime_calcular_mode_data Start Program END 

Create log file
2014-03-17 02:20:45Z tacttime_calcular_PMDT0ARRAY0A-PHOTO0AEXP End Program Start
2014-03-17 02:20:45Z tacttime_calcular_PMDT0ARRAY0A-PHOTO0AEXP End Program END 

Create log file
2014-03-17 02:20:47Z tacttime_calcular_mode_data Start Program Start
2014-03-17 02:20:47Z tacttime_calcular_mode_data Start Program END 

Create log file
2014-03-17 02:20:47Z tacttime_calcular_PMDT0ARRAY0A-PHOTO0AEXP End Program Start
2014-03-17 02:20:47Z tacttime_calcular_PMDT0ARRAY0A-PHOTO0AEXP End Program END 

Create log file
2014-03-17 02:20:47Z tacttime_calcular_mode_data Start Program Start
2014-03-17 02:20:47Z tacttime_calcular_mode_data Start Program END 

Create log file
2014-03-17 02:20:48Z tacttime_calcular_PMDT0ARRAY0A-PHOTO0AEXP End Program Start
2014-03-17 02:20:48Z tacttime_calcular_PMDT0ARRAY0A-PHOTO0AEXP End Program END 

Create log file
2014-03-17 02:21:02Z tacttime_calcular_mode_data Start Program Start
2014-03-17 02:21:02Z tacttime_calcular_mode_data Start Program END 

Create log file
2014-03-17 02:21:02Z tacttime_calcular_PMDT0ARRAY0A-PHOTO0AEXP End Program Start
2014-03-17 02:21:02Z tacttime_calcular_PMDT0ARRAY0A-PHOTO0AEXP End Program END 

Create log file
2014-03-17 02:21:03Z tacttime_calcular_mode_data Start Program Start
2014-03-17 02:21:03Z tacttime_calcular_mode_data Start Program END 

Create log file
2014-03-17 02:21:03Z tacttime_calcular_PMDT0ARRAY0A-PHOTO0AEXP End Program Start
2014-03-17 02:21:03Z tacttime_calcular_PMDT0ARRAY0A-PHOTO0AEXP End Program END 

Create log file
2014-03-17 02:21:09Z tacttime_calcular_mode_data Start Program Start
2014-03-17 02:21:09Z tacttime_calcular_mode_data Start Program END 

Create log file
2014-03-17 02:21:09Z tacttime_calcular_PMDT0ARRAY0A-PHOTO0AEXP End Program Start
2014-03-17 02:21:09Z tacttime_calcular_PMDT0ARRAY0A-PHOTO0AEXP End Program END 

Create log file
2014-03-17 02:21:43Z tacttime_calcular_mode_data Start Program Start
2014-03-17 02:21:43Z tacttime_calcular_mode_data Start Program END 

Create log file
2014-03-17 02:21:44Z tacttime_calcular_PMDT0ARRAY0A-PHOTO0AEXP End Program Start
2014-03-17 02:21:44Z tacttime_calcular_PMDT0ARRAY0A-PHOTO0AEXP End Program END 

Create log file
2014-03-17 02:21:44Z tacttime_calcular_mode_data Start Program Start
2014-03-17 02:21:44Z tacttime_calcular_mode_data Start Program END 

Create log file
2014-03-17 02:21:44Z tacttime_calcular_PMDT0ARRAY0A-PHOTO0AEXP End Program Start
2014-03-17 02:21:44Z tacttime_calcular_PMDT0ARRAY0A-PHOTO0AEXP End Program END 

Create log file
2014-03-17 02:21:59Z tacttime_calcular_mode_data Start Program Start
2014-03-17 02:21:59Z tacttime_calcular_mode_data Start Program END 

Create log file
2014-03-17 02:21:59Z tacttime_calcular_PMDT0ARRAY0A-PHOTO0AEXP End Program Start
2014-03-17 02:21:59Z tacttime_calcular_PMDT0ARRAY0A-PHOTO0AEXP End Program END 

Create log file
2014-03-17 02:22:22Z tacttime_calcular_mode_data Start Program Start
2014-03-17 02:22:22Z tacttime_calcular_mode_data Start Program END 

Create log file
2014-03-17 02:22:23Z tacttime_calcular_PMDT0ARRAY0A-PHOTO0AEXP End Program Start
2014-03-17 02:22:23Z tacttime_calcular_PMDT0ARRAY0A-PHOTO0AEXP End Program END 

Create log file
2014-03-17 02:22:31Z tacttime_calcular_mode_data Start Program Start
2014-03-17 02:22:31Z tacttime_calcular_mode_data Start Program END 

Create log file
2014-03-17 02:22:32Z tacttime_calcular_PMDT0ARRAY0A-PHOTO0AEXP End Program Start
2014-03-17 02:22:32Z tacttime_calcular_PMDT0ARRAY0A-PHOTO0AEXP End Program END 

Create log file
2014-03-17 02:22:37Z tacttime_calcular_mode_data Start Program Start
2014-03-17 02:22:37Z tacttime_calcular_mode_data Start Program END 

Create log file
2014-03-17 02:22:37Z tacttime_calcular_PMDT0ARRAY0A-PHOTO0AEXP End Program Start
2014-03-17 02:22:37Z tacttime_calcular_PMDT0ARRAY0A-PHOTO0AEXP End Program END 

Create log file
2014-03-17 02:23:15Z tacttime_calcular_mode_data Start Program Start
2014-03-17 02:23:15Z tacttime_calcular_mode_data Start Program END 

Create log file
2014-03-17 02:23:16Z tacttime_calcular_PMDT0ARRAY0A-PHOTO0AEXP End Program Start
2014-03-17 02:23:16Z tacttime_calcular_PMDT0ARRAY0A-PHOTO0AEXP End Program END 

Create log file
2014-03-17 02:23:46Z tacttime_calcular_mode_data Start Program Start
2014-03-17 02:23:46Z tacttime_calcular_mode_data Start Program END 

Create log file
2014-03-17 02:23:47Z tacttime_calcular_PMDT0ARRAY0A-PHOTO0AEXP End Program Start
2014-03-17 02:23:47Z tacttime_calcular_PMDT0ARRAY0A-PHOTO0AEXP End Program END 

Create log file
2014-03-17 02:23:58Z tacttime_calcular_mode_data Start Program Start
2014-03-17 02:23:58Z tacttime_calcular_mode_data Start Program END 

Create log file
2014-03-17 02:23:58Z tacttime_calcular_PMDT0ARRAY0A-PHOTO0AEXP End Program Start
2014-03-17 02:23:58Z tacttime_calcular_PMDT0ARRAY0A-PHOTO0AEXP End Program END 

Create log file
2014-03-17 02:24:11Z tacttime_calcular_mode_data Start Program Start
2014-03-17 02:24:11Z tacttime_calcular_mode_data Start Program END 

Create log file
2014-03-17 02:24:11Z tacttime_calcular_PMDT0ARRAY0A-PHOTO0AEXP End Program Start
2014-03-17 02:24:11Z tacttime_calcular_PMDT0ARRAY0A-PHOTO0AEXP End Program END 

Create log file
2014-03-17 02:24:12Z PP Tacttime  calcular_mode_data_T0ARRAY_0A-PHOTO_0AEXP0.95 start  Program Start
2014-03-17 02:24:12Z PP Tacttime  calcular_mode_data_T0ARRAY_0A-PHOTO_0AEXP0.95 start  Program END 

Create log file
2014-03-17 02:24:18Z PP Tacttime  calcular_mode_data_T0ARRAY_0A-PHOTO_0AEXP0.95 End  Program Start
2014-03-17 02:24:18Z PP Tacttime  calcular_mode_data_T0ARRAY_0A-PHOTO_0AEXP0.95 End  Program END 

Create log file
2014-03-17 02:24:36Z tacttime_calcular_mode_data Start Program Start
2014-03-17 02:24:36Z tacttime_calcular_mode_data Start Program END 

Create log file
2014-03-17 02:24:36Z tacttime_calcular_PMDT0ARRAY0A-PHOTO0ACOA End Program Start
2014-03-17 02:24:36Z tacttime_calcular_PMDT0ARRAY0A-PHOTO0ACOA End Program END 

Create log file
2014-03-17 02:24:47Z tacttime_calcular_mode_data Start Program Start
2014-03-17 02:24:47Z tacttime_calcular_mode_data Start Program END 

Create log file
2014-03-17 02:24:48Z tacttime_calcular_PMDT0ARRAY0A-PHOTO0ACOA End Program Start
2014-03-17 02:24:48Z tacttime_calcular_PMDT0ARRAY0A-PHOTO0ACOA End Program END 

Create log file
2014-03-17 02:24:53Z tacttime_calcular_mode_data Start Program Start
2014-03-17 02:24:53Z tacttime_calcular_mode_data Start Program END 

Create log file
2014-03-17 02:24:53Z tacttime_calcular_PMDT0ARRAY0A-PHOTO0ACOA End Program Start
2014-03-17 02:24:53Z tacttime_calcular_PMDT0ARRAY0A-PHOTO0ACOA End Program END 

Create log file
2014-03-17 02:24:58Z tacttime_calcular_mode_data Start Program Start
2014-03-17 02:24:58Z tacttime_calcular_mode_data Start Program END 

Create log file
2014-03-17 02:24:59Z tacttime_calcular_PMDT0ARRAY0A-PHOTO0ACOA End Program Start
2014-03-17 02:24:59Z tacttime_calcular_PMDT0ARRAY0A-PHOTO0ACOA End Program END 

Create log file
2014-03-17 02:25:11Z tacttime_calcular_mode_data Start Program Start
2014-03-17 02:25:11Z tacttime_calcular_mode_data Start Program END 

Create log file
2014-03-17 02:25:12Z tacttime_calcular_PMDT0ARRAY0A-PHOTO0ACOA End Program Start
2014-03-17 02:25:12Z tacttime_calcular_PMDT0ARRAY0A-PHOTO0ACOA End Program END 

Create log file
2014-03-17 02:25:14Z tacttime_calcular_mode_data Start Program Start
2014-03-17 02:25:14Z tacttime_calcular_mode_data Start Program END 

Create log file
2014-03-17 02:25:15Z tacttime_calcular_PMDT0ARRAY0A-PHOTO0ACOA End Program Start
2014-03-17 02:25:15Z tacttime_calcular_PMDT0ARRAY0A-PHOTO0ACOA End Program END 

Create log file
2014-03-17 02:25:17Z tacttime_calcular_mode_data Start Program Start
2014-03-17 02:25:17Z tacttime_calcular_mode_data Start Program END 

Create log file
2014-03-17 02:25:18Z tacttime_calcular_PMDT0ARRAY0A-PHOTO0ACOA End Program Start
2014-03-17 02:25:18Z tacttime_calcular_PMDT0ARRAY0A-PHOTO0ACOA End Program END 

Create log file
2014-03-17 02:25:43Z tacttime_calcular_mode_data Start Program Start
2014-03-17 02:25:43Z tacttime_calcular_mode_data Start Program END 

Create log file
2014-03-17 02:25:44Z tacttime_calcular_PMDT0ARRAY0A-PHOTO0ACOA End Program Start
2014-03-17 02:25:44Z tacttime_calcular_PMDT0ARRAY0A-PHOTO0ACOA End Program END 

Create log file
2014-03-17 02:27:11Z tacttime_calcular_mode_data Start Program Start
2014-03-17 02:27:11Z tacttime_calcular_mode_data Start Program END 

Create log file
2014-03-17 02:27:14Z tacttime_calcular_PMDT0ARRAY0A-PHOTO0ACOA End Program Start
2014-03-17 02:27:14Z tacttime_calcular_PMDT0ARRAY0A-PHOTO0ACOA End Program END 

Create log file
2014-03-17 02:27:22Z tacttime_calcular_mode_data Start Program Start
2014-03-17 02:27:22Z tacttime_calcular_mode_data Start Program END 

Create log file
2014-03-17 02:27:23Z tacttime_calcular_PMDT0ARRAY0A-PHOTO0ACOA End Program Start
2014-03-17 02:27:23Z tacttime_calcular_PMDT0ARRAY0A-PHOTO0ACOA End Program END 

Create log file
2014-03-17 02:27:38Z tacttime_calcular_mode_data Start Program Start
2014-03-17 02:27:38Z tacttime_calcular_mode_data Start Program END 

Create log file
2014-03-17 02:27:38Z tacttime_calcular_PMDT0ARRAY0A-PHOTO0ACOA End Program Start
2014-03-17 02:27:38Z tacttime_calcular_PMDT0ARRAY0A-PHOTO0ACOA End Program END 

Create log file
2014-03-17 02:27:46Z tacttime_calcular_mode_data Start Program Start
2014-03-17 02:27:46Z tacttime_calcular_mode_data Start Program END 

Create log file
2014-03-17 02:27:47Z tacttime_calcular_PMDT0ARRAY0A-PHOTO0ACOA End Program Start
2014-03-17 02:27:47Z tacttime_calcular_PMDT0ARRAY0A-PHOTO0ACOA End Program END 

Create log file
2014-03-17 02:27:51Z tacttime_calcular_mode_data Start Program Start
2014-03-17 02:27:51Z tacttime_calcular_mode_data Start Program END 

Create log file
2014-03-17 02:27:51Z tacttime_calcular_PMDT0ARRAY0A-PHOTO0ACOA End Program Start
2014-03-17 02:27:51Z tacttime_calcular_PMDT0ARRAY0A-PHOTO0ACOA End Program END 

Create log file
2014-03-17 02:28:10Z tacttime_calcular_mode_data Start Program Start
2014-03-17 02:28:10Z tacttime_calcular_mode_data Start Program END 

Create log file
2014-03-17 02:28:11Z tacttime_calcular_PMDT0ARRAY0A-PHOTO0ACOA End Program Start
2014-03-17 02:28:11Z tacttime_calcular_PMDT0ARRAY0A-PHOTO0ACOA End Program END 

Create log file
2014-03-17 02:28:13Z tacttime_calcular_mode_data Start Program Start
2014-03-17 02:28:13Z tacttime_calcular_mode_data Start Program END 

Create log file
2014-03-17 02:28:14Z tacttime_calcular_PMDT0ARRAY0A-PHOTO0ACOA End Program Start
2014-03-17 02:28:14Z tacttime_calcular_PMDT0ARRAY0A-PHOTO0ACOA End Program END 

Create log file
2014-03-17 02:28:16Z tacttime_calcular_mode_data Start Program Start
2014-03-17 02:28:16Z tacttime_calcular_mode_data Start Program END 

Create log file
2014-03-17 02:28:16Z tacttime_calcular_PMDT0ARRAY0A-PHOTO0ACOA End Program Start
2014-03-17 02:28:16Z tacttime_calcular_PMDT0ARRAY0A-PHOTO0ACOA End Program END 

Create log file
2014-03-17 02:28:23Z tacttime_calcular_mode_data Start Program Start
2014-03-17 02:28:23Z tacttime_calcular_mode_data Start Program END 

Create log file
2014-03-17 02:28:24Z tacttime_calcular_PMDT0ARRAY0A-PHOTO0ACOA End Program Start
2014-03-17 02:28:24Z tacttime_calcular_PMDT0ARRAY0A-PHOTO0ACOA End Program END 

Create log file
2014-03-17 02:28:47Z tacttime_calcular_mode_data Start Program Start
2014-03-17 02:28:47Z tacttime_calcular_mode_data Start Program END 

Create log file
2014-03-17 02:28:49Z tacttime_calcular_PMDT0ARRAY0A-PHOTO0ACOA End Program Start
2014-03-17 02:28:49Z tacttime_calcular_PMDT0ARRAY0A-PHOTO0ACOA End Program END 

Create log file
2014-03-17 02:29:50Z tacttime_calcular_mode_data Start Program Start
2014-03-17 02:29:50Z tacttime_calcular_mode_data Start Program END 

Create log file
2014-03-17 02:29:53Z tacttime_calcular_PMDT0ARRAY0A-PHOTO0ACOA End Program Start
2014-03-17 02:29:53Z tacttime_calcular_PMDT0ARRAY0A-PHOTO0ACOA End Program END 

Create log file
2014-03-17 02:31:01Z tacttime_calcular_mode_data Start Program Start
2014-03-17 02:31:01Z tacttime_calcular_mode_data Start Program END 

Create log file
2014-03-17 02:31:04Z tacttime_calcular_PMDT0ARRAY0A-PHOTO0ACOA End Program Start
2014-03-17 02:31:04Z tacttime_calcular_PMDT0ARRAY0A-PHOTO0ACOA End Program END 

Create log file
2014-03-17 02:31:09Z tacttime_calcular_mode_data Start Program Start
2014-03-17 02:31:09Z tacttime_calcular_mode_data Start Program END 

Create log file
2014-03-17 02:31:09Z tacttime_calcular_PMDT0ARRAY0A-PHOTO0ACOA End Program Start
2014-03-17 02:31:09Z tacttime_calcular_PMDT0ARRAY0A-PHOTO0ACOA End Program END 

Create log file
2014-03-17 02:31:13Z tacttime_calcular_mode_data Start Program Start
2014-03-17 02:31:13Z tacttime_calcular_mode_data Start Program END 

Create log file
2014-03-17 02:31:13Z tacttime_calcular_PMDT0ARRAY0A-PHOTO0ACOA End Program Start
2014-03-17 02:31:13Z tacttime_calcular_PMDT0ARRAY0A-PHOTO0ACOA End Program END 

Create log file
2014-03-17 02:31:15Z tacttime_calcular_mode_data Start Program Start
2014-03-17 02:31:15Z tacttime_calcular_mode_data Start Program END 

Create log file
2014-03-17 02:31:16Z tacttime_calcular_PMDT0ARRAY0A-PHOTO0ACOA End Program Start
2014-03-17 02:31:16Z tacttime_calcular_PMDT0ARRAY0A-PHOTO0ACOA End Program END 

Create log file
2014-03-17 02:31:20Z tacttime_calcular_mode_data Start Program Start
2014-03-17 02:31:20Z tacttime_calcular_mode_data Start Program END 

Create log file
2014-03-17 02:31:21Z tacttime_calcular_PMDT0ARRAY0A-PHOTO0ACOA End Program Start
2014-03-17 02:31:21Z tacttime_calcular_PMDT0ARRAY0A-PHOTO0ACOA End Program END 

Create log file
2014-03-17 02:31:26Z tacttime_calcular_mode_data Start Program Start
2014-03-17 02:31:26Z tacttime_calcular_mode_data Start Program END 

Create log file
2014-03-17 02:31:27Z tacttime_calcular_PMDT0ARRAY0A-PHOTO0ACOA End Program Start
2014-03-17 02:31:27Z tacttime_calcular_PMDT0ARRAY0A-PHOTO0ACOA End Program END 

Create log file
2014-03-17 02:31:28Z PP Tacttime  calcular_mode_data_T0ARRAY_0A-PHOTO_0ACOA0.95 start  Program Start
2014-03-17 02:31:28Z PP Tacttime  calcular_mode_data_T0ARRAY_0A-PHOTO_0ACOA0.95 start  Program END 

Create log file
2014-03-17 02:31:38Z PP Tacttime  calcular_mode_data_T0ARRAY_0A-PHOTO_0ACOA0.95 End  Program Start
2014-03-17 02:31:38Z PP Tacttime  calcular_mode_data_T0ARRAY_0A-PHOTO_0ACOA0.95 End  Program END 

Create log file
2014-03-17 03:00:37Z tacttime_calcular_mode_data Start Program Start
2014-03-17 03:00:37Z tacttime_calcular_mode_data Start Program END 

Create log file
2014-03-17 03:00:39Z tacttime_calcular_PMDT0ARRAY0A-TF0AANO End Program Start
2014-03-17 03:00:39Z tacttime_calcular_PMDT0ARRAY0A-TF0AANO End Program END 

Create log file
2014-03-17 03:00:39Z PP Tacttime  calcular_mode_data_T0ARRAY_0A-TF_0AANO0.95 start  Program Start
2014-03-17 03:00:39Z PP Tacttime  calcular_mode_data_T0ARRAY_0A-TF_0AANO0.95 start  Program END 

Create log file
2014-03-17 03:00:39Z PP Tacttime  calcular_mode_data_T0ARRAY_0A-TF_0AANO0.95 End  Program Start
2014-03-17 03:00:39Z PP Tacttime  calcular_mode_data_T0ARRAY_0A-TF_0AANO0.95 End  Program END 

Create log file
2014-03-17 03:00:58Z tacttime_calcular_mode_data Start Program Start
2014-03-17 03:00:58Z tacttime_calcular_mode_data Start Program END 

Create log file
2014-03-17 03:00:58Z tacttime_calcular_PMDT0ARRAY0A-ETCH0ADET End Program Start
2014-03-17 03:00:58Z tacttime_calcular_PMDT0ARRAY0A-ETCH0ADET End Program END 

Create log file
2014-03-17 03:01:56Z tacttime_calcular_mode_data Start Program Start
2014-03-17 03:01:56Z tacttime_calcular_mode_data Start Program END 

Create log file
2014-03-17 03:01:58Z tacttime_calcular_PMDT0ARRAY0A-ETCH0ADET End Program Start
2014-03-17 03:01:58Z tacttime_calcular_PMDT0ARRAY0A-ETCH0ADET End Program END 

Create log file
2014-03-17 03:02:14Z tacttime_calcular_mode_data Start Program Start
2014-03-17 03:02:14Z tacttime_calcular_mode_data Start Program END 

Create log file
2014-03-17 03:02:15Z tacttime_calcular_PMDT0ARRAY0A-ETCH0ADET End Program Start
2014-03-17 03:02:15Z tacttime_calcular_PMDT0ARRAY0A-ETCH0ADET End Program END 

Create log file
2014-03-17 03:03:06Z tacttime_calcular_mode_data Start Program Start
2014-03-17 03:03:06Z tacttime_calcular_mode_data Start Program END 

Create log file
2014-03-17 03:03:08Z tacttime_calcular_PMDT0ARRAY0A-ETCH0ADET End Program Start
2014-03-17 03:03:08Z tacttime_calcular_PMDT0ARRAY0A-ETCH0ADET End Program END 

Create log file
2014-03-17 03:03:38Z tacttime_calcular_mode_data Start Program Start
2014-03-17 03:03:38Z tacttime_calcular_mode_data Start Program END 

Create log file
2014-03-17 03:03:40Z tacttime_calcular_PMDT0ARRAY0A-ETCH0ADET End Program Start
2014-03-17 03:03:40Z tacttime_calcular_PMDT0ARRAY0A-ETCH0ADET End Program END 

Create log file
2014-03-17 03:03:49Z tacttime_calcular_mode_data Start Program Start
2014-03-17 03:03:49Z tacttime_calcular_mode_data Start Program END 

Create log file
2014-03-17 03:03:50Z tacttime_calcular_PMDT0ARRAY0A-ETCH0ADET End Program Start
2014-03-17 03:03:50Z tacttime_calcular_PMDT0ARRAY0A-ETCH0ADET End Program END 

Create log file
2014-03-17 03:03:58Z tacttime_calcular_mode_data Start Program Start
2014-03-17 03:03:58Z tacttime_calcular_mode_data Start Program END 

Create log file
2014-03-17 03:03:58Z tacttime_calcular_PMDT0ARRAY0A-ETCH0ADET End Program Start
2014-03-17 03:03:58Z tacttime_calcular_PMDT0ARRAY0A-ETCH0ADET End Program END 

Create log file
2014-03-17 03:04:41Z tacttime_calcular_mode_data Start Program Start
2014-03-17 03:04:41Z tacttime_calcular_mode_data Start Program END 

Create log file
2014-03-17 03:04:42Z tacttime_calcular_PMDT0ARRAY0A-ETCH0ADET End Program Start
2014-03-17 03:04:42Z tacttime_calcular_PMDT0ARRAY0A-ETCH0ADET End Program END 

Create log file
2014-03-17 03:04:48Z tacttime_calcular_mode_data Start Program Start
2014-03-17 03:04:48Z tacttime_calcular_mode_data Start Program END 

Create log file
2014-03-17 03:04:48Z tacttime_calcular_PMDT0ARRAY0A-ETCH0ADET End Program Start
2014-03-17 03:04:48Z tacttime_calcular_PMDT0ARRAY0A-ETCH0ADET End Program END 

Create log file
2014-03-17 03:04:49Z PP Tacttime  calcular_mode_data_T0ARRAY_0A-ETCH_0ADET0.95 start  Program Start
2014-03-17 03:04:49Z PP Tacttime  calcular_mode_data_T0ARRAY_0A-ETCH_0ADET0.95 start  Program END 

Create log file
2014-03-17 03:04:51Z PP Tacttime  calcular_mode_data_T0ARRAY_0A-ETCH_0ADET0.95 End  Program Start
2014-03-17 03:04:51Z PP Tacttime  calcular_mode_data_T0ARRAY_0A-ETCH_0ADET0.95 End  Program END 

Create log file
2014-03-17 03:05:23Z tacttime_calcular_mode_data Start Program Start
2014-03-17 03:05:23Z tacttime_calcular_mode_data Start Program END 

Create log file
2014-03-17 03:05:26Z tacttime_calcular_PMDT0ARRAY0A-PHOTO0AORO End Program Start
2014-03-17 03:05:26Z tacttime_calcular_PMDT0ARRAY0A-PHOTO0AORO End Program END 

Create log file
2014-03-17 03:05:28Z tacttime_calcular_mode_data Start Program Start
2014-03-17 03:05:28Z tacttime_calcular_mode_data Start Program END 

Create log file
2014-03-17 03:05:28Z tacttime_calcular_PMDT0ARRAY0A-PHOTO0AORO End Program Start
2014-03-17 03:05:28Z tacttime_calcular_PMDT0ARRAY0A-PHOTO0AORO End Program END 

Create log file
2014-03-17 03:05:30Z tacttime_calcular_mode_data Start Program Start
2014-03-17 03:05:30Z tacttime_calcular_mode_data Start Program END 

Create log file
2014-03-17 03:05:30Z tacttime_calcular_PMDT0ARRAY0A-PHOTO0AORO End Program Start
2014-03-17 03:05:30Z tacttime_calcular_PMDT0ARRAY0A-PHOTO0AORO End Program END 

Create log file
2014-03-17 03:05:31Z tacttime_calcular_mode_data Start Program Start
2014-03-17 03:05:31Z tacttime_calcular_mode_data Start Program END 

Create log file
2014-03-17 03:05:31Z tacttime_calcular_PMDT0ARRAY0A-PHOTO0AORO End Program Start
2014-03-17 03:05:31Z tacttime_calcular_PMDT0ARRAY0A-PHOTO0AORO End Program END 

Create log file
2014-03-17 03:05:39Z tacttime_calcular_mode_data Start Program Start
2014-03-17 03:05:39Z tacttime_calcular_mode_data Start Program END 

Create log file
2014-03-17 03:05:40Z tacttime_calcular_PMDT0ARRAY0A-PHOTO0AORO End Program Start
2014-03-17 03:05:40Z tacttime_calcular_PMDT0ARRAY0A-PHOTO0AORO End Program END 

Create log file
2014-03-17 03:05:48Z tacttime_calcular_mode_data Start Program Start
2014-03-17 03:05:48Z tacttime_calcular_mode_data Start Program END 

Create log file
2014-03-17 03:05:50Z tacttime_calcular_PMDT0ARRAY0A-PHOTO0AORO End Program Start
2014-03-17 03:05:50Z tacttime_calcular_PMDT0ARRAY0A-PHOTO0AORO End Program END 

Create log file
2014-03-17 03:05:55Z tacttime_calcular_mode_data Start Program Start
2014-03-17 03:05:55Z tacttime_calcular_mode_data Start Program END 

Create log file
2014-03-17 03:05:57Z tacttime_calcular_PMDT0ARRAY0A-PHOTO0AORO End Program Start
2014-03-17 03:05:57Z tacttime_calcular_PMDT0ARRAY0A-PHOTO0AORO End Program END 

Create log file
2014-03-17 03:05:57Z PP Tacttime  calcular_mode_data_T0ARRAY_0A-PHOTO_0AORO0.95 start  Program Start
2014-03-17 03:05:57Z PP Tacttime  calcular_mode_data_T0ARRAY_0A-PHOTO_0AORO0.95 start  Program END 

Create log file
2014-03-17 03:06:02Z PP Tacttime  calcular_mode_data_T0ARRAY_0A-PHOTO_0AORO0.95 End  Program Start
2014-03-17 03:06:02Z PP Tacttime  calcular_mode_data_T0ARRAY_0A-PHOTO_0AORO0.95 End  Program END 

Create log file
2014-03-17 03:06:58Z tacttime_calcular_mode_data Start Program Start
2014-03-17 03:06:58Z tacttime_calcular_mode_data Start Program END 

Create log file
2014-03-17 03:07:02Z tacttime_calcular_PMDT0ARRAY0A-TF0ACVD End Program Start
2014-03-17 03:07:02Z tacttime_calcular_PMDT0ARRAY0A-TF0ACVD End Program END 

Create log file
2014-03-17 03:07:11Z tacttime_calcular_mode_data Start Program Start
2014-03-17 03:07:11Z tacttime_calcular_mode_data Start Program END 

Create log file
2014-03-17 03:07:12Z tacttime_calcular_PMDT0ARRAY0A-TF0ACVD End Program Start
2014-03-17 03:07:12Z tacttime_calcular_PMDT0ARRAY0A-TF0ACVD End Program END 

Create log file
2014-03-17 03:07:40Z tacttime_calcular_mode_data Start Program Start
2014-03-17 03:07:40Z tacttime_calcular_mode_data Start Program END 

Create log file
2014-03-17 03:07:43Z tacttime_calcular_PMDT0ARRAY0A-TF0ACVD End Program Start
2014-03-17 03:07:43Z tacttime_calcular_PMDT0ARRAY0A-TF0ACVD End Program END 

Create log file
2014-03-17 03:07:48Z tacttime_calcular_mode_data Start Program Start
2014-03-17 03:07:48Z tacttime_calcular_mode_data Start Program END 

Create log file
2014-03-17 03:07:49Z tacttime_calcular_PMDT0ARRAY0A-TF0ACVD End Program Start
2014-03-17 03:07:49Z tacttime_calcular_PMDT0ARRAY0A-TF0ACVD End Program END 

Create log file
2014-03-17 03:08:29Z tacttime_calcular_mode_data Start Program Start
2014-03-17 03:08:29Z tacttime_calcular_mode_data Start Program END 

Create log file
2014-03-17 03:08:34Z tacttime_calcular_PMDT0ARRAY0A-TF0ACVD End Program Start
2014-03-17 03:08:34Z tacttime_calcular_PMDT0ARRAY0A-TF0ACVD End Program END 

Create log file
2014-03-17 03:08:49Z tacttime_calcular_mode_data Start Program Start
2014-03-17 03:08:49Z tacttime_calcular_mode_data Start Program END 

Create log file
2014-03-17 03:08:51Z tacttime_calcular_PMDT0ARRAY0A-TF0ACVD End Program Start
2014-03-17 03:08:51Z tacttime_calcular_PMDT0ARRAY0A-TF0ACVD End Program END 

Create log file
2014-03-17 03:09:01Z tacttime_calcular_mode_data Start Program Start
2014-03-17 03:09:01Z tacttime_calcular_mode_data Start Program END 

Create log file
2014-03-17 03:09:02Z tacttime_calcular_PMDT0ARRAY0A-TF0ACVD End Program Start
2014-03-17 03:09:02Z tacttime_calcular_PMDT0ARRAY0A-TF0ACVD End Program END 

Create log file
2014-03-17 03:09:02Z PP Tacttime  calcular_mode_data_T0ARRAY_0A-TF_0ACVD1 start  Program Start
2014-03-17 03:09:02Z PP Tacttime  calcular_mode_data_T0ARRAY_0A-TF_0ACVD1 start  Program END 

Create log file
2014-03-17 03:09:17Z PP Tacttime  calcular_mode_data_T0ARRAY_0A-TF_0ACVD1 End  Program Start
2014-03-17 03:09:17Z PP Tacttime  calcular_mode_data_T0ARRAY_0A-TF_0ACVD1 End  Program END 

Create log file
2014-03-17 04:00:18Z tacttime_calcular_mode_data Start Program Start
2014-03-17 04:00:18Z tacttime_calcular_mode_data Start Program END 

Create log file
2014-03-17 04:00:22Z tacttime_calcular_PMDT0ARRAY0A-TDTEST0ATES End Program Start
2014-03-17 04:00:22Z tacttime_calcular_PMDT0ARRAY0A-TDTEST0ATES End Program END 

Create log file
2014-03-17 04:00:22Z PP Tacttime  calcular_mode_data_T0ARRAY_0A-TDTEST_0ATES0.95 start  Program Start
2014-03-17 04:00:22Z PP Tacttime  calcular_mode_data_T0ARRAY_0A-TDTEST_0ATES0.95 start  Program END 

Create log file
2014-03-17 04:00:26Z PP Tacttime  calcular_mode_data_T0ARRAY_0A-TDTEST_0ATES0.95 End  Program Start
2014-03-17 04:00:26Z PP Tacttime  calcular_mode_data_T0ARRAY_0A-TDTEST_0ATES0.95 End  Program END 

Create log file
2014-03-17 04:00:33Z tacttime_calcular_mode_data Start Program Start
2014-03-17 04:00:33Z tacttime_calcular_mode_data Start Program END 

Create log file
2014-03-17 04:00:35Z tacttime_calcular_PMDT0ARRAY0A-TDTEST0ALSR End Program Start
2014-03-17 04:00:35Z tacttime_calcular_PMDT0ARRAY0A-TDTEST0ALSR End Program END 

Create log file
2014-03-17 04:00:37Z tacttime_calcular_mode_data Start Program Start
2014-03-17 04:00:37Z tacttime_calcular_mode_data Start Program END 

Create log file
2014-03-17 04:00:38Z tacttime_calcular_PMDT0ARRAY0A-TDTEST0ALSR End Program Start
2014-03-17 04:00:38Z tacttime_calcular_PMDT0ARRAY0A-TDTEST0ALSR End Program END 

Create log file
2014-03-17 04:00:38Z PP Tacttime  calcular_mode_data_T0ARRAY_0A-TDTEST_0ALSR0.95 start  Program Start
2014-03-17 04:00:38Z PP Tacttime  calcular_mode_data_T0ARRAY_0A-TDTEST_0ALSR0.95 start  Program END 

Create log file
2014-03-17 04:00:41Z PP Tacttime  calcular_mode_data_T0ARRAY_0A-TDTEST_0ALSR0.95 End  Program Start
2014-03-17 04:00:41Z PP Tacttime  calcular_mode_data_T0ARRAY_0A-TDTEST_0ALSR0.95 End  Program END 

