Create log file
2014-03-10 01:02:26Z tacttime_calcular_mode_data Start Program Start
2014-03-10 01:02:26Z tacttime_calcular_mode_data Start Program END 

Create log file
2014-03-10 01:02:29Z tacttime_calcular_PMDT0ARRAY0A-TF0APDC End Program Start
2014-03-10 01:02:29Z tacttime_calcular_PMDT0ARRAY0A-TF0APDC End Program END 

Create log file
2014-03-10 01:03:03Z tacttime_calcular_mode_data Start Program Start
2014-03-10 01:03:03Z tacttime_calcular_mode_data Start Program END 

Create log file
2014-03-10 01:03:03Z tacttime_calcular_PMDT0ARRAY0A-TF0APDC End Program Start
2014-03-10 01:03:03Z tacttime_calcular_PMDT0ARRAY0A-TF0APDC End Program END 

Create log file
2014-03-10 01:04:59Z tacttime_calcular_mode_data Start Program Start
2014-03-10 01:04:59Z tacttime_calcular_mode_data Start Program END 

Create log file
2014-03-10 01:05:00Z tacttime_calcular_PMDT0ARRAY0A-TF0APDC End Program Start
2014-03-10 01:05:00Z tacttime_calcular_PMDT0ARRAY0A-TF0APDC End Program END 

Create log file
2014-03-10 01:05:27Z tacttime_calcular_mode_data Start Program Start
2014-03-10 01:05:27Z tacttime_calcular_mode_data Start Program END 

Create log file
2014-03-10 01:05:28Z tacttime_calcular_PMDT0ARRAY0A-TF0APDC End Program Start
2014-03-10 01:05:28Z tacttime_calcular_PMDT0ARRAY0A-TF0APDC End Program END 

Create log file
2014-03-10 01:05:40Z tacttime_calcular_mode_data Start Program Start
2014-03-10 01:05:40Z tacttime_calcular_mode_data Start Program END 

Create log file
2014-03-10 01:05:40Z tacttime_calcular_PMDT0ARRAY0A-TF0APDC End Program Start
2014-03-10 01:05:40Z tacttime_calcular_PMDT0ARRAY0A-TF0APDC End Program END 

Create log file
2014-03-10 01:05:40Z PP Tacttime  calcular_mode_data_T0ARRAY_0A-TF_0APDC0.95 start  Program Start
2014-03-10 01:05:40Z PP Tacttime  calcular_mode_data_T0ARRAY_0A-TF_0APDC0.95 start  Program END 

Create log file
2014-03-10 01:05:41Z PP Tacttime  calcular_mode_data_T0ARRAY_0A-TF_0APDC0.95 End  Program Start
2014-03-10 01:05:41Z PP Tacttime  calcular_mode_data_T0ARRAY_0A-TF_0APDC0.95 End  Program END 

Create log file
2014-03-10 01:06:07Z tacttime_calcular_mode_data Start Program Start
2014-03-10 01:06:07Z tacttime_calcular_mode_data Start Program END 

Create log file
2014-03-10 01:06:08Z tacttime_calcular_PMDT0ARRAY0A-TF0APVD End Program Start
2014-03-10 01:06:08Z tacttime_calcular_PMDT0ARRAY0A-TF0APVD End Program END 

Create log file
2014-03-10 01:06:37Z tacttime_calcular_mode_data Start Program Start
2014-03-10 01:06:37Z tacttime_calcular_mode_data Start Program END 

Create log file
2014-03-10 01:06:38Z tacttime_calcular_PMDT0ARRAY0A-TF0APVD End Program Start
2014-03-10 01:06:38Z tacttime_calcular_PMDT0ARRAY0A-TF0APVD End Program END 

Create log file
2014-03-10 01:06:45Z tacttime_calcular_mode_data Start Program Start
2014-03-10 01:06:45Z tacttime_calcular_mode_data Start Program END 

Create log file
2014-03-10 01:06:45Z tacttime_calcular_PMDT0ARRAY0A-TF0APVD End Program Start
2014-03-10 01:06:45Z tacttime_calcular_PMDT0ARRAY0A-TF0APVD End Program END 

Create log file
2014-03-10 01:06:50Z tacttime_calcular_mode_data Start Program Start
2014-03-10 01:06:50Z tacttime_calcular_mode_data Start Program END 

Create log file
2014-03-10 01:06:53Z tacttime_calcular_PMDT0ARRAY0A-TF0APVD End Program Start
2014-03-10 01:06:53Z tacttime_calcular_PMDT0ARRAY0A-TF0APVD End Program END 

Create log file
2014-03-10 01:06:54Z tacttime_calcular_mode_data Start Program Start
2014-03-10 01:06:54Z tacttime_calcular_mode_data Start Program END 

Create log file
2014-03-10 01:06:54Z tacttime_calcular_PMDT0ARRAY0A-TF0APVD End Program Start
2014-03-10 01:06:54Z tacttime_calcular_PMDT0ARRAY0A-TF0APVD End Program END 

Create log file
2014-03-10 01:06:57Z tacttime_calcular_mode_data Start Program Start
2014-03-10 01:06:57Z tacttime_calcular_mode_data Start Program END 

Create log file
2014-03-10 01:06:57Z tacttime_calcular_PMDT0ARRAY0A-TF0APVD End Program Start
2014-03-10 01:06:57Z tacttime_calcular_PMDT0ARRAY0A-TF0APVD End Program END 

Create log file
2014-03-10 01:07:14Z tacttime_calcular_mode_data Start Program Start
2014-03-10 01:07:14Z tacttime_calcular_mode_data Start Program END 

Create log file
2014-03-10 01:07:14Z tacttime_calcular_PMDT0ARRAY0A-TF0APVD End Program Start
2014-03-10 01:07:14Z tacttime_calcular_PMDT0ARRAY0A-TF0APVD End Program END 

Create log file
2014-03-10 01:07:23Z tacttime_calcular_mode_data Start Program Start
2014-03-10 01:07:23Z tacttime_calcular_mode_data Start Program END 

Create log file
2014-03-10 01:07:23Z tacttime_calcular_PMDT0ARRAY0A-TF0APVD End Program Start
2014-03-10 01:07:23Z tacttime_calcular_PMDT0ARRAY0A-TF0APVD End Program END 

Create log file
2014-03-10 01:07:29Z tacttime_calcular_mode_data Start Program Start
2014-03-10 01:07:29Z tacttime_calcular_mode_data Start Program END 

Create log file
2014-03-10 01:07:30Z tacttime_calcular_PMDT0ARRAY0A-TF0APVD End Program Start
2014-03-10 01:07:30Z tacttime_calcular_PMDT0ARRAY0A-TF0APVD End Program END 

Create log file
2014-03-10 01:07:48Z tacttime_calcular_mode_data Start Program Start
2014-03-10 01:07:48Z tacttime_calcular_mode_data Start Program END 

Create log file
2014-03-10 01:07:49Z tacttime_calcular_PMDT0ARRAY0A-TF0APVD End Program Start
2014-03-10 01:07:49Z tacttime_calcular_PMDT0ARRAY0A-TF0APVD End Program END 

Create log file
2014-03-10 01:07:52Z tacttime_calcular_mode_data Start Program Start
2014-03-10 01:07:52Z tacttime_calcular_mode_data Start Program END 

Create log file
2014-03-10 01:07:53Z tacttime_calcular_PMDT0ARRAY0A-TF0APVD End Program Start
2014-03-10 01:07:53Z tacttime_calcular_PMDT0ARRAY0A-TF0APVD End Program END 

Create log file
2014-03-10 01:07:59Z tacttime_calcular_mode_data Start Program Start
2014-03-10 01:07:59Z tacttime_calcular_mode_data Start Program END 

Create log file
2014-03-10 01:07:59Z tacttime_calcular_PMDT0ARRAY0A-TF0APVD End Program Start
2014-03-10 01:07:59Z tacttime_calcular_PMDT0ARRAY0A-TF0APVD End Program END 

Create log file
2014-03-10 01:08:20Z tacttime_calcular_mode_data Start Program Start
2014-03-10 01:08:20Z tacttime_calcular_mode_data Start Program END 

Create log file
2014-03-10 01:08:20Z tacttime_calcular_PMDT0ARRAY0A-TF0APVD End Program Start
2014-03-10 01:08:20Z tacttime_calcular_PMDT0ARRAY0A-TF0APVD End Program END 

Create log file
2014-03-10 01:08:52Z tacttime_calcular_mode_data Start Program Start
2014-03-10 01:08:52Z tacttime_calcular_mode_data Start Program END 

Create log file
2014-03-10 01:08:53Z tacttime_calcular_PMDT0ARRAY0A-TF0APVD End Program Start
2014-03-10 01:08:53Z tacttime_calcular_PMDT0ARRAY0A-TF0APVD End Program END 

Create log file
2014-03-10 01:08:57Z tacttime_calcular_mode_data Start Program Start
2014-03-10 01:08:57Z tacttime_calcular_mode_data Start Program END 

Create log file
2014-03-10 01:08:58Z tacttime_calcular_PMDT0ARRAY0A-TF0APVD End Program Start
2014-03-10 01:08:58Z tacttime_calcular_PMDT0ARRAY0A-TF0APVD End Program END 

Create log file
2014-03-10 01:09:10Z tacttime_calcular_mode_data Start Program Start
2014-03-10 01:09:10Z tacttime_calcular_mode_data Start Program END 

Create log file
2014-03-10 01:09:11Z tacttime_calcular_PMDT0ARRAY0A-TF0APVD End Program Start
2014-03-10 01:09:11Z tacttime_calcular_PMDT0ARRAY0A-TF0APVD End Program END 

Create log file
2014-03-10 01:09:11Z PP Tacttime  calcular_mode_data_T0ARRAY_0A-TF_0APVD0.95 start  Program Start
2014-03-10 01:09:11Z PP Tacttime  calcular_mode_data_T0ARRAY_0A-TF_0APVD0.95 start  Program END 

Create log file
2014-03-10 01:09:12Z PP Tacttime  calcular_mode_data_T0ARRAY_0A-TF_0APVD0.95 End  Program Start
2014-03-10 01:09:12Z PP Tacttime  calcular_mode_data_T0ARRAY_0A-TF_0APVD0.95 End  Program END 

Create log file
2014-03-10 01:10:31Z tacttime_calcular_mode_data Start Program Start
2014-03-10 01:10:31Z tacttime_calcular_mode_data Start Program END 

Create log file
2014-03-10 01:10:35Z tacttime_calcular_PMDT0ARRAY0A-TF0AINC End Program Start
2014-03-10 01:10:35Z tacttime_calcular_PMDT0ARRAY0A-TF0AINC End Program END 

Create log file
2014-03-10 01:10:35Z PP Tacttime  calcular_mode_data_T0ARRAY_0A-TF_0AINC0.95 start  Program Start
2014-03-10 01:10:35Z PP Tacttime  calcular_mode_data_T0ARRAY_0A-TF_0AINC0.95 start  Program END 

Create log file
2014-03-10 01:10:36Z PP Tacttime  calcular_mode_data_T0ARRAY_0A-TF_0AINC0.95 End  Program Start
2014-03-10 01:10:36Z PP Tacttime  calcular_mode_data_T0ARRAY_0A-TF_0AINC0.95 End  Program END 

Create log file
2014-03-10 01:11:31Z tacttime_calcular_mode_data Start Program Start
2014-03-10 01:11:31Z tacttime_calcular_mode_data Start Program END 

Create log file
2014-03-10 01:11:32Z tacttime_calcular_PMDT0ARRAY0A-ETCH0AWET End Program Start
2014-03-10 01:11:32Z tacttime_calcular_PMDT0ARRAY0A-ETCH0AWET End Program END 

Create log file
2014-03-10 01:11:43Z tacttime_calcular_mode_data Start Program Start
2014-03-10 01:11:43Z tacttime_calcular_mode_data Start Program END 

Create log file
2014-03-10 01:11:43Z tacttime_calcular_PMDT0ARRAY0A-ETCH0AWET End Program Start
2014-03-10 01:11:43Z tacttime_calcular_PMDT0ARRAY0A-ETCH0AWET End Program END 

Create log file
2014-03-10 01:11:54Z tacttime_calcular_mode_data Start Program Start
2014-03-10 01:11:54Z tacttime_calcular_mode_data Start Program END 

Create log file
2014-03-10 01:11:54Z tacttime_calcular_PMDT0ARRAY0A-ETCH0AWET End Program Start
2014-03-10 01:11:54Z tacttime_calcular_PMDT0ARRAY0A-ETCH0AWET End Program END 

Create log file
2014-03-10 01:11:56Z tacttime_calcular_mode_data Start Program Start
2014-03-10 01:11:56Z tacttime_calcular_mode_data Start Program END 

Create log file
2014-03-10 01:11:56Z tacttime_calcular_PMDT0ARRAY0A-ETCH0AWET End Program Start
2014-03-10 01:11:56Z tacttime_calcular_PMDT0ARRAY0A-ETCH0AWET End Program END 

Create log file
2014-03-10 01:12:56Z tacttime_calcular_mode_data Start Program Start
2014-03-10 01:12:56Z tacttime_calcular_mode_data Start Program END 

Create log file
2014-03-10 01:12:57Z tacttime_calcular_PMDT0ARRAY0A-ETCH0AWET End Program Start
2014-03-10 01:12:57Z tacttime_calcular_PMDT0ARRAY0A-ETCH0AWET End Program END 

Create log file
2014-03-10 01:12:58Z tacttime_calcular_mode_data Start Program Start
2014-03-10 01:12:58Z tacttime_calcular_mode_data Start Program END 

Create log file
2014-03-10 01:12:58Z tacttime_calcular_PMDT0ARRAY0A-ETCH0AWET End Program Start
2014-03-10 01:12:58Z tacttime_calcular_PMDT0ARRAY0A-ETCH0AWET End Program END 

Create log file
2014-03-10 01:13:00Z tacttime_calcular_mode_data Start Program Start
2014-03-10 01:13:00Z tacttime_calcular_mode_data Start Program END 

Create log file
2014-03-10 01:13:00Z tacttime_calcular_PMDT0ARRAY0A-ETCH0AWET End Program Start
2014-03-10 01:13:00Z tacttime_calcular_PMDT0ARRAY0A-ETCH0AWET End Program END 

Create log file
2014-03-10 01:13:03Z tacttime_calcular_mode_data Start Program Start
2014-03-10 01:13:03Z tacttime_calcular_mode_data Start Program END 

Create log file
2014-03-10 01:13:03Z tacttime_calcular_PMDT0ARRAY0A-ETCH0AWET End Program Start
2014-03-10 01:13:03Z tacttime_calcular_PMDT0ARRAY0A-ETCH0AWET End Program END 

Create log file
2014-03-10 01:13:04Z tacttime_calcular_mode_data Start Program Start
2014-03-10 01:13:04Z tacttime_calcular_mode_data Start Program END 

Create log file
2014-03-10 01:13:04Z tacttime_calcular_PMDT0ARRAY0A-ETCH0AWET End Program Start
2014-03-10 01:13:04Z tacttime_calcular_PMDT0ARRAY0A-ETCH0AWET End Program END 

Create log file
2014-03-10 01:13:47Z tacttime_calcular_mode_data Start Program Start
2014-03-10 01:13:47Z tacttime_calcular_mode_data Start Program END 

Create log file
2014-03-10 01:13:48Z tacttime_calcular_PMDT0ARRAY0A-ETCH0AWET End Program Start
2014-03-10 01:13:48Z tacttime_calcular_PMDT0ARRAY0A-ETCH0AWET End Program END 

Create log file
2014-03-10 01:13:48Z PP Tacttime  calcular_mode_data_T0ARRAY_0A-ETCH_0AWET0.95 start  Program Start
2014-03-10 01:13:48Z PP Tacttime  calcular_mode_data_T0ARRAY_0A-ETCH_0AWET0.95 start  Program END 

Create log file
2014-03-10 01:13:48Z PP Tacttime  calcular_mode_data_T0ARRAY_0A-ETCH_0AWET0.95 End  Program Start
2014-03-10 01:13:48Z PP Tacttime  calcular_mode_data_T0ARRAY_0A-ETCH_0AWET0.95 End  Program END 

Create log file
2014-03-10 02:00:35Z tacttime_calcular_mode_data Start Program Start
2014-03-10 02:00:35Z tacttime_calcular_mode_data Start Program END 

Create log file
2014-03-10 02:00:35Z tacttime_calcular_PMDT0ARRAY0A-PHOTO0ACOA End Program Start
2014-03-10 02:00:35Z tacttime_calcular_PMDT0ARRAY0A-PHOTO0ACOA End Program END 

Create log file
2014-03-10 02:00:37Z tacttime_calcular_mode_data Start Program Start
2014-03-10 02:00:37Z tacttime_calcular_mode_data Start Program END 

Create log file
2014-03-10 02:00:38Z tacttime_calcular_PMDT0ARRAY0A-PHOTO0ACOA End Program Start
2014-03-10 02:00:38Z tacttime_calcular_PMDT0ARRAY0A-PHOTO0ACOA End Program END 

Create log file
2014-03-10 02:00:40Z tacttime_calcular_mode_data Start Program Start
2014-03-10 02:00:40Z tacttime_calcular_mode_data Start Program END 

Create log file
2014-03-10 02:00:41Z tacttime_calcular_PMDT0ARRAY0A-PHOTO0ACOA End Program Start
2014-03-10 02:00:41Z tacttime_calcular_PMDT0ARRAY0A-PHOTO0ACOA End Program END 

Create log file
2014-03-10 02:00:43Z tacttime_calcular_mode_data Start Program Start
2014-03-10 02:00:43Z tacttime_calcular_mode_data Start Program END 

Create log file
2014-03-10 02:00:43Z tacttime_calcular_PMDT0ARRAY0A-PHOTO0ACOA End Program Start
2014-03-10 02:00:43Z tacttime_calcular_PMDT0ARRAY0A-PHOTO0ACOA End Program END 

Create log file
2014-03-10 02:00:46Z tacttime_calcular_mode_data Start Program Start
2014-03-10 02:00:46Z tacttime_calcular_mode_data Start Program END 

Create log file
2014-03-10 02:00:46Z tacttime_calcular_PMDT0ARRAY0A-PHOTO0ACOA End Program Start
2014-03-10 02:00:46Z tacttime_calcular_PMDT0ARRAY0A-PHOTO0ACOA End Program END 

Create log file
2014-03-10 02:01:19Z tacttime_calcular_mode_data Start Program Start
2014-03-10 02:01:19Z tacttime_calcular_mode_data Start Program END 

Create log file
2014-03-10 02:01:20Z tacttime_calcular_PMDT0ARRAY0A-PHOTO0ACOA End Program Start
2014-03-10 02:01:20Z tacttime_calcular_PMDT0ARRAY0A-PHOTO0ACOA End Program END 

Create log file
2014-03-10 02:01:28Z tacttime_calcular_mode_data Start Program Start
2014-03-10 02:01:28Z tacttime_calcular_mode_data Start Program END 

Create log file
2014-03-10 02:01:29Z tacttime_calcular_PMDT0ARRAY0A-PHOTO0ACOA End Program Start
2014-03-10 02:01:29Z tacttime_calcular_PMDT0ARRAY0A-PHOTO0ACOA End Program END 

Create log file
2014-03-10 02:03:03Z tacttime_calcular_mode_data Start Program Start
2014-03-10 02:03:03Z tacttime_calcular_mode_data Start Program END 

Create log file
2014-03-10 02:03:05Z tacttime_calcular_PMDT0ARRAY0A-PHOTO0ACOA End Program Start
2014-03-10 02:03:05Z tacttime_calcular_PMDT0ARRAY0A-PHOTO0ACOA End Program END 

Create log file
2014-03-10 02:03:07Z tacttime_calcular_mode_data Start Program Start
2014-03-10 02:03:07Z tacttime_calcular_mode_data Start Program END 

Create log file
2014-03-10 02:03:07Z tacttime_calcular_PMDT0ARRAY0A-PHOTO0ACOA End Program Start
2014-03-10 02:03:07Z tacttime_calcular_PMDT0ARRAY0A-PHOTO0ACOA End Program END 

Create log file
2014-03-10 02:03:08Z tacttime_calcular_mode_data Start Program Start
2014-03-10 02:03:08Z tacttime_calcular_mode_data Start Program END 

Create log file
2014-03-10 02:03:09Z tacttime_calcular_PMDT0ARRAY0A-PHOTO0ACOA End Program Start
2014-03-10 02:03:09Z tacttime_calcular_PMDT0ARRAY0A-PHOTO0ACOA End Program END 

Create log file
2014-03-10 02:03:14Z tacttime_calcular_mode_data Start Program Start
2014-03-10 02:03:14Z tacttime_calcular_mode_data Start Program END 

Create log file
2014-03-10 02:03:14Z tacttime_calcular_PMDT0ARRAY0A-PHOTO0ACOA End Program Start
2014-03-10 02:03:14Z tacttime_calcular_PMDT0ARRAY0A-PHOTO0ACOA End Program END 

Create log file
2014-03-10 02:03:17Z tacttime_calcular_mode_data Start Program Start
2014-03-10 02:03:17Z tacttime_calcular_mode_data Start Program END 

Create log file
2014-03-10 02:03:17Z tacttime_calcular_PMDT0ARRAY0A-PHOTO0ACOA End Program Start
2014-03-10 02:03:17Z tacttime_calcular_PMDT0ARRAY0A-PHOTO0ACOA End Program END 

Create log file
2014-03-10 02:03:28Z tacttime_calcular_mode_data Start Program Start
2014-03-10 02:03:28Z tacttime_calcular_mode_data Start Program END 

Create log file
2014-03-10 02:03:29Z tacttime_calcular_PMDT0ARRAY0A-PHOTO0ACOA End Program Start
2014-03-10 02:03:29Z tacttime_calcular_PMDT0ARRAY0A-PHOTO0ACOA End Program END 

Create log file
2014-03-10 02:03:51Z tacttime_calcular_mode_data Start Program Start
2014-03-10 02:03:51Z tacttime_calcular_mode_data Start Program END 

Create log file
2014-03-10 02:03:52Z tacttime_calcular_PMDT0ARRAY0A-PHOTO0ACOA End Program Start
2014-03-10 02:03:52Z tacttime_calcular_PMDT0ARRAY0A-PHOTO0ACOA End Program END 

Create log file
2014-03-10 02:05:06Z tacttime_calcular_mode_data Start Program Start
2014-03-10 02:05:06Z tacttime_calcular_mode_data Start Program END 

Create log file
2014-03-10 02:05:11Z tacttime_calcular_PMDT0ARRAY0A-PHOTO0ACOA End Program Start
2014-03-10 02:05:11Z tacttime_calcular_PMDT0ARRAY0A-PHOTO0ACOA End Program END 

Create log file
2014-03-10 02:07:25Z tacttime_calcular_mode_data Start Program Start
2014-03-10 02:07:25Z tacttime_calcular_mode_data Start Program END 

Create log file
2014-03-10 02:07:29Z tacttime_calcular_PMDT0ARRAY0A-PHOTO0ACOA End Program Start
2014-03-10 02:07:29Z tacttime_calcular_PMDT0ARRAY0A-PHOTO0ACOA End Program END 

Create log file
2014-03-10 02:07:37Z tacttime_calcular_mode_data Start Program Start
2014-03-10 02:07:37Z tacttime_calcular_mode_data Start Program END 

Create log file
2014-03-10 02:07:37Z tacttime_calcular_PMDT0ARRAY0A-PHOTO0ACOA End Program Start
2014-03-10 02:07:37Z tacttime_calcular_PMDT0ARRAY0A-PHOTO0ACOA End Program END 

Create log file
2014-03-10 02:07:49Z tacttime_calcular_mode_data Start Program Start
2014-03-10 02:07:49Z tacttime_calcular_mode_data Start Program END 

Create log file
2014-03-10 02:07:50Z tacttime_calcular_PMDT0ARRAY0A-PHOTO0ACOA End Program Start
2014-03-10 02:07:50Z tacttime_calcular_PMDT0ARRAY0A-PHOTO0ACOA End Program END 

Create log file
2014-03-10 02:07:50Z PP Tacttime  calcular_mode_data_T0ARRAY_0A-PHOTO_0ACOA0.95 start  Program Start
2014-03-10 02:07:50Z PP Tacttime  calcular_mode_data_T0ARRAY_0A-PHOTO_0ACOA0.95 start  Program END 

Create log file
2014-03-10 02:07:58Z PP Tacttime  calcular_mode_data_T0ARRAY_0A-PHOTO_0ACOA0.95 End  Program Start
2014-03-10 02:07:58Z PP Tacttime  calcular_mode_data_T0ARRAY_0A-PHOTO_0ACOA0.95 End  Program END 

Create log file
2014-03-10 02:08:22Z tacttime_calcular_mode_data Start Program Start
2014-03-10 02:08:22Z tacttime_calcular_mode_data Start Program END 

Create log file
2014-03-10 02:08:23Z tacttime_calcular_PMDT0ARRAY0A-PHOTO0AEXP End Program Start
2014-03-10 02:08:23Z tacttime_calcular_PMDT0ARRAY0A-PHOTO0AEXP End Program END 

Create log file
2014-03-10 02:08:34Z tacttime_calcular_mode_data Start Program Start
2014-03-10 02:08:34Z tacttime_calcular_mode_data Start Program END 

Create log file
2014-03-10 02:08:35Z tacttime_calcular_PMDT0ARRAY0A-PHOTO0AEXP End Program Start
2014-03-10 02:08:35Z tacttime_calcular_PMDT0ARRAY0A-PHOTO0AEXP End Program END 

Create log file
2014-03-10 02:08:35Z tacttime_calcular_mode_data Start Program Start
2014-03-10 02:08:35Z tacttime_calcular_mode_data Start Program END 

Create log file
2014-03-10 02:08:35Z tacttime_calcular_PMDT0ARRAY0A-PHOTO0AEXP End Program Start
2014-03-10 02:08:35Z tacttime_calcular_PMDT0ARRAY0A-PHOTO0AEXP End Program END 

Create log file
2014-03-10 02:08:36Z tacttime_calcular_mode_data Start Program Start
2014-03-10 02:08:36Z tacttime_calcular_mode_data Start Program END 

Create log file
2014-03-10 02:08:36Z tacttime_calcular_PMDT0ARRAY0A-PHOTO0AEXP End Program Start
2014-03-10 02:08:36Z tacttime_calcular_PMDT0ARRAY0A-PHOTO0AEXP End Program END 

Create log file
2014-03-10 02:08:37Z tacttime_calcular_mode_data Start Program Start
2014-03-10 02:08:37Z tacttime_calcular_mode_data Start Program END 

Create log file
2014-03-10 02:08:37Z tacttime_calcular_PMDT0ARRAY0A-PHOTO0AEXP End Program Start
2014-03-10 02:08:37Z tacttime_calcular_PMDT0ARRAY0A-PHOTO0AEXP End Program END 

Create log file
2014-03-10 02:09:16Z tacttime_calcular_mode_data Start Program Start
2014-03-10 02:09:16Z tacttime_calcular_mode_data Start Program END 

Create log file
2014-03-10 02:09:17Z tacttime_calcular_PMDT0ARRAY0A-PHOTO0AEXP End Program Start
2014-03-10 02:09:17Z tacttime_calcular_PMDT0ARRAY0A-PHOTO0AEXP End Program END 

Create log file
2014-03-10 02:09:30Z tacttime_calcular_mode_data Start Program Start
2014-03-10 02:09:30Z tacttime_calcular_mode_data Start Program END 

Create log file
2014-03-10 02:09:31Z tacttime_calcular_PMDT0ARRAY0A-PHOTO0AEXP End Program Start
2014-03-10 02:09:31Z tacttime_calcular_PMDT0ARRAY0A-PHOTO0AEXP End Program END 

Create log file
2014-03-10 02:09:37Z tacttime_calcular_mode_data Start Program Start
2014-03-10 02:09:37Z tacttime_calcular_mode_data Start Program END 

Create log file
2014-03-10 02:09:38Z tacttime_calcular_PMDT0ARRAY0A-PHOTO0AEXP End Program Start
2014-03-10 02:09:38Z tacttime_calcular_PMDT0ARRAY0A-PHOTO0AEXP End Program END 

Create log file
2014-03-10 02:09:45Z tacttime_calcular_mode_data Start Program Start
2014-03-10 02:09:45Z tacttime_calcular_mode_data Start Program END 

Create log file
2014-03-10 02:09:46Z tacttime_calcular_PMDT0ARRAY0A-PHOTO0AEXP End Program Start
2014-03-10 02:09:46Z tacttime_calcular_PMDT0ARRAY0A-PHOTO0AEXP End Program END 

Create log file
2014-03-10 02:10:32Z tacttime_calcular_mode_data Start Program Start
2014-03-10 02:10:32Z tacttime_calcular_mode_data Start Program END 

Create log file
2014-03-10 02:10:32Z tacttime_calcular_PMDT0ARRAY0A-PHOTO0AEXP End Program Start
2014-03-10 02:10:32Z tacttime_calcular_PMDT0ARRAY0A-PHOTO0AEXP End Program END 

Create log file
2014-03-10 02:10:37Z tacttime_calcular_mode_data Start Program Start
2014-03-10 02:10:37Z tacttime_calcular_mode_data Start Program END 

Create log file
2014-03-10 02:10:38Z tacttime_calcular_PMDT0ARRAY0A-PHOTO0AEXP End Program Start
2014-03-10 02:10:38Z tacttime_calcular_PMDT0ARRAY0A-PHOTO0AEXP End Program END 

Create log file
2014-03-10 02:10:44Z tacttime_calcular_mode_data Start Program Start
2014-03-10 02:10:44Z tacttime_calcular_mode_data Start Program END 

Create log file
2014-03-10 02:10:45Z tacttime_calcular_PMDT0ARRAY0A-PHOTO0AEXP End Program Start
2014-03-10 02:10:45Z tacttime_calcular_PMDT0ARRAY0A-PHOTO0AEXP End Program END 

Create log file
2014-03-10 02:10:45Z tacttime_calcular_mode_data Start Program Start
2014-03-10 02:10:45Z tacttime_calcular_mode_data Start Program END 

Create log file
2014-03-10 02:10:46Z tacttime_calcular_PMDT0ARRAY0A-PHOTO0AEXP End Program Start
2014-03-10 02:10:46Z tacttime_calcular_PMDT0ARRAY0A-PHOTO0AEXP End Program END 

Create log file
2014-03-10 02:11:02Z tacttime_calcular_mode_data Start Program Start
2014-03-10 02:11:02Z tacttime_calcular_mode_data Start Program END 

Create log file
2014-03-10 02:11:03Z tacttime_calcular_PMDT0ARRAY0A-PHOTO0AEXP End Program Start
2014-03-10 02:11:03Z tacttime_calcular_PMDT0ARRAY0A-PHOTO0AEXP End Program END 

Create log file
2014-03-10 02:11:03Z tacttime_calcular_mode_data Start Program Start
2014-03-10 02:11:03Z tacttime_calcular_mode_data Start Program END 

Create log file
2014-03-10 02:11:03Z tacttime_calcular_PMDT0ARRAY0A-PHOTO0AEXP End Program Start
2014-03-10 02:11:03Z tacttime_calcular_PMDT0ARRAY0A-PHOTO0AEXP End Program END 

Create log file
2014-03-10 02:11:16Z tacttime_calcular_mode_data Start Program Start
2014-03-10 02:11:16Z tacttime_calcular_mode_data Start Program END 

Create log file
2014-03-10 02:11:16Z tacttime_calcular_PMDT0ARRAY0A-PHOTO0AEXP End Program Start
2014-03-10 02:11:16Z tacttime_calcular_PMDT0ARRAY0A-PHOTO0AEXP End Program END 

Create log file
2014-03-10 02:11:16Z tacttime_calcular_mode_data Start Program Start
2014-03-10 02:11:16Z tacttime_calcular_mode_data Start Program END 

Create log file
2014-03-10 02:11:17Z tacttime_calcular_PMDT0ARRAY0A-PHOTO0AEXP End Program Start
2014-03-10 02:11:17Z tacttime_calcular_PMDT0ARRAY0A-PHOTO0AEXP End Program END 

Create log file
2014-03-10 02:11:19Z tacttime_calcular_mode_data Start Program Start
2014-03-10 02:11:19Z tacttime_calcular_mode_data Start Program END 

Create log file
2014-03-10 02:11:20Z tacttime_calcular_PMDT0ARRAY0A-PHOTO0AEXP End Program Start
2014-03-10 02:11:20Z tacttime_calcular_PMDT0ARRAY0A-PHOTO0AEXP End Program END 

Create log file
2014-03-10 02:11:21Z tacttime_calcular_mode_data Start Program Start
2014-03-10 02:11:21Z tacttime_calcular_mode_data Start Program END 

Create log file
2014-03-10 02:11:21Z tacttime_calcular_PMDT0ARRAY0A-PHOTO0AEXP End Program Start
2014-03-10 02:11:21Z tacttime_calcular_PMDT0ARRAY0A-PHOTO0AEXP End Program END 

Create log file
2014-03-10 02:11:31Z tacttime_calcular_mode_data Start Program Start
2014-03-10 02:11:31Z tacttime_calcular_mode_data Start Program END 

Create log file
2014-03-10 02:11:31Z tacttime_calcular_PMDT0ARRAY0A-PHOTO0AEXP End Program Start
2014-03-10 02:11:31Z tacttime_calcular_PMDT0ARRAY0A-PHOTO0AEXP End Program END 

Create log file
2014-03-10 02:12:21Z tacttime_calcular_mode_data Start Program Start
2014-03-10 02:12:21Z tacttime_calcular_mode_data Start Program END 

Create log file
2014-03-10 02:12:22Z tacttime_calcular_PMDT0ARRAY0A-PHOTO0AEXP End Program Start
2014-03-10 02:12:22Z tacttime_calcular_PMDT0ARRAY0A-PHOTO0AEXP End Program END 

Create log file
2014-03-10 02:12:22Z tacttime_calcular_mode_data Start Program Start
2014-03-10 02:12:22Z tacttime_calcular_mode_data Start Program END 

Create log file
2014-03-10 02:12:22Z tacttime_calcular_PMDT0ARRAY0A-PHOTO0AEXP End Program Start
2014-03-10 02:12:22Z tacttime_calcular_PMDT0ARRAY0A-PHOTO0AEXP End Program END 

Create log file
2014-03-10 02:12:26Z tacttime_calcular_mode_data Start Program Start
2014-03-10 02:12:26Z tacttime_calcular_mode_data Start Program END 

Create log file
2014-03-10 02:12:27Z tacttime_calcular_PMDT0ARRAY0A-PHOTO0AEXP End Program Start
2014-03-10 02:12:27Z tacttime_calcular_PMDT0ARRAY0A-PHOTO0AEXP End Program END 

Create log file
2014-03-10 02:12:35Z tacttime_calcular_mode_data Start Program Start
2014-03-10 02:12:35Z tacttime_calcular_mode_data Start Program END 

Create log file
2014-03-10 02:12:35Z tacttime_calcular_PMDT0ARRAY0A-PHOTO0AEXP End Program Start
2014-03-10 02:12:35Z tacttime_calcular_PMDT0ARRAY0A-PHOTO0AEXP End Program END 

Create log file
2014-03-10 02:12:37Z tacttime_calcular_mode_data Start Program Start
2014-03-10 02:12:37Z tacttime_calcular_mode_data Start Program END 

Create log file
2014-03-10 02:12:43Z tacttime_calcular_PMDT0ARRAY0A-PHOTO0AEXP End Program Start
2014-03-10 02:12:43Z tacttime_calcular_PMDT0ARRAY0A-PHOTO0AEXP End Program END 

Create log file
2014-03-10 02:12:51Z tacttime_calcular_mode_data Start Program Start
2014-03-10 02:12:51Z tacttime_calcular_mode_data Start Program END 

Create log file
2014-03-10 02:12:56Z tacttime_calcular_PMDT0ARRAY0A-PHOTO0AEXP End Program Start
2014-03-10 02:12:56Z tacttime_calcular_PMDT0ARRAY0A-PHOTO0AEXP End Program END 

Create log file
2014-03-10 02:12:56Z tacttime_calcular_mode_data Start Program Start
2014-03-10 02:12:56Z tacttime_calcular_mode_data Start Program END 

Create log file
2014-03-10 02:12:57Z tacttime_calcular_PMDT0ARRAY0A-PHOTO0AEXP End Program Start
2014-03-10 02:12:57Z tacttime_calcular_PMDT0ARRAY0A-PHOTO0AEXP End Program END 

Create log file
2014-03-10 02:12:58Z tacttime_calcular_mode_data Start Program Start
2014-03-10 02:12:58Z tacttime_calcular_mode_data Start Program END 

Create log file
2014-03-10 02:12:58Z tacttime_calcular_PMDT0ARRAY0A-PHOTO0AEXP End Program Start
2014-03-10 02:12:58Z tacttime_calcular_PMDT0ARRAY0A-PHOTO0AEXP End Program END 

Create log file
2014-03-10 02:13:02Z tacttime_calcular_mode_data Start Program Start
2014-03-10 02:13:02Z tacttime_calcular_mode_data Start Program END 

Create log file
2014-03-10 02:13:02Z tacttime_calcular_PMDT0ARRAY0A-PHOTO0AEXP End Program Start
2014-03-10 02:13:02Z tacttime_calcular_PMDT0ARRAY0A-PHOTO0AEXP End Program END 

Create log file
2014-03-10 02:13:47Z tacttime_calcular_mode_data Start Program Start
2014-03-10 02:13:47Z tacttime_calcular_mode_data Start Program END 

Create log file
2014-03-10 02:13:47Z tacttime_calcular_PMDT0ARRAY0A-PHOTO0AEXP End Program Start
2014-03-10 02:13:47Z tacttime_calcular_PMDT0ARRAY0A-PHOTO0AEXP End Program END 

Create log file
2014-03-10 02:14:20Z tacttime_calcular_mode_data Start Program Start
2014-03-10 02:14:20Z tacttime_calcular_mode_data Start Program END 

Create log file
2014-03-10 02:14:20Z tacttime_calcular_PMDT0ARRAY0A-PHOTO0AEXP End Program Start
2014-03-10 02:14:20Z tacttime_calcular_PMDT0ARRAY0A-PHOTO0AEXP End Program END 

Create log file
2014-03-10 02:14:20Z PP Tacttime  calcular_mode_data_T0ARRAY_0A-PHOTO_0AEXP0.95 start  Program Start
2014-03-10 02:14:20Z PP Tacttime  calcular_mode_data_T0ARRAY_0A-PHOTO_0AEXP0.95 start  Program END 

Create log file
2014-03-10 02:14:25Z PP Tacttime  calcular_mode_data_T0ARRAY_0A-PHOTO_0AEXP0.95 End  Program Start
2014-03-10 02:14:25Z PP Tacttime  calcular_mode_data_T0ARRAY_0A-PHOTO_0AEXP0.95 End  Program END 

Create log file
2014-03-10 02:15:25Z tacttime_calcular_mode_data Start Program Start
2014-03-10 02:15:25Z tacttime_calcular_mode_data Start Program END 

Create log file
2014-03-10 02:15:26Z tacttime_calcular_PMDT0ARRAY0A-ETCH0ASTR End Program Start
2014-03-10 02:15:26Z tacttime_calcular_PMDT0ARRAY0A-ETCH0ASTR End Program END 

Create log file
2014-03-10 02:15:31Z tacttime_calcular_mode_data Start Program Start
2014-03-10 02:15:31Z tacttime_calcular_mode_data Start Program END 

Create log file
2014-03-10 02:15:31Z tacttime_calcular_PMDT0ARRAY0A-ETCH0ASTR End Program Start
2014-03-10 02:15:31Z tacttime_calcular_PMDT0ARRAY0A-ETCH0ASTR End Program END 

Create log file
2014-03-10 02:17:22Z tacttime_calcular_mode_data Start Program Start
2014-03-10 02:17:22Z tacttime_calcular_mode_data Start Program END 

Create log file
2014-03-10 02:17:23Z tacttime_calcular_PMDT0ARRAY0A-ETCH0ASTR End Program Start
2014-03-10 02:17:23Z tacttime_calcular_PMDT0ARRAY0A-ETCH0ASTR End Program END 

Create log file
2014-03-10 02:18:13Z tacttime_calcular_mode_data Start Program Start
2014-03-10 02:18:13Z tacttime_calcular_mode_data Start Program END 

Create log file
2014-03-10 02:18:14Z tacttime_calcular_PMDT0ARRAY0A-ETCH0ASTR End Program Start
2014-03-10 02:18:14Z tacttime_calcular_PMDT0ARRAY0A-ETCH0ASTR End Program END 

Create log file
2014-03-10 02:19:10Z tacttime_calcular_mode_data Start Program Start
2014-03-10 02:19:10Z tacttime_calcular_mode_data Start Program END 

Create log file
2014-03-10 02:19:10Z tacttime_calcular_PMDT0ARRAY0A-ETCH0ASTR End Program Start
2014-03-10 02:19:10Z tacttime_calcular_PMDT0ARRAY0A-ETCH0ASTR End Program END 

Create log file
2014-03-10 02:20:07Z tacttime_calcular_mode_data Start Program Start
2014-03-10 02:20:07Z tacttime_calcular_mode_data Start Program END 

Create log file
2014-03-10 02:20:08Z tacttime_calcular_PMDT0ARRAY0A-ETCH0ASTR End Program Start
2014-03-10 02:20:08Z tacttime_calcular_PMDT0ARRAY0A-ETCH0ASTR End Program END 

Create log file
2014-03-10 02:20:19Z tacttime_calcular_mode_data Start Program Start
2014-03-10 02:20:19Z tacttime_calcular_mode_data Start Program END 

Create log file
2014-03-10 02:20:19Z tacttime_calcular_PMDT0ARRAY0A-ETCH0ASTR End Program Start
2014-03-10 02:20:19Z tacttime_calcular_PMDT0ARRAY0A-ETCH0ASTR End Program END 

Create log file
2014-03-10 02:20:19Z PP Tacttime  calcular_mode_data_T0ARRAY_0A-ETCH_0ASTR0.95 start  Program Start
2014-03-10 02:20:19Z PP Tacttime  calcular_mode_data_T0ARRAY_0A-ETCH_0ASTR0.95 start  Program END 

Create log file
2014-03-10 02:20:20Z PP Tacttime  calcular_mode_data_T0ARRAY_0A-ETCH_0ASTR0.95 End  Program Start
2014-03-10 02:20:20Z PP Tacttime  calcular_mode_data_T0ARRAY_0A-ETCH_0ASTR0.95 End  Program END 

Create log file
2014-03-10 02:21:10Z tacttime_calcular_mode_data Start Program Start
2014-03-10 02:21:10Z tacttime_calcular_mode_data Start Program END 

Create log file
2014-03-10 02:21:11Z tacttime_calcular_PMDT0ARRAY0A-PHOTO0ADEV End Program Start
2014-03-10 02:21:11Z tacttime_calcular_PMDT0ARRAY0A-PHOTO0ADEV End Program END 

Create log file
2014-03-10 02:21:27Z tacttime_calcular_mode_data Start Program Start
2014-03-10 02:21:27Z tacttime_calcular_mode_data Start Program END 

Create log file
2014-03-10 02:21:28Z tacttime_calcular_PMDT0ARRAY0A-PHOTO0ADEV End Program Start
2014-03-10 02:21:28Z tacttime_calcular_PMDT0ARRAY0A-PHOTO0ADEV End Program END 

Create log file
2014-03-10 02:21:39Z tacttime_calcular_mode_data Start Program Start
2014-03-10 02:21:39Z tacttime_calcular_mode_data Start Program END 

Create log file
2014-03-10 02:21:40Z tacttime_calcular_PMDT0ARRAY0A-PHOTO0ADEV End Program Start
2014-03-10 02:21:40Z tacttime_calcular_PMDT0ARRAY0A-PHOTO0ADEV End Program END 

Create log file
2014-03-10 02:22:09Z tacttime_calcular_mode_data Start Program Start
2014-03-10 02:22:09Z tacttime_calcular_mode_data Start Program END 

Create log file
2014-03-10 02:22:09Z tacttime_calcular_PMDT0ARRAY0A-PHOTO0ADEV End Program Start
2014-03-10 02:22:09Z tacttime_calcular_PMDT0ARRAY0A-PHOTO0ADEV End Program END 

Create log file
2014-03-10 02:22:18Z tacttime_calcular_mode_data Start Program Start
2014-03-10 02:22:18Z tacttime_calcular_mode_data Start Program END 

Create log file
2014-03-10 02:22:19Z tacttime_calcular_PMDT0ARRAY0A-PHOTO0ADEV End Program Start
2014-03-10 02:22:19Z tacttime_calcular_PMDT0ARRAY0A-PHOTO0ADEV End Program END 

Create log file
2014-03-10 02:22:20Z tacttime_calcular_mode_data Start Program Start
2014-03-10 02:22:20Z tacttime_calcular_mode_data Start Program END 

Create log file
2014-03-10 02:22:20Z tacttime_calcular_PMDT0ARRAY0A-PHOTO0ADEV End Program Start
2014-03-10 02:22:20Z tacttime_calcular_PMDT0ARRAY0A-PHOTO0ADEV End Program END 

Create log file
2014-03-10 02:22:21Z tacttime_calcular_mode_data Start Program Start
2014-03-10 02:22:21Z tacttime_calcular_mode_data Start Program END 

Create log file
2014-03-10 02:22:21Z tacttime_calcular_PMDT0ARRAY0A-PHOTO0ADEV End Program Start
2014-03-10 02:22:21Z tacttime_calcular_PMDT0ARRAY0A-PHOTO0ADEV End Program END 

Create log file
2014-03-10 02:22:46Z tacttime_calcular_mode_data Start Program Start
2014-03-10 02:22:46Z tacttime_calcular_mode_data Start Program END 

Create log file
2014-03-10 02:22:47Z tacttime_calcular_PMDT0ARRAY0A-PHOTO0ADEV End Program Start
2014-03-10 02:22:47Z tacttime_calcular_PMDT0ARRAY0A-PHOTO0ADEV End Program END 

Create log file
2014-03-10 02:23:04Z tacttime_calcular_mode_data Start Program Start
2014-03-10 02:23:04Z tacttime_calcular_mode_data Start Program END 

Create log file
2014-03-10 02:23:04Z tacttime_calcular_PMDT0ARRAY0A-PHOTO0ADEV End Program Start
2014-03-10 02:23:04Z tacttime_calcular_PMDT0ARRAY0A-PHOTO0ADEV End Program END 

Create log file
2014-03-10 02:23:10Z tacttime_calcular_mode_data Start Program Start
2014-03-10 02:23:10Z tacttime_calcular_mode_data Start Program END 

Create log file
2014-03-10 02:23:11Z tacttime_calcular_PMDT0ARRAY0A-PHOTO0ADEV End Program Start
2014-03-10 02:23:11Z tacttime_calcular_PMDT0ARRAY0A-PHOTO0ADEV End Program END 

Create log file
2014-03-10 02:23:34Z tacttime_calcular_mode_data Start Program Start
2014-03-10 02:23:34Z tacttime_calcular_mode_data Start Program END 

Create log file
2014-03-10 02:23:35Z tacttime_calcular_PMDT0ARRAY0A-PHOTO0ADEV End Program Start
2014-03-10 02:23:35Z tacttime_calcular_PMDT0ARRAY0A-PHOTO0ADEV End Program END 

Create log file
2014-03-10 02:23:52Z tacttime_calcular_mode_data Start Program Start
2014-03-10 02:23:52Z tacttime_calcular_mode_data Start Program END 

Create log file
2014-03-10 02:23:53Z tacttime_calcular_PMDT0ARRAY0A-PHOTO0ADEV End Program Start
2014-03-10 02:23:53Z tacttime_calcular_PMDT0ARRAY0A-PHOTO0ADEV End Program END 

Create log file
2014-03-10 02:24:05Z tacttime_calcular_mode_data Start Program Start
2014-03-10 02:24:05Z tacttime_calcular_mode_data Start Program END 

Create log file
2014-03-10 02:24:05Z tacttime_calcular_PMDT0ARRAY0A-PHOTO0ADEV End Program Start
2014-03-10 02:24:05Z tacttime_calcular_PMDT0ARRAY0A-PHOTO0ADEV End Program END 

Create log file
2014-03-10 02:24:26Z tacttime_calcular_mode_data Start Program Start
2014-03-10 02:24:26Z tacttime_calcular_mode_data Start Program END 

Create log file
2014-03-10 02:24:26Z tacttime_calcular_PMDT0ARRAY0A-PHOTO0ADEV End Program Start
2014-03-10 02:24:26Z tacttime_calcular_PMDT0ARRAY0A-PHOTO0ADEV End Program END 

Create log file
2014-03-10 02:25:07Z tacttime_calcular_mode_data Start Program Start
2014-03-10 02:25:07Z tacttime_calcular_mode_data Start Program END 

Create log file
2014-03-10 02:25:10Z tacttime_calcular_PMDT0ARRAY0A-PHOTO0ADEV End Program Start
2014-03-10 02:25:10Z tacttime_calcular_PMDT0ARRAY0A-PHOTO0ADEV End Program END 

Create log file
2014-03-10 02:25:12Z tacttime_calcular_mode_data Start Program Start
2014-03-10 02:25:12Z tacttime_calcular_mode_data Start Program END 

Create log file
2014-03-10 02:25:13Z tacttime_calcular_PMDT0ARRAY0A-PHOTO0ADEV End Program Start
2014-03-10 02:25:13Z tacttime_calcular_PMDT0ARRAY0A-PHOTO0ADEV End Program END 

Create log file
2014-03-10 02:25:34Z tacttime_calcular_mode_data Start Program Start
2014-03-10 02:25:34Z tacttime_calcular_mode_data Start Program END 

Create log file
2014-03-10 02:25:35Z tacttime_calcular_PMDT0ARRAY0A-PHOTO0ADEV End Program Start
2014-03-10 02:25:35Z tacttime_calcular_PMDT0ARRAY0A-PHOTO0ADEV End Program END 

Create log file
2014-03-10 02:25:41Z tacttime_calcular_mode_data Start Program Start
2014-03-10 02:25:41Z tacttime_calcular_mode_data Start Program END 

Create log file
2014-03-10 02:25:41Z tacttime_calcular_PMDT0ARRAY0A-PHOTO0ADEV End Program Start
2014-03-10 02:25:41Z tacttime_calcular_PMDT0ARRAY0A-PHOTO0ADEV End Program END 

Create log file
2014-03-10 02:25:43Z tacttime_calcular_mode_data Start Program Start
2014-03-10 02:25:43Z tacttime_calcular_mode_data Start Program END 

Create log file
2014-03-10 02:25:43Z tacttime_calcular_PMDT0ARRAY0A-PHOTO0ADEV End Program Start
2014-03-10 02:25:43Z tacttime_calcular_PMDT0ARRAY0A-PHOTO0ADEV End Program END 

Create log file
2014-03-10 02:25:44Z tacttime_calcular_mode_data Start Program Start
2014-03-10 02:25:44Z tacttime_calcular_mode_data Start Program END 

Create log file
2014-03-10 02:25:45Z tacttime_calcular_PMDT0ARRAY0A-PHOTO0ADEV End Program Start
2014-03-10 02:25:45Z tacttime_calcular_PMDT0ARRAY0A-PHOTO0ADEV End Program END 

Create log file
2014-03-10 02:25:48Z tacttime_calcular_mode_data Start Program Start
2014-03-10 02:25:48Z tacttime_calcular_mode_data Start Program END 

Create log file
2014-03-10 02:25:48Z tacttime_calcular_PMDT0ARRAY0A-PHOTO0ADEV End Program Start
2014-03-10 02:25:48Z tacttime_calcular_PMDT0ARRAY0A-PHOTO0ADEV End Program END 

Create log file
2014-03-10 02:26:08Z tacttime_calcular_mode_data Start Program Start
2014-03-10 02:26:08Z tacttime_calcular_mode_data Start Program END 

Create log file
2014-03-10 02:26:09Z tacttime_calcular_PMDT0ARRAY0A-PHOTO0ADEV End Program Start
2014-03-10 02:26:09Z tacttime_calcular_PMDT0ARRAY0A-PHOTO0ADEV End Program END 

Create log file
2014-03-10 02:26:10Z tacttime_calcular_mode_data Start Program Start
2014-03-10 02:26:10Z tacttime_calcular_mode_data Start Program END 

Create log file
2014-03-10 02:26:11Z tacttime_calcular_PMDT0ARRAY0A-PHOTO0ADEV End Program Start
2014-03-10 02:26:11Z tacttime_calcular_PMDT0ARRAY0A-PHOTO0ADEV End Program END 

Create log file
2014-03-10 02:26:11Z PP Tacttime  calcular_mode_data_T0ARRAY_0A-PHOTO_0ADEV0.95 start  Program Start
2014-03-10 02:26:11Z PP Tacttime  calcular_mode_data_T0ARRAY_0A-PHOTO_0ADEV0.95 start  Program END 

Create log file
2014-03-10 02:26:17Z PP Tacttime  calcular_mode_data_T0ARRAY_0A-PHOTO_0ADEV0.95 End  Program Start
2014-03-10 02:26:17Z PP Tacttime  calcular_mode_data_T0ARRAY_0A-PHOTO_0ADEV0.95 End  Program END 

Create log file
2014-03-10 03:00:49Z tacttime_calcular_mode_data Start Program Start
2014-03-10 03:00:49Z tacttime_calcular_mode_data Start Program END 

Create log file
2014-03-10 03:00:50Z tacttime_calcular_PMDT0ARRAY0A-TF0AANO End Program Start
2014-03-10 03:00:50Z tacttime_calcular_PMDT0ARRAY0A-TF0AANO End Program END 

Create log file
2014-03-10 03:00:50Z PP Tacttime  calcular_mode_data_T0ARRAY_0A-TF_0AANO0.95 start  Program Start
2014-03-10 03:00:50Z PP Tacttime  calcular_mode_data_T0ARRAY_0A-TF_0AANO0.95 start  Program END 

Create log file
2014-03-10 03:00:51Z PP Tacttime  calcular_mode_data_T0ARRAY_0A-TF_0AANO0.95 End  Program Start
2014-03-10 03:00:51Z PP Tacttime  calcular_mode_data_T0ARRAY_0A-TF_0AANO0.95 End  Program END 

Create log file
2014-03-10 03:01:10Z tacttime_calcular_mode_data Start Program Start
2014-03-10 03:01:10Z tacttime_calcular_mode_data Start Program END 

Create log file
2014-03-10 03:01:10Z tacttime_calcular_PMDT0ARRAY0A-TF0ACVD End Program Start
2014-03-10 03:01:10Z tacttime_calcular_PMDT0ARRAY0A-TF0ACVD End Program END 

Create log file
2014-03-10 03:02:06Z tacttime_calcular_mode_data Start Program Start
2014-03-10 03:02:06Z tacttime_calcular_mode_data Start Program END 

Create log file
2014-03-10 03:02:11Z tacttime_calcular_PMDT0ARRAY0A-TF0ACVD End Program Start
2014-03-10 03:02:11Z tacttime_calcular_PMDT0ARRAY0A-TF0ACVD End Program END 

Create log file
2014-03-10 03:02:34Z tacttime_calcular_mode_data Start Program Start
2014-03-10 03:02:34Z tacttime_calcular_mode_data Start Program END 

Create log file
2014-03-10 03:02:37Z tacttime_calcular_PMDT0ARRAY0A-TF0ACVD End Program Start
2014-03-10 03:02:37Z tacttime_calcular_PMDT0ARRAY0A-TF0ACVD End Program END 

Create log file
2014-03-10 03:03:15Z tacttime_calcular_mode_data Start Program Start
2014-03-10 03:03:15Z tacttime_calcular_mode_data Start Program END 

Create log file
2014-03-10 03:03:19Z tacttime_calcular_PMDT0ARRAY0A-TF0ACVD End Program Start
2014-03-10 03:03:19Z tacttime_calcular_PMDT0ARRAY0A-TF0ACVD End Program END 

Create log file
2014-03-10 03:03:20Z tacttime_calcular_mode_data Start Program Start
2014-03-10 03:03:20Z tacttime_calcular_mode_data Start Program END 

Create log file
2014-03-10 03:03:20Z tacttime_calcular_PMDT0ARRAY0A-TF0ACVD End Program Start
2014-03-10 03:03:20Z tacttime_calcular_PMDT0ARRAY0A-TF0ACVD End Program END 

Create log file
2014-03-10 03:03:21Z tacttime_calcular_mode_data Start Program Start
2014-03-10 03:03:21Z tacttime_calcular_mode_data Start Program END 

Create log file
2014-03-10 03:03:22Z tacttime_calcular_PMDT0ARRAY0A-TF0ACVD End Program Start
2014-03-10 03:03:22Z tacttime_calcular_PMDT0ARRAY0A-TF0ACVD End Program END 

Create log file
2014-03-10 03:03:22Z PP Tacttime  calcular_mode_data_T0ARRAY_0A-TF_0ACVD1 start  Program Start
2014-03-10 03:03:22Z PP Tacttime  calcular_mode_data_T0ARRAY_0A-TF_0ACVD1 start  Program END 

Create log file
2014-03-10 03:03:30Z PP Tacttime  calcular_mode_data_T0ARRAY_0A-TF_0ACVD1 End  Program Start
2014-03-10 03:03:30Z PP Tacttime  calcular_mode_data_T0ARRAY_0A-TF_0ACVD1 End  Program END 

Create log file
2014-03-10 03:03:43Z tacttime_calcular_mode_data Start Program Start
2014-03-10 03:03:43Z tacttime_calcular_mode_data Start Program END 

Create log file
2014-03-10 03:03:44Z tacttime_calcular_PMDT0ARRAY0A-PHOTO0AORO End Program Start
2014-03-10 03:03:44Z tacttime_calcular_PMDT0ARRAY0A-PHOTO0AORO End Program END 

Create log file
2014-03-10 03:04:03Z tacttime_calcular_mode_data Start Program Start
2014-03-10 03:04:03Z tacttime_calcular_mode_data Start Program END 

Create log file
2014-03-10 03:04:05Z tacttime_calcular_PMDT0ARRAY0A-PHOTO0AORO End Program Start
2014-03-10 03:04:05Z tacttime_calcular_PMDT0ARRAY0A-PHOTO0AORO End Program END 

Create log file
2014-03-10 03:04:07Z tacttime_calcular_mode_data Start Program Start
2014-03-10 03:04:07Z tacttime_calcular_mode_data Start Program END 

Create log file
2014-03-10 03:04:07Z tacttime_calcular_PMDT0ARRAY0A-PHOTO0AORO End Program Start
2014-03-10 03:04:07Z tacttime_calcular_PMDT0ARRAY0A-PHOTO0AORO End Program END 

Create log file
2014-03-10 03:04:12Z tacttime_calcular_mode_data Start Program Start
2014-03-10 03:04:12Z tacttime_calcular_mode_data Start Program END 

Create log file
2014-03-10 03:04:13Z tacttime_calcular_PMDT0ARRAY0A-PHOTO0AORO End Program Start
2014-03-10 03:04:13Z tacttime_calcular_PMDT0ARRAY0A-PHOTO0AORO End Program END 

Create log file
2014-03-10 03:04:24Z tacttime_calcular_mode_data Start Program Start
2014-03-10 03:04:24Z tacttime_calcular_mode_data Start Program END 

Create log file
2014-03-10 03:04:26Z tacttime_calcular_PMDT0ARRAY0A-PHOTO0AORO End Program Start
2014-03-10 03:04:26Z tacttime_calcular_PMDT0ARRAY0A-PHOTO0AORO End Program END 

Create log file
2014-03-10 03:04:27Z tacttime_calcular_mode_data Start Program Start
2014-03-10 03:04:27Z tacttime_calcular_mode_data Start Program END 

Create log file
2014-03-10 03:04:27Z tacttime_calcular_PMDT0ARRAY0A-PHOTO0AORO End Program Start
2014-03-10 03:04:27Z tacttime_calcular_PMDT0ARRAY0A-PHOTO0AORO End Program END 

Create log file
2014-03-10 03:04:27Z PP Tacttime  calcular_mode_data_T0ARRAY_0A-PHOTO_0AORO0.95 start  Program Start
2014-03-10 03:04:27Z PP Tacttime  calcular_mode_data_T0ARRAY_0A-PHOTO_0AORO0.95 start  Program END 

Create log file
2014-03-10 03:04:31Z PP Tacttime  calcular_mode_data_T0ARRAY_0A-PHOTO_0AORO0.95 End  Program Start
2014-03-10 03:04:31Z PP Tacttime  calcular_mode_data_T0ARRAY_0A-PHOTO_0AORO0.95 End  Program END 

Create log file
2014-03-10 03:04:49Z tacttime_calcular_mode_data Start Program Start
2014-03-10 03:04:49Z tacttime_calcular_mode_data Start Program END 

Create log file
2014-03-10 03:04:50Z tacttime_calcular_PMDT0ARRAY0A-ETCH0ADET End Program Start
2014-03-10 03:04:50Z tacttime_calcular_PMDT0ARRAY0A-ETCH0ADET End Program END 

Create log file
2014-03-10 03:05:44Z tacttime_calcular_mode_data Start Program Start
2014-03-10 03:05:44Z tacttime_calcular_mode_data Start Program END 

Create log file
2014-03-10 03:05:46Z tacttime_calcular_PMDT0ARRAY0A-ETCH0ADET End Program Start
2014-03-10 03:05:46Z tacttime_calcular_PMDT0ARRAY0A-ETCH0ADET End Program END 

Create log file
2014-03-10 03:06:45Z tacttime_calcular_mode_data Start Program Start
2014-03-10 03:06:45Z tacttime_calcular_mode_data Start Program END 

Create log file
2014-03-10 03:06:48Z tacttime_calcular_PMDT0ARRAY0A-ETCH0ADET End Program Start
2014-03-10 03:06:48Z tacttime_calcular_PMDT0ARRAY0A-ETCH0ADET End Program END 

Create log file
2014-03-10 03:07:47Z tacttime_calcular_mode_data Start Program Start
2014-03-10 03:07:47Z tacttime_calcular_mode_data Start Program END 

Create log file
2014-03-10 03:07:48Z tacttime_calcular_PMDT0ARRAY0A-ETCH0ADET End Program Start
2014-03-10 03:07:48Z tacttime_calcular_PMDT0ARRAY0A-ETCH0ADET End Program END 

Create log file
2014-03-10 03:08:38Z tacttime_calcular_mode_data Start Program Start
2014-03-10 03:08:38Z tacttime_calcular_mode_data Start Program END 

Create log file
2014-03-10 03:08:39Z tacttime_calcular_PMDT0ARRAY0A-ETCH0ADET End Program Start
2014-03-10 03:08:39Z tacttime_calcular_PMDT0ARRAY0A-ETCH0ADET End Program END 

Create log file
2014-03-10 03:08:45Z tacttime_calcular_mode_data Start Program Start
2014-03-10 03:08:45Z tacttime_calcular_mode_data Start Program END 

Create log file
2014-03-10 03:08:45Z tacttime_calcular_PMDT0ARRAY0A-ETCH0ADET End Program Start
2014-03-10 03:08:45Z tacttime_calcular_PMDT0ARRAY0A-ETCH0ADET End Program END 

Create log file
2014-03-10 03:08:45Z PP Tacttime  calcular_mode_data_T0ARRAY_0A-ETCH_0ADET0.95 start  Program Start
2014-03-10 03:08:45Z PP Tacttime  calcular_mode_data_T0ARRAY_0A-ETCH_0ADET0.95 start  Program END 

Create log file
2014-03-10 03:08:47Z PP Tacttime  calcular_mode_data_T0ARRAY_0A-ETCH_0ADET0.95 End  Program Start
2014-03-10 03:08:47Z PP Tacttime  calcular_mode_data_T0ARRAY_0A-ETCH_0ADET0.95 End  Program END 

Create log file
2014-03-10 04:00:18Z tacttime_calcular_mode_data Start Program Start
2014-03-10 04:00:18Z tacttime_calcular_mode_data Start Program END 

Create log file
2014-03-10 04:00:23Z tacttime_calcular_PMDT0ARRAY0A-TDTEST0ATES End Program Start
2014-03-10 04:00:23Z tacttime_calcular_PMDT0ARRAY0A-TDTEST0ATES End Program END 

Create log file
2014-03-10 04:00:23Z PP Tacttime  calcular_mode_data_T0ARRAY_0A-TDTEST_0ATES0.95 start  Program Start
2014-03-10 04:00:23Z PP Tacttime  calcular_mode_data_T0ARRAY_0A-TDTEST_0ATES0.95 start  Program END 

Create log file
2014-03-10 04:00:25Z PP Tacttime  calcular_mode_data_T0ARRAY_0A-TDTEST_0ATES0.95 End  Program Start
2014-03-10 04:00:25Z PP Tacttime  calcular_mode_data_T0ARRAY_0A-TDTEST_0ATES0.95 End  Program END 

Create log file
2014-03-10 04:00:32Z tacttime_calcular_mode_data Start Program Start
2014-03-10 04:00:32Z tacttime_calcular_mode_data Start Program END 

Create log file
2014-03-10 04:00:34Z tacttime_calcular_PMDT0ARRAY0A-TDTEST0ALSR End Program Start
2014-03-10 04:00:34Z tacttime_calcular_PMDT0ARRAY0A-TDTEST0ALSR End Program END 

Create log file
2014-03-10 04:00:34Z PP Tacttime  calcular_mode_data_T0ARRAY_0A-TDTEST_0ALSR0.95 start  Program Start
2014-03-10 04:00:34Z PP Tacttime  calcular_mode_data_T0ARRAY_0A-TDTEST_0ALSR0.95 start  Program END 

Create log file
2014-03-10 04:00:36Z PP Tacttime  calcular_mode_data_T0ARRAY_0A-TDTEST_0ALSR0.95 End  Program Start
2014-03-10 04:00:36Z PP Tacttime  calcular_mode_data_T0ARRAY_0A-TDTEST_0ALSR0.95 End  Program END 

