Create log file
2014-02-03 01:00:36Z tacttime_calcular_mode_data Start Program Start
2014-02-03 01:00:36Z tacttime_calcular_mode_data Start Program END 

Create log file
2014-02-03 01:00:37Z tacttime_calcular_PMDT0ARRAY0A-TF0APDC End Program Start
2014-02-03 01:00:37Z tacttime_calcular_PMDT0ARRAY0A-TF0APDC End Program END 

Create log file
2014-02-03 01:00:45Z tacttime_calcular_mode_data Start Program Start
2014-02-03 01:00:45Z tacttime_calcular_mode_data Start Program END 

Create log file
2014-02-03 01:00:45Z tacttime_calcular_PMDT0ARRAY0A-TF0APDC End Program Start
2014-02-03 01:00:45Z tacttime_calcular_PMDT0ARRAY0A-TF0APDC End Program END 

Create log file
2014-02-03 01:00:50Z tacttime_calcular_mode_data Start Program Start
2014-02-03 01:00:50Z tacttime_calcular_mode_data Start Program END 

Create log file
2014-02-03 01:00:50Z tacttime_calcular_PMDT0ARRAY0A-TF0APDC End Program Start
2014-02-03 01:00:50Z tacttime_calcular_PMDT0ARRAY0A-TF0APDC End Program END 

Create log file
2014-02-03 01:01:58Z tacttime_calcular_mode_data Start Program Start
2014-02-03 01:01:58Z tacttime_calcular_mode_data Start Program END 

Create log file
2014-02-03 01:01:59Z tacttime_calcular_PMDT0ARRAY0A-TF0APDC End Program Start
2014-02-03 01:01:59Z tacttime_calcular_PMDT0ARRAY0A-TF0APDC End Program END 

Create log file
2014-02-03 01:02:19Z tacttime_calcular_mode_data Start Program Start
2014-02-03 01:02:19Z tacttime_calcular_mode_data Start Program END 

Create log file
2014-02-03 01:02:20Z tacttime_calcular_PMDT0ARRAY0A-TF0APDC End Program Start
2014-02-03 01:02:20Z tacttime_calcular_PMDT0ARRAY0A-TF0APDC End Program END 

Create log file
2014-02-03 01:02:26Z tacttime_calcular_mode_data Start Program Start
2014-02-03 01:02:26Z tacttime_calcular_mode_data Start Program END 

Create log file
2014-02-03 01:02:26Z tacttime_calcular_PMDT0ARRAY0A-TF0APDC End Program Start
2014-02-03 01:02:26Z tacttime_calcular_PMDT0ARRAY0A-TF0APDC End Program END 

Create log file
2014-02-03 01:02:26Z PP Tacttime  calcular_mode_data_T0ARRAY_0A-TF_0APDC0.95 start  Program Start
2014-02-03 01:02:26Z PP Tacttime  calcular_mode_data_T0ARRAY_0A-TF_0APDC0.95 start  Program END 

Create log file
2014-02-03 01:02:26Z PP Tacttime  calcular_mode_data_T0ARRAY_0A-TF_0APDC0.95 End  Program Start
2014-02-03 01:02:26Z PP Tacttime  calcular_mode_data_T0ARRAY_0A-TF_0APDC0.95 End  Program END 

Create log file
2014-02-03 01:02:56Z tacttime_calcular_mode_data Start Program Start
2014-02-03 01:02:56Z tacttime_calcular_mode_data Start Program END 

Create log file
2014-02-03 01:02:57Z tacttime_calcular_PMDT0ARRAY0A-ETCH0AWET End Program Start
2014-02-03 01:02:57Z tacttime_calcular_PMDT0ARRAY0A-ETCH0AWET End Program END 

Create log file
2014-02-03 01:03:02Z tacttime_calcular_mode_data Start Program Start
2014-02-03 01:03:02Z tacttime_calcular_mode_data Start Program END 

Create log file
2014-02-03 01:03:02Z tacttime_calcular_PMDT0ARRAY0A-ETCH0AWET End Program Start
2014-02-03 01:03:02Z tacttime_calcular_PMDT0ARRAY0A-ETCH0AWET End Program END 

Create log file
2014-02-03 01:03:17Z tacttime_calcular_mode_data Start Program Start
2014-02-03 01:03:17Z tacttime_calcular_mode_data Start Program END 

Create log file
2014-02-03 01:03:17Z tacttime_calcular_PMDT0ARRAY0A-ETCH0AWET End Program Start
2014-02-03 01:03:17Z tacttime_calcular_PMDT0ARRAY0A-ETCH0AWET End Program END 

Create log file
2014-02-03 01:03:25Z tacttime_calcular_mode_data Start Program Start
2014-02-03 01:03:25Z tacttime_calcular_mode_data Start Program END 

Create log file
2014-02-03 01:03:25Z tacttime_calcular_PMDT0ARRAY0A-ETCH0AWET End Program Start
2014-02-03 01:03:25Z tacttime_calcular_PMDT0ARRAY0A-ETCH0AWET End Program END 

Create log file
2014-02-03 01:03:26Z tacttime_calcular_mode_data Start Program Start
2014-02-03 01:03:26Z tacttime_calcular_mode_data Start Program END 

Create log file
2014-02-03 01:03:26Z tacttime_calcular_PMDT0ARRAY0A-ETCH0AWET End Program Start
2014-02-03 01:03:26Z tacttime_calcular_PMDT0ARRAY0A-ETCH0AWET End Program END 

Create log file
2014-02-03 01:03:42Z tacttime_calcular_mode_data Start Program Start
2014-02-03 01:03:42Z tacttime_calcular_mode_data Start Program END 

Create log file
2014-02-03 01:03:43Z tacttime_calcular_PMDT0ARRAY0A-ETCH0AWET End Program Start
2014-02-03 01:03:43Z tacttime_calcular_PMDT0ARRAY0A-ETCH0AWET End Program END 

Create log file
2014-02-03 01:03:43Z PP Tacttime  calcular_mode_data_T0ARRAY_0A-ETCH_0AWET0.95 start  Program Start
2014-02-03 01:03:43Z PP Tacttime  calcular_mode_data_T0ARRAY_0A-ETCH_0AWET0.95 start  Program END 

Create log file
2014-02-03 01:03:43Z PP Tacttime  calcular_mode_data_T0ARRAY_0A-ETCH_0AWET0.95 End  Program Start
2014-02-03 01:03:43Z PP Tacttime  calcular_mode_data_T0ARRAY_0A-ETCH_0AWET0.95 End  Program END 

Create log file
2014-02-03 01:04:07Z tacttime_calcular_mode_data Start Program Start
2014-02-03 01:04:07Z tacttime_calcular_mode_data Start Program END 

Create log file
2014-02-03 01:04:08Z tacttime_calcular_PMDT0ARRAY0A-TF0AINC End Program Start
2014-02-03 01:04:08Z tacttime_calcular_PMDT0ARRAY0A-TF0AINC End Program END 

Create log file
2014-02-03 01:04:08Z PP Tacttime  calcular_mode_data_T0ARRAY_0A-TF_0AINC0.95 start  Program Start
2014-02-03 01:04:08Z PP Tacttime  calcular_mode_data_T0ARRAY_0A-TF_0AINC0.95 start  Program END 

Create log file
2014-02-03 01:04:08Z PP Tacttime  calcular_mode_data_T0ARRAY_0A-TF_0AINC0.95 End  Program Start
2014-02-03 01:04:08Z PP Tacttime  calcular_mode_data_T0ARRAY_0A-TF_0AINC0.95 End  Program END 

Create log file
2014-02-03 01:04:16Z tacttime_calcular_mode_data Start Program Start
2014-02-03 01:04:16Z tacttime_calcular_mode_data Start Program END 

Create log file
2014-02-03 01:04:16Z tacttime_calcular_PMDT0ARRAY0A-TF0APVD End Program Start
2014-02-03 01:04:16Z tacttime_calcular_PMDT0ARRAY0A-TF0APVD End Program END 

Create log file
2014-02-03 01:04:17Z tacttime_calcular_mode_data Start Program Start
2014-02-03 01:04:17Z tacttime_calcular_mode_data Start Program END 

Create log file
2014-02-03 01:04:17Z tacttime_calcular_PMDT0ARRAY0A-TF0APVD End Program Start
2014-02-03 01:04:17Z tacttime_calcular_PMDT0ARRAY0A-TF0APVD End Program END 

Create log file
2014-02-03 01:04:21Z tacttime_calcular_mode_data Start Program Start
2014-02-03 01:04:21Z tacttime_calcular_mode_data Start Program END 

Create log file
2014-02-03 01:04:21Z tacttime_calcular_PMDT0ARRAY0A-TF0APVD End Program Start
2014-02-03 01:04:21Z tacttime_calcular_PMDT0ARRAY0A-TF0APVD End Program END 

Create log file
2014-02-03 01:04:26Z tacttime_calcular_mode_data Start Program Start
2014-02-03 01:04:26Z tacttime_calcular_mode_data Start Program END 

Create log file
2014-02-03 01:04:26Z tacttime_calcular_PMDT0ARRAY0A-TF0APVD End Program Start
2014-02-03 01:04:26Z tacttime_calcular_PMDT0ARRAY0A-TF0APVD End Program END 

Create log file
2014-02-03 01:04:32Z tacttime_calcular_mode_data Start Program Start
2014-02-03 01:04:32Z tacttime_calcular_mode_data Start Program END 

Create log file
2014-02-03 01:04:33Z tacttime_calcular_PMDT0ARRAY0A-TF0APVD End Program Start
2014-02-03 01:04:33Z tacttime_calcular_PMDT0ARRAY0A-TF0APVD End Program END 

Create log file
2014-02-03 01:04:43Z tacttime_calcular_mode_data Start Program Start
2014-02-03 01:04:43Z tacttime_calcular_mode_data Start Program END 

Create log file
2014-02-03 01:04:43Z tacttime_calcular_PMDT0ARRAY0A-TF0APVD End Program Start
2014-02-03 01:04:43Z tacttime_calcular_PMDT0ARRAY0A-TF0APVD End Program END 

Create log file
2014-02-03 01:04:45Z tacttime_calcular_mode_data Start Program Start
2014-02-03 01:04:45Z tacttime_calcular_mode_data Start Program END 

Create log file
2014-02-03 01:04:46Z tacttime_calcular_PMDT0ARRAY0A-TF0APVD End Program Start
2014-02-03 01:04:46Z tacttime_calcular_PMDT0ARRAY0A-TF0APVD End Program END 

Create log file
2014-02-03 01:04:48Z tacttime_calcular_mode_data Start Program Start
2014-02-03 01:04:48Z tacttime_calcular_mode_data Start Program END 

Create log file
2014-02-03 01:04:48Z tacttime_calcular_PMDT0ARRAY0A-TF0APVD End Program Start
2014-02-03 01:04:48Z tacttime_calcular_PMDT0ARRAY0A-TF0APVD End Program END 

Create log file
2014-02-03 01:04:55Z tacttime_calcular_mode_data Start Program Start
2014-02-03 01:04:55Z tacttime_calcular_mode_data Start Program END 

Create log file
2014-02-03 01:04:55Z tacttime_calcular_PMDT0ARRAY0A-TF0APVD End Program Start
2014-02-03 01:04:55Z tacttime_calcular_PMDT0ARRAY0A-TF0APVD End Program END 

Create log file
2014-02-03 01:04:55Z tacttime_calcular_mode_data Start Program Start
2014-02-03 01:04:55Z tacttime_calcular_mode_data Start Program END 

Create log file
2014-02-03 01:04:55Z tacttime_calcular_PMDT0ARRAY0A-TF0APVD End Program Start
2014-02-03 01:04:55Z tacttime_calcular_PMDT0ARRAY0A-TF0APVD End Program END 

Create log file
2014-02-03 01:05:07Z tacttime_calcular_mode_data Start Program Start
2014-02-03 01:05:07Z tacttime_calcular_mode_data Start Program END 

Create log file
2014-02-03 01:05:07Z tacttime_calcular_PMDT0ARRAY0A-TF0APVD End Program Start
2014-02-03 01:05:07Z tacttime_calcular_PMDT0ARRAY0A-TF0APVD End Program END 

Create log file
2014-02-03 01:05:18Z tacttime_calcular_mode_data Start Program Start
2014-02-03 01:05:18Z tacttime_calcular_mode_data Start Program END 

Create log file
2014-02-03 01:05:18Z tacttime_calcular_PMDT0ARRAY0A-TF0APVD End Program Start
2014-02-03 01:05:18Z tacttime_calcular_PMDT0ARRAY0A-TF0APVD End Program END 

Create log file
2014-02-03 01:05:20Z tacttime_calcular_mode_data Start Program Start
2014-02-03 01:05:20Z tacttime_calcular_mode_data Start Program END 

Create log file
2014-02-03 01:05:21Z tacttime_calcular_PMDT0ARRAY0A-TF0APVD End Program Start
2014-02-03 01:05:21Z tacttime_calcular_PMDT0ARRAY0A-TF0APVD End Program END 

Create log file
2014-02-03 01:05:23Z tacttime_calcular_mode_data Start Program Start
2014-02-03 01:05:23Z tacttime_calcular_mode_data Start Program END 

Create log file
2014-02-03 01:05:23Z tacttime_calcular_PMDT0ARRAY0A-TF0APVD End Program Start
2014-02-03 01:05:23Z tacttime_calcular_PMDT0ARRAY0A-TF0APVD End Program END 

Create log file
2014-02-03 01:05:28Z tacttime_calcular_mode_data Start Program Start
2014-02-03 01:05:28Z tacttime_calcular_mode_data Start Program END 

Create log file
2014-02-03 01:05:28Z tacttime_calcular_PMDT0ARRAY0A-TF0APVD End Program Start
2014-02-03 01:05:28Z tacttime_calcular_PMDT0ARRAY0A-TF0APVD End Program END 

Create log file
2014-02-03 01:05:28Z PP Tacttime  calcular_mode_data_T0ARRAY_0A-TF_0APVD0.95 start  Program Start
2014-02-03 01:05:28Z PP Tacttime  calcular_mode_data_T0ARRAY_0A-TF_0APVD0.95 start  Program END 

Create log file
2014-02-03 01:05:30Z PP Tacttime  calcular_mode_data_T0ARRAY_0A-TF_0APVD0.95 End  Program Start
2014-02-03 01:05:30Z PP Tacttime  calcular_mode_data_T0ARRAY_0A-TF_0APVD0.95 End  Program END 

Create log file
2014-02-03 02:00:17Z tacttime_calcular_mode_data Start Program Start
2014-02-03 02:00:17Z tacttime_calcular_mode_data Start Program END 

Create log file
2014-02-03 02:00:18Z tacttime_calcular_PMDT0ARRAY0A-PHOTO0ACOA End Program Start
2014-02-03 02:00:18Z tacttime_calcular_PMDT0ARRAY0A-PHOTO0ACOA End Program END 

Create log file
2014-02-03 02:00:19Z tacttime_calcular_mode_data Start Program Start
2014-02-03 02:00:19Z tacttime_calcular_mode_data Start Program END 

Create log file
2014-02-03 02:00:19Z tacttime_calcular_PMDT0ARRAY0A-PHOTO0ACOA End Program Start
2014-02-03 02:00:19Z tacttime_calcular_PMDT0ARRAY0A-PHOTO0ACOA End Program END 

Create log file
2014-02-03 02:00:39Z tacttime_calcular_mode_data Start Program Start
2014-02-03 02:00:39Z tacttime_calcular_mode_data Start Program END 

Create log file
2014-02-03 02:00:40Z tacttime_calcular_PMDT0ARRAY0A-PHOTO0ACOA End Program Start
2014-02-03 02:00:40Z tacttime_calcular_PMDT0ARRAY0A-PHOTO0ACOA End Program END 

Create log file
2014-02-03 02:00:44Z tacttime_calcular_mode_data Start Program Start
2014-02-03 02:00:44Z tacttime_calcular_mode_data Start Program END 

Create log file
2014-02-03 02:00:45Z tacttime_calcular_PMDT0ARRAY0A-PHOTO0ACOA End Program Start
2014-02-03 02:00:45Z tacttime_calcular_PMDT0ARRAY0A-PHOTO0ACOA End Program END 

Create log file
2014-02-03 02:01:11Z tacttime_calcular_mode_data Start Program Start
2014-02-03 02:01:11Z tacttime_calcular_mode_data Start Program END 

Create log file
2014-02-03 02:01:12Z tacttime_calcular_PMDT0ARRAY0A-PHOTO0ACOA End Program Start
2014-02-03 02:01:12Z tacttime_calcular_PMDT0ARRAY0A-PHOTO0ACOA End Program END 

Create log file
2014-02-03 02:01:17Z tacttime_calcular_mode_data Start Program Start
2014-02-03 02:01:17Z tacttime_calcular_mode_data Start Program END 

Create log file
2014-02-03 02:01:18Z tacttime_calcular_PMDT0ARRAY0A-PHOTO0ACOA End Program Start
2014-02-03 02:01:18Z tacttime_calcular_PMDT0ARRAY0A-PHOTO0ACOA End Program END 

Create log file
2014-02-03 02:01:19Z tacttime_calcular_mode_data Start Program Start
2014-02-03 02:01:19Z tacttime_calcular_mode_data Start Program END 

Create log file
2014-02-03 02:01:20Z tacttime_calcular_PMDT0ARRAY0A-PHOTO0ACOA End Program Start
2014-02-03 02:01:20Z tacttime_calcular_PMDT0ARRAY0A-PHOTO0ACOA End Program END 

Create log file
2014-02-03 02:01:25Z tacttime_calcular_mode_data Start Program Start
2014-02-03 02:01:25Z tacttime_calcular_mode_data Start Program END 

Create log file
2014-02-03 02:01:26Z tacttime_calcular_PMDT0ARRAY0A-PHOTO0ACOA End Program Start
2014-02-03 02:01:26Z tacttime_calcular_PMDT0ARRAY0A-PHOTO0ACOA End Program END 

Create log file
2014-02-03 02:01:34Z tacttime_calcular_mode_data Start Program Start
2014-02-03 02:01:34Z tacttime_calcular_mode_data Start Program END 

Create log file
2014-02-03 02:01:35Z tacttime_calcular_PMDT0ARRAY0A-PHOTO0ACOA End Program Start
2014-02-03 02:01:35Z tacttime_calcular_PMDT0ARRAY0A-PHOTO0ACOA End Program END 

Create log file
2014-02-03 02:01:50Z tacttime_calcular_mode_data Start Program Start
2014-02-03 02:01:50Z tacttime_calcular_mode_data Start Program END 

Create log file
2014-02-03 02:01:52Z tacttime_calcular_PMDT0ARRAY0A-PHOTO0ACOA End Program Start
2014-02-03 02:01:52Z tacttime_calcular_PMDT0ARRAY0A-PHOTO0ACOA End Program END 

Create log file
2014-02-03 02:01:53Z tacttime_calcular_mode_data Start Program Start
2014-02-03 02:01:53Z tacttime_calcular_mode_data Start Program END 

Create log file
2014-02-03 02:01:53Z tacttime_calcular_PMDT0ARRAY0A-PHOTO0ACOA End Program Start
2014-02-03 02:01:53Z tacttime_calcular_PMDT0ARRAY0A-PHOTO0ACOA End Program END 

Create log file
2014-02-03 02:01:55Z tacttime_calcular_mode_data Start Program Start
2014-02-03 02:01:55Z tacttime_calcular_mode_data Start Program END 

Create log file
2014-02-03 02:01:55Z tacttime_calcular_PMDT0ARRAY0A-PHOTO0ACOA End Program Start
2014-02-03 02:01:55Z tacttime_calcular_PMDT0ARRAY0A-PHOTO0ACOA End Program END 

Create log file
2014-02-03 02:02:33Z tacttime_calcular_mode_data Start Program Start
2014-02-03 02:02:33Z tacttime_calcular_mode_data Start Program END 

Create log file
2014-02-03 02:02:35Z tacttime_calcular_PMDT0ARRAY0A-PHOTO0ACOA End Program Start
2014-02-03 02:02:35Z tacttime_calcular_PMDT0ARRAY0A-PHOTO0ACOA End Program END 

Create log file
2014-02-03 02:03:10Z tacttime_calcular_mode_data Start Program Start
2014-02-03 02:03:10Z tacttime_calcular_mode_data Start Program END 

Create log file
2014-02-03 02:03:11Z tacttime_calcular_PMDT0ARRAY0A-PHOTO0ACOA End Program Start
2014-02-03 02:03:11Z tacttime_calcular_PMDT0ARRAY0A-PHOTO0ACOA End Program END 

Create log file
2014-02-03 02:03:12Z tacttime_calcular_mode_data Start Program Start
2014-02-03 02:03:12Z tacttime_calcular_mode_data Start Program END 

Create log file
2014-02-03 02:03:12Z tacttime_calcular_PMDT0ARRAY0A-PHOTO0ACOA End Program Start
2014-02-03 02:03:12Z tacttime_calcular_PMDT0ARRAY0A-PHOTO0ACOA End Program END 

Create log file
2014-02-03 02:03:13Z tacttime_calcular_mode_data Start Program Start
2014-02-03 02:03:13Z tacttime_calcular_mode_data Start Program END 

Create log file
2014-02-03 02:03:13Z tacttime_calcular_PMDT0ARRAY0A-PHOTO0ACOA End Program Start
2014-02-03 02:03:13Z tacttime_calcular_PMDT0ARRAY0A-PHOTO0ACOA End Program END 

Create log file
2014-02-03 02:03:13Z PP Tacttime  calcular_mode_data_T0ARRAY_0A-PHOTO_0ACOA0.95 start  Program Start
2014-02-03 02:03:13Z PP Tacttime  calcular_mode_data_T0ARRAY_0A-PHOTO_0ACOA0.95 start  Program END 

Create log file
2014-02-03 02:03:18Z PP Tacttime  calcular_mode_data_T0ARRAY_0A-PHOTO_0ACOA0.95 End  Program Start
2014-02-03 02:03:18Z PP Tacttime  calcular_mode_data_T0ARRAY_0A-PHOTO_0ACOA0.95 End  Program END 

Create log file
2014-02-03 02:03:34Z tacttime_calcular_mode_data Start Program Start
2014-02-03 02:03:34Z tacttime_calcular_mode_data Start Program END 

Create log file
2014-02-03 02:03:35Z tacttime_calcular_PMDT0ARRAY0A-PHOTO0ADEV End Program Start
2014-02-03 02:03:35Z tacttime_calcular_PMDT0ARRAY0A-PHOTO0ADEV End Program END 

Create log file
2014-02-03 02:03:42Z tacttime_calcular_mode_data Start Program Start
2014-02-03 02:03:42Z tacttime_calcular_mode_data Start Program END 

Create log file
2014-02-03 02:03:43Z tacttime_calcular_PMDT0ARRAY0A-PHOTO0ADEV End Program Start
2014-02-03 02:03:43Z tacttime_calcular_PMDT0ARRAY0A-PHOTO0ADEV End Program END 

Create log file
2014-02-03 02:03:47Z tacttime_calcular_mode_data Start Program Start
2014-02-03 02:03:47Z tacttime_calcular_mode_data Start Program END 

Create log file
2014-02-03 02:03:48Z tacttime_calcular_PMDT0ARRAY0A-PHOTO0ADEV End Program Start
2014-02-03 02:03:48Z tacttime_calcular_PMDT0ARRAY0A-PHOTO0ADEV End Program END 

Create log file
2014-02-03 02:03:49Z tacttime_calcular_mode_data Start Program Start
2014-02-03 02:03:49Z tacttime_calcular_mode_data Start Program END 

Create log file
2014-02-03 02:03:49Z tacttime_calcular_PMDT0ARRAY0A-PHOTO0ADEV End Program Start
2014-02-03 02:03:49Z tacttime_calcular_PMDT0ARRAY0A-PHOTO0ADEV End Program END 

Create log file
2014-02-03 02:03:53Z tacttime_calcular_mode_data Start Program Start
2014-02-03 02:03:53Z tacttime_calcular_mode_data Start Program END 

Create log file
2014-02-03 02:03:53Z tacttime_calcular_PMDT0ARRAY0A-PHOTO0ADEV End Program Start
2014-02-03 02:03:53Z tacttime_calcular_PMDT0ARRAY0A-PHOTO0ADEV End Program END 

Create log file
2014-02-03 02:03:54Z tacttime_calcular_mode_data Start Program Start
2014-02-03 02:03:54Z tacttime_calcular_mode_data Start Program END 

Create log file
2014-02-03 02:03:54Z tacttime_calcular_PMDT0ARRAY0A-PHOTO0ADEV End Program Start
2014-02-03 02:03:54Z tacttime_calcular_PMDT0ARRAY0A-PHOTO0ADEV End Program END 

Create log file
2014-02-03 02:04:08Z tacttime_calcular_mode_data Start Program Start
2014-02-03 02:04:08Z tacttime_calcular_mode_data Start Program END 

Create log file
2014-02-03 02:04:08Z tacttime_calcular_PMDT0ARRAY0A-PHOTO0ADEV End Program Start
2014-02-03 02:04:08Z tacttime_calcular_PMDT0ARRAY0A-PHOTO0ADEV End Program END 

Create log file
2014-02-03 02:04:15Z tacttime_calcular_mode_data Start Program Start
2014-02-03 02:04:15Z tacttime_calcular_mode_data Start Program END 

Create log file
2014-02-03 02:04:16Z tacttime_calcular_PMDT0ARRAY0A-PHOTO0ADEV End Program Start
2014-02-03 02:04:16Z tacttime_calcular_PMDT0ARRAY0A-PHOTO0ADEV End Program END 

Create log file
2014-02-03 02:04:25Z tacttime_calcular_mode_data Start Program Start
2014-02-03 02:04:25Z tacttime_calcular_mode_data Start Program END 

Create log file
2014-02-03 02:04:25Z tacttime_calcular_PMDT0ARRAY0A-PHOTO0ADEV End Program Start
2014-02-03 02:04:25Z tacttime_calcular_PMDT0ARRAY0A-PHOTO0ADEV End Program END 

Create log file
2014-02-03 02:04:30Z tacttime_calcular_mode_data Start Program Start
2014-02-03 02:04:30Z tacttime_calcular_mode_data Start Program END 

Create log file
2014-02-03 02:04:30Z tacttime_calcular_PMDT0ARRAY0A-PHOTO0ADEV End Program Start
2014-02-03 02:04:30Z tacttime_calcular_PMDT0ARRAY0A-PHOTO0ADEV End Program END 

Create log file
2014-02-03 02:04:48Z tacttime_calcular_mode_data Start Program Start
2014-02-03 02:04:48Z tacttime_calcular_mode_data Start Program END 

Create log file
2014-02-03 02:04:49Z tacttime_calcular_PMDT0ARRAY0A-PHOTO0ADEV End Program Start
2014-02-03 02:04:49Z tacttime_calcular_PMDT0ARRAY0A-PHOTO0ADEV End Program END 

Create log file
2014-02-03 02:05:03Z tacttime_calcular_mode_data Start Program Start
2014-02-03 02:05:03Z tacttime_calcular_mode_data Start Program END 

Create log file
2014-02-03 02:05:04Z tacttime_calcular_PMDT0ARRAY0A-PHOTO0ADEV End Program Start
2014-02-03 02:05:04Z tacttime_calcular_PMDT0ARRAY0A-PHOTO0ADEV End Program END 

Create log file
2014-02-03 02:05:22Z tacttime_calcular_mode_data Start Program Start
2014-02-03 02:05:22Z tacttime_calcular_mode_data Start Program END 

Create log file
2014-02-03 02:05:22Z tacttime_calcular_PMDT0ARRAY0A-PHOTO0ADEV End Program Start
2014-02-03 02:05:22Z tacttime_calcular_PMDT0ARRAY0A-PHOTO0ADEV End Program END 

Create log file
2014-02-03 02:05:25Z tacttime_calcular_mode_data Start Program Start
2014-02-03 02:05:25Z tacttime_calcular_mode_data Start Program END 

Create log file
2014-02-03 02:05:26Z tacttime_calcular_PMDT0ARRAY0A-PHOTO0ADEV End Program Start
2014-02-03 02:05:26Z tacttime_calcular_PMDT0ARRAY0A-PHOTO0ADEV End Program END 

Create log file
2014-02-03 02:05:35Z tacttime_calcular_mode_data Start Program Start
2014-02-03 02:05:35Z tacttime_calcular_mode_data Start Program END 

Create log file
2014-02-03 02:05:36Z tacttime_calcular_PMDT0ARRAY0A-PHOTO0ADEV End Program Start
2014-02-03 02:05:36Z tacttime_calcular_PMDT0ARRAY0A-PHOTO0ADEV End Program END 

Create log file
2014-02-03 02:05:36Z PP Tacttime  calcular_mode_data_T0ARRAY_0A-PHOTO_0ADEV0.95 start  Program Start
2014-02-03 02:05:36Z PP Tacttime  calcular_mode_data_T0ARRAY_0A-PHOTO_0ADEV0.95 start  Program END 

Create log file
2014-02-03 02:05:39Z PP Tacttime  calcular_mode_data_T0ARRAY_0A-PHOTO_0ADEV0.95 End  Program Start
2014-02-03 02:05:39Z PP Tacttime  calcular_mode_data_T0ARRAY_0A-PHOTO_0ADEV0.95 End  Program END 

Create log file
2014-02-03 02:05:48Z tacttime_calcular_mode_data Start Program Start
2014-02-03 02:05:48Z tacttime_calcular_mode_data Start Program END 

Create log file
2014-02-03 02:05:49Z tacttime_calcular_PMDT0ARRAY0A-ETCH0ASTR End Program Start
2014-02-03 02:05:49Z tacttime_calcular_PMDT0ARRAY0A-ETCH0ASTR End Program END 

Create log file
2014-02-03 02:06:14Z tacttime_calcular_mode_data Start Program Start
2014-02-03 02:06:14Z tacttime_calcular_mode_data Start Program END 

Create log file
2014-02-03 02:06:14Z tacttime_calcular_PMDT0ARRAY0A-ETCH0ASTR End Program Start
2014-02-03 02:06:14Z tacttime_calcular_PMDT0ARRAY0A-ETCH0ASTR End Program END 

Create log file
2014-02-03 02:07:39Z tacttime_calcular_mode_data Start Program Start
2014-02-03 02:07:39Z tacttime_calcular_mode_data Start Program END 

Create log file
2014-02-03 02:07:41Z tacttime_calcular_PMDT0ARRAY0A-ETCH0ASTR End Program Start
2014-02-03 02:07:41Z tacttime_calcular_PMDT0ARRAY0A-ETCH0ASTR End Program END 

Create log file
2014-02-03 02:07:59Z tacttime_calcular_mode_data Start Program Start
2014-02-03 02:07:59Z tacttime_calcular_mode_data Start Program END 

Create log file
2014-02-03 02:07:59Z tacttime_calcular_PMDT0ARRAY0A-ETCH0ASTR End Program Start
2014-02-03 02:07:59Z tacttime_calcular_PMDT0ARRAY0A-ETCH0ASTR End Program END 

Create log file
2014-02-03 02:08:12Z tacttime_calcular_mode_data Start Program Start
2014-02-03 02:08:12Z tacttime_calcular_mode_data Start Program END 

Create log file
2014-02-03 02:08:13Z tacttime_calcular_PMDT0ARRAY0A-ETCH0ASTR End Program Start
2014-02-03 02:08:13Z tacttime_calcular_PMDT0ARRAY0A-ETCH0ASTR End Program END 

Create log file
2014-02-03 02:08:32Z tacttime_calcular_mode_data Start Program Start
2014-02-03 02:08:32Z tacttime_calcular_mode_data Start Program END 

Create log file
2014-02-03 02:08:32Z tacttime_calcular_PMDT0ARRAY0A-ETCH0ASTR End Program Start
2014-02-03 02:08:32Z tacttime_calcular_PMDT0ARRAY0A-ETCH0ASTR End Program END 

Create log file
2014-02-03 02:08:32Z PP Tacttime  calcular_mode_data_T0ARRAY_0A-ETCH_0ASTR0.95 start  Program Start
2014-02-03 02:08:32Z PP Tacttime  calcular_mode_data_T0ARRAY_0A-ETCH_0ASTR0.95 start  Program END 

Create log file
2014-02-03 02:08:33Z PP Tacttime  calcular_mode_data_T0ARRAY_0A-ETCH_0ASTR0.95 End  Program Start
2014-02-03 02:08:33Z PP Tacttime  calcular_mode_data_T0ARRAY_0A-ETCH_0ASTR0.95 End  Program END 

Create log file
2014-02-03 02:08:42Z tacttime_calcular_mode_data Start Program Start
2014-02-03 02:08:42Z tacttime_calcular_mode_data Start Program END 

Create log file
2014-02-03 02:08:42Z tacttime_calcular_PMDT0ARRAY0A-PHOTO0AEXP End Program Start
2014-02-03 02:08:42Z tacttime_calcular_PMDT0ARRAY0A-PHOTO0AEXP End Program END 

Create log file
2014-02-03 02:08:47Z tacttime_calcular_mode_data Start Program Start
2014-02-03 02:08:47Z tacttime_calcular_mode_data Start Program END 

Create log file
2014-02-03 02:08:47Z tacttime_calcular_PMDT0ARRAY0A-PHOTO0AEXP End Program Start
2014-02-03 02:08:47Z tacttime_calcular_PMDT0ARRAY0A-PHOTO0AEXP End Program END 

Create log file
2014-02-03 02:08:48Z tacttime_calcular_mode_data Start Program Start
2014-02-03 02:08:48Z tacttime_calcular_mode_data Start Program END 

Create log file
2014-02-03 02:08:48Z tacttime_calcular_PMDT0ARRAY0A-PHOTO0AEXP End Program Start
2014-02-03 02:08:48Z tacttime_calcular_PMDT0ARRAY0A-PHOTO0AEXP End Program END 

Create log file
2014-02-03 02:08:57Z tacttime_calcular_mode_data Start Program Start
2014-02-03 02:08:57Z tacttime_calcular_mode_data Start Program END 

Create log file
2014-02-03 02:08:58Z tacttime_calcular_PMDT0ARRAY0A-PHOTO0AEXP End Program Start
2014-02-03 02:08:58Z tacttime_calcular_PMDT0ARRAY0A-PHOTO0AEXP End Program END 

Create log file
2014-02-03 02:09:12Z tacttime_calcular_mode_data Start Program Start
2014-02-03 02:09:12Z tacttime_calcular_mode_data Start Program END 

Create log file
2014-02-03 02:09:13Z tacttime_calcular_PMDT0ARRAY0A-PHOTO0AEXP End Program Start
2014-02-03 02:09:13Z tacttime_calcular_PMDT0ARRAY0A-PHOTO0AEXP End Program END 

Create log file
2014-02-03 02:09:19Z tacttime_calcular_mode_data Start Program Start
2014-02-03 02:09:19Z tacttime_calcular_mode_data Start Program END 

Create log file
2014-02-03 02:09:20Z tacttime_calcular_PMDT0ARRAY0A-PHOTO0AEXP End Program Start
2014-02-03 02:09:20Z tacttime_calcular_PMDT0ARRAY0A-PHOTO0AEXP End Program END 

Create log file
2014-02-03 02:09:33Z tacttime_calcular_mode_data Start Program Start
2014-02-03 02:09:33Z tacttime_calcular_mode_data Start Program END 

Create log file
2014-02-03 02:09:33Z tacttime_calcular_PMDT0ARRAY0A-PHOTO0AEXP End Program Start
2014-02-03 02:09:33Z tacttime_calcular_PMDT0ARRAY0A-PHOTO0AEXP End Program END 

Create log file
2014-02-03 02:09:39Z tacttime_calcular_mode_data Start Program Start
2014-02-03 02:09:39Z tacttime_calcular_mode_data Start Program END 

Create log file
2014-02-03 02:09:39Z tacttime_calcular_PMDT0ARRAY0A-PHOTO0AEXP End Program Start
2014-02-03 02:09:39Z tacttime_calcular_PMDT0ARRAY0A-PHOTO0AEXP End Program END 

Create log file
2014-02-03 02:09:55Z tacttime_calcular_mode_data Start Program Start
2014-02-03 02:09:55Z tacttime_calcular_mode_data Start Program END 

Create log file
2014-02-03 02:09:55Z tacttime_calcular_PMDT0ARRAY0A-PHOTO0AEXP End Program Start
2014-02-03 02:09:55Z tacttime_calcular_PMDT0ARRAY0A-PHOTO0AEXP End Program END 

Create log file
2014-02-03 02:09:56Z tacttime_calcular_mode_data Start Program Start
2014-02-03 02:09:56Z tacttime_calcular_mode_data Start Program END 

Create log file
2014-02-03 02:09:56Z tacttime_calcular_PMDT0ARRAY0A-PHOTO0AEXP End Program Start
2014-02-03 02:09:56Z tacttime_calcular_PMDT0ARRAY0A-PHOTO0AEXP End Program END 

Create log file
2014-02-03 02:10:05Z tacttime_calcular_mode_data Start Program Start
2014-02-03 02:10:05Z tacttime_calcular_mode_data Start Program END 

Create log file
2014-02-03 02:10:06Z tacttime_calcular_PMDT0ARRAY0A-PHOTO0AEXP End Program Start
2014-02-03 02:10:06Z tacttime_calcular_PMDT0ARRAY0A-PHOTO0AEXP End Program END 

Create log file
2014-02-03 02:10:09Z tacttime_calcular_mode_data Start Program Start
2014-02-03 02:10:09Z tacttime_calcular_mode_data Start Program END 

Create log file
2014-02-03 02:10:10Z tacttime_calcular_PMDT0ARRAY0A-PHOTO0AEXP End Program Start
2014-02-03 02:10:10Z tacttime_calcular_PMDT0ARRAY0A-PHOTO0AEXP End Program END 

Create log file
2014-02-03 02:10:10Z tacttime_calcular_mode_data Start Program Start
2014-02-03 02:10:10Z tacttime_calcular_mode_data Start Program END 

Create log file
2014-02-03 02:10:10Z tacttime_calcular_PMDT0ARRAY0A-PHOTO0AEXP End Program Start
2014-02-03 02:10:10Z tacttime_calcular_PMDT0ARRAY0A-PHOTO0AEXP End Program END 

Create log file
2014-02-03 02:10:10Z tacttime_calcular_mode_data Start Program Start
2014-02-03 02:10:10Z tacttime_calcular_mode_data Start Program END 

Create log file
2014-02-03 02:10:11Z tacttime_calcular_PMDT0ARRAY0A-PHOTO0AEXP End Program Start
2014-02-03 02:10:11Z tacttime_calcular_PMDT0ARRAY0A-PHOTO0AEXP End Program END 

Create log file
2014-02-03 02:10:17Z tacttime_calcular_mode_data Start Program Start
2014-02-03 02:10:17Z tacttime_calcular_mode_data Start Program END 

Create log file
2014-02-03 02:10:17Z tacttime_calcular_PMDT0ARRAY0A-PHOTO0AEXP End Program Start
2014-02-03 02:10:17Z tacttime_calcular_PMDT0ARRAY0A-PHOTO0AEXP End Program END 

Create log file
2014-02-03 02:10:22Z tacttime_calcular_mode_data Start Program Start
2014-02-03 02:10:22Z tacttime_calcular_mode_data Start Program END 

Create log file
2014-02-03 02:10:22Z tacttime_calcular_PMDT0ARRAY0A-PHOTO0AEXP End Program Start
2014-02-03 02:10:22Z tacttime_calcular_PMDT0ARRAY0A-PHOTO0AEXP End Program END 

Create log file
2014-02-03 02:10:25Z tacttime_calcular_mode_data Start Program Start
2014-02-03 02:10:25Z tacttime_calcular_mode_data Start Program END 

Create log file
2014-02-03 02:10:25Z tacttime_calcular_PMDT0ARRAY0A-PHOTO0AEXP End Program Start
2014-02-03 02:10:25Z tacttime_calcular_PMDT0ARRAY0A-PHOTO0AEXP End Program END 

Create log file
2014-02-03 02:10:41Z tacttime_calcular_mode_data Start Program Start
2014-02-03 02:10:41Z tacttime_calcular_mode_data Start Program END 

Create log file
2014-02-03 02:10:41Z tacttime_calcular_PMDT0ARRAY0A-PHOTO0AEXP End Program Start
2014-02-03 02:10:41Z tacttime_calcular_PMDT0ARRAY0A-PHOTO0AEXP End Program END 

Create log file
2014-02-03 02:10:42Z tacttime_calcular_mode_data Start Program Start
2014-02-03 02:10:42Z tacttime_calcular_mode_data Start Program END 

Create log file
2014-02-03 02:10:42Z tacttime_calcular_PMDT0ARRAY0A-PHOTO0AEXP End Program Start
2014-02-03 02:10:42Z tacttime_calcular_PMDT0ARRAY0A-PHOTO0AEXP End Program END 

Create log file
2014-02-03 02:10:42Z PP Tacttime  calcular_mode_data_T0ARRAY_0A-PHOTO_0AEXP0.95 start  Program Start
2014-02-03 02:10:42Z PP Tacttime  calcular_mode_data_T0ARRAY_0A-PHOTO_0AEXP0.95 start  Program END 

Create log file
2014-02-03 02:10:44Z PP Tacttime  calcular_mode_data_T0ARRAY_0A-PHOTO_0AEXP0.95 End  Program Start
2014-02-03 02:10:44Z PP Tacttime  calcular_mode_data_T0ARRAY_0A-PHOTO_0AEXP0.95 End  Program END 

Create log file
2014-02-03 03:00:19Z tacttime_calcular_mode_data Start Program Start
2014-02-03 03:00:19Z tacttime_calcular_mode_data Start Program END 

Create log file
2014-02-03 03:00:20Z tacttime_calcular_PMDT0ARRAY0A-TF0ACVD End Program Start
2014-02-03 03:00:20Z tacttime_calcular_PMDT0ARRAY0A-TF0ACVD End Program END 

Create log file
2014-02-03 03:00:23Z tacttime_calcular_mode_data Start Program Start
2014-02-03 03:00:23Z tacttime_calcular_mode_data Start Program END 

Create log file
2014-02-03 03:00:24Z tacttime_calcular_PMDT0ARRAY0A-TF0ACVD End Program Start
2014-02-03 03:00:24Z tacttime_calcular_PMDT0ARRAY0A-TF0ACVD End Program END 

Create log file
2014-02-03 03:00:43Z tacttime_calcular_mode_data Start Program Start
2014-02-03 03:00:43Z tacttime_calcular_mode_data Start Program END 

Create log file
2014-02-03 03:00:44Z tacttime_calcular_PMDT0ARRAY0A-TF0ACVD End Program Start
2014-02-03 03:00:44Z tacttime_calcular_PMDT0ARRAY0A-TF0ACVD End Program END 

Create log file
2014-02-03 03:01:03Z tacttime_calcular_mode_data Start Program Start
2014-02-03 03:01:03Z tacttime_calcular_mode_data Start Program END 

Create log file
2014-02-03 03:01:05Z tacttime_calcular_PMDT0ARRAY0A-TF0ACVD End Program Start
2014-02-03 03:01:05Z tacttime_calcular_PMDT0ARRAY0A-TF0ACVD End Program END 

Create log file
2014-02-03 03:01:09Z tacttime_calcular_mode_data Start Program Start
2014-02-03 03:01:09Z tacttime_calcular_mode_data Start Program END 

Create log file
2014-02-03 03:01:09Z tacttime_calcular_PMDT0ARRAY0A-TF0ACVD End Program Start
2014-02-03 03:01:09Z tacttime_calcular_PMDT0ARRAY0A-TF0ACVD End Program END 

Create log file
2014-02-03 03:01:10Z tacttime_calcular_mode_data Start Program Start
2014-02-03 03:01:10Z tacttime_calcular_mode_data Start Program END 

Create log file
2014-02-03 03:01:10Z tacttime_calcular_PMDT0ARRAY0A-TF0ACVD End Program Start
2014-02-03 03:01:10Z tacttime_calcular_PMDT0ARRAY0A-TF0ACVD End Program END 

Create log file
2014-02-03 03:01:10Z PP Tacttime  calcular_mode_data_T0ARRAY_0A-TF_0ACVD1 start  Program Start
2014-02-03 03:01:10Z PP Tacttime  calcular_mode_data_T0ARRAY_0A-TF_0ACVD1 start  Program END 

Create log file
2014-02-03 03:01:16Z PP Tacttime  calcular_mode_data_T0ARRAY_0A-TF_0ACVD1 End  Program Start
2014-02-03 03:01:16Z PP Tacttime  calcular_mode_data_T0ARRAY_0A-TF_0ACVD1 End  Program END 

Create log file
2014-02-03 03:01:21Z tacttime_calcular_mode_data Start Program Start
2014-02-03 03:01:21Z tacttime_calcular_mode_data Start Program END 

Create log file
2014-02-03 03:01:22Z tacttime_calcular_PMDT0ARRAY0A-ETCH0ADET End Program Start
2014-02-03 03:01:22Z tacttime_calcular_PMDT0ARRAY0A-ETCH0ADET End Program END 

Create log file
2014-02-03 03:01:42Z tacttime_calcular_mode_data Start Program Start
2014-02-03 03:01:42Z tacttime_calcular_mode_data Start Program END 

Create log file
2014-02-03 03:01:43Z tacttime_calcular_PMDT0ARRAY0A-ETCH0ADET End Program Start
2014-02-03 03:01:43Z tacttime_calcular_PMDT0ARRAY0A-ETCH0ADET End Program END 

Create log file
2014-02-03 03:01:46Z tacttime_calcular_mode_data Start Program Start
2014-02-03 03:01:46Z tacttime_calcular_mode_data Start Program END 

Create log file
2014-02-03 03:01:47Z tacttime_calcular_PMDT0ARRAY0A-ETCH0ADET End Program Start
2014-02-03 03:01:47Z tacttime_calcular_PMDT0ARRAY0A-ETCH0ADET End Program END 

Create log file
2014-02-03 03:01:52Z tacttime_calcular_mode_data Start Program Start
2014-02-03 03:01:52Z tacttime_calcular_mode_data Start Program END 

Create log file
2014-02-03 03:01:53Z tacttime_calcular_PMDT0ARRAY0A-ETCH0ADET End Program Start
2014-02-03 03:01:53Z tacttime_calcular_PMDT0ARRAY0A-ETCH0ADET End Program END 

Create log file
2014-02-03 03:01:55Z tacttime_calcular_mode_data Start Program Start
2014-02-03 03:01:55Z tacttime_calcular_mode_data Start Program END 

Create log file
2014-02-03 03:01:56Z tacttime_calcular_PMDT0ARRAY0A-ETCH0ADET End Program Start
2014-02-03 03:01:56Z tacttime_calcular_PMDT0ARRAY0A-ETCH0ADET End Program END 

Create log file
2014-02-03 03:02:13Z tacttime_calcular_mode_data Start Program Start
2014-02-03 03:02:13Z tacttime_calcular_mode_data Start Program END 

Create log file
2014-02-03 03:02:14Z tacttime_calcular_PMDT0ARRAY0A-ETCH0ADET End Program Start
2014-02-03 03:02:14Z tacttime_calcular_PMDT0ARRAY0A-ETCH0ADET End Program END 

Create log file
2014-02-03 03:02:29Z tacttime_calcular_mode_data Start Program Start
2014-02-03 03:02:29Z tacttime_calcular_mode_data Start Program END 

Create log file
2014-02-03 03:02:30Z tacttime_calcular_PMDT0ARRAY0A-ETCH0ADET End Program Start
2014-02-03 03:02:30Z tacttime_calcular_PMDT0ARRAY0A-ETCH0ADET End Program END 

Create log file
2014-02-03 03:02:31Z tacttime_calcular_mode_data Start Program Start
2014-02-03 03:02:31Z tacttime_calcular_mode_data Start Program END 

Create log file
2014-02-03 03:02:31Z tacttime_calcular_PMDT0ARRAY0A-ETCH0ADET End Program Start
2014-02-03 03:02:31Z tacttime_calcular_PMDT0ARRAY0A-ETCH0ADET End Program END 

Create log file
2014-02-03 03:02:35Z tacttime_calcular_mode_data Start Program Start
2014-02-03 03:02:35Z tacttime_calcular_mode_data Start Program END 

Create log file
2014-02-03 03:02:35Z tacttime_calcular_PMDT0ARRAY0A-ETCH0ADET End Program Start
2014-02-03 03:02:35Z tacttime_calcular_PMDT0ARRAY0A-ETCH0ADET End Program END 

Create log file
2014-02-03 03:02:53Z tacttime_calcular_mode_data Start Program Start
2014-02-03 03:02:53Z tacttime_calcular_mode_data Start Program END 

Create log file
2014-02-03 03:02:54Z tacttime_calcular_PMDT0ARRAY0A-ETCH0ADET End Program Start
2014-02-03 03:02:54Z tacttime_calcular_PMDT0ARRAY0A-ETCH0ADET End Program END 

Create log file
2014-02-03 03:02:54Z PP Tacttime  calcular_mode_data_T0ARRAY_0A-ETCH_0ADET0.95 start  Program Start
2014-02-03 03:02:54Z PP Tacttime  calcular_mode_data_T0ARRAY_0A-ETCH_0ADET0.95 start  Program END 

Create log file
2014-02-03 03:02:56Z PP Tacttime  calcular_mode_data_T0ARRAY_0A-ETCH_0ADET0.95 End  Program Start
2014-02-03 03:02:56Z PP Tacttime  calcular_mode_data_T0ARRAY_0A-ETCH_0ADET0.95 End  Program END 

Create log file
2014-02-03 04:00:26Z tacttime_calcular_mode_data Start Program Start
2014-02-03 04:00:26Z tacttime_calcular_mode_data Start Program END 

Create log file
2014-02-03 04:00:27Z tacttime_calcular_PMDT0ARRAY0A-TDTEST0ATES End Program Start
2014-02-03 04:00:27Z tacttime_calcular_PMDT0ARRAY0A-TDTEST0ATES End Program END 

Create log file
2014-02-03 04:00:27Z PP Tacttime  calcular_mode_data_T0ARRAY_0A-TDTEST_0ATES0.95 start  Program Start
2014-02-03 04:00:27Z PP Tacttime  calcular_mode_data_T0ARRAY_0A-TDTEST_0ATES0.95 start  Program END 

Create log file
2014-02-03 04:00:28Z PP Tacttime  calcular_mode_data_T0ARRAY_0A-TDTEST_0ATES0.95 End  Program Start
2014-02-03 04:00:28Z PP Tacttime  calcular_mode_data_T0ARRAY_0A-TDTEST_0ATES0.95 End  Program END 

Create log file
2014-02-03 04:00:39Z tacttime_calcular_mode_data Start Program Start
2014-02-03 04:00:39Z tacttime_calcular_mode_data Start Program END 

Create log file
2014-02-03 04:00:42Z tacttime_calcular_PMDT0ARRAY0A-TDTEST0ALSR End Program Start
2014-02-03 04:00:42Z tacttime_calcular_PMDT0ARRAY0A-TDTEST0ALSR End Program END 

Create log file
2014-02-03 04:00:43Z PP Tacttime  calcular_mode_data_T0ARRAY_0A-TDTEST_0ALSR0.95 start  Program Start
2014-02-03 04:00:43Z PP Tacttime  calcular_mode_data_T0ARRAY_0A-TDTEST_0ALSR0.95 start  Program END 

Create log file
2014-02-03 04:00:45Z PP Tacttime  calcular_mode_data_T0ARRAY_0A-TDTEST_0ALSR0.95 End  Program Start
2014-02-03 04:00:45Z PP Tacttime  calcular_mode_data_T0ARRAY_0A-TDTEST_0ALSR0.95 End  Program END 

