Create log file
2014-02-10 01:00:19Z tacttime_calcular_mode_data Start Program Start
2014-02-10 01:00:19Z tacttime_calcular_mode_data Start Program END 

Create log file
2014-02-10 01:00:20Z tacttime_calcular_PMDT0ARRAY0A-TF0APVD End Program Start
2014-02-10 01:00:20Z tacttime_calcular_PMDT0ARRAY0A-TF0APVD End Program END 

Create log file
2014-02-10 01:00:24Z tacttime_calcular_mode_data Start Program Start
2014-02-10 01:00:24Z tacttime_calcular_mode_data Start Program END 

Create log file
2014-02-10 01:00:24Z tacttime_calcular_PMDT0ARRAY0A-TF0APVD End Program Start
2014-02-10 01:00:24Z tacttime_calcular_PMDT0ARRAY0A-TF0APVD End Program END 

Create log file
2014-02-10 01:00:52Z tacttime_calcular_mode_data Start Program Start
2014-02-10 01:00:52Z tacttime_calcular_mode_data Start Program END 

Create log file
2014-02-10 01:00:52Z tacttime_calcular_PMDT0ARRAY0A-TF0APVD End Program Start
2014-02-10 01:00:52Z tacttime_calcular_PMDT0ARRAY0A-TF0APVD End Program END 

Create log file
2014-02-10 01:00:57Z tacttime_calcular_mode_data Start Program Start
2014-02-10 01:00:57Z tacttime_calcular_mode_data Start Program END 

Create log file
2014-02-10 01:01:00Z tacttime_calcular_PMDT0ARRAY0A-TF0APVD End Program Start
2014-02-10 01:01:00Z tacttime_calcular_PMDT0ARRAY0A-TF0APVD End Program END 

Create log file
2014-02-10 01:01:32Z tacttime_calcular_mode_data Start Program Start
2014-02-10 01:01:32Z tacttime_calcular_mode_data Start Program END 

Create log file
2014-02-10 01:01:33Z tacttime_calcular_PMDT0ARRAY0A-TF0APVD End Program Start
2014-02-10 01:01:33Z tacttime_calcular_PMDT0ARRAY0A-TF0APVD End Program END 

Create log file
2014-02-10 01:01:51Z tacttime_calcular_mode_data Start Program Start
2014-02-10 01:01:51Z tacttime_calcular_mode_data Start Program END 

Create log file
2014-02-10 01:01:51Z tacttime_calcular_PMDT0ARRAY0A-TF0APVD End Program Start
2014-02-10 01:01:51Z tacttime_calcular_PMDT0ARRAY0A-TF0APVD End Program END 

Create log file
2014-02-10 01:02:07Z tacttime_calcular_mode_data Start Program Start
2014-02-10 01:02:07Z tacttime_calcular_mode_data Start Program END 

Create log file
2014-02-10 01:02:07Z tacttime_calcular_PMDT0ARRAY0A-TF0APVD End Program Start
2014-02-10 01:02:07Z tacttime_calcular_PMDT0ARRAY0A-TF0APVD End Program END 

Create log file
2014-02-10 01:02:12Z tacttime_calcular_mode_data Start Program Start
2014-02-10 01:02:12Z tacttime_calcular_mode_data Start Program END 

Create log file
2014-02-10 01:02:12Z tacttime_calcular_PMDT0ARRAY0A-TF0APVD End Program Start
2014-02-10 01:02:12Z tacttime_calcular_PMDT0ARRAY0A-TF0APVD End Program END 

Create log file
2014-02-10 01:02:14Z tacttime_calcular_mode_data Start Program Start
2014-02-10 01:02:14Z tacttime_calcular_mode_data Start Program END 

Create log file
2014-02-10 01:02:14Z tacttime_calcular_PMDT0ARRAY0A-TF0APVD End Program Start
2014-02-10 01:02:14Z tacttime_calcular_PMDT0ARRAY0A-TF0APVD End Program END 

Create log file
2014-02-10 01:02:17Z tacttime_calcular_mode_data Start Program Start
2014-02-10 01:02:17Z tacttime_calcular_mode_data Start Program END 

Create log file
2014-02-10 01:02:18Z tacttime_calcular_PMDT0ARRAY0A-TF0APVD End Program Start
2014-02-10 01:02:18Z tacttime_calcular_PMDT0ARRAY0A-TF0APVD End Program END 

Create log file
2014-02-10 01:02:18Z PP Tacttime  calcular_mode_data_T0ARRAY_0A-TF_0APVD0.95 start  Program Start
2014-02-10 01:02:18Z PP Tacttime  calcular_mode_data_T0ARRAY_0A-TF_0APVD0.95 start  Program END 

Create log file
2014-02-10 01:02:19Z PP Tacttime  calcular_mode_data_T0ARRAY_0A-TF_0APVD0.95 End  Program Start
2014-02-10 01:02:19Z PP Tacttime  calcular_mode_data_T0ARRAY_0A-TF_0APVD0.95 End  Program END 

Create log file
2014-02-10 01:02:59Z tacttime_calcular_mode_data Start Program Start
2014-02-10 01:02:59Z tacttime_calcular_mode_data Start Program END 

Create log file
2014-02-10 01:03:00Z tacttime_calcular_PMDT0ARRAY0A-ETCH0AWET End Program Start
2014-02-10 01:03:00Z tacttime_calcular_PMDT0ARRAY0A-ETCH0AWET End Program END 

Create log file
2014-02-10 01:03:11Z tacttime_calcular_mode_data Start Program Start
2014-02-10 01:03:11Z tacttime_calcular_mode_data Start Program END 

Create log file
2014-02-10 01:03:11Z tacttime_calcular_PMDT0ARRAY0A-ETCH0AWET End Program Start
2014-02-10 01:03:11Z tacttime_calcular_PMDT0ARRAY0A-ETCH0AWET End Program END 

Create log file
2014-02-10 01:03:18Z tacttime_calcular_mode_data Start Program Start
2014-02-10 01:03:18Z tacttime_calcular_mode_data Start Program END 

Create log file
2014-02-10 01:03:19Z tacttime_calcular_PMDT0ARRAY0A-ETCH0AWET End Program Start
2014-02-10 01:03:19Z tacttime_calcular_PMDT0ARRAY0A-ETCH0AWET End Program END 

Create log file
2014-02-10 01:03:54Z tacttime_calcular_mode_data Start Program Start
2014-02-10 01:03:54Z tacttime_calcular_mode_data Start Program END 

Create log file
2014-02-10 01:03:55Z tacttime_calcular_PMDT0ARRAY0A-ETCH0AWET End Program Start
2014-02-10 01:03:55Z tacttime_calcular_PMDT0ARRAY0A-ETCH0AWET End Program END 

Create log file
2014-02-10 01:03:56Z tacttime_calcular_mode_data Start Program Start
2014-02-10 01:03:56Z tacttime_calcular_mode_data Start Program END 

Create log file
2014-02-10 01:03:56Z tacttime_calcular_PMDT0ARRAY0A-ETCH0AWET End Program Start
2014-02-10 01:03:56Z tacttime_calcular_PMDT0ARRAY0A-ETCH0AWET End Program END 

Create log file
2014-02-10 01:03:58Z tacttime_calcular_mode_data Start Program Start
2014-02-10 01:03:58Z tacttime_calcular_mode_data Start Program END 

Create log file
2014-02-10 01:03:58Z tacttime_calcular_PMDT0ARRAY0A-ETCH0AWET End Program Start
2014-02-10 01:03:58Z tacttime_calcular_PMDT0ARRAY0A-ETCH0AWET End Program END 

Create log file
2014-02-10 01:04:25Z tacttime_calcular_mode_data Start Program Start
2014-02-10 01:04:25Z tacttime_calcular_mode_data Start Program END 

Create log file
2014-02-10 01:04:26Z tacttime_calcular_PMDT0ARRAY0A-ETCH0AWET End Program Start
2014-02-10 01:04:26Z tacttime_calcular_PMDT0ARRAY0A-ETCH0AWET End Program END 

Create log file
2014-02-10 01:04:26Z PP Tacttime  calcular_mode_data_T0ARRAY_0A-ETCH_0AWET0.95 start  Program Start
2014-02-10 01:04:26Z PP Tacttime  calcular_mode_data_T0ARRAY_0A-ETCH_0AWET0.95 start  Program END 

Create log file
2014-02-10 01:04:26Z PP Tacttime  calcular_mode_data_T0ARRAY_0A-ETCH_0AWET0.95 End  Program Start
2014-02-10 01:04:26Z PP Tacttime  calcular_mode_data_T0ARRAY_0A-ETCH_0AWET0.95 End  Program END 

Create log file
2014-02-10 01:05:18Z tacttime_calcular_mode_data Start Program Start
2014-02-10 01:05:18Z tacttime_calcular_mode_data Start Program END 

Create log file
2014-02-10 01:05:19Z tacttime_calcular_PMDT0ARRAY0A-TF0AINC End Program Start
2014-02-10 01:05:19Z tacttime_calcular_PMDT0ARRAY0A-TF0AINC End Program END 

Create log file
2014-02-10 01:05:19Z PP Tacttime  calcular_mode_data_T0ARRAY_0A-TF_0AINC0.95 start  Program Start
2014-02-10 01:05:19Z PP Tacttime  calcular_mode_data_T0ARRAY_0A-TF_0AINC0.95 start  Program END 

Create log file
2014-02-10 01:05:20Z PP Tacttime  calcular_mode_data_T0ARRAY_0A-TF_0AINC0.95 End  Program Start
2014-02-10 01:05:20Z PP Tacttime  calcular_mode_data_T0ARRAY_0A-TF_0AINC0.95 End  Program END 

Create log file
2014-02-10 01:07:03Z tacttime_calcular_mode_data Start Program Start
2014-02-10 01:07:03Z tacttime_calcular_mode_data Start Program END 

Create log file
2014-02-10 01:07:04Z tacttime_calcular_PMDT0ARRAY0A-TF0APDC End Program Start
2014-02-10 01:07:04Z tacttime_calcular_PMDT0ARRAY0A-TF0APDC End Program END 

Create log file
2014-02-10 01:08:43Z tacttime_calcular_mode_data Start Program Start
2014-02-10 01:08:43Z tacttime_calcular_mode_data Start Program END 

Create log file
2014-02-10 01:08:44Z tacttime_calcular_PMDT0ARRAY0A-TF0APDC End Program Start
2014-02-10 01:08:44Z tacttime_calcular_PMDT0ARRAY0A-TF0APDC End Program END 

Create log file
2014-02-10 01:09:06Z tacttime_calcular_mode_data Start Program Start
2014-02-10 01:09:06Z tacttime_calcular_mode_data Start Program END 

Create log file
2014-02-10 01:09:06Z tacttime_calcular_PMDT0ARRAY0A-TF0APDC End Program Start
2014-02-10 01:09:06Z tacttime_calcular_PMDT0ARRAY0A-TF0APDC End Program END 

Create log file
2014-02-10 01:09:06Z PP Tacttime  calcular_mode_data_T0ARRAY_0A-TF_0APDC0.95 start  Program Start
2014-02-10 01:09:06Z PP Tacttime  calcular_mode_data_T0ARRAY_0A-TF_0APDC0.95 start  Program END 

Create log file
2014-02-10 01:09:07Z PP Tacttime  calcular_mode_data_T0ARRAY_0A-TF_0APDC0.95 End  Program Start
2014-02-10 01:09:07Z PP Tacttime  calcular_mode_data_T0ARRAY_0A-TF_0APDC0.95 End  Program END 

Create log file
2014-02-10 02:00:25Z tacttime_calcular_mode_data Start Program Start
2014-02-10 02:00:25Z tacttime_calcular_mode_data Start Program END 

Create log file
2014-02-10 02:00:25Z tacttime_calcular_PMDT0ARRAY0A-ETCH0ASTR End Program Start
2014-02-10 02:00:25Z tacttime_calcular_PMDT0ARRAY0A-ETCH0ASTR End Program END 

Create log file
2014-02-10 02:01:09Z tacttime_calcular_mode_data Start Program Start
2014-02-10 02:01:09Z tacttime_calcular_mode_data Start Program END 

Create log file
2014-02-10 02:01:10Z tacttime_calcular_PMDT0ARRAY0A-ETCH0ASTR End Program Start
2014-02-10 02:01:10Z tacttime_calcular_PMDT0ARRAY0A-ETCH0ASTR End Program END 

Create log file
2014-02-10 02:02:52Z tacttime_calcular_mode_data Start Program Start
2014-02-10 02:02:52Z tacttime_calcular_mode_data Start Program END 

Create log file
2014-02-10 02:02:54Z tacttime_calcular_PMDT0ARRAY0A-ETCH0ASTR End Program Start
2014-02-10 02:02:54Z tacttime_calcular_PMDT0ARRAY0A-ETCH0ASTR End Program END 

Create log file
2014-02-10 02:03:28Z tacttime_calcular_mode_data Start Program Start
2014-02-10 02:03:28Z tacttime_calcular_mode_data Start Program END 

Create log file
2014-02-10 02:03:29Z tacttime_calcular_PMDT0ARRAY0A-ETCH0ASTR End Program Start
2014-02-10 02:03:29Z tacttime_calcular_PMDT0ARRAY0A-ETCH0ASTR End Program END 

Create log file
2014-02-10 02:04:53Z tacttime_calcular_mode_data Start Program Start
2014-02-10 02:04:53Z tacttime_calcular_mode_data Start Program END 

Create log file
2014-02-10 02:04:54Z tacttime_calcular_PMDT0ARRAY0A-ETCH0ASTR End Program Start
2014-02-10 02:04:54Z tacttime_calcular_PMDT0ARRAY0A-ETCH0ASTR End Program END 

Create log file
2014-02-10 02:04:59Z tacttime_calcular_mode_data Start Program Start
2014-02-10 02:04:59Z tacttime_calcular_mode_data Start Program END 

Create log file
2014-02-10 02:04:59Z tacttime_calcular_PMDT0ARRAY0A-ETCH0ASTR End Program Start
2014-02-10 02:04:59Z tacttime_calcular_PMDT0ARRAY0A-ETCH0ASTR End Program END 

Create log file
2014-02-10 02:04:59Z PP Tacttime  calcular_mode_data_T0ARRAY_0A-ETCH_0ASTR0.95 start  Program Start
2014-02-10 02:04:59Z PP Tacttime  calcular_mode_data_T0ARRAY_0A-ETCH_0ASTR0.95 start  Program END 

Create log file
2014-02-10 02:05:00Z PP Tacttime  calcular_mode_data_T0ARRAY_0A-ETCH_0ASTR0.95 End  Program Start
2014-02-10 02:05:00Z PP Tacttime  calcular_mode_data_T0ARRAY_0A-ETCH_0ASTR0.95 End  Program END 

Create log file
2014-02-10 02:05:24Z tacttime_calcular_mode_data Start Program Start
2014-02-10 02:05:24Z tacttime_calcular_mode_data Start Program END 

Create log file
2014-02-10 02:05:25Z tacttime_calcular_PMDT0ARRAY0A-PHOTO0ACOA End Program Start
2014-02-10 02:05:25Z tacttime_calcular_PMDT0ARRAY0A-PHOTO0ACOA End Program END 

Create log file
2014-02-10 02:05:39Z tacttime_calcular_mode_data Start Program Start
2014-02-10 02:05:39Z tacttime_calcular_mode_data Start Program END 

Create log file
2014-02-10 02:05:41Z tacttime_calcular_PMDT0ARRAY0A-PHOTO0ACOA End Program Start
2014-02-10 02:05:41Z tacttime_calcular_PMDT0ARRAY0A-PHOTO0ACOA End Program END 

Create log file
2014-02-10 02:05:56Z tacttime_calcular_mode_data Start Program Start
2014-02-10 02:05:56Z tacttime_calcular_mode_data Start Program END 

Create log file
2014-02-10 02:05:57Z tacttime_calcular_PMDT0ARRAY0A-PHOTO0ACOA End Program Start
2014-02-10 02:05:57Z tacttime_calcular_PMDT0ARRAY0A-PHOTO0ACOA End Program END 

Create log file
2014-02-10 02:06:00Z tacttime_calcular_mode_data Start Program Start
2014-02-10 02:06:00Z tacttime_calcular_mode_data Start Program END 

Create log file
2014-02-10 02:06:01Z tacttime_calcular_PMDT0ARRAY0A-PHOTO0ACOA End Program Start
2014-02-10 02:06:01Z tacttime_calcular_PMDT0ARRAY0A-PHOTO0ACOA End Program END 

Create log file
2014-02-10 02:06:32Z tacttime_calcular_mode_data Start Program Start
2014-02-10 02:06:32Z tacttime_calcular_mode_data Start Program END 

Create log file
2014-02-10 02:06:34Z tacttime_calcular_PMDT0ARRAY0A-PHOTO0ACOA End Program Start
2014-02-10 02:06:34Z tacttime_calcular_PMDT0ARRAY0A-PHOTO0ACOA End Program END 

Create log file
2014-02-10 02:06:43Z tacttime_calcular_mode_data Start Program Start
2014-02-10 02:06:43Z tacttime_calcular_mode_data Start Program END 

Create log file
2014-02-10 02:06:45Z tacttime_calcular_PMDT0ARRAY0A-PHOTO0ACOA End Program Start
2014-02-10 02:06:45Z tacttime_calcular_PMDT0ARRAY0A-PHOTO0ACOA End Program END 

Create log file
2014-02-10 02:06:47Z tacttime_calcular_mode_data Start Program Start
2014-02-10 02:06:47Z tacttime_calcular_mode_data Start Program END 

Create log file
2014-02-10 02:06:47Z tacttime_calcular_PMDT0ARRAY0A-PHOTO0ACOA End Program Start
2014-02-10 02:06:47Z tacttime_calcular_PMDT0ARRAY0A-PHOTO0ACOA End Program END 

Create log file
2014-02-10 02:06:52Z tacttime_calcular_mode_data Start Program Start
2014-02-10 02:06:52Z tacttime_calcular_mode_data Start Program END 

Create log file
2014-02-10 02:06:53Z tacttime_calcular_PMDT0ARRAY0A-PHOTO0ACOA End Program Start
2014-02-10 02:06:53Z tacttime_calcular_PMDT0ARRAY0A-PHOTO0ACOA End Program END 

Create log file
2014-02-10 02:08:12Z tacttime_calcular_mode_data Start Program Start
2014-02-10 02:08:12Z tacttime_calcular_mode_data Start Program END 

Create log file
2014-02-10 02:08:16Z tacttime_calcular_PMDT0ARRAY0A-PHOTO0ACOA End Program Start
2014-02-10 02:08:16Z tacttime_calcular_PMDT0ARRAY0A-PHOTO0ACOA End Program END 

Create log file
2014-02-10 02:08:22Z tacttime_calcular_mode_data Start Program Start
2014-02-10 02:08:22Z tacttime_calcular_mode_data Start Program END 

Create log file
2014-02-10 02:08:23Z tacttime_calcular_PMDT0ARRAY0A-PHOTO0ACOA End Program Start
2014-02-10 02:08:23Z tacttime_calcular_PMDT0ARRAY0A-PHOTO0ACOA End Program END 

Create log file
2014-02-10 02:08:27Z tacttime_calcular_mode_data Start Program Start
2014-02-10 02:08:27Z tacttime_calcular_mode_data Start Program END 

Create log file
2014-02-10 02:08:27Z tacttime_calcular_PMDT0ARRAY0A-PHOTO0ACOA End Program Start
2014-02-10 02:08:27Z tacttime_calcular_PMDT0ARRAY0A-PHOTO0ACOA End Program END 

Create log file
2014-02-10 02:08:31Z tacttime_calcular_mode_data Start Program Start
2014-02-10 02:08:31Z tacttime_calcular_mode_data Start Program END 

Create log file
2014-02-10 02:08:32Z tacttime_calcular_PMDT0ARRAY0A-PHOTO0ACOA End Program Start
2014-02-10 02:08:32Z tacttime_calcular_PMDT0ARRAY0A-PHOTO0ACOA End Program END 

Create log file
2014-02-10 02:08:40Z tacttime_calcular_mode_data Start Program Start
2014-02-10 02:08:40Z tacttime_calcular_mode_data Start Program END 

Create log file
2014-02-10 02:08:46Z tacttime_calcular_PMDT0ARRAY0A-PHOTO0ACOA End Program Start
2014-02-10 02:08:46Z tacttime_calcular_PMDT0ARRAY0A-PHOTO0ACOA End Program END 

Create log file
2014-02-10 02:09:38Z tacttime_calcular_mode_data Start Program Start
2014-02-10 02:09:38Z tacttime_calcular_mode_data Start Program END 

Create log file
2014-02-10 02:09:42Z tacttime_calcular_PMDT0ARRAY0A-PHOTO0ACOA End Program Start
2014-02-10 02:09:42Z tacttime_calcular_PMDT0ARRAY0A-PHOTO0ACOA End Program END 

Create log file
2014-02-10 02:09:44Z tacttime_calcular_mode_data Start Program Start
2014-02-10 02:09:44Z tacttime_calcular_mode_data Start Program END 

Create log file
2014-02-10 02:09:46Z tacttime_calcular_PMDT0ARRAY0A-PHOTO0ACOA End Program Start
2014-02-10 02:09:46Z tacttime_calcular_PMDT0ARRAY0A-PHOTO0ACOA End Program END 

Create log file
2014-02-10 02:09:50Z tacttime_calcular_mode_data Start Program Start
2014-02-10 02:09:50Z tacttime_calcular_mode_data Start Program END 

Create log file
2014-02-10 02:09:52Z tacttime_calcular_PMDT0ARRAY0A-PHOTO0ACOA End Program Start
2014-02-10 02:09:52Z tacttime_calcular_PMDT0ARRAY0A-PHOTO0ACOA End Program END 

Create log file
2014-02-10 02:12:24Z tacttime_calcular_mode_data Start Program Start
2014-02-10 02:12:24Z tacttime_calcular_mode_data Start Program END 

Create log file
2014-02-10 02:12:26Z tacttime_calcular_PMDT0ARRAY0A-PHOTO0ACOA End Program Start
2014-02-10 02:12:26Z tacttime_calcular_PMDT0ARRAY0A-PHOTO0ACOA End Program END 

Create log file
2014-02-10 02:13:31Z tacttime_calcular_mode_data Start Program Start
2014-02-10 02:13:31Z tacttime_calcular_mode_data Start Program END 

Create log file
2014-02-10 02:13:32Z tacttime_calcular_PMDT0ARRAY0A-PHOTO0ACOA End Program Start
2014-02-10 02:13:32Z tacttime_calcular_PMDT0ARRAY0A-PHOTO0ACOA End Program END 

Create log file
2014-02-10 02:13:35Z tacttime_calcular_mode_data Start Program Start
2014-02-10 02:13:35Z tacttime_calcular_mode_data Start Program END 

Create log file
2014-02-10 02:13:35Z tacttime_calcular_PMDT0ARRAY0A-PHOTO0ACOA End Program Start
2014-02-10 02:13:35Z tacttime_calcular_PMDT0ARRAY0A-PHOTO0ACOA End Program END 

Create log file
2014-02-10 02:13:36Z PP Tacttime  calcular_mode_data_T0ARRAY_0A-PHOTO_0ACOA0.95 start  Program Start
2014-02-10 02:13:36Z PP Tacttime  calcular_mode_data_T0ARRAY_0A-PHOTO_0ACOA0.95 start  Program END 

Create log file
2014-02-10 02:13:43Z PP Tacttime  calcular_mode_data_T0ARRAY_0A-PHOTO_0ACOA0.95 End  Program Start
2014-02-10 02:13:43Z PP Tacttime  calcular_mode_data_T0ARRAY_0A-PHOTO_0ACOA0.95 End  Program END 

Create log file
2014-02-10 02:14:05Z tacttime_calcular_mode_data Start Program Start
2014-02-10 02:14:05Z tacttime_calcular_mode_data Start Program END 

Create log file
2014-02-10 02:14:05Z tacttime_calcular_PMDT0ARRAY0A-PHOTO0AEXP End Program Start
2014-02-10 02:14:05Z tacttime_calcular_PMDT0ARRAY0A-PHOTO0AEXP End Program END 

Create log file
2014-02-10 02:14:08Z tacttime_calcular_mode_data Start Program Start
2014-02-10 02:14:08Z tacttime_calcular_mode_data Start Program END 

Create log file
2014-02-10 02:14:09Z tacttime_calcular_PMDT0ARRAY0A-PHOTO0AEXP End Program Start
2014-02-10 02:14:09Z tacttime_calcular_PMDT0ARRAY0A-PHOTO0AEXP End Program END 

Create log file
2014-02-10 02:14:12Z tacttime_calcular_mode_data Start Program Start
2014-02-10 02:14:12Z tacttime_calcular_mode_data Start Program END 

Create log file
2014-02-10 02:14:13Z tacttime_calcular_PMDT0ARRAY0A-PHOTO0AEXP End Program Start
2014-02-10 02:14:13Z tacttime_calcular_PMDT0ARRAY0A-PHOTO0AEXP End Program END 

Create log file
2014-02-10 02:14:15Z tacttime_calcular_mode_data Start Program Start
2014-02-10 02:14:15Z tacttime_calcular_mode_data Start Program END 

Create log file
2014-02-10 02:14:15Z tacttime_calcular_PMDT0ARRAY0A-PHOTO0AEXP End Program Start
2014-02-10 02:14:15Z tacttime_calcular_PMDT0ARRAY0A-PHOTO0AEXP End Program END 

Create log file
2014-02-10 02:14:17Z tacttime_calcular_mode_data Start Program Start
2014-02-10 02:14:17Z tacttime_calcular_mode_data Start Program END 

Create log file
2014-02-10 02:14:18Z tacttime_calcular_PMDT0ARRAY0A-PHOTO0AEXP End Program Start
2014-02-10 02:14:18Z tacttime_calcular_PMDT0ARRAY0A-PHOTO0AEXP End Program END 

Create log file
2014-02-10 02:14:19Z tacttime_calcular_mode_data Start Program Start
2014-02-10 02:14:19Z tacttime_calcular_mode_data Start Program END 

Create log file
2014-02-10 02:14:19Z tacttime_calcular_PMDT0ARRAY0A-PHOTO0AEXP End Program Start
2014-02-10 02:14:19Z tacttime_calcular_PMDT0ARRAY0A-PHOTO0AEXP End Program END 

Create log file
2014-02-10 02:14:23Z tacttime_calcular_mode_data Start Program Start
2014-02-10 02:14:23Z tacttime_calcular_mode_data Start Program END 

Create log file
2014-02-10 02:14:24Z tacttime_calcular_PMDT0ARRAY0A-PHOTO0AEXP End Program Start
2014-02-10 02:14:24Z tacttime_calcular_PMDT0ARRAY0A-PHOTO0AEXP End Program END 

Create log file
2014-02-10 02:14:25Z tacttime_calcular_mode_data Start Program Start
2014-02-10 02:14:25Z tacttime_calcular_mode_data Start Program END 

Create log file
2014-02-10 02:14:25Z tacttime_calcular_PMDT0ARRAY0A-PHOTO0AEXP End Program Start
2014-02-10 02:14:25Z tacttime_calcular_PMDT0ARRAY0A-PHOTO0AEXP End Program END 

Create log file
2014-02-10 02:14:45Z tacttime_calcular_mode_data Start Program Start
2014-02-10 02:14:45Z tacttime_calcular_mode_data Start Program END 

Create log file
2014-02-10 02:14:45Z tacttime_calcular_PMDT0ARRAY0A-PHOTO0AEXP End Program Start
2014-02-10 02:14:45Z tacttime_calcular_PMDT0ARRAY0A-PHOTO0AEXP End Program END 

Create log file
2014-02-10 02:14:46Z tacttime_calcular_mode_data Start Program Start
2014-02-10 02:14:46Z tacttime_calcular_mode_data Start Program END 

Create log file
2014-02-10 02:14:46Z tacttime_calcular_PMDT0ARRAY0A-PHOTO0AEXP End Program Start
2014-02-10 02:14:46Z tacttime_calcular_PMDT0ARRAY0A-PHOTO0AEXP End Program END 

Create log file
2014-02-10 02:14:48Z tacttime_calcular_mode_data Start Program Start
2014-02-10 02:14:48Z tacttime_calcular_mode_data Start Program END 

Create log file
2014-02-10 02:14:48Z tacttime_calcular_PMDT0ARRAY0A-PHOTO0AEXP End Program Start
2014-02-10 02:14:48Z tacttime_calcular_PMDT0ARRAY0A-PHOTO0AEXP End Program END 

Create log file
2014-02-10 02:15:20Z tacttime_calcular_mode_data Start Program Start
2014-02-10 02:15:20Z tacttime_calcular_mode_data Start Program END 

Create log file
2014-02-10 02:15:20Z tacttime_calcular_PMDT0ARRAY0A-PHOTO0AEXP End Program Start
2014-02-10 02:15:20Z tacttime_calcular_PMDT0ARRAY0A-PHOTO0AEXP End Program END 

Create log file
2014-02-10 02:15:50Z tacttime_calcular_mode_data Start Program Start
2014-02-10 02:15:50Z tacttime_calcular_mode_data Start Program END 

Create log file
2014-02-10 02:15:51Z tacttime_calcular_PMDT0ARRAY0A-PHOTO0AEXP End Program Start
2014-02-10 02:15:51Z tacttime_calcular_PMDT0ARRAY0A-PHOTO0AEXP End Program END 

Create log file
2014-02-10 02:16:14Z tacttime_calcular_mode_data Start Program Start
2014-02-10 02:16:14Z tacttime_calcular_mode_data Start Program END 

Create log file
2014-02-10 02:16:15Z tacttime_calcular_PMDT0ARRAY0A-PHOTO0AEXP End Program Start
2014-02-10 02:16:15Z tacttime_calcular_PMDT0ARRAY0A-PHOTO0AEXP End Program END 

Create log file
2014-02-10 02:16:16Z tacttime_calcular_mode_data Start Program Start
2014-02-10 02:16:16Z tacttime_calcular_mode_data Start Program END 

Create log file
2014-02-10 02:16:16Z tacttime_calcular_PMDT0ARRAY0A-PHOTO0AEXP End Program Start
2014-02-10 02:16:16Z tacttime_calcular_PMDT0ARRAY0A-PHOTO0AEXP End Program END 

Create log file
2014-02-10 02:16:18Z tacttime_calcular_mode_data Start Program Start
2014-02-10 02:16:18Z tacttime_calcular_mode_data Start Program END 

Create log file
2014-02-10 02:16:18Z tacttime_calcular_PMDT0ARRAY0A-PHOTO0AEXP End Program Start
2014-02-10 02:16:18Z tacttime_calcular_PMDT0ARRAY0A-PHOTO0AEXP End Program END 

Create log file
2014-02-10 02:16:19Z tacttime_calcular_mode_data Start Program Start
2014-02-10 02:16:19Z tacttime_calcular_mode_data Start Program END 

Create log file
2014-02-10 02:16:19Z tacttime_calcular_PMDT0ARRAY0A-PHOTO0AEXP End Program Start
2014-02-10 02:16:19Z tacttime_calcular_PMDT0ARRAY0A-PHOTO0AEXP End Program END 

Create log file
2014-02-10 02:16:21Z tacttime_calcular_mode_data Start Program Start
2014-02-10 02:16:21Z tacttime_calcular_mode_data Start Program END 

Create log file
2014-02-10 02:16:22Z tacttime_calcular_PMDT0ARRAY0A-PHOTO0AEXP End Program Start
2014-02-10 02:16:22Z tacttime_calcular_PMDT0ARRAY0A-PHOTO0AEXP End Program END 

Create log file
2014-02-10 02:16:26Z tacttime_calcular_mode_data Start Program Start
2014-02-10 02:16:26Z tacttime_calcular_mode_data Start Program END 

Create log file
2014-02-10 02:16:26Z tacttime_calcular_PMDT0ARRAY0A-PHOTO0AEXP End Program Start
2014-02-10 02:16:26Z tacttime_calcular_PMDT0ARRAY0A-PHOTO0AEXP End Program END 

Create log file
2014-02-10 02:16:32Z tacttime_calcular_mode_data Start Program Start
2014-02-10 02:16:32Z tacttime_calcular_mode_data Start Program END 

Create log file
2014-02-10 02:16:33Z tacttime_calcular_PMDT0ARRAY0A-PHOTO0AEXP End Program Start
2014-02-10 02:16:33Z tacttime_calcular_PMDT0ARRAY0A-PHOTO0AEXP End Program END 

Create log file
2014-02-10 02:16:40Z tacttime_calcular_mode_data Start Program Start
2014-02-10 02:16:40Z tacttime_calcular_mode_data Start Program END 

Create log file
2014-02-10 02:16:41Z tacttime_calcular_PMDT0ARRAY0A-PHOTO0AEXP End Program Start
2014-02-10 02:16:41Z tacttime_calcular_PMDT0ARRAY0A-PHOTO0AEXP End Program END 

Create log file
2014-02-10 02:16:43Z tacttime_calcular_mode_data Start Program Start
2014-02-10 02:16:43Z tacttime_calcular_mode_data Start Program END 

Create log file
2014-02-10 02:16:43Z tacttime_calcular_PMDT0ARRAY0A-PHOTO0AEXP End Program Start
2014-02-10 02:16:43Z tacttime_calcular_PMDT0ARRAY0A-PHOTO0AEXP End Program END 

Create log file
2014-02-10 02:16:55Z tacttime_calcular_mode_data Start Program Start
2014-02-10 02:16:55Z tacttime_calcular_mode_data Start Program END 

Create log file
2014-02-10 02:16:56Z tacttime_calcular_PMDT0ARRAY0A-PHOTO0AEXP End Program Start
2014-02-10 02:16:56Z tacttime_calcular_PMDT0ARRAY0A-PHOTO0AEXP End Program END 

Create log file
2014-02-10 02:17:01Z tacttime_calcular_mode_data Start Program Start
2014-02-10 02:17:01Z tacttime_calcular_mode_data Start Program END 

Create log file
2014-02-10 02:17:02Z tacttime_calcular_PMDT0ARRAY0A-PHOTO0AEXP End Program Start
2014-02-10 02:17:02Z tacttime_calcular_PMDT0ARRAY0A-PHOTO0AEXP End Program END 

Create log file
2014-02-10 02:17:11Z tacttime_calcular_mode_data Start Program Start
2014-02-10 02:17:11Z tacttime_calcular_mode_data Start Program END 

Create log file
2014-02-10 02:17:12Z tacttime_calcular_PMDT0ARRAY0A-PHOTO0AEXP End Program Start
2014-02-10 02:17:12Z tacttime_calcular_PMDT0ARRAY0A-PHOTO0AEXP End Program END 

Create log file
2014-02-10 02:17:16Z tacttime_calcular_mode_data Start Program Start
2014-02-10 02:17:16Z tacttime_calcular_mode_data Start Program END 

Create log file
2014-02-10 02:17:16Z tacttime_calcular_PMDT0ARRAY0A-PHOTO0AEXP End Program Start
2014-02-10 02:17:16Z tacttime_calcular_PMDT0ARRAY0A-PHOTO0AEXP End Program END 

Create log file
2014-02-10 02:17:22Z tacttime_calcular_mode_data Start Program Start
2014-02-10 02:17:22Z tacttime_calcular_mode_data Start Program END 

Create log file
2014-02-10 02:17:22Z tacttime_calcular_PMDT0ARRAY0A-PHOTO0AEXP End Program Start
2014-02-10 02:17:22Z tacttime_calcular_PMDT0ARRAY0A-PHOTO0AEXP End Program END 

Create log file
2014-02-10 02:17:50Z tacttime_calcular_mode_data Start Program Start
2014-02-10 02:17:50Z tacttime_calcular_mode_data Start Program END 

Create log file
2014-02-10 02:17:51Z tacttime_calcular_PMDT0ARRAY0A-PHOTO0AEXP End Program Start
2014-02-10 02:17:51Z tacttime_calcular_PMDT0ARRAY0A-PHOTO0AEXP End Program END 

Create log file
2014-02-10 02:17:55Z tacttime_calcular_mode_data Start Program Start
2014-02-10 02:17:55Z tacttime_calcular_mode_data Start Program END 

Create log file
2014-02-10 02:17:55Z tacttime_calcular_PMDT0ARRAY0A-PHOTO0AEXP End Program Start
2014-02-10 02:17:55Z tacttime_calcular_PMDT0ARRAY0A-PHOTO0AEXP End Program END 

Create log file
2014-02-10 02:17:55Z PP Tacttime  calcular_mode_data_T0ARRAY_0A-PHOTO_0AEXP0.95 start  Program Start
2014-02-10 02:17:55Z PP Tacttime  calcular_mode_data_T0ARRAY_0A-PHOTO_0AEXP0.95 start  Program END 

Create log file
2014-02-10 02:17:58Z PP Tacttime  calcular_mode_data_T0ARRAY_0A-PHOTO_0AEXP0.95 End  Program Start
2014-02-10 02:17:58Z PP Tacttime  calcular_mode_data_T0ARRAY_0A-PHOTO_0AEXP0.95 End  Program END 

Create log file
2014-02-10 02:18:15Z tacttime_calcular_mode_data Start Program Start
2014-02-10 02:18:15Z tacttime_calcular_mode_data Start Program END 

Create log file
2014-02-10 02:18:15Z tacttime_calcular_PMDT0ARRAY0A-PHOTO0ADEV End Program Start
2014-02-10 02:18:15Z tacttime_calcular_PMDT0ARRAY0A-PHOTO0ADEV End Program END 

Create log file
2014-02-10 02:18:24Z tacttime_calcular_mode_data Start Program Start
2014-02-10 02:18:24Z tacttime_calcular_mode_data Start Program END 

Create log file
2014-02-10 02:18:25Z tacttime_calcular_PMDT0ARRAY0A-PHOTO0ADEV End Program Start
2014-02-10 02:18:25Z tacttime_calcular_PMDT0ARRAY0A-PHOTO0ADEV End Program END 

Create log file
2014-02-10 02:18:34Z tacttime_calcular_mode_data Start Program Start
2014-02-10 02:18:34Z tacttime_calcular_mode_data Start Program END 

Create log file
2014-02-10 02:18:35Z tacttime_calcular_PMDT0ARRAY0A-PHOTO0ADEV End Program Start
2014-02-10 02:18:35Z tacttime_calcular_PMDT0ARRAY0A-PHOTO0ADEV End Program END 

Create log file
2014-02-10 02:18:36Z tacttime_calcular_mode_data Start Program Start
2014-02-10 02:18:36Z tacttime_calcular_mode_data Start Program END 

Create log file
2014-02-10 02:18:36Z tacttime_calcular_PMDT0ARRAY0A-PHOTO0ADEV End Program Start
2014-02-10 02:18:36Z tacttime_calcular_PMDT0ARRAY0A-PHOTO0ADEV End Program END 

Create log file
2014-02-10 02:18:39Z tacttime_calcular_mode_data Start Program Start
2014-02-10 02:18:39Z tacttime_calcular_mode_data Start Program END 

Create log file
2014-02-10 02:18:40Z tacttime_calcular_PMDT0ARRAY0A-PHOTO0ADEV End Program Start
2014-02-10 02:18:40Z tacttime_calcular_PMDT0ARRAY0A-PHOTO0ADEV End Program END 

Create log file
2014-02-10 02:18:49Z tacttime_calcular_mode_data Start Program Start
2014-02-10 02:18:49Z tacttime_calcular_mode_data Start Program END 

Create log file
2014-02-10 02:18:50Z tacttime_calcular_PMDT0ARRAY0A-PHOTO0ADEV End Program Start
2014-02-10 02:18:50Z tacttime_calcular_PMDT0ARRAY0A-PHOTO0ADEV End Program END 

Create log file
2014-02-10 02:18:51Z tacttime_calcular_mode_data Start Program Start
2014-02-10 02:18:51Z tacttime_calcular_mode_data Start Program END 

Create log file
2014-02-10 02:18:51Z tacttime_calcular_PMDT0ARRAY0A-PHOTO0ADEV End Program Start
2014-02-10 02:18:51Z tacttime_calcular_PMDT0ARRAY0A-PHOTO0ADEV End Program END 

Create log file
2014-02-10 02:19:06Z tacttime_calcular_mode_data Start Program Start
2014-02-10 02:19:06Z tacttime_calcular_mode_data Start Program END 

Create log file
2014-02-10 02:19:07Z tacttime_calcular_PMDT0ARRAY0A-PHOTO0ADEV End Program Start
2014-02-10 02:19:07Z tacttime_calcular_PMDT0ARRAY0A-PHOTO0ADEV End Program END 

Create log file
2014-02-10 02:19:16Z tacttime_calcular_mode_data Start Program Start
2014-02-10 02:19:16Z tacttime_calcular_mode_data Start Program END 

Create log file
2014-02-10 02:19:16Z tacttime_calcular_PMDT0ARRAY0A-PHOTO0ADEV End Program Start
2014-02-10 02:19:16Z tacttime_calcular_PMDT0ARRAY0A-PHOTO0ADEV End Program END 

Create log file
2014-02-10 02:19:17Z tacttime_calcular_mode_data Start Program Start
2014-02-10 02:19:17Z tacttime_calcular_mode_data Start Program END 

Create log file
2014-02-10 02:19:18Z tacttime_calcular_PMDT0ARRAY0A-PHOTO0ADEV End Program Start
2014-02-10 02:19:18Z tacttime_calcular_PMDT0ARRAY0A-PHOTO0ADEV End Program END 

Create log file
2014-02-10 02:19:24Z tacttime_calcular_mode_data Start Program Start
2014-02-10 02:19:24Z tacttime_calcular_mode_data Start Program END 

Create log file
2014-02-10 02:19:24Z tacttime_calcular_PMDT0ARRAY0A-PHOTO0ADEV End Program Start
2014-02-10 02:19:24Z tacttime_calcular_PMDT0ARRAY0A-PHOTO0ADEV End Program END 

Create log file
2014-02-10 02:19:40Z tacttime_calcular_mode_data Start Program Start
2014-02-10 02:19:40Z tacttime_calcular_mode_data Start Program END 

Create log file
2014-02-10 02:19:41Z tacttime_calcular_PMDT0ARRAY0A-PHOTO0ADEV End Program Start
2014-02-10 02:19:41Z tacttime_calcular_PMDT0ARRAY0A-PHOTO0ADEV End Program END 

Create log file
2014-02-10 02:19:46Z tacttime_calcular_mode_data Start Program Start
2014-02-10 02:19:46Z tacttime_calcular_mode_data Start Program END 

Create log file
2014-02-10 02:19:46Z tacttime_calcular_PMDT0ARRAY0A-PHOTO0ADEV End Program Start
2014-02-10 02:19:46Z tacttime_calcular_PMDT0ARRAY0A-PHOTO0ADEV End Program END 

Create log file
2014-02-10 02:19:52Z tacttime_calcular_mode_data Start Program Start
2014-02-10 02:19:52Z tacttime_calcular_mode_data Start Program END 

Create log file
2014-02-10 02:19:52Z tacttime_calcular_PMDT0ARRAY0A-PHOTO0ADEV End Program Start
2014-02-10 02:19:52Z tacttime_calcular_PMDT0ARRAY0A-PHOTO0ADEV End Program END 

Create log file
2014-02-10 02:20:14Z tacttime_calcular_mode_data Start Program Start
2014-02-10 02:20:14Z tacttime_calcular_mode_data Start Program END 

Create log file
2014-02-10 02:20:15Z tacttime_calcular_PMDT0ARRAY0A-PHOTO0ADEV End Program Start
2014-02-10 02:20:15Z tacttime_calcular_PMDT0ARRAY0A-PHOTO0ADEV End Program END 

Create log file
2014-02-10 02:20:16Z tacttime_calcular_mode_data Start Program Start
2014-02-10 02:20:16Z tacttime_calcular_mode_data Start Program END 

Create log file
2014-02-10 02:20:16Z tacttime_calcular_PMDT0ARRAY0A-PHOTO0ADEV End Program Start
2014-02-10 02:20:16Z tacttime_calcular_PMDT0ARRAY0A-PHOTO0ADEV End Program END 

Create log file
2014-02-10 02:20:17Z tacttime_calcular_mode_data Start Program Start
2014-02-10 02:20:17Z tacttime_calcular_mode_data Start Program END 

Create log file
2014-02-10 02:20:18Z tacttime_calcular_PMDT0ARRAY0A-PHOTO0ADEV End Program Start
2014-02-10 02:20:18Z tacttime_calcular_PMDT0ARRAY0A-PHOTO0ADEV End Program END 

Create log file
2014-02-10 02:20:52Z tacttime_calcular_mode_data Start Program Start
2014-02-10 02:20:52Z tacttime_calcular_mode_data Start Program END 

Create log file
2014-02-10 02:20:54Z tacttime_calcular_PMDT0ARRAY0A-PHOTO0ADEV End Program Start
2014-02-10 02:20:54Z tacttime_calcular_PMDT0ARRAY0A-PHOTO0ADEV End Program END 

Create log file
2014-02-10 02:21:16Z tacttime_calcular_mode_data Start Program Start
2014-02-10 02:21:16Z tacttime_calcular_mode_data Start Program END 

Create log file
2014-02-10 02:21:18Z tacttime_calcular_PMDT0ARRAY0A-PHOTO0ADEV End Program Start
2014-02-10 02:21:18Z tacttime_calcular_PMDT0ARRAY0A-PHOTO0ADEV End Program END 

Create log file
2014-02-10 02:21:23Z tacttime_calcular_mode_data Start Program Start
2014-02-10 02:21:23Z tacttime_calcular_mode_data Start Program END 

Create log file
2014-02-10 02:21:24Z tacttime_calcular_PMDT0ARRAY0A-PHOTO0ADEV End Program Start
2014-02-10 02:21:24Z tacttime_calcular_PMDT0ARRAY0A-PHOTO0ADEV End Program END 

Create log file
2014-02-10 02:21:36Z tacttime_calcular_mode_data Start Program Start
2014-02-10 02:21:36Z tacttime_calcular_mode_data Start Program END 

Create log file
2014-02-10 02:21:37Z tacttime_calcular_PMDT0ARRAY0A-PHOTO0ADEV End Program Start
2014-02-10 02:21:37Z tacttime_calcular_PMDT0ARRAY0A-PHOTO0ADEV End Program END 

Create log file
2014-02-10 02:21:38Z tacttime_calcular_mode_data Start Program Start
2014-02-10 02:21:38Z tacttime_calcular_mode_data Start Program END 

Create log file
2014-02-10 02:21:38Z tacttime_calcular_PMDT0ARRAY0A-PHOTO0ADEV End Program Start
2014-02-10 02:21:38Z tacttime_calcular_PMDT0ARRAY0A-PHOTO0ADEV End Program END 

Create log file
2014-02-10 02:21:43Z tacttime_calcular_mode_data Start Program Start
2014-02-10 02:21:43Z tacttime_calcular_mode_data Start Program END 

Create log file
2014-02-10 02:21:44Z tacttime_calcular_PMDT0ARRAY0A-PHOTO0ADEV End Program Start
2014-02-10 02:21:44Z tacttime_calcular_PMDT0ARRAY0A-PHOTO0ADEV End Program END 

Create log file
2014-02-10 02:21:45Z tacttime_calcular_mode_data Start Program Start
2014-02-10 02:21:45Z tacttime_calcular_mode_data Start Program END 

Create log file
2014-02-10 02:21:45Z tacttime_calcular_PMDT0ARRAY0A-PHOTO0ADEV End Program Start
2014-02-10 02:21:45Z tacttime_calcular_PMDT0ARRAY0A-PHOTO0ADEV End Program END 

Create log file
2014-02-10 02:22:07Z tacttime_calcular_mode_data Start Program Start
2014-02-10 02:22:07Z tacttime_calcular_mode_data Start Program END 

Create log file
2014-02-10 02:22:08Z tacttime_calcular_PMDT0ARRAY0A-PHOTO0ADEV End Program Start
2014-02-10 02:22:08Z tacttime_calcular_PMDT0ARRAY0A-PHOTO0ADEV End Program END 

Create log file
2014-02-10 02:22:09Z PP Tacttime  calcular_mode_data_T0ARRAY_0A-PHOTO_0ADEV0.95 start  Program Start
2014-02-10 02:22:09Z PP Tacttime  calcular_mode_data_T0ARRAY_0A-PHOTO_0ADEV0.95 start  Program END 

Create log file
2014-02-10 02:22:15Z PP Tacttime  calcular_mode_data_T0ARRAY_0A-PHOTO_0ADEV0.95 End  Program Start
2014-02-10 02:22:15Z PP Tacttime  calcular_mode_data_T0ARRAY_0A-PHOTO_0ADEV0.95 End  Program END 

Create log file
2014-02-10 03:00:12Z tacttime_calcular_mode_data Start Program Start
2014-02-10 03:00:12Z tacttime_calcular_mode_data Start Program END 

Create log file
2014-02-10 03:00:15Z tacttime_calcular_PMDT0ARRAY0A-PHOTO0AORO End Program Start
2014-02-10 03:00:15Z tacttime_calcular_PMDT0ARRAY0A-PHOTO0AORO End Program END 

Create log file
2014-02-10 03:00:29Z tacttime_calcular_mode_data Start Program Start
2014-02-10 03:00:29Z tacttime_calcular_mode_data Start Program END 

Create log file
2014-02-10 03:00:30Z tacttime_calcular_PMDT0ARRAY0A-PHOTO0AORO End Program Start
2014-02-10 03:00:30Z tacttime_calcular_PMDT0ARRAY0A-PHOTO0AORO End Program END 

Create log file
2014-02-10 03:00:33Z tacttime_calcular_mode_data Start Program Start
2014-02-10 03:00:33Z tacttime_calcular_mode_data Start Program END 

Create log file
2014-02-10 03:00:34Z tacttime_calcular_PMDT0ARRAY0A-PHOTO0AORO End Program Start
2014-02-10 03:00:34Z tacttime_calcular_PMDT0ARRAY0A-PHOTO0AORO End Program END 

Create log file
2014-02-10 03:00:39Z tacttime_calcular_mode_data Start Program Start
2014-02-10 03:00:39Z tacttime_calcular_mode_data Start Program END 

Create log file
2014-02-10 03:00:39Z tacttime_calcular_PMDT0ARRAY0A-PHOTO0AORO End Program Start
2014-02-10 03:00:39Z tacttime_calcular_PMDT0ARRAY0A-PHOTO0AORO End Program END 

Create log file
2014-02-10 03:00:40Z tacttime_calcular_mode_data Start Program Start
2014-02-10 03:00:40Z tacttime_calcular_mode_data Start Program END 

Create log file
2014-02-10 03:00:40Z tacttime_calcular_PMDT0ARRAY0A-PHOTO0AORO End Program Start
2014-02-10 03:00:40Z tacttime_calcular_PMDT0ARRAY0A-PHOTO0AORO End Program END 

Create log file
2014-02-10 03:00:42Z tacttime_calcular_mode_data Start Program Start
2014-02-10 03:00:42Z tacttime_calcular_mode_data Start Program END 

Create log file
2014-02-10 03:00:43Z tacttime_calcular_PMDT0ARRAY0A-PHOTO0AORO End Program Start
2014-02-10 03:00:43Z tacttime_calcular_PMDT0ARRAY0A-PHOTO0AORO End Program END 

Create log file
2014-02-10 03:00:44Z tacttime_calcular_mode_data Start Program Start
2014-02-10 03:00:44Z tacttime_calcular_mode_data Start Program END 

Create log file
2014-02-10 03:00:45Z tacttime_calcular_PMDT0ARRAY0A-PHOTO0AORO End Program Start
2014-02-10 03:00:45Z tacttime_calcular_PMDT0ARRAY0A-PHOTO0AORO End Program END 

Create log file
2014-02-10 03:00:45Z PP Tacttime  calcular_mode_data_T0ARRAY_0A-PHOTO_0AORO0.95 start  Program Start
2014-02-10 03:00:45Z PP Tacttime  calcular_mode_data_T0ARRAY_0A-PHOTO_0AORO0.95 start  Program END 

Create log file
2014-02-10 03:00:48Z PP Tacttime  calcular_mode_data_T0ARRAY_0A-PHOTO_0AORO0.95 End  Program Start
2014-02-10 03:00:48Z PP Tacttime  calcular_mode_data_T0ARRAY_0A-PHOTO_0AORO0.95 End  Program END 

Create log file
2014-02-10 03:01:18Z tacttime_calcular_mode_data Start Program Start
2014-02-10 03:01:18Z tacttime_calcular_mode_data Start Program END 

Create log file
2014-02-10 03:01:20Z tacttime_calcular_PMDT0ARRAY0A-TF0ACVD End Program Start
2014-02-10 03:01:20Z tacttime_calcular_PMDT0ARRAY0A-TF0ACVD End Program END 

Create log file
2014-02-10 03:01:25Z tacttime_calcular_mode_data Start Program Start
2014-02-10 03:01:25Z tacttime_calcular_mode_data Start Program END 

Create log file
2014-02-10 03:01:26Z tacttime_calcular_PMDT0ARRAY0A-TF0ACVD End Program Start
2014-02-10 03:01:26Z tacttime_calcular_PMDT0ARRAY0A-TF0ACVD End Program END 

Create log file
2014-02-10 03:01:40Z tacttime_calcular_mode_data Start Program Start
2014-02-10 03:01:40Z tacttime_calcular_mode_data Start Program END 

Create log file
2014-02-10 03:01:41Z tacttime_calcular_PMDT0ARRAY0A-TF0ACVD End Program Start
2014-02-10 03:01:41Z tacttime_calcular_PMDT0ARRAY0A-TF0ACVD End Program END 

Create log file
2014-02-10 03:02:11Z tacttime_calcular_mode_data Start Program Start
2014-02-10 03:02:11Z tacttime_calcular_mode_data Start Program END 

Create log file
2014-02-10 03:02:13Z tacttime_calcular_PMDT0ARRAY0A-TF0ACVD End Program Start
2014-02-10 03:02:13Z tacttime_calcular_PMDT0ARRAY0A-TF0ACVD End Program END 

Create log file
2014-02-10 03:02:19Z tacttime_calcular_mode_data Start Program Start
2014-02-10 03:02:19Z tacttime_calcular_mode_data Start Program END 

Create log file
2014-02-10 03:02:19Z tacttime_calcular_PMDT0ARRAY0A-TF0ACVD End Program Start
2014-02-10 03:02:19Z tacttime_calcular_PMDT0ARRAY0A-TF0ACVD End Program END 

Create log file
2014-02-10 03:02:25Z tacttime_calcular_mode_data Start Program Start
2014-02-10 03:02:25Z tacttime_calcular_mode_data Start Program END 

Create log file
2014-02-10 03:02:26Z tacttime_calcular_PMDT0ARRAY0A-TF0ACVD End Program Start
2014-02-10 03:02:26Z tacttime_calcular_PMDT0ARRAY0A-TF0ACVD End Program END 

Create log file
2014-02-10 03:02:28Z tacttime_calcular_mode_data Start Program Start
2014-02-10 03:02:28Z tacttime_calcular_mode_data Start Program END 

Create log file
2014-02-10 03:02:29Z tacttime_calcular_PMDT0ARRAY0A-TF0ACVD End Program Start
2014-02-10 03:02:29Z tacttime_calcular_PMDT0ARRAY0A-TF0ACVD End Program END 

Create log file
2014-02-10 03:02:29Z PP Tacttime  calcular_mode_data_T0ARRAY_0A-TF_0ACVD1 start  Program Start
2014-02-10 03:02:29Z PP Tacttime  calcular_mode_data_T0ARRAY_0A-TF_0ACVD1 start  Program END 

Create log file
2014-02-10 03:02:35Z PP Tacttime  calcular_mode_data_T0ARRAY_0A-TF_0ACVD1 End  Program Start
2014-02-10 03:02:35Z PP Tacttime  calcular_mode_data_T0ARRAY_0A-TF_0ACVD1 End  Program END 

Create log file
2014-02-10 03:02:51Z tacttime_calcular_mode_data Start Program Start
2014-02-10 03:02:51Z tacttime_calcular_mode_data Start Program END 

Create log file
2014-02-10 03:02:52Z tacttime_calcular_PMDT0ARRAY0A-ETCH0ADET End Program Start
2014-02-10 03:02:52Z tacttime_calcular_PMDT0ARRAY0A-ETCH0ADET End Program END 

Create log file
2014-02-10 03:03:26Z tacttime_calcular_mode_data Start Program Start
2014-02-10 03:03:26Z tacttime_calcular_mode_data Start Program END 

Create log file
2014-02-10 03:03:27Z tacttime_calcular_PMDT0ARRAY0A-ETCH0ADET End Program Start
2014-02-10 03:03:27Z tacttime_calcular_PMDT0ARRAY0A-ETCH0ADET End Program END 

Create log file
2014-02-10 03:03:31Z tacttime_calcular_mode_data Start Program Start
2014-02-10 03:03:31Z tacttime_calcular_mode_data Start Program END 

Create log file
2014-02-10 03:03:31Z tacttime_calcular_PMDT0ARRAY0A-ETCH0ADET End Program Start
2014-02-10 03:03:31Z tacttime_calcular_PMDT0ARRAY0A-ETCH0ADET End Program END 

Create log file
2014-02-10 03:03:35Z tacttime_calcular_mode_data Start Program Start
2014-02-10 03:03:35Z tacttime_calcular_mode_data Start Program END 

Create log file
2014-02-10 03:03:35Z tacttime_calcular_PMDT0ARRAY0A-ETCH0ADET End Program Start
2014-02-10 03:03:35Z tacttime_calcular_PMDT0ARRAY0A-ETCH0ADET End Program END 

Create log file
2014-02-10 03:04:03Z tacttime_calcular_mode_data Start Program Start
2014-02-10 03:04:03Z tacttime_calcular_mode_data Start Program END 

Create log file
2014-02-10 03:04:05Z tacttime_calcular_PMDT0ARRAY0A-ETCH0ADET End Program Start
2014-02-10 03:04:05Z tacttime_calcular_PMDT0ARRAY0A-ETCH0ADET End Program END 

Create log file
2014-02-10 03:04:08Z tacttime_calcular_mode_data Start Program Start
2014-02-10 03:04:08Z tacttime_calcular_mode_data Start Program END 

Create log file
2014-02-10 03:04:09Z tacttime_calcular_PMDT0ARRAY0A-ETCH0ADET End Program Start
2014-02-10 03:04:09Z tacttime_calcular_PMDT0ARRAY0A-ETCH0ADET End Program END 

Create log file
2014-02-10 03:04:29Z tacttime_calcular_mode_data Start Program Start
2014-02-10 03:04:29Z tacttime_calcular_mode_data Start Program END 

Create log file
2014-02-10 03:04:29Z tacttime_calcular_PMDT0ARRAY0A-ETCH0ADET End Program Start
2014-02-10 03:04:29Z tacttime_calcular_PMDT0ARRAY0A-ETCH0ADET End Program END 

Create log file
2014-02-10 03:04:32Z tacttime_calcular_mode_data Start Program Start
2014-02-10 03:04:32Z tacttime_calcular_mode_data Start Program END 

Create log file
2014-02-10 03:04:32Z tacttime_calcular_PMDT0ARRAY0A-ETCH0ADET End Program Start
2014-02-10 03:04:32Z tacttime_calcular_PMDT0ARRAY0A-ETCH0ADET End Program END 

Create log file
2014-02-10 03:04:54Z tacttime_calcular_mode_data Start Program Start
2014-02-10 03:04:54Z tacttime_calcular_mode_data Start Program END 

Create log file
2014-02-10 03:04:55Z tacttime_calcular_PMDT0ARRAY0A-ETCH0ADET End Program Start
2014-02-10 03:04:55Z tacttime_calcular_PMDT0ARRAY0A-ETCH0ADET End Program END 

Create log file
2014-02-10 03:04:59Z tacttime_calcular_mode_data Start Program Start
2014-02-10 03:04:59Z tacttime_calcular_mode_data Start Program END 

Create log file
2014-02-10 03:04:59Z tacttime_calcular_PMDT0ARRAY0A-ETCH0ADET End Program Start
2014-02-10 03:04:59Z tacttime_calcular_PMDT0ARRAY0A-ETCH0ADET End Program END 

Create log file
2014-02-10 03:04:59Z PP Tacttime  calcular_mode_data_T0ARRAY_0A-ETCH_0ADET0.95 start  Program Start
2014-02-10 03:04:59Z PP Tacttime  calcular_mode_data_T0ARRAY_0A-ETCH_0ADET0.95 start  Program END 

Create log file
2014-02-10 03:05:02Z PP Tacttime  calcular_mode_data_T0ARRAY_0A-ETCH_0ADET0.95 End  Program Start
2014-02-10 03:05:02Z PP Tacttime  calcular_mode_data_T0ARRAY_0A-ETCH_0ADET0.95 End  Program END 

Create log file
2014-02-10 03:05:08Z tacttime_calcular_mode_data Start Program Start
2014-02-10 03:05:08Z tacttime_calcular_mode_data Start Program END 

Create log file
2014-02-10 03:05:08Z tacttime_calcular_PMDT0ARRAY0A-TF0AANO End Program Start
2014-02-10 03:05:08Z tacttime_calcular_PMDT0ARRAY0A-TF0AANO End Program END 

Create log file
2014-02-10 03:05:43Z tacttime_calcular_mode_data Start Program Start
2014-02-10 03:05:43Z tacttime_calcular_mode_data Start Program END 

Create log file
2014-02-10 03:05:44Z tacttime_calcular_PMDT0ARRAY0A-TF0AANO End Program Start
2014-02-10 03:05:44Z tacttime_calcular_PMDT0ARRAY0A-TF0AANO End Program END 

Create log file
2014-02-10 03:05:44Z PP Tacttime  calcular_mode_data_T0ARRAY_0A-TF_0AANO0.95 start  Program Start
2014-02-10 03:05:44Z PP Tacttime  calcular_mode_data_T0ARRAY_0A-TF_0AANO0.95 start  Program END 

Create log file
2014-02-10 03:05:44Z PP Tacttime  calcular_mode_data_T0ARRAY_0A-TF_0AANO0.95 End  Program Start
2014-02-10 03:05:44Z PP Tacttime  calcular_mode_data_T0ARRAY_0A-TF_0AANO0.95 End  Program END 

Create log file
2014-02-10 04:00:27Z tacttime_calcular_mode_data Start Program Start
2014-02-10 04:00:27Z tacttime_calcular_mode_data Start Program END 

Create log file
2014-02-10 04:00:29Z tacttime_calcular_PMDT0ARRAY0A-TDTEST0ATES End Program Start
2014-02-10 04:00:29Z tacttime_calcular_PMDT0ARRAY0A-TDTEST0ATES End Program END 

Create log file
2014-02-10 04:00:29Z PP Tacttime  calcular_mode_data_T0ARRAY_0A-TDTEST_0ATES0.95 start  Program Start
2014-02-10 04:00:29Z PP Tacttime  calcular_mode_data_T0ARRAY_0A-TDTEST_0ATES0.95 start  Program END 

Create log file
2014-02-10 04:00:29Z PP Tacttime  calcular_mode_data_T0ARRAY_0A-TDTEST_0ATES0.95 End  Program Start
2014-02-10 04:00:29Z PP Tacttime  calcular_mode_data_T0ARRAY_0A-TDTEST_0ATES0.95 End  Program END 

Create log file
2014-02-10 04:00:44Z tacttime_calcular_mode_data Start Program Start
2014-02-10 04:00:44Z tacttime_calcular_mode_data Start Program END 

Create log file
2014-02-10 04:00:47Z tacttime_calcular_PMDT0ARRAY0A-TDTEST0ALSR End Program Start
2014-02-10 04:00:47Z tacttime_calcular_PMDT0ARRAY0A-TDTEST0ALSR End Program END 

Create log file
2014-02-10 04:00:57Z tacttime_calcular_mode_data Start Program Start
2014-02-10 04:00:57Z tacttime_calcular_mode_data Start Program END 

Create log file
2014-02-10 04:01:01Z tacttime_calcular_PMDT0ARRAY0A-TDTEST0ALSR End Program Start
2014-02-10 04:01:01Z tacttime_calcular_PMDT0ARRAY0A-TDTEST0ALSR End Program END 

Create log file
2014-02-10 04:01:01Z PP Tacttime  calcular_mode_data_T0ARRAY_0A-TDTEST_0ALSR0.95 start  Program Start
2014-02-10 04:01:01Z PP Tacttime  calcular_mode_data_T0ARRAY_0A-TDTEST_0ALSR0.95 start  Program END 

Create log file
2014-02-10 04:01:08Z PP Tacttime  calcular_mode_data_T0ARRAY_0A-TDTEST_0ALSR0.95 End  Program Start
2014-02-10 04:01:08Z PP Tacttime  calcular_mode_data_T0ARRAY_0A-TDTEST_0ALSR0.95 End  Program END 

