Create log file
2014-01-20 01:01:04Z tacttime_calcular_mode_data Start Program Start
2014-01-20 01:01:04Z tacttime_calcular_mode_data Start Program END 

Create log file
2014-01-20 01:01:06Z tacttime_calcular_PMDT0ARRAY0A-TF0AINC End Program Start
2014-01-20 01:01:06Z tacttime_calcular_PMDT0ARRAY0A-TF0AINC End Program END 

Create log file
2014-01-20 01:01:07Z PP Tacttime  calcular_mode_data_T0ARRAY_0A-TF_0AINC0.95 start  Program Start
2014-01-20 01:01:07Z PP Tacttime  calcular_mode_data_T0ARRAY_0A-TF_0AINC0.95 start  Program END 

Create log file
2014-01-20 01:01:07Z PP Tacttime  calcular_mode_data_T0ARRAY_0A-TF_0AINC0.95 End  Program Start
2014-01-20 01:01:07Z PP Tacttime  calcular_mode_data_T0ARRAY_0A-TF_0AINC0.95 End  Program END 

Create log file
2014-01-20 01:01:30Z tacttime_calcular_mode_data Start Program Start
2014-01-20 01:01:30Z tacttime_calcular_mode_data Start Program END 

Create log file
2014-01-20 01:01:31Z tacttime_calcular_PMDT0ARRAY0A-TF0APVD End Program Start
2014-01-20 01:01:31Z tacttime_calcular_PMDT0ARRAY0A-TF0APVD End Program END 

Create log file
2014-01-20 01:02:04Z tacttime_calcular_mode_data Start Program Start
2014-01-20 01:02:04Z tacttime_calcular_mode_data Start Program END 

Create log file
2014-01-20 01:02:04Z tacttime_calcular_PMDT0ARRAY0A-TF0APVD End Program Start
2014-01-20 01:02:04Z tacttime_calcular_PMDT0ARRAY0A-TF0APVD End Program END 

Create log file
2014-01-20 01:02:05Z tacttime_calcular_mode_data Start Program Start
2014-01-20 01:02:05Z tacttime_calcular_mode_data Start Program END 

Create log file
2014-01-20 01:02:05Z tacttime_calcular_PMDT0ARRAY0A-TF0APVD End Program Start
2014-01-20 01:02:05Z tacttime_calcular_PMDT0ARRAY0A-TF0APVD End Program END 

Create log file
2014-01-20 01:02:05Z tacttime_calcular_mode_data Start Program Start
2014-01-20 01:02:05Z tacttime_calcular_mode_data Start Program END 

Create log file
2014-01-20 01:02:06Z tacttime_calcular_PMDT0ARRAY0A-TF0APVD End Program Start
2014-01-20 01:02:06Z tacttime_calcular_PMDT0ARRAY0A-TF0APVD End Program END 

Create log file
2014-01-20 01:02:39Z tacttime_calcular_mode_data Start Program Start
2014-01-20 01:02:39Z tacttime_calcular_mode_data Start Program END 

Create log file
2014-01-20 01:02:40Z tacttime_calcular_PMDT0ARRAY0A-TF0APVD End Program Start
2014-01-20 01:02:40Z tacttime_calcular_PMDT0ARRAY0A-TF0APVD End Program END 

Create log file
2014-01-20 01:03:40Z tacttime_calcular_mode_data Start Program Start
2014-01-20 01:03:40Z tacttime_calcular_mode_data Start Program END 

Create log file
2014-01-20 01:03:40Z tacttime_calcular_PMDT0ARRAY0A-TF0APVD End Program Start
2014-01-20 01:03:40Z tacttime_calcular_PMDT0ARRAY0A-TF0APVD End Program END 

Create log file
2014-01-20 01:03:40Z tacttime_calcular_mode_data Start Program Start
2014-01-20 01:03:40Z tacttime_calcular_mode_data Start Program END 

Create log file
2014-01-20 01:03:41Z tacttime_calcular_PMDT0ARRAY0A-TF0APVD End Program Start
2014-01-20 01:03:41Z tacttime_calcular_PMDT0ARRAY0A-TF0APVD End Program END 

Create log file
2014-01-20 01:03:47Z tacttime_calcular_mode_data Start Program Start
2014-01-20 01:03:47Z tacttime_calcular_mode_data Start Program END 

Create log file
2014-01-20 01:03:47Z tacttime_calcular_PMDT0ARRAY0A-TF0APVD End Program Start
2014-01-20 01:03:47Z tacttime_calcular_PMDT0ARRAY0A-TF0APVD End Program END 

Create log file
2014-01-20 01:03:51Z tacttime_calcular_mode_data Start Program Start
2014-01-20 01:03:51Z tacttime_calcular_mode_data Start Program END 

Create log file
2014-01-20 01:03:51Z tacttime_calcular_PMDT0ARRAY0A-TF0APVD End Program Start
2014-01-20 01:03:51Z tacttime_calcular_PMDT0ARRAY0A-TF0APVD End Program END 

Create log file
2014-01-20 01:04:01Z tacttime_calcular_mode_data Start Program Start
2014-01-20 01:04:01Z tacttime_calcular_mode_data Start Program END 

Create log file
2014-01-20 01:04:02Z tacttime_calcular_PMDT0ARRAY0A-TF0APVD End Program Start
2014-01-20 01:04:02Z tacttime_calcular_PMDT0ARRAY0A-TF0APVD End Program END 

Create log file
2014-01-20 01:04:02Z PP Tacttime  calcular_mode_data_T0ARRAY_0A-TF_0APVD0.95 start  Program Start
2014-01-20 01:04:02Z PP Tacttime  calcular_mode_data_T0ARRAY_0A-TF_0APVD0.95 start  Program END 

Create log file
2014-01-20 01:04:02Z PP Tacttime  calcular_mode_data_T0ARRAY_0A-TF_0APVD0.95 End  Program Start
2014-01-20 01:04:02Z PP Tacttime  calcular_mode_data_T0ARRAY_0A-TF_0APVD0.95 End  Program END 

Create log file
2014-01-20 01:06:22Z tacttime_calcular_mode_data Start Program Start
2014-01-20 01:06:22Z tacttime_calcular_mode_data Start Program END 

Create log file
2014-01-20 01:06:23Z tacttime_calcular_PMDT0ARRAY0A-TF0APDC End Program Start
2014-01-20 01:06:23Z tacttime_calcular_PMDT0ARRAY0A-TF0APDC End Program END 

Create log file
2014-01-20 01:08:44Z tacttime_calcular_mode_data Start Program Start
2014-01-20 01:08:44Z tacttime_calcular_mode_data Start Program END 

Create log file
2014-01-20 01:08:45Z tacttime_calcular_PMDT0ARRAY0A-TF0APDC End Program Start
2014-01-20 01:08:45Z tacttime_calcular_PMDT0ARRAY0A-TF0APDC End Program END 

Create log file
2014-01-20 01:08:56Z tacttime_calcular_mode_data Start Program Start
2014-01-20 01:08:56Z tacttime_calcular_mode_data Start Program END 

Create log file
2014-01-20 01:08:57Z tacttime_calcular_PMDT0ARRAY0A-TF0APDC End Program Start
2014-01-20 01:08:57Z tacttime_calcular_PMDT0ARRAY0A-TF0APDC End Program END 

Create log file
2014-01-20 01:09:04Z tacttime_calcular_mode_data Start Program Start
2014-01-20 01:09:04Z tacttime_calcular_mode_data Start Program END 

Create log file
2014-01-20 01:09:04Z tacttime_calcular_PMDT0ARRAY0A-TF0APDC End Program Start
2014-01-20 01:09:04Z tacttime_calcular_PMDT0ARRAY0A-TF0APDC End Program END 

Create log file
2014-01-20 01:09:04Z PP Tacttime  calcular_mode_data_T0ARRAY_0A-TF_0APDC0.95 start  Program Start
2014-01-20 01:09:04Z PP Tacttime  calcular_mode_data_T0ARRAY_0A-TF_0APDC0.95 start  Program END 

Create log file
2014-01-20 01:09:04Z PP Tacttime  calcular_mode_data_T0ARRAY_0A-TF_0APDC0.95 End  Program Start
2014-01-20 01:09:04Z PP Tacttime  calcular_mode_data_T0ARRAY_0A-TF_0APDC0.95 End  Program END 

Create log file
2014-01-20 01:10:08Z tacttime_calcular_mode_data Start Program Start
2014-01-20 01:10:08Z tacttime_calcular_mode_data Start Program END 

Create log file
2014-01-20 01:10:08Z tacttime_calcular_PMDT0ARRAY0A-ETCH0AWET End Program Start
2014-01-20 01:10:08Z tacttime_calcular_PMDT0ARRAY0A-ETCH0AWET End Program END 

Create log file
2014-01-20 01:10:16Z tacttime_calcular_mode_data Start Program Start
2014-01-20 01:10:16Z tacttime_calcular_mode_data Start Program END 

Create log file
2014-01-20 01:10:17Z tacttime_calcular_PMDT0ARRAY0A-ETCH0AWET End Program Start
2014-01-20 01:10:17Z tacttime_calcular_PMDT0ARRAY0A-ETCH0AWET End Program END 

Create log file
2014-01-20 01:11:35Z tacttime_calcular_mode_data Start Program Start
2014-01-20 01:11:35Z tacttime_calcular_mode_data Start Program END 

Create log file
2014-01-20 01:11:35Z tacttime_calcular_PMDT0ARRAY0A-ETCH0AWET End Program Start
2014-01-20 01:11:35Z tacttime_calcular_PMDT0ARRAY0A-ETCH0AWET End Program END 

Create log file
2014-01-20 01:12:20Z tacttime_calcular_mode_data Start Program Start
2014-01-20 01:12:20Z tacttime_calcular_mode_data Start Program END 

Create log file
2014-01-20 01:12:21Z tacttime_calcular_PMDT0ARRAY0A-ETCH0AWET End Program Start
2014-01-20 01:12:21Z tacttime_calcular_PMDT0ARRAY0A-ETCH0AWET End Program END 

Create log file
2014-01-20 01:12:21Z PP Tacttime  calcular_mode_data_T0ARRAY_0A-ETCH_0AWET0.95 start  Program Start
2014-01-20 01:12:21Z PP Tacttime  calcular_mode_data_T0ARRAY_0A-ETCH_0AWET0.95 start  Program END 

Create log file
2014-01-20 01:12:21Z PP Tacttime  calcular_mode_data_T0ARRAY_0A-ETCH_0AWET0.95 End  Program Start
2014-01-20 01:12:21Z PP Tacttime  calcular_mode_data_T0ARRAY_0A-ETCH_0AWET0.95 End  Program END 

Create log file
2014-01-20 02:00:30Z tacttime_calcular_mode_data Start Program Start
2014-01-20 02:00:30Z tacttime_calcular_mode_data Start Program END 

Create log file
2014-01-20 02:00:31Z tacttime_calcular_PMDT0ARRAY0A-ETCH0ASTR End Program Start
2014-01-20 02:00:31Z tacttime_calcular_PMDT0ARRAY0A-ETCH0ASTR End Program END 

Create log file
2014-01-20 02:00:43Z tacttime_calcular_mode_data Start Program Start
2014-01-20 02:00:43Z tacttime_calcular_mode_data Start Program END 

Create log file
2014-01-20 02:00:43Z tacttime_calcular_PMDT0ARRAY0A-ETCH0ASTR End Program Start
2014-01-20 02:00:43Z tacttime_calcular_PMDT0ARRAY0A-ETCH0ASTR End Program END 

Create log file
2014-01-20 02:02:27Z tacttime_calcular_mode_data Start Program Start
2014-01-20 02:02:27Z tacttime_calcular_mode_data Start Program END 

Create log file
2014-01-20 02:02:28Z tacttime_calcular_PMDT0ARRAY0A-ETCH0ASTR End Program Start
2014-01-20 02:02:28Z tacttime_calcular_PMDT0ARRAY0A-ETCH0ASTR End Program END 

Create log file
2014-01-20 02:03:24Z tacttime_calcular_mode_data Start Program Start
2014-01-20 02:03:24Z tacttime_calcular_mode_data Start Program END 

Create log file
2014-01-20 02:03:25Z tacttime_calcular_PMDT0ARRAY0A-ETCH0ASTR End Program Start
2014-01-20 02:03:25Z tacttime_calcular_PMDT0ARRAY0A-ETCH0ASTR End Program END 

Create log file
2014-01-20 02:04:12Z tacttime_calcular_mode_data Start Program Start
2014-01-20 02:04:12Z tacttime_calcular_mode_data Start Program END 

Create log file
2014-01-20 02:04:13Z tacttime_calcular_PMDT0ARRAY0A-ETCH0ASTR End Program Start
2014-01-20 02:04:13Z tacttime_calcular_PMDT0ARRAY0A-ETCH0ASTR End Program END 

Create log file
2014-01-20 02:05:18Z tacttime_calcular_mode_data Start Program Start
2014-01-20 02:05:18Z tacttime_calcular_mode_data Start Program END 

Create log file
2014-01-20 02:05:19Z tacttime_calcular_PMDT0ARRAY0A-ETCH0ASTR End Program Start
2014-01-20 02:05:19Z tacttime_calcular_PMDT0ARRAY0A-ETCH0ASTR End Program END 

Create log file
2014-01-20 02:05:19Z PP Tacttime  calcular_mode_data_T0ARRAY_0A-ETCH_0ASTR0.95 start  Program Start
2014-01-20 02:05:19Z PP Tacttime  calcular_mode_data_T0ARRAY_0A-ETCH_0ASTR0.95 start  Program END 

Create log file
2014-01-20 02:05:20Z PP Tacttime  calcular_mode_data_T0ARRAY_0A-ETCH_0ASTR0.95 End  Program Start
2014-01-20 02:05:20Z PP Tacttime  calcular_mode_data_T0ARRAY_0A-ETCH_0ASTR0.95 End  Program END 

Create log file
2014-01-20 02:05:43Z tacttime_calcular_mode_data Start Program Start
2014-01-20 02:05:43Z tacttime_calcular_mode_data Start Program END 

Create log file
2014-01-20 02:05:43Z tacttime_calcular_PMDT0ARRAY0A-PHOTO0ACOA End Program Start
2014-01-20 02:05:43Z tacttime_calcular_PMDT0ARRAY0A-PHOTO0ACOA End Program END 

Create log file
2014-01-20 02:05:47Z tacttime_calcular_mode_data Start Program Start
2014-01-20 02:05:47Z tacttime_calcular_mode_data Start Program END 

Create log file
2014-01-20 02:05:48Z tacttime_calcular_PMDT0ARRAY0A-PHOTO0ACOA End Program Start
2014-01-20 02:05:48Z tacttime_calcular_PMDT0ARRAY0A-PHOTO0ACOA End Program END 

Create log file
2014-01-20 02:07:02Z tacttime_calcular_mode_data Start Program Start
2014-01-20 02:07:02Z tacttime_calcular_mode_data Start Program END 

Create log file
2014-01-20 02:07:04Z tacttime_calcular_PMDT0ARRAY0A-PHOTO0ACOA End Program Start
2014-01-20 02:07:04Z tacttime_calcular_PMDT0ARRAY0A-PHOTO0ACOA End Program END 

Create log file
2014-01-20 02:07:12Z tacttime_calcular_mode_data Start Program Start
2014-01-20 02:07:12Z tacttime_calcular_mode_data Start Program END 

Create log file
2014-01-20 02:07:13Z tacttime_calcular_PMDT0ARRAY0A-PHOTO0ACOA End Program Start
2014-01-20 02:07:13Z tacttime_calcular_PMDT0ARRAY0A-PHOTO0ACOA End Program END 

Create log file
2014-01-20 02:08:47Z tacttime_calcular_mode_data Start Program Start
2014-01-20 02:08:47Z tacttime_calcular_mode_data Start Program END 

Create log file
2014-01-20 02:08:49Z tacttime_calcular_PMDT0ARRAY0A-PHOTO0ACOA End Program Start
2014-01-20 02:08:49Z tacttime_calcular_PMDT0ARRAY0A-PHOTO0ACOA End Program END 

Create log file
2014-01-20 02:10:28Z tacttime_calcular_mode_data Start Program Start
2014-01-20 02:10:28Z tacttime_calcular_mode_data Start Program END 

Create log file
2014-01-20 02:10:31Z tacttime_calcular_PMDT0ARRAY0A-PHOTO0ACOA End Program Start
2014-01-20 02:10:31Z tacttime_calcular_PMDT0ARRAY0A-PHOTO0ACOA End Program END 

Create log file
2014-01-20 02:10:34Z tacttime_calcular_mode_data Start Program Start
2014-01-20 02:10:34Z tacttime_calcular_mode_data Start Program END 

Create log file
2014-01-20 02:10:34Z tacttime_calcular_PMDT0ARRAY0A-PHOTO0ACOA End Program Start
2014-01-20 02:10:34Z tacttime_calcular_PMDT0ARRAY0A-PHOTO0ACOA End Program END 

Create log file
2014-01-20 02:10:34Z PP Tacttime  calcular_mode_data_T0ARRAY_0A-PHOTO_0ACOA0.95 start  Program Start
2014-01-20 02:10:34Z PP Tacttime  calcular_mode_data_T0ARRAY_0A-PHOTO_0ACOA0.95 start  Program END 

Create log file
2014-01-20 02:10:38Z PP Tacttime  calcular_mode_data_T0ARRAY_0A-PHOTO_0ACOA0.95 End  Program Start
2014-01-20 02:10:38Z PP Tacttime  calcular_mode_data_T0ARRAY_0A-PHOTO_0ACOA0.95 End  Program END 

Create log file
2014-01-20 02:10:48Z tacttime_calcular_mode_data Start Program Start
2014-01-20 02:10:48Z tacttime_calcular_mode_data Start Program END 

Create log file
2014-01-20 02:10:48Z tacttime_calcular_PMDT0ARRAY0A-PHOTO0AEXP End Program Start
2014-01-20 02:10:48Z tacttime_calcular_PMDT0ARRAY0A-PHOTO0AEXP End Program END 

Create log file
2014-01-20 02:10:56Z tacttime_calcular_mode_data Start Program Start
2014-01-20 02:10:56Z tacttime_calcular_mode_data Start Program END 

Create log file
2014-01-20 02:10:56Z tacttime_calcular_PMDT0ARRAY0A-PHOTO0AEXP End Program Start
2014-01-20 02:10:56Z tacttime_calcular_PMDT0ARRAY0A-PHOTO0AEXP End Program END 

Create log file
2014-01-20 02:10:56Z tacttime_calcular_mode_data Start Program Start
2014-01-20 02:10:56Z tacttime_calcular_mode_data Start Program END 

Create log file
2014-01-20 02:10:56Z tacttime_calcular_PMDT0ARRAY0A-PHOTO0AEXP End Program Start
2014-01-20 02:10:56Z tacttime_calcular_PMDT0ARRAY0A-PHOTO0AEXP End Program END 

Create log file
2014-01-20 02:10:57Z tacttime_calcular_mode_data Start Program Start
2014-01-20 02:10:57Z tacttime_calcular_mode_data Start Program END 

Create log file
2014-01-20 02:10:57Z tacttime_calcular_PMDT0ARRAY0A-PHOTO0AEXP End Program Start
2014-01-20 02:10:57Z tacttime_calcular_PMDT0ARRAY0A-PHOTO0AEXP End Program END 

Create log file
2014-01-20 02:11:01Z tacttime_calcular_mode_data Start Program Start
2014-01-20 02:11:01Z tacttime_calcular_mode_data Start Program END 

Create log file
2014-01-20 02:11:01Z tacttime_calcular_PMDT0ARRAY0A-PHOTO0AEXP End Program Start
2014-01-20 02:11:01Z tacttime_calcular_PMDT0ARRAY0A-PHOTO0AEXP End Program END 

Create log file
2014-01-20 02:12:00Z tacttime_calcular_mode_data Start Program Start
2014-01-20 02:12:00Z tacttime_calcular_mode_data Start Program END 

Create log file
2014-01-20 02:12:00Z tacttime_calcular_PMDT0ARRAY0A-PHOTO0AEXP End Program Start
2014-01-20 02:12:00Z tacttime_calcular_PMDT0ARRAY0A-PHOTO0AEXP End Program END 

Create log file
2014-01-20 02:12:45Z tacttime_calcular_mode_data Start Program Start
2014-01-20 02:12:45Z tacttime_calcular_mode_data Start Program END 

Create log file
2014-01-20 02:12:46Z tacttime_calcular_PMDT0ARRAY0A-PHOTO0AEXP End Program Start
2014-01-20 02:12:46Z tacttime_calcular_PMDT0ARRAY0A-PHOTO0AEXP End Program END 

Create log file
2014-01-20 02:13:30Z tacttime_calcular_mode_data Start Program Start
2014-01-20 02:13:30Z tacttime_calcular_mode_data Start Program END 

Create log file
2014-01-20 02:13:31Z tacttime_calcular_PMDT0ARRAY0A-PHOTO0AEXP End Program Start
2014-01-20 02:13:31Z tacttime_calcular_PMDT0ARRAY0A-PHOTO0AEXP End Program END 

Create log file
2014-01-20 02:14:23Z tacttime_calcular_mode_data Start Program Start
2014-01-20 02:14:23Z tacttime_calcular_mode_data Start Program END 

Create log file
2014-01-20 02:14:23Z tacttime_calcular_PMDT0ARRAY0A-PHOTO0AEXP End Program Start
2014-01-20 02:14:23Z tacttime_calcular_PMDT0ARRAY0A-PHOTO0AEXP End Program END 

Create log file
2014-01-20 02:14:23Z tacttime_calcular_mode_data Start Program Start
2014-01-20 02:14:23Z tacttime_calcular_mode_data Start Program END 

Create log file
2014-01-20 02:14:24Z tacttime_calcular_PMDT0ARRAY0A-PHOTO0AEXP End Program Start
2014-01-20 02:14:24Z tacttime_calcular_PMDT0ARRAY0A-PHOTO0AEXP End Program END 

Create log file
2014-01-20 02:15:20Z tacttime_calcular_mode_data Start Program Start
2014-01-20 02:15:20Z tacttime_calcular_mode_data Start Program END 

Create log file
2014-01-20 02:15:21Z tacttime_calcular_PMDT0ARRAY0A-PHOTO0AEXP End Program Start
2014-01-20 02:15:21Z tacttime_calcular_PMDT0ARRAY0A-PHOTO0AEXP End Program END 

Create log file
2014-01-20 02:15:21Z PP Tacttime  calcular_mode_data_T0ARRAY_0A-PHOTO_0AEXP0.95 start  Program Start
2014-01-20 02:15:21Z PP Tacttime  calcular_mode_data_T0ARRAY_0A-PHOTO_0AEXP0.95 start  Program END 

Create log file
2014-01-20 02:15:23Z PP Tacttime  calcular_mode_data_T0ARRAY_0A-PHOTO_0AEXP0.95 End  Program Start
2014-01-20 02:15:23Z PP Tacttime  calcular_mode_data_T0ARRAY_0A-PHOTO_0AEXP0.95 End  Program END 

Create log file
2014-01-20 02:15:54Z tacttime_calcular_mode_data Start Program Start
2014-01-20 02:15:54Z tacttime_calcular_mode_data Start Program END 

Create log file
2014-01-20 02:15:55Z tacttime_calcular_PMDT0ARRAY0A-PHOTO0ADEV End Program Start
2014-01-20 02:15:55Z tacttime_calcular_PMDT0ARRAY0A-PHOTO0ADEV End Program END 

Create log file
2014-01-20 02:15:59Z tacttime_calcular_mode_data Start Program Start
2014-01-20 02:15:59Z tacttime_calcular_mode_data Start Program END 

Create log file
2014-01-20 02:15:59Z tacttime_calcular_PMDT0ARRAY0A-PHOTO0ADEV End Program Start
2014-01-20 02:15:59Z tacttime_calcular_PMDT0ARRAY0A-PHOTO0ADEV End Program END 

Create log file
2014-01-20 02:16:31Z tacttime_calcular_mode_data Start Program Start
2014-01-20 02:16:31Z tacttime_calcular_mode_data Start Program END 

Create log file
2014-01-20 02:16:32Z tacttime_calcular_PMDT0ARRAY0A-PHOTO0ADEV End Program Start
2014-01-20 02:16:32Z tacttime_calcular_PMDT0ARRAY0A-PHOTO0ADEV End Program END 

Create log file
2014-01-20 02:16:54Z tacttime_calcular_mode_data Start Program Start
2014-01-20 02:16:54Z tacttime_calcular_mode_data Start Program END 

Create log file
2014-01-20 02:16:55Z tacttime_calcular_PMDT0ARRAY0A-PHOTO0ADEV End Program Start
2014-01-20 02:16:55Z tacttime_calcular_PMDT0ARRAY0A-PHOTO0ADEV End Program END 

Create log file
2014-01-20 02:16:55Z tacttime_calcular_mode_data Start Program Start
2014-01-20 02:16:55Z tacttime_calcular_mode_data Start Program END 

Create log file
2014-01-20 02:16:55Z tacttime_calcular_PMDT0ARRAY0A-PHOTO0ADEV End Program Start
2014-01-20 02:16:55Z tacttime_calcular_PMDT0ARRAY0A-PHOTO0ADEV End Program END 

Create log file
2014-01-20 02:17:05Z tacttime_calcular_mode_data Start Program Start
2014-01-20 02:17:05Z tacttime_calcular_mode_data Start Program END 

Create log file
2014-01-20 02:17:05Z tacttime_calcular_PMDT0ARRAY0A-PHOTO0ADEV End Program Start
2014-01-20 02:17:05Z tacttime_calcular_PMDT0ARRAY0A-PHOTO0ADEV End Program END 

Create log file
2014-01-20 02:17:05Z tacttime_calcular_mode_data Start Program Start
2014-01-20 02:17:05Z tacttime_calcular_mode_data Start Program END 

Create log file
2014-01-20 02:17:06Z tacttime_calcular_PMDT0ARRAY0A-PHOTO0ADEV End Program Start
2014-01-20 02:17:06Z tacttime_calcular_PMDT0ARRAY0A-PHOTO0ADEV End Program END 

Create log file
2014-01-20 02:17:06Z tacttime_calcular_mode_data Start Program Start
2014-01-20 02:17:06Z tacttime_calcular_mode_data Start Program END 

Create log file
2014-01-20 02:17:07Z tacttime_calcular_PMDT0ARRAY0A-PHOTO0ADEV End Program Start
2014-01-20 02:17:07Z tacttime_calcular_PMDT0ARRAY0A-PHOTO0ADEV End Program END 

Create log file
2014-01-20 02:17:50Z tacttime_calcular_mode_data Start Program Start
2014-01-20 02:17:50Z tacttime_calcular_mode_data Start Program END 

Create log file
2014-01-20 02:17:51Z tacttime_calcular_PMDT0ARRAY0A-PHOTO0ADEV End Program Start
2014-01-20 02:17:51Z tacttime_calcular_PMDT0ARRAY0A-PHOTO0ADEV End Program END 

Create log file
2014-01-20 02:17:54Z tacttime_calcular_mode_data Start Program Start
2014-01-20 02:17:54Z tacttime_calcular_mode_data Start Program END 

Create log file
2014-01-20 02:17:54Z tacttime_calcular_PMDT0ARRAY0A-PHOTO0ADEV End Program Start
2014-01-20 02:17:54Z tacttime_calcular_PMDT0ARRAY0A-PHOTO0ADEV End Program END 

Create log file
2014-01-20 02:18:00Z tacttime_calcular_mode_data Start Program Start
2014-01-20 02:18:00Z tacttime_calcular_mode_data Start Program END 

Create log file
2014-01-20 02:18:00Z tacttime_calcular_PMDT0ARRAY0A-PHOTO0ADEV End Program Start
2014-01-20 02:18:00Z tacttime_calcular_PMDT0ARRAY0A-PHOTO0ADEV End Program END 

Create log file
2014-01-20 02:18:23Z tacttime_calcular_mode_data Start Program Start
2014-01-20 02:18:23Z tacttime_calcular_mode_data Start Program END 

Create log file
2014-01-20 02:18:24Z tacttime_calcular_PMDT0ARRAY0A-PHOTO0ADEV End Program Start
2014-01-20 02:18:24Z tacttime_calcular_PMDT0ARRAY0A-PHOTO0ADEV End Program END 

Create log file
2014-01-20 02:18:29Z tacttime_calcular_mode_data Start Program Start
2014-01-20 02:18:29Z tacttime_calcular_mode_data Start Program END 

Create log file
2014-01-20 02:18:30Z tacttime_calcular_PMDT0ARRAY0A-PHOTO0ADEV End Program Start
2014-01-20 02:18:30Z tacttime_calcular_PMDT0ARRAY0A-PHOTO0ADEV End Program END 

Create log file
2014-01-20 02:19:07Z tacttime_calcular_mode_data Start Program Start
2014-01-20 02:19:07Z tacttime_calcular_mode_data Start Program END 

Create log file
2014-01-20 02:19:09Z tacttime_calcular_PMDT0ARRAY0A-PHOTO0ADEV End Program Start
2014-01-20 02:19:09Z tacttime_calcular_PMDT0ARRAY0A-PHOTO0ADEV End Program END 

Create log file
2014-01-20 02:19:25Z tacttime_calcular_mode_data Start Program Start
2014-01-20 02:19:25Z tacttime_calcular_mode_data Start Program END 

Create log file
2014-01-20 02:19:26Z tacttime_calcular_PMDT0ARRAY0A-PHOTO0ADEV End Program Start
2014-01-20 02:19:26Z tacttime_calcular_PMDT0ARRAY0A-PHOTO0ADEV End Program END 

Create log file
2014-01-20 02:19:34Z tacttime_calcular_mode_data Start Program Start
2014-01-20 02:19:34Z tacttime_calcular_mode_data Start Program END 

Create log file
2014-01-20 02:19:35Z tacttime_calcular_PMDT0ARRAY0A-PHOTO0ADEV End Program Start
2014-01-20 02:19:35Z tacttime_calcular_PMDT0ARRAY0A-PHOTO0ADEV End Program END 

Create log file
2014-01-20 02:19:40Z tacttime_calcular_mode_data Start Program Start
2014-01-20 02:19:40Z tacttime_calcular_mode_data Start Program END 

Create log file
2014-01-20 02:19:41Z tacttime_calcular_PMDT0ARRAY0A-PHOTO0ADEV End Program Start
2014-01-20 02:19:41Z tacttime_calcular_PMDT0ARRAY0A-PHOTO0ADEV End Program END 

Create log file
2014-01-20 02:19:42Z tacttime_calcular_mode_data Start Program Start
2014-01-20 02:19:42Z tacttime_calcular_mode_data Start Program END 

Create log file
2014-01-20 02:19:42Z tacttime_calcular_PMDT0ARRAY0A-PHOTO0ADEV End Program Start
2014-01-20 02:19:42Z tacttime_calcular_PMDT0ARRAY0A-PHOTO0ADEV End Program END 

Create log file
2014-01-20 02:19:43Z tacttime_calcular_mode_data Start Program Start
2014-01-20 02:19:43Z tacttime_calcular_mode_data Start Program END 

Create log file
2014-01-20 02:19:43Z tacttime_calcular_PMDT0ARRAY0A-PHOTO0ADEV End Program Start
2014-01-20 02:19:43Z tacttime_calcular_PMDT0ARRAY0A-PHOTO0ADEV End Program END 

Create log file
2014-01-20 02:20:11Z tacttime_calcular_mode_data Start Program Start
2014-01-20 02:20:11Z tacttime_calcular_mode_data Start Program END 

Create log file
2014-01-20 02:20:12Z tacttime_calcular_PMDT0ARRAY0A-PHOTO0ADEV End Program Start
2014-01-20 02:20:12Z tacttime_calcular_PMDT0ARRAY0A-PHOTO0ADEV End Program END 

Create log file
2014-01-20 02:20:13Z PP Tacttime  calcular_mode_data_T0ARRAY_0A-PHOTO_0ADEV0.95 start  Program Start
2014-01-20 02:20:13Z PP Tacttime  calcular_mode_data_T0ARRAY_0A-PHOTO_0ADEV0.95 start  Program END 

Create log file
2014-01-20 02:20:17Z PP Tacttime  calcular_mode_data_T0ARRAY_0A-PHOTO_0ADEV0.95 End  Program Start
2014-01-20 02:20:17Z PP Tacttime  calcular_mode_data_T0ARRAY_0A-PHOTO_0ADEV0.95 End  Program END 

Create log file
2014-01-20 03:01:07Z tacttime_calcular_mode_data Start Program Start
2014-01-20 03:01:07Z tacttime_calcular_mode_data Start Program END 

Create log file
2014-01-20 03:01:09Z tacttime_calcular_PMDT0ARRAY0A-TF0AANO End Program Start
2014-01-20 03:01:09Z tacttime_calcular_PMDT0ARRAY0A-TF0AANO End Program END 

Create log file
2014-01-20 03:01:09Z PP Tacttime  calcular_mode_data_T0ARRAY_0A-TF_0AANO0.95 start  Program Start
2014-01-20 03:01:09Z PP Tacttime  calcular_mode_data_T0ARRAY_0A-TF_0AANO0.95 start  Program END 

Create log file
2014-01-20 03:01:10Z PP Tacttime  calcular_mode_data_T0ARRAY_0A-TF_0AANO0.95 End  Program Start
2014-01-20 03:01:10Z PP Tacttime  calcular_mode_data_T0ARRAY_0A-TF_0AANO0.95 End  Program END 

Create log file
2014-01-20 03:01:37Z tacttime_calcular_mode_data Start Program Start
2014-01-20 03:01:37Z tacttime_calcular_mode_data Start Program END 

Create log file
2014-01-20 03:01:38Z tacttime_calcular_PMDT0ARRAY0A-ETCH0ADET End Program Start
2014-01-20 03:01:38Z tacttime_calcular_PMDT0ARRAY0A-ETCH0ADET End Program END 

Create log file
2014-01-20 03:02:19Z tacttime_calcular_mode_data Start Program Start
2014-01-20 03:02:19Z tacttime_calcular_mode_data Start Program END 

Create log file
2014-01-20 03:02:22Z tacttime_calcular_PMDT0ARRAY0A-ETCH0ADET End Program Start
2014-01-20 03:02:22Z tacttime_calcular_PMDT0ARRAY0A-ETCH0ADET End Program END 

Create log file
2014-01-20 03:02:23Z tacttime_calcular_mode_data Start Program Start
2014-01-20 03:02:23Z tacttime_calcular_mode_data Start Program END 

Create log file
2014-01-20 03:02:23Z tacttime_calcular_PMDT0ARRAY0A-ETCH0ADET End Program Start
2014-01-20 03:02:23Z tacttime_calcular_PMDT0ARRAY0A-ETCH0ADET End Program END 

Create log file
2014-01-20 03:02:40Z tacttime_calcular_mode_data Start Program Start
2014-01-20 03:02:40Z tacttime_calcular_mode_data Start Program END 

Create log file
2014-01-20 03:02:41Z tacttime_calcular_PMDT0ARRAY0A-ETCH0ADET End Program Start
2014-01-20 03:02:41Z tacttime_calcular_PMDT0ARRAY0A-ETCH0ADET End Program END 

Create log file
2014-01-20 03:02:52Z tacttime_calcular_mode_data Start Program Start
2014-01-20 03:02:52Z tacttime_calcular_mode_data Start Program END 

Create log file
2014-01-20 03:02:53Z tacttime_calcular_PMDT0ARRAY0A-ETCH0ADET End Program Start
2014-01-20 03:02:53Z tacttime_calcular_PMDT0ARRAY0A-ETCH0ADET End Program END 

Create log file
2014-01-20 03:03:45Z tacttime_calcular_mode_data Start Program Start
2014-01-20 03:03:45Z tacttime_calcular_mode_data Start Program END 

Create log file
2014-01-20 03:03:46Z tacttime_calcular_PMDT0ARRAY0A-ETCH0ADET End Program Start
2014-01-20 03:03:46Z tacttime_calcular_PMDT0ARRAY0A-ETCH0ADET End Program END 

Create log file
2014-01-20 03:04:21Z tacttime_calcular_mode_data Start Program Start
2014-01-20 03:04:21Z tacttime_calcular_mode_data Start Program END 

Create log file
2014-01-20 03:04:22Z tacttime_calcular_PMDT0ARRAY0A-ETCH0ADET End Program Start
2014-01-20 03:04:22Z tacttime_calcular_PMDT0ARRAY0A-ETCH0ADET End Program END 

Create log file
2014-01-20 03:05:06Z tacttime_calcular_mode_data Start Program Start
2014-01-20 03:05:06Z tacttime_calcular_mode_data Start Program END 

Create log file
2014-01-20 03:05:07Z tacttime_calcular_PMDT0ARRAY0A-ETCH0ADET End Program Start
2014-01-20 03:05:07Z tacttime_calcular_PMDT0ARRAY0A-ETCH0ADET End Program END 

Create log file
2014-01-20 03:05:07Z PP Tacttime  calcular_mode_data_T0ARRAY_0A-ETCH_0ADET0.95 start  Program Start
2014-01-20 03:05:07Z PP Tacttime  calcular_mode_data_T0ARRAY_0A-ETCH_0ADET0.95 start  Program END 

Create log file
2014-01-20 03:05:10Z PP Tacttime  calcular_mode_data_T0ARRAY_0A-ETCH_0ADET0.95 End  Program Start
2014-01-20 03:05:10Z PP Tacttime  calcular_mode_data_T0ARRAY_0A-ETCH_0ADET0.95 End  Program END 

Create log file
2014-01-20 08:46:35Z tacttime_calcular_mode_data Start Program Start
2014-01-20 08:46:35Z tacttime_calcular_mode_data Start Program END 

Create log file
2014-01-20 08:46:39Z tacttime_calcular_PMDT0ARRAY0A-TDTEST0ATES End Program Start
2014-01-20 08:46:39Z tacttime_calcular_PMDT0ARRAY0A-TDTEST0ATES End Program END 

Create log file
2014-01-20 08:46:39Z PP Tacttime  calcular_mode_data_T0ARRAY_0A-TDTEST_0ATES0.95 start  Program Start
2014-01-20 08:46:39Z PP Tacttime  calcular_mode_data_T0ARRAY_0A-TDTEST_0ATES0.95 start  Program END 

Create log file
2014-01-20 08:46:41Z PP Tacttime  calcular_mode_data_T0ARRAY_0A-TDTEST_0ATES0.95 End  Program Start
2014-01-20 08:46:41Z PP Tacttime  calcular_mode_data_T0ARRAY_0A-TDTEST_0ATES0.95 End  Program END 

Create log file
2014-01-20 08:46:54Z tacttime_calcular_mode_data Start Program Start
2014-01-20 08:46:54Z tacttime_calcular_mode_data Start Program END 

Create log file
2014-01-20 08:46:58Z tacttime_calcular_PMDT0ARRAY0A-TDTEST0ALSR End Program Start
2014-01-20 08:46:58Z tacttime_calcular_PMDT0ARRAY0A-TDTEST0ALSR End Program END 

Create log file
2014-01-20 08:46:58Z PP Tacttime  calcular_mode_data_T0ARRAY_0A-TDTEST_0ALSR0.95 start  Program Start
2014-01-20 08:46:58Z PP Tacttime  calcular_mode_data_T0ARRAY_0A-TDTEST_0ALSR0.95 start  Program END 

Create log file
2014-01-20 08:47:02Z PP Tacttime  calcular_mode_data_T0ARRAY_0A-TDTEST_0ALSR0.95 End  Program Start
2014-01-20 08:47:02Z PP Tacttime  calcular_mode_data_T0ARRAY_0A-TDTEST_0ALSR0.95 End  Program END 

Create log file
2014-01-20 09:21:14Z tacttime_calcular_mode_data Start Program Start
2014-01-20 09:21:14Z tacttime_calcular_mode_data Start Program END 

Create log file
2014-01-20 09:22:36Z tacttime_calcular_PMDT0ARRAY0A-TF0AANO End Program Start
2014-01-20 09:22:36Z tacttime_calcular_PMDT0ARRAY0A-TF0AANO End Program END 

Create log file
2014-01-20 09:22:36Z PP Tacttime  calcular_mode_data_T0ARRAY_0A-TF_0AANO0.95 start  Program Start
2014-01-20 09:22:36Z PP Tacttime  calcular_mode_data_T0ARRAY_0A-TF_0AANO0.95 start  Program END 

Create log file
2014-01-20 09:22:47Z PP Tacttime  calcular_mode_data_T0ARRAY_0A-TF_0AANO0.95 End  Program Start
2014-01-20 09:22:47Z PP Tacttime  calcular_mode_data_T0ARRAY_0A-TF_0AANO0.95 End  Program END 

Create log file
2014-01-20 09:46:02Z tacttime_calcular_mode_data Start Program Start
2014-01-20 09:46:02Z tacttime_calcular_mode_data Start Program END 

Create log file
2014-01-20 09:47:41Z tacttime_calcular_PMDT0ARRAY0A-TF0ACVD End Program Start
2014-01-20 09:47:41Z tacttime_calcular_PMDT0ARRAY0A-TF0ACVD End Program END 

Create log file
2014-01-20 09:57:26Z tacttime_calcular_mode_data Start Program Start
2014-01-20 09:57:26Z tacttime_calcular_mode_data Start Program END 

Create log file
2014-01-20 09:57:39Z tacttime_calcular_PMDT0ARRAY0A-TF0ACVD End Program Start
2014-01-20 09:57:39Z tacttime_calcular_PMDT0ARRAY0A-TF0ACVD End Program END 

Create log file
2014-01-20 10:00:50Z tacttime_calcular_mode_data Start Program Start
2014-01-20 10:00:50Z tacttime_calcular_mode_data Start Program END 

Create log file
2014-01-20 10:01:07Z tacttime_calcular_PMDT0ARRAY0A-TF0ACVD End Program Start
2014-01-20 10:01:07Z tacttime_calcular_PMDT0ARRAY0A-TF0ACVD End Program END 

Create log file
2014-01-20 10:01:42Z tacttime_calcular_mode_data Start Program Start
2014-01-20 10:01:42Z tacttime_calcular_mode_data Start Program END 

Create log file
2014-01-20 10:01:44Z tacttime_calcular_PMDT0ARRAY0A-TF0ACVD End Program Start
2014-01-20 10:01:44Z tacttime_calcular_PMDT0ARRAY0A-TF0ACVD End Program END 

Create log file
2014-01-20 10:01:44Z PP Tacttime  calcular_mode_data_T0ARRAY_0A-TF_0ACVD1 start  Program Start
2014-01-20 10:01:44Z PP Tacttime  calcular_mode_data_T0ARRAY_0A-TF_0ACVD1 start  Program END 

Create log file
2014-01-20 10:02:03Z PP Tacttime  calcular_mode_data_T0ARRAY_0A-TF_0ACVD1 End  Program Start
2014-01-20 10:02:03Z PP Tacttime  calcular_mode_data_T0ARRAY_0A-TF_0ACVD1 End  Program END 

Create log file
2014-01-20 11:53:27Z tacttime_calcular_mode_data Start Program Start
2014-01-20 11:53:27Z tacttime_calcular_mode_data Start Program END 

Create log file
2014-01-20 11:53:48Z tacttime_calcular_PMDT0ARRAY0A-PHOTO0AORO End Program Start
2014-01-20 11:53:48Z tacttime_calcular_PMDT0ARRAY0A-PHOTO0AORO End Program END 

Create log file
2014-01-20 11:54:03Z tacttime_calcular_mode_data Start Program Start
2014-01-20 11:54:03Z tacttime_calcular_mode_data Start Program END 

Create log file
2014-01-20 11:54:23Z tacttime_calcular_PMDT0ARRAY0A-PHOTO0AORO End Program Start
2014-01-20 11:54:23Z tacttime_calcular_PMDT0ARRAY0A-PHOTO0AORO End Program END 

Create log file
2014-01-20 11:54:23Z PP Tacttime  calcular_mode_data_T0ARRAY_0A-PHOTO_0AORO0.95 start  Program Start
2014-01-20 11:54:23Z PP Tacttime  calcular_mode_data_T0ARRAY_0A-PHOTO_0AORO0.95 start  Program END 

Create log file
2014-01-20 11:54:29Z PP Tacttime  calcular_mode_data_T0ARRAY_0A-PHOTO_0AORO0.95 End  Program Start
2014-01-20 11:54:29Z PP Tacttime  calcular_mode_data_T0ARRAY_0A-PHOTO_0AORO0.95 End  Program END 

Create log file
2014-01-20 13:57:56Z tacttime_calcular_mode_data Start Program Start
2014-01-20 13:57:56Z tacttime_calcular_mode_data Start Program END 

Create log file
2014-01-20 13:57:57Z tacttime_calcular_PMDT0ARRAY0A-PHOTO0AORO End Program Start
2014-01-20 13:57:57Z tacttime_calcular_PMDT0ARRAY0A-PHOTO0AORO End Program END 

Create log file
2014-01-20 13:57:59Z tacttime_calcular_mode_data Start Program Start
2014-01-20 13:57:59Z tacttime_calcular_mode_data Start Program END 

Create log file
2014-01-20 13:58:00Z tacttime_calcular_PMDT0ARRAY0A-PHOTO0AORO End Program Start
2014-01-20 13:58:00Z tacttime_calcular_PMDT0ARRAY0A-PHOTO0AORO End Program END 

Create log file
2014-01-20 13:58:00Z PP Tacttime  calcular_mode_data_T0ARRAY_0A-PHOTO_0AORO0.95 start  Program Start
2014-01-20 13:58:00Z PP Tacttime  calcular_mode_data_T0ARRAY_0A-PHOTO_0AORO0.95 start  Program END 

Create log file
2014-01-20 13:58:01Z PP Tacttime  calcular_mode_data_T0ARRAY_0A-PHOTO_0AORO0.95 End  Program Start
2014-01-20 13:58:01Z PP Tacttime  calcular_mode_data_T0ARRAY_0A-PHOTO_0AORO0.95 End  Program END 

Create log file
2014-01-20 16:03:56Z tacttime_calcular_mode_data Start Program Start
2014-01-20 16:03:56Z tacttime_calcular_mode_data Start Program END 

Create log file
2014-01-20 16:03:58Z tacttime_calcular_PMDT0ARRAY0A-PHOTO0AORO End Program Start
2014-01-20 16:03:58Z tacttime_calcular_PMDT0ARRAY0A-PHOTO0AORO End Program END 

Create log file
2014-01-20 16:03:59Z tacttime_calcular_mode_data Start Program Start
2014-01-20 16:03:59Z tacttime_calcular_mode_data Start Program END 

Create log file
2014-01-20 16:04:00Z tacttime_calcular_PMDT0ARRAY0A-PHOTO0AORO End Program Start
2014-01-20 16:04:00Z tacttime_calcular_PMDT0ARRAY0A-PHOTO0AORO End Program END 

Create log file
2014-01-20 16:04:00Z PP Tacttime  calcular_mode_data_T0ARRAY_0A-PHOTO_0AORO0.95 start  Program Start
2014-01-20 16:04:00Z PP Tacttime  calcular_mode_data_T0ARRAY_0A-PHOTO_0AORO0.95 start  Program END 

Create log file
2014-01-20 16:04:01Z PP Tacttime  calcular_mode_data_T0ARRAY_0A-PHOTO_0AORO0.95 End  Program Start
2014-01-20 16:04:01Z PP Tacttime  calcular_mode_data_T0ARRAY_0A-PHOTO_0AORO0.95 End  Program END 

