Create log file
2014-02-17 01:01:09Z tacttime_calcular_mode_data Start Program Start
2014-02-17 01:01:09Z tacttime_calcular_mode_data Start Program END 

Create log file
2014-02-17 01:01:11Z tacttime_calcular_PMDT0ARRAY0A-ETCH0AWET End Program Start
2014-02-17 01:01:11Z tacttime_calcular_PMDT0ARRAY0A-ETCH0AWET End Program END 

Create log file
2014-02-17 01:01:24Z tacttime_calcular_mode_data Start Program Start
2014-02-17 01:01:24Z tacttime_calcular_mode_data Start Program END 

Create log file
2014-02-17 01:01:25Z tacttime_calcular_PMDT0ARRAY0A-ETCH0AWET End Program Start
2014-02-17 01:01:25Z tacttime_calcular_PMDT0ARRAY0A-ETCH0AWET End Program END 

Create log file
2014-02-17 01:01:26Z tacttime_calcular_mode_data Start Program Start
2014-02-17 01:01:26Z tacttime_calcular_mode_data Start Program END 

Create log file
2014-02-17 01:01:26Z tacttime_calcular_PMDT0ARRAY0A-ETCH0AWET End Program Start
2014-02-17 01:01:26Z tacttime_calcular_PMDT0ARRAY0A-ETCH0AWET End Program END 

Create log file
2014-02-17 01:01:28Z tacttime_calcular_mode_data Start Program Start
2014-02-17 01:01:28Z tacttime_calcular_mode_data Start Program END 

Create log file
2014-02-17 01:01:28Z tacttime_calcular_PMDT0ARRAY0A-ETCH0AWET End Program Start
2014-02-17 01:01:28Z tacttime_calcular_PMDT0ARRAY0A-ETCH0AWET End Program END 

Create log file
2014-02-17 01:02:04Z tacttime_calcular_mode_data Start Program Start
2014-02-17 01:02:04Z tacttime_calcular_mode_data Start Program END 

Create log file
2014-02-17 01:02:05Z tacttime_calcular_PMDT0ARRAY0A-ETCH0AWET End Program Start
2014-02-17 01:02:05Z tacttime_calcular_PMDT0ARRAY0A-ETCH0AWET End Program END 

Create log file
2014-02-17 01:02:13Z tacttime_calcular_mode_data Start Program Start
2014-02-17 01:02:13Z tacttime_calcular_mode_data Start Program END 

Create log file
2014-02-17 01:02:13Z tacttime_calcular_PMDT0ARRAY0A-ETCH0AWET End Program Start
2014-02-17 01:02:13Z tacttime_calcular_PMDT0ARRAY0A-ETCH0AWET End Program END 

Create log file
2014-02-17 01:02:15Z tacttime_calcular_mode_data Start Program Start
2014-02-17 01:02:15Z tacttime_calcular_mode_data Start Program END 

Create log file
2014-02-17 01:02:15Z tacttime_calcular_PMDT0ARRAY0A-ETCH0AWET End Program Start
2014-02-17 01:02:15Z tacttime_calcular_PMDT0ARRAY0A-ETCH0AWET End Program END 

Create log file
2014-02-17 01:02:22Z tacttime_calcular_mode_data Start Program Start
2014-02-17 01:02:22Z tacttime_calcular_mode_data Start Program END 

Create log file
2014-02-17 01:02:22Z tacttime_calcular_PMDT0ARRAY0A-ETCH0AWET End Program Start
2014-02-17 01:02:22Z tacttime_calcular_PMDT0ARRAY0A-ETCH0AWET End Program END 

Create log file
2014-02-17 01:03:15Z tacttime_calcular_mode_data Start Program Start
2014-02-17 01:03:15Z tacttime_calcular_mode_data Start Program END 

Create log file
2014-02-17 01:03:16Z tacttime_calcular_PMDT0ARRAY0A-ETCH0AWET End Program Start
2014-02-17 01:03:16Z tacttime_calcular_PMDT0ARRAY0A-ETCH0AWET End Program END 

Create log file
2014-02-17 01:03:16Z PP Tacttime  calcular_mode_data_T0ARRAY_0A-ETCH_0AWET0.95 start  Program Start
2014-02-17 01:03:16Z PP Tacttime  calcular_mode_data_T0ARRAY_0A-ETCH_0AWET0.95 start  Program END 

Create log file
2014-02-17 01:03:17Z PP Tacttime  calcular_mode_data_T0ARRAY_0A-ETCH_0AWET0.95 End  Program Start
2014-02-17 01:03:17Z PP Tacttime  calcular_mode_data_T0ARRAY_0A-ETCH_0AWET0.95 End  Program END 

Create log file
2014-02-17 01:03:37Z tacttime_calcular_mode_data Start Program Start
2014-02-17 01:03:37Z tacttime_calcular_mode_data Start Program END 

Create log file
2014-02-17 01:03:37Z tacttime_calcular_PMDT0ARRAY0A-TF0APVD End Program Start
2014-02-17 01:03:37Z tacttime_calcular_PMDT0ARRAY0A-TF0APVD End Program END 

Create log file
2014-02-17 01:03:42Z tacttime_calcular_mode_data Start Program Start
2014-02-17 01:03:42Z tacttime_calcular_mode_data Start Program END 

Create log file
2014-02-17 01:03:42Z tacttime_calcular_PMDT0ARRAY0A-TF0APVD End Program Start
2014-02-17 01:03:42Z tacttime_calcular_PMDT0ARRAY0A-TF0APVD End Program END 

Create log file
2014-02-17 01:04:00Z tacttime_calcular_mode_data Start Program Start
2014-02-17 01:04:00Z tacttime_calcular_mode_data Start Program END 

Create log file
2014-02-17 01:04:00Z tacttime_calcular_PMDT0ARRAY0A-TF0APVD End Program Start
2014-02-17 01:04:00Z tacttime_calcular_PMDT0ARRAY0A-TF0APVD End Program END 

Create log file
2014-02-17 01:04:08Z tacttime_calcular_mode_data Start Program Start
2014-02-17 01:04:08Z tacttime_calcular_mode_data Start Program END 

Create log file
2014-02-17 01:04:09Z tacttime_calcular_PMDT0ARRAY0A-TF0APVD End Program Start
2014-02-17 01:04:09Z tacttime_calcular_PMDT0ARRAY0A-TF0APVD End Program END 

Create log file
2014-02-17 01:04:27Z tacttime_calcular_mode_data Start Program Start
2014-02-17 01:04:27Z tacttime_calcular_mode_data Start Program END 

Create log file
2014-02-17 01:04:27Z tacttime_calcular_PMDT0ARRAY0A-TF0APVD End Program Start
2014-02-17 01:04:27Z tacttime_calcular_PMDT0ARRAY0A-TF0APVD End Program END 

Create log file
2014-02-17 01:04:35Z tacttime_calcular_mode_data Start Program Start
2014-02-17 01:04:35Z tacttime_calcular_mode_data Start Program END 

Create log file
2014-02-17 01:04:36Z tacttime_calcular_PMDT0ARRAY0A-TF0APVD End Program Start
2014-02-17 01:04:36Z tacttime_calcular_PMDT0ARRAY0A-TF0APVD End Program END 

Create log file
2014-02-17 01:04:45Z tacttime_calcular_mode_data Start Program Start
2014-02-17 01:04:45Z tacttime_calcular_mode_data Start Program END 

Create log file
2014-02-17 01:04:46Z tacttime_calcular_PMDT0ARRAY0A-TF0APVD End Program Start
2014-02-17 01:04:46Z tacttime_calcular_PMDT0ARRAY0A-TF0APVD End Program END 

Create log file
2014-02-17 01:04:48Z tacttime_calcular_mode_data Start Program Start
2014-02-17 01:04:48Z tacttime_calcular_mode_data Start Program END 

Create log file
2014-02-17 01:04:49Z tacttime_calcular_PMDT0ARRAY0A-TF0APVD End Program Start
2014-02-17 01:04:49Z tacttime_calcular_PMDT0ARRAY0A-TF0APVD End Program END 

Create log file
2014-02-17 01:04:53Z tacttime_calcular_mode_data Start Program Start
2014-02-17 01:04:53Z tacttime_calcular_mode_data Start Program END 

Create log file
2014-02-17 01:04:53Z tacttime_calcular_PMDT0ARRAY0A-TF0APVD End Program Start
2014-02-17 01:04:53Z tacttime_calcular_PMDT0ARRAY0A-TF0APVD End Program END 

Create log file
2014-02-17 01:05:27Z tacttime_calcular_mode_data Start Program Start
2014-02-17 01:05:27Z tacttime_calcular_mode_data Start Program END 

Create log file
2014-02-17 01:05:28Z tacttime_calcular_PMDT0ARRAY0A-TF0APVD End Program Start
2014-02-17 01:05:28Z tacttime_calcular_PMDT0ARRAY0A-TF0APVD End Program END 

Create log file
2014-02-17 01:05:33Z tacttime_calcular_mode_data Start Program Start
2014-02-17 01:05:33Z tacttime_calcular_mode_data Start Program END 

Create log file
2014-02-17 01:05:34Z tacttime_calcular_PMDT0ARRAY0A-TF0APVD End Program Start
2014-02-17 01:05:34Z tacttime_calcular_PMDT0ARRAY0A-TF0APVD End Program END 

Create log file
2014-02-17 01:05:44Z tacttime_calcular_mode_data Start Program Start
2014-02-17 01:05:44Z tacttime_calcular_mode_data Start Program END 

Create log file
2014-02-17 01:05:45Z tacttime_calcular_PMDT0ARRAY0A-TF0APVD End Program Start
2014-02-17 01:05:45Z tacttime_calcular_PMDT0ARRAY0A-TF0APVD End Program END 

Create log file
2014-02-17 01:05:48Z tacttime_calcular_mode_data Start Program Start
2014-02-17 01:05:48Z tacttime_calcular_mode_data Start Program END 

Create log file
2014-02-17 01:05:49Z tacttime_calcular_PMDT0ARRAY0A-TF0APVD End Program Start
2014-02-17 01:05:49Z tacttime_calcular_PMDT0ARRAY0A-TF0APVD End Program END 

Create log file
2014-02-17 01:05:53Z tacttime_calcular_mode_data Start Program Start
2014-02-17 01:05:53Z tacttime_calcular_mode_data Start Program END 

Create log file
2014-02-17 01:05:53Z tacttime_calcular_PMDT0ARRAY0A-TF0APVD End Program Start
2014-02-17 01:05:53Z tacttime_calcular_PMDT0ARRAY0A-TF0APVD End Program END 

Create log file
2014-02-17 01:05:56Z tacttime_calcular_mode_data Start Program Start
2014-02-17 01:05:56Z tacttime_calcular_mode_data Start Program END 

Create log file
2014-02-17 01:05:57Z tacttime_calcular_PMDT0ARRAY0A-TF0APVD End Program Start
2014-02-17 01:05:57Z tacttime_calcular_PMDT0ARRAY0A-TF0APVD End Program END 

Create log file
2014-02-17 01:05:57Z PP Tacttime  calcular_mode_data_T0ARRAY_0A-TF_0APVD0.95 start  Program Start
2014-02-17 01:05:57Z PP Tacttime  calcular_mode_data_T0ARRAY_0A-TF_0APVD0.95 start  Program END 

Create log file
2014-02-17 01:05:58Z PP Tacttime  calcular_mode_data_T0ARRAY_0A-TF_0APVD0.95 End  Program Start
2014-02-17 01:05:58Z PP Tacttime  calcular_mode_data_T0ARRAY_0A-TF_0APVD0.95 End  Program END 

Create log file
2014-02-17 01:07:48Z tacttime_calcular_mode_data Start Program Start
2014-02-17 01:07:48Z tacttime_calcular_mode_data Start Program END 

Create log file
2014-02-17 01:07:50Z tacttime_calcular_PMDT0ARRAY0A-TF0APDC End Program Start
2014-02-17 01:07:50Z tacttime_calcular_PMDT0ARRAY0A-TF0APDC End Program END 

Create log file
2014-02-17 01:09:52Z tacttime_calcular_mode_data Start Program Start
2014-02-17 01:09:52Z tacttime_calcular_mode_data Start Program END 

Create log file
2014-02-17 01:09:54Z tacttime_calcular_PMDT0ARRAY0A-TF0APDC End Program Start
2014-02-17 01:09:54Z tacttime_calcular_PMDT0ARRAY0A-TF0APDC End Program END 

Create log file
2014-02-17 01:10:23Z tacttime_calcular_mode_data Start Program Start
2014-02-17 01:10:23Z tacttime_calcular_mode_data Start Program END 

Create log file
2014-02-17 01:10:24Z tacttime_calcular_PMDT0ARRAY0A-TF0APDC End Program Start
2014-02-17 01:10:24Z tacttime_calcular_PMDT0ARRAY0A-TF0APDC End Program END 

Create log file
2014-02-17 01:10:54Z tacttime_calcular_mode_data Start Program Start
2014-02-17 01:10:54Z tacttime_calcular_mode_data Start Program END 

Create log file
2014-02-17 01:10:54Z tacttime_calcular_PMDT0ARRAY0A-TF0APDC End Program Start
2014-02-17 01:10:54Z tacttime_calcular_PMDT0ARRAY0A-TF0APDC End Program END 

Create log file
2014-02-17 01:10:54Z PP Tacttime  calcular_mode_data_T0ARRAY_0A-TF_0APDC0.95 start  Program Start
2014-02-17 01:10:54Z PP Tacttime  calcular_mode_data_T0ARRAY_0A-TF_0APDC0.95 start  Program END 

Create log file
2014-02-17 01:10:55Z PP Tacttime  calcular_mode_data_T0ARRAY_0A-TF_0APDC0.95 End  Program Start
2014-02-17 01:10:55Z PP Tacttime  calcular_mode_data_T0ARRAY_0A-TF_0APDC0.95 End  Program END 

Create log file
2014-02-17 01:11:55Z tacttime_calcular_mode_data Start Program Start
2014-02-17 01:11:55Z tacttime_calcular_mode_data Start Program END 

Create log file
2014-02-17 01:11:58Z tacttime_calcular_PMDT0ARRAY0A-TF0AINC End Program Start
2014-02-17 01:11:58Z tacttime_calcular_PMDT0ARRAY0A-TF0AINC End Program END 

Create log file
2014-02-17 01:11:58Z PP Tacttime  calcular_mode_data_T0ARRAY_0A-TF_0AINC0.95 start  Program Start
2014-02-17 01:11:58Z PP Tacttime  calcular_mode_data_T0ARRAY_0A-TF_0AINC0.95 start  Program END 

Create log file
2014-02-17 01:11:59Z PP Tacttime  calcular_mode_data_T0ARRAY_0A-TF_0AINC0.95 End  Program Start
2014-02-17 01:11:59Z PP Tacttime  calcular_mode_data_T0ARRAY_0A-TF_0AINC0.95 End  Program END 

Create log file
2014-02-17 02:00:56Z tacttime_calcular_mode_data Start Program Start
2014-02-17 02:00:56Z tacttime_calcular_mode_data Start Program END 

Create log file
2014-02-17 02:00:58Z tacttime_calcular_PMDT0ARRAY0A-ETCH0ASTR End Program Start
2014-02-17 02:00:58Z tacttime_calcular_PMDT0ARRAY0A-ETCH0ASTR End Program END 

Create log file
2014-02-17 02:03:13Z tacttime_calcular_mode_data Start Program Start
2014-02-17 02:03:13Z tacttime_calcular_mode_data Start Program END 

Create log file
2014-02-17 02:03:15Z tacttime_calcular_PMDT0ARRAY0A-ETCH0ASTR End Program Start
2014-02-17 02:03:15Z tacttime_calcular_PMDT0ARRAY0A-ETCH0ASTR End Program END 

Create log file
2014-02-17 02:04:02Z tacttime_calcular_mode_data Start Program Start
2014-02-17 02:04:02Z tacttime_calcular_mode_data Start Program END 

Create log file
2014-02-17 02:04:03Z tacttime_calcular_PMDT0ARRAY0A-ETCH0ASTR End Program Start
2014-02-17 02:04:03Z tacttime_calcular_PMDT0ARRAY0A-ETCH0ASTR End Program END 

Create log file
2014-02-17 02:05:39Z tacttime_calcular_mode_data Start Program Start
2014-02-17 02:05:39Z tacttime_calcular_mode_data Start Program END 

Create log file
2014-02-17 02:05:41Z tacttime_calcular_PMDT0ARRAY0A-ETCH0ASTR End Program Start
2014-02-17 02:05:41Z tacttime_calcular_PMDT0ARRAY0A-ETCH0ASTR End Program END 

Create log file
2014-02-17 02:05:47Z tacttime_calcular_mode_data Start Program Start
2014-02-17 02:05:47Z tacttime_calcular_mode_data Start Program END 

Create log file
2014-02-17 02:05:47Z tacttime_calcular_PMDT0ARRAY0A-ETCH0ASTR End Program Start
2014-02-17 02:05:47Z tacttime_calcular_PMDT0ARRAY0A-ETCH0ASTR End Program END 

Create log file
2014-02-17 02:05:47Z PP Tacttime  calcular_mode_data_T0ARRAY_0A-ETCH_0ASTR0.95 start  Program Start
2014-02-17 02:05:47Z PP Tacttime  calcular_mode_data_T0ARRAY_0A-ETCH_0ASTR0.95 start  Program END 

Create log file
2014-02-17 02:05:48Z PP Tacttime  calcular_mode_data_T0ARRAY_0A-ETCH_0ASTR0.95 End  Program Start
2014-02-17 02:05:48Z PP Tacttime  calcular_mode_data_T0ARRAY_0A-ETCH_0ASTR0.95 End  Program END 

Create log file
2014-02-17 02:06:37Z tacttime_calcular_mode_data Start Program Start
2014-02-17 02:06:37Z tacttime_calcular_mode_data Start Program END 

Create log file
2014-02-17 02:06:39Z tacttime_calcular_PMDT0ARRAY0A-PHOTO0ACOA End Program Start
2014-02-17 02:06:39Z tacttime_calcular_PMDT0ARRAY0A-PHOTO0ACOA End Program END 

Create log file
2014-02-17 02:06:50Z tacttime_calcular_mode_data Start Program Start
2014-02-17 02:06:50Z tacttime_calcular_mode_data Start Program END 

Create log file
2014-02-17 02:06:51Z tacttime_calcular_PMDT0ARRAY0A-PHOTO0ACOA End Program Start
2014-02-17 02:06:51Z tacttime_calcular_PMDT0ARRAY0A-PHOTO0ACOA End Program END 

Create log file
2014-02-17 02:07:01Z tacttime_calcular_mode_data Start Program Start
2014-02-17 02:07:01Z tacttime_calcular_mode_data Start Program END 

Create log file
2014-02-17 02:07:02Z tacttime_calcular_PMDT0ARRAY0A-PHOTO0ACOA End Program Start
2014-02-17 02:07:02Z tacttime_calcular_PMDT0ARRAY0A-PHOTO0ACOA End Program END 

Create log file
2014-02-17 02:07:08Z tacttime_calcular_mode_data Start Program Start
2014-02-17 02:07:08Z tacttime_calcular_mode_data Start Program END 

Create log file
2014-02-17 02:07:09Z tacttime_calcular_PMDT0ARRAY0A-PHOTO0ACOA End Program Start
2014-02-17 02:07:09Z tacttime_calcular_PMDT0ARRAY0A-PHOTO0ACOA End Program END 

Create log file
2014-02-17 02:07:36Z tacttime_calcular_mode_data Start Program Start
2014-02-17 02:07:36Z tacttime_calcular_mode_data Start Program END 

Create log file
2014-02-17 02:07:38Z tacttime_calcular_PMDT0ARRAY0A-PHOTO0ACOA End Program Start
2014-02-17 02:07:38Z tacttime_calcular_PMDT0ARRAY0A-PHOTO0ACOA End Program END 

Create log file
2014-02-17 02:07:42Z tacttime_calcular_mode_data Start Program Start
2014-02-17 02:07:42Z tacttime_calcular_mode_data Start Program END 

Create log file
2014-02-17 02:07:42Z tacttime_calcular_PMDT0ARRAY0A-PHOTO0ACOA End Program Start
2014-02-17 02:07:42Z tacttime_calcular_PMDT0ARRAY0A-PHOTO0ACOA End Program END 

Create log file
2014-02-17 02:07:50Z tacttime_calcular_mode_data Start Program Start
2014-02-17 02:07:50Z tacttime_calcular_mode_data Start Program END 

Create log file
2014-02-17 02:07:51Z tacttime_calcular_PMDT0ARRAY0A-PHOTO0ACOA End Program Start
2014-02-17 02:07:51Z tacttime_calcular_PMDT0ARRAY0A-PHOTO0ACOA End Program END 

Create log file
2014-02-17 02:08:17Z tacttime_calcular_mode_data Start Program Start
2014-02-17 02:08:17Z tacttime_calcular_mode_data Start Program END 

Create log file
2014-02-17 02:08:19Z tacttime_calcular_PMDT0ARRAY0A-PHOTO0ACOA End Program Start
2014-02-17 02:08:19Z tacttime_calcular_PMDT0ARRAY0A-PHOTO0ACOA End Program END 

Create log file
2014-02-17 02:09:55Z tacttime_calcular_mode_data Start Program Start
2014-02-17 02:09:55Z tacttime_calcular_mode_data Start Program END 

Create log file
2014-02-17 02:09:57Z tacttime_calcular_PMDT0ARRAY0A-PHOTO0ACOA End Program Start
2014-02-17 02:09:57Z tacttime_calcular_PMDT0ARRAY0A-PHOTO0ACOA End Program END 

Create log file
2014-02-17 02:10:07Z tacttime_calcular_mode_data Start Program Start
2014-02-17 02:10:07Z tacttime_calcular_mode_data Start Program END 

Create log file
2014-02-17 02:10:07Z tacttime_calcular_PMDT0ARRAY0A-PHOTO0ACOA End Program Start
2014-02-17 02:10:07Z tacttime_calcular_PMDT0ARRAY0A-PHOTO0ACOA End Program END 

Create log file
2014-02-17 02:10:09Z tacttime_calcular_mode_data Start Program Start
2014-02-17 02:10:09Z tacttime_calcular_mode_data Start Program END 

Create log file
2014-02-17 02:10:09Z tacttime_calcular_PMDT0ARRAY0A-PHOTO0ACOA End Program Start
2014-02-17 02:10:09Z tacttime_calcular_PMDT0ARRAY0A-PHOTO0ACOA End Program END 

Create log file
2014-02-17 02:10:33Z tacttime_calcular_mode_data Start Program Start
2014-02-17 02:10:33Z tacttime_calcular_mode_data Start Program END 

Create log file
2014-02-17 02:10:34Z tacttime_calcular_PMDT0ARRAY0A-PHOTO0ACOA End Program Start
2014-02-17 02:10:34Z tacttime_calcular_PMDT0ARRAY0A-PHOTO0ACOA End Program END 

Create log file
2014-02-17 02:10:40Z tacttime_calcular_mode_data Start Program Start
2014-02-17 02:10:40Z tacttime_calcular_mode_data Start Program END 

Create log file
2014-02-17 02:10:41Z tacttime_calcular_PMDT0ARRAY0A-PHOTO0ACOA End Program Start
2014-02-17 02:10:41Z tacttime_calcular_PMDT0ARRAY0A-PHOTO0ACOA End Program END 

Create log file
2014-02-17 02:10:43Z tacttime_calcular_mode_data Start Program Start
2014-02-17 02:10:43Z tacttime_calcular_mode_data Start Program END 

Create log file
2014-02-17 02:10:44Z tacttime_calcular_PMDT0ARRAY0A-PHOTO0ACOA End Program Start
2014-02-17 02:10:44Z tacttime_calcular_PMDT0ARRAY0A-PHOTO0ACOA End Program END 

Create log file
2014-02-17 02:10:46Z tacttime_calcular_mode_data Start Program Start
2014-02-17 02:10:46Z tacttime_calcular_mode_data Start Program END 

Create log file
2014-02-17 02:10:47Z tacttime_calcular_PMDT0ARRAY0A-PHOTO0ACOA End Program Start
2014-02-17 02:10:47Z tacttime_calcular_PMDT0ARRAY0A-PHOTO0ACOA End Program END 

Create log file
2014-02-17 02:11:36Z tacttime_calcular_mode_data Start Program Start
2014-02-17 02:11:36Z tacttime_calcular_mode_data Start Program END 

Create log file
2014-02-17 02:11:38Z tacttime_calcular_PMDT0ARRAY0A-PHOTO0ACOA End Program Start
2014-02-17 02:11:38Z tacttime_calcular_PMDT0ARRAY0A-PHOTO0ACOA End Program END 

Create log file
2014-02-17 02:11:39Z tacttime_calcular_mode_data Start Program Start
2014-02-17 02:11:39Z tacttime_calcular_mode_data Start Program END 

Create log file
2014-02-17 02:11:39Z tacttime_calcular_PMDT0ARRAY0A-PHOTO0ACOA End Program Start
2014-02-17 02:11:39Z tacttime_calcular_PMDT0ARRAY0A-PHOTO0ACOA End Program END 

Create log file
2014-02-17 02:11:48Z tacttime_calcular_mode_data Start Program Start
2014-02-17 02:11:48Z tacttime_calcular_mode_data Start Program END 

Create log file
2014-02-17 02:11:49Z tacttime_calcular_PMDT0ARRAY0A-PHOTO0ACOA End Program Start
2014-02-17 02:11:49Z tacttime_calcular_PMDT0ARRAY0A-PHOTO0ACOA End Program END 

Create log file
2014-02-17 02:11:59Z tacttime_calcular_mode_data Start Program Start
2014-02-17 02:11:59Z tacttime_calcular_mode_data Start Program END 

Create log file
2014-02-17 02:12:00Z tacttime_calcular_PMDT0ARRAY0A-PHOTO0ACOA End Program Start
2014-02-17 02:12:00Z tacttime_calcular_PMDT0ARRAY0A-PHOTO0ACOA End Program END 

Create log file
2014-02-17 02:12:50Z tacttime_calcular_mode_data Start Program Start
2014-02-17 02:12:50Z tacttime_calcular_mode_data Start Program END 

Create log file
2014-02-17 02:12:52Z tacttime_calcular_PMDT0ARRAY0A-PHOTO0ACOA End Program Start
2014-02-17 02:12:52Z tacttime_calcular_PMDT0ARRAY0A-PHOTO0ACOA End Program END 

Create log file
2014-02-17 02:13:44Z tacttime_calcular_mode_data Start Program Start
2014-02-17 02:13:44Z tacttime_calcular_mode_data Start Program END 

Create log file
2014-02-17 02:13:46Z tacttime_calcular_PMDT0ARRAY0A-PHOTO0ACOA End Program Start
2014-02-17 02:13:46Z tacttime_calcular_PMDT0ARRAY0A-PHOTO0ACOA End Program END 

Create log file
2014-02-17 02:13:53Z tacttime_calcular_mode_data Start Program Start
2014-02-17 02:13:53Z tacttime_calcular_mode_data Start Program END 

Create log file
2014-02-17 02:13:53Z tacttime_calcular_PMDT0ARRAY0A-PHOTO0ACOA End Program Start
2014-02-17 02:13:53Z tacttime_calcular_PMDT0ARRAY0A-PHOTO0ACOA End Program END 

Create log file
2014-02-17 02:13:55Z tacttime_calcular_mode_data Start Program Start
2014-02-17 02:13:55Z tacttime_calcular_mode_data Start Program END 

Create log file
2014-02-17 02:13:56Z tacttime_calcular_PMDT0ARRAY0A-PHOTO0ACOA End Program Start
2014-02-17 02:13:56Z tacttime_calcular_PMDT0ARRAY0A-PHOTO0ACOA End Program END 

Create log file
2014-02-17 02:13:57Z PP Tacttime  calcular_mode_data_T0ARRAY_0A-PHOTO_0ACOA0.95 start  Program Start
2014-02-17 02:13:57Z PP Tacttime  calcular_mode_data_T0ARRAY_0A-PHOTO_0ACOA0.95 start  Program END 

Create log file
2014-02-17 02:14:06Z PP Tacttime  calcular_mode_data_T0ARRAY_0A-PHOTO_0ACOA0.95 End  Program Start
2014-02-17 02:14:06Z PP Tacttime  calcular_mode_data_T0ARRAY_0A-PHOTO_0ACOA0.95 End  Program END 

Create log file
2014-02-17 02:14:20Z tacttime_calcular_mode_data Start Program Start
2014-02-17 02:14:20Z tacttime_calcular_mode_data Start Program END 

Create log file
2014-02-17 02:14:20Z tacttime_calcular_PMDT0ARRAY0A-PHOTO0AEXP End Program Start
2014-02-17 02:14:20Z tacttime_calcular_PMDT0ARRAY0A-PHOTO0AEXP End Program END 

Create log file
2014-02-17 02:14:20Z tacttime_calcular_mode_data Start Program Start
2014-02-17 02:14:20Z tacttime_calcular_mode_data Start Program END 

Create log file
2014-02-17 02:14:20Z tacttime_calcular_PMDT0ARRAY0A-PHOTO0AEXP End Program Start
2014-02-17 02:14:20Z tacttime_calcular_PMDT0ARRAY0A-PHOTO0AEXP End Program END 

Create log file
2014-02-17 02:14:25Z tacttime_calcular_mode_data Start Program Start
2014-02-17 02:14:25Z tacttime_calcular_mode_data Start Program END 

Create log file
2014-02-17 02:14:26Z tacttime_calcular_PMDT0ARRAY0A-PHOTO0AEXP End Program Start
2014-02-17 02:14:26Z tacttime_calcular_PMDT0ARRAY0A-PHOTO0AEXP End Program END 

Create log file
2014-02-17 02:14:26Z tacttime_calcular_mode_data Start Program Start
2014-02-17 02:14:26Z tacttime_calcular_mode_data Start Program END 

Create log file
2014-02-17 02:14:26Z tacttime_calcular_PMDT0ARRAY0A-PHOTO0AEXP End Program Start
2014-02-17 02:14:26Z tacttime_calcular_PMDT0ARRAY0A-PHOTO0AEXP End Program END 

Create log file
2014-02-17 02:14:35Z tacttime_calcular_mode_data Start Program Start
2014-02-17 02:14:35Z tacttime_calcular_mode_data Start Program END 

Create log file
2014-02-17 02:14:35Z tacttime_calcular_PMDT0ARRAY0A-PHOTO0AEXP End Program Start
2014-02-17 02:14:35Z tacttime_calcular_PMDT0ARRAY0A-PHOTO0AEXP End Program END 

Create log file
2014-02-17 02:14:41Z tacttime_calcular_mode_data Start Program Start
2014-02-17 02:14:41Z tacttime_calcular_mode_data Start Program END 

Create log file
2014-02-17 02:14:42Z tacttime_calcular_PMDT0ARRAY0A-PHOTO0AEXP End Program Start
2014-02-17 02:14:42Z tacttime_calcular_PMDT0ARRAY0A-PHOTO0AEXP End Program END 

Create log file
2014-02-17 02:14:44Z tacttime_calcular_mode_data Start Program Start
2014-02-17 02:14:44Z tacttime_calcular_mode_data Start Program END 

Create log file
2014-02-17 02:14:44Z tacttime_calcular_PMDT0ARRAY0A-PHOTO0AEXP End Program Start
2014-02-17 02:14:44Z tacttime_calcular_PMDT0ARRAY0A-PHOTO0AEXP End Program END 

Create log file
2014-02-17 02:14:47Z tacttime_calcular_mode_data Start Program Start
2014-02-17 02:14:47Z tacttime_calcular_mode_data Start Program END 

Create log file
2014-02-17 02:14:47Z tacttime_calcular_PMDT0ARRAY0A-PHOTO0AEXP End Program Start
2014-02-17 02:14:47Z tacttime_calcular_PMDT0ARRAY0A-PHOTO0AEXP End Program END 

Create log file
2014-02-17 02:14:52Z tacttime_calcular_mode_data Start Program Start
2014-02-17 02:14:52Z tacttime_calcular_mode_data Start Program END 

Create log file
2014-02-17 02:14:53Z tacttime_calcular_PMDT0ARRAY0A-PHOTO0AEXP End Program Start
2014-02-17 02:14:53Z tacttime_calcular_PMDT0ARRAY0A-PHOTO0AEXP End Program END 

Create log file
2014-02-17 02:15:04Z tacttime_calcular_mode_data Start Program Start
2014-02-17 02:15:04Z tacttime_calcular_mode_data Start Program END 

Create log file
2014-02-17 02:15:05Z tacttime_calcular_PMDT0ARRAY0A-PHOTO0AEXP End Program Start
2014-02-17 02:15:05Z tacttime_calcular_PMDT0ARRAY0A-PHOTO0AEXP End Program END 

Create log file
2014-02-17 02:15:14Z tacttime_calcular_mode_data Start Program Start
2014-02-17 02:15:14Z tacttime_calcular_mode_data Start Program END 

Create log file
2014-02-17 02:15:14Z tacttime_calcular_PMDT0ARRAY0A-PHOTO0AEXP End Program Start
2014-02-17 02:15:14Z tacttime_calcular_PMDT0ARRAY0A-PHOTO0AEXP End Program END 

Create log file
2014-02-17 02:15:50Z tacttime_calcular_mode_data Start Program Start
2014-02-17 02:15:50Z tacttime_calcular_mode_data Start Program END 

Create log file
2014-02-17 02:15:50Z tacttime_calcular_PMDT0ARRAY0A-PHOTO0AEXP End Program Start
2014-02-17 02:15:50Z tacttime_calcular_PMDT0ARRAY0A-PHOTO0AEXP End Program END 

Create log file
2014-02-17 02:15:52Z tacttime_calcular_mode_data Start Program Start
2014-02-17 02:15:52Z tacttime_calcular_mode_data Start Program END 

Create log file
2014-02-17 02:15:52Z tacttime_calcular_PMDT0ARRAY0A-PHOTO0AEXP End Program Start
2014-02-17 02:15:52Z tacttime_calcular_PMDT0ARRAY0A-PHOTO0AEXP End Program END 

Create log file
2014-02-17 02:15:54Z tacttime_calcular_mode_data Start Program Start
2014-02-17 02:15:54Z tacttime_calcular_mode_data Start Program END 

Create log file
2014-02-17 02:15:55Z tacttime_calcular_PMDT0ARRAY0A-PHOTO0AEXP End Program Start
2014-02-17 02:15:55Z tacttime_calcular_PMDT0ARRAY0A-PHOTO0AEXP End Program END 

Create log file
2014-02-17 02:16:01Z tacttime_calcular_mode_data Start Program Start
2014-02-17 02:16:01Z tacttime_calcular_mode_data Start Program END 

Create log file
2014-02-17 02:16:01Z tacttime_calcular_PMDT0ARRAY0A-PHOTO0AEXP End Program Start
2014-02-17 02:16:01Z tacttime_calcular_PMDT0ARRAY0A-PHOTO0AEXP End Program END 

Create log file
2014-02-17 02:16:35Z tacttime_calcular_mode_data Start Program Start
2014-02-17 02:16:35Z tacttime_calcular_mode_data Start Program END 

Create log file
2014-02-17 02:16:35Z tacttime_calcular_PMDT0ARRAY0A-PHOTO0AEXP End Program Start
2014-02-17 02:16:35Z tacttime_calcular_PMDT0ARRAY0A-PHOTO0AEXP End Program END 

Create log file
2014-02-17 02:16:43Z tacttime_calcular_mode_data Start Program Start
2014-02-17 02:16:43Z tacttime_calcular_mode_data Start Program END 

Create log file
2014-02-17 02:16:43Z tacttime_calcular_PMDT0ARRAY0A-PHOTO0AEXP End Program Start
2014-02-17 02:16:43Z tacttime_calcular_PMDT0ARRAY0A-PHOTO0AEXP End Program END 

Create log file
2014-02-17 02:16:53Z tacttime_calcular_mode_data Start Program Start
2014-02-17 02:16:53Z tacttime_calcular_mode_data Start Program END 

Create log file
2014-02-17 02:16:53Z tacttime_calcular_PMDT0ARRAY0A-PHOTO0AEXP End Program Start
2014-02-17 02:16:53Z tacttime_calcular_PMDT0ARRAY0A-PHOTO0AEXP End Program END 

Create log file
2014-02-17 02:16:53Z tacttime_calcular_mode_data Start Program Start
2014-02-17 02:16:53Z tacttime_calcular_mode_data Start Program END 

Create log file
2014-02-17 02:16:54Z tacttime_calcular_PMDT0ARRAY0A-PHOTO0AEXP End Program Start
2014-02-17 02:16:54Z tacttime_calcular_PMDT0ARRAY0A-PHOTO0AEXP End Program END 

Create log file
2014-02-17 02:17:06Z tacttime_calcular_mode_data Start Program Start
2014-02-17 02:17:06Z tacttime_calcular_mode_data Start Program END 

Create log file
2014-02-17 02:17:06Z tacttime_calcular_PMDT0ARRAY0A-PHOTO0AEXP End Program Start
2014-02-17 02:17:06Z tacttime_calcular_PMDT0ARRAY0A-PHOTO0AEXP End Program END 

Create log file
2014-02-17 02:17:07Z tacttime_calcular_mode_data Start Program Start
2014-02-17 02:17:07Z tacttime_calcular_mode_data Start Program END 

Create log file
2014-02-17 02:17:07Z tacttime_calcular_PMDT0ARRAY0A-PHOTO0AEXP End Program Start
2014-02-17 02:17:07Z tacttime_calcular_PMDT0ARRAY0A-PHOTO0AEXP End Program END 

Create log file
2014-02-17 02:17:11Z tacttime_calcular_mode_data Start Program Start
2014-02-17 02:17:11Z tacttime_calcular_mode_data Start Program END 

Create log file
2014-02-17 02:17:12Z tacttime_calcular_PMDT0ARRAY0A-PHOTO0AEXP End Program Start
2014-02-17 02:17:12Z tacttime_calcular_PMDT0ARRAY0A-PHOTO0AEXP End Program END 

Create log file
2014-02-17 02:17:12Z tacttime_calcular_mode_data Start Program Start
2014-02-17 02:17:12Z tacttime_calcular_mode_data Start Program END 

Create log file
2014-02-17 02:17:12Z tacttime_calcular_PMDT0ARRAY0A-PHOTO0AEXP End Program Start
2014-02-17 02:17:12Z tacttime_calcular_PMDT0ARRAY0A-PHOTO0AEXP End Program END 

Create log file
2014-02-17 02:17:20Z tacttime_calcular_mode_data Start Program Start
2014-02-17 02:17:20Z tacttime_calcular_mode_data Start Program END 

Create log file
2014-02-17 02:17:21Z tacttime_calcular_PMDT0ARRAY0A-PHOTO0AEXP End Program Start
2014-02-17 02:17:21Z tacttime_calcular_PMDT0ARRAY0A-PHOTO0AEXP End Program END 

Create log file
2014-02-17 02:17:26Z tacttime_calcular_mode_data Start Program Start
2014-02-17 02:17:26Z tacttime_calcular_mode_data Start Program END 

Create log file
2014-02-17 02:17:26Z tacttime_calcular_PMDT0ARRAY0A-PHOTO0AEXP End Program Start
2014-02-17 02:17:26Z tacttime_calcular_PMDT0ARRAY0A-PHOTO0AEXP End Program END 

Create log file
2014-02-17 02:17:36Z tacttime_calcular_mode_data Start Program Start
2014-02-17 02:17:36Z tacttime_calcular_mode_data Start Program END 

Create log file
2014-02-17 02:17:36Z tacttime_calcular_PMDT0ARRAY0A-PHOTO0AEXP End Program Start
2014-02-17 02:17:36Z tacttime_calcular_PMDT0ARRAY0A-PHOTO0AEXP End Program END 

Create log file
2014-02-17 02:17:37Z tacttime_calcular_mode_data Start Program Start
2014-02-17 02:17:37Z tacttime_calcular_mode_data Start Program END 

Create log file
2014-02-17 02:17:37Z tacttime_calcular_PMDT0ARRAY0A-PHOTO0AEXP End Program Start
2014-02-17 02:17:37Z tacttime_calcular_PMDT0ARRAY0A-PHOTO0AEXP End Program END 

Create log file
2014-02-17 02:17:55Z tacttime_calcular_mode_data Start Program Start
2014-02-17 02:17:55Z tacttime_calcular_mode_data Start Program END 

Create log file
2014-02-17 02:17:55Z tacttime_calcular_PMDT0ARRAY0A-PHOTO0AEXP End Program Start
2014-02-17 02:17:55Z tacttime_calcular_PMDT0ARRAY0A-PHOTO0AEXP End Program END 

Create log file
2014-02-17 02:18:04Z tacttime_calcular_mode_data Start Program Start
2014-02-17 02:18:04Z tacttime_calcular_mode_data Start Program END 

Create log file
2014-02-17 02:18:05Z tacttime_calcular_PMDT0ARRAY0A-PHOTO0AEXP End Program Start
2014-02-17 02:18:05Z tacttime_calcular_PMDT0ARRAY0A-PHOTO0AEXP End Program END 

Create log file
2014-02-17 02:18:10Z tacttime_calcular_mode_data Start Program Start
2014-02-17 02:18:10Z tacttime_calcular_mode_data Start Program END 

Create log file
2014-02-17 02:18:10Z tacttime_calcular_PMDT0ARRAY0A-PHOTO0AEXP End Program Start
2014-02-17 02:18:10Z tacttime_calcular_PMDT0ARRAY0A-PHOTO0AEXP End Program END 

Create log file
2014-02-17 02:18:12Z tacttime_calcular_mode_data Start Program Start
2014-02-17 02:18:12Z tacttime_calcular_mode_data Start Program END 

Create log file
2014-02-17 02:18:12Z tacttime_calcular_PMDT0ARRAY0A-PHOTO0AEXP End Program Start
2014-02-17 02:18:12Z tacttime_calcular_PMDT0ARRAY0A-PHOTO0AEXP End Program END 

Create log file
2014-02-17 02:18:16Z tacttime_calcular_mode_data Start Program Start
2014-02-17 02:18:16Z tacttime_calcular_mode_data Start Program END 

Create log file
2014-02-17 02:18:17Z tacttime_calcular_PMDT0ARRAY0A-PHOTO0AEXP End Program Start
2014-02-17 02:18:17Z tacttime_calcular_PMDT0ARRAY0A-PHOTO0AEXP End Program END 

Create log file
2014-02-17 02:18:20Z tacttime_calcular_mode_data Start Program Start
2014-02-17 02:18:20Z tacttime_calcular_mode_data Start Program END 

Create log file
2014-02-17 02:18:21Z tacttime_calcular_PMDT0ARRAY0A-PHOTO0AEXP End Program Start
2014-02-17 02:18:21Z tacttime_calcular_PMDT0ARRAY0A-PHOTO0AEXP End Program END 

Create log file
2014-02-17 02:18:25Z tacttime_calcular_mode_data Start Program Start
2014-02-17 02:18:25Z tacttime_calcular_mode_data Start Program END 

Create log file
2014-02-17 02:18:25Z tacttime_calcular_PMDT0ARRAY0A-PHOTO0AEXP End Program Start
2014-02-17 02:18:25Z tacttime_calcular_PMDT0ARRAY0A-PHOTO0AEXP End Program END 

Create log file
2014-02-17 02:18:57Z tacttime_calcular_mode_data Start Program Start
2014-02-17 02:18:57Z tacttime_calcular_mode_data Start Program END 

Create log file
2014-02-17 02:18:57Z tacttime_calcular_PMDT0ARRAY0A-PHOTO0AEXP End Program Start
2014-02-17 02:18:57Z tacttime_calcular_PMDT0ARRAY0A-PHOTO0AEXP End Program END 

Create log file
2014-02-17 02:19:15Z tacttime_calcular_mode_data Start Program Start
2014-02-17 02:19:15Z tacttime_calcular_mode_data Start Program END 

Create log file
2014-02-17 02:19:16Z tacttime_calcular_PMDT0ARRAY0A-PHOTO0AEXP End Program Start
2014-02-17 02:19:16Z tacttime_calcular_PMDT0ARRAY0A-PHOTO0AEXP End Program END 

Create log file
2014-02-17 02:19:16Z PP Tacttime  calcular_mode_data_T0ARRAY_0A-PHOTO_0AEXP0.95 start  Program Start
2014-02-17 02:19:16Z PP Tacttime  calcular_mode_data_T0ARRAY_0A-PHOTO_0AEXP0.95 start  Program END 

Create log file
2014-02-17 02:19:20Z PP Tacttime  calcular_mode_data_T0ARRAY_0A-PHOTO_0AEXP0.95 End  Program Start
2014-02-17 02:19:20Z PP Tacttime  calcular_mode_data_T0ARRAY_0A-PHOTO_0AEXP0.95 End  Program END 

Create log file
2014-02-17 02:19:41Z tacttime_calcular_mode_data Start Program Start
2014-02-17 02:19:41Z tacttime_calcular_mode_data Start Program END 

Create log file
2014-02-17 02:19:42Z tacttime_calcular_PMDT0ARRAY0A-PHOTO0ADEV End Program Start
2014-02-17 02:19:42Z tacttime_calcular_PMDT0ARRAY0A-PHOTO0ADEV End Program END 

Create log file
2014-02-17 02:19:52Z tacttime_calcular_mode_data Start Program Start
2014-02-17 02:19:52Z tacttime_calcular_mode_data Start Program END 

Create log file
2014-02-17 02:19:53Z tacttime_calcular_PMDT0ARRAY0A-PHOTO0ADEV End Program Start
2014-02-17 02:19:53Z tacttime_calcular_PMDT0ARRAY0A-PHOTO0ADEV End Program END 

Create log file
2014-02-17 02:20:07Z tacttime_calcular_mode_data Start Program Start
2014-02-17 02:20:07Z tacttime_calcular_mode_data Start Program END 

Create log file
2014-02-17 02:20:08Z tacttime_calcular_PMDT0ARRAY0A-PHOTO0ADEV End Program Start
2014-02-17 02:20:08Z tacttime_calcular_PMDT0ARRAY0A-PHOTO0ADEV End Program END 

Create log file
2014-02-17 02:20:21Z tacttime_calcular_mode_data Start Program Start
2014-02-17 02:20:21Z tacttime_calcular_mode_data Start Program END 

Create log file
2014-02-17 02:20:21Z tacttime_calcular_PMDT0ARRAY0A-PHOTO0ADEV End Program Start
2014-02-17 02:20:21Z tacttime_calcular_PMDT0ARRAY0A-PHOTO0ADEV End Program END 

Create log file
2014-02-17 02:20:40Z tacttime_calcular_mode_data Start Program Start
2014-02-17 02:20:40Z tacttime_calcular_mode_data Start Program END 

Create log file
2014-02-17 02:20:40Z tacttime_calcular_PMDT0ARRAY0A-PHOTO0ADEV End Program Start
2014-02-17 02:20:40Z tacttime_calcular_PMDT0ARRAY0A-PHOTO0ADEV End Program END 

Create log file
2014-02-17 02:20:46Z tacttime_calcular_mode_data Start Program Start
2014-02-17 02:20:46Z tacttime_calcular_mode_data Start Program END 

Create log file
2014-02-17 02:20:46Z tacttime_calcular_PMDT0ARRAY0A-PHOTO0ADEV End Program Start
2014-02-17 02:20:46Z tacttime_calcular_PMDT0ARRAY0A-PHOTO0ADEV End Program END 

Create log file
2014-02-17 02:21:09Z tacttime_calcular_mode_data Start Program Start
2014-02-17 02:21:09Z tacttime_calcular_mode_data Start Program END 

Create log file
2014-02-17 02:21:10Z tacttime_calcular_PMDT0ARRAY0A-PHOTO0ADEV End Program Start
2014-02-17 02:21:10Z tacttime_calcular_PMDT0ARRAY0A-PHOTO0ADEV End Program END 

Create log file
2014-02-17 02:21:16Z tacttime_calcular_mode_data Start Program Start
2014-02-17 02:21:16Z tacttime_calcular_mode_data Start Program END 

Create log file
2014-02-17 02:21:17Z tacttime_calcular_PMDT0ARRAY0A-PHOTO0ADEV End Program Start
2014-02-17 02:21:17Z tacttime_calcular_PMDT0ARRAY0A-PHOTO0ADEV End Program END 

Create log file
2014-02-17 02:21:30Z tacttime_calcular_mode_data Start Program Start
2014-02-17 02:21:30Z tacttime_calcular_mode_data Start Program END 

Create log file
2014-02-17 02:21:31Z tacttime_calcular_PMDT0ARRAY0A-PHOTO0ADEV End Program Start
2014-02-17 02:21:31Z tacttime_calcular_PMDT0ARRAY0A-PHOTO0ADEV End Program END 

Create log file
2014-02-17 02:21:33Z tacttime_calcular_mode_data Start Program Start
2014-02-17 02:21:33Z tacttime_calcular_mode_data Start Program END 

Create log file
2014-02-17 02:21:34Z tacttime_calcular_PMDT0ARRAY0A-PHOTO0ADEV End Program Start
2014-02-17 02:21:34Z tacttime_calcular_PMDT0ARRAY0A-PHOTO0ADEV End Program END 

Create log file
2014-02-17 02:22:24Z tacttime_calcular_mode_data Start Program Start
2014-02-17 02:22:24Z tacttime_calcular_mode_data Start Program END 

Create log file
2014-02-17 02:22:26Z tacttime_calcular_PMDT0ARRAY0A-PHOTO0ADEV End Program Start
2014-02-17 02:22:26Z tacttime_calcular_PMDT0ARRAY0A-PHOTO0ADEV End Program END 

Create log file
2014-02-17 02:22:28Z tacttime_calcular_mode_data Start Program Start
2014-02-17 02:22:28Z tacttime_calcular_mode_data Start Program END 

Create log file
2014-02-17 02:22:28Z tacttime_calcular_PMDT0ARRAY0A-PHOTO0ADEV End Program Start
2014-02-17 02:22:28Z tacttime_calcular_PMDT0ARRAY0A-PHOTO0ADEV End Program END 

Create log file
2014-02-17 02:22:33Z tacttime_calcular_mode_data Start Program Start
2014-02-17 02:22:33Z tacttime_calcular_mode_data Start Program END 

Create log file
2014-02-17 02:22:33Z tacttime_calcular_PMDT0ARRAY0A-PHOTO0ADEV End Program Start
2014-02-17 02:22:33Z tacttime_calcular_PMDT0ARRAY0A-PHOTO0ADEV End Program END 

Create log file
2014-02-17 02:22:37Z tacttime_calcular_mode_data Start Program Start
2014-02-17 02:22:37Z tacttime_calcular_mode_data Start Program END 

Create log file
2014-02-17 02:22:37Z tacttime_calcular_PMDT0ARRAY0A-PHOTO0ADEV End Program Start
2014-02-17 02:22:37Z tacttime_calcular_PMDT0ARRAY0A-PHOTO0ADEV End Program END 

Create log file
2014-02-17 02:23:23Z tacttime_calcular_mode_data Start Program Start
2014-02-17 02:23:23Z tacttime_calcular_mode_data Start Program END 

Create log file
2014-02-17 02:23:26Z tacttime_calcular_PMDT0ARRAY0A-PHOTO0ADEV End Program Start
2014-02-17 02:23:26Z tacttime_calcular_PMDT0ARRAY0A-PHOTO0ADEV End Program END 

Create log file
2014-02-17 02:23:51Z tacttime_calcular_mode_data Start Program Start
2014-02-17 02:23:51Z tacttime_calcular_mode_data Start Program END 

Create log file
2014-02-17 02:23:52Z tacttime_calcular_PMDT0ARRAY0A-PHOTO0ADEV End Program Start
2014-02-17 02:23:52Z tacttime_calcular_PMDT0ARRAY0A-PHOTO0ADEV End Program END 

Create log file
2014-02-17 02:23:54Z tacttime_calcular_mode_data Start Program Start
2014-02-17 02:23:54Z tacttime_calcular_mode_data Start Program END 

Create log file
2014-02-17 02:23:54Z tacttime_calcular_PMDT0ARRAY0A-PHOTO0ADEV End Program Start
2014-02-17 02:23:54Z tacttime_calcular_PMDT0ARRAY0A-PHOTO0ADEV End Program END 

Create log file
2014-02-17 02:23:55Z tacttime_calcular_mode_data Start Program Start
2014-02-17 02:23:55Z tacttime_calcular_mode_data Start Program END 

Create log file
2014-02-17 02:23:55Z tacttime_calcular_PMDT0ARRAY0A-PHOTO0ADEV End Program Start
2014-02-17 02:23:55Z tacttime_calcular_PMDT0ARRAY0A-PHOTO0ADEV End Program END 

Create log file
2014-02-17 02:23:58Z tacttime_calcular_mode_data Start Program Start
2014-02-17 02:23:58Z tacttime_calcular_mode_data Start Program END 

Create log file
2014-02-17 02:23:58Z tacttime_calcular_PMDT0ARRAY0A-PHOTO0ADEV End Program Start
2014-02-17 02:23:58Z tacttime_calcular_PMDT0ARRAY0A-PHOTO0ADEV End Program END 

Create log file
2014-02-17 02:24:25Z tacttime_calcular_mode_data Start Program Start
2014-02-17 02:24:25Z tacttime_calcular_mode_data Start Program END 

Create log file
2014-02-17 02:24:26Z tacttime_calcular_PMDT0ARRAY0A-PHOTO0ADEV End Program Start
2014-02-17 02:24:26Z tacttime_calcular_PMDT0ARRAY0A-PHOTO0ADEV End Program END 

Create log file
2014-02-17 02:24:35Z tacttime_calcular_mode_data Start Program Start
2014-02-17 02:24:35Z tacttime_calcular_mode_data Start Program END 

Create log file
2014-02-17 02:24:36Z tacttime_calcular_PMDT0ARRAY0A-PHOTO0ADEV End Program Start
2014-02-17 02:24:36Z tacttime_calcular_PMDT0ARRAY0A-PHOTO0ADEV End Program END 

Create log file
2014-02-17 02:24:39Z tacttime_calcular_mode_data Start Program Start
2014-02-17 02:24:39Z tacttime_calcular_mode_data Start Program END 

Create log file
2014-02-17 02:24:39Z tacttime_calcular_PMDT0ARRAY0A-PHOTO0ADEV End Program Start
2014-02-17 02:24:39Z tacttime_calcular_PMDT0ARRAY0A-PHOTO0ADEV End Program END 

Create log file
2014-02-17 02:24:40Z PP Tacttime  calcular_mode_data_T0ARRAY_0A-PHOTO_0ADEV0.95 start  Program Start
2014-02-17 02:24:40Z PP Tacttime  calcular_mode_data_T0ARRAY_0A-PHOTO_0ADEV0.95 start  Program END 

Create log file
2014-02-17 02:24:46Z PP Tacttime  calcular_mode_data_T0ARRAY_0A-PHOTO_0ADEV0.95 End  Program Start
2014-02-17 02:24:46Z PP Tacttime  calcular_mode_data_T0ARRAY_0A-PHOTO_0ADEV0.95 End  Program END 

Create log file
2014-02-17 03:00:40Z tacttime_calcular_mode_data Start Program Start
2014-02-17 03:00:40Z tacttime_calcular_mode_data Start Program END 

Create log file
2014-02-17 03:00:42Z tacttime_calcular_PMDT0ARRAY0A-TF0AANO End Program Start
2014-02-17 03:00:42Z tacttime_calcular_PMDT0ARRAY0A-TF0AANO End Program END 

Create log file
2014-02-17 03:00:42Z PP Tacttime  calcular_mode_data_T0ARRAY_0A-TF_0AANO0.95 start  Program Start
2014-02-17 03:00:42Z PP Tacttime  calcular_mode_data_T0ARRAY_0A-TF_0AANO0.95 start  Program END 

Create log file
2014-02-17 03:00:42Z PP Tacttime  calcular_mode_data_T0ARRAY_0A-TF_0AANO0.95 End  Program Start
2014-02-17 03:00:42Z PP Tacttime  calcular_mode_data_T0ARRAY_0A-TF_0AANO0.95 End  Program END 

Create log file
2014-02-17 03:00:56Z tacttime_calcular_mode_data Start Program Start
2014-02-17 03:00:56Z tacttime_calcular_mode_data Start Program END 

Create log file
2014-02-17 03:00:56Z tacttime_calcular_PMDT0ARRAY0A-PHOTO0AORO End Program Start
2014-02-17 03:00:56Z tacttime_calcular_PMDT0ARRAY0A-PHOTO0AORO End Program END 

Create log file
2014-02-17 03:01:19Z tacttime_calcular_mode_data Start Program Start
2014-02-17 03:01:19Z tacttime_calcular_mode_data Start Program END 

Create log file
2014-02-17 03:01:22Z tacttime_calcular_PMDT0ARRAY0A-PHOTO0AORO End Program Start
2014-02-17 03:01:22Z tacttime_calcular_PMDT0ARRAY0A-PHOTO0AORO End Program END 

Create log file
2014-02-17 03:01:27Z tacttime_calcular_mode_data Start Program Start
2014-02-17 03:01:27Z tacttime_calcular_mode_data Start Program END 

Create log file
2014-02-17 03:01:28Z tacttime_calcular_PMDT0ARRAY0A-PHOTO0AORO End Program Start
2014-02-17 03:01:28Z tacttime_calcular_PMDT0ARRAY0A-PHOTO0AORO End Program END 

Create log file
2014-02-17 03:01:36Z tacttime_calcular_mode_data Start Program Start
2014-02-17 03:01:36Z tacttime_calcular_mode_data Start Program END 

Create log file
2014-02-17 03:01:36Z tacttime_calcular_PMDT0ARRAY0A-PHOTO0AORO End Program Start
2014-02-17 03:01:36Z tacttime_calcular_PMDT0ARRAY0A-PHOTO0AORO End Program END 

Create log file
2014-02-17 03:01:41Z tacttime_calcular_mode_data Start Program Start
2014-02-17 03:01:41Z tacttime_calcular_mode_data Start Program END 

Create log file
2014-02-17 03:01:44Z tacttime_calcular_PMDT0ARRAY0A-PHOTO0AORO End Program Start
2014-02-17 03:01:44Z tacttime_calcular_PMDT0ARRAY0A-PHOTO0AORO End Program END 

Create log file
2014-02-17 03:01:46Z tacttime_calcular_mode_data Start Program Start
2014-02-17 03:01:46Z tacttime_calcular_mode_data Start Program END 

Create log file
2014-02-17 03:01:47Z tacttime_calcular_PMDT0ARRAY0A-PHOTO0AORO End Program Start
2014-02-17 03:01:47Z tacttime_calcular_PMDT0ARRAY0A-PHOTO0AORO End Program END 

Create log file
2014-02-17 03:01:53Z tacttime_calcular_mode_data Start Program Start
2014-02-17 03:01:53Z tacttime_calcular_mode_data Start Program END 

Create log file
2014-02-17 03:01:54Z tacttime_calcular_PMDT0ARRAY0A-PHOTO0AORO End Program Start
2014-02-17 03:01:54Z tacttime_calcular_PMDT0ARRAY0A-PHOTO0AORO End Program END 

Create log file
2014-02-17 03:01:54Z PP Tacttime  calcular_mode_data_T0ARRAY_0A-PHOTO_0AORO0.95 start  Program Start
2014-02-17 03:01:54Z PP Tacttime  calcular_mode_data_T0ARRAY_0A-PHOTO_0AORO0.95 start  Program END 

Create log file
2014-02-17 03:01:59Z PP Tacttime  calcular_mode_data_T0ARRAY_0A-PHOTO_0AORO0.95 End  Program Start
2014-02-17 03:01:59Z PP Tacttime  calcular_mode_data_T0ARRAY_0A-PHOTO_0AORO0.95 End  Program END 

Create log file
2014-02-17 03:02:27Z tacttime_calcular_mode_data Start Program Start
2014-02-17 03:02:27Z tacttime_calcular_mode_data Start Program END 

Create log file
2014-02-17 03:02:28Z tacttime_calcular_PMDT0ARRAY0A-ETCH0ADET End Program Start
2014-02-17 03:02:28Z tacttime_calcular_PMDT0ARRAY0A-ETCH0ADET End Program END 

Create log file
2014-02-17 03:02:30Z tacttime_calcular_mode_data Start Program Start
2014-02-17 03:02:30Z tacttime_calcular_mode_data Start Program END 

Create log file
2014-02-17 03:02:31Z tacttime_calcular_PMDT0ARRAY0A-ETCH0ADET End Program Start
2014-02-17 03:02:31Z tacttime_calcular_PMDT0ARRAY0A-ETCH0ADET End Program END 

Create log file
2014-02-17 03:03:23Z tacttime_calcular_mode_data Start Program Start
2014-02-17 03:03:23Z tacttime_calcular_mode_data Start Program END 

Create log file
2014-02-17 03:03:24Z tacttime_calcular_PMDT0ARRAY0A-ETCH0ADET End Program Start
2014-02-17 03:03:24Z tacttime_calcular_PMDT0ARRAY0A-ETCH0ADET End Program END 

Create log file
2014-02-17 03:03:37Z tacttime_calcular_mode_data Start Program Start
2014-02-17 03:03:37Z tacttime_calcular_mode_data Start Program END 

Create log file
2014-02-17 03:03:38Z tacttime_calcular_PMDT0ARRAY0A-ETCH0ADET End Program Start
2014-02-17 03:03:38Z tacttime_calcular_PMDT0ARRAY0A-ETCH0ADET End Program END 

Create log file
2014-02-17 03:03:50Z tacttime_calcular_mode_data Start Program Start
2014-02-17 03:03:50Z tacttime_calcular_mode_data Start Program END 

Create log file
2014-02-17 03:03:50Z tacttime_calcular_PMDT0ARRAY0A-ETCH0ADET End Program Start
2014-02-17 03:03:50Z tacttime_calcular_PMDT0ARRAY0A-ETCH0ADET End Program END 

Create log file
2014-02-17 03:04:22Z tacttime_calcular_mode_data Start Program Start
2014-02-17 03:04:22Z tacttime_calcular_mode_data Start Program END 

Create log file
2014-02-17 03:04:24Z tacttime_calcular_PMDT0ARRAY0A-ETCH0ADET End Program Start
2014-02-17 03:04:24Z tacttime_calcular_PMDT0ARRAY0A-ETCH0ADET End Program END 

Create log file
2014-02-17 03:04:41Z tacttime_calcular_mode_data Start Program Start
2014-02-17 03:04:41Z tacttime_calcular_mode_data Start Program END 

Create log file
2014-02-17 03:04:42Z tacttime_calcular_PMDT0ARRAY0A-ETCH0ADET End Program Start
2014-02-17 03:04:42Z tacttime_calcular_PMDT0ARRAY0A-ETCH0ADET End Program END 

Create log file
2014-02-17 03:05:11Z tacttime_calcular_mode_data Start Program Start
2014-02-17 03:05:11Z tacttime_calcular_mode_data Start Program END 

Create log file
2014-02-17 03:05:11Z tacttime_calcular_PMDT0ARRAY0A-ETCH0ADET End Program Start
2014-02-17 03:05:11Z tacttime_calcular_PMDT0ARRAY0A-ETCH0ADET End Program END 

Create log file
2014-02-17 03:05:14Z tacttime_calcular_mode_data Start Program Start
2014-02-17 03:05:14Z tacttime_calcular_mode_data Start Program END 

Create log file
2014-02-17 03:05:14Z tacttime_calcular_PMDT0ARRAY0A-ETCH0ADET End Program Start
2014-02-17 03:05:14Z tacttime_calcular_PMDT0ARRAY0A-ETCH0ADET End Program END 

Create log file
2014-02-17 03:05:50Z tacttime_calcular_mode_data Start Program Start
2014-02-17 03:05:50Z tacttime_calcular_mode_data Start Program END 

Create log file
2014-02-17 03:05:51Z tacttime_calcular_PMDT0ARRAY0A-ETCH0ADET End Program Start
2014-02-17 03:05:51Z tacttime_calcular_PMDT0ARRAY0A-ETCH0ADET End Program END 

Create log file
2014-02-17 03:05:55Z tacttime_calcular_mode_data Start Program Start
2014-02-17 03:05:55Z tacttime_calcular_mode_data Start Program END 

Create log file
2014-02-17 03:05:55Z tacttime_calcular_PMDT0ARRAY0A-ETCH0ADET End Program Start
2014-02-17 03:05:55Z tacttime_calcular_PMDT0ARRAY0A-ETCH0ADET End Program END 

Create log file
2014-02-17 03:05:55Z PP Tacttime  calcular_mode_data_T0ARRAY_0A-ETCH_0ADET0.95 start  Program Start
2014-02-17 03:05:55Z PP Tacttime  calcular_mode_data_T0ARRAY_0A-ETCH_0ADET0.95 start  Program END 

Create log file
2014-02-17 03:05:58Z PP Tacttime  calcular_mode_data_T0ARRAY_0A-ETCH_0ADET0.95 End  Program Start
2014-02-17 03:05:58Z PP Tacttime  calcular_mode_data_T0ARRAY_0A-ETCH_0ADET0.95 End  Program END 

Create log file
2014-02-17 03:06:26Z tacttime_calcular_mode_data Start Program Start
2014-02-17 03:06:26Z tacttime_calcular_mode_data Start Program END 

Create log file
2014-02-17 03:06:28Z tacttime_calcular_PMDT0ARRAY0A-TF0ACVD End Program Start
2014-02-17 03:06:28Z tacttime_calcular_PMDT0ARRAY0A-TF0ACVD End Program END 

Create log file
2014-02-17 03:06:34Z tacttime_calcular_mode_data Start Program Start
2014-02-17 03:06:34Z tacttime_calcular_mode_data Start Program END 

Create log file
2014-02-17 03:06:36Z tacttime_calcular_PMDT0ARRAY0A-TF0ACVD End Program Start
2014-02-17 03:06:36Z tacttime_calcular_PMDT0ARRAY0A-TF0ACVD End Program END 

Create log file
2014-02-17 03:07:18Z tacttime_calcular_mode_data Start Program Start
2014-02-17 03:07:18Z tacttime_calcular_mode_data Start Program END 

Create log file
2014-02-17 03:07:21Z tacttime_calcular_PMDT0ARRAY0A-TF0ACVD End Program Start
2014-02-17 03:07:21Z tacttime_calcular_PMDT0ARRAY0A-TF0ACVD End Program END 

Create log file
2014-02-17 03:07:38Z tacttime_calcular_mode_data Start Program Start
2014-02-17 03:07:38Z tacttime_calcular_mode_data Start Program END 

Create log file
2014-02-17 03:07:41Z tacttime_calcular_PMDT0ARRAY0A-TF0ACVD End Program Start
2014-02-17 03:07:41Z tacttime_calcular_PMDT0ARRAY0A-TF0ACVD End Program END 

Create log file
2014-02-17 03:07:45Z tacttime_calcular_mode_data Start Program Start
2014-02-17 03:07:45Z tacttime_calcular_mode_data Start Program END 

Create log file
2014-02-17 03:07:46Z tacttime_calcular_PMDT0ARRAY0A-TF0ACVD End Program Start
2014-02-17 03:07:46Z tacttime_calcular_PMDT0ARRAY0A-TF0ACVD End Program END 

Create log file
2014-02-17 03:07:52Z tacttime_calcular_mode_data Start Program Start
2014-02-17 03:07:52Z tacttime_calcular_mode_data Start Program END 

Create log file
2014-02-17 03:07:53Z tacttime_calcular_PMDT0ARRAY0A-TF0ACVD End Program Start
2014-02-17 03:07:53Z tacttime_calcular_PMDT0ARRAY0A-TF0ACVD End Program END 

Create log file
2014-02-17 03:07:58Z tacttime_calcular_mode_data Start Program Start
2014-02-17 03:07:58Z tacttime_calcular_mode_data Start Program END 

Create log file
2014-02-17 03:07:59Z tacttime_calcular_PMDT0ARRAY0A-TF0ACVD End Program Start
2014-02-17 03:07:59Z tacttime_calcular_PMDT0ARRAY0A-TF0ACVD End Program END 

Create log file
2014-02-17 03:08:10Z tacttime_calcular_mode_data Start Program Start
2014-02-17 03:08:10Z tacttime_calcular_mode_data Start Program END 

Create log file
2014-02-17 03:08:11Z tacttime_calcular_PMDT0ARRAY0A-TF0ACVD End Program Start
2014-02-17 03:08:11Z tacttime_calcular_PMDT0ARRAY0A-TF0ACVD End Program END 

Create log file
2014-02-17 03:08:13Z tacttime_calcular_mode_data Start Program Start
2014-02-17 03:08:13Z tacttime_calcular_mode_data Start Program END 

Create log file
2014-02-17 03:08:13Z tacttime_calcular_PMDT0ARRAY0A-TF0ACVD End Program Start
2014-02-17 03:08:13Z tacttime_calcular_PMDT0ARRAY0A-TF0ACVD End Program END 

Create log file
2014-02-17 03:08:13Z PP Tacttime  calcular_mode_data_T0ARRAY_0A-TF_0ACVD1 start  Program Start
2014-02-17 03:08:13Z PP Tacttime  calcular_mode_data_T0ARRAY_0A-TF_0ACVD1 start  Program END 

Create log file
2014-02-17 03:08:22Z PP Tacttime  calcular_mode_data_T0ARRAY_0A-TF_0ACVD1 End  Program Start
2014-02-17 03:08:22Z PP Tacttime  calcular_mode_data_T0ARRAY_0A-TF_0ACVD1 End  Program END 

Create log file
2014-02-17 04:00:21Z tacttime_calcular_mode_data Start Program Start
2014-02-17 04:00:21Z tacttime_calcular_mode_data Start Program END 

Create log file
2014-02-17 04:00:24Z tacttime_calcular_PMDT0ARRAY0A-TDTEST0ATES End Program Start
2014-02-17 04:00:24Z tacttime_calcular_PMDT0ARRAY0A-TDTEST0ATES End Program END 

Create log file
2014-02-17 04:00:24Z PP Tacttime  calcular_mode_data_T0ARRAY_0A-TDTEST_0ATES0.95 start  Program Start
2014-02-17 04:00:24Z PP Tacttime  calcular_mode_data_T0ARRAY_0A-TDTEST_0ATES0.95 start  Program END 

Create log file
2014-02-17 04:00:27Z PP Tacttime  calcular_mode_data_T0ARRAY_0A-TDTEST_0ATES0.95 End  Program Start
2014-02-17 04:00:27Z PP Tacttime  calcular_mode_data_T0ARRAY_0A-TDTEST_0ATES0.95 End  Program END 

Create log file
2014-02-17 04:00:42Z tacttime_calcular_mode_data Start Program Start
2014-02-17 04:00:42Z tacttime_calcular_mode_data Start Program END 

Create log file
2014-02-17 04:00:45Z tacttime_calcular_PMDT0ARRAY0A-TDTEST0ALSR End Program Start
2014-02-17 04:00:45Z tacttime_calcular_PMDT0ARRAY0A-TDTEST0ALSR End Program END 

Create log file
2014-02-17 04:00:50Z tacttime_calcular_mode_data Start Program Start
2014-02-17 04:00:50Z tacttime_calcular_mode_data Start Program END 

Create log file
2014-02-17 04:00:57Z tacttime_calcular_PMDT0ARRAY0A-TDTEST0ALSR End Program Start
2014-02-17 04:00:57Z tacttime_calcular_PMDT0ARRAY0A-TDTEST0ALSR End Program END 

Create log file
2014-02-17 04:00:57Z PP Tacttime  calcular_mode_data_T0ARRAY_0A-TDTEST_0ALSR0.95 start  Program Start
2014-02-17 04:00:57Z PP Tacttime  calcular_mode_data_T0ARRAY_0A-TDTEST_0ALSR0.95 start  Program END 

Create log file
2014-02-17 04:01:03Z PP Tacttime  calcular_mode_data_T0ARRAY_0A-TDTEST_0ALSR0.95 End  Program Start
2014-02-17 04:01:03Z PP Tacttime  calcular_mode_data_T0ARRAY_0A-TDTEST_0ALSR0.95 End  Program END 

