Create log file
2014-01-16 17:24:13Z tacttime_calcular_mode_data Start Program Start
2014-01-16 17:24:13Z tacttime_calcular_mode_data Start Program END 

Create log file
2014-01-16 17:24:16Z tacttime_calcular_PMDT0ARRAY0A-TDTEST0ATES End Program Start
2014-01-16 17:24:16Z tacttime_calcular_PMDT0ARRAY0A-TDTEST0ATES End Program END 

Create log file
2014-01-16 17:24:16Z PP Tacttime  calcular_mode_data_T0ARRAY_0A-TDTEST_0ATES0.95 start  Program Start
2014-01-16 17:24:16Z PP Tacttime  calcular_mode_data_T0ARRAY_0A-TDTEST_0ATES0.95 start  Program END 

Create log file
2014-01-16 17:24:18Z PP Tacttime  calcular_mode_data_T0ARRAY_0A-TDTEST_0ATES0.95 End  Program Start
2014-01-16 17:24:18Z PP Tacttime  calcular_mode_data_T0ARRAY_0A-TDTEST_0ATES0.95 End  Program END 

Create log file
2014-01-16 17:24:33Z tacttime_calcular_mode_data Start Program Start
2014-01-16 17:24:33Z tacttime_calcular_mode_data Start Program END 

Create log file
2014-01-16 17:24:37Z tacttime_calcular_PMDT0ARRAY0A-TDTEST0ALSR End Program Start
2014-01-16 17:24:37Z tacttime_calcular_PMDT0ARRAY0A-TDTEST0ALSR End Program END 

Create log file
2014-01-16 17:24:37Z PP Tacttime  calcular_mode_data_T0ARRAY_0A-TDTEST_0ALSR0.95 start  Program Start
2014-01-16 17:24:37Z PP Tacttime  calcular_mode_data_T0ARRAY_0A-TDTEST_0ALSR0.95 start  Program END 

Create log file
2014-01-16 17:24:41Z PP Tacttime  calcular_mode_data_T0ARRAY_0A-TDTEST_0ALSR0.95 End  Program Start
2014-01-16 17:24:41Z PP Tacttime  calcular_mode_data_T0ARRAY_0A-TDTEST_0ALSR0.95 End  Program END 

