Create log file
2014-02-24 01:00:07Z tacttime_calcular_mode_data Start Program Start
2014-02-24 01:00:07Z tacttime_calcular_mode_data Start Program END 

Create log file
2014-02-24 01:00:08Z tacttime_calcular_PMDT0ARRAY0A-ETCH0AWET End Program Start
2014-02-24 01:00:08Z tacttime_calcular_PMDT0ARRAY0A-ETCH0AWET End Program END 

Create log file
2014-02-24 01:00:10Z tacttime_calcular_mode_data Start Program Start
2014-02-24 01:00:10Z tacttime_calcular_mode_data Start Program END 

Create log file
2014-02-24 01:00:10Z tacttime_calcular_PMDT0ARRAY0A-ETCH0AWET End Program Start
2014-02-24 01:00:10Z tacttime_calcular_PMDT0ARRAY0A-ETCH0AWET End Program END 

Create log file
2014-02-24 01:00:12Z tacttime_calcular_mode_data Start Program Start
2014-02-24 01:00:12Z tacttime_calcular_mode_data Start Program END 

Create log file
2014-02-24 01:00:13Z tacttime_calcular_PMDT0ARRAY0A-ETCH0AWET End Program Start
2014-02-24 01:00:13Z tacttime_calcular_PMDT0ARRAY0A-ETCH0AWET End Program END 

Create log file
2014-02-24 01:00:14Z tacttime_calcular_mode_data Start Program Start
2014-02-24 01:00:14Z tacttime_calcular_mode_data Start Program END 

Create log file
2014-02-24 01:00:14Z tacttime_calcular_PMDT0ARRAY0A-ETCH0AWET End Program Start
2014-02-24 01:00:14Z tacttime_calcular_PMDT0ARRAY0A-ETCH0AWET End Program END 

Create log file
2014-02-24 01:00:22Z tacttime_calcular_mode_data Start Program Start
2014-02-24 01:00:22Z tacttime_calcular_mode_data Start Program END 

Create log file
2014-02-24 01:00:23Z tacttime_calcular_PMDT0ARRAY0A-ETCH0AWET End Program Start
2014-02-24 01:00:23Z tacttime_calcular_PMDT0ARRAY0A-ETCH0AWET End Program END 

Create log file
2014-02-24 01:00:23Z tacttime_calcular_mode_data Start Program Start
2014-02-24 01:00:23Z tacttime_calcular_mode_data Start Program END 

Create log file
2014-02-24 01:00:23Z tacttime_calcular_PMDT0ARRAY0A-ETCH0AWET End Program Start
2014-02-24 01:00:23Z tacttime_calcular_PMDT0ARRAY0A-ETCH0AWET End Program END 

Create log file
2014-02-24 01:00:26Z tacttime_calcular_mode_data Start Program Start
2014-02-24 01:00:26Z tacttime_calcular_mode_data Start Program END 

Create log file
2014-02-24 01:00:27Z tacttime_calcular_PMDT0ARRAY0A-ETCH0AWET End Program Start
2014-02-24 01:00:27Z tacttime_calcular_PMDT0ARRAY0A-ETCH0AWET End Program END 

Create log file
2014-02-24 01:00:27Z tacttime_calcular_mode_data Start Program Start
2014-02-24 01:00:27Z tacttime_calcular_mode_data Start Program END 

Create log file
2014-02-24 01:00:27Z tacttime_calcular_PMDT0ARRAY0A-ETCH0AWET End Program Start
2014-02-24 01:00:27Z tacttime_calcular_PMDT0ARRAY0A-ETCH0AWET End Program END 

Create log file
2014-02-24 01:00:27Z PP Tacttime  calcular_mode_data_T0ARRAY_0A-ETCH_0AWET0.95 start  Program Start
2014-02-24 01:00:27Z PP Tacttime  calcular_mode_data_T0ARRAY_0A-ETCH_0AWET0.95 start  Program END 

Create log file
2014-02-24 01:00:28Z PP Tacttime  calcular_mode_data_T0ARRAY_0A-ETCH_0AWET0.95 End  Program Start
2014-02-24 01:00:28Z PP Tacttime  calcular_mode_data_T0ARRAY_0A-ETCH_0AWET0.95 End  Program END 

Create log file
2014-02-24 01:00:59Z tacttime_calcular_mode_data Start Program Start
2014-02-24 01:00:59Z tacttime_calcular_mode_data Start Program END 

Create log file
2014-02-24 01:01:00Z tacttime_calcular_PMDT0ARRAY0A-TF0APDC End Program Start
2014-02-24 01:01:00Z tacttime_calcular_PMDT0ARRAY0A-TF0APDC End Program END 

Create log file
2014-02-24 01:01:07Z tacttime_calcular_mode_data Start Program Start
2014-02-24 01:01:07Z tacttime_calcular_mode_data Start Program END 

Create log file
2014-02-24 01:01:07Z tacttime_calcular_PMDT0ARRAY0A-TF0APDC End Program Start
2014-02-24 01:01:07Z tacttime_calcular_PMDT0ARRAY0A-TF0APDC End Program END 

Create log file
2014-02-24 01:01:33Z tacttime_calcular_mode_data Start Program Start
2014-02-24 01:01:33Z tacttime_calcular_mode_data Start Program END 

Create log file
2014-02-24 01:01:34Z tacttime_calcular_PMDT0ARRAY0A-TF0APDC End Program Start
2014-02-24 01:01:34Z tacttime_calcular_PMDT0ARRAY0A-TF0APDC End Program END 

Create log file
2014-02-24 01:01:47Z tacttime_calcular_mode_data Start Program Start
2014-02-24 01:01:47Z tacttime_calcular_mode_data Start Program END 

Create log file
2014-02-24 01:01:48Z tacttime_calcular_PMDT0ARRAY0A-TF0APDC End Program Start
2014-02-24 01:01:48Z tacttime_calcular_PMDT0ARRAY0A-TF0APDC End Program END 

Create log file
2014-02-24 01:01:48Z PP Tacttime  calcular_mode_data_T0ARRAY_0A-TF_0APDC0.95 start  Program Start
2014-02-24 01:01:48Z PP Tacttime  calcular_mode_data_T0ARRAY_0A-TF_0APDC0.95 start  Program END 

Create log file
2014-02-24 01:01:48Z PP Tacttime  calcular_mode_data_T0ARRAY_0A-TF_0APDC0.95 End  Program Start
2014-02-24 01:01:48Z PP Tacttime  calcular_mode_data_T0ARRAY_0A-TF_0APDC0.95 End  Program END 

Create log file
2014-02-24 01:02:03Z tacttime_calcular_mode_data Start Program Start
2014-02-24 01:02:03Z tacttime_calcular_mode_data Start Program END 

Create log file
2014-02-24 01:02:04Z tacttime_calcular_PMDT0ARRAY0A-TF0AINC End Program Start
2014-02-24 01:02:04Z tacttime_calcular_PMDT0ARRAY0A-TF0AINC End Program END 

Create log file
2014-02-24 01:02:04Z PP Tacttime  calcular_mode_data_T0ARRAY_0A-TF_0AINC0.95 start  Program Start
2014-02-24 01:02:04Z PP Tacttime  calcular_mode_data_T0ARRAY_0A-TF_0AINC0.95 start  Program END 

Create log file
2014-02-24 01:02:04Z PP Tacttime  calcular_mode_data_T0ARRAY_0A-TF_0AINC0.95 End  Program Start
2014-02-24 01:02:04Z PP Tacttime  calcular_mode_data_T0ARRAY_0A-TF_0AINC0.95 End  Program END 

Create log file
2014-02-24 01:02:13Z tacttime_calcular_mode_data Start Program Start
2014-02-24 01:02:13Z tacttime_calcular_mode_data Start Program END 

Create log file
2014-02-24 01:02:14Z tacttime_calcular_PMDT0ARRAY0A-TF0APVD End Program Start
2014-02-24 01:02:14Z tacttime_calcular_PMDT0ARRAY0A-TF0APVD End Program END 

Create log file
2014-02-24 01:02:19Z tacttime_calcular_mode_data Start Program Start
2014-02-24 01:02:19Z tacttime_calcular_mode_data Start Program END 

Create log file
2014-02-24 01:02:19Z tacttime_calcular_PMDT0ARRAY0A-TF0APVD End Program Start
2014-02-24 01:02:19Z tacttime_calcular_PMDT0ARRAY0A-TF0APVD End Program END 

Create log file
2014-02-24 01:02:23Z tacttime_calcular_mode_data Start Program Start
2014-02-24 01:02:23Z tacttime_calcular_mode_data Start Program END 

Create log file
2014-02-24 01:02:23Z tacttime_calcular_PMDT0ARRAY0A-TF0APVD End Program Start
2014-02-24 01:02:23Z tacttime_calcular_PMDT0ARRAY0A-TF0APVD End Program END 

Create log file
2014-02-24 01:02:26Z tacttime_calcular_mode_data Start Program Start
2014-02-24 01:02:26Z tacttime_calcular_mode_data Start Program END 

Create log file
2014-02-24 01:02:26Z tacttime_calcular_PMDT0ARRAY0A-TF0APVD End Program Start
2014-02-24 01:02:26Z tacttime_calcular_PMDT0ARRAY0A-TF0APVD End Program END 

Create log file
2014-02-24 01:02:30Z tacttime_calcular_mode_data Start Program Start
2014-02-24 01:02:30Z tacttime_calcular_mode_data Start Program END 

Create log file
2014-02-24 01:02:31Z tacttime_calcular_PMDT0ARRAY0A-TF0APVD End Program Start
2014-02-24 01:02:31Z tacttime_calcular_PMDT0ARRAY0A-TF0APVD End Program END 

Create log file
2014-02-24 01:02:31Z tacttime_calcular_mode_data Start Program Start
2014-02-24 01:02:31Z tacttime_calcular_mode_data Start Program END 

Create log file
2014-02-24 01:02:31Z tacttime_calcular_PMDT0ARRAY0A-TF0APVD End Program Start
2014-02-24 01:02:31Z tacttime_calcular_PMDT0ARRAY0A-TF0APVD End Program END 

Create log file
2014-02-24 01:02:37Z tacttime_calcular_mode_data Start Program Start
2014-02-24 01:02:37Z tacttime_calcular_mode_data Start Program END 

Create log file
2014-02-24 01:02:37Z tacttime_calcular_PMDT0ARRAY0A-TF0APVD End Program Start
2014-02-24 01:02:37Z tacttime_calcular_PMDT0ARRAY0A-TF0APVD End Program END 

Create log file
2014-02-24 01:02:40Z tacttime_calcular_mode_data Start Program Start
2014-02-24 01:02:40Z tacttime_calcular_mode_data Start Program END 

Create log file
2014-02-24 01:02:41Z tacttime_calcular_PMDT0ARRAY0A-TF0APVD End Program Start
2014-02-24 01:02:41Z tacttime_calcular_PMDT0ARRAY0A-TF0APVD End Program END 

Create log file
2014-02-24 01:02:41Z PP Tacttime  calcular_mode_data_T0ARRAY_0A-TF_0APVD0.95 start  Program Start
2014-02-24 01:02:41Z PP Tacttime  calcular_mode_data_T0ARRAY_0A-TF_0APVD0.95 start  Program END 

Create log file
2014-02-24 01:02:41Z PP Tacttime  calcular_mode_data_T0ARRAY_0A-TF_0APVD0.95 End  Program Start
2014-02-24 01:02:41Z PP Tacttime  calcular_mode_data_T0ARRAY_0A-TF_0APVD0.95 End  Program END 

Create log file
2014-02-24 02:00:10Z tacttime_calcular_mode_data Start Program Start
2014-02-24 02:00:10Z tacttime_calcular_mode_data Start Program END 

Create log file
2014-02-24 02:00:11Z tacttime_calcular_PMDT0ARRAY0A-PHOTO0AEXP End Program Start
2014-02-24 02:00:11Z tacttime_calcular_PMDT0ARRAY0A-PHOTO0AEXP End Program END 

Create log file
2014-02-24 02:00:14Z tacttime_calcular_mode_data Start Program Start
2014-02-24 02:00:14Z tacttime_calcular_mode_data Start Program END 

Create log file
2014-02-24 02:00:15Z tacttime_calcular_PMDT0ARRAY0A-PHOTO0AEXP End Program Start
2014-02-24 02:00:15Z tacttime_calcular_PMDT0ARRAY0A-PHOTO0AEXP End Program END 

Create log file
2014-02-24 02:00:23Z tacttime_calcular_mode_data Start Program Start
2014-02-24 02:00:23Z tacttime_calcular_mode_data Start Program END 

Create log file
2014-02-24 02:00:23Z tacttime_calcular_PMDT0ARRAY0A-PHOTO0AEXP End Program Start
2014-02-24 02:00:23Z tacttime_calcular_PMDT0ARRAY0A-PHOTO0AEXP End Program END 

Create log file
2014-02-24 02:00:24Z tacttime_calcular_mode_data Start Program Start
2014-02-24 02:00:24Z tacttime_calcular_mode_data Start Program END 

Create log file
2014-02-24 02:00:24Z tacttime_calcular_PMDT0ARRAY0A-PHOTO0AEXP End Program Start
2014-02-24 02:00:24Z tacttime_calcular_PMDT0ARRAY0A-PHOTO0AEXP End Program END 

Create log file
2014-02-24 02:00:26Z tacttime_calcular_mode_data Start Program Start
2014-02-24 02:00:26Z tacttime_calcular_mode_data Start Program END 

Create log file
2014-02-24 02:00:26Z tacttime_calcular_PMDT0ARRAY0A-PHOTO0AEXP End Program Start
2014-02-24 02:00:26Z tacttime_calcular_PMDT0ARRAY0A-PHOTO0AEXP End Program END 

Create log file
2014-02-24 02:00:27Z tacttime_calcular_mode_data Start Program Start
2014-02-24 02:00:27Z tacttime_calcular_mode_data Start Program END 

Create log file
2014-02-24 02:00:27Z tacttime_calcular_PMDT0ARRAY0A-PHOTO0AEXP End Program Start
2014-02-24 02:00:27Z tacttime_calcular_PMDT0ARRAY0A-PHOTO0AEXP End Program END 

Create log file
2014-02-24 02:00:30Z tacttime_calcular_mode_data Start Program Start
2014-02-24 02:00:30Z tacttime_calcular_mode_data Start Program END 

Create log file
2014-02-24 02:00:30Z tacttime_calcular_PMDT0ARRAY0A-PHOTO0AEXP End Program Start
2014-02-24 02:00:30Z tacttime_calcular_PMDT0ARRAY0A-PHOTO0AEXP End Program END 

Create log file
2014-02-24 02:00:33Z tacttime_calcular_mode_data Start Program Start
2014-02-24 02:00:33Z tacttime_calcular_mode_data Start Program END 

Create log file
2014-02-24 02:00:33Z tacttime_calcular_PMDT0ARRAY0A-PHOTO0AEXP End Program Start
2014-02-24 02:00:33Z tacttime_calcular_PMDT0ARRAY0A-PHOTO0AEXP End Program END 

Create log file
2014-02-24 02:00:34Z tacttime_calcular_mode_data Start Program Start
2014-02-24 02:00:34Z tacttime_calcular_mode_data Start Program END 

Create log file
2014-02-24 02:00:34Z tacttime_calcular_PMDT0ARRAY0A-PHOTO0AEXP End Program Start
2014-02-24 02:00:34Z tacttime_calcular_PMDT0ARRAY0A-PHOTO0AEXP End Program END 

Create log file
2014-02-24 02:00:34Z tacttime_calcular_mode_data Start Program Start
2014-02-24 02:00:34Z tacttime_calcular_mode_data Start Program END 

Create log file
2014-02-24 02:00:34Z tacttime_calcular_PMDT0ARRAY0A-PHOTO0AEXP End Program Start
2014-02-24 02:00:34Z tacttime_calcular_PMDT0ARRAY0A-PHOTO0AEXP End Program END 

Create log file
2014-02-24 02:00:35Z tacttime_calcular_mode_data Start Program Start
2014-02-24 02:00:35Z tacttime_calcular_mode_data Start Program END 

Create log file
2014-02-24 02:00:35Z tacttime_calcular_PMDT0ARRAY0A-PHOTO0AEXP End Program Start
2014-02-24 02:00:35Z tacttime_calcular_PMDT0ARRAY0A-PHOTO0AEXP End Program END 

Create log file
2014-02-24 02:00:48Z tacttime_calcular_mode_data Start Program Start
2014-02-24 02:00:48Z tacttime_calcular_mode_data Start Program END 

Create log file
2014-02-24 02:00:48Z tacttime_calcular_PMDT0ARRAY0A-PHOTO0AEXP End Program Start
2014-02-24 02:00:48Z tacttime_calcular_PMDT0ARRAY0A-PHOTO0AEXP End Program END 

Create log file
2014-02-24 02:00:56Z tacttime_calcular_mode_data Start Program Start
2014-02-24 02:00:56Z tacttime_calcular_mode_data Start Program END 

Create log file
2014-02-24 02:00:57Z tacttime_calcular_PMDT0ARRAY0A-PHOTO0AEXP End Program Start
2014-02-24 02:00:57Z tacttime_calcular_PMDT0ARRAY0A-PHOTO0AEXP End Program END 

Create log file
2014-02-24 02:01:00Z tacttime_calcular_mode_data Start Program Start
2014-02-24 02:01:00Z tacttime_calcular_mode_data Start Program END 

Create log file
2014-02-24 02:01:01Z tacttime_calcular_PMDT0ARRAY0A-PHOTO0AEXP End Program Start
2014-02-24 02:01:01Z tacttime_calcular_PMDT0ARRAY0A-PHOTO0AEXP End Program END 

Create log file
2014-02-24 02:01:01Z tacttime_calcular_mode_data Start Program Start
2014-02-24 02:01:01Z tacttime_calcular_mode_data Start Program END 

Create log file
2014-02-24 02:01:02Z tacttime_calcular_PMDT0ARRAY0A-PHOTO0AEXP End Program Start
2014-02-24 02:01:02Z tacttime_calcular_PMDT0ARRAY0A-PHOTO0AEXP End Program END 

Create log file
2014-02-24 02:01:04Z tacttime_calcular_mode_data Start Program Start
2014-02-24 02:01:04Z tacttime_calcular_mode_data Start Program END 

Create log file
2014-02-24 02:01:04Z tacttime_calcular_PMDT0ARRAY0A-PHOTO0AEXP End Program Start
2014-02-24 02:01:04Z tacttime_calcular_PMDT0ARRAY0A-PHOTO0AEXP End Program END 

Create log file
2014-02-24 02:01:08Z tacttime_calcular_mode_data Start Program Start
2014-02-24 02:01:08Z tacttime_calcular_mode_data Start Program END 

Create log file
2014-02-24 02:01:08Z tacttime_calcular_PMDT0ARRAY0A-PHOTO0AEXP End Program Start
2014-02-24 02:01:08Z tacttime_calcular_PMDT0ARRAY0A-PHOTO0AEXP End Program END 

Create log file
2014-02-24 02:01:09Z tacttime_calcular_mode_data Start Program Start
2014-02-24 02:01:09Z tacttime_calcular_mode_data Start Program END 

Create log file
2014-02-24 02:01:09Z tacttime_calcular_PMDT0ARRAY0A-PHOTO0AEXP End Program Start
2014-02-24 02:01:09Z tacttime_calcular_PMDT0ARRAY0A-PHOTO0AEXP End Program END 

Create log file
2014-02-24 02:01:16Z tacttime_calcular_mode_data Start Program Start
2014-02-24 02:01:16Z tacttime_calcular_mode_data Start Program END 

Create log file
2014-02-24 02:01:16Z tacttime_calcular_PMDT0ARRAY0A-PHOTO0AEXP End Program Start
2014-02-24 02:01:16Z tacttime_calcular_PMDT0ARRAY0A-PHOTO0AEXP End Program END 

Create log file
2014-02-24 02:01:19Z tacttime_calcular_mode_data Start Program Start
2014-02-24 02:01:19Z tacttime_calcular_mode_data Start Program END 

Create log file
2014-02-24 02:01:19Z tacttime_calcular_PMDT0ARRAY0A-PHOTO0AEXP End Program Start
2014-02-24 02:01:19Z tacttime_calcular_PMDT0ARRAY0A-PHOTO0AEXP End Program END 

Create log file
2014-02-24 02:01:23Z tacttime_calcular_mode_data Start Program Start
2014-02-24 02:01:23Z tacttime_calcular_mode_data Start Program END 

Create log file
2014-02-24 02:01:23Z tacttime_calcular_PMDT0ARRAY0A-PHOTO0AEXP End Program Start
2014-02-24 02:01:23Z tacttime_calcular_PMDT0ARRAY0A-PHOTO0AEXP End Program END 

Create log file
2014-02-24 02:01:23Z PP Tacttime  calcular_mode_data_T0ARRAY_0A-PHOTO_0AEXP0.95 start  Program Start
2014-02-24 02:01:23Z PP Tacttime  calcular_mode_data_T0ARRAY_0A-PHOTO_0AEXP0.95 start  Program END 

Create log file
2014-02-24 02:01:26Z PP Tacttime  calcular_mode_data_T0ARRAY_0A-PHOTO_0AEXP0.95 End  Program Start
2014-02-24 02:01:26Z PP Tacttime  calcular_mode_data_T0ARRAY_0A-PHOTO_0AEXP0.95 End  Program END 

Create log file
2014-02-24 02:01:45Z tacttime_calcular_mode_data Start Program Start
2014-02-24 02:01:45Z tacttime_calcular_mode_data Start Program END 

Create log file
2014-02-24 02:01:47Z tacttime_calcular_PMDT0ARRAY0A-PHOTO0ACOA End Program Start
2014-02-24 02:01:47Z tacttime_calcular_PMDT0ARRAY0A-PHOTO0ACOA End Program END 

Create log file
2014-02-24 02:01:51Z tacttime_calcular_mode_data Start Program Start
2014-02-24 02:01:51Z tacttime_calcular_mode_data Start Program END 

Create log file
2014-02-24 02:01:52Z tacttime_calcular_PMDT0ARRAY0A-PHOTO0ACOA End Program Start
2014-02-24 02:01:52Z tacttime_calcular_PMDT0ARRAY0A-PHOTO0ACOA End Program END 

Create log file
2014-02-24 02:02:03Z tacttime_calcular_mode_data Start Program Start
2014-02-24 02:02:03Z tacttime_calcular_mode_data Start Program END 

Create log file
2014-02-24 02:02:04Z tacttime_calcular_PMDT0ARRAY0A-PHOTO0ACOA End Program Start
2014-02-24 02:02:04Z tacttime_calcular_PMDT0ARRAY0A-PHOTO0ACOA End Program END 

Create log file
2014-02-24 02:02:05Z tacttime_calcular_mode_data Start Program Start
2014-02-24 02:02:05Z tacttime_calcular_mode_data Start Program END 

Create log file
2014-02-24 02:02:05Z tacttime_calcular_PMDT0ARRAY0A-PHOTO0ACOA End Program Start
2014-02-24 02:02:05Z tacttime_calcular_PMDT0ARRAY0A-PHOTO0ACOA End Program END 

Create log file
2014-02-24 02:02:11Z tacttime_calcular_mode_data Start Program Start
2014-02-24 02:02:11Z tacttime_calcular_mode_data Start Program END 

Create log file
2014-02-24 02:02:11Z tacttime_calcular_PMDT0ARRAY0A-PHOTO0ACOA End Program Start
2014-02-24 02:02:11Z tacttime_calcular_PMDT0ARRAY0A-PHOTO0ACOA End Program END 

Create log file
2014-02-24 02:02:12Z tacttime_calcular_mode_data Start Program Start
2014-02-24 02:02:12Z tacttime_calcular_mode_data Start Program END 

Create log file
2014-02-24 02:02:13Z tacttime_calcular_PMDT0ARRAY0A-PHOTO0ACOA End Program Start
2014-02-24 02:02:13Z tacttime_calcular_PMDT0ARRAY0A-PHOTO0ACOA End Program END 

Create log file
2014-02-24 02:02:15Z tacttime_calcular_mode_data Start Program Start
2014-02-24 02:02:15Z tacttime_calcular_mode_data Start Program END 

Create log file
2014-02-24 02:02:15Z tacttime_calcular_PMDT0ARRAY0A-PHOTO0ACOA End Program Start
2014-02-24 02:02:15Z tacttime_calcular_PMDT0ARRAY0A-PHOTO0ACOA End Program END 

Create log file
2014-02-24 02:02:16Z tacttime_calcular_mode_data Start Program Start
2014-02-24 02:02:16Z tacttime_calcular_mode_data Start Program END 

Create log file
2014-02-24 02:02:16Z tacttime_calcular_PMDT0ARRAY0A-PHOTO0ACOA End Program Start
2014-02-24 02:02:16Z tacttime_calcular_PMDT0ARRAY0A-PHOTO0ACOA End Program END 

Create log file
2014-02-24 02:02:25Z tacttime_calcular_mode_data Start Program Start
2014-02-24 02:02:25Z tacttime_calcular_mode_data Start Program END 

Create log file
2014-02-24 02:02:27Z tacttime_calcular_PMDT0ARRAY0A-PHOTO0ACOA End Program Start
2014-02-24 02:02:27Z tacttime_calcular_PMDT0ARRAY0A-PHOTO0ACOA End Program END 

Create log file
2014-02-24 02:02:34Z tacttime_calcular_mode_data Start Program Start
2014-02-24 02:02:34Z tacttime_calcular_mode_data Start Program END 

Create log file
2014-02-24 02:02:35Z tacttime_calcular_PMDT0ARRAY0A-PHOTO0ACOA End Program Start
2014-02-24 02:02:35Z tacttime_calcular_PMDT0ARRAY0A-PHOTO0ACOA End Program END 

Create log file
2014-02-24 02:02:36Z tacttime_calcular_mode_data Start Program Start
2014-02-24 02:02:36Z tacttime_calcular_mode_data Start Program END 

Create log file
2014-02-24 02:02:37Z tacttime_calcular_PMDT0ARRAY0A-PHOTO0ACOA End Program Start
2014-02-24 02:02:37Z tacttime_calcular_PMDT0ARRAY0A-PHOTO0ACOA End Program END 

Create log file
2014-02-24 02:02:56Z tacttime_calcular_mode_data Start Program Start
2014-02-24 02:02:56Z tacttime_calcular_mode_data Start Program END 

Create log file
2014-02-24 02:02:57Z tacttime_calcular_PMDT0ARRAY0A-PHOTO0ACOA End Program Start
2014-02-24 02:02:57Z tacttime_calcular_PMDT0ARRAY0A-PHOTO0ACOA End Program END 

Create log file
2014-02-24 02:03:14Z tacttime_calcular_mode_data Start Program Start
2014-02-24 02:03:14Z tacttime_calcular_mode_data Start Program END 

Create log file
2014-02-24 02:03:15Z tacttime_calcular_PMDT0ARRAY0A-PHOTO0ACOA End Program Start
2014-02-24 02:03:15Z tacttime_calcular_PMDT0ARRAY0A-PHOTO0ACOA End Program END 

Create log file
2014-02-24 02:03:15Z PP Tacttime  calcular_mode_data_T0ARRAY_0A-PHOTO_0ACOA0.95 start  Program Start
2014-02-24 02:03:15Z PP Tacttime  calcular_mode_data_T0ARRAY_0A-PHOTO_0ACOA0.95 start  Program END 

Create log file
2014-02-24 02:03:21Z PP Tacttime  calcular_mode_data_T0ARRAY_0A-PHOTO_0ACOA0.95 End  Program Start
2014-02-24 02:03:21Z PP Tacttime  calcular_mode_data_T0ARRAY_0A-PHOTO_0ACOA0.95 End  Program END 

Create log file
2014-02-24 02:03:41Z tacttime_calcular_mode_data Start Program Start
2014-02-24 02:03:41Z tacttime_calcular_mode_data Start Program END 

Create log file
2014-02-24 02:03:41Z tacttime_calcular_PMDT0ARRAY0A-ETCH0ASTR End Program Start
2014-02-24 02:03:41Z tacttime_calcular_PMDT0ARRAY0A-ETCH0ASTR End Program END 

Create log file
2014-02-24 02:03:57Z tacttime_calcular_mode_data Start Program Start
2014-02-24 02:03:57Z tacttime_calcular_mode_data Start Program END 

Create log file
2014-02-24 02:03:58Z tacttime_calcular_PMDT0ARRAY0A-ETCH0ASTR End Program Start
2014-02-24 02:03:58Z tacttime_calcular_PMDT0ARRAY0A-ETCH0ASTR End Program END 

Create log file
2014-02-24 02:04:04Z tacttime_calcular_mode_data Start Program Start
2014-02-24 02:04:04Z tacttime_calcular_mode_data Start Program END 

Create log file
2014-02-24 02:04:04Z tacttime_calcular_PMDT0ARRAY0A-ETCH0ASTR End Program Start
2014-02-24 02:04:04Z tacttime_calcular_PMDT0ARRAY0A-ETCH0ASTR End Program END 

Create log file
2014-02-24 02:04:18Z tacttime_calcular_mode_data Start Program Start
2014-02-24 02:04:18Z tacttime_calcular_mode_data Start Program END 

Create log file
2014-02-24 02:04:18Z tacttime_calcular_PMDT0ARRAY0A-ETCH0ASTR End Program Start
2014-02-24 02:04:18Z tacttime_calcular_PMDT0ARRAY0A-ETCH0ASTR End Program END 

Create log file
2014-02-24 02:05:02Z tacttime_calcular_mode_data Start Program Start
2014-02-24 02:05:02Z tacttime_calcular_mode_data Start Program END 

Create log file
2014-02-24 02:05:02Z tacttime_calcular_PMDT0ARRAY0A-ETCH0ASTR End Program Start
2014-02-24 02:05:02Z tacttime_calcular_PMDT0ARRAY0A-ETCH0ASTR End Program END 

Create log file
2014-02-24 02:05:02Z PP Tacttime  calcular_mode_data_T0ARRAY_0A-ETCH_0ASTR0.95 start  Program Start
2014-02-24 02:05:02Z PP Tacttime  calcular_mode_data_T0ARRAY_0A-ETCH_0ASTR0.95 start  Program END 

Create log file
2014-02-24 02:05:03Z PP Tacttime  calcular_mode_data_T0ARRAY_0A-ETCH_0ASTR0.95 End  Program Start
2014-02-24 02:05:03Z PP Tacttime  calcular_mode_data_T0ARRAY_0A-ETCH_0ASTR0.95 End  Program END 

Create log file
2014-02-24 02:05:11Z tacttime_calcular_mode_data Start Program Start
2014-02-24 02:05:11Z tacttime_calcular_mode_data Start Program END 

Create log file
2014-02-24 02:05:12Z tacttime_calcular_PMDT0ARRAY0A-PHOTO0ADEV End Program Start
2014-02-24 02:05:12Z tacttime_calcular_PMDT0ARRAY0A-PHOTO0ADEV End Program END 

Create log file
2014-02-24 02:05:16Z tacttime_calcular_mode_data Start Program Start
2014-02-24 02:05:16Z tacttime_calcular_mode_data Start Program END 

Create log file
2014-02-24 02:05:17Z tacttime_calcular_PMDT0ARRAY0A-PHOTO0ADEV End Program Start
2014-02-24 02:05:17Z tacttime_calcular_PMDT0ARRAY0A-PHOTO0ADEV End Program END 

Create log file
2014-02-24 02:05:20Z tacttime_calcular_mode_data Start Program Start
2014-02-24 02:05:20Z tacttime_calcular_mode_data Start Program END 

Create log file
2014-02-24 02:05:20Z tacttime_calcular_PMDT0ARRAY0A-PHOTO0ADEV End Program Start
2014-02-24 02:05:20Z tacttime_calcular_PMDT0ARRAY0A-PHOTO0ADEV End Program END 

Create log file
2014-02-24 02:05:26Z tacttime_calcular_mode_data Start Program Start
2014-02-24 02:05:26Z tacttime_calcular_mode_data Start Program END 

Create log file
2014-02-24 02:05:26Z tacttime_calcular_PMDT0ARRAY0A-PHOTO0ADEV End Program Start
2014-02-24 02:05:26Z tacttime_calcular_PMDT0ARRAY0A-PHOTO0ADEV End Program END 

Create log file
2014-02-24 02:05:36Z tacttime_calcular_mode_data Start Program Start
2014-02-24 02:05:36Z tacttime_calcular_mode_data Start Program END 

Create log file
2014-02-24 02:05:36Z tacttime_calcular_PMDT0ARRAY0A-PHOTO0ADEV End Program Start
2014-02-24 02:05:36Z tacttime_calcular_PMDT0ARRAY0A-PHOTO0ADEV End Program END 

Create log file
2014-02-24 02:05:42Z tacttime_calcular_mode_data Start Program Start
2014-02-24 02:05:42Z tacttime_calcular_mode_data Start Program END 

Create log file
2014-02-24 02:05:43Z tacttime_calcular_PMDT0ARRAY0A-PHOTO0ADEV End Program Start
2014-02-24 02:05:43Z tacttime_calcular_PMDT0ARRAY0A-PHOTO0ADEV End Program END 

Create log file
2014-02-24 02:05:47Z tacttime_calcular_mode_data Start Program Start
2014-02-24 02:05:47Z tacttime_calcular_mode_data Start Program END 

Create log file
2014-02-24 02:05:48Z tacttime_calcular_PMDT0ARRAY0A-PHOTO0ADEV End Program Start
2014-02-24 02:05:48Z tacttime_calcular_PMDT0ARRAY0A-PHOTO0ADEV End Program END 

Create log file
2014-02-24 02:05:52Z tacttime_calcular_mode_data Start Program Start
2014-02-24 02:05:52Z tacttime_calcular_mode_data Start Program END 

Create log file
2014-02-24 02:05:53Z tacttime_calcular_PMDT0ARRAY0A-PHOTO0ADEV End Program Start
2014-02-24 02:05:53Z tacttime_calcular_PMDT0ARRAY0A-PHOTO0ADEV End Program END 

Create log file
2014-02-24 02:06:03Z tacttime_calcular_mode_data Start Program Start
2014-02-24 02:06:03Z tacttime_calcular_mode_data Start Program END 

Create log file
2014-02-24 02:06:04Z tacttime_calcular_PMDT0ARRAY0A-PHOTO0ADEV End Program Start
2014-02-24 02:06:04Z tacttime_calcular_PMDT0ARRAY0A-PHOTO0ADEV End Program END 

Create log file
2014-02-24 02:06:28Z tacttime_calcular_mode_data Start Program Start
2014-02-24 02:06:28Z tacttime_calcular_mode_data Start Program END 

Create log file
2014-02-24 02:06:30Z tacttime_calcular_PMDT0ARRAY0A-PHOTO0ADEV End Program Start
2014-02-24 02:06:30Z tacttime_calcular_PMDT0ARRAY0A-PHOTO0ADEV End Program END 

Create log file
2014-02-24 02:06:39Z tacttime_calcular_mode_data Start Program Start
2014-02-24 02:06:39Z tacttime_calcular_mode_data Start Program END 

Create log file
2014-02-24 02:06:40Z tacttime_calcular_PMDT0ARRAY0A-PHOTO0ADEV End Program Start
2014-02-24 02:06:40Z tacttime_calcular_PMDT0ARRAY0A-PHOTO0ADEV End Program END 

Create log file
2014-02-24 02:06:41Z tacttime_calcular_mode_data Start Program Start
2014-02-24 02:06:41Z tacttime_calcular_mode_data Start Program END 

Create log file
2014-02-24 02:06:42Z tacttime_calcular_PMDT0ARRAY0A-PHOTO0ADEV End Program Start
2014-02-24 02:06:42Z tacttime_calcular_PMDT0ARRAY0A-PHOTO0ADEV End Program END 

Create log file
2014-02-24 02:06:43Z tacttime_calcular_mode_data Start Program Start
2014-02-24 02:06:43Z tacttime_calcular_mode_data Start Program END 

Create log file
2014-02-24 02:06:43Z tacttime_calcular_PMDT0ARRAY0A-PHOTO0ADEV End Program Start
2014-02-24 02:06:43Z tacttime_calcular_PMDT0ARRAY0A-PHOTO0ADEV End Program END 

Create log file
2014-02-24 02:06:52Z tacttime_calcular_mode_data Start Program Start
2014-02-24 02:06:52Z tacttime_calcular_mode_data Start Program END 

Create log file
2014-02-24 02:06:53Z tacttime_calcular_PMDT0ARRAY0A-PHOTO0ADEV End Program Start
2014-02-24 02:06:53Z tacttime_calcular_PMDT0ARRAY0A-PHOTO0ADEV End Program END 

Create log file
2014-02-24 02:06:54Z tacttime_calcular_mode_data Start Program Start
2014-02-24 02:06:54Z tacttime_calcular_mode_data Start Program END 

Create log file
2014-02-24 02:06:54Z tacttime_calcular_PMDT0ARRAY0A-PHOTO0ADEV End Program Start
2014-02-24 02:06:54Z tacttime_calcular_PMDT0ARRAY0A-PHOTO0ADEV End Program END 

Create log file
2014-02-24 02:06:54Z tacttime_calcular_mode_data Start Program Start
2014-02-24 02:06:54Z tacttime_calcular_mode_data Start Program END 

Create log file
2014-02-24 02:06:55Z tacttime_calcular_PMDT0ARRAY0A-PHOTO0ADEV End Program Start
2014-02-24 02:06:55Z tacttime_calcular_PMDT0ARRAY0A-PHOTO0ADEV End Program END 

Create log file
2014-02-24 02:06:56Z tacttime_calcular_mode_data Start Program Start
2014-02-24 02:06:56Z tacttime_calcular_mode_data Start Program END 

Create log file
2014-02-24 02:06:57Z tacttime_calcular_PMDT0ARRAY0A-PHOTO0ADEV End Program Start
2014-02-24 02:06:57Z tacttime_calcular_PMDT0ARRAY0A-PHOTO0ADEV End Program END 

Create log file
2014-02-24 02:07:01Z tacttime_calcular_mode_data Start Program Start
2014-02-24 02:07:01Z tacttime_calcular_mode_data Start Program END 

Create log file
2014-02-24 02:07:01Z tacttime_calcular_PMDT0ARRAY0A-PHOTO0ADEV End Program Start
2014-02-24 02:07:01Z tacttime_calcular_PMDT0ARRAY0A-PHOTO0ADEV End Program END 

Create log file
2014-02-24 02:07:05Z tacttime_calcular_mode_data Start Program Start
2014-02-24 02:07:05Z tacttime_calcular_mode_data Start Program END 

Create log file
2014-02-24 02:07:05Z tacttime_calcular_PMDT0ARRAY0A-PHOTO0ADEV End Program Start
2014-02-24 02:07:05Z tacttime_calcular_PMDT0ARRAY0A-PHOTO0ADEV End Program END 

Create log file
2014-02-24 02:07:05Z PP Tacttime  calcular_mode_data_T0ARRAY_0A-PHOTO_0ADEV0.95 start  Program Start
2014-02-24 02:07:05Z PP Tacttime  calcular_mode_data_T0ARRAY_0A-PHOTO_0ADEV0.95 start  Program END 

Create log file
2014-02-24 02:07:10Z PP Tacttime  calcular_mode_data_T0ARRAY_0A-PHOTO_0ADEV0.95 End  Program Start
2014-02-24 02:07:10Z PP Tacttime  calcular_mode_data_T0ARRAY_0A-PHOTO_0ADEV0.95 End  Program END 

Create log file
2014-02-24 03:00:12Z tacttime_calcular_mode_data Start Program Start
2014-02-24 03:00:12Z tacttime_calcular_mode_data Start Program END 

Create log file
2014-02-24 03:00:13Z tacttime_calcular_PMDT0ARRAY0A-TF0AANO End Program Start
2014-02-24 03:00:13Z tacttime_calcular_PMDT0ARRAY0A-TF0AANO End Program END 

Create log file
2014-02-24 03:00:13Z PP Tacttime  calcular_mode_data_T0ARRAY_0A-TF_0AANO0.95 start  Program Start
2014-02-24 03:00:13Z PP Tacttime  calcular_mode_data_T0ARRAY_0A-TF_0AANO0.95 start  Program END 

Create log file
2014-02-24 03:00:13Z PP Tacttime  calcular_mode_data_T0ARRAY_0A-TF_0AANO0.95 End  Program Start
2014-02-24 03:00:13Z PP Tacttime  calcular_mode_data_T0ARRAY_0A-TF_0AANO0.95 End  Program END 

Create log file
2014-02-24 03:00:25Z tacttime_calcular_mode_data Start Program Start
2014-02-24 03:00:25Z tacttime_calcular_mode_data Start Program END 

Create log file
2014-02-24 03:00:26Z tacttime_calcular_PMDT0ARRAY0A-ETCH0ADET End Program Start
2014-02-24 03:00:26Z tacttime_calcular_PMDT0ARRAY0A-ETCH0ADET End Program END 

Create log file
2014-02-24 03:00:28Z tacttime_calcular_mode_data Start Program Start
2014-02-24 03:00:28Z tacttime_calcular_mode_data Start Program END 

Create log file
2014-02-24 03:00:28Z tacttime_calcular_PMDT0ARRAY0A-ETCH0ADET End Program Start
2014-02-24 03:00:28Z tacttime_calcular_PMDT0ARRAY0A-ETCH0ADET End Program END 

Create log file
2014-02-24 03:00:31Z tacttime_calcular_mode_data Start Program Start
2014-02-24 03:00:31Z tacttime_calcular_mode_data Start Program END 

Create log file
2014-02-24 03:00:32Z tacttime_calcular_PMDT0ARRAY0A-ETCH0ADET End Program Start
2014-02-24 03:00:32Z tacttime_calcular_PMDT0ARRAY0A-ETCH0ADET End Program END 

Create log file
2014-02-24 03:00:39Z tacttime_calcular_mode_data Start Program Start
2014-02-24 03:00:39Z tacttime_calcular_mode_data Start Program END 

Create log file
2014-02-24 03:00:40Z tacttime_calcular_PMDT0ARRAY0A-ETCH0ADET End Program Start
2014-02-24 03:00:40Z tacttime_calcular_PMDT0ARRAY0A-ETCH0ADET End Program END 

Create log file
2014-02-24 03:00:41Z tacttime_calcular_mode_data Start Program Start
2014-02-24 03:00:41Z tacttime_calcular_mode_data Start Program END 

Create log file
2014-02-24 03:00:41Z tacttime_calcular_PMDT0ARRAY0A-ETCH0ADET End Program Start
2014-02-24 03:00:41Z tacttime_calcular_PMDT0ARRAY0A-ETCH0ADET End Program END 

Create log file
2014-02-24 03:00:49Z tacttime_calcular_mode_data Start Program Start
2014-02-24 03:00:49Z tacttime_calcular_mode_data Start Program END 

Create log file
2014-02-24 03:00:50Z tacttime_calcular_PMDT0ARRAY0A-ETCH0ADET End Program Start
2014-02-24 03:00:50Z tacttime_calcular_PMDT0ARRAY0A-ETCH0ADET End Program END 

Create log file
2014-02-24 03:00:50Z tacttime_calcular_mode_data Start Program Start
2014-02-24 03:00:50Z tacttime_calcular_mode_data Start Program END 

Create log file
2014-02-24 03:00:50Z tacttime_calcular_PMDT0ARRAY0A-ETCH0ADET End Program Start
2014-02-24 03:00:50Z tacttime_calcular_PMDT0ARRAY0A-ETCH0ADET End Program END 

Create log file
2014-02-24 03:00:51Z tacttime_calcular_mode_data Start Program Start
2014-02-24 03:00:51Z tacttime_calcular_mode_data Start Program END 

Create log file
2014-02-24 03:00:52Z tacttime_calcular_PMDT0ARRAY0A-ETCH0ADET End Program Start
2014-02-24 03:00:52Z tacttime_calcular_PMDT0ARRAY0A-ETCH0ADET End Program END 

Create log file
2014-02-24 03:00:55Z tacttime_calcular_mode_data Start Program Start
2014-02-24 03:00:55Z tacttime_calcular_mode_data Start Program END 

Create log file
2014-02-24 03:00:55Z tacttime_calcular_PMDT0ARRAY0A-ETCH0ADET End Program Start
2014-02-24 03:00:55Z tacttime_calcular_PMDT0ARRAY0A-ETCH0ADET End Program END 

Create log file
2014-02-24 03:00:55Z PP Tacttime  calcular_mode_data_T0ARRAY_0A-ETCH_0ADET0.95 start  Program Start
2014-02-24 03:00:55Z PP Tacttime  calcular_mode_data_T0ARRAY_0A-ETCH_0ADET0.95 start  Program END 

Create log file
2014-02-24 03:00:58Z PP Tacttime  calcular_mode_data_T0ARRAY_0A-ETCH_0ADET0.95 End  Program Start
2014-02-24 03:00:58Z PP Tacttime  calcular_mode_data_T0ARRAY_0A-ETCH_0ADET0.95 End  Program END 

Create log file
2014-02-24 03:01:04Z tacttime_calcular_mode_data Start Program Start
2014-02-24 03:01:04Z tacttime_calcular_mode_data Start Program END 

Create log file
2014-02-24 03:01:05Z tacttime_calcular_PMDT0ARRAY0A-PHOTO0AORO End Program Start
2014-02-24 03:01:05Z tacttime_calcular_PMDT0ARRAY0A-PHOTO0AORO End Program END 

Create log file
2014-02-24 03:01:12Z tacttime_calcular_mode_data Start Program Start
2014-02-24 03:01:12Z tacttime_calcular_mode_data Start Program END 

Create log file
2014-02-24 03:01:12Z tacttime_calcular_PMDT0ARRAY0A-PHOTO0AORO End Program Start
2014-02-24 03:01:12Z tacttime_calcular_PMDT0ARRAY0A-PHOTO0AORO End Program END 

Create log file
2014-02-24 03:01:18Z tacttime_calcular_mode_data Start Program Start
2014-02-24 03:01:18Z tacttime_calcular_mode_data Start Program END 

Create log file
2014-02-24 03:01:19Z tacttime_calcular_PMDT0ARRAY0A-PHOTO0AORO End Program Start
2014-02-24 03:01:19Z tacttime_calcular_PMDT0ARRAY0A-PHOTO0AORO End Program END 

Create log file
2014-02-24 03:01:20Z tacttime_calcular_mode_data Start Program Start
2014-02-24 03:01:20Z tacttime_calcular_mode_data Start Program END 

Create log file
2014-02-24 03:01:20Z tacttime_calcular_PMDT0ARRAY0A-PHOTO0AORO End Program Start
2014-02-24 03:01:20Z tacttime_calcular_PMDT0ARRAY0A-PHOTO0AORO End Program END 

Create log file
2014-02-24 03:01:21Z tacttime_calcular_mode_data Start Program Start
2014-02-24 03:01:21Z tacttime_calcular_mode_data Start Program END 

Create log file
2014-02-24 03:01:21Z tacttime_calcular_PMDT0ARRAY0A-PHOTO0AORO End Program Start
2014-02-24 03:01:21Z tacttime_calcular_PMDT0ARRAY0A-PHOTO0AORO End Program END 

Create log file
2014-02-24 03:01:21Z PP Tacttime  calcular_mode_data_T0ARRAY_0A-PHOTO_0AORO0.95 start  Program Start
2014-02-24 03:01:21Z PP Tacttime  calcular_mode_data_T0ARRAY_0A-PHOTO_0AORO0.95 start  Program END 

Create log file
2014-02-24 03:01:23Z PP Tacttime  calcular_mode_data_T0ARRAY_0A-PHOTO_0AORO0.95 End  Program Start
2014-02-24 03:01:23Z PP Tacttime  calcular_mode_data_T0ARRAY_0A-PHOTO_0AORO0.95 End  Program END 

Create log file
2014-02-24 03:01:29Z tacttime_calcular_mode_data Start Program Start
2014-02-24 03:01:29Z tacttime_calcular_mode_data Start Program END 

Create log file
2014-02-24 03:01:29Z tacttime_calcular_PMDT0ARRAY0A-TF0ACVD End Program Start
2014-02-24 03:01:29Z tacttime_calcular_PMDT0ARRAY0A-TF0ACVD End Program END 

Create log file
2014-02-24 03:01:32Z tacttime_calcular_mode_data Start Program Start
2014-02-24 03:01:32Z tacttime_calcular_mode_data Start Program END 

Create log file
2014-02-24 03:01:33Z tacttime_calcular_PMDT0ARRAY0A-TF0ACVD End Program Start
2014-02-24 03:01:33Z tacttime_calcular_PMDT0ARRAY0A-TF0ACVD End Program END 

Create log file
2014-02-24 03:01:38Z tacttime_calcular_mode_data Start Program Start
2014-02-24 03:01:38Z tacttime_calcular_mode_data Start Program END 

Create log file
2014-02-24 03:01:39Z tacttime_calcular_PMDT0ARRAY0A-TF0ACVD End Program Start
2014-02-24 03:01:39Z tacttime_calcular_PMDT0ARRAY0A-TF0ACVD End Program END 

Create log file
2014-02-24 03:01:40Z tacttime_calcular_mode_data Start Program Start
2014-02-24 03:01:40Z tacttime_calcular_mode_data Start Program END 

Create log file
2014-02-24 03:01:40Z tacttime_calcular_PMDT0ARRAY0A-TF0ACVD End Program Start
2014-02-24 03:01:40Z tacttime_calcular_PMDT0ARRAY0A-TF0ACVD End Program END 

Create log file
2014-02-24 03:01:47Z tacttime_calcular_mode_data Start Program Start
2014-02-24 03:01:47Z tacttime_calcular_mode_data Start Program END 

Create log file
2014-02-24 03:01:48Z tacttime_calcular_PMDT0ARRAY0A-TF0ACVD End Program Start
2014-02-24 03:01:48Z tacttime_calcular_PMDT0ARRAY0A-TF0ACVD End Program END 

Create log file
2014-02-24 03:01:57Z tacttime_calcular_mode_data Start Program Start
2014-02-24 03:01:57Z tacttime_calcular_mode_data Start Program END 

Create log file
2014-02-24 03:01:58Z tacttime_calcular_PMDT0ARRAY0A-TF0ACVD End Program Start
2014-02-24 03:01:58Z tacttime_calcular_PMDT0ARRAY0A-TF0ACVD End Program END 

Create log file
2014-02-24 03:01:58Z PP Tacttime  calcular_mode_data_T0ARRAY_0A-TF_0ACVD1 start  Program Start
2014-02-24 03:01:58Z PP Tacttime  calcular_mode_data_T0ARRAY_0A-TF_0ACVD1 start  Program END 

Create log file
2014-02-24 03:02:02Z PP Tacttime  calcular_mode_data_T0ARRAY_0A-TF_0ACVD1 End  Program Start
2014-02-24 03:02:02Z PP Tacttime  calcular_mode_data_T0ARRAY_0A-TF_0ACVD1 End  Program END 

Create log file
2014-02-24 04:00:07Z tacttime_calcular_mode_data Start Program Start
2014-02-24 04:00:07Z tacttime_calcular_mode_data Start Program END 

Create log file
2014-02-24 04:00:09Z tacttime_calcular_PMDT0ARRAY0A-TDTEST0ATES End Program Start
2014-02-24 04:00:09Z tacttime_calcular_PMDT0ARRAY0A-TDTEST0ATES End Program END 

Create log file
2014-02-24 04:00:09Z PP Tacttime  calcular_mode_data_T0ARRAY_0A-TDTEST_0ATES0.95 start  Program Start
2014-02-24 04:00:09Z PP Tacttime  calcular_mode_data_T0ARRAY_0A-TDTEST_0ATES0.95 start  Program END 

Create log file
2014-02-24 04:00:10Z PP Tacttime  calcular_mode_data_T0ARRAY_0A-TDTEST_0ATES0.95 End  Program Start
2014-02-24 04:00:10Z PP Tacttime  calcular_mode_data_T0ARRAY_0A-TDTEST_0ATES0.95 End  Program END 

Create log file
2014-02-24 04:00:21Z tacttime_calcular_mode_data Start Program Start
2014-02-24 04:00:21Z tacttime_calcular_mode_data Start Program END 

Create log file
2014-02-24 04:00:23Z tacttime_calcular_PMDT0ARRAY0A-TDTEST0ALSR End Program Start
2014-02-24 04:00:23Z tacttime_calcular_PMDT0ARRAY0A-TDTEST0ALSR End Program END 

Create log file
2014-02-24 04:00:24Z tacttime_calcular_mode_data Start Program Start
2014-02-24 04:00:24Z tacttime_calcular_mode_data Start Program END 

Create log file
2014-02-24 04:00:25Z tacttime_calcular_PMDT0ARRAY0A-TDTEST0ALSR End Program Start
2014-02-24 04:00:25Z tacttime_calcular_PMDT0ARRAY0A-TDTEST0ALSR End Program END 

Create log file
2014-02-24 04:00:25Z PP Tacttime  calcular_mode_data_T0ARRAY_0A-TDTEST_0ALSR0.95 start  Program Start
2014-02-24 04:00:25Z PP Tacttime  calcular_mode_data_T0ARRAY_0A-TDTEST_0ALSR0.95 start  Program END 

Create log file
2014-02-24 04:00:28Z PP Tacttime  calcular_mode_data_T0ARRAY_0A-TDTEST_0ALSR0.95 End  Program Start
2014-02-24 04:00:28Z PP Tacttime  calcular_mode_data_T0ARRAY_0A-TDTEST_0ALSR0.95 End  Program END 

