Create log file
2014-01-27 01:00:29Z tacttime_calcular_mode_data Start Program Start
2014-01-27 01:00:29Z tacttime_calcular_mode_data Start Program END 

Create log file
2014-01-27 01:00:31Z tacttime_calcular_PMDT0ARRAY0A-PHOTO0AORO End Program Start
2014-01-27 01:00:31Z tacttime_calcular_PMDT0ARRAY0A-PHOTO0AORO End Program END 

Create log file
2014-01-27 01:00:36Z tacttime_calcular_mode_data Start Program Start
2014-01-27 01:00:36Z tacttime_calcular_mode_data Start Program END 

Create log file
2014-01-27 01:00:37Z tacttime_calcular_PMDT0ARRAY0A-PHOTO0AORO End Program Start
2014-01-27 01:00:37Z tacttime_calcular_PMDT0ARRAY0A-PHOTO0AORO End Program END 

Create log file
2014-01-27 01:00:38Z tacttime_calcular_mode_data Start Program Start
2014-01-27 01:00:38Z tacttime_calcular_mode_data Start Program END 

Create log file
2014-01-27 01:00:39Z tacttime_calcular_PMDT0ARRAY0A-PHOTO0AORO End Program Start
2014-01-27 01:00:39Z tacttime_calcular_PMDT0ARRAY0A-PHOTO0AORO End Program END 

Create log file
2014-01-27 01:00:39Z PP Tacttime  calcular_mode_data_T0ARRAY_0A-PHOTO_0AORO0.95 start  Program Start
2014-01-27 01:00:39Z PP Tacttime  calcular_mode_data_T0ARRAY_0A-PHOTO_0AORO0.95 start  Program END 

Create log file
2014-01-27 01:00:40Z PP Tacttime  calcular_mode_data_T0ARRAY_0A-PHOTO_0AORO0.95 End  Program Start
2014-01-27 01:00:40Z PP Tacttime  calcular_mode_data_T0ARRAY_0A-PHOTO_0AORO0.95 End  Program END 

Create log file
2014-01-27 02:00:27Z tacttime_calcular_mode_data Start Program Start
2014-01-27 02:00:27Z tacttime_calcular_mode_data Start Program END 

Create log file
2014-01-27 02:00:29Z tacttime_calcular_PMDT0ARRAY0A-PHOTO0AORO End Program Start
2014-01-27 02:00:29Z tacttime_calcular_PMDT0ARRAY0A-PHOTO0AORO End Program END 

Create log file
2014-01-27 02:00:34Z tacttime_calcular_mode_data Start Program Start
2014-01-27 02:00:34Z tacttime_calcular_mode_data Start Program END 

Create log file
2014-01-27 02:00:35Z tacttime_calcular_PMDT0ARRAY0A-PHOTO0AORO End Program Start
2014-01-27 02:00:35Z tacttime_calcular_PMDT0ARRAY0A-PHOTO0AORO End Program END 

Create log file
2014-01-27 02:00:36Z tacttime_calcular_mode_data Start Program Start
2014-01-27 02:00:36Z tacttime_calcular_mode_data Start Program END 

Create log file
2014-01-27 02:00:37Z tacttime_calcular_PMDT0ARRAY0A-PHOTO0AORO End Program Start
2014-01-27 02:00:37Z tacttime_calcular_PMDT0ARRAY0A-PHOTO0AORO End Program END 

Create log file
2014-01-27 02:00:37Z PP Tacttime  calcular_mode_data_T0ARRAY_0A-PHOTO_0AORO0.95 start  Program Start
2014-01-27 02:00:37Z PP Tacttime  calcular_mode_data_T0ARRAY_0A-PHOTO_0AORO0.95 start  Program END 

Create log file
2014-01-27 02:00:38Z PP Tacttime  calcular_mode_data_T0ARRAY_0A-PHOTO_0AORO0.95 End  Program Start
2014-01-27 02:00:38Z PP Tacttime  calcular_mode_data_T0ARRAY_0A-PHOTO_0AORO0.95 End  Program END 

Create log file
2014-01-27 03:00:27Z tacttime_calcular_mode_data Start Program Start
2014-01-27 03:00:27Z tacttime_calcular_mode_data Start Program END 

Create log file
2014-01-27 03:00:30Z tacttime_calcular_PMDT0ARRAY0A-PHOTO0AORO End Program Start
2014-01-27 03:00:30Z tacttime_calcular_PMDT0ARRAY0A-PHOTO0AORO End Program END 

Create log file
2014-01-27 03:00:35Z tacttime_calcular_mode_data Start Program Start
2014-01-27 03:00:35Z tacttime_calcular_mode_data Start Program END 

Create log file
2014-01-27 03:00:36Z tacttime_calcular_PMDT0ARRAY0A-PHOTO0AORO End Program Start
2014-01-27 03:00:36Z tacttime_calcular_PMDT0ARRAY0A-PHOTO0AORO End Program END 

Create log file
2014-01-27 03:00:37Z tacttime_calcular_mode_data Start Program Start
2014-01-27 03:00:37Z tacttime_calcular_mode_data Start Program END 

Create log file
2014-01-27 03:00:38Z tacttime_calcular_PMDT0ARRAY0A-PHOTO0AORO End Program Start
2014-01-27 03:00:38Z tacttime_calcular_PMDT0ARRAY0A-PHOTO0AORO End Program END 

Create log file
2014-01-27 03:00:38Z PP Tacttime  calcular_mode_data_T0ARRAY_0A-PHOTO_0AORO0.95 start  Program Start
2014-01-27 03:00:38Z PP Tacttime  calcular_mode_data_T0ARRAY_0A-PHOTO_0AORO0.95 start  Program END 

Create log file
2014-01-27 03:00:39Z PP Tacttime  calcular_mode_data_T0ARRAY_0A-PHOTO_0AORO0.95 End  Program Start
2014-01-27 03:00:39Z PP Tacttime  calcular_mode_data_T0ARRAY_0A-PHOTO_0AORO0.95 End  Program END 

Create log file
2014-01-27 04:00:27Z tacttime_calcular_mode_data Start Program Start
2014-01-27 04:00:27Z tacttime_calcular_mode_data Start Program END 

Create log file
2014-01-27 04:00:29Z tacttime_calcular_PMDT0ARRAY0A-PHOTO0AORO End Program Start
2014-01-27 04:00:29Z tacttime_calcular_PMDT0ARRAY0A-PHOTO0AORO End Program END 

Create log file
2014-01-27 04:00:34Z tacttime_calcular_mode_data Start Program Start
2014-01-27 04:00:34Z tacttime_calcular_mode_data Start Program END 

Create log file
2014-01-27 04:00:34Z tacttime_calcular_PMDT0ARRAY0A-PHOTO0AORO End Program Start
2014-01-27 04:00:34Z tacttime_calcular_PMDT0ARRAY0A-PHOTO0AORO End Program END 

Create log file
2014-01-27 04:00:35Z tacttime_calcular_mode_data Start Program Start
2014-01-27 04:00:35Z tacttime_calcular_mode_data Start Program END 

Create log file
2014-01-27 04:00:36Z tacttime_calcular_PMDT0ARRAY0A-PHOTO0AORO End Program Start
2014-01-27 04:00:36Z tacttime_calcular_PMDT0ARRAY0A-PHOTO0AORO End Program END 

Create log file
2014-01-27 04:00:36Z PP Tacttime  calcular_mode_data_T0ARRAY_0A-PHOTO_0AORO0.95 start  Program Start
2014-01-27 04:00:36Z PP Tacttime  calcular_mode_data_T0ARRAY_0A-PHOTO_0AORO0.95 start  Program END 

Create log file
2014-01-27 04:00:37Z PP Tacttime  calcular_mode_data_T0ARRAY_0A-PHOTO_0AORO0.95 End  Program Start
2014-01-27 04:00:37Z PP Tacttime  calcular_mode_data_T0ARRAY_0A-PHOTO_0AORO0.95 End  Program END 

Create log file
2014-01-27 08:38:36Z tacttime_calcular_mode_data Start Program Start
2014-01-27 08:38:36Z tacttime_calcular_mode_data Start Program END 

Create log file
2014-01-27 08:38:38Z tacttime_calcular_PMDT0ARRAY0A-PHOTO0AORO End Program Start
2014-01-27 08:38:38Z tacttime_calcular_PMDT0ARRAY0A-PHOTO0AORO End Program END 

Create log file
2014-01-27 08:38:43Z tacttime_calcular_mode_data Start Program Start
2014-01-27 08:38:43Z tacttime_calcular_mode_data Start Program END 

Create log file
2014-01-27 08:38:43Z tacttime_calcular_PMDT0ARRAY0A-PHOTO0AORO End Program Start
2014-01-27 08:38:43Z tacttime_calcular_PMDT0ARRAY0A-PHOTO0AORO End Program END 

Create log file
2014-01-27 08:38:45Z tacttime_calcular_mode_data Start Program Start
2014-01-27 08:38:45Z tacttime_calcular_mode_data Start Program END 

Create log file
2014-01-27 08:38:45Z tacttime_calcular_PMDT0ARRAY0A-PHOTO0AORO End Program Start
2014-01-27 08:38:45Z tacttime_calcular_PMDT0ARRAY0A-PHOTO0AORO End Program END 

Create log file
2014-01-27 08:38:45Z PP Tacttime  calcular_mode_data_T0ARRAY_0A-PHOTO_0AORO0.95 start  Program Start
2014-01-27 08:38:45Z PP Tacttime  calcular_mode_data_T0ARRAY_0A-PHOTO_0AORO0.95 start  Program END 

Create log file
2014-01-27 08:38:46Z PP Tacttime  calcular_mode_data_T0ARRAY_0A-PHOTO_0AORO0.95 End  Program Start
2014-01-27 08:38:46Z PP Tacttime  calcular_mode_data_T0ARRAY_0A-PHOTO_0AORO0.95 End  Program END 

Create log file
2014-01-27 08:51:40Z tacttime_calcular_mode_data Start Program Start
2014-01-27 08:51:40Z tacttime_calcular_mode_data Start Program END 

Create log file
2014-01-27 08:51:41Z tacttime_calcular_PMDT0ARRAY0A-TDTEST0ALSR End Program Start
2014-01-27 08:51:41Z tacttime_calcular_PMDT0ARRAY0A-TDTEST0ALSR End Program END 

Create log file
2014-01-27 08:51:56Z tacttime_calcular_mode_data Start Program Start
2014-01-27 08:51:56Z tacttime_calcular_mode_data Start Program END 

Create log file
2014-01-27 08:52:03Z tacttime_calcular_PMDT0ARRAY0A-TDTEST0ALSR End Program Start
2014-01-27 08:52:03Z tacttime_calcular_PMDT0ARRAY0A-TDTEST0ALSR End Program END 

Create log file
2014-01-27 08:52:03Z PP Tacttime  calcular_mode_data_T0ARRAY_0A-TDTEST_0ALSR0.95 start  Program Start
2014-01-27 08:52:03Z PP Tacttime  calcular_mode_data_T0ARRAY_0A-TDTEST_0ALSR0.95 start  Program END 

Create log file
2014-01-27 08:52:07Z PP Tacttime  calcular_mode_data_T0ARRAY_0A-TDTEST_0ALSR0.95 End  Program Start
2014-01-27 08:52:07Z PP Tacttime  calcular_mode_data_T0ARRAY_0A-TDTEST_0ALSR0.95 End  Program END 

Create log file
2014-01-27 08:52:42Z tacttime_calcular_mode_data Start Program Start
2014-01-27 08:52:42Z tacttime_calcular_mode_data Start Program END 

Create log file
2014-01-27 08:52:43Z tacttime_calcular_PMDT0ARRAY0A-TDTEST0ATES End Program Start
2014-01-27 08:52:43Z tacttime_calcular_PMDT0ARRAY0A-TDTEST0ATES End Program END 

Create log file
2014-01-27 08:52:43Z PP Tacttime  calcular_mode_data_T0ARRAY_0A-TDTEST_0ATES0.95 start  Program Start
2014-01-27 08:52:43Z PP Tacttime  calcular_mode_data_T0ARRAY_0A-TDTEST_0ATES0.95 start  Program END 

Create log file
2014-01-27 08:52:44Z PP Tacttime  calcular_mode_data_T0ARRAY_0A-TDTEST_0ATES0.95 End  Program Start
2014-01-27 08:52:44Z PP Tacttime  calcular_mode_data_T0ARRAY_0A-TDTEST_0ATES0.95 End  Program END 

Create log file
2014-01-27 09:02:22Z tacttime_calcular_mode_data Start Program Start
2014-01-27 09:02:22Z tacttime_calcular_mode_data Start Program END 

Create log file
2014-01-27 09:02:26Z tacttime_calcular_PMDT0ARRAY0A-TF0AANO End Program Start
2014-01-27 09:02:26Z tacttime_calcular_PMDT0ARRAY0A-TF0AANO End Program END 

Create log file
2014-01-27 09:04:01Z tacttime_calcular_mode_data Start Program Start
2014-01-27 09:04:01Z tacttime_calcular_mode_data Start Program END 

Create log file
2014-01-27 09:04:25Z tacttime_calcular_PMDT0ARRAY0A-TF0AANO End Program Start
2014-01-27 09:04:25Z tacttime_calcular_PMDT0ARRAY0A-TF0AANO End Program END 

Create log file
2014-01-27 09:04:25Z PP Tacttime  calcular_mode_data_T0ARRAY_0A-TF_0AANO0.95 start  Program Start
2014-01-27 09:04:25Z PP Tacttime  calcular_mode_data_T0ARRAY_0A-TF_0AANO0.95 start  Program END 

Create log file
2014-01-27 09:04:34Z PP Tacttime  calcular_mode_data_T0ARRAY_0A-TF_0AANO0.95 End  Program Start
2014-01-27 09:04:34Z PP Tacttime  calcular_mode_data_T0ARRAY_0A-TF_0AANO0.95 End  Program END 

Create log file
2014-01-27 09:06:16Z tacttime_calcular_mode_data Start Program Start
2014-01-27 09:06:16Z tacttime_calcular_mode_data Start Program END 

Create log file
2014-01-27 09:06:18Z tacttime_calcular_PMDT0ARRAY0A-PHOTO0AORO End Program Start
2014-01-27 09:06:18Z tacttime_calcular_PMDT0ARRAY0A-PHOTO0AORO End Program END 

Create log file
2014-01-27 09:06:27Z tacttime_calcular_mode_data Start Program Start
2014-01-27 09:06:27Z tacttime_calcular_mode_data Start Program END 

Create log file
2014-01-27 09:06:29Z tacttime_calcular_PMDT0ARRAY0A-PHOTO0AORO End Program Start
2014-01-27 09:06:29Z tacttime_calcular_PMDT0ARRAY0A-PHOTO0AORO End Program END 

Create log file
2014-01-27 09:06:32Z tacttime_calcular_mode_data Start Program Start
2014-01-27 09:06:32Z tacttime_calcular_mode_data Start Program END 

Create log file
2014-01-27 09:06:40Z tacttime_calcular_PMDT0ARRAY0A-PHOTO0AORO End Program Start
2014-01-27 09:06:40Z tacttime_calcular_PMDT0ARRAY0A-PHOTO0AORO End Program END 

Create log file
2014-01-27 09:06:40Z PP Tacttime  calcular_mode_data_T0ARRAY_0A-PHOTO_0AORO0.95 start  Program Start
2014-01-27 09:06:40Z PP Tacttime  calcular_mode_data_T0ARRAY_0A-PHOTO_0AORO0.95 start  Program END 

Create log file
2014-01-27 09:08:09Z PP Tacttime  calcular_mode_data_T0ARRAY_0A-PHOTO_0AORO0.95 End  Program Start
2014-01-27 09:08:09Z PP Tacttime  calcular_mode_data_T0ARRAY_0A-PHOTO_0AORO0.95 End  Program END 

Create log file
2014-01-27 09:12:32Z tacttime_calcular_mode_data Start Program Start
2014-01-27 09:12:32Z tacttime_calcular_mode_data Start Program END 

Create log file
2014-01-27 09:12:43Z tacttime_calcular_PMDT0ARRAY0A-TF0ACVD End Program Start
2014-01-27 09:12:43Z tacttime_calcular_PMDT0ARRAY0A-TF0ACVD End Program END 

Create log file
2014-01-27 09:15:37Z tacttime_calcular_mode_data Start Program Start
2014-01-27 09:15:37Z tacttime_calcular_mode_data Start Program END 

Create log file
2014-01-27 09:15:51Z tacttime_calcular_PMDT0ARRAY0A-TF0ACVD End Program Start
2014-01-27 09:15:51Z tacttime_calcular_PMDT0ARRAY0A-TF0ACVD End Program END 

Create log file
2014-01-27 09:16:11Z tacttime_calcular_mode_data Start Program Start
2014-01-27 09:16:11Z tacttime_calcular_mode_data Start Program END 

Create log file
2014-01-27 09:16:12Z tacttime_calcular_PMDT0ARRAY0A-TF0ACVD End Program Start
2014-01-27 09:16:12Z tacttime_calcular_PMDT0ARRAY0A-TF0ACVD End Program END 

Create log file
2014-01-27 09:24:19Z tacttime_calcular_mode_data Start Program Start
2014-01-27 09:24:19Z tacttime_calcular_mode_data Start Program END 

Create log file
2014-01-27 09:24:33Z tacttime_calcular_PMDT0ARRAY0A-TF0ACVD End Program Start
2014-01-27 09:24:33Z tacttime_calcular_PMDT0ARRAY0A-TF0ACVD End Program END 

Create log file
2014-01-27 09:24:40Z tacttime_calcular_mode_data Start Program Start
2014-01-27 09:24:40Z tacttime_calcular_mode_data Start Program END 

Create log file
2014-01-27 09:24:41Z tacttime_calcular_PMDT0ARRAY0A-TF0ACVD End Program Start
2014-01-27 09:24:41Z tacttime_calcular_PMDT0ARRAY0A-TF0ACVD End Program END 

Create log file
2014-01-27 09:25:38Z tacttime_calcular_mode_data Start Program Start
2014-01-27 09:25:38Z tacttime_calcular_mode_data Start Program END 

Create log file
2014-01-27 09:25:49Z tacttime_calcular_PMDT0ARRAY0A-TF0ACVD End Program Start
2014-01-27 09:25:49Z tacttime_calcular_PMDT0ARRAY0A-TF0ACVD End Program END 

Create log file
2014-01-27 09:26:17Z tacttime_calcular_mode_data Start Program Start
2014-01-27 09:26:17Z tacttime_calcular_mode_data Start Program END 

Create log file
2014-01-27 09:26:18Z tacttime_calcular_PMDT0ARRAY0A-TF0ACVD End Program Start
2014-01-27 09:26:18Z tacttime_calcular_PMDT0ARRAY0A-TF0ACVD End Program END 

Create log file
2014-01-27 09:26:18Z PP Tacttime  calcular_mode_data_T0ARRAY_0A-TF_0ACVD1 start  Program Start
2014-01-27 09:26:18Z PP Tacttime  calcular_mode_data_T0ARRAY_0A-TF_0ACVD1 start  Program END 

Create log file
2014-01-27 09:29:22Z PP Tacttime  calcular_mode_data_T0ARRAY_0A-TF_0ACVD1 End  Program Start
2014-01-27 09:29:22Z PP Tacttime  calcular_mode_data_T0ARRAY_0A-TF_0ACVD1 End  Program END 

Create log file
2014-01-27 09:33:44Z tacttime_calcular_mode_data Start Program Start
2014-01-27 09:33:44Z tacttime_calcular_mode_data Start Program END 

Create log file
2014-01-27 09:33:49Z tacttime_calcular_PMDT0ARRAY0A-ETCH0ADET End Program Start
2014-01-27 09:33:49Z tacttime_calcular_PMDT0ARRAY0A-ETCH0ADET End Program END 

Create log file
2014-01-27 09:45:20Z tacttime_calcular_mode_data Start Program Start
2014-01-27 09:45:20Z tacttime_calcular_mode_data Start Program END 

Create log file
2014-01-27 09:45:42Z tacttime_calcular_PMDT0ARRAY0A-ETCH0ADET End Program Start
2014-01-27 09:45:42Z tacttime_calcular_PMDT0ARRAY0A-ETCH0ADET End Program END 

Create log file
2014-01-27 09:46:13Z tacttime_calcular_mode_data Start Program Start
2014-01-27 09:46:13Z tacttime_calcular_mode_data Start Program END 

Create log file
2014-01-27 09:46:24Z tacttime_calcular_PMDT0ARRAY0A-ETCH0ADET End Program Start
2014-01-27 09:46:24Z tacttime_calcular_PMDT0ARRAY0A-ETCH0ADET End Program END 

Create log file
2014-01-27 10:02:51Z tacttime_calcular_mode_data Start Program Start
2014-01-27 10:02:51Z tacttime_calcular_mode_data Start Program END 

Create log file
2014-01-27 10:02:56Z tacttime_calcular_PMDT0ARRAY0A-ETCH0ADET End Program Start
2014-01-27 10:02:56Z tacttime_calcular_PMDT0ARRAY0A-ETCH0ADET End Program END 

Create log file
2014-01-27 10:03:38Z tacttime_calcular_mode_data Start Program Start
2014-01-27 10:03:38Z tacttime_calcular_mode_data Start Program END 

Create log file
2014-01-27 10:03:39Z tacttime_calcular_PMDT0ARRAY0A-ETCH0ADET End Program Start
2014-01-27 10:03:39Z tacttime_calcular_PMDT0ARRAY0A-ETCH0ADET End Program END 

Create log file
2014-01-27 10:07:07Z tacttime_calcular_mode_data Start Program Start
2014-01-27 10:07:07Z tacttime_calcular_mode_data Start Program END 

Create log file
2014-01-27 10:07:11Z tacttime_calcular_PMDT0ARRAY0A-ETCH0ADET End Program Start
2014-01-27 10:07:11Z tacttime_calcular_PMDT0ARRAY0A-ETCH0ADET End Program END 

Create log file
2014-01-27 10:07:38Z tacttime_calcular_mode_data Start Program Start
2014-01-27 10:07:38Z tacttime_calcular_mode_data Start Program END 

Create log file
2014-01-27 10:07:39Z tacttime_calcular_PMDT0ARRAY0A-ETCH0ADET End Program Start
2014-01-27 10:07:39Z tacttime_calcular_PMDT0ARRAY0A-ETCH0ADET End Program END 

Create log file
2014-01-27 10:10:52Z tacttime_calcular_mode_data Start Program Start
2014-01-27 10:10:52Z tacttime_calcular_mode_data Start Program END 

Create log file
2014-01-27 10:10:54Z tacttime_calcular_PMDT0ARRAY0A-TF0APVD End Program Start
2014-01-27 10:10:54Z tacttime_calcular_PMDT0ARRAY0A-TF0APVD End Program END 

Create log file
2014-01-27 10:11:03Z tacttime_calcular_mode_data Start Program Start
2014-01-27 10:11:03Z tacttime_calcular_mode_data Start Program END 

Create log file
2014-01-27 10:11:04Z tacttime_calcular_PMDT0ARRAY0A-TF0APVD End Program Start
2014-01-27 10:11:04Z tacttime_calcular_PMDT0ARRAY0A-TF0APVD End Program END 

Create log file
2014-01-27 10:11:04Z tacttime_calcular_mode_data Start Program Start
2014-01-27 10:11:04Z tacttime_calcular_mode_data Start Program END 

Create log file
2014-01-27 10:11:07Z tacttime_calcular_PMDT0ARRAY0A-ETCH0ADET End Program Start
2014-01-27 10:11:07Z tacttime_calcular_PMDT0ARRAY0A-ETCH0ADET End Program END 

Create log file
2014-01-27 10:11:07Z PP Tacttime  calcular_mode_data_T0ARRAY_0A-ETCH_0ADET0.95 start  Program Start
2014-01-27 10:11:07Z PP Tacttime  calcular_mode_data_T0ARRAY_0A-ETCH_0ADET0.95 start  Program END 

Create log file
2014-01-27 10:11:10Z PP Tacttime  calcular_mode_data_T0ARRAY_0A-ETCH_0ADET0.95 End  Program Start
2014-01-27 10:11:10Z PP Tacttime  calcular_mode_data_T0ARRAY_0A-ETCH_0ADET0.95 End  Program END 

Create log file
2014-01-27 10:12:39Z tacttime_calcular_mode_data Start Program Start
2014-01-27 10:12:39Z tacttime_calcular_mode_data Start Program END 

Create log file
2014-01-27 10:12:39Z tacttime_calcular_PMDT0ARRAY0A-TF0APVD End Program Start
2014-01-27 10:12:39Z tacttime_calcular_PMDT0ARRAY0A-TF0APVD End Program END 

Create log file
2014-01-27 10:12:42Z tacttime_calcular_mode_data Start Program Start
2014-01-27 10:12:42Z tacttime_calcular_mode_data Start Program END 

Create log file
2014-01-27 10:12:44Z tacttime_calcular_PMDT0ARRAY0A-TF0APVD End Program Start
2014-01-27 10:12:44Z tacttime_calcular_PMDT0ARRAY0A-TF0APVD End Program END 

Create log file
2014-01-27 10:13:03Z tacttime_calcular_mode_data Start Program Start
2014-01-27 10:13:03Z tacttime_calcular_mode_data Start Program END 

Create log file
2014-01-27 10:13:03Z tacttime_calcular_PMDT0ARRAY0A-TF0APVD End Program Start
2014-01-27 10:13:03Z tacttime_calcular_PMDT0ARRAY0A-TF0APVD End Program END 

Create log file
2014-01-27 10:13:31Z tacttime_calcular_mode_data Start Program Start
2014-01-27 10:13:31Z tacttime_calcular_mode_data Start Program END 

Create log file
2014-01-27 10:13:31Z tacttime_calcular_PMDT0ARRAY0A-TF0APVD End Program Start
2014-01-27 10:13:31Z tacttime_calcular_PMDT0ARRAY0A-TF0APVD End Program END 

Create log file
2014-01-27 10:13:38Z tacttime_calcular_mode_data Start Program Start
2014-01-27 10:13:38Z tacttime_calcular_mode_data Start Program END 

Create log file
2014-01-27 10:13:38Z tacttime_calcular_PMDT0ARRAY0A-TF0APVD End Program Start
2014-01-27 10:13:38Z tacttime_calcular_PMDT0ARRAY0A-TF0APVD End Program END 

Create log file
2014-01-27 10:14:28Z tacttime_calcular_mode_data Start Program Start
2014-01-27 10:14:28Z tacttime_calcular_mode_data Start Program END 

Create log file
2014-01-27 10:14:28Z tacttime_calcular_PMDT0ARRAY0A-TF0APVD End Program Start
2014-01-27 10:14:28Z tacttime_calcular_PMDT0ARRAY0A-TF0APVD End Program END 

Create log file
2014-01-27 10:14:31Z tacttime_calcular_mode_data Start Program Start
2014-01-27 10:14:31Z tacttime_calcular_mode_data Start Program END 

Create log file
2014-01-27 10:14:32Z tacttime_calcular_PMDT0ARRAY0A-TF0APVD End Program Start
2014-01-27 10:14:32Z tacttime_calcular_PMDT0ARRAY0A-TF0APVD End Program END 

Create log file
2014-01-27 10:14:39Z tacttime_calcular_mode_data Start Program Start
2014-01-27 10:14:39Z tacttime_calcular_mode_data Start Program END 

Create log file
2014-01-27 10:14:39Z tacttime_calcular_PMDT0ARRAY0A-TF0APVD End Program Start
2014-01-27 10:14:39Z tacttime_calcular_PMDT0ARRAY0A-TF0APVD End Program END 

Create log file
2014-01-27 10:14:39Z PP Tacttime  calcular_mode_data_T0ARRAY_0A-TF_0APVD0.95 start  Program Start
2014-01-27 10:14:39Z PP Tacttime  calcular_mode_data_T0ARRAY_0A-TF_0APVD0.95 start  Program END 

Create log file
2014-01-27 10:14:41Z PP Tacttime  calcular_mode_data_T0ARRAY_0A-TF_0APVD0.95 End  Program Start
2014-01-27 10:14:41Z PP Tacttime  calcular_mode_data_T0ARRAY_0A-TF_0APVD0.95 End  Program END 

Create log file
2014-01-27 10:16:20Z tacttime_calcular_mode_data Start Program Start
2014-01-27 10:16:20Z tacttime_calcular_mode_data Start Program END 

Create log file
2014-01-27 10:16:22Z tacttime_calcular_PMDT0ARRAY0A-TF0AINC End Program Start
2014-01-27 10:16:22Z tacttime_calcular_PMDT0ARRAY0A-TF0AINC End Program END 

Create log file
2014-01-27 10:16:22Z PP Tacttime  calcular_mode_data_T0ARRAY_0A-TF_0AINC0.95 start  Program Start
2014-01-27 10:16:22Z PP Tacttime  calcular_mode_data_T0ARRAY_0A-TF_0AINC0.95 start  Program END 

Create log file
2014-01-27 10:16:22Z PP Tacttime  calcular_mode_data_T0ARRAY_0A-TF_0AINC0.95 End  Program Start
2014-01-27 10:16:22Z PP Tacttime  calcular_mode_data_T0ARRAY_0A-TF_0AINC0.95 End  Program END 

Create log file
2014-01-27 10:17:47Z tacttime_calcular_mode_data Start Program Start
2014-01-27 10:17:47Z tacttime_calcular_mode_data Start Program END 

Create log file
2014-01-27 10:17:48Z tacttime_calcular_PMDT0ARRAY0A-TF0APDC End Program Start
2014-01-27 10:17:48Z tacttime_calcular_PMDT0ARRAY0A-TF0APDC End Program END 

Create log file
2014-01-27 10:17:58Z tacttime_calcular_mode_data Start Program Start
2014-01-27 10:17:58Z tacttime_calcular_mode_data Start Program END 

Create log file
2014-01-27 10:17:59Z tacttime_calcular_PMDT0ARRAY0A-TF0APDC End Program Start
2014-01-27 10:17:59Z tacttime_calcular_PMDT0ARRAY0A-TF0APDC End Program END 

Create log file
2014-01-27 10:26:49Z tacttime_calcular_mode_data Start Program Start
2014-01-27 10:26:49Z tacttime_calcular_mode_data Start Program END 

Create log file
2014-01-27 10:26:53Z tacttime_calcular_PMDT0ARRAY0A-TF0AINC End Program Start
2014-01-27 10:26:53Z tacttime_calcular_PMDT0ARRAY0A-TF0AINC End Program END 

Create log file
2014-01-27 10:26:53Z PP Tacttime  calcular_mode_data_T0ARRAY_0A-TF_0AINC0.95 start  Program Start
2014-01-27 10:26:53Z PP Tacttime  calcular_mode_data_T0ARRAY_0A-TF_0AINC0.95 start  Program END 

Create log file
2014-01-27 10:26:53Z PP Tacttime  calcular_mode_data_T0ARRAY_0A-TF_0AINC0.95 End  Program Start
2014-01-27 10:26:53Z PP Tacttime  calcular_mode_data_T0ARRAY_0A-TF_0AINC0.95 End  Program END 

Create log file
2014-01-27 10:28:19Z tacttime_calcular_mode_data Start Program Start
2014-01-27 10:28:19Z tacttime_calcular_mode_data Start Program END 

Create log file
2014-01-27 10:28:20Z tacttime_calcular_PMDT0ARRAY0A-TF0APDC End Program Start
2014-01-27 10:28:20Z tacttime_calcular_PMDT0ARRAY0A-TF0APDC End Program END 

Create log file
2014-01-27 10:28:29Z tacttime_calcular_mode_data Start Program Start
2014-01-27 10:28:29Z tacttime_calcular_mode_data Start Program END 

Create log file
2014-01-27 10:28:29Z tacttime_calcular_PMDT0ARRAY0A-TF0APDC End Program Start
2014-01-27 10:28:29Z tacttime_calcular_PMDT0ARRAY0A-TF0APDC End Program END 

Create log file
2014-01-27 10:31:56Z tacttime_calcular_mode_data Start Program Start
2014-01-27 10:31:56Z tacttime_calcular_mode_data Start Program END 

Create log file
2014-01-27 10:31:58Z tacttime_calcular_PMDT0ARRAY0A-TF0APDC End Program Start
2014-01-27 10:31:58Z tacttime_calcular_PMDT0ARRAY0A-TF0APDC End Program END 

Create log file
2014-01-27 10:32:28Z tacttime_calcular_mode_data Start Program Start
2014-01-27 10:32:28Z tacttime_calcular_mode_data Start Program END 

Create log file
2014-01-27 10:32:29Z tacttime_calcular_PMDT0ARRAY0A-TF0APDC End Program Start
2014-01-27 10:32:29Z tacttime_calcular_PMDT0ARRAY0A-TF0APDC End Program END 

Create log file
2014-01-27 10:32:37Z tacttime_calcular_mode_data Start Program Start
2014-01-27 10:32:37Z tacttime_calcular_mode_data Start Program END 

Create log file
2014-01-27 10:32:37Z tacttime_calcular_PMDT0ARRAY0A-TF0APDC End Program Start
2014-01-27 10:32:37Z tacttime_calcular_PMDT0ARRAY0A-TF0APDC End Program END 

Create log file
2014-01-27 10:32:37Z PP Tacttime  calcular_mode_data_T0ARRAY_0A-TF_0APDC0.95 start  Program Start
2014-01-27 10:32:37Z PP Tacttime  calcular_mode_data_T0ARRAY_0A-TF_0APDC0.95 start  Program END 

Create log file
2014-01-27 10:32:38Z PP Tacttime  calcular_mode_data_T0ARRAY_0A-TF_0APDC0.95 End  Program Start
2014-01-27 10:32:38Z PP Tacttime  calcular_mode_data_T0ARRAY_0A-TF_0APDC0.95 End  Program END 

Create log file
2014-01-27 10:33:14Z tacttime_calcular_mode_data Start Program Start
2014-01-27 10:33:14Z tacttime_calcular_mode_data Start Program END 

Create log file
2014-01-27 10:33:15Z tacttime_calcular_PMDT0ARRAY0A-TF0APVD End Program Start
2014-01-27 10:33:15Z tacttime_calcular_PMDT0ARRAY0A-TF0APVD End Program END 

Create log file
2014-01-27 10:33:17Z tacttime_calcular_mode_data Start Program Start
2014-01-27 10:33:17Z tacttime_calcular_mode_data Start Program END 

Create log file
2014-01-27 10:33:18Z tacttime_calcular_PMDT0ARRAY0A-TF0APVD End Program Start
2014-01-27 10:33:18Z tacttime_calcular_PMDT0ARRAY0A-TF0APVD End Program END 

Create log file
2014-01-27 10:33:56Z tacttime_calcular_mode_data Start Program Start
2014-01-27 10:33:56Z tacttime_calcular_mode_data Start Program END 

Create log file
2014-01-27 10:33:56Z tacttime_calcular_PMDT0ARRAY0A-TF0APVD End Program Start
2014-01-27 10:33:56Z tacttime_calcular_PMDT0ARRAY0A-TF0APVD End Program END 

Create log file
2014-01-27 10:33:59Z tacttime_calcular_mode_data Start Program Start
2014-01-27 10:33:59Z tacttime_calcular_mode_data Start Program END 

Create log file
2014-01-27 10:34:00Z tacttime_calcular_PMDT0ARRAY0A-TF0APVD End Program Start
2014-01-27 10:34:00Z tacttime_calcular_PMDT0ARRAY0A-TF0APVD End Program END 

Create log file
2014-01-27 10:34:13Z tacttime_calcular_mode_data Start Program Start
2014-01-27 10:34:13Z tacttime_calcular_mode_data Start Program END 

Create log file
2014-01-27 10:34:14Z tacttime_calcular_PMDT0ARRAY0A-TF0APVD End Program Start
2014-01-27 10:34:14Z tacttime_calcular_PMDT0ARRAY0A-TF0APVD End Program END 

Create log file
2014-01-27 10:34:38Z tacttime_calcular_mode_data Start Program Start
2014-01-27 10:34:38Z tacttime_calcular_mode_data Start Program END 

Create log file
2014-01-27 10:34:38Z tacttime_calcular_PMDT0ARRAY0A-TF0APVD End Program Start
2014-01-27 10:34:38Z tacttime_calcular_PMDT0ARRAY0A-TF0APVD End Program END 

Create log file
2014-01-27 10:34:45Z tacttime_calcular_mode_data Start Program Start
2014-01-27 10:34:45Z tacttime_calcular_mode_data Start Program END 

Create log file
2014-01-27 10:34:46Z tacttime_calcular_PMDT0ARRAY0A-TF0APVD End Program Start
2014-01-27 10:34:46Z tacttime_calcular_PMDT0ARRAY0A-TF0APVD End Program END 

Create log file
2014-01-27 10:35:35Z tacttime_calcular_mode_data Start Program Start
2014-01-27 10:35:35Z tacttime_calcular_mode_data Start Program END 

Create log file
2014-01-27 10:35:36Z tacttime_calcular_PMDT0ARRAY0A-TF0APVD End Program Start
2014-01-27 10:35:36Z tacttime_calcular_PMDT0ARRAY0A-TF0APVD End Program END 

Create log file
2014-01-27 10:35:40Z tacttime_calcular_mode_data Start Program Start
2014-01-27 10:35:40Z tacttime_calcular_mode_data Start Program END 

Create log file
2014-01-27 10:35:40Z tacttime_calcular_PMDT0ARRAY0A-TF0APVD End Program Start
2014-01-27 10:35:40Z tacttime_calcular_PMDT0ARRAY0A-TF0APVD End Program END 

Create log file
2014-01-27 10:35:48Z tacttime_calcular_mode_data Start Program Start
2014-01-27 10:35:48Z tacttime_calcular_mode_data Start Program END 

Create log file
2014-01-27 10:35:48Z tacttime_calcular_PMDT0ARRAY0A-TF0APVD End Program Start
2014-01-27 10:35:48Z tacttime_calcular_PMDT0ARRAY0A-TF0APVD End Program END 

Create log file
2014-01-27 10:35:49Z PP Tacttime  calcular_mode_data_T0ARRAY_0A-TF_0APVD0.95 start  Program Start
2014-01-27 10:35:49Z PP Tacttime  calcular_mode_data_T0ARRAY_0A-TF_0APVD0.95 start  Program END 

Create log file
2014-01-27 10:35:51Z PP Tacttime  calcular_mode_data_T0ARRAY_0A-TF_0APVD0.95 End  Program Start
2014-01-27 10:35:51Z PP Tacttime  calcular_mode_data_T0ARRAY_0A-TF_0APVD0.95 End  Program END 

Create log file
2014-01-27 10:36:47Z tacttime_calcular_mode_data Start Program Start
2014-01-27 10:36:47Z tacttime_calcular_mode_data Start Program END 

Create log file
2014-01-27 10:36:48Z tacttime_calcular_PMDT0ARRAY0A-ETCH0AWET End Program Start
2014-01-27 10:36:48Z tacttime_calcular_PMDT0ARRAY0A-ETCH0AWET End Program END 

Create log file
2014-01-27 10:37:32Z tacttime_calcular_mode_data Start Program Start
2014-01-27 10:37:32Z tacttime_calcular_mode_data Start Program END 

Create log file
2014-01-27 10:37:33Z tacttime_calcular_PMDT0ARRAY0A-ETCH0AWET End Program Start
2014-01-27 10:37:33Z tacttime_calcular_PMDT0ARRAY0A-ETCH0AWET End Program END 

Create log file
2014-01-27 10:37:39Z tacttime_calcular_mode_data Start Program Start
2014-01-27 10:37:39Z tacttime_calcular_mode_data Start Program END 

Create log file
2014-01-27 10:37:39Z tacttime_calcular_PMDT0ARRAY0A-ETCH0AWET End Program Start
2014-01-27 10:37:39Z tacttime_calcular_PMDT0ARRAY0A-ETCH0AWET End Program END 

Create log file
2014-01-27 10:37:42Z tacttime_calcular_mode_data Start Program Start
2014-01-27 10:37:42Z tacttime_calcular_mode_data Start Program END 

Create log file
2014-01-27 10:37:42Z tacttime_calcular_PMDT0ARRAY0A-ETCH0AWET End Program Start
2014-01-27 10:37:42Z tacttime_calcular_PMDT0ARRAY0A-ETCH0AWET End Program END 

Create log file
2014-01-27 10:38:33Z tacttime_calcular_mode_data Start Program Start
2014-01-27 10:38:33Z tacttime_calcular_mode_data Start Program END 

Create log file
2014-01-27 10:38:34Z tacttime_calcular_PMDT0ARRAY0A-ETCH0AWET End Program Start
2014-01-27 10:38:34Z tacttime_calcular_PMDT0ARRAY0A-ETCH0AWET End Program END 

Create log file
2014-01-27 10:38:34Z PP Tacttime  calcular_mode_data_T0ARRAY_0A-ETCH_0AWET0.95 start  Program Start
2014-01-27 10:38:34Z PP Tacttime  calcular_mode_data_T0ARRAY_0A-ETCH_0AWET0.95 start  Program END 

Create log file
2014-01-27 10:38:35Z PP Tacttime  calcular_mode_data_T0ARRAY_0A-ETCH_0AWET0.95 End  Program Start
2014-01-27 10:38:35Z PP Tacttime  calcular_mode_data_T0ARRAY_0A-ETCH_0AWET0.95 End  Program END 

Create log file
2014-01-27 12:04:19Z tacttime_calcular_mode_data Start Program Start
2014-01-27 12:04:19Z tacttime_calcular_mode_data Start Program END 

Create log file
2014-01-27 12:04:20Z tacttime_calcular_PMDT0ARRAY0A-ETCH0ASTR End Program Start
2014-01-27 12:04:20Z tacttime_calcular_PMDT0ARRAY0A-ETCH0ASTR End Program END 

Create log file
2014-01-27 12:04:45Z tacttime_calcular_mode_data Start Program Start
2014-01-27 12:04:45Z tacttime_calcular_mode_data Start Program END 

Create log file
2014-01-27 12:04:46Z tacttime_calcular_PMDT0ARRAY0A-ETCH0ASTR End Program Start
2014-01-27 12:04:46Z tacttime_calcular_PMDT0ARRAY0A-ETCH0ASTR End Program END 

Create log file
2014-01-27 12:07:42Z tacttime_calcular_mode_data Start Program Start
2014-01-27 12:07:42Z tacttime_calcular_mode_data Start Program END 

Create log file
2014-01-27 12:07:44Z tacttime_calcular_PMDT0ARRAY0A-ETCH0ASTR End Program Start
2014-01-27 12:07:44Z tacttime_calcular_PMDT0ARRAY0A-ETCH0ASTR End Program END 

Create log file
2014-01-27 12:08:35Z tacttime_calcular_mode_data Start Program Start
2014-01-27 12:08:35Z tacttime_calcular_mode_data Start Program END 

Create log file
2014-01-27 12:08:35Z tacttime_calcular_PMDT0ARRAY0A-ETCH0ASTR End Program Start
2014-01-27 12:08:35Z tacttime_calcular_PMDT0ARRAY0A-ETCH0ASTR End Program END 

Create log file
2014-01-27 12:08:55Z tacttime_calcular_mode_data Start Program Start
2014-01-27 12:08:55Z tacttime_calcular_mode_data Start Program END 

Create log file
2014-01-27 12:08:55Z tacttime_calcular_PMDT0ARRAY0A-ETCH0ASTR End Program Start
2014-01-27 12:08:55Z tacttime_calcular_PMDT0ARRAY0A-ETCH0ASTR End Program END 

Create log file
2014-01-27 12:09:50Z tacttime_calcular_mode_data Start Program Start
2014-01-27 12:09:50Z tacttime_calcular_mode_data Start Program END 

Create log file
2014-01-27 12:09:51Z tacttime_calcular_PMDT0ARRAY0A-ETCH0ASTR End Program Start
2014-01-27 12:09:51Z tacttime_calcular_PMDT0ARRAY0A-ETCH0ASTR End Program END 

Create log file
2014-01-27 12:09:51Z PP Tacttime  calcular_mode_data_T0ARRAY_0A-ETCH_0ASTR0.95 start  Program Start
2014-01-27 12:09:51Z PP Tacttime  calcular_mode_data_T0ARRAY_0A-ETCH_0ASTR0.95 start  Program END 

Create log file
2014-01-27 12:09:52Z PP Tacttime  calcular_mode_data_T0ARRAY_0A-ETCH_0ASTR0.95 End  Program Start
2014-01-27 12:09:52Z PP Tacttime  calcular_mode_data_T0ARRAY_0A-ETCH_0ASTR0.95 End  Program END 

Create log file
2014-01-27 12:10:18Z tacttime_calcular_mode_data Start Program Start
2014-01-27 12:10:18Z tacttime_calcular_mode_data Start Program END 

Create log file
2014-01-27 12:10:20Z tacttime_calcular_PMDT0ARRAY0A-PHOTO0ACOA End Program Start
2014-01-27 12:10:20Z tacttime_calcular_PMDT0ARRAY0A-PHOTO0ACOA End Program END 

Create log file
2014-01-27 12:10:28Z tacttime_calcular_mode_data Start Program Start
2014-01-27 12:10:28Z tacttime_calcular_mode_data Start Program END 

Create log file
2014-01-27 12:10:29Z tacttime_calcular_PMDT0ARRAY0A-PHOTO0ACOA End Program Start
2014-01-27 12:10:29Z tacttime_calcular_PMDT0ARRAY0A-PHOTO0ACOA End Program END 

Create log file
2014-01-27 12:10:43Z tacttime_calcular_mode_data Start Program Start
2014-01-27 12:10:43Z tacttime_calcular_mode_data Start Program END 

Create log file
2014-01-27 12:10:44Z tacttime_calcular_PMDT0ARRAY0A-PHOTO0ACOA End Program Start
2014-01-27 12:10:44Z tacttime_calcular_PMDT0ARRAY0A-PHOTO0ACOA End Program END 

Create log file
2014-01-27 12:11:24Z tacttime_calcular_mode_data Start Program Start
2014-01-27 12:11:24Z tacttime_calcular_mode_data Start Program END 

Create log file
2014-01-27 12:11:27Z tacttime_calcular_PMDT0ARRAY0A-PHOTO0ACOA End Program Start
2014-01-27 12:11:27Z tacttime_calcular_PMDT0ARRAY0A-PHOTO0ACOA End Program END 

Create log file
2014-01-27 12:13:06Z tacttime_calcular_mode_data Start Program Start
2014-01-27 12:13:06Z tacttime_calcular_mode_data Start Program END 

Create log file
2014-01-27 12:13:09Z tacttime_calcular_PMDT0ARRAY0A-PHOTO0ACOA End Program Start
2014-01-27 12:13:09Z tacttime_calcular_PMDT0ARRAY0A-PHOTO0ACOA End Program END 

Create log file
2014-01-27 12:13:16Z tacttime_calcular_mode_data Start Program Start
2014-01-27 12:13:16Z tacttime_calcular_mode_data Start Program END 

Create log file
2014-01-27 12:13:16Z tacttime_calcular_PMDT0ARRAY0A-PHOTO0ACOA End Program Start
2014-01-27 12:13:16Z tacttime_calcular_PMDT0ARRAY0A-PHOTO0ACOA End Program END 

Create log file
2014-01-27 12:13:21Z tacttime_calcular_mode_data Start Program Start
2014-01-27 12:13:21Z tacttime_calcular_mode_data Start Program END 

Create log file
2014-01-27 12:13:21Z tacttime_calcular_PMDT0ARRAY0A-PHOTO0ACOA End Program Start
2014-01-27 12:13:21Z tacttime_calcular_PMDT0ARRAY0A-PHOTO0ACOA End Program END 

Create log file
2014-01-27 12:14:40Z tacttime_calcular_mode_data Start Program Start
2014-01-27 12:14:40Z tacttime_calcular_mode_data Start Program END 

Create log file
2014-01-27 12:14:42Z tacttime_calcular_PMDT0ARRAY0A-PHOTO0ACOA End Program Start
2014-01-27 12:14:42Z tacttime_calcular_PMDT0ARRAY0A-PHOTO0ACOA End Program END 

Create log file
2014-01-27 12:16:26Z tacttime_calcular_mode_data Start Program Start
2014-01-27 12:16:26Z tacttime_calcular_mode_data Start Program END 

Create log file
2014-01-27 12:16:29Z tacttime_calcular_PMDT0ARRAY0A-PHOTO0ACOA End Program Start
2014-01-27 12:16:29Z tacttime_calcular_PMDT0ARRAY0A-PHOTO0ACOA End Program END 

Create log file
2014-01-27 12:16:30Z tacttime_calcular_mode_data Start Program Start
2014-01-27 12:16:30Z tacttime_calcular_mode_data Start Program END 

Create log file
2014-01-27 12:16:31Z tacttime_calcular_PMDT0ARRAY0A-PHOTO0ACOA End Program Start
2014-01-27 12:16:31Z tacttime_calcular_PMDT0ARRAY0A-PHOTO0ACOA End Program END 

Create log file
2014-01-27 12:16:31Z tacttime_calcular_mode_data Start Program Start
2014-01-27 12:16:31Z tacttime_calcular_mode_data Start Program END 

Create log file
2014-01-27 12:16:32Z tacttime_calcular_PMDT0ARRAY0A-PHOTO0ACOA End Program Start
2014-01-27 12:16:32Z tacttime_calcular_PMDT0ARRAY0A-PHOTO0ACOA End Program END 

Create log file
2014-01-27 12:16:32Z tacttime_calcular_mode_data Start Program Start
2014-01-27 12:16:32Z tacttime_calcular_mode_data Start Program END 

Create log file
2014-01-27 12:16:33Z tacttime_calcular_PMDT0ARRAY0A-PHOTO0ACOA End Program Start
2014-01-27 12:16:33Z tacttime_calcular_PMDT0ARRAY0A-PHOTO0ACOA End Program END 

Create log file
2014-01-27 12:16:33Z PP Tacttime  calcular_mode_data_T0ARRAY_0A-PHOTO_0ACOA0.95 start  Program Start
2014-01-27 12:16:33Z PP Tacttime  calcular_mode_data_T0ARRAY_0A-PHOTO_0ACOA0.95 start  Program END 

Create log file
2014-01-27 12:16:39Z PP Tacttime  calcular_mode_data_T0ARRAY_0A-PHOTO_0ACOA0.95 End  Program Start
2014-01-27 12:16:39Z PP Tacttime  calcular_mode_data_T0ARRAY_0A-PHOTO_0ACOA0.95 End  Program END 

Create log file
2014-01-27 12:16:55Z tacttime_calcular_mode_data Start Program Start
2014-01-27 12:16:55Z tacttime_calcular_mode_data Start Program END 

Create log file
2014-01-27 12:16:56Z tacttime_calcular_PMDT0ARRAY0A-PHOTO0AEXP End Program Start
2014-01-27 12:16:56Z tacttime_calcular_PMDT0ARRAY0A-PHOTO0AEXP End Program END 

Create log file
2014-01-27 12:16:56Z tacttime_calcular_mode_data Start Program Start
2014-01-27 12:16:56Z tacttime_calcular_mode_data Start Program END 

Create log file
2014-01-27 12:16:56Z tacttime_calcular_PMDT0ARRAY0A-PHOTO0AEXP End Program Start
2014-01-27 12:16:56Z tacttime_calcular_PMDT0ARRAY0A-PHOTO0AEXP End Program END 

Create log file
2014-01-27 12:16:58Z tacttime_calcular_mode_data Start Program Start
2014-01-27 12:16:58Z tacttime_calcular_mode_data Start Program END 

Create log file
2014-01-27 12:16:58Z tacttime_calcular_PMDT0ARRAY0A-PHOTO0AEXP End Program Start
2014-01-27 12:16:58Z tacttime_calcular_PMDT0ARRAY0A-PHOTO0AEXP End Program END 

Create log file
2014-01-27 12:17:00Z tacttime_calcular_mode_data Start Program Start
2014-01-27 12:17:00Z tacttime_calcular_mode_data Start Program END 

Create log file
2014-01-27 12:17:01Z tacttime_calcular_PMDT0ARRAY0A-PHOTO0AEXP End Program Start
2014-01-27 12:17:01Z tacttime_calcular_PMDT0ARRAY0A-PHOTO0AEXP End Program END 

Create log file
2014-01-27 12:17:54Z tacttime_calcular_mode_data Start Program Start
2014-01-27 12:17:54Z tacttime_calcular_mode_data Start Program END 

Create log file
2014-01-27 12:17:54Z tacttime_calcular_PMDT0ARRAY0A-PHOTO0AEXP End Program Start
2014-01-27 12:17:54Z tacttime_calcular_PMDT0ARRAY0A-PHOTO0AEXP End Program END 

Create log file
2014-01-27 12:18:33Z tacttime_calcular_mode_data Start Program Start
2014-01-27 12:18:33Z tacttime_calcular_mode_data Start Program END 

Create log file
2014-01-27 12:18:34Z tacttime_calcular_PMDT0ARRAY0A-PHOTO0AEXP End Program Start
2014-01-27 12:18:34Z tacttime_calcular_PMDT0ARRAY0A-PHOTO0AEXP End Program END 

Create log file
2014-01-27 12:19:19Z tacttime_calcular_mode_data Start Program Start
2014-01-27 12:19:19Z tacttime_calcular_mode_data Start Program END 

Create log file
2014-01-27 12:19:20Z tacttime_calcular_PMDT0ARRAY0A-PHOTO0AEXP End Program Start
2014-01-27 12:19:20Z tacttime_calcular_PMDT0ARRAY0A-PHOTO0AEXP End Program END 

Create log file
2014-01-27 12:19:30Z tacttime_calcular_mode_data Start Program Start
2014-01-27 12:19:30Z tacttime_calcular_mode_data Start Program END 

Create log file
2014-01-27 12:19:31Z tacttime_calcular_PMDT0ARRAY0A-PHOTO0AEXP End Program Start
2014-01-27 12:19:31Z tacttime_calcular_PMDT0ARRAY0A-PHOTO0AEXP End Program END 

Create log file
2014-01-27 12:20:15Z tacttime_calcular_mode_data Start Program Start
2014-01-27 12:20:15Z tacttime_calcular_mode_data Start Program END 

Create log file
2014-01-27 12:20:16Z tacttime_calcular_PMDT0ARRAY0A-PHOTO0AEXP End Program Start
2014-01-27 12:20:16Z tacttime_calcular_PMDT0ARRAY0A-PHOTO0AEXP End Program END 

Create log file
2014-01-27 12:20:23Z tacttime_calcular_mode_data Start Program Start
2014-01-27 12:20:23Z tacttime_calcular_mode_data Start Program END 

Create log file
2014-01-27 12:20:24Z tacttime_calcular_PMDT0ARRAY0A-PHOTO0AEXP End Program Start
2014-01-27 12:20:24Z tacttime_calcular_PMDT0ARRAY0A-PHOTO0AEXP End Program END 

Create log file
2014-01-27 12:20:41Z tacttime_calcular_mode_data Start Program Start
2014-01-27 12:20:41Z tacttime_calcular_mode_data Start Program END 

Create log file
2014-01-27 12:20:42Z tacttime_calcular_PMDT0ARRAY0A-PHOTO0AEXP End Program Start
2014-01-27 12:20:42Z tacttime_calcular_PMDT0ARRAY0A-PHOTO0AEXP End Program END 

Create log file
2014-01-27 12:20:44Z tacttime_calcular_mode_data Start Program Start
2014-01-27 12:20:44Z tacttime_calcular_mode_data Start Program END 

Create log file
2014-01-27 12:20:45Z tacttime_calcular_PMDT0ARRAY0A-PHOTO0AEXP End Program Start
2014-01-27 12:20:45Z tacttime_calcular_PMDT0ARRAY0A-PHOTO0AEXP End Program END 

Create log file
2014-01-27 12:21:37Z tacttime_calcular_mode_data Start Program Start
2014-01-27 12:21:37Z tacttime_calcular_mode_data Start Program END 

Create log file
2014-01-27 12:21:38Z tacttime_calcular_PMDT0ARRAY0A-PHOTO0AEXP End Program Start
2014-01-27 12:21:38Z tacttime_calcular_PMDT0ARRAY0A-PHOTO0AEXP End Program END 

Create log file
2014-01-27 12:21:38Z tacttime_calcular_mode_data Start Program Start
2014-01-27 12:21:38Z tacttime_calcular_mode_data Start Program END 

Create log file
2014-01-27 12:21:38Z tacttime_calcular_PMDT0ARRAY0A-PHOTO0AEXP End Program Start
2014-01-27 12:21:38Z tacttime_calcular_PMDT0ARRAY0A-PHOTO0AEXP End Program END 

Create log file
2014-01-27 12:21:39Z tacttime_calcular_mode_data Start Program Start
2014-01-27 12:21:39Z tacttime_calcular_mode_data Start Program END 

Create log file
2014-01-27 12:21:39Z tacttime_calcular_PMDT0ARRAY0A-PHOTO0AEXP End Program Start
2014-01-27 12:21:39Z tacttime_calcular_PMDT0ARRAY0A-PHOTO0AEXP End Program END 

Create log file
2014-01-27 12:21:39Z PP Tacttime  calcular_mode_data_T0ARRAY_0A-PHOTO_0AEXP0.95 start  Program Start
2014-01-27 12:21:39Z PP Tacttime  calcular_mode_data_T0ARRAY_0A-PHOTO_0AEXP0.95 start  Program END 

Create log file
2014-01-27 12:21:41Z PP Tacttime  calcular_mode_data_T0ARRAY_0A-PHOTO_0AEXP0.95 End  Program Start
2014-01-27 12:21:41Z PP Tacttime  calcular_mode_data_T0ARRAY_0A-PHOTO_0AEXP0.95 End  Program END 

Create log file
2014-01-27 12:22:11Z tacttime_calcular_mode_data Start Program Start
2014-01-27 12:22:11Z tacttime_calcular_mode_data Start Program END 

Create log file
2014-01-27 12:22:12Z tacttime_calcular_PMDT0ARRAY0A-PHOTO0ADEV End Program Start
2014-01-27 12:22:12Z tacttime_calcular_PMDT0ARRAY0A-PHOTO0ADEV End Program END 

Create log file
2014-01-27 12:22:31Z tacttime_calcular_mode_data Start Program Start
2014-01-27 12:22:31Z tacttime_calcular_mode_data Start Program END 

Create log file
2014-01-27 12:22:32Z tacttime_calcular_PMDT0ARRAY0A-PHOTO0ADEV End Program Start
2014-01-27 12:22:32Z tacttime_calcular_PMDT0ARRAY0A-PHOTO0ADEV End Program END 

Create log file
2014-01-27 12:22:40Z tacttime_calcular_mode_data Start Program Start
2014-01-27 12:22:40Z tacttime_calcular_mode_data Start Program END 

Create log file
2014-01-27 12:22:41Z tacttime_calcular_PMDT0ARRAY0A-PHOTO0ADEV End Program Start
2014-01-27 12:22:41Z tacttime_calcular_PMDT0ARRAY0A-PHOTO0ADEV End Program END 

Create log file
2014-01-27 12:22:42Z tacttime_calcular_mode_data Start Program Start
2014-01-27 12:22:42Z tacttime_calcular_mode_data Start Program END 

Create log file
2014-01-27 12:22:42Z tacttime_calcular_PMDT0ARRAY0A-PHOTO0ADEV End Program Start
2014-01-27 12:22:42Z tacttime_calcular_PMDT0ARRAY0A-PHOTO0ADEV End Program END 

Create log file
2014-01-27 12:22:45Z tacttime_calcular_mode_data Start Program Start
2014-01-27 12:22:45Z tacttime_calcular_mode_data Start Program END 

Create log file
2014-01-27 12:22:46Z tacttime_calcular_PMDT0ARRAY0A-PHOTO0ADEV End Program Start
2014-01-27 12:22:46Z tacttime_calcular_PMDT0ARRAY0A-PHOTO0ADEV End Program END 

Create log file
2014-01-27 12:23:32Z tacttime_calcular_mode_data Start Program Start
2014-01-27 12:23:32Z tacttime_calcular_mode_data Start Program END 

Create log file
2014-01-27 12:23:33Z tacttime_calcular_PMDT0ARRAY0A-PHOTO0ADEV End Program Start
2014-01-27 12:23:33Z tacttime_calcular_PMDT0ARRAY0A-PHOTO0ADEV End Program END 

Create log file
2014-01-27 12:23:50Z tacttime_calcular_mode_data Start Program Start
2014-01-27 12:23:50Z tacttime_calcular_mode_data Start Program END 

Create log file
2014-01-27 12:23:50Z tacttime_calcular_PMDT0ARRAY0A-PHOTO0ADEV End Program Start
2014-01-27 12:23:50Z tacttime_calcular_PMDT0ARRAY0A-PHOTO0ADEV End Program END 

Create log file
2014-01-27 12:23:53Z tacttime_calcular_mode_data Start Program Start
2014-01-27 12:23:53Z tacttime_calcular_mode_data Start Program END 

Create log file
2014-01-27 12:23:54Z tacttime_calcular_PMDT0ARRAY0A-PHOTO0ADEV End Program Start
2014-01-27 12:23:54Z tacttime_calcular_PMDT0ARRAY0A-PHOTO0ADEV End Program END 

Create log file
2014-01-27 12:24:39Z tacttime_calcular_mode_data Start Program Start
2014-01-27 12:24:39Z tacttime_calcular_mode_data Start Program END 

Create log file
2014-01-27 12:24:40Z tacttime_calcular_PMDT0ARRAY0A-PHOTO0ADEV End Program Start
2014-01-27 12:24:40Z tacttime_calcular_PMDT0ARRAY0A-PHOTO0ADEV End Program END 

Create log file
2014-01-27 12:25:05Z tacttime_calcular_mode_data Start Program Start
2014-01-27 12:25:05Z tacttime_calcular_mode_data Start Program END 

Create log file
2014-01-27 12:25:07Z tacttime_calcular_PMDT0ARRAY0A-PHOTO0ADEV End Program Start
2014-01-27 12:25:07Z tacttime_calcular_PMDT0ARRAY0A-PHOTO0ADEV End Program END 

Create log file
2014-01-27 12:26:14Z tacttime_calcular_mode_data Start Program Start
2014-01-27 12:26:14Z tacttime_calcular_mode_data Start Program END 

Create log file
2014-01-27 12:26:16Z tacttime_calcular_PMDT0ARRAY0A-PHOTO0ADEV End Program Start
2014-01-27 12:26:16Z tacttime_calcular_PMDT0ARRAY0A-PHOTO0ADEV End Program END 

Create log file
2014-01-27 12:26:17Z tacttime_calcular_mode_data Start Program Start
2014-01-27 12:26:17Z tacttime_calcular_mode_data Start Program END 

Create log file
2014-01-27 12:26:17Z tacttime_calcular_PMDT0ARRAY0A-PHOTO0ADEV End Program Start
2014-01-27 12:26:17Z tacttime_calcular_PMDT0ARRAY0A-PHOTO0ADEV End Program END 

Create log file
2014-01-27 12:26:58Z tacttime_calcular_mode_data Start Program Start
2014-01-27 12:26:58Z tacttime_calcular_mode_data Start Program END 

Create log file
2014-01-27 12:26:59Z tacttime_calcular_PMDT0ARRAY0A-PHOTO0ADEV End Program Start
2014-01-27 12:26:59Z tacttime_calcular_PMDT0ARRAY0A-PHOTO0ADEV End Program END 

Create log file
2014-01-27 12:27:00Z tacttime_calcular_mode_data Start Program Start
2014-01-27 12:27:00Z tacttime_calcular_mode_data Start Program END 

Create log file
2014-01-27 12:27:00Z tacttime_calcular_PMDT0ARRAY0A-PHOTO0ADEV End Program Start
2014-01-27 12:27:00Z tacttime_calcular_PMDT0ARRAY0A-PHOTO0ADEV End Program END 

Create log file
2014-01-27 12:27:00Z PP Tacttime  calcular_mode_data_T0ARRAY_0A-PHOTO_0ADEV0.95 start  Program Start
2014-01-27 12:27:00Z PP Tacttime  calcular_mode_data_T0ARRAY_0A-PHOTO_0ADEV0.95 start  Program END 

Create log file
2014-01-27 12:27:04Z PP Tacttime  calcular_mode_data_T0ARRAY_0A-PHOTO_0ADEV0.95 End  Program Start
2014-01-27 12:27:04Z PP Tacttime  calcular_mode_data_T0ARRAY_0A-PHOTO_0ADEV0.95 End  Program END 

