Create log file
2014-03-03 01:01:44Z tacttime_calcular_mode_data Start Program Start
2014-03-03 01:01:44Z tacttime_calcular_mode_data Start Program END 

Create log file
2014-03-03 01:01:47Z tacttime_calcular_PMDT0ARRAY0A-TF0APDC End Program Start
2014-03-03 01:01:47Z tacttime_calcular_PMDT0ARRAY0A-TF0APDC End Program END 

Create log file
2014-03-03 01:02:04Z tacttime_calcular_mode_data Start Program Start
2014-03-03 01:02:04Z tacttime_calcular_mode_data Start Program END 

Create log file
2014-03-03 01:02:05Z tacttime_calcular_PMDT0ARRAY0A-TF0APDC End Program Start
2014-03-03 01:02:05Z tacttime_calcular_PMDT0ARRAY0A-TF0APDC End Program END 

Create log file
2014-03-03 01:03:53Z tacttime_calcular_mode_data Start Program Start
2014-03-03 01:03:53Z tacttime_calcular_mode_data Start Program END 

Create log file
2014-03-03 01:03:54Z tacttime_calcular_PMDT0ARRAY0A-TF0APDC End Program Start
2014-03-03 01:03:54Z tacttime_calcular_PMDT0ARRAY0A-TF0APDC End Program END 

Create log file
2014-03-03 01:04:21Z tacttime_calcular_mode_data Start Program Start
2014-03-03 01:04:21Z tacttime_calcular_mode_data Start Program END 

Create log file
2014-03-03 01:04:21Z tacttime_calcular_PMDT0ARRAY0A-TF0APDC End Program Start
2014-03-03 01:04:21Z tacttime_calcular_PMDT0ARRAY0A-TF0APDC End Program END 

Create log file
2014-03-03 01:04:28Z tacttime_calcular_mode_data Start Program Start
2014-03-03 01:04:28Z tacttime_calcular_mode_data Start Program END 

Create log file
2014-03-03 01:04:28Z tacttime_calcular_PMDT0ARRAY0A-TF0APDC End Program Start
2014-03-03 01:04:28Z tacttime_calcular_PMDT0ARRAY0A-TF0APDC End Program END 

Create log file
2014-03-03 01:04:29Z PP Tacttime  calcular_mode_data_T0ARRAY_0A-TF_0APDC0.95 start  Program Start
2014-03-03 01:04:29Z PP Tacttime  calcular_mode_data_T0ARRAY_0A-TF_0APDC0.95 start  Program END 

Create log file
2014-03-03 01:04:29Z PP Tacttime  calcular_mode_data_T0ARRAY_0A-TF_0APDC0.95 End  Program Start
2014-03-03 01:04:29Z PP Tacttime  calcular_mode_data_T0ARRAY_0A-TF_0APDC0.95 End  Program END 

Create log file
2014-03-03 01:04:52Z tacttime_calcular_mode_data Start Program Start
2014-03-03 01:04:52Z tacttime_calcular_mode_data Start Program END 

Create log file
2014-03-03 01:04:52Z tacttime_calcular_PMDT0ARRAY0A-TF0APVD End Program Start
2014-03-03 01:04:52Z tacttime_calcular_PMDT0ARRAY0A-TF0APVD End Program END 

Create log file
2014-03-03 01:05:06Z tacttime_calcular_mode_data Start Program Start
2014-03-03 01:05:06Z tacttime_calcular_mode_data Start Program END 

Create log file
2014-03-03 01:05:06Z tacttime_calcular_PMDT0ARRAY0A-TF0APVD End Program Start
2014-03-03 01:05:06Z tacttime_calcular_PMDT0ARRAY0A-TF0APVD End Program END 

Create log file
2014-03-03 01:05:07Z tacttime_calcular_mode_data Start Program Start
2014-03-03 01:05:07Z tacttime_calcular_mode_data Start Program END 

Create log file
2014-03-03 01:05:07Z tacttime_calcular_PMDT0ARRAY0A-TF0APVD End Program Start
2014-03-03 01:05:07Z tacttime_calcular_PMDT0ARRAY0A-TF0APVD End Program END 

Create log file
2014-03-03 01:05:08Z tacttime_calcular_mode_data Start Program Start
2014-03-03 01:05:08Z tacttime_calcular_mode_data Start Program END 

Create log file
2014-03-03 01:05:08Z tacttime_calcular_PMDT0ARRAY0A-TF0APVD End Program Start
2014-03-03 01:05:08Z tacttime_calcular_PMDT0ARRAY0A-TF0APVD End Program END 

Create log file
2014-03-03 01:05:12Z tacttime_calcular_mode_data Start Program Start
2014-03-03 01:05:12Z tacttime_calcular_mode_data Start Program END 

Create log file
2014-03-03 01:05:12Z tacttime_calcular_PMDT0ARRAY0A-TF0APVD End Program Start
2014-03-03 01:05:12Z tacttime_calcular_PMDT0ARRAY0A-TF0APVD End Program END 

Create log file
2014-03-03 01:05:23Z tacttime_calcular_mode_data Start Program Start
2014-03-03 01:05:23Z tacttime_calcular_mode_data Start Program END 

Create log file
2014-03-03 01:05:24Z tacttime_calcular_PMDT0ARRAY0A-TF0APVD End Program Start
2014-03-03 01:05:24Z tacttime_calcular_PMDT0ARRAY0A-TF0APVD End Program END 

Create log file
2014-03-03 01:05:25Z tacttime_calcular_mode_data Start Program Start
2014-03-03 01:05:25Z tacttime_calcular_mode_data Start Program END 

Create log file
2014-03-03 01:05:25Z tacttime_calcular_PMDT0ARRAY0A-TF0APVD End Program Start
2014-03-03 01:05:25Z tacttime_calcular_PMDT0ARRAY0A-TF0APVD End Program END 

Create log file
2014-03-03 01:05:38Z tacttime_calcular_mode_data Start Program Start
2014-03-03 01:05:38Z tacttime_calcular_mode_data Start Program END 

Create log file
2014-03-03 01:05:38Z tacttime_calcular_PMDT0ARRAY0A-TF0APVD End Program Start
2014-03-03 01:05:38Z tacttime_calcular_PMDT0ARRAY0A-TF0APVD End Program END 

Create log file
2014-03-03 01:05:49Z tacttime_calcular_mode_data Start Program Start
2014-03-03 01:05:49Z tacttime_calcular_mode_data Start Program END 

Create log file
2014-03-03 01:05:50Z tacttime_calcular_PMDT0ARRAY0A-TF0APVD End Program Start
2014-03-03 01:05:50Z tacttime_calcular_PMDT0ARRAY0A-TF0APVD End Program END 

Create log file
2014-03-03 01:05:53Z tacttime_calcular_mode_data Start Program Start
2014-03-03 01:05:53Z tacttime_calcular_mode_data Start Program END 

Create log file
2014-03-03 01:05:53Z tacttime_calcular_PMDT0ARRAY0A-TF0APVD End Program Start
2014-03-03 01:05:53Z tacttime_calcular_PMDT0ARRAY0A-TF0APVD End Program END 

Create log file
2014-03-03 01:06:08Z tacttime_calcular_mode_data Start Program Start
2014-03-03 01:06:08Z tacttime_calcular_mode_data Start Program END 

Create log file
2014-03-03 01:06:08Z tacttime_calcular_PMDT0ARRAY0A-TF0APVD End Program Start
2014-03-03 01:06:08Z tacttime_calcular_PMDT0ARRAY0A-TF0APVD End Program END 

Create log file
2014-03-03 01:06:32Z tacttime_calcular_mode_data Start Program Start
2014-03-03 01:06:32Z tacttime_calcular_mode_data Start Program END 

Create log file
2014-03-03 01:06:32Z tacttime_calcular_PMDT0ARRAY0A-TF0APVD End Program Start
2014-03-03 01:06:32Z tacttime_calcular_PMDT0ARRAY0A-TF0APVD End Program END 

Create log file
2014-03-03 01:07:08Z tacttime_calcular_mode_data Start Program Start
2014-03-03 01:07:08Z tacttime_calcular_mode_data Start Program END 

Create log file
2014-03-03 01:07:08Z tacttime_calcular_PMDT0ARRAY0A-TF0APVD End Program Start
2014-03-03 01:07:08Z tacttime_calcular_PMDT0ARRAY0A-TF0APVD End Program END 

Create log file
2014-03-03 01:07:19Z tacttime_calcular_mode_data Start Program Start
2014-03-03 01:07:19Z tacttime_calcular_mode_data Start Program END 

Create log file
2014-03-03 01:07:19Z tacttime_calcular_PMDT0ARRAY0A-TF0APVD End Program Start
2014-03-03 01:07:19Z tacttime_calcular_PMDT0ARRAY0A-TF0APVD End Program END 

Create log file
2014-03-03 01:07:20Z tacttime_calcular_mode_data Start Program Start
2014-03-03 01:07:20Z tacttime_calcular_mode_data Start Program END 

Create log file
2014-03-03 01:07:20Z tacttime_calcular_PMDT0ARRAY0A-TF0APVD End Program Start
2014-03-03 01:07:20Z tacttime_calcular_PMDT0ARRAY0A-TF0APVD End Program END 

Create log file
2014-03-03 01:07:20Z PP Tacttime  calcular_mode_data_T0ARRAY_0A-TF_0APVD0.95 start  Program Start
2014-03-03 01:07:20Z PP Tacttime  calcular_mode_data_T0ARRAY_0A-TF_0APVD0.95 start  Program END 

Create log file
2014-03-03 01:07:21Z PP Tacttime  calcular_mode_data_T0ARRAY_0A-TF_0APVD0.95 End  Program Start
2014-03-03 01:07:21Z PP Tacttime  calcular_mode_data_T0ARRAY_0A-TF_0APVD0.95 End  Program END 

Create log file
2014-03-03 01:08:05Z tacttime_calcular_mode_data Start Program Start
2014-03-03 01:08:05Z tacttime_calcular_mode_data Start Program END 

Create log file
2014-03-03 01:08:06Z tacttime_calcular_PMDT0ARRAY0A-ETCH0AWET End Program Start
2014-03-03 01:08:06Z tacttime_calcular_PMDT0ARRAY0A-ETCH0AWET End Program END 

Create log file
2014-03-03 01:08:16Z tacttime_calcular_mode_data Start Program Start
2014-03-03 01:08:16Z tacttime_calcular_mode_data Start Program END 

Create log file
2014-03-03 01:08:16Z tacttime_calcular_PMDT0ARRAY0A-ETCH0AWET End Program Start
2014-03-03 01:08:16Z tacttime_calcular_PMDT0ARRAY0A-ETCH0AWET End Program END 

Create log file
2014-03-03 01:08:24Z tacttime_calcular_mode_data Start Program Start
2014-03-03 01:08:24Z tacttime_calcular_mode_data Start Program END 

Create log file
2014-03-03 01:08:24Z tacttime_calcular_PMDT0ARRAY0A-ETCH0AWET End Program Start
2014-03-03 01:08:24Z tacttime_calcular_PMDT0ARRAY0A-ETCH0AWET End Program END 

Create log file
2014-03-03 01:08:27Z tacttime_calcular_mode_data Start Program Start
2014-03-03 01:08:27Z tacttime_calcular_mode_data Start Program END 

Create log file
2014-03-03 01:08:28Z tacttime_calcular_PMDT0ARRAY0A-ETCH0AWET End Program Start
2014-03-03 01:08:28Z tacttime_calcular_PMDT0ARRAY0A-ETCH0AWET End Program END 

Create log file
2014-03-03 01:08:49Z tacttime_calcular_mode_data Start Program Start
2014-03-03 01:08:49Z tacttime_calcular_mode_data Start Program END 

Create log file
2014-03-03 01:08:49Z tacttime_calcular_PMDT0ARRAY0A-ETCH0AWET End Program Start
2014-03-03 01:08:49Z tacttime_calcular_PMDT0ARRAY0A-ETCH0AWET End Program END 

Create log file
2014-03-03 01:08:50Z tacttime_calcular_mode_data Start Program Start
2014-03-03 01:08:50Z tacttime_calcular_mode_data Start Program END 

Create log file
2014-03-03 01:08:50Z tacttime_calcular_PMDT0ARRAY0A-ETCH0AWET End Program Start
2014-03-03 01:08:50Z tacttime_calcular_PMDT0ARRAY0A-ETCH0AWET End Program END 

Create log file
2014-03-03 01:08:56Z tacttime_calcular_mode_data Start Program Start
2014-03-03 01:08:56Z tacttime_calcular_mode_data Start Program END 

Create log file
2014-03-03 01:08:56Z tacttime_calcular_PMDT0ARRAY0A-ETCH0AWET End Program Start
2014-03-03 01:08:56Z tacttime_calcular_PMDT0ARRAY0A-ETCH0AWET End Program END 

Create log file
2014-03-03 01:09:06Z tacttime_calcular_mode_data Start Program Start
2014-03-03 01:09:06Z tacttime_calcular_mode_data Start Program END 

Create log file
2014-03-03 01:09:06Z tacttime_calcular_PMDT0ARRAY0A-ETCH0AWET End Program Start
2014-03-03 01:09:06Z tacttime_calcular_PMDT0ARRAY0A-ETCH0AWET End Program END 

Create log file
2014-03-03 01:09:06Z tacttime_calcular_mode_data Start Program Start
2014-03-03 01:09:06Z tacttime_calcular_mode_data Start Program END 

Create log file
2014-03-03 01:09:06Z tacttime_calcular_PMDT0ARRAY0A-ETCH0AWET End Program Start
2014-03-03 01:09:06Z tacttime_calcular_PMDT0ARRAY0A-ETCH0AWET End Program END 

Create log file
2014-03-03 01:09:42Z tacttime_calcular_mode_data Start Program Start
2014-03-03 01:09:42Z tacttime_calcular_mode_data Start Program END 

Create log file
2014-03-03 01:09:43Z tacttime_calcular_PMDT0ARRAY0A-ETCH0AWET End Program Start
2014-03-03 01:09:43Z tacttime_calcular_PMDT0ARRAY0A-ETCH0AWET End Program END 

Create log file
2014-03-03 01:09:43Z PP Tacttime  calcular_mode_data_T0ARRAY_0A-ETCH_0AWET0.95 start  Program Start
2014-03-03 01:09:43Z PP Tacttime  calcular_mode_data_T0ARRAY_0A-ETCH_0AWET0.95 start  Program END 

Create log file
2014-03-03 01:09:44Z PP Tacttime  calcular_mode_data_T0ARRAY_0A-ETCH_0AWET0.95 End  Program Start
2014-03-03 01:09:44Z PP Tacttime  calcular_mode_data_T0ARRAY_0A-ETCH_0AWET0.95 End  Program END 

Create log file
2014-03-03 01:10:53Z tacttime_calcular_mode_data Start Program Start
2014-03-03 01:10:53Z tacttime_calcular_mode_data Start Program END 

Create log file
2014-03-03 01:10:55Z tacttime_calcular_PMDT0ARRAY0A-TF0AINC End Program Start
2014-03-03 01:10:55Z tacttime_calcular_PMDT0ARRAY0A-TF0AINC End Program END 

Create log file
2014-03-03 01:10:55Z PP Tacttime  calcular_mode_data_T0ARRAY_0A-TF_0AINC0.95 start  Program Start
2014-03-03 01:10:55Z PP Tacttime  calcular_mode_data_T0ARRAY_0A-TF_0AINC0.95 start  Program END 

Create log file
2014-03-03 01:10:55Z PP Tacttime  calcular_mode_data_T0ARRAY_0A-TF_0AINC0.95 End  Program Start
2014-03-03 01:10:55Z PP Tacttime  calcular_mode_data_T0ARRAY_0A-TF_0AINC0.95 End  Program END 

Create log file
2014-03-03 02:01:00Z tacttime_calcular_mode_data Start Program Start
2014-03-03 02:01:00Z tacttime_calcular_mode_data Start Program END 

Create log file
2014-03-03 02:01:01Z tacttime_calcular_PMDT0ARRAY0A-ETCH0ASTR End Program Start
2014-03-03 02:01:01Z tacttime_calcular_PMDT0ARRAY0A-ETCH0ASTR End Program END 

Create log file
2014-03-03 02:01:06Z tacttime_calcular_mode_data Start Program Start
2014-03-03 02:01:06Z tacttime_calcular_mode_data Start Program END 

Create log file
2014-03-03 02:01:06Z tacttime_calcular_PMDT0ARRAY0A-ETCH0ASTR End Program Start
2014-03-03 02:01:06Z tacttime_calcular_PMDT0ARRAY0A-ETCH0ASTR End Program END 

Create log file
2014-03-03 02:02:57Z tacttime_calcular_mode_data Start Program Start
2014-03-03 02:02:57Z tacttime_calcular_mode_data Start Program END 

Create log file
2014-03-03 02:02:58Z tacttime_calcular_PMDT0ARRAY0A-ETCH0ASTR End Program Start
2014-03-03 02:02:58Z tacttime_calcular_PMDT0ARRAY0A-ETCH0ASTR End Program END 

Create log file
2014-03-03 02:03:24Z tacttime_calcular_mode_data Start Program Start
2014-03-03 02:03:24Z tacttime_calcular_mode_data Start Program END 

Create log file
2014-03-03 02:03:24Z tacttime_calcular_PMDT0ARRAY0A-ETCH0ASTR End Program Start
2014-03-03 02:03:24Z tacttime_calcular_PMDT0ARRAY0A-ETCH0ASTR End Program END 

Create log file
2014-03-03 02:04:11Z tacttime_calcular_mode_data Start Program Start
2014-03-03 02:04:11Z tacttime_calcular_mode_data Start Program END 

Create log file
2014-03-03 02:04:12Z tacttime_calcular_PMDT0ARRAY0A-ETCH0ASTR End Program Start
2014-03-03 02:04:12Z tacttime_calcular_PMDT0ARRAY0A-ETCH0ASTR End Program END 

Create log file
2014-03-03 02:04:56Z tacttime_calcular_mode_data Start Program Start
2014-03-03 02:04:56Z tacttime_calcular_mode_data Start Program END 

Create log file
2014-03-03 02:04:57Z tacttime_calcular_PMDT0ARRAY0A-ETCH0ASTR End Program Start
2014-03-03 02:04:57Z tacttime_calcular_PMDT0ARRAY0A-ETCH0ASTR End Program END 

Create log file
2014-03-03 02:05:02Z tacttime_calcular_mode_data Start Program Start
2014-03-03 02:05:02Z tacttime_calcular_mode_data Start Program END 

Create log file
2014-03-03 02:05:02Z tacttime_calcular_PMDT0ARRAY0A-ETCH0ASTR End Program Start
2014-03-03 02:05:02Z tacttime_calcular_PMDT0ARRAY0A-ETCH0ASTR End Program END 

Create log file
2014-03-03 02:05:02Z PP Tacttime  calcular_mode_data_T0ARRAY_0A-ETCH_0ASTR0.95 start  Program Start
2014-03-03 02:05:02Z PP Tacttime  calcular_mode_data_T0ARRAY_0A-ETCH_0ASTR0.95 start  Program END 

Create log file
2014-03-03 02:05:03Z PP Tacttime  calcular_mode_data_T0ARRAY_0A-ETCH_0ASTR0.95 End  Program Start
2014-03-03 02:05:03Z PP Tacttime  calcular_mode_data_T0ARRAY_0A-ETCH_0ASTR0.95 End  Program END 

Create log file
2014-03-03 02:05:56Z tacttime_calcular_mode_data Start Program Start
2014-03-03 02:05:56Z tacttime_calcular_mode_data Start Program END 

Create log file
2014-03-03 02:05:57Z tacttime_calcular_PMDT0ARRAY0A-PHOTO0ACOA End Program Start
2014-03-03 02:05:57Z tacttime_calcular_PMDT0ARRAY0A-PHOTO0ACOA End Program END 

Create log file
2014-03-03 02:06:01Z tacttime_calcular_mode_data Start Program Start
2014-03-03 02:06:01Z tacttime_calcular_mode_data Start Program END 

Create log file
2014-03-03 02:06:01Z tacttime_calcular_PMDT0ARRAY0A-PHOTO0ACOA End Program Start
2014-03-03 02:06:01Z tacttime_calcular_PMDT0ARRAY0A-PHOTO0ACOA End Program END 

Create log file
2014-03-03 02:06:04Z tacttime_calcular_mode_data Start Program Start
2014-03-03 02:06:04Z tacttime_calcular_mode_data Start Program END 

Create log file
2014-03-03 02:06:04Z tacttime_calcular_PMDT0ARRAY0A-PHOTO0ACOA End Program Start
2014-03-03 02:06:04Z tacttime_calcular_PMDT0ARRAY0A-PHOTO0ACOA End Program END 

Create log file
2014-03-03 02:06:08Z tacttime_calcular_mode_data Start Program Start
2014-03-03 02:06:08Z tacttime_calcular_mode_data Start Program END 

Create log file
2014-03-03 02:06:09Z tacttime_calcular_PMDT0ARRAY0A-PHOTO0ACOA End Program Start
2014-03-03 02:06:09Z tacttime_calcular_PMDT0ARRAY0A-PHOTO0ACOA End Program END 

Create log file
2014-03-03 02:06:41Z tacttime_calcular_mode_data Start Program Start
2014-03-03 02:06:41Z tacttime_calcular_mode_data Start Program END 

Create log file
2014-03-03 02:06:45Z tacttime_calcular_PMDT0ARRAY0A-PHOTO0ACOA End Program Start
2014-03-03 02:06:45Z tacttime_calcular_PMDT0ARRAY0A-PHOTO0ACOA End Program END 

Create log file
2014-03-03 02:06:54Z tacttime_calcular_mode_data Start Program Start
2014-03-03 02:06:54Z tacttime_calcular_mode_data Start Program END 

Create log file
2014-03-03 02:07:00Z tacttime_calcular_PMDT0ARRAY0A-PHOTO0ACOA End Program Start
2014-03-03 02:07:00Z tacttime_calcular_PMDT0ARRAY0A-PHOTO0ACOA End Program END 

Create log file
2014-03-03 02:08:05Z tacttime_calcular_mode_data Start Program Start
2014-03-03 02:08:05Z tacttime_calcular_mode_data Start Program END 

Create log file
2014-03-03 02:08:07Z tacttime_calcular_PMDT0ARRAY0A-PHOTO0ACOA End Program Start
2014-03-03 02:08:07Z tacttime_calcular_PMDT0ARRAY0A-PHOTO0ACOA End Program END 

Create log file
2014-03-03 02:08:10Z tacttime_calcular_mode_data Start Program Start
2014-03-03 02:08:10Z tacttime_calcular_mode_data Start Program END 

Create log file
2014-03-03 02:08:10Z tacttime_calcular_PMDT0ARRAY0A-PHOTO0ACOA End Program Start
2014-03-03 02:08:10Z tacttime_calcular_PMDT0ARRAY0A-PHOTO0ACOA End Program END 

Create log file
2014-03-03 02:08:12Z tacttime_calcular_mode_data Start Program Start
2014-03-03 02:08:12Z tacttime_calcular_mode_data Start Program END 

Create log file
2014-03-03 02:08:12Z tacttime_calcular_PMDT0ARRAY0A-PHOTO0ACOA End Program Start
2014-03-03 02:08:12Z tacttime_calcular_PMDT0ARRAY0A-PHOTO0ACOA End Program END 

Create log file
2014-03-03 02:08:19Z tacttime_calcular_mode_data Start Program Start
2014-03-03 02:08:19Z tacttime_calcular_mode_data Start Program END 

Create log file
2014-03-03 02:08:20Z tacttime_calcular_PMDT0ARRAY0A-PHOTO0ACOA End Program Start
2014-03-03 02:08:20Z tacttime_calcular_PMDT0ARRAY0A-PHOTO0ACOA End Program END 

Create log file
2014-03-03 02:08:50Z tacttime_calcular_mode_data Start Program Start
2014-03-03 02:08:50Z tacttime_calcular_mode_data Start Program END 

Create log file
2014-03-03 02:08:52Z tacttime_calcular_PMDT0ARRAY0A-PHOTO0ACOA End Program Start
2014-03-03 02:08:52Z tacttime_calcular_PMDT0ARRAY0A-PHOTO0ACOA End Program END 

Create log file
2014-03-03 02:08:55Z tacttime_calcular_mode_data Start Program Start
2014-03-03 02:08:55Z tacttime_calcular_mode_data Start Program END 

Create log file
2014-03-03 02:08:55Z tacttime_calcular_PMDT0ARRAY0A-PHOTO0ACOA End Program Start
2014-03-03 02:08:55Z tacttime_calcular_PMDT0ARRAY0A-PHOTO0ACOA End Program END 

Create log file
2014-03-03 02:08:56Z tacttime_calcular_mode_data Start Program Start
2014-03-03 02:08:56Z tacttime_calcular_mode_data Start Program END 

Create log file
2014-03-03 02:08:56Z tacttime_calcular_PMDT0ARRAY0A-PHOTO0ACOA End Program Start
2014-03-03 02:08:56Z tacttime_calcular_PMDT0ARRAY0A-PHOTO0ACOA End Program END 

Create log file
2014-03-03 02:09:01Z tacttime_calcular_mode_data Start Program Start
2014-03-03 02:09:01Z tacttime_calcular_mode_data Start Program END 

Create log file
2014-03-03 02:09:01Z tacttime_calcular_PMDT0ARRAY0A-PHOTO0ACOA End Program Start
2014-03-03 02:09:01Z tacttime_calcular_PMDT0ARRAY0A-PHOTO0ACOA End Program END 

Create log file
2014-03-03 02:10:09Z tacttime_calcular_mode_data Start Program Start
2014-03-03 02:10:09Z tacttime_calcular_mode_data Start Program END 

Create log file
2014-03-03 02:10:11Z tacttime_calcular_PMDT0ARRAY0A-PHOTO0ACOA End Program Start
2014-03-03 02:10:11Z tacttime_calcular_PMDT0ARRAY0A-PHOTO0ACOA End Program END 

Create log file
2014-03-03 02:11:05Z tacttime_calcular_mode_data Start Program Start
2014-03-03 02:11:05Z tacttime_calcular_mode_data Start Program END 

Create log file
2014-03-03 02:11:07Z tacttime_calcular_PMDT0ARRAY0A-PHOTO0ACOA End Program Start
2014-03-03 02:11:07Z tacttime_calcular_PMDT0ARRAY0A-PHOTO0ACOA End Program END 

Create log file
2014-03-03 02:11:14Z tacttime_calcular_mode_data Start Program Start
2014-03-03 02:11:14Z tacttime_calcular_mode_data Start Program END 

Create log file
2014-03-03 02:11:14Z tacttime_calcular_PMDT0ARRAY0A-PHOTO0ACOA End Program Start
2014-03-03 02:11:14Z tacttime_calcular_PMDT0ARRAY0A-PHOTO0ACOA End Program END 

Create log file
2014-03-03 02:11:15Z PP Tacttime  calcular_mode_data_T0ARRAY_0A-PHOTO_0ACOA0.95 start  Program Start
2014-03-03 02:11:15Z PP Tacttime  calcular_mode_data_T0ARRAY_0A-PHOTO_0ACOA0.95 start  Program END 

Create log file
2014-03-03 02:11:23Z PP Tacttime  calcular_mode_data_T0ARRAY_0A-PHOTO_0ACOA0.95 End  Program Start
2014-03-03 02:11:23Z PP Tacttime  calcular_mode_data_T0ARRAY_0A-PHOTO_0ACOA0.95 End  Program END 

Create log file
2014-03-03 02:11:43Z tacttime_calcular_mode_data Start Program Start
2014-03-03 02:11:43Z tacttime_calcular_mode_data Start Program END 

Create log file
2014-03-03 02:11:43Z tacttime_calcular_PMDT0ARRAY0A-PHOTO0AEXP End Program Start
2014-03-03 02:11:43Z tacttime_calcular_PMDT0ARRAY0A-PHOTO0AEXP End Program END 

Create log file
2014-03-03 02:11:50Z tacttime_calcular_mode_data Start Program Start
2014-03-03 02:11:50Z tacttime_calcular_mode_data Start Program END 

Create log file
2014-03-03 02:11:51Z tacttime_calcular_PMDT0ARRAY0A-PHOTO0AEXP End Program Start
2014-03-03 02:11:51Z tacttime_calcular_PMDT0ARRAY0A-PHOTO0AEXP End Program END 

Create log file
2014-03-03 02:11:51Z tacttime_calcular_mode_data Start Program Start
2014-03-03 02:11:51Z tacttime_calcular_mode_data Start Program END 

Create log file
2014-03-03 02:11:51Z tacttime_calcular_PMDT0ARRAY0A-PHOTO0AEXP End Program Start
2014-03-03 02:11:51Z tacttime_calcular_PMDT0ARRAY0A-PHOTO0AEXP End Program END 

Create log file
2014-03-03 02:11:52Z tacttime_calcular_mode_data Start Program Start
2014-03-03 02:11:52Z tacttime_calcular_mode_data Start Program END 

Create log file
2014-03-03 02:11:52Z tacttime_calcular_PMDT0ARRAY0A-PHOTO0AEXP End Program Start
2014-03-03 02:11:52Z tacttime_calcular_PMDT0ARRAY0A-PHOTO0AEXP End Program END 

Create log file
2014-03-03 02:11:54Z tacttime_calcular_mode_data Start Program Start
2014-03-03 02:11:54Z tacttime_calcular_mode_data Start Program END 

Create log file
2014-03-03 02:11:54Z tacttime_calcular_PMDT0ARRAY0A-PHOTO0AEXP End Program Start
2014-03-03 02:11:54Z tacttime_calcular_PMDT0ARRAY0A-PHOTO0AEXP End Program END 

Create log file
2014-03-03 02:11:56Z tacttime_calcular_mode_data Start Program Start
2014-03-03 02:11:56Z tacttime_calcular_mode_data Start Program END 

Create log file
2014-03-03 02:11:56Z tacttime_calcular_PMDT0ARRAY0A-PHOTO0AEXP End Program Start
2014-03-03 02:11:56Z tacttime_calcular_PMDT0ARRAY0A-PHOTO0AEXP End Program END 

Create log file
2014-03-03 02:12:10Z tacttime_calcular_mode_data Start Program Start
2014-03-03 02:12:10Z tacttime_calcular_mode_data Start Program END 

Create log file
2014-03-03 02:12:11Z tacttime_calcular_PMDT0ARRAY0A-PHOTO0AEXP End Program Start
2014-03-03 02:12:11Z tacttime_calcular_PMDT0ARRAY0A-PHOTO0AEXP End Program END 

Create log file
2014-03-03 02:12:16Z tacttime_calcular_mode_data Start Program Start
2014-03-03 02:12:16Z tacttime_calcular_mode_data Start Program END 

Create log file
2014-03-03 02:12:16Z tacttime_calcular_PMDT0ARRAY0A-PHOTO0AEXP End Program Start
2014-03-03 02:12:16Z tacttime_calcular_PMDT0ARRAY0A-PHOTO0AEXP End Program END 

Create log file
2014-03-03 02:12:22Z tacttime_calcular_mode_data Start Program Start
2014-03-03 02:12:22Z tacttime_calcular_mode_data Start Program END 

Create log file
2014-03-03 02:12:23Z tacttime_calcular_PMDT0ARRAY0A-PHOTO0AEXP End Program Start
2014-03-03 02:12:23Z tacttime_calcular_PMDT0ARRAY0A-PHOTO0AEXP End Program END 

Create log file
2014-03-03 02:13:19Z tacttime_calcular_mode_data Start Program Start
2014-03-03 02:13:19Z tacttime_calcular_mode_data Start Program END 

Create log file
2014-03-03 02:13:19Z tacttime_calcular_PMDT0ARRAY0A-PHOTO0AEXP End Program Start
2014-03-03 02:13:19Z tacttime_calcular_PMDT0ARRAY0A-PHOTO0AEXP End Program END 

Create log file
2014-03-03 02:13:21Z tacttime_calcular_mode_data Start Program Start
2014-03-03 02:13:21Z tacttime_calcular_mode_data Start Program END 

Create log file
2014-03-03 02:13:21Z tacttime_calcular_PMDT0ARRAY0A-PHOTO0AEXP End Program Start
2014-03-03 02:13:21Z tacttime_calcular_PMDT0ARRAY0A-PHOTO0AEXP End Program END 

Create log file
2014-03-03 02:13:21Z tacttime_calcular_mode_data Start Program Start
2014-03-03 02:13:21Z tacttime_calcular_mode_data Start Program END 

Create log file
2014-03-03 02:13:21Z tacttime_calcular_PMDT0ARRAY0A-PHOTO0AEXP End Program Start
2014-03-03 02:13:21Z tacttime_calcular_PMDT0ARRAY0A-PHOTO0AEXP End Program END 

Create log file
2014-03-03 02:13:25Z tacttime_calcular_mode_data Start Program Start
2014-03-03 02:13:25Z tacttime_calcular_mode_data Start Program END 

Create log file
2014-03-03 02:13:26Z tacttime_calcular_PMDT0ARRAY0A-PHOTO0AEXP End Program Start
2014-03-03 02:13:26Z tacttime_calcular_PMDT0ARRAY0A-PHOTO0AEXP End Program END 

Create log file
2014-03-03 02:13:54Z tacttime_calcular_mode_data Start Program Start
2014-03-03 02:13:54Z tacttime_calcular_mode_data Start Program END 

Create log file
2014-03-03 02:13:55Z tacttime_calcular_PMDT0ARRAY0A-PHOTO0AEXP End Program Start
2014-03-03 02:13:55Z tacttime_calcular_PMDT0ARRAY0A-PHOTO0AEXP End Program END 

Create log file
2014-03-03 02:14:05Z tacttime_calcular_mode_data Start Program Start
2014-03-03 02:14:05Z tacttime_calcular_mode_data Start Program END 

Create log file
2014-03-03 02:14:05Z tacttime_calcular_PMDT0ARRAY0A-PHOTO0AEXP End Program Start
2014-03-03 02:14:05Z tacttime_calcular_PMDT0ARRAY0A-PHOTO0AEXP End Program END 

Create log file
2014-03-03 02:14:10Z tacttime_calcular_mode_data Start Program Start
2014-03-03 02:14:10Z tacttime_calcular_mode_data Start Program END 

Create log file
2014-03-03 02:14:10Z tacttime_calcular_PMDT0ARRAY0A-PHOTO0AEXP End Program Start
2014-03-03 02:14:10Z tacttime_calcular_PMDT0ARRAY0A-PHOTO0AEXP End Program END 

Create log file
2014-03-03 02:14:11Z tacttime_calcular_mode_data Start Program Start
2014-03-03 02:14:11Z tacttime_calcular_mode_data Start Program END 

Create log file
2014-03-03 02:14:11Z tacttime_calcular_PMDT0ARRAY0A-PHOTO0AEXP End Program Start
2014-03-03 02:14:11Z tacttime_calcular_PMDT0ARRAY0A-PHOTO0AEXP End Program END 

Create log file
2014-03-03 02:14:11Z tacttime_calcular_mode_data Start Program Start
2014-03-03 02:14:11Z tacttime_calcular_mode_data Start Program END 

Create log file
2014-03-03 02:14:12Z tacttime_calcular_PMDT0ARRAY0A-PHOTO0AEXP End Program Start
2014-03-03 02:14:12Z tacttime_calcular_PMDT0ARRAY0A-PHOTO0AEXP End Program END 

Create log file
2014-03-03 02:14:16Z tacttime_calcular_mode_data Start Program Start
2014-03-03 02:14:16Z tacttime_calcular_mode_data Start Program END 

Create log file
2014-03-03 02:14:16Z tacttime_calcular_PMDT0ARRAY0A-PHOTO0AEXP End Program Start
2014-03-03 02:14:16Z tacttime_calcular_PMDT0ARRAY0A-PHOTO0AEXP End Program END 

Create log file
2014-03-03 02:14:30Z tacttime_calcular_mode_data Start Program Start
2014-03-03 02:14:30Z tacttime_calcular_mode_data Start Program END 

Create log file
2014-03-03 02:14:30Z tacttime_calcular_PMDT0ARRAY0A-PHOTO0AEXP End Program Start
2014-03-03 02:14:30Z tacttime_calcular_PMDT0ARRAY0A-PHOTO0AEXP End Program END 

Create log file
2014-03-03 02:14:40Z tacttime_calcular_mode_data Start Program Start
2014-03-03 02:14:40Z tacttime_calcular_mode_data Start Program END 

Create log file
2014-03-03 02:14:41Z tacttime_calcular_PMDT0ARRAY0A-PHOTO0AEXP End Program Start
2014-03-03 02:14:41Z tacttime_calcular_PMDT0ARRAY0A-PHOTO0AEXP End Program END 

Create log file
2014-03-03 02:15:12Z tacttime_calcular_mode_data Start Program Start
2014-03-03 02:15:12Z tacttime_calcular_mode_data Start Program END 

Create log file
2014-03-03 02:15:12Z tacttime_calcular_PMDT0ARRAY0A-PHOTO0AEXP End Program Start
2014-03-03 02:15:12Z tacttime_calcular_PMDT0ARRAY0A-PHOTO0AEXP End Program END 

Create log file
2014-03-03 02:15:17Z tacttime_calcular_mode_data Start Program Start
2014-03-03 02:15:17Z tacttime_calcular_mode_data Start Program END 

Create log file
2014-03-03 02:15:17Z tacttime_calcular_PMDT0ARRAY0A-PHOTO0AEXP End Program Start
2014-03-03 02:15:17Z tacttime_calcular_PMDT0ARRAY0A-PHOTO0AEXP End Program END 

Create log file
2014-03-03 02:15:18Z tacttime_calcular_mode_data Start Program Start
2014-03-03 02:15:18Z tacttime_calcular_mode_data Start Program END 

Create log file
2014-03-03 02:15:18Z tacttime_calcular_PMDT0ARRAY0A-PHOTO0AEXP End Program Start
2014-03-03 02:15:18Z tacttime_calcular_PMDT0ARRAY0A-PHOTO0AEXP End Program END 

Create log file
2014-03-03 02:15:19Z tacttime_calcular_mode_data Start Program Start
2014-03-03 02:15:19Z tacttime_calcular_mode_data Start Program END 

Create log file
2014-03-03 02:15:19Z tacttime_calcular_PMDT0ARRAY0A-PHOTO0AEXP End Program Start
2014-03-03 02:15:19Z tacttime_calcular_PMDT0ARRAY0A-PHOTO0AEXP End Program END 

Create log file
2014-03-03 02:15:19Z tacttime_calcular_mode_data Start Program Start
2014-03-03 02:15:19Z tacttime_calcular_mode_data Start Program END 

Create log file
2014-03-03 02:15:19Z tacttime_calcular_PMDT0ARRAY0A-PHOTO0AEXP End Program Start
2014-03-03 02:15:19Z tacttime_calcular_PMDT0ARRAY0A-PHOTO0AEXP End Program END 

Create log file
2014-03-03 02:15:28Z tacttime_calcular_mode_data Start Program Start
2014-03-03 02:15:28Z tacttime_calcular_mode_data Start Program END 

Create log file
2014-03-03 02:15:29Z tacttime_calcular_PMDT0ARRAY0A-PHOTO0AEXP End Program Start
2014-03-03 02:15:29Z tacttime_calcular_PMDT0ARRAY0A-PHOTO0AEXP End Program END 

Create log file
2014-03-03 02:15:33Z tacttime_calcular_mode_data Start Program Start
2014-03-03 02:15:33Z tacttime_calcular_mode_data Start Program END 

Create log file
2014-03-03 02:15:33Z tacttime_calcular_PMDT0ARRAY0A-PHOTO0AEXP End Program Start
2014-03-03 02:15:33Z tacttime_calcular_PMDT0ARRAY0A-PHOTO0AEXP End Program END 

Create log file
2014-03-03 02:15:42Z tacttime_calcular_mode_data Start Program Start
2014-03-03 02:15:42Z tacttime_calcular_mode_data Start Program END 

Create log file
2014-03-03 02:15:42Z tacttime_calcular_PMDT0ARRAY0A-PHOTO0AEXP End Program Start
2014-03-03 02:15:42Z tacttime_calcular_PMDT0ARRAY0A-PHOTO0AEXP End Program END 

Create log file
2014-03-03 02:15:54Z tacttime_calcular_mode_data Start Program Start
2014-03-03 02:15:54Z tacttime_calcular_mode_data Start Program END 

Create log file
2014-03-03 02:15:54Z tacttime_calcular_PMDT0ARRAY0A-PHOTO0AEXP End Program Start
2014-03-03 02:15:54Z tacttime_calcular_PMDT0ARRAY0A-PHOTO0AEXP End Program END 

Create log file
2014-03-03 02:15:55Z tacttime_calcular_mode_data Start Program Start
2014-03-03 02:15:55Z tacttime_calcular_mode_data Start Program END 

Create log file
2014-03-03 02:15:55Z tacttime_calcular_PMDT0ARRAY0A-PHOTO0AEXP End Program Start
2014-03-03 02:15:55Z tacttime_calcular_PMDT0ARRAY0A-PHOTO0AEXP End Program END 

Create log file
2014-03-03 02:16:25Z tacttime_calcular_mode_data Start Program Start
2014-03-03 02:16:25Z tacttime_calcular_mode_data Start Program END 

Create log file
2014-03-03 02:16:25Z tacttime_calcular_PMDT0ARRAY0A-PHOTO0AEXP End Program Start
2014-03-03 02:16:25Z tacttime_calcular_PMDT0ARRAY0A-PHOTO0AEXP End Program END 

Create log file
2014-03-03 02:16:40Z tacttime_calcular_mode_data Start Program Start
2014-03-03 02:16:40Z tacttime_calcular_mode_data Start Program END 

Create log file
2014-03-03 02:16:40Z tacttime_calcular_PMDT0ARRAY0A-PHOTO0AEXP End Program Start
2014-03-03 02:16:40Z tacttime_calcular_PMDT0ARRAY0A-PHOTO0AEXP End Program END 

Create log file
2014-03-03 02:16:41Z tacttime_calcular_mode_data Start Program Start
2014-03-03 02:16:41Z tacttime_calcular_mode_data Start Program END 

Create log file
2014-03-03 02:16:41Z tacttime_calcular_PMDT0ARRAY0A-PHOTO0AEXP End Program Start
2014-03-03 02:16:41Z tacttime_calcular_PMDT0ARRAY0A-PHOTO0AEXP End Program END 

Create log file
2014-03-03 02:16:42Z PP Tacttime  calcular_mode_data_T0ARRAY_0A-PHOTO_0AEXP0.95 start  Program Start
2014-03-03 02:16:42Z PP Tacttime  calcular_mode_data_T0ARRAY_0A-PHOTO_0AEXP0.95 start  Program END 

Create log file
2014-03-03 02:16:46Z PP Tacttime  calcular_mode_data_T0ARRAY_0A-PHOTO_0AEXP0.95 End  Program Start
2014-03-03 02:16:46Z PP Tacttime  calcular_mode_data_T0ARRAY_0A-PHOTO_0AEXP0.95 End  Program END 

Create log file
2014-03-03 02:17:18Z tacttime_calcular_mode_data Start Program Start
2014-03-03 02:17:18Z tacttime_calcular_mode_data Start Program END 

Create log file
2014-03-03 02:17:19Z tacttime_calcular_PMDT0ARRAY0A-PHOTO0ADEV End Program Start
2014-03-03 02:17:19Z tacttime_calcular_PMDT0ARRAY0A-PHOTO0ADEV End Program END 

Create log file
2014-03-03 02:17:32Z tacttime_calcular_mode_data Start Program Start
2014-03-03 02:17:32Z tacttime_calcular_mode_data Start Program END 

Create log file
2014-03-03 02:17:34Z tacttime_calcular_PMDT0ARRAY0A-PHOTO0ADEV End Program Start
2014-03-03 02:17:34Z tacttime_calcular_PMDT0ARRAY0A-PHOTO0ADEV End Program END 

Create log file
2014-03-03 02:17:49Z tacttime_calcular_mode_data Start Program Start
2014-03-03 02:17:49Z tacttime_calcular_mode_data Start Program END 

Create log file
2014-03-03 02:17:50Z tacttime_calcular_PMDT0ARRAY0A-PHOTO0ADEV End Program Start
2014-03-03 02:17:50Z tacttime_calcular_PMDT0ARRAY0A-PHOTO0ADEV End Program END 

Create log file
2014-03-03 02:17:51Z tacttime_calcular_mode_data Start Program Start
2014-03-03 02:17:51Z tacttime_calcular_mode_data Start Program END 

Create log file
2014-03-03 02:17:51Z tacttime_calcular_PMDT0ARRAY0A-PHOTO0ADEV End Program Start
2014-03-03 02:17:51Z tacttime_calcular_PMDT0ARRAY0A-PHOTO0ADEV End Program END 

Create log file
2014-03-03 02:18:02Z tacttime_calcular_mode_data Start Program Start
2014-03-03 02:18:02Z tacttime_calcular_mode_data Start Program END 

Create log file
2014-03-03 02:18:02Z tacttime_calcular_PMDT0ARRAY0A-PHOTO0ADEV End Program Start
2014-03-03 02:18:02Z tacttime_calcular_PMDT0ARRAY0A-PHOTO0ADEV End Program END 

Create log file
2014-03-03 02:18:03Z tacttime_calcular_mode_data Start Program Start
2014-03-03 02:18:03Z tacttime_calcular_mode_data Start Program END 

Create log file
2014-03-03 02:18:03Z tacttime_calcular_PMDT0ARRAY0A-PHOTO0ADEV End Program Start
2014-03-03 02:18:03Z tacttime_calcular_PMDT0ARRAY0A-PHOTO0ADEV End Program END 

Create log file
2014-03-03 02:18:04Z tacttime_calcular_mode_data Start Program Start
2014-03-03 02:18:04Z tacttime_calcular_mode_data Start Program END 

Create log file
2014-03-03 02:18:04Z tacttime_calcular_PMDT0ARRAY0A-PHOTO0ADEV End Program Start
2014-03-03 02:18:04Z tacttime_calcular_PMDT0ARRAY0A-PHOTO0ADEV End Program END 

Create log file
2014-03-03 02:18:22Z tacttime_calcular_mode_data Start Program Start
2014-03-03 02:18:22Z tacttime_calcular_mode_data Start Program END 

Create log file
2014-03-03 02:18:23Z tacttime_calcular_PMDT0ARRAY0A-PHOTO0ADEV End Program Start
2014-03-03 02:18:23Z tacttime_calcular_PMDT0ARRAY0A-PHOTO0ADEV End Program END 

Create log file
2014-03-03 02:18:33Z tacttime_calcular_mode_data Start Program Start
2014-03-03 02:18:33Z tacttime_calcular_mode_data Start Program END 

Create log file
2014-03-03 02:18:34Z tacttime_calcular_PMDT0ARRAY0A-PHOTO0ADEV End Program Start
2014-03-03 02:18:34Z tacttime_calcular_PMDT0ARRAY0A-PHOTO0ADEV End Program END 

Create log file
2014-03-03 02:18:54Z tacttime_calcular_mode_data Start Program Start
2014-03-03 02:18:54Z tacttime_calcular_mode_data Start Program END 

Create log file
2014-03-03 02:18:55Z tacttime_calcular_PMDT0ARRAY0A-PHOTO0ADEV End Program Start
2014-03-03 02:18:55Z tacttime_calcular_PMDT0ARRAY0A-PHOTO0ADEV End Program END 

Create log file
2014-03-03 02:19:06Z tacttime_calcular_mode_data Start Program Start
2014-03-03 02:19:06Z tacttime_calcular_mode_data Start Program END 

Create log file
2014-03-03 02:19:07Z tacttime_calcular_PMDT0ARRAY0A-PHOTO0ADEV End Program Start
2014-03-03 02:19:07Z tacttime_calcular_PMDT0ARRAY0A-PHOTO0ADEV End Program END 

Create log file
2014-03-03 02:19:16Z tacttime_calcular_mode_data Start Program Start
2014-03-03 02:19:16Z tacttime_calcular_mode_data Start Program END 

Create log file
2014-03-03 02:19:16Z tacttime_calcular_PMDT0ARRAY0A-PHOTO0ADEV End Program Start
2014-03-03 02:19:16Z tacttime_calcular_PMDT0ARRAY0A-PHOTO0ADEV End Program END 

Create log file
2014-03-03 02:19:45Z tacttime_calcular_mode_data Start Program Start
2014-03-03 02:19:45Z tacttime_calcular_mode_data Start Program END 

Create log file
2014-03-03 02:19:46Z tacttime_calcular_PMDT0ARRAY0A-PHOTO0ADEV End Program Start
2014-03-03 02:19:46Z tacttime_calcular_PMDT0ARRAY0A-PHOTO0ADEV End Program END 

Create log file
2014-03-03 02:19:47Z tacttime_calcular_mode_data Start Program Start
2014-03-03 02:19:47Z tacttime_calcular_mode_data Start Program END 

Create log file
2014-03-03 02:19:47Z tacttime_calcular_PMDT0ARRAY0A-PHOTO0ADEV End Program Start
2014-03-03 02:19:47Z tacttime_calcular_PMDT0ARRAY0A-PHOTO0ADEV End Program END 

Create log file
2014-03-03 02:20:31Z tacttime_calcular_mode_data Start Program Start
2014-03-03 02:20:31Z tacttime_calcular_mode_data Start Program END 

Create log file
2014-03-03 02:20:33Z tacttime_calcular_PMDT0ARRAY0A-PHOTO0ADEV End Program Start
2014-03-03 02:20:33Z tacttime_calcular_PMDT0ARRAY0A-PHOTO0ADEV End Program END 

Create log file
2014-03-03 02:20:42Z tacttime_calcular_mode_data Start Program Start
2014-03-03 02:20:42Z tacttime_calcular_mode_data Start Program END 

Create log file
2014-03-03 02:20:43Z tacttime_calcular_PMDT0ARRAY0A-PHOTO0ADEV End Program Start
2014-03-03 02:20:43Z tacttime_calcular_PMDT0ARRAY0A-PHOTO0ADEV End Program END 

Create log file
2014-03-03 02:21:05Z tacttime_calcular_mode_data Start Program Start
2014-03-03 02:21:05Z tacttime_calcular_mode_data Start Program END 

Create log file
2014-03-03 02:21:06Z tacttime_calcular_PMDT0ARRAY0A-PHOTO0ADEV End Program Start
2014-03-03 02:21:06Z tacttime_calcular_PMDT0ARRAY0A-PHOTO0ADEV End Program END 

Create log file
2014-03-03 02:21:07Z tacttime_calcular_mode_data Start Program Start
2014-03-03 02:21:07Z tacttime_calcular_mode_data Start Program END 

Create log file
2014-03-03 02:21:07Z tacttime_calcular_PMDT0ARRAY0A-PHOTO0ADEV End Program Start
2014-03-03 02:21:07Z tacttime_calcular_PMDT0ARRAY0A-PHOTO0ADEV End Program END 

Create log file
2014-03-03 02:21:09Z tacttime_calcular_mode_data Start Program Start
2014-03-03 02:21:09Z tacttime_calcular_mode_data Start Program END 

Create log file
2014-03-03 02:21:09Z tacttime_calcular_PMDT0ARRAY0A-PHOTO0ADEV End Program Start
2014-03-03 02:21:09Z tacttime_calcular_PMDT0ARRAY0A-PHOTO0ADEV End Program END 

Create log file
2014-03-03 02:21:29Z tacttime_calcular_mode_data Start Program Start
2014-03-03 02:21:29Z tacttime_calcular_mode_data Start Program END 

Create log file
2014-03-03 02:21:30Z tacttime_calcular_PMDT0ARRAY0A-PHOTO0ADEV End Program Start
2014-03-03 02:21:30Z tacttime_calcular_PMDT0ARRAY0A-PHOTO0ADEV End Program END 

Create log file
2014-03-03 02:21:31Z tacttime_calcular_mode_data Start Program Start
2014-03-03 02:21:31Z tacttime_calcular_mode_data Start Program END 

Create log file
2014-03-03 02:21:31Z tacttime_calcular_PMDT0ARRAY0A-PHOTO0ADEV End Program Start
2014-03-03 02:21:31Z tacttime_calcular_PMDT0ARRAY0A-PHOTO0ADEV End Program END 

Create log file
2014-03-03 02:21:33Z tacttime_calcular_mode_data Start Program Start
2014-03-03 02:21:33Z tacttime_calcular_mode_data Start Program END 

Create log file
2014-03-03 02:21:34Z tacttime_calcular_PMDT0ARRAY0A-PHOTO0ADEV End Program Start
2014-03-03 02:21:34Z tacttime_calcular_PMDT0ARRAY0A-PHOTO0ADEV End Program END 

Create log file
2014-03-03 02:21:34Z PP Tacttime  calcular_mode_data_T0ARRAY_0A-PHOTO_0ADEV0.95 start  Program Start
2014-03-03 02:21:34Z PP Tacttime  calcular_mode_data_T0ARRAY_0A-PHOTO_0ADEV0.95 start  Program END 

Create log file
2014-03-03 02:21:39Z PP Tacttime  calcular_mode_data_T0ARRAY_0A-PHOTO_0ADEV0.95 End  Program Start
2014-03-03 02:21:39Z PP Tacttime  calcular_mode_data_T0ARRAY_0A-PHOTO_0ADEV0.95 End  Program END 

Create log file
2014-03-03 03:00:27Z tacttime_calcular_mode_data Start Program Start
2014-03-03 03:00:27Z tacttime_calcular_mode_data Start Program END 

Create log file
2014-03-03 03:00:29Z tacttime_calcular_PMDT0ARRAY0A-TF0AANO End Program Start
2014-03-03 03:00:29Z tacttime_calcular_PMDT0ARRAY0A-TF0AANO End Program END 

Create log file
2014-03-03 03:00:29Z PP Tacttime  calcular_mode_data_T0ARRAY_0A-TF_0AANO0.95 start  Program Start
2014-03-03 03:00:29Z PP Tacttime  calcular_mode_data_T0ARRAY_0A-TF_0AANO0.95 start  Program END 

Create log file
2014-03-03 03:00:29Z PP Tacttime  calcular_mode_data_T0ARRAY_0A-TF_0AANO0.95 End  Program Start
2014-03-03 03:00:29Z PP Tacttime  calcular_mode_data_T0ARRAY_0A-TF_0AANO0.95 End  Program END 

Create log file
2014-03-03 03:01:12Z tacttime_calcular_mode_data Start Program Start
2014-03-03 03:01:12Z tacttime_calcular_mode_data Start Program END 

Create log file
2014-03-03 03:01:14Z tacttime_calcular_PMDT0ARRAY0A-TF0ACVD End Program Start
2014-03-03 03:01:14Z tacttime_calcular_PMDT0ARRAY0A-TF0ACVD End Program END 

Create log file
2014-03-03 03:01:25Z tacttime_calcular_mode_data Start Program Start
2014-03-03 03:01:25Z tacttime_calcular_mode_data Start Program END 

Create log file
2014-03-03 03:01:27Z tacttime_calcular_PMDT0ARRAY0A-TF0ACVD End Program Start
2014-03-03 03:01:27Z tacttime_calcular_PMDT0ARRAY0A-TF0ACVD End Program END 

Create log file
2014-03-03 03:01:39Z tacttime_calcular_mode_data Start Program Start
2014-03-03 03:01:39Z tacttime_calcular_mode_data Start Program END 

Create log file
2014-03-03 03:01:40Z tacttime_calcular_PMDT0ARRAY0A-TF0ACVD End Program Start
2014-03-03 03:01:40Z tacttime_calcular_PMDT0ARRAY0A-TF0ACVD End Program END 

Create log file
2014-03-03 03:02:06Z tacttime_calcular_mode_data Start Program Start
2014-03-03 03:02:06Z tacttime_calcular_mode_data Start Program END 

Create log file
2014-03-03 03:02:08Z tacttime_calcular_PMDT0ARRAY0A-TF0ACVD End Program Start
2014-03-03 03:02:08Z tacttime_calcular_PMDT0ARRAY0A-TF0ACVD End Program END 

Create log file
2014-03-03 03:02:13Z tacttime_calcular_mode_data Start Program Start
2014-03-03 03:02:13Z tacttime_calcular_mode_data Start Program END 

Create log file
2014-03-03 03:02:14Z tacttime_calcular_PMDT0ARRAY0A-TF0ACVD End Program Start
2014-03-03 03:02:14Z tacttime_calcular_PMDT0ARRAY0A-TF0ACVD End Program END 

Create log file
2014-03-03 03:02:14Z PP Tacttime  calcular_mode_data_T0ARRAY_0A-TF_0ACVD1 start  Program Start
2014-03-03 03:02:14Z PP Tacttime  calcular_mode_data_T0ARRAY_0A-TF_0ACVD1 start  Program END 

Create log file
2014-03-03 03:02:22Z PP Tacttime  calcular_mode_data_T0ARRAY_0A-TF_0ACVD1 End  Program Start
2014-03-03 03:02:22Z PP Tacttime  calcular_mode_data_T0ARRAY_0A-TF_0ACVD1 End  Program END 

Create log file
2014-03-03 03:02:35Z tacttime_calcular_mode_data Start Program Start
2014-03-03 03:02:35Z tacttime_calcular_mode_data Start Program END 

Create log file
2014-03-03 03:02:36Z tacttime_calcular_PMDT0ARRAY0A-PHOTO0AORO End Program Start
2014-03-03 03:02:36Z tacttime_calcular_PMDT0ARRAY0A-PHOTO0AORO End Program END 

Create log file
2014-03-03 03:03:04Z tacttime_calcular_mode_data Start Program Start
2014-03-03 03:03:04Z tacttime_calcular_mode_data Start Program END 

Create log file
2014-03-03 03:03:07Z tacttime_calcular_PMDT0ARRAY0A-PHOTO0AORO End Program Start
2014-03-03 03:03:07Z tacttime_calcular_PMDT0ARRAY0A-PHOTO0AORO End Program END 

Create log file
2014-03-03 03:03:08Z tacttime_calcular_mode_data Start Program Start
2014-03-03 03:03:08Z tacttime_calcular_mode_data Start Program END 

Create log file
2014-03-03 03:03:08Z tacttime_calcular_PMDT0ARRAY0A-PHOTO0AORO End Program Start
2014-03-03 03:03:08Z tacttime_calcular_PMDT0ARRAY0A-PHOTO0AORO End Program END 

Create log file
2014-03-03 03:03:09Z tacttime_calcular_mode_data Start Program Start
2014-03-03 03:03:09Z tacttime_calcular_mode_data Start Program END 

Create log file
2014-03-03 03:03:10Z tacttime_calcular_PMDT0ARRAY0A-PHOTO0AORO End Program Start
2014-03-03 03:03:10Z tacttime_calcular_PMDT0ARRAY0A-PHOTO0AORO End Program END 

Create log file
2014-03-03 03:03:19Z tacttime_calcular_mode_data Start Program Start
2014-03-03 03:03:19Z tacttime_calcular_mode_data Start Program END 

Create log file
2014-03-03 03:03:20Z tacttime_calcular_PMDT0ARRAY0A-PHOTO0AORO End Program Start
2014-03-03 03:03:20Z tacttime_calcular_PMDT0ARRAY0A-PHOTO0AORO End Program END 

Create log file
2014-03-03 03:03:21Z tacttime_calcular_mode_data Start Program Start
2014-03-03 03:03:21Z tacttime_calcular_mode_data Start Program END 

Create log file
2014-03-03 03:03:21Z tacttime_calcular_PMDT0ARRAY0A-PHOTO0AORO End Program Start
2014-03-03 03:03:21Z tacttime_calcular_PMDT0ARRAY0A-PHOTO0AORO End Program END 

Create log file
2014-03-03 03:03:31Z tacttime_calcular_mode_data Start Program Start
2014-03-03 03:03:31Z tacttime_calcular_mode_data Start Program END 

Create log file
2014-03-03 03:03:38Z tacttime_calcular_PMDT0ARRAY0A-PHOTO0AORO End Program Start
2014-03-03 03:03:38Z tacttime_calcular_PMDT0ARRAY0A-PHOTO0AORO End Program END 

Create log file
2014-03-03 03:03:39Z tacttime_calcular_mode_data Start Program Start
2014-03-03 03:03:39Z tacttime_calcular_mode_data Start Program END 

Create log file
2014-03-03 03:03:39Z tacttime_calcular_PMDT0ARRAY0A-PHOTO0AORO End Program Start
2014-03-03 03:03:39Z tacttime_calcular_PMDT0ARRAY0A-PHOTO0AORO End Program END 

Create log file
2014-03-03 03:03:44Z tacttime_calcular_mode_data Start Program Start
2014-03-03 03:03:44Z tacttime_calcular_mode_data Start Program END 

Create log file
2014-03-03 03:03:44Z tacttime_calcular_PMDT0ARRAY0A-PHOTO0AORO End Program Start
2014-03-03 03:03:44Z tacttime_calcular_PMDT0ARRAY0A-PHOTO0AORO End Program END 

Create log file
2014-03-03 03:03:44Z PP Tacttime  calcular_mode_data_T0ARRAY_0A-PHOTO_0AORO0.95 start  Program Start
2014-03-03 03:03:44Z PP Tacttime  calcular_mode_data_T0ARRAY_0A-PHOTO_0AORO0.95 start  Program END 

Create log file
2014-03-03 03:03:49Z PP Tacttime  calcular_mode_data_T0ARRAY_0A-PHOTO_0AORO0.95 End  Program Start
2014-03-03 03:03:49Z PP Tacttime  calcular_mode_data_T0ARRAY_0A-PHOTO_0AORO0.95 End  Program END 

Create log file
2014-03-03 03:04:06Z tacttime_calcular_mode_data Start Program Start
2014-03-03 03:04:06Z tacttime_calcular_mode_data Start Program END 

Create log file
2014-03-03 03:04:07Z tacttime_calcular_PMDT0ARRAY0A-ETCH0ADET End Program Start
2014-03-03 03:04:07Z tacttime_calcular_PMDT0ARRAY0A-ETCH0ADET End Program END 

Create log file
2014-03-03 03:04:16Z tacttime_calcular_mode_data Start Program Start
2014-03-03 03:04:16Z tacttime_calcular_mode_data Start Program END 

Create log file
2014-03-03 03:04:16Z tacttime_calcular_PMDT0ARRAY0A-ETCH0ADET End Program Start
2014-03-03 03:04:16Z tacttime_calcular_PMDT0ARRAY0A-ETCH0ADET End Program END 

Create log file
2014-03-03 03:04:23Z tacttime_calcular_mode_data Start Program Start
2014-03-03 03:04:23Z tacttime_calcular_mode_data Start Program END 

Create log file
2014-03-03 03:04:23Z tacttime_calcular_PMDT0ARRAY0A-ETCH0ADET End Program Start
2014-03-03 03:04:23Z tacttime_calcular_PMDT0ARRAY0A-ETCH0ADET End Program END 

Create log file
2014-03-03 03:04:24Z tacttime_calcular_mode_data Start Program Start
2014-03-03 03:04:24Z tacttime_calcular_mode_data Start Program END 

Create log file
2014-03-03 03:04:24Z tacttime_calcular_PMDT0ARRAY0A-ETCH0ADET End Program Start
2014-03-03 03:04:24Z tacttime_calcular_PMDT0ARRAY0A-ETCH0ADET End Program END 

Create log file
2014-03-03 03:04:50Z tacttime_calcular_mode_data Start Program Start
2014-03-03 03:04:50Z tacttime_calcular_mode_data Start Program END 

Create log file
2014-03-03 03:04:50Z tacttime_calcular_PMDT0ARRAY0A-ETCH0ADET End Program Start
2014-03-03 03:04:50Z tacttime_calcular_PMDT0ARRAY0A-ETCH0ADET End Program END 

Create log file
2014-03-03 03:04:58Z tacttime_calcular_mode_data Start Program Start
2014-03-03 03:04:58Z tacttime_calcular_mode_data Start Program END 

Create log file
2014-03-03 03:04:58Z tacttime_calcular_PMDT0ARRAY0A-ETCH0ADET End Program Start
2014-03-03 03:04:58Z tacttime_calcular_PMDT0ARRAY0A-ETCH0ADET End Program END 

Create log file
2014-03-03 03:05:04Z tacttime_calcular_mode_data Start Program Start
2014-03-03 03:05:04Z tacttime_calcular_mode_data Start Program END 

Create log file
2014-03-03 03:05:04Z tacttime_calcular_PMDT0ARRAY0A-ETCH0ADET End Program Start
2014-03-03 03:05:04Z tacttime_calcular_PMDT0ARRAY0A-ETCH0ADET End Program END 

Create log file
2014-03-03 03:05:49Z tacttime_calcular_mode_data Start Program Start
2014-03-03 03:05:49Z tacttime_calcular_mode_data Start Program END 

Create log file
2014-03-03 03:05:52Z tacttime_calcular_PMDT0ARRAY0A-ETCH0ADET End Program Start
2014-03-03 03:05:52Z tacttime_calcular_PMDT0ARRAY0A-ETCH0ADET End Program END 

Create log file
2014-03-03 03:06:02Z tacttime_calcular_mode_data Start Program Start
2014-03-03 03:06:02Z tacttime_calcular_mode_data Start Program END 

Create log file
2014-03-03 03:06:02Z tacttime_calcular_PMDT0ARRAY0A-ETCH0ADET End Program Start
2014-03-03 03:06:02Z tacttime_calcular_PMDT0ARRAY0A-ETCH0ADET End Program END 

Create log file
2014-03-03 03:06:26Z tacttime_calcular_mode_data Start Program Start
2014-03-03 03:06:26Z tacttime_calcular_mode_data Start Program END 

Create log file
2014-03-03 03:06:26Z tacttime_calcular_PMDT0ARRAY0A-ETCH0ADET End Program Start
2014-03-03 03:06:26Z tacttime_calcular_PMDT0ARRAY0A-ETCH0ADET End Program END 

Create log file
2014-03-03 03:06:33Z tacttime_calcular_mode_data Start Program Start
2014-03-03 03:06:33Z tacttime_calcular_mode_data Start Program END 

Create log file
2014-03-03 03:06:33Z tacttime_calcular_PMDT0ARRAY0A-ETCH0ADET End Program Start
2014-03-03 03:06:33Z tacttime_calcular_PMDT0ARRAY0A-ETCH0ADET End Program END 

Create log file
2014-03-03 03:07:12Z tacttime_calcular_mode_data Start Program Start
2014-03-03 03:07:12Z tacttime_calcular_mode_data Start Program END 

Create log file
2014-03-03 03:07:13Z tacttime_calcular_PMDT0ARRAY0A-ETCH0ADET End Program Start
2014-03-03 03:07:13Z tacttime_calcular_PMDT0ARRAY0A-ETCH0ADET End Program END 

Create log file
2014-03-03 03:07:17Z tacttime_calcular_mode_data Start Program Start
2014-03-03 03:07:17Z tacttime_calcular_mode_data Start Program END 

Create log file
2014-03-03 03:07:17Z tacttime_calcular_PMDT0ARRAY0A-ETCH0ADET End Program Start
2014-03-03 03:07:17Z tacttime_calcular_PMDT0ARRAY0A-ETCH0ADET End Program END 

Create log file
2014-03-03 03:07:27Z tacttime_calcular_mode_data Start Program Start
2014-03-03 03:07:27Z tacttime_calcular_mode_data Start Program END 

Create log file
2014-03-03 03:07:28Z tacttime_calcular_PMDT0ARRAY0A-ETCH0ADET End Program Start
2014-03-03 03:07:28Z tacttime_calcular_PMDT0ARRAY0A-ETCH0ADET End Program END 

Create log file
2014-03-03 03:07:28Z PP Tacttime  calcular_mode_data_T0ARRAY_0A-ETCH_0ADET0.95 start  Program Start
2014-03-03 03:07:28Z PP Tacttime  calcular_mode_data_T0ARRAY_0A-ETCH_0ADET0.95 start  Program END 

Create log file
2014-03-03 03:07:31Z PP Tacttime  calcular_mode_data_T0ARRAY_0A-ETCH_0ADET0.95 End  Program Start
2014-03-03 03:07:31Z PP Tacttime  calcular_mode_data_T0ARRAY_0A-ETCH_0ADET0.95 End  Program END 

Create log file
2014-03-03 04:00:29Z tacttime_calcular_mode_data Start Program Start
2014-03-03 04:00:29Z tacttime_calcular_mode_data Start Program END 

Create log file
2014-03-03 04:00:32Z tacttime_calcular_PMDT0ARRAY0A-TDTEST0ATES End Program Start
2014-03-03 04:00:32Z tacttime_calcular_PMDT0ARRAY0A-TDTEST0ATES End Program END 

Create log file
2014-03-03 04:00:32Z PP Tacttime  calcular_mode_data_T0ARRAY_0A-TDTEST_0ATES0.95 start  Program Start
2014-03-03 04:00:32Z PP Tacttime  calcular_mode_data_T0ARRAY_0A-TDTEST_0ATES0.95 start  Program END 

Create log file
2014-03-03 04:00:33Z PP Tacttime  calcular_mode_data_T0ARRAY_0A-TDTEST_0ATES0.95 End  Program Start
2014-03-03 04:00:33Z PP Tacttime  calcular_mode_data_T0ARRAY_0A-TDTEST_0ATES0.95 End  Program END 

Create log file
2014-03-03 04:00:52Z tacttime_calcular_mode_data Start Program Start
2014-03-03 04:00:52Z tacttime_calcular_mode_data Start Program END 

Create log file
2014-03-03 04:00:55Z tacttime_calcular_PMDT0ARRAY0A-TDTEST0ALSR End Program Start
2014-03-03 04:00:55Z tacttime_calcular_PMDT0ARRAY0A-TDTEST0ALSR End Program END 

Create log file
2014-03-03 04:01:02Z tacttime_calcular_mode_data Start Program Start
2014-03-03 04:01:02Z tacttime_calcular_mode_data Start Program END 

Create log file
2014-03-03 04:01:06Z tacttime_calcular_PMDT0ARRAY0A-TDTEST0ALSR End Program Start
2014-03-03 04:01:06Z tacttime_calcular_PMDT0ARRAY0A-TDTEST0ALSR End Program END 

Create log file
2014-03-03 04:01:06Z PP Tacttime  calcular_mode_data_T0ARRAY_0A-TDTEST_0ALSR0.95 start  Program Start
2014-03-03 04:01:06Z PP Tacttime  calcular_mode_data_T0ARRAY_0A-TDTEST_0ALSR0.95 start  Program END 

Create log file
2014-03-03 04:01:12Z PP Tacttime  calcular_mode_data_T0ARRAY_0A-TDTEST_0ALSR0.95 End  Program Start
2014-03-03 04:01:12Z PP Tacttime  calcular_mode_data_T0ARRAY_0A-TDTEST_0ALSR0.95 End  Program END 

